[2015.10.12-19.21.49:009][  0]Log file open, 10/12/15 15:21:49
[2015.10.12-19.21.49:009][  0]LogInit:Display: Running engine for game: GDDHorrorGame
[2015.10.12-19.21.49:009][  0]LogInit:Display: RandInit(-1684614281) SRandInit(-1684614281).
[2015.10.12-19.21.49:009][  0]LogTaskGraph: Started task graph with 4 named threads and 7 total threads.
[2015.10.12-19.21.49:009][  0]LogStats: Stats thread started at 0.193091
[2015.10.12-19.21.49:009][  0]LogInit: Version: 4.9.2-2707645+++depot+UE4-Releases+4.9
[2015.10.12-19.21.49:009][  0]LogInit: API Version: 2672455
[2015.10.12-19.21.49:009][  0]LogInit: Compiled (64-bit): Sep 28 2015 10:25:44
[2015.10.12-19.21.49:009][  0]LogInit: Compiled with Visual C++: 18.00.21005.01
[2015.10.12-19.21.49:009][  0]LogInit: Build Configuration: Development
[2015.10.12-19.21.49:009][  0]LogInit: Branch Name: ++depot+UE4-Releases+4.9
[2015.10.12-19.21.49:009][  0]LogInit: Command line:  
[2015.10.12-19.21.49:009][  0]LogInit: Base directory: C:/Program Files/Epic Games/4.9/Engine/Binaries/Win64/
[2015.10.12-19.21.49:009][  0]LogInit: Rocket: 1
[2015.10.12-19.21.49:020][  0]LogInit: Using libcurl 7.41.0
[2015.10.12-19.21.49:020][  0]LogInit:  - built for x86_64-pc-win32
[2015.10.12-19.21.49:020][  0]LogInit:  - supports SSL with WinSSL
[2015.10.12-19.21.49:020][  0]LogInit:  - other features:
[2015.10.12-19.21.49:020][  0]LogInit:      CURL_VERSION_SSL
[2015.10.12-19.21.49:020][  0]LogInit:      CURL_VERSION_IPV6
[2015.10.12-19.21.49:020][  0]LogInit:      CURL_VERSION_ASYNCHDNS
[2015.10.12-19.21.49:020][  0]LogInit:      CURL_VERSION_LARGEFILE
[2015.10.12-19.21.49:020][  0]LogInit:      CURL_VERSION_IDN
[2015.10.12-19.21.49:020][  0]LogInit:  CurlRequestOptions (configurable via config and command line):
[2015.10.12-19.21.49:020][  0]LogInit:  - bVerifyPeer = true  - Libcurl will verify peer certificate
[2015.10.12-19.21.49:020][  0]LogInit:  - bUseHttpProxy = false  - Libcurl will NOT use HTTP proxy
[2015.10.12-19.21.49:020][  0]LogInit:  - bDontReuseConnections = false  - Libcurl will reuse connections
[2015.10.12-19.21.49:020][  0]LogInit:  - CertBundlePath = nullptr  - Libcurl will use whatever was configured at build time.
[2015.10.12-19.21.49:028][  0]LogInit: Presizing for 0 objects not considered by GC, pre-allocating 0 bytes.
[2015.10.12-19.21.49:034][  0]LogInit: Object subsystem initialized
[2015.10.12-19.21.49:036][  0]LogInit: Selected Device Profile: [Windows]
[2015.10.12-19.21.49:036][  0]LogInit: Applying CVar settings loaded from the selected device profile: [Windows]
[2015.10.12-19.21.49:074][  0]LogInit: Computer: LAUREN-PC
[2015.10.12-19.21.49:074][  0]LogInit: User: Lauren
[2015.10.12-19.21.49:074][  0]LogInit: CPU Page size=4096, Cores=4
[2015.10.12-19.21.49:074][  0]LogInit: High frequency timer resolution =2.338369 MHz
[2015.10.12-19.21.49:074][  0]LogMemory: Memory total: Physical=7.9GB (8GB approx)
[2015.10.12-19.21.49:074][  0]LogMemory: Platform Memory Stats for Windows
[2015.10.12-19.21.49:074][  0]LogMemory: Process Physical Memory: 55.29 MB used, 55.29 MB peak
[2015.10.12-19.21.49:074][  0]LogMemory: Process Virtual Memory: 57.63 MB used, 57.63 MB peak
[2015.10.12-19.21.49:074][  0]LogMemory: Physical Memory: 6443.55 MB used, 8079.30 MB total
[2015.10.12-19.21.49:074][  0]LogMemory: Virtual Memory: 338.38 MB used, 8388608.00 MB total
[2015.10.12-19.21.49:119][  0]LogTextLocalizationManager: No specific translations for ('en-US') exist, so ('en') translations will be used.
[2015.10.12-19.21.49:951][  0]LogD3D11RHI: Found D3D11 adapter 0: NVIDIA GeForce GTX 770M (Feature Level 11_0)
[2015.10.12-19.21.49:951][  0]LogD3D11RHI: Adapter has 3009MB of dedicated video memory, 0MB of dedicated system memory, and 3783MB of shared system memory, 1 output[s]
[2015.10.12-19.21.49:974][  0]LogD3D11RHI: Found D3D11 adapter 1: NVIDIA GeForce GTX 770M (Feature Level 11_0)
[2015.10.12-19.21.49:974][  0]LogD3D11RHI: Adapter has 3009MB of dedicated video memory, 0MB of dedicated system memory, and 3783MB of shared system memory, 0 output[s]
[2015.10.12-19.21.49:974][  0]LogD3D11RHI: Chosen D3D11 Adapter Id = 0
[2015.10.12-19.21.49:981][  0]LogD3D11RHI: !Direct3DDevice
[2015.10.12-19.21.49:981][  0]LogRHI: Texture pool is 1361 MB (70% of 1945 MB)
[2015.10.12-19.21.50:002][  0]LogD3D11RHI: Async texture creation enabled
[2015.10.12-19.21.50:017][  0]LogShaderCompilers: Guid format shader working directory is 15 characters bigger than the processId version (../../../../../../Users/Lauren/Documents/GitHub/DigitalHorrorGame/GDDHorrorGame/Intermediate/Shaders/WorkingDirectory/8356/).
[2015.10.12-19.21.50:017][  0]LogShaderCompilers: Cleaned the shader compiler working directory '../../../../../../Users/Lauren/Documents/GitHub/DigitalHorrorGame/GDDHorrorGame/Intermediate/Shaders/tmp/6F0B77BF421964C818E8889442D2860E/'.
[2015.10.12-19.21.50:017][  0]LogShaderCompilers:Display: Using Local Shader Compiler.
[2015.10.12-19.21.51:838][  0]LogTemp:Display: Loaded TP AllDesktopTargetPlatform
[2015.10.12-19.21.51:844][  0]LogTemp:Display: Loaded TP WindowsClientTargetPlatform
[2015.10.12-19.21.51:849][  0]LogTemp:Display: Loaded TP WindowsNoEditorTargetPlatform
[2015.10.12-19.21.51:856][  0]LogTemp:Display: Loaded TP WindowsServerTargetPlatform
[2015.10.12-19.21.51:864][  0]LogTemp:Display: Loaded TP WindowsTargetPlatform
[2015.10.12-19.21.51:868][  0]LogTemp:Display: Loaded TP AndroidTargetPlatform
[2015.10.12-19.21.51:872][  0]LogTemp:Display: Loaded TP Android_ASTCTargetPlatform
[2015.10.12-19.21.51:876][  0]LogTemp:Display: Loaded TP Android_ATCTargetPlatform
[2015.10.12-19.21.51:880][  0]LogTemp:Display: Loaded TP Android_DXTTargetPlatform
[2015.10.12-19.21.51:884][  0]LogTemp:Display: Loaded TP Android_ETC1TargetPlatform
[2015.10.12-19.21.51:889][  0]LogTemp:Display: Loaded TP Android_ETC2TargetPlatform
[2015.10.12-19.21.51:895][  0]LogTemp:Display: Loaded TP Android_PVRTCTargetPlatform
[2015.10.12-19.21.51:896][  0]LogTemp:Display: Loaded TP HTML5TargetPlatform
[2015.10.12-19.21.51:915][  0]LogTemp:Display: Loaded TP IOSTargetPlatform
[2015.10.12-19.21.51:919][  0]LogTemp:Display: Loaded TP LinuxNoEditorTargetPlatform
[2015.10.12-19.21.51:924][  0]LogTemp:Display: Loaded TP LinuxServerTargetPlatform
[2015.10.12-19.21.51:928][  0]LogTemp:Display: Loaded TP LinuxTargetPlatform
[2015.10.12-19.21.51:928][  0]LogTargetPlatformManager:Display: Building Assets For Windows
[2015.10.12-19.21.52:042][  0]LogDerivedDataCache:Display: Max Cache Size: 512 MB
[2015.10.12-19.21.52:098][  0]LogDerivedDataCache: Loaded boot cache 0.06s 57MB C:/Users/Lauren/AppData/Local/UnrealEngine/4.9/DerivedDataCache/Boot.ddc.
[2015.10.12-19.21.52:098][  0]LogDerivedDataCache:Display: Loaded Boot cache: C:/Users/Lauren/AppData/Local/UnrealEngine/4.9/DerivedDataCache/Boot.ddc
[2015.10.12-19.21.52:098][  0]LogDerivedDataCache: FDerivedDataBackendGraph:  Pak pak cache file ../../../../../../Users/Lauren/Documents/GitHub/DigitalHorrorGame/GDDHorrorGame/DerivedDataCache/DDC.ddp not found, will not use a pak cache.
[2015.10.12-19.21.52:098][  0]LogDerivedDataCache: Unable to find inner node Pak for hierarchical cache Hierarchy.
[2015.10.12-19.21.52:098][  0]LogDerivedDataCache: FDerivedDataBackendGraph:  CompressedPak pak cache file ../../../../../../Users/Lauren/Documents/GitHub/DigitalHorrorGame/GDDHorrorGame/DerivedDataCache/Compressed.ddp not found, will not use a pak cache.
[2015.10.12-19.21.52:098][  0]LogDerivedDataCache: Unable to find inner node CompressedPak for hierarchical cache Hierarchy.
[2015.10.12-19.21.52:255][  0]LogDerivedDataCache:Display: Pak cache opened for reading ../../../Engine/DerivedDataCache/Compressed.ddp.
[2015.10.12-19.21.52:268][  0]LogDerivedDataCache: Using Local data cache path C:/Users/Lauren/AppData/Local/UnrealEngine/Common/DerivedDataCache: Writable
[2015.10.12-19.21.52:475][  0]LogInit: Selected Device Profile: [Windows]
[2015.10.12-19.21.52:476][  0]LogContentStreaming: Texture pool size is 0.000000MB
[2015.10.12-19.21.52:507][  0]LogMeshUtilities: No automatic mesh reduction module available
[2015.10.12-19.21.52:507][  0]LogMeshUtilities: No automatic mesh merging module available
[2015.10.12-19.21.52:915][  0]LogInit: WinSock: version 1.1 (2.2), MaxSocks=32767, MaxUdp=65467
[2015.10.12-19.21.53:767][  0]UdpMessaging: Initializing bridge on interface 0.0.0.0:0 to multicast group 230.0.0.1:6666.
[2015.10.12-19.21.53:864][  0]LogAssetRegistry: FAssetRegistry took 0.0095 seconds to start up
[2015.10.12-19.21.54:070][  0]SourceControl: Info Source control is disabled
[2015.10.12-19.21.54:317][  0]LogLinker:Warning: Asset '../../../Engine/Plugins/Runtime/LeapMotionController/Content/LM_PassthroughMaterial.uasset' has been saved with empty engine version. The asset will be loaded but may be incompatible.
[2015.10.12-19.21.54:442][  0]LogObj: 28361 objects as part of root set at end of initial load.
[2015.10.12-19.21.54:442][  0]LogUObjectAllocator: 6038872 out of 0 bytes used by permanent object pool.
[2015.10.12-19.21.54:501][  0]LogEngine: Initializing Engine...
[2015.10.12-19.21.54:504][  0]LogHMD: Can't find Oculus library dev build: is proper Runtime installed? Version: 0.7.0.0
[2015.10.12-19.21.54:504][  0]LogHMD: SteamVR failed to initialize.  Err: 110
[2015.10.12-19.21.54:657][  0]LogAIModule: Creating AISystem for world NewWorld
[2015.10.12-19.21.54:665][  0]LogInit: XAudio2 using 'Speakers (Realtek High Definition Audio)' : 2 channels at 48 kHz using 32 bits per sample (channel mask 0x3)
[2015.10.12-19.21.54:677][  0]LogInit: FAudioDevice initialized.
[2015.10.12-19.21.54:700][  0]LogDerivedDataCache: Saved boot cache 0.02s 37MB C:/Users/Lauren/AppData/Local/UnrealEngine/4.9/DerivedDataCache/Boot.ddc.
[2015.10.12-19.21.54:706][  0]LogInit: Texture streaming: Enabled
[2015.10.12-19.21.54:712][  0]LogAnalytics: Creating configured Analytics provider AnalyticsET
[2015.10.12-19.21.54:712][  0]LogAnalytics: [UEEditor.Rocket.Release] APIServer = http://et2.epicgames.com/ET2/. AppVersion = 4.9.2-2707645+++depot+UE4-Releases+4.9
[2015.10.12-19.21.54:712][  0]LogAnalytics: [UEEditor.Rocket.Release] SetUserId 0dfd459848bd316af10e0286bf53d633|62a07662b49e46228294f7f33306ed31|8f7fcacd-7ea7-4aa9-9d3c-39324467dbc7
[2015.10.12-19.21.54:712][  0]LogAnalytics: [UEEditor.Rocket.Release] AnalyticsET::StartSession
[2015.10.12-19.21.54:736][  0]LogInit: Transaction tracking system initialized
[2015.10.12-19.21.54:772][  0]BlueprintLog: New page: Editor Load
[2015.10.12-19.21.54:865][  0]LocalizationService: Info Localization service is disabled
[2015.10.12-19.21.54:953][  0]LogConsoleResponse:Display: 
[2015.10.12-19.21.55:106][  0]LogCook:Display: Done creating registry. It took  0.00s.
[2015.10.12-19.21.55:189][  0]LogFileCache: Scanning file cache for directory 'C:/Users/Lauren/Documents/GitHub/DigitalHorrorGame/GDDHorrorGame/Content/' took 0.02s
[2015.10.12-19.21.55:189][  0]Cmd: MAP LOAD FILE="../../../../../../Users/Lauren/Documents/GitHub/DigitalHorrorGame/GDDHorrorGame/Content/ThirdPersonBP/Maps/ThirdPersonExampleMap.umap" TEMPLATE=0 SHOWPROGRESS=1 FEATURELEVEL=3
[2015.10.12-19.21.55:189][  0]LightingResults: New page: Lighting Build
[2015.10.12-19.21.55:194][  0]MapCheck: New page: Map Check
[2015.10.12-19.21.55:194][  0]LightingResults: New page: Lighting Build
[2015.10.12-19.21.55:211][  0]LogParticles: Destroying 0 GPU particle simulations for FXSystem 0x0000000024722160
[2015.10.12-19.21.55:350][  0]LogLinker:Warning: Asset '../../../../../../Users/Lauren/Documents/GitHub/DigitalHorrorGame/GDDHorrorGame/Content/Mannequin/Animations/ThirdPerson_AnimBP.uasset' has been saved with empty engine version. The asset will be loaded but may be incompatible.
[2015.10.12-19.21.55:379][  0]LogLinker:Warning: Asset '../../../../../../Users/Lauren/Documents/GitHub/DigitalHorrorGame/GDDHorrorGame/Content/Mannequin/Animations/ThirdPerson_Jump.uasset' has been saved with empty engine version. The asset will be loaded but may be incompatible.
[2015.10.12-19.21.55:453][  0]LogLinker:Warning: Asset '../../../../../../Users/Lauren/Documents/GitHub/DigitalHorrorGame/GDDHorrorGame/Content/Mannequin/Animations/ThirdPersonJump_Loop.uasset' has been saved with empty engine version. The asset will be loaded but may be incompatible.
[2015.10.12-19.21.55:479][  0]LogLinker:Warning: Asset '../../../../../../Users/Lauren/Documents/GitHub/DigitalHorrorGame/GDDHorrorGame/Content/Mannequin/Animations/ThirdPersonJump_Start.uasset' has been saved with empty engine version. The asset will be loaded but may be incompatible.
[2015.10.12-19.21.55:483][  0]LogLinker:Warning: Asset '../../../../../../Users/Lauren/Documents/GitHub/DigitalHorrorGame/GDDHorrorGame/Content/Mannequin/Animations/ThirdPerson_IdleRun_2D.uasset' has been saved with empty engine version. The asset will be loaded but may be incompatible.
[2015.10.12-19.21.55:523][  0]LogLinker:Warning: Asset '../../../../../../Users/Lauren/Documents/GitHub/DigitalHorrorGame/GDDHorrorGame/Content/Mannequin/Animations/ThirdPersonIdle.uasset' has been saved with empty engine version. The asset will be loaded but may be incompatible.
[2015.10.12-19.21.55:528][  0]LogLinker:Warning: Asset '../../../../../../Users/Lauren/Documents/GitHub/DigitalHorrorGame/GDDHorrorGame/Content/Mannequin/Animations/ThirdPersonRun.uasset' has been saved with empty engine version. The asset will be loaded but may be incompatible.
[2015.10.12-19.21.55:551][  0]LogLinker:Warning: Asset '../../../../../../Users/Lauren/Documents/GitHub/DigitalHorrorGame/GDDHorrorGame/Content/Mannequin/Animations/ThirdPersonWalk.uasset' has been saved with empty engine version. The asset will be loaded but may be incompatible.
[2015.10.12-19.21.58:624][  0]LogMaterial: Missing cached shader map for material lambert1, compiling. 
[2015.10.12-19.21.58:822][  0]LogStaticMesh: Building static mesh environment...
[2015.10.12-19.21.59:787][  0]LogStaticMesh: Built static mesh [0.980838.2s] /Game/Meshes/environment.environment
[2015.10.12-19.22.00:445][  0]LogMaterial: Missing cached shader map for material M_Lamp, compiling. 
[2015.10.12-19.22.01:736][  0]LogMaterial: Missing cached shader map for material BasicShapeMaterial, compiling. 
[2015.10.12-19.22.01:990][  0]LogAIModule: Creating AISystem for world ThirdPersonExampleMap
[2015.10.12-19.22.02:000][  0]LogEditorServer: Finished looking for orphan Actors (0.000 secs)
[2015.10.12-19.22.02:000][  0]Cmd: MAP CHECKDEP NOCLEARLOG
[2015.10.12-19.22.02:102][  0]MapCheck: Info Map check complete: 0 Error(s), 0 Warning(s), took 101.634ms to complete.
[2015.10.12-19.22.02:102][  0]LogFileHelpers: Loading map 'ThirdPersonExampleMap' took 6.914
[2015.10.12-19.22.02:429][  0]LogCollectionManager: Loaded 0 collections in 0.099793 seconds
[2015.10.12-19.22.02:470][  0]LogFileCache: Scanning file cache for directory 'C:/Users/Lauren/Documents/GitHub/DigitalHorrorGame/GDDHorrorGame/Saved/Collections/' took 0.01s
[2015.10.12-19.22.02:470][  0]LogFileCache: Scanning file cache for directory 'C:/Users/Lauren/Documents/GitHub/DigitalHorrorGame/GDDHorrorGame/Content/Developers/Lauren/Collections/' took 0.01s
[2015.10.12-19.22.02:470][  0]LogFileCache: Scanning file cache for directory 'C:/Users/Lauren/Documents/GitHub/DigitalHorrorGame/GDDHorrorGame/Content/Collections/' took 0.01s
[2015.10.12-19.22.02:470][  0]LogContentBrowser: Native class hierarchy populated in 0.0079 seconds. Added 1867 classes and 333 folders.
[2015.10.12-19.22.02:683][  0]LogCollectionManager: Rebuilt the GUID cache for 0 collections in 0.000003 seconds
[2015.10.12-19.22.02:698][  0]LogContentBrowser: Native class hierarchy updated for 'WidgetCarousel' in 0.0006 seconds. Added 0 classes and 0 folders.
[2015.10.12-19.22.02:804][  0]LogContentBrowser: Native class hierarchy updated for 'AddContentDialog' in 0.0006 seconds. Added 0 classes and 0 folders.
[2015.10.12-19.22.02:814][  0]LogContentBrowser: Native class hierarchy updated for 'SceneOutliner' in 0.0006 seconds. Added 1 classes and 2 folders.
[2015.10.12-19.22.02:848][  0]LogCrashTracker: Crashtracker disabled due to settings.
[2015.10.12-19.22.02:857][  0]LogUObjectGlobals:Warning: Failed to find object 'Class None.'
[2015.10.12-19.22.02:886][  0]LogLoad: Full Startup: 15.06 seconds (BP compile: 0.21 seconds)
[2015.10.12-19.22.03:393][  0]LogContentStreaming: Texture pool size now 1000 MB
[2015.10.12-19.22.03:671][  0]LogRenderer: Reallocating scene render targets to support 1208x660 (Frame:2).
[2015.10.12-19.22.16:275][262]LogEditorViewport: Clicking on Actor (LMB): BP_Sky_Sphere_C (SkySphereBlueprint)
[2015.10.12-19.22.25:342][540]LogEditorViewport: Clicking on Actor (LMB): StaticMeshActor (environment)
[2015.10.12-19.22.25:818][543]LogAssetRegistry: Asset discovery search completed in 31.9628 seconds
[2015.10.12-19.22.25:818][543]LogCollectionManager: Rebuilt the object cache for 0 collections in 0.000000 seconds (found 0 objects)
[2015.10.12-19.22.25:818][543]LogCollectionManager: Fixed up redirectors for 0 collections in 0.000020 seconds (updated 0 objects)
[2015.10.12-19.22.27:648][603]LogBlueprintUserMessages: Early PlayInEditor Detection: Level '/Game/ThirdPersonBP/Maps/ThirdPersonExampleMap.ThirdPersonExampleMap:PersistentLevel' has LevelScriptBlueprint '/Game/ThirdPersonBP/Maps/ThirdPersonExampleMap.ThirdPersonExampleMap:PersistentLevel.ThirdPersonExampleMap' with GeneratedClass '/Game/ThirdPersonBP/Maps/ThirdPersonExampleMap.ThirdPersonExampleMap_C' with ClassGeneratedBy '/Game/ThirdPersonBP/Maps/ThirdPersonExampleMap.ThirdPersonExampleMap:PersistentLevel.ThirdPersonExampleMap'
[2015.10.12-19.22.27:654][603]LogPlayLevel: PlayLevel: No blueprints needed recompiling
[2015.10.12-19.22.27:690][603]PIE: New page: PIE session: ThirdPersonExampleMap (Oct 12, 2015, 11:22:27 AM)
[2015.10.12-19.22.27:697][603]LogPlayLevel: Creating play world package: /Game/ThirdPersonBP/Maps/UEDPIE_0_ThirdPersonExampleMap
[2015.10.12-19.22.27:832][603]LogPlayLevel: PIE: StaticDuplicateObject took: (0.134832s)
[2015.10.12-19.22.27:844][603]LogAIModule: Creating AISystem for world ThirdPersonExampleMap
[2015.10.12-19.22.27:844][603]LogPlayLevel: PIE: World Init took: (0.011710s)
[2015.10.12-19.22.27:844][603]LogPlayLevel: PIE: Created PIE world by copying editor world from /Game/ThirdPersonBP/Maps/ThirdPersonExampleMap.ThirdPersonExampleMap to /Game/ThirdPersonBP/Maps/UEDPIE_0_ThirdPersonExampleMap.ThirdPersonExampleMap (0.146749s)
[2015.10.12-19.22.27:967][603]LogInit: XAudio2 using 'Speakers (Realtek High Definition Audio)' : 2 channels at 48 kHz using 32 bits per sample (channel mask 0x3)
[2015.10.12-19.22.27:978][603]LogInit: FAudioDevice initialized.
[2015.10.12-19.22.28:206][603]LogWorld: Game class is 'ThirdPersonGameMode_C'
[2015.10.12-19.22.28:332][603]LogWorld: Bringing World /Game/ThirdPersonBP/Maps/UEDPIE_0_ThirdPersonExampleMap.ThirdPersonExampleMap up for play (max tick rate 60) at 2015.10.12-15.22.28
[2015.10.12-19.22.28:332][603]LogActor:Warning: GameSession /Game/ThirdPersonBP/Maps/UEDPIE_0_ThirdPersonExampleMap.ThirdPersonExampleMap:PersistentLevel.GameSession_0 has natively added scene component(s), but none of them were set as the actor's RootComponent - picking one arbitrarily
[2015.10.12-19.22.28:358][603]LogActor:Warning: GameNetworkManager /Game/ThirdPersonBP/Maps/UEDPIE_0_ThirdPersonExampleMap.ThirdPersonExampleMap:PersistentLevel.GameNetworkManager_0 has natively added scene component(s), but none of them were set as the actor's RootComponent - picking one arbitrarily
[2015.10.12-19.22.28:416][603]LogWorld: Bringing up level for play took: 0.093303
[2015.10.12-19.22.28:730][603]PIE: Info Play in editor start time for /Game/ThirdPersonBP/Maps/UEDPIE_0_ThirdPersonExampleMap 0.823
[2015.10.12-19.22.28:730][603]LogBlueprintUserMessages: Late PlayInEditor Detection: Level '/Game/ThirdPersonBP/Maps/ThirdPersonExampleMap.ThirdPersonExampleMap:PersistentLevel' has LevelScriptBlueprint '/Game/ThirdPersonBP/Maps/ThirdPersonExampleMap.ThirdPersonExampleMap:PersistentLevel.ThirdPersonExampleMap' with GeneratedClass '/Game/ThirdPersonBP/Maps/ThirdPersonExampleMap.ThirdPersonExampleMap_C' with ClassGeneratedBy '/Game/ThirdPersonBP/Maps/ThirdPersonExampleMap.ThirdPersonExampleMap:PersistentLevel.ThirdPersonExampleMap'
[2015.10.12-19.22.29:151][604]LogCharacterMovement:Warning: GetSimulationTimeStep() - Max iterations 8 hit while remaining time 0.097213 > MaxSimulationTimeStep (0.050) for 'ThirdPersonCharacter_C_5'
[2015.10.12-19.24.41:421][570]LogBlueprintUserMessages: Early EndPlayMap Detection: Level '/Game/ThirdPersonBP/Maps/ThirdPersonExampleMap.ThirdPersonExampleMap:PersistentLevel' has LevelScriptBlueprint '/Game/ThirdPersonBP/Maps/ThirdPersonExampleMap.ThirdPersonExampleMap:PersistentLevel.ThirdPersonExampleMap' with GeneratedClass '/Game/ThirdPersonBP/Maps/ThirdPersonExampleMap.ThirdPersonExampleMap_C' with ClassGeneratedBy '/Game/ThirdPersonBP/Maps/ThirdPersonExampleMap.ThirdPersonExampleMap:PersistentLevel.ThirdPersonExampleMap'
[2015.10.12-19.24.41:572][570]LogBlueprintUserMessages: Late EndPlayMap Detection: Level '/Game/ThirdPersonBP/Maps/ThirdPersonExampleMap.ThirdPersonExampleMap:PersistentLevel' has LevelScriptBlueprint '/Game/ThirdPersonBP/Maps/ThirdPersonExampleMap.ThirdPersonExampleMap:PersistentLevel.ThirdPersonExampleMap' with GeneratedClass '/Game/ThirdPersonBP/Maps/ThirdPersonExampleMap.ThirdPersonExampleMap_C' with ClassGeneratedBy '/Game/ThirdPersonBP/Maps/ThirdPersonExampleMap.ThirdPersonExampleMap:PersistentLevel.ThirdPersonExampleMap'
[2015.10.12-19.24.41:598][570]LogParticles: Destroying 0 GPU particle simulations for FXSystem 0x0000000057554400
[2015.10.12-19.24.46:005][692]LogLinker:Warning: Asset '../../../Engine/Content/ArtTools/RenderToTexture/Macros/RenderToTextureMacros.uasset' has been saved with empty engine version. The asset will be loaded but may be incompatible.
[2015.10.12-19.24.47:234][692]LogContentBrowser: Native class hierarchy updated for 'BlueprintGraph' in 0.0068 seconds. Added 107 classes and 0 folders.
[2015.10.12-19.25.45:606][538]LogBlueprintUserMessages: Early PlayInEditor Detection: Level '/Game/ThirdPersonBP/Maps/ThirdPersonExampleMap.ThirdPersonExampleMap:PersistentLevel' has LevelScriptBlueprint '/Game/ThirdPersonBP/Maps/ThirdPersonExampleMap.ThirdPersonExampleMap:PersistentLevel.ThirdPersonExampleMap' with GeneratedClass '/Game/ThirdPersonBP/Maps/ThirdPersonExampleMap.ThirdPersonExampleMap_C' with ClassGeneratedBy '/Game/ThirdPersonBP/Maps/ThirdPersonExampleMap.ThirdPersonExampleMap:PersistentLevel.ThirdPersonExampleMap'
[2015.10.12-19.25.45:606][538]LogPlayLevel: PlayLevel: No blueprints needed recompiling
[2015.10.12-19.25.45:606][538]PIE: New page: PIE session: ThirdPersonExampleMap (Oct 12, 2015, 11:25:45 AM)
[2015.10.12-19.25.45:606][538]LogPlayLevel: Creating play world package: /Game/ThirdPersonBP/Maps/UEDPIE_0_ThirdPersonExampleMap
[2015.10.12-19.25.45:640][538]LogPlayLevel: PIE: StaticDuplicateObject took: (0.033961s)
[2015.10.12-19.25.45:641][538]LogAIModule: Creating AISystem for world ThirdPersonExampleMap
[2015.10.12-19.25.45:641][538]LogPlayLevel: PIE: World Init took: (0.001046s)
[2015.10.12-19.25.45:641][538]LogPlayLevel: PIE: Created PIE world by copying editor world from /Game/ThirdPersonBP/Maps/ThirdPersonExampleMap.ThirdPersonExampleMap to /Game/ThirdPersonBP/Maps/UEDPIE_0_ThirdPersonExampleMap.ThirdPersonExampleMap (0.035285s)
[2015.10.12-19.25.45:641][538]LogActorComponent: UnregisterComponent: (/Engine/Transient.CharMoveComp) Not registered. Aborting.
[2015.10.12-19.25.45:692][538]LogInit: XAudio2 using 'Speakers (Realtek High Definition Audio)' : 2 channels at 48 kHz using 32 bits per sample (channel mask 0x3)
[2015.10.12-19.25.45:702][538]LogInit: FAudioDevice initialized.
[2015.10.12-19.25.45:732][538]LogWorld: Game class is 'ThirdPersonGameMode_C'
[2015.10.12-19.25.45:743][538]LogWorld: Bringing World /Game/ThirdPersonBP/Maps/UEDPIE_0_ThirdPersonExampleMap.ThirdPersonExampleMap up for play (max tick rate 0) at 2015.10.12-15.25.45
[2015.10.12-19.25.45:743][538]LogActor:Warning: GameSession /Game/ThirdPersonBP/Maps/UEDPIE_0_ThirdPersonExampleMap.ThirdPersonExampleMap:PersistentLevel.GameSession_1 has natively added scene component(s), but none of them were set as the actor's RootComponent - picking one arbitrarily
[2015.10.12-19.25.45:743][538]LogActor:Warning: GameNetworkManager /Game/ThirdPersonBP/Maps/UEDPIE_0_ThirdPersonExampleMap.ThirdPersonExampleMap:PersistentLevel.GameNetworkManager_1 has natively added scene component(s), but none of them were set as the actor's RootComponent - picking one arbitrarily
[2015.10.12-19.25.45:743][538]LogWorld: Bringing up level for play took: 0.010178
[2015.10.12-19.25.45:753][538]PIE: Info Play in editor start time for /Game/ThirdPersonBP/Maps/UEDPIE_0_ThirdPersonExampleMap -0.155
[2015.10.12-19.25.45:753][538]LogBlueprintUserMessages: Late PlayInEditor Detection: Level '/Game/ThirdPersonBP/Maps/ThirdPersonExampleMap.ThirdPersonExampleMap:PersistentLevel' has LevelScriptBlueprint '/Game/ThirdPersonBP/Maps/ThirdPersonExampleMap.ThirdPersonExampleMap:PersistentLevel.ThirdPersonExampleMap' with GeneratedClass '/Game/ThirdPersonBP/Maps/ThirdPersonExampleMap.ThirdPersonExampleMap_C' with ClassGeneratedBy '/Game/ThirdPersonBP/Maps/ThirdPersonExampleMap.ThirdPersonExampleMap:PersistentLevel.ThirdPersonExampleMap'
[2015.10.12-19.26.23:546][ 27]LogBlueprintUserMessages: Early EndPlayMap Detection: Level '/Game/ThirdPersonBP/Maps/ThirdPersonExampleMap.ThirdPersonExampleMap:PersistentLevel' has LevelScriptBlueprint '/Game/ThirdPersonBP/Maps/ThirdPersonExampleMap.ThirdPersonExampleMap:PersistentLevel.ThirdPersonExampleMap' with GeneratedClass '/Game/ThirdPersonBP/Maps/ThirdPersonExampleMap.ThirdPersonExampleMap_C' with ClassGeneratedBy '/Game/ThirdPersonBP/Maps/ThirdPersonExampleMap.ThirdPersonExampleMap:PersistentLevel.ThirdPersonExampleMap'
[2015.10.12-19.26.23:612][ 27]LogBlueprintUserMessages: Late EndPlayMap Detection: Level '/Game/ThirdPersonBP/Maps/ThirdPersonExampleMap.ThirdPersonExampleMap:PersistentLevel' has LevelScriptBlueprint '/Game/ThirdPersonBP/Maps/ThirdPersonExampleMap.ThirdPersonExampleMap:PersistentLevel.ThirdPersonExampleMap' with GeneratedClass '/Game/ThirdPersonBP/Maps/ThirdPersonExampleMap.ThirdPersonExampleMap_C' with ClassGeneratedBy '/Game/ThirdPersonBP/Maps/ThirdPersonExampleMap.ThirdPersonExampleMap:PersistentLevel.ThirdPersonExampleMap'
[2015.10.12-19.26.23:638][ 27]LogParticles: Destroying 0 GPU particle simulations for FXSystem 0x00000000646D54E0
[2015.10.12-19.26.26:208][108]LogBlueprintUserMessages: Early PlayInEditor Detection: Level '/Game/ThirdPersonBP/Maps/ThirdPersonExampleMap.ThirdPersonExampleMap:PersistentLevel' has LevelScriptBlueprint '/Game/ThirdPersonBP/Maps/ThirdPersonExampleMap.ThirdPersonExampleMap:PersistentLevel.ThirdPersonExampleMap' with GeneratedClass '/Game/ThirdPersonBP/Maps/ThirdPersonExampleMap.ThirdPersonExampleMap_C' with ClassGeneratedBy '/Game/ThirdPersonBP/Maps/ThirdPersonExampleMap.ThirdPersonExampleMap:PersistentLevel.ThirdPersonExampleMap'
[2015.10.12-19.26.26:208][108]LogPlayLevel: PlayLevel: No blueprints needed recompiling
[2015.10.12-19.26.26:208][108]PIE: New page: PIE session: ThirdPersonExampleMap (Oct 12, 2015, 11:26:26 AM)
[2015.10.12-19.26.26:208][108]LogPlayLevel: Creating play world package: /Game/ThirdPersonBP/Maps/UEDPIE_0_ThirdPersonExampleMap
[2015.10.12-19.26.26:229][108]LogPlayLevel: PIE: StaticDuplicateObject took: (0.021203s)
[2015.10.12-19.26.26:230][108]LogAIModule: Creating AISystem for world ThirdPersonExampleMap
[2015.10.12-19.26.26:230][108]LogPlayLevel: PIE: World Init took: (0.001038s)
[2015.10.12-19.26.26:230][108]LogPlayLevel: PIE: Created PIE world by copying editor world from /Game/ThirdPersonBP/Maps/ThirdPersonExampleMap.ThirdPersonExampleMap to /Game/ThirdPersonBP/Maps/UEDPIE_0_ThirdPersonExampleMap.ThirdPersonExampleMap (0.022525s)
[2015.10.12-19.26.26:268][108]LogInit: XAudio2 using 'Speakers (Realtek High Definition Audio)' : 2 channels at 48 kHz using 32 bits per sample (channel mask 0x3)
[2015.10.12-19.26.26:277][108]LogInit: FAudioDevice initialized.
[2015.10.12-19.26.26:308][108]LogWorld: Game class is 'ThirdPersonGameMode_C'
[2015.10.12-19.26.26:318][108]LogWorld: Bringing World /Game/ThirdPersonBP/Maps/UEDPIE_0_ThirdPersonExampleMap.ThirdPersonExampleMap up for play (max tick rate 0) at 2015.10.12-15.26.26
[2015.10.12-19.26.26:319][108]LogActor:Warning: GameSession /Game/ThirdPersonBP/Maps/UEDPIE_0_ThirdPersonExampleMap.ThirdPersonExampleMap:PersistentLevel.GameSession_2 has natively added scene component(s), but none of them were set as the actor's RootComponent - picking one arbitrarily
[2015.10.12-19.26.26:319][108]LogActor:Warning: GameNetworkManager /Game/ThirdPersonBP/Maps/UEDPIE_0_ThirdPersonExampleMap.ThirdPersonExampleMap:PersistentLevel.GameNetworkManager_2 has natively added scene component(s), but none of them were set as the actor's RootComponent - picking one arbitrarily
[2015.10.12-19.26.26:319][108]LogWorld: Bringing up level for play took: 0.010776
[2015.10.12-19.26.26:321][108]PIE: Info Play in editor start time for /Game/ThirdPersonBP/Maps/UEDPIE_0_ThirdPersonExampleMap 0.413
[2015.10.12-19.26.26:321][108]LogBlueprintUserMessages: Late PlayInEditor Detection: Level '/Game/ThirdPersonBP/Maps/ThirdPersonExampleMap.ThirdPersonExampleMap:PersistentLevel' has LevelScriptBlueprint '/Game/ThirdPersonBP/Maps/ThirdPersonExampleMap.ThirdPersonExampleMap:PersistentLevel.ThirdPersonExampleMap' with GeneratedClass '/Game/ThirdPersonBP/Maps/ThirdPersonExampleMap.ThirdPersonExampleMap_C' with ClassGeneratedBy '/Game/ThirdPersonBP/Maps/ThirdPersonExampleMap.ThirdPersonExampleMap:PersistentLevel.ThirdPersonExampleMap'
[2015.10.12-19.28.00:380][558]LogBlueprintUserMessages: Early EndPlayMap Detection: Level '/Game/ThirdPersonBP/Maps/ThirdPersonExampleMap.ThirdPersonExampleMap:PersistentLevel' has LevelScriptBlueprint '/Game/ThirdPersonBP/Maps/ThirdPersonExampleMap.ThirdPersonExampleMap:PersistentLevel.ThirdPersonExampleMap' with GeneratedClass '/Game/ThirdPersonBP/Maps/ThirdPersonExampleMap.ThirdPersonExampleMap_C' with ClassGeneratedBy '/Game/ThirdPersonBP/Maps/ThirdPersonExampleMap.ThirdPersonExampleMap:PersistentLevel.ThirdPersonExampleMap'
[2015.10.12-19.28.00:456][558]LogBlueprintUserMessages: Late EndPlayMap Detection: Level '/Game/ThirdPersonBP/Maps/ThirdPersonExampleMap.ThirdPersonExampleMap:PersistentLevel' has LevelScriptBlueprint '/Game/ThirdPersonBP/Maps/ThirdPersonExampleMap.ThirdPersonExampleMap:PersistentLevel.ThirdPersonExampleMap' with GeneratedClass '/Game/ThirdPersonBP/Maps/ThirdPersonExampleMap.ThirdPersonExampleMap_C' with ClassGeneratedBy '/Game/ThirdPersonBP/Maps/ThirdPersonExampleMap.ThirdPersonExampleMap:PersistentLevel.ThirdPersonExampleMap'
[2015.10.12-19.28.00:513][559]LogParticles: Destroying 0 GPU particle simulations for FXSystem 0x0000000016E18C20
[2015.10.12-19.28.08:303][838]LogEditorViewport: Clicking on Actor (LMB): BP_Sky_Sphere_C (SkySphereBlueprint)
[2015.10.12-19.28.25:883][455]LogBlueprintUserMessages: Early PlayInEditor Detection: Level '/Game/ThirdPersonBP/Maps/ThirdPersonExampleMap.ThirdPersonExampleMap:PersistentLevel' has LevelScriptBlueprint '/Game/ThirdPersonBP/Maps/ThirdPersonExampleMap.ThirdPersonExampleMap:PersistentLevel.ThirdPersonExampleMap' with GeneratedClass '/Game/ThirdPersonBP/Maps/ThirdPersonExampleMap.ThirdPersonExampleMap_C' with ClassGeneratedBy '/Game/ThirdPersonBP/Maps/ThirdPersonExampleMap.ThirdPersonExampleMap:PersistentLevel.ThirdPersonExampleMap'
[2015.10.12-19.28.25:883][455]LogPlayLevel: PlayLevel: No blueprints needed recompiling
[2015.10.12-19.28.25:884][455]PIE: New page: PIE session: ThirdPersonExampleMap (Oct 12, 2015, 11:28:25 AM)
[2015.10.12-19.28.25:884][455]LogPlayLevel: Creating play world package: /Game/ThirdPersonBP/Maps/UEDPIE_0_ThirdPersonExampleMap
[2015.10.12-19.28.25:904][455]LogPlayLevel: PIE: StaticDuplicateObject took: (0.020077s)
[2015.10.12-19.28.25:904][455]LogAIModule: Creating AISystem for world ThirdPersonExampleMap
[2015.10.12-19.28.25:904][455]LogPlayLevel: PIE: World Init took: (0.000671s)
[2015.10.12-19.28.25:905][455]LogPlayLevel: PIE: Created PIE world by copying editor world from /Game/ThirdPersonBP/Maps/ThirdPersonExampleMap.ThirdPersonExampleMap to /Game/ThirdPersonBP/Maps/UEDPIE_0_ThirdPersonExampleMap.ThirdPersonExampleMap (0.020934s)
[2015.10.12-19.28.25:938][455]LogInit: XAudio2 using 'Speakers (Realtek High Definition Audio)' : 2 channels at 48 kHz using 32 bits per sample (channel mask 0x3)
[2015.10.12-19.28.25:950][455]LogInit: FAudioDevice initialized.
[2015.10.12-19.28.25:982][455]LogWorld: Game class is 'ThirdPersonGameMode_C'
[2015.10.12-19.28.25:995][455]LogWorld: Bringing World /Game/ThirdPersonBP/Maps/UEDPIE_0_ThirdPersonExampleMap.ThirdPersonExampleMap up for play (max tick rate 0) at 2015.10.12-15.28.25
[2015.10.12-19.28.25:995][455]LogActor:Warning: GameSession /Game/ThirdPersonBP/Maps/UEDPIE_0_ThirdPersonExampleMap.ThirdPersonExampleMap:PersistentLevel.GameSession_3 has natively added scene component(s), but none of them were set as the actor's RootComponent - picking one arbitrarily
[2015.10.12-19.28.25:996][455]LogActor:Warning: GameNetworkManager /Game/ThirdPersonBP/Maps/UEDPIE_0_ThirdPersonExampleMap.ThirdPersonExampleMap:PersistentLevel.GameNetworkManager_3 has natively added scene component(s), but none of them were set as the actor's RootComponent - picking one arbitrarily
[2015.10.12-19.28.25:996][455]LogWorld: Bringing up level for play took: 0.012807
[2015.10.12-19.28.25:998][455]PIE: Info Play in editor start time for /Game/ThirdPersonBP/Maps/UEDPIE_0_ThirdPersonExampleMap 0.088
[2015.10.12-19.28.25:998][455]LogBlueprintUserMessages: Late PlayInEditor Detection: Level '/Game/ThirdPersonBP/Maps/ThirdPersonExampleMap.ThirdPersonExampleMap:PersistentLevel' has LevelScriptBlueprint '/Game/ThirdPersonBP/Maps/ThirdPersonExampleMap.ThirdPersonExampleMap:PersistentLevel.ThirdPersonExampleMap' with GeneratedClass '/Game/ThirdPersonBP/Maps/ThirdPersonExampleMap.ThirdPersonExampleMap_C' with ClassGeneratedBy '/Game/ThirdPersonBP/Maps/ThirdPersonExampleMap.ThirdPersonExampleMap:PersistentLevel.ThirdPersonExampleMap'
[2015.10.12-19.29.36:196][ 72]LogBlueprintUserMessages: Early EndPlayMap Detection: Level '/Game/ThirdPersonBP/Maps/ThirdPersonExampleMap.ThirdPersonExampleMap:PersistentLevel' has LevelScriptBlueprint '/Game/ThirdPersonBP/Maps/ThirdPersonExampleMap.ThirdPersonExampleMap:PersistentLevel.ThirdPersonExampleMap' with GeneratedClass '/Game/ThirdPersonBP/Maps/ThirdPersonExampleMap.ThirdPersonExampleMap_C' with ClassGeneratedBy '/Game/ThirdPersonBP/Maps/ThirdPersonExampleMap.ThirdPersonExampleMap:PersistentLevel.ThirdPersonExampleMap'
[2015.10.12-19.29.36:248][ 72]LogBlueprintUserMessages: Late EndPlayMap Detection: Level '/Game/ThirdPersonBP/Maps/ThirdPersonExampleMap.ThirdPersonExampleMap:PersistentLevel' has LevelScriptBlueprint '/Game/ThirdPersonBP/Maps/ThirdPersonExampleMap.ThirdPersonExampleMap:PersistentLevel.ThirdPersonExampleMap' with GeneratedClass '/Game/ThirdPersonBP/Maps/ThirdPersonExampleMap.ThirdPersonExampleMap_C' with ClassGeneratedBy '/Game/ThirdPersonBP/Maps/ThirdPersonExampleMap.ThirdPersonExampleMap:PersistentLevel.ThirdPersonExampleMap'
[2015.10.12-19.29.36:305][ 73]LogParticles: Destroying 0 GPU particle simulations for FXSystem 0x00000000150E45E0
[2015.10.12-19.29.48:582][488]SourceControl:Error: Error Failed to enable Git source control. You need to initialize the project as a Git repository first.
[2015.10.12-19.30.04:214][ 11]SourceControl:Error: Error Failed to enable Git source control. You need to initialize the project as a Git repository first.
[2015.10.12-19.30.17:717][463]SourceControl:Error: Error Failed to enable Git source control. You need to initialize the project as a Git repository first.
[2015.10.12-19.30.17:898][469]SourceControl:Error: Error Failed to enable Git source control. You need to initialize the project as a Git repository first.
[2015.10.12-19.31.06:727][107]SourceControl: Info Source control is disabled
[2015.10.12-19.32.11:556][809]LogEditorViewport: Clicking on Actor (context menu): StaticMeshActor (environment)
[2015.10.12-19.32.12:637][823]LogEditorViewport: Clicking on Actor (LMB): StaticMeshActor (environment)
[2015.10.12-19.33.25:357][980]LogBlueprintUserMessages: Early PlayInEditor Detection: Level '/Game/ThirdPersonBP/Maps/ThirdPersonExampleMap.ThirdPersonExampleMap:PersistentLevel' has LevelScriptBlueprint '/Game/ThirdPersonBP/Maps/ThirdPersonExampleMap.ThirdPersonExampleMap:PersistentLevel.ThirdPersonExampleMap' with GeneratedClass '/Game/ThirdPersonBP/Maps/ThirdPersonExampleMap.ThirdPersonExampleMap_C' with ClassGeneratedBy '/Game/ThirdPersonBP/Maps/ThirdPersonExampleMap.ThirdPersonExampleMap:PersistentLevel.ThirdPersonExampleMap'
[2015.10.12-19.33.25:357][980]BlueprintLog: New page: Pre-Play auto-recompile
[2015.10.12-19.33.25:371][980]LogPlayLevel: [PlayLevel] Compiling Outside_Door_Blueprint before play...
[2015.10.12-19.33.25:596][980]LogPlayLevel: PlayLevel: Blueprint regeneration took 239 ms (1 blueprints)
[2015.10.12-19.33.25:596][980]LogActorComponent: UnregisterComponent: (/Engine/Transient.CharMoveComp) Not registered. Aborting.
[2015.10.12-19.33.25:618][980]LogParticles: Destroying 0 GPU particle simulations for FXSystem 0x00000000500C5760
[2015.10.12-19.33.25:622][980]PIE: New page: PIE session: ThirdPersonExampleMap (Oct 12, 2015, 11:33:25 AM)
[2015.10.12-19.33.25:622][980]LogPlayLevel: Creating play world package: /Game/ThirdPersonBP/Maps/UEDPIE_0_ThirdPersonExampleMap
[2015.10.12-19.33.25:641][980]LogPlayLevel: PIE: StaticDuplicateObject took: (0.018511s)
[2015.10.12-19.33.25:642][980]LogAIModule: Creating AISystem for world ThirdPersonExampleMap
[2015.10.12-19.33.25:642][980]LogPlayLevel: PIE: World Init took: (0.000836s)
[2015.10.12-19.33.25:642][980]LogPlayLevel: PIE: Created PIE world by copying editor world from /Game/ThirdPersonBP/Maps/ThirdPersonExampleMap.ThirdPersonExampleMap to /Game/ThirdPersonBP/Maps/UEDPIE_0_ThirdPersonExampleMap.ThirdPersonExampleMap (0.019550s)
[2015.10.12-19.33.25:671][980]LogInit: XAudio2 using 'Speakers (Realtek High Definition Audio)' : 2 channels at 48 kHz using 32 bits per sample (channel mask 0x3)
[2015.10.12-19.33.25:681][980]LogInit: FAudioDevice initialized.
[2015.10.12-19.33.25:711][980]LogWorld: Game class is 'ThirdPersonGameMode_C'
[2015.10.12-19.33.25:721][980]LogWorld: Bringing World /Game/ThirdPersonBP/Maps/UEDPIE_0_ThirdPersonExampleMap.ThirdPersonExampleMap up for play (max tick rate 0) at 2015.10.12-15.33.25
[2015.10.12-19.33.25:721][980]LogActor:Warning: GameSession /Game/ThirdPersonBP/Maps/UEDPIE_0_ThirdPersonExampleMap.ThirdPersonExampleMap:PersistentLevel.GameSession_4 has natively added scene component(s), but none of them were set as the actor's RootComponent - picking one arbitrarily
[2015.10.12-19.33.25:722][980]LogActor:Warning: GameNetworkManager /Game/ThirdPersonBP/Maps/UEDPIE_0_ThirdPersonExampleMap.ThirdPersonExampleMap:PersistentLevel.GameNetworkManager_4 has natively added scene component(s), but none of them were set as the actor's RootComponent - picking one arbitrarily
[2015.10.12-19.33.25:772][980]LogWorld: Bringing up level for play took: 0.059643
[2015.10.12-19.33.25:773][980]PIE: Info Play in editor start time for /Game/ThirdPersonBP/Maps/UEDPIE_0_ThirdPersonExampleMap -0.141
[2015.10.12-19.33.25:773][980]LogBlueprintUserMessages: Late PlayInEditor Detection: Level '/Game/ThirdPersonBP/Maps/ThirdPersonExampleMap.ThirdPersonExampleMap:PersistentLevel' has LevelScriptBlueprint '/Game/ThirdPersonBP/Maps/ThirdPersonExampleMap.ThirdPersonExampleMap:PersistentLevel.ThirdPersonExampleMap' with GeneratedClass '/Game/ThirdPersonBP/Maps/ThirdPersonExampleMap.ThirdPersonExampleMap_C' with ClassGeneratedBy '/Game/ThirdPersonBP/Maps/ThirdPersonExampleMap.ThirdPersonExampleMap:PersistentLevel.ThirdPersonExampleMap'
[2015.10.12-19.33.34:865][296]LogBlueprintUserMessages: Early EndPlayMap Detection: Level '/Game/ThirdPersonBP/Maps/ThirdPersonExampleMap.ThirdPersonExampleMap:PersistentLevel' has LevelScriptBlueprint '/Game/ThirdPersonBP/Maps/ThirdPersonExampleMap.ThirdPersonExampleMap:PersistentLevel.ThirdPersonExampleMap' with GeneratedClass '/Game/ThirdPersonBP/Maps/ThirdPersonExampleMap.ThirdPersonExampleMap_C' with ClassGeneratedBy '/Game/ThirdPersonBP/Maps/ThirdPersonExampleMap.ThirdPersonExampleMap:PersistentLevel.ThirdPersonExampleMap'
[2015.10.12-19.33.34:936][296]LogBlueprintUserMessages: Late EndPlayMap Detection: Level '/Game/ThirdPersonBP/Maps/ThirdPersonExampleMap.ThirdPersonExampleMap:PersistentLevel' has LevelScriptBlueprint '/Game/ThirdPersonBP/Maps/ThirdPersonExampleMap.ThirdPersonExampleMap:PersistentLevel.ThirdPersonExampleMap' with GeneratedClass '/Game/ThirdPersonBP/Maps/ThirdPersonExampleMap.ThirdPersonExampleMap_C' with ClassGeneratedBy '/Game/ThirdPersonBP/Maps/ThirdPersonExampleMap.ThirdPersonExampleMap:PersistentLevel.ThirdPersonExampleMap'
[2015.10.12-19.33.34:988][297]LogParticles: Destroying 0 GPU particle simulations for FXSystem 0x0000000042C5A8E0
[2015.10.12-19.33.37:296][369]LogEditorViewport: Clicking on Actor (LMB): StaticMeshActor (environment)
[2015.10.12-19.33.37:843][385]LogEditorViewport: Clicking on Actor (LMB): StaticMeshActor (environment)
[2015.10.12-19.33.39:392][433]LogEditorViewport: Clicking on Actor (LMB): StaticMeshActor (environment)
[2015.10.12-19.34.02:540][982]LogBlueprintUserMessages: Early PlayInEditor Detection: Level '/Game/ThirdPersonBP/Maps/ThirdPersonExampleMap.ThirdPersonExampleMap:PersistentLevel' has LevelScriptBlueprint '/Game/ThirdPersonBP/Maps/ThirdPersonExampleMap.ThirdPersonExampleMap:PersistentLevel.ThirdPersonExampleMap' with GeneratedClass '/Game/ThirdPersonBP/Maps/ThirdPersonExampleMap.ThirdPersonExampleMap_C' with ClassGeneratedBy '/Game/ThirdPersonBP/Maps/ThirdPersonExampleMap.ThirdPersonExampleMap:PersistentLevel.ThirdPersonExampleMap'
[2015.10.12-19.34.02:540][982]BlueprintLog: New page: Pre-Play auto-recompile
[2015.10.12-19.34.02:541][982]LogPlayLevel: [PlayLevel] Compiling Outside_Door_Blueprint before play...
[2015.10.12-19.34.02:603][982]LogPlayLevel: PlayLevel: Blueprint regeneration took 62 ms (1 blueprints)
[2015.10.12-19.34.02:603][982]LogActorComponent: UnregisterComponent: (/Engine/Transient.CharMoveComp) Not registered. Aborting.
[2015.10.12-19.34.02:631][982]PIE: New page: PIE session: ThirdPersonExampleMap (Oct 12, 2015, 11:34:02 AM)
[2015.10.12-19.34.02:632][982]LogPlayLevel: Creating play world package: /Game/ThirdPersonBP/Maps/UEDPIE_0_ThirdPersonExampleMap
[2015.10.12-19.34.02:654][982]LogPlayLevel: PIE: StaticDuplicateObject took: (0.022239s)
[2015.10.12-19.34.02:655][982]LogAIModule: Creating AISystem for world ThirdPersonExampleMap
[2015.10.12-19.34.02:655][982]LogPlayLevel: PIE: World Init took: (0.000906s)
[2015.10.12-19.34.02:655][982]LogPlayLevel: PIE: Created PIE world by copying editor world from /Game/ThirdPersonBP/Maps/ThirdPersonExampleMap.ThirdPersonExampleMap to /Game/ThirdPersonBP/Maps/UEDPIE_0_ThirdPersonExampleMap.ThirdPersonExampleMap (0.023338s)
[2015.10.12-19.34.02:686][982]LogInit: XAudio2 using 'Speakers (Realtek High Definition Audio)' : 2 channels at 48 kHz using 32 bits per sample (channel mask 0x3)
[2015.10.12-19.34.02:697][982]LogInit: FAudioDevice initialized.
[2015.10.12-19.34.02:734][982]LogWorld: Game class is 'ThirdPersonGameMode_C'
[2015.10.12-19.34.02:747][982]LogWorld: Bringing World /Game/ThirdPersonBP/Maps/UEDPIE_0_ThirdPersonExampleMap.ThirdPersonExampleMap up for play (max tick rate 0) at 2015.10.12-15.34.02
[2015.10.12-19.34.02:747][982]LogActor:Warning: GameSession /Game/ThirdPersonBP/Maps/UEDPIE_0_ThirdPersonExampleMap.ThirdPersonExampleMap:PersistentLevel.GameSession_5 has natively added scene component(s), but none of them were set as the actor's RootComponent - picking one arbitrarily
[2015.10.12-19.34.02:747][982]LogActor:Warning: GameNetworkManager /Game/ThirdPersonBP/Maps/UEDPIE_0_ThirdPersonExampleMap.ThirdPersonExampleMap:PersistentLevel.GameNetworkManager_5 has natively added scene component(s), but none of them were set as the actor's RootComponent - picking one arbitrarily
[2015.10.12-19.34.02:748][982]LogWorld: Bringing up level for play took: 0.012390
[2015.10.12-19.34.02:749][982]PIE: Info Play in editor start time for /Game/ThirdPersonBP/Maps/UEDPIE_0_ThirdPersonExampleMap 0.835
[2015.10.12-19.34.02:749][982]LogBlueprintUserMessages: Late PlayInEditor Detection: Level '/Game/ThirdPersonBP/Maps/ThirdPersonExampleMap.ThirdPersonExampleMap:PersistentLevel' has LevelScriptBlueprint '/Game/ThirdPersonBP/Maps/ThirdPersonExampleMap.ThirdPersonExampleMap:PersistentLevel.ThirdPersonExampleMap' with GeneratedClass '/Game/ThirdPersonBP/Maps/ThirdPersonExampleMap.ThirdPersonExampleMap_C' with ClassGeneratedBy '/Game/ThirdPersonBP/Maps/ThirdPersonExampleMap.ThirdPersonExampleMap:PersistentLevel.ThirdPersonExampleMap'
[2015.10.12-19.34.17:525][540]LogBlueprintUserMessages: Early EndPlayMap Detection: Level '/Game/ThirdPersonBP/Maps/ThirdPersonExampleMap.ThirdPersonExampleMap:PersistentLevel' has LevelScriptBlueprint '/Game/ThirdPersonBP/Maps/ThirdPersonExampleMap.ThirdPersonExampleMap:PersistentLevel.ThirdPersonExampleMap' with GeneratedClass '/Game/ThirdPersonBP/Maps/ThirdPersonExampleMap.ThirdPersonExampleMap_C' with ClassGeneratedBy '/Game/ThirdPersonBP/Maps/ThirdPersonExampleMap.ThirdPersonExampleMap:PersistentLevel.ThirdPersonExampleMap'
[2015.10.12-19.34.17:597][540]LogBlueprintUserMessages: Late EndPlayMap Detection: Level '/Game/ThirdPersonBP/Maps/ThirdPersonExampleMap.ThirdPersonExampleMap:PersistentLevel' has LevelScriptBlueprint '/Game/ThirdPersonBP/Maps/ThirdPersonExampleMap.ThirdPersonExampleMap:PersistentLevel.ThirdPersonExampleMap' with GeneratedClass '/Game/ThirdPersonBP/Maps/ThirdPersonExampleMap.ThirdPersonExampleMap_C' with ClassGeneratedBy '/Game/ThirdPersonBP/Maps/ThirdPersonExampleMap.ThirdPersonExampleMap:PersistentLevel.ThirdPersonExampleMap'
[2015.10.12-19.34.17:650][541]LogParticles: Destroying 0 GPU particle simulations for FXSystem 0x0000000052A4B9C0
[2015.10.12-19.34.30:625][941]LogActorComponent: UnregisterComponent: (/Engine/Transient.CharMoveComp) Not registered. Aborting.
[2015.10.12-19.34.31:087][941]LogSavePackage: Save=150.154663ms
[2015.10.12-19.34.31:087][941]LogSavePackage: Moving '../../../../../../Users/Lauren/Documents/GitHub/DigitalHorrorGame/GDDHorrorGame/Saved/ThirdPersonExampleMap3CBF4DE34BA94BB881DE3095A588D9FC.tmp' to '../../../../../../Users/Lauren/Documents/GitHub/DigitalHorrorGame/GDDHorrorGame/Content/ThirdPersonBP/Maps/ThirdPersonExampleMap.umap'
[2015.10.12-19.34.31:110][941]LogSavePackage: Total save time: 218.638718ms
[2015.10.12-19.34.31:110][941]LogSavePackage:Warning: Finished SavePackage ../../../../../../Users/Lauren/Documents/GitHub/DigitalHorrorGame/GDDHorrorGame/Content/ThirdPersonBP/Maps/ThirdPersonExampleMap.umap
[2015.10.12-19.34.31:180][941]LogFileHelpers: Saving map 'ThirdPersonExampleMap' took 0.490
[2015.10.12-19.34.31:384][941]LogSavePackage: Save=87.079926ms
[2015.10.12-19.34.31:385][941]LogSavePackage: Moving '../../../../../../Users/Lauren/Documents/GitHub/DigitalHorrorGame/GDDHorrorGame/Saved/Outside_Door_BlueprintE2D6AFBE41F702F0E23569857FCEDC65.tmp' to '../../../../../../Users/Lauren/Documents/GitHub/DigitalHorrorGame/GDDHorrorGame/Content/ThirdPersonBP/Blueprints/Outside_Door_Blueprint.uasset'
[2015.10.12-19.34.31:392][941]LogSavePackage: Total save time: 136.626855ms
[2015.10.12-19.34.31:392][941]LogSavePackage:Warning: Finished SavePackage ../../../../../../Users/Lauren/Documents/GitHub/DigitalHorrorGame/GDDHorrorGame/Content/ThirdPersonBP/Blueprints/Outside_Door_Blueprint.uasset
[2015.10.12-19.34.31:464][941]LogSavePackage: Save=34.175529ms
[2015.10.12-19.34.31:464][941]LogSavePackage: Moving '../../../../../../Users/Lauren/Documents/GitHub/DigitalHorrorGame/GDDHorrorGame/Saved/SM_Door91FB3A6F4B74AD66AE4B2C82E8B3C075.tmp' to '../../../../../../Users/Lauren/Documents/GitHub/DigitalHorrorGame/GDDHorrorGame/Content/StarterContent/Props/SM_Door.uasset'
[2015.10.12-19.34.31:484][941]LogSavePackage: Total save time: 62.189501ms
[2015.10.12-19.34.31:484][941]LogSavePackage:Warning: Finished SavePackage ../../../../../../Users/Lauren/Documents/GitHub/DigitalHorrorGame/GDDHorrorGame/Content/StarterContent/Props/SM_Door.uasset
[2015.10.12-19.34.34:663][ 45]LogParticles: Destroying 0 GPU particle simulations for FXSystem 0x00000000219F8220
[2015.10.12-19.34.34:663][ 45]LogParticles: Destroying 0 GPU particle simulations for FXSystem 0x000000001509C0E0
[2015.10.12-19.34.35:721][ 46]Cmd: QUIT_EDITOR
[2015.10.12-19.34.36:306][ 46]LogExit: Preparing to exit.
[2015.10.12-19.34.37:228][ 46]LogExit: Editor shut down
[2015.10.12-19.34.37:228][ 46]LogExit: Transaction tracking system shut down
[2015.10.12-19.34.37:276][ 46]LogParticles: Destroying 0 GPU particle simulations for FXSystem 0x000000002325F920
[2015.10.12-19.34.37:276][ 46]LogParticles: Destroying 0 GPU particle simulations for FXSystem 0x000000003D797060
[2015.10.12-19.34.37:276][ 46]LogParticles: Destroying 0 GPU particle simulations for FXSystem 0x000000003D893BA0
[2015.10.12-19.34.37:276][ 46]LogParticles: Destroying 0 GPU particle simulations for FXSystem 0x000000002974E840
[2015.10.12-19.34.37:277][ 46]LogParticles: Destroying 0 GPU particle simulations for FXSystem 0x000000002974E660
[2015.10.12-19.34.37:277][ 46]LogParticles: Destroying 0 GPU particle simulations for FXSystem 0x000000001241B6A0
[2015.10.12-19.34.38:831][ 46]LogExit: Object subsystem successfully closed.
[2015.10.12-19.34.39:042][ 46]LogD3D11RHI: Shutdown
[2015.10.12-19.34.39:043][ 46]LogD3D11RHI: CleanupD3DDevice
[2015.10.12-19.34.39:160][ 46]LogD3D11RHI: ~FD3D11DynamicRHI
[2015.10.12-19.34.40:354][ 46]LogModuleManager: Shutting down and abandoning module StaticMeshEditor (199)
[2015.10.12-19.34.40:354][ 46]LogModuleManager: Shutting down and abandoning module BlueprintGraph (198)
[2015.10.12-19.34.40:354][ 46]LogModuleManager: Shutting down and abandoning module CrashTracker (197)
[2015.10.12-19.34.40:354][ 46]LogModuleManager: Shutting down and abandoning module SceneOutliner (196)
[2015.10.12-19.34.40:354][ 46]LogModuleManager: Shutting down and abandoning module SuperSearch (195)
[2015.10.12-19.34.40:354][ 46]LogModuleManager: Shutting down and abandoning module WidgetCarousel (194)
[2015.10.12-19.34.40:354][ 46]LogModuleManager: Shutting down and abandoning module AddContentDialog (193)
[2015.10.12-19.34.40:374][ 46]LogModuleManager: Shutting down and abandoning module EditorWidgets (192)
[2015.10.12-19.34.40:374][ 46]LogModuleManager: Shutting down and abandoning module CollectionManager (191)
[2015.10.12-19.34.40:374][ 46]LogModuleManager: Shutting down and abandoning module StatsViewer (190)
[2015.10.12-19.34.40:382][ 46]LogModuleManager: Shutting down and abandoning module FoliageEdit (189)
[2015.10.12-19.34.40:388][ 46]LogModuleManager: Shutting down and abandoning module LandscapeEditor (188)
[2015.10.12-19.34.40:409][ 46]LogModuleManager: Shutting down and abandoning module ActorPickerMode (187)
[2015.10.12-19.34.40:409][ 46]LogModuleManager: Shutting down and abandoning module GeometryMode (186)
[2015.10.12-19.34.40:409][ 46]LogModuleManager: Shutting down and abandoning module TextureAlignMode (185)
[2015.10.12-19.34.40:409][ 46]LogModuleManager: Shutting down and abandoning module BspMode (184)
[2015.10.12-19.34.40:409][ 46]LogModuleManager: Shutting down and abandoning module PlacementMode (183)
[2015.10.12-19.34.40:409][ 46]LogModuleManager: Shutting down and abandoning module AutomationWorker (182)
[2015.10.12-19.34.40:417][ 46]LogModuleManager: Shutting down and abandoning module CharacterAI (181)
[2015.10.12-19.34.40:417][ 46]LogModuleManager: Shutting down and abandoning module SmartSnapping (180)
[2015.10.12-19.34.40:417][ 46]LogModuleManager: Shutting down and abandoning module ViewportSnapping (179)
[2015.10.12-19.34.40:417][ 46]LogModuleManager: Shutting down and abandoning module LogVisualizer (178)
[2015.10.12-19.34.40:433][ 46]LogModuleManager: Shutting down and abandoning module GameProjectGeneration (177)
[2015.10.12-19.34.40:437][ 46]LogModuleManager: Shutting down and abandoning module IntroTutorials (176)
[2015.10.12-19.34.40:456][ 46]LogModuleManager: Shutting down and abandoning module EditorLiveStreaming (175)
[2015.10.12-19.34.40:456][ 46]LogModuleManager: Shutting down and abandoning module IOSPlatformEditor (174)
[2015.10.12-19.34.40:469][ 46]LogModuleManager: Shutting down and abandoning module HTML5PlatformEditor (173)
[2015.10.12-19.34.40:469][ 46]LogModuleManager: Shutting down and abandoning module AndroidDeviceDetection (172)
[2015.10.12-19.34.40:961][ 46]LogModuleManager: Shutting down and abandoning module AndroidPlatformEditor (171)
[2015.10.12-19.34.40:961][ 46]LogModuleManager: Shutting down and abandoning module IOSRuntimeSettings (170)
[2015.10.12-19.34.40:961][ 46]LogModuleManager: Shutting down and abandoning module AndroidRuntimeSettings (169)
[2015.10.12-19.34.40:961][ 46]LogModuleManager: Shutting down and abandoning module MergeActors (168)
[2015.10.12-19.34.40:993][ 46]LogModuleManager: Shutting down and abandoning module SizeMap (167)
[2015.10.12-19.34.40:993][ 46]LogModuleManager: Shutting down and abandoning module TreeMap (166)
[2015.10.12-19.34.41:015][ 46]LogModuleManager: Shutting down and abandoning module ReferenceViewer (165)
[2015.10.12-19.34.41:015][ 46]LogModuleManager: Shutting down and abandoning module LocalizationService (164)
[2015.10.12-19.34.41:025][ 46]LogModuleManager: Shutting down and abandoning module LocalizationDashboard (163)
[2015.10.12-19.34.41:034][ 46]LogModuleManager: Shutting down and abandoning module HardwareTargeting (162)
[2015.10.12-19.34.41:034][ 46]LogModuleManager: Shutting down and abandoning module DeviceProfileEditor (161)
[2015.10.12-19.34.41:034][ 46]LogModuleManager: Shutting down and abandoning module UndoHistory (160)
[2015.10.12-19.34.41:045][ 46]LogModuleManager: Shutting down and abandoning module GameplayTagsEditor (159)
[2015.10.12-19.34.41:045][ 46]LogModuleManager: Shutting down and abandoning module UserFeedback (158)
[2015.10.12-19.34.41:045][ 46]LogModuleManager: Shutting down and abandoning module XmlParser (157)
[2015.10.12-19.34.41:045][ 46]LogModuleManager: Shutting down and abandoning module Blutility (156)
[2015.10.12-19.34.41:045][ 46]LogModuleManager: Shutting down and abandoning module ProjectTargetPlatformEditor (155)
[2015.10.12-19.34.41:072][ 46]LogModuleManager: Shutting down and abandoning module ProjectSettingsViewer (154)
[2015.10.12-19.34.41:072][ 46]LogModuleManager: Shutting down and abandoning module InputBindingEditor (153)
[2015.10.12-19.34.41:118][ 46]LogModuleManager: Shutting down and abandoning module EditorSettingsViewer (152)
[2015.10.12-19.34.41:118][ 46]LogModuleManager: Shutting down and abandoning module SettingsEditor (151)
[2015.10.12-19.34.41:172][ 46]LogModuleManager: Shutting down and abandoning module ProjectLauncher (150)
[2015.10.12-19.34.41:197][ 46]LogModuleManager: Shutting down and abandoning module SessionFrontend (149)
[2015.10.12-19.34.41:205][ 46]LogModuleManager: Shutting down and abandoning module ProfilerClient (148)
[2015.10.12-19.34.41:227][ 46]LogModuleManager: Shutting down and abandoning module TargetDeviceServices (147)
[2015.10.12-19.34.41:227][ 46]LogModuleManager: Shutting down and abandoning module DeviceManager (146)
[2015.10.12-19.34.41:244][ 46]LogModuleManager: Shutting down and abandoning module AutomationController (145)
[2015.10.12-19.34.41:270][ 46]LogModuleManager: Shutting down and abandoning module AutomationWindow (144)
[2015.10.12-19.34.41:295][ 46]LogModuleManager: Shutting down and abandoning module Layers (143)
[2015.10.12-19.34.41:333][ 46]LogModuleManager: Shutting down and abandoning module ComponentVisualizers (142)
[2015.10.12-19.34.41:333][ 46]LogModuleManager: Shutting down and abandoning module DetailCustomizations (141)
[2015.10.12-19.34.41:360][ 46]LogModuleManager: Shutting down and abandoning module PackagesDialog (140)
[2015.10.12-19.34.41:382][ 46]LogModuleManager: Shutting down and abandoning module Persona (139)
[2015.10.12-19.34.41:411][ 46]LogModuleManager: Shutting down and abandoning module Kismet (138)
[2015.10.12-19.34.41:422][ 46]LogModuleManager: Shutting down and abandoning module GraphEditor (137)
[2015.10.12-19.34.41:422][ 46]LogModuleManager: Shutting down and abandoning module ClassViewer (136)
[2015.10.12-19.34.41:436][ 46]LogModuleManager: Shutting down and abandoning module Toolbox (135)
[2015.10.12-19.34.41:436][ 46]LogModuleManager: Shutting down and abandoning module ModuleUI (134)
[2015.10.12-19.34.41:455][ 46]LogModuleManager: Shutting down and abandoning module MovieSceneTools (133)
[2015.10.12-19.34.41:455][ 46]LogModuleManager: Shutting down and abandoning module OutputLog (132)
[2015.10.12-19.34.41:480][ 46]LogModuleManager: Shutting down and abandoning module GammaUI (131)
[2015.10.12-19.34.41:502][ 46]LogModuleManager: Shutting down and abandoning module Documentation (130)
[2015.10.12-19.34.41:502][ 46]LogModuleManager: Shutting down and abandoning module GameLiveStreaming (129)
[2015.10.12-19.34.41:502][ 46]LogModuleManager: Shutting down and abandoning module StreamingPauseRendering (128)
[2015.10.12-19.34.41:502][ 46]LogModuleManager: Shutting down and abandoning module AnalyticsET (127)
[2015.10.12-19.34.41:502][ 46]LogModuleManager: Shutting down and abandoning module Analytics (126)
[2015.10.12-19.34.41:502][ 46]LogModuleManager: Shutting down and abandoning module AITestSuite (125)
[2015.10.12-19.34.41:521][ 46]LogModuleManager: Shutting down and abandoning module GameplayDebugger (124)
[2015.10.12-19.34.41:521][ 46]LogModuleManager: Shutting down and abandoning module AIModule (123)
[2015.10.12-19.34.41:521][ 46]LogModuleManager: Shutting down and abandoning module ProfilerService (122)
[2015.10.12-19.34.41:560][ 46]LogModuleManager: Shutting down and abandoning module TaskGraph (121)
[2015.10.12-19.34.41:580][ 46]LogModuleManager: Shutting down and abandoning module SlateRemote (120)
[2015.10.12-19.34.41:580][ 46]LogModuleManager: Shutting down and abandoning module SteamVRController (119)
[2015.10.12-19.34.41:580][ 46]LogModuleManager: Shutting down and abandoning module SteamVR (118)
[2015.10.12-19.34.41:580][ 46]LogModuleManager: Shutting down and abandoning module ProceduralMeshComponent (117)
[2015.10.12-19.34.41:580][ 46]LogModuleManager: Shutting down and abandoning module OculusRift (116)
[2015.10.12-19.34.41:580][ 46]LogModuleManager: Shutting down and abandoning module OculusLibrary (115)
[2015.10.12-19.34.41:580][ 46]LogModuleManager: Shutting down and abandoning module LeapMotionController (114)
[2015.10.12-19.34.41:618][ 46]LogModuleManager: Shutting down and abandoning module CustomMeshComponent (113)
[2015.10.12-19.34.41:631][ 46]LogModuleManager: Shutting down and abandoning module CableComponent (112)
[2015.10.12-19.34.41:631][ 46]LogModuleManager: Shutting down and abandoning module ArchVisCharacter (111)
[2015.10.12-19.34.41:631][ 46]LogModuleManager: Shutting down and abandoning module MessagingDebugger (110)
[2015.10.12-19.34.41:687][ 46]LogModuleManager: Shutting down and abandoning module MediaPlayerEditor (109)
[2015.10.12-19.34.41:706][ 46]LogModuleManager: Shutting down and abandoning module HTML5Networking (108)
[2015.10.12-19.34.41:706][ 46]LogModuleManager: Shutting down and abandoning module SpeedTreeImporter (107)
[2015.10.12-19.34.41:706][ 46]LogModuleManager: Shutting down and abandoning module PluginBrowser (106)
[2015.10.12-19.34.41:712][ 46]LogModuleManager: Shutting down and abandoning module EpicSurvey (105)
[2015.10.12-19.34.41:712][ 46]LogModuleManager: Shutting down and abandoning module DesktopPlatform (104)
[2015.10.12-19.34.41:733][ 46]LogModuleManager: Shutting down and abandoning module VisualStudioSourceCodeAccess (103)
[2015.10.12-19.34.41:733][ 46]LogModuleManager: Shutting down and abandoning module UObjectPlugin (102)
[2015.10.12-19.34.41:733][ 46]LogModuleManager: Shutting down and abandoning module SubversionSourceControl (101)
[2015.10.12-19.34.41:845][ 46]LogModuleManager: Shutting down and abandoning module PerforceSourceControl (100)
[2015.10.12-19.34.41:869][ 46]LogModuleManager: Shutting down and abandoning module SourceControl (99)
[2015.10.12-19.34.41:869][ 46]LogModuleManager: Shutting down and abandoning module GitSourceControl (98)
[2015.10.12-19.34.41:869][ 46]LogModuleManager: Shutting down and abandoning module LightPropagationVolumeEditor (97)
[2015.10.12-19.34.41:869][ 46]LogModuleManager: Shutting down and abandoning module PaperTiledImporter (96)
[2015.10.12-19.34.41:878][ 46]LogModuleManager: Shutting down and abandoning module PaperSpriteSheetImporter (95)
[2015.10.12-19.34.41:902][ 46]LogModuleManager: Shutting down and abandoning module MeshPaint (94)
[2015.10.12-19.34.41:922][ 46]LogModuleManager: Shutting down and abandoning module SlateReflector (93)
[2015.10.12-19.34.41:958][ 46]LogModuleManager: Shutting down and abandoning module HotReload (92)
[2015.10.12-19.34.41:966][ 46]LogModuleManager: Shutting down and abandoning module MainFrame (91)
[2015.10.12-19.34.41:966][ 46]LogModuleManager: Shutting down and abandoning module LevelEditor (90)
[2015.10.12-19.34.41:995][ 46]LogModuleManager: Shutting down and abandoning module DirectoryWatcher (89)
[2015.10.12-19.34.41:995][ 46]LogModuleManager: Shutting down and abandoning module AssetRegistry (88)
[2015.10.12-19.34.42:103][ 46]LogModuleManager: Shutting down and abandoning module ContentBrowser (87)
[2015.10.12-19.34.42:104][ 46]LogModuleManager: Shutting down and abandoning module Paper2DEditor (86)
[2015.10.12-19.34.42:131][ 46]LogModuleManager: Shutting down and abandoning module UdpMessaging (85)
[2015.10.12-19.34.42:231][ 46]LogModuleManager: Shutting down and abandoning module LightPropagationVolumeRuntime (84)
[2015.10.12-19.34.42:231][ 46]LogModuleManager: Shutting down and abandoning module Paper2D (83)
[2015.10.12-19.34.42:250][ 46]LogModuleManager: Shutting down and abandoning module WindowsMoviePlayer (82)
[2015.10.12-19.34.42:261][ 46]LogModuleManager: Shutting down and abandoning module Media (81)
[2015.10.12-19.34.42:261][ 46]LogModuleManager: Shutting down and abandoning module WmfMedia (80)
[2015.10.12-19.34.42:267][ 46]LogModuleManager: Shutting down and abandoning module OnlineBlueprintSupport (79)
[2015.10.12-19.34.42:267][ 46]LogModuleManager: Shutting down and abandoning module GameplayTasksEditor (78)
[2015.10.12-19.34.42:267][ 46]LogModuleManager: Shutting down and abandoning module PropertyEditor (77)
[2015.10.12-19.34.42:267][ 46]LogModuleManager: Shutting down and abandoning module BehaviorTreeEditor (76)
[2015.10.12-19.34.42:286][ 46]LogModuleManager: Shutting down and abandoning module FunctionalTesting (75)
[2015.10.12-19.34.42:286][ 46]LogModuleManager: Shutting down and abandoning module CollisionAnalyzer (74)
[2015.10.12-19.34.42:293][ 46]LogModuleManager: Shutting down and abandoning module WorkspaceMenuStructure (73)
[2015.10.12-19.34.42:293][ 46]LogModuleManager: Shutting down and abandoning module MessageLog (72)
[2015.10.12-19.34.42:293][ 46]LogModuleManager: Shutting down and abandoning module Sequencer (71)
[2015.10.12-19.34.42:310][ 46]LogModuleManager: Shutting down and abandoning module AssetTools (70)
[2015.10.12-19.34.42:341][ 46]LogModuleManager: Shutting down and abandoning module UMGEditor (69)
[2015.10.12-19.34.42:353][ 46]LogModuleManager: Shutting down and abandoning module UMG (68)
[2015.10.12-19.34.42:353][ 46]LogModuleManager: Shutting down and abandoning module Slate (67)
[2015.10.12-19.34.42:353][ 46]LogModuleManager: Shutting down and abandoning module EditorStyle (66)
[2015.10.12-19.34.42:355][ 46]LogModuleManager: Shutting down and abandoning module SessionServices (65)
[2015.10.12-19.34.42:355][ 46]LogModuleManager: Shutting down and abandoning module SourceCodeAccess (64)
[2015.10.12-19.34.42:355][ 46]LogModuleManager: Shutting down and abandoning module HeadMountedDisplay (63)
[2015.10.12-19.34.42:355][ 46]LogModuleManager: Shutting down and abandoning module XAudio2 (62)
[2015.10.12-19.34.42:355][ 46]LogModuleManager: Shutting down and abandoning module Networking (60)
[2015.10.12-19.34.42:355][ 46]LogModuleManager: Shutting down and abandoning module Core (59)
[2015.10.12-19.34.42:355][ 46]LogModuleManager: Shutting down and abandoning module KismetCompiler (58)
[2015.10.12-19.34.42:355][ 46]LogModuleManager: Shutting down and abandoning module PhysXFormats (57)
[2015.10.12-19.34.42:355][ 46]LogModuleManager: Shutting down and abandoning module MeshUtilities (56)
[2015.10.12-19.34.42:355][ 46]LogModuleManager: Shutting down and abandoning module CookingStats (55)
[2015.10.12-19.34.42:355][ 46]LogModuleManager: Shutting down and abandoning module DerivedDataCache (54)
[2015.10.12-19.34.42:394][ 46]LogDerivedDataCache: Shutdown
[2015.10.12-19.34.42:394][ 46]LogModuleManager: Shutting down and abandoning module ShaderFormatOpenGL (53)
[2015.10.12-19.34.42:405][ 46]LogModuleManager: Shutting down and abandoning module ShaderFormatD3D (52)
[2015.10.12-19.34.42:405][ 46]LogModuleManager: Shutting down and abandoning module MetalShaderFormat (51)
[2015.10.12-19.34.42:415][ 46]LogModuleManager: Shutting down and abandoning module TextureFormatUncompressed (50)
[2015.10.12-19.34.42:415][ 46]LogModuleManager: Shutting down and abandoning module TextureFormatPVR (49)
[2015.10.12-19.34.42:415][ 46]LogModuleManager: Shutting down and abandoning module TextureFormatIntelISPCTexComp (48)
[2015.10.12-19.34.42:415][ 46]LogModuleManager: Shutting down and abandoning module TextureFormatDXT (47)
[2015.10.12-19.34.42:415][ 46]LogModuleManager: Shutting down and abandoning module ImageWrapper (46)
[2015.10.12-19.34.42:415][ 46]LogModuleManager: Shutting down and abandoning module TextureFormatASTC (45)
[2015.10.12-19.34.42:415][ 46]LogModuleManager: Shutting down and abandoning module TextureFormatAndroid (44)
[2015.10.12-19.34.42:415][ 46]LogModuleManager: Shutting down and abandoning module AudioFormatOpus (43)
[2015.10.12-19.34.42:428][ 46]LogModuleManager: Shutting down and abandoning module AudioFormatOgg (42)
[2015.10.12-19.34.42:428][ 46]LogModuleManager: Shutting down and abandoning module AudioFormatADPCM (41)
[2015.10.12-19.34.42:428][ 46]LogModuleManager: Shutting down and abandoning module LinuxTargetPlatform (40)
[2015.10.12-19.34.42:428][ 46]LogModuleManager: Shutting down and abandoning module LinuxServerTargetPlatform (39)
[2015.10.12-19.34.42:434][ 46]LogModuleManager: Shutting down and abandoning module LinuxNoEditorTargetPlatform (38)
[2015.10.12-19.34.42:442][ 46]LogModuleManager: Shutting down and abandoning module Messaging (37)
[2015.10.12-19.34.42:442][ 46]LogModuleManager: Shutting down and abandoning module IOSTargetPlatform (36)
[2015.10.12-19.34.42:442][ 46]LogModuleManager: Shutting down and abandoning module HTML5TargetPlatform (35)
[2015.10.12-19.34.42:442][ 46]LogModuleManager: Shutting down and abandoning module Android_PVRTCTargetPlatform (34)
[2015.10.12-19.34.42:455][ 46]LogModuleManager: Shutting down and abandoning module Android_ETC2TargetPlatform (33)
[2015.10.12-19.34.42:467][ 46]LogModuleManager: Shutting down and abandoning module Android_ETC1TargetPlatform (32)
[2015.10.12-19.34.42:470][ 46]LogModuleManager: Shutting down and abandoning module Android_DXTTargetPlatform (31)
[2015.10.12-19.34.42:480][ 46]LogModuleManager: Shutting down and abandoning module Android_ATCTargetPlatform (30)
[2015.10.12-19.34.42:493][ 46]LogModuleManager: Shutting down and abandoning module Android_ASTCTargetPlatform (29)
[2015.10.12-19.34.42:500][ 46]LogModuleManager: Shutting down and abandoning module AndroidTargetPlatform (28)
[2015.10.12-19.34.42:507][ 46]LogModuleManager: Shutting down and abandoning module WindowsTargetPlatform (27)
[2015.10.12-19.34.42:507][ 46]LogModuleManager: Shutting down and abandoning module WindowsServerTargetPlatform (26)
[2015.10.12-19.34.42:513][ 46]LogModuleManager: Shutting down and abandoning module WindowsNoEditorTargetPlatform (25)
[2015.10.12-19.34.42:523][ 46]LogModuleManager: Shutting down and abandoning module WindowsClientTargetPlatform (24)
[2015.10.12-19.34.42:533][ 46]LogModuleManager: Shutting down and abandoning module AllDesktopTargetPlatform (23)
[2015.10.12-19.34.42:533][ 46]LogModuleManager: Shutting down and abandoning module TargetPlatform (22)
[2015.10.12-19.34.42:533][ 46]LogModuleManager: Shutting down and abandoning module InputCore (21)
[2015.10.12-19.34.42:533][ 46]LogModuleManager: Shutting down and abandoning module Settings (20)
[2015.10.12-19.34.42:533][ 46]LogModuleManager: Shutting down and abandoning module OnlineSubsystem (18)
[2015.10.12-19.34.42:533][ 46]LogModuleManager: Shutting down and abandoning module HTTP (17)
[2015.10.12-19.34.43:534][ 46]LogModuleManager: Shutting down and abandoning module XMPP (16)
[2015.10.12-19.34.43:546][ 46]LogModuleManager: Shutting down and abandoning module ExampleDeviceProfileSelector (15)
[2015.10.12-19.34.43:546][ 46]LogModuleManager: Shutting down and abandoning module TextureCompressor (14)
[2015.10.12-19.34.43:556][ 46]LogModuleManager: Shutting down and abandoning module ShaderCore (13)
[2015.10.12-19.34.43:556][ 46]LogModuleManager: Shutting down and abandoning module Landscape (12)
[2015.10.12-19.34.43:556][ 46]LogModuleManager: Shutting down and abandoning module SlateRHIRenderer (11)
[2015.10.12-19.34.43:592][ 46]LogModuleManager: Shutting down and abandoning module OpenGLDrv (10)
[2015.10.12-19.34.43:615][ 46]LogModuleManager: Shutting down and abandoning module D3D11RHI (9)
[2015.10.12-19.34.43:615][ 46]LogModuleManager: Shutting down and abandoning module AnimGraphRuntime (8)
[2015.10.12-19.34.43:615][ 46]LogModuleManager: Shutting down and abandoning module Renderer (7)
[2015.10.12-19.34.43:615][ 46]LogModuleManager: Shutting down and abandoning module Engine (6)
[2015.10.12-19.34.43:615][ 46]LogModuleManager: Shutting down and abandoning module CoreUObject (5)
[2015.10.12-19.34.43:615][ 46]LogModuleManager: Shutting down and abandoning module NetworkFile (4)
[2015.10.12-19.34.43:631][ 46]LogModuleManager: Shutting down and abandoning module StreamingFile (3)
[2015.10.12-19.34.43:631][ 46]LogModuleManager: Shutting down and abandoning module SandboxFile (2)
[2015.10.12-19.34.43:638][ 46]LogModuleManager: Shutting down and abandoning module PakFile (1)
[2015.10.12-19.34.43:690][ 46]LogExit: Exiting.
[2015.10.12-19.34.43:714][ 46]Log file closed, 10/12/15 15:34:43
