[2015.10.07-05.15.17:981][  0]Log file open, 10/06/15 22:15:17
[2015.10.07-05.15.17:981][  0]LogInit:Display: Running engine for game: GDDHorrorGame
[2015.10.07-05.15.17:981][  0]LogInit:Display: RandInit(1374226676) SRandInit(1374226676).
[2015.10.07-05.15.17:981][  0]LogTaskGraph: Started task graph with 4 named threads and 7 total threads.
[2015.10.07-05.15.17:981][  0]LogStats: Stats thread started at 0.081072
[2015.10.07-05.15.17:981][  0]LogInit: Version: 4.9.2-2707645+++depot+UE4-Releases+4.9
[2015.10.07-05.15.17:981][  0]LogInit: API Version: 2672455
[2015.10.07-05.15.17:981][  0]LogInit: Compiled (64-bit): Sep 28 2015 10:25:44
[2015.10.07-05.15.17:981][  0]LogInit: Compiled with Visual C++: 18.00.21005.01
[2015.10.07-05.15.17:981][  0]LogInit: Build Configuration: Development
[2015.10.07-05.15.17:981][  0]LogInit: Branch Name: ++depot+UE4-Releases+4.9
[2015.10.07-05.15.17:981][  0]LogInit: Command line:  
[2015.10.07-05.15.17:981][  0]LogInit: Base directory: C:/Program Files/Epic Games/4.9/Engine/Binaries/Win64/
[2015.10.07-05.15.17:981][  0]LogInit: Rocket: 1
[2015.10.07-05.15.18:082][  0]LogInit: Using libcurl 7.41.0
[2015.10.07-05.15.18:082][  0]LogInit:  - built for x86_64-pc-win32
[2015.10.07-05.15.18:082][  0]LogInit:  - supports SSL with WinSSL
[2015.10.07-05.15.18:082][  0]LogInit:  - other features:
[2015.10.07-05.15.18:082][  0]LogInit:      CURL_VERSION_SSL
[2015.10.07-05.15.18:082][  0]LogInit:      CURL_VERSION_IPV6
[2015.10.07-05.15.18:082][  0]LogInit:      CURL_VERSION_ASYNCHDNS
[2015.10.07-05.15.18:082][  0]LogInit:      CURL_VERSION_LARGEFILE
[2015.10.07-05.15.18:082][  0]LogInit:      CURL_VERSION_IDN
[2015.10.07-05.15.18:083][  0]LogInit:  CurlRequestOptions (configurable via config and command line):
[2015.10.07-05.15.18:083][  0]LogInit:  - bVerifyPeer = true  - Libcurl will verify peer certificate
[2015.10.07-05.15.18:083][  0]LogInit:  - bUseHttpProxy = false  - Libcurl will NOT use HTTP proxy
[2015.10.07-05.15.18:083][  0]LogInit:  - bDontReuseConnections = false  - Libcurl will reuse connections
[2015.10.07-05.15.18:083][  0]LogInit:  - CertBundlePath = nullptr  - Libcurl will use whatever was configured at build time.
[2015.10.07-05.15.18:249][  0]LogInit: Presizing for 0 objects not considered by GC, pre-allocating 0 bytes.
[2015.10.07-05.15.18:256][  0]LogInit: Object subsystem initialized
[2015.10.07-05.15.18:290][  0]LogInit: Selected Device Profile: [Windows]
[2015.10.07-05.15.18:290][  0]LogInit: Applying CVar settings loaded from the selected device profile: [Windows]
[2015.10.07-05.15.18:385][  0]LogInit: Computer: LAUREN-PC
[2015.10.07-05.15.18:385][  0]LogInit: User: Lauren
[2015.10.07-05.15.18:385][  0]LogInit: CPU Page size=4096, Cores=4
[2015.10.07-05.15.18:385][  0]LogInit: High frequency timer resolution =2.338369 MHz
[2015.10.07-05.15.18:385][  0]LogMemory: Memory total: Physical=7.9GB (8GB approx)
[2015.10.07-05.15.18:385][  0]LogMemory: Platform Memory Stats for Windows
[2015.10.07-05.15.18:385][  0]LogMemory: Process Physical Memory: 55.27 MB used, 55.27 MB peak
[2015.10.07-05.15.18:385][  0]LogMemory: Process Virtual Memory: 59.82 MB used, 59.82 MB peak
[2015.10.07-05.15.18:385][  0]LogMemory: Physical Memory: 6018.13 MB used, 8079.30 MB total
[2015.10.07-05.15.18:385][  0]LogMemory: Virtual Memory: 342.04 MB used, 8388608.00 MB total
[2015.10.07-05.15.19:493][  0]LogTextLocalizationManager: No specific translations for ('en-US') exist, so ('en') translations will be used.
[2015.10.07-05.15.21:810][  0]LogD3D11RHI: Found D3D11 adapter 0: NVIDIA GeForce GTX 770M (Feature Level 11_0)
[2015.10.07-05.15.21:810][  0]LogD3D11RHI: Adapter has 3009MB of dedicated video memory, 0MB of dedicated system memory, and 3783MB of shared system memory, 1 output[s]
[2015.10.07-05.15.22:510][  0]LogD3D11RHI: Found D3D11 adapter 1: NVIDIA GeForce GTX 770M (Feature Level 11_0)
[2015.10.07-05.15.22:510][  0]LogD3D11RHI: Adapter has 3009MB of dedicated video memory, 0MB of dedicated system memory, and 3783MB of shared system memory, 1 output[s]
[2015.10.07-05.15.22:521][  0]LogD3D11RHI: Chosen D3D11 Adapter Id = 0
[2015.10.07-05.15.22:528][  0]LogD3D11RHI: !Direct3DDevice
[2015.10.07-05.15.22:528][  0]LogRHI: Texture pool is 1361 MB (70% of 1945 MB)
[2015.10.07-05.15.22:543][  0]LogD3D11RHI: Async texture creation enabled
[2015.10.07-05.15.22:558][  0]LogShaderCompilers: Guid format shader working directory is 15 characters bigger than the processId version (E:/GDDHorrorGame/Intermediate/Shaders/WorkingDirectory/5880/).
[2015.10.07-05.15.22:559][  0]LogShaderCompilers: Cleaned the shader compiler working directory 'E:/GDDHorrorGame/Intermediate/Shaders/tmp/7BE4107B4F26E0800AB15CB524981AC3/'.
[2015.10.07-05.15.22:559][  0]LogShaderCompilers:Display: Using Local Shader Compiler.
[2015.10.07-05.15.30:380][  0]LogTemp:Display: Loaded TP AllDesktopTargetPlatform
[2015.10.07-05.15.30:405][  0]LogTemp:Display: Loaded TP WindowsClientTargetPlatform
[2015.10.07-05.15.30:440][  0]LogTemp:Display: Loaded TP WindowsNoEditorTargetPlatform
[2015.10.07-05.15.30:483][  0]LogTemp:Display: Loaded TP WindowsServerTargetPlatform
[2015.10.07-05.15.30:519][  0]LogTemp:Display: Loaded TP WindowsTargetPlatform
[2015.10.07-05.15.30:553][  0]LogTemp:Display: Loaded TP AndroidTargetPlatform
[2015.10.07-05.15.30:602][  0]LogTemp:Display: Loaded TP Android_ASTCTargetPlatform
[2015.10.07-05.15.30:624][  0]LogTemp:Display: Loaded TP Android_ATCTargetPlatform
[2015.10.07-05.15.30:659][  0]LogTemp:Display: Loaded TP Android_DXTTargetPlatform
[2015.10.07-05.15.30:699][  0]LogTemp:Display: Loaded TP Android_ETC1TargetPlatform
[2015.10.07-05.15.30:721][  0]LogTemp:Display: Loaded TP Android_ETC2TargetPlatform
[2015.10.07-05.15.30:746][  0]LogTemp:Display: Loaded TP Android_PVRTCTargetPlatform
[2015.10.07-05.15.30:790][  0]LogTemp:Display: Loaded TP HTML5TargetPlatform
[2015.10.07-05.15.30:891][  0]LogTemp:Display: Loaded TP IOSTargetPlatform
[2015.10.07-05.15.30:899][  0]LogTemp:Display: Loaded TP LinuxNoEditorTargetPlatform
[2015.10.07-05.15.30:918][  0]LogTemp:Display: Loaded TP LinuxServerTargetPlatform
[2015.10.07-05.15.30:943][  0]LogTemp:Display: Loaded TP LinuxTargetPlatform
[2015.10.07-05.15.30:943][  0]LogTargetPlatformManager:Display: Building Assets For Windows
[2015.10.07-05.15.32:297][  0]LogDerivedDataCache:Display: Max Cache Size: 512 MB
[2015.10.07-05.15.36:861][  0]LogDerivedDataCache: Loaded boot cache 4.56s 45MB C:/Users/Lauren/AppData/Local/UnrealEngine/4.9/DerivedDataCache/Boot.ddc.
[2015.10.07-05.15.36:861][  0]LogDerivedDataCache:Display: Loaded Boot cache: C:/Users/Lauren/AppData/Local/UnrealEngine/4.9/DerivedDataCache/Boot.ddc
[2015.10.07-05.15.36:861][  0]LogDerivedDataCache: FDerivedDataBackendGraph:  Pak pak cache file E:/GDDHorrorGame/DerivedDataCache/DDC.ddp not found, will not use a pak cache.
[2015.10.07-05.15.36:861][  0]LogDerivedDataCache: Unable to find inner node Pak for hierarchical cache Hierarchy.
[2015.10.07-05.15.36:861][  0]LogDerivedDataCache: FDerivedDataBackendGraph:  CompressedPak pak cache file E:/GDDHorrorGame/DerivedDataCache/Compressed.ddp not found, will not use a pak cache.
[2015.10.07-05.15.36:861][  0]LogDerivedDataCache: Unable to find inner node CompressedPak for hierarchical cache Hierarchy.
[2015.10.07-05.15.37:234][  0]LogDerivedDataCache:Display: Pak cache opened for reading ../../../Engine/DerivedDataCache/Compressed.ddp.
[2015.10.07-05.15.37:246][  0]LogDerivedDataCache: Using Local data cache path C:/Users/Lauren/AppData/Local/UnrealEngine/Common/DerivedDataCache: Writable
[2015.10.07-05.15.49:819][  0]LogInit: Selected Device Profile: [Windows]
[2015.10.07-05.15.49:820][  0]LogContentStreaming: Texture pool size is 0.000000MB
[2015.10.07-05.15.49:874][  0]LogMeshUtilities: No automatic mesh reduction module available
[2015.10.07-05.15.49:874][  0]LogMeshUtilities: No automatic mesh merging module available
[2015.10.07-05.15.50:234][  0]LogInit: WinSock: version 1.1 (2.2), MaxSocks=32767, MaxUdp=65467
[2015.10.07-05.16.11:745][  0]UdpMessaging: Initializing bridge on interface 0.0.0.0:0 to multicast group 230.0.0.1:6666.
[2015.10.07-05.16.12:344][  0]LogAssetRegistry: FAssetRegistry took 0.0100 seconds to start up
[2015.10.07-05.16.13:117][  0]SourceControl: Info Source control is disabled
[2015.10.07-05.16.13:118][  0]SourceControl: Info Source control is disabled
[2015.10.07-05.16.13:197][  0]SourceControl: Info Source control is disabled
[2015.10.07-05.16.13:225][  0]SourceControl: Info Source control is disabled
[2015.10.07-05.16.14:367][  0]LogLinker:Warning: Asset '../../../Engine/Plugins/Runtime/LeapMotionController/Content/LM_PassthroughMaterial.uasset' has been saved with empty engine version. The asset will be loaded but may be incompatible.
[2015.10.07-05.16.14:699][  0]LogObj: 28361 objects as part of root set at end of initial load.
[2015.10.07-05.16.14:699][  0]LogUObjectAllocator: 6038864 out of 0 bytes used by permanent object pool.
[2015.10.07-05.16.14:900][  0]LogEngine: Initializing Engine...
[2015.10.07-05.16.14:902][  0]LogHMD: Can't find Oculus library dev build: is proper Runtime installed? Version: 0.7.0.0
[2015.10.07-05.16.14:949][  0]LogHMD: SteamVR failed to initialize.  Err: 110
[2015.10.07-05.16.15:118][  0]LogAIModule: Creating AISystem for world NewWorld
[2015.10.07-05.16.15:155][  0]LogInit: XAudio2 using 'Speakers (Siberia v2 D3H)' : 2 channels at 44.1 kHz using 16 bits per sample (channel mask 0x3)
[2015.10.07-05.16.15:172][  0]LogInit: FAudioDevice initialized.
[2015.10.07-05.16.15:193][  0]LogDerivedDataCache: Saved boot cache 0.02s 45MB C:/Users/Lauren/AppData/Local/UnrealEngine/4.9/DerivedDataCache/Boot.ddc.
[2015.10.07-05.16.15:197][  0]LogInit: Texture streaming: Enabled
[2015.10.07-05.16.15:224][  0]LogAnalytics: Creating configured Analytics provider AnalyticsET
[2015.10.07-05.16.15:224][  0]LogAnalytics: [UEEditor.Rocket.Release] APIServer = http://et2.epicgames.com/ET2/. AppVersion = 4.9.2-2707645+++depot+UE4-Releases+4.9
[2015.10.07-05.16.15:225][  0]LogAnalytics: [UEEditor.Rocket.Release] SetUserId 0dfd459848bd316af10e0286bf53d633|62a07662b49e46228294f7f33306ed31|8f7fcacd-7ea7-4aa9-9d3c-39324467dbc7
[2015.10.07-05.16.15:225][  0]LogAnalytics: [UEEditor.Rocket.Release] AnalyticsET::StartSession
[2015.10.07-05.16.16:217][  0]LogInit: Transaction tracking system initialized
[2015.10.07-05.16.16:875][  0]BlueprintLog: New page: Editor Load
[2015.10.07-05.16.24:520][  0]LocalizationService: Info Localization service is disabled
[2015.10.07-05.16.25:983][  0]LogConsoleResponse:Display: 
[2015.10.07-05.16.28:488][  0]LogCook:Display: Done creating registry. It took  0.00s.
[2015.10.07-05.16.29:815][  0]LogFileCache: Scanning file cache for directory 'E:/GDDHorrorGame/Content/' took 0.02s
[2015.10.07-05.16.30:011][  0]SourceControl: Info Source control is disabled
[2015.10.07-05.16.30:053][  0]LogFactory: FactoryCreateBinary: PackFactory with PackFactory (0 0 C:/Program Files/Epic Games/4.9/FeaturePacks/StarterContent.upack)
[2015.10.07-05.16.31:460][  0]LogPackFactory: Finished extracting 8 files (including 0 errors).
[2015.10.07-05.16.31:637][  0]LogPackFactory: Copied "../../../Samples/StarterContent/Content/StarterContent/Architecture/Floor_400x400.uasset" to "E:/GDDHorrorGame/Content/StarterContent/Architecture/Floor_400x400.uasset"
[2015.10.07-05.16.31:693][  0]LogPackFactory: Copied "../../../Samples/StarterContent/Content/StarterContent/Architecture/Pillar_50x500.uasset" to "E:/GDDHorrorGame/Content/StarterContent/Architecture/Pillar_50x500.uasset"
[2015.10.07-05.16.31:908][  0]LogPackFactory: Copied "../../../Samples/StarterContent/Content/StarterContent/Architecture/SM_AssetPlatform.uasset" to "E:/GDDHorrorGame/Content/StarterContent/Architecture/SM_AssetPlatform.uasset"
[2015.10.07-05.16.31:998][  0]LogPackFactory: Copied "../../../Samples/StarterContent/Content/StarterContent/Architecture/Wall_400x200.uasset" to "E:/GDDHorrorGame/Content/StarterContent/Architecture/Wall_400x200.uasset"
[2015.10.07-05.16.32:113][  0]LogPackFactory: Copied "../../../Samples/StarterContent/Content/StarterContent/Architecture/Wall_400x300.uasset" to "E:/GDDHorrorGame/Content/StarterContent/Architecture/Wall_400x300.uasset"
[2015.10.07-05.16.32:188][  0]LogPackFactory: Copied "../../../Samples/StarterContent/Content/StarterContent/Architecture/Wall_400x400.uasset" to "E:/GDDHorrorGame/Content/StarterContent/Architecture/Wall_400x400.uasset"
[2015.10.07-05.16.32:256][  0]LogPackFactory: Copied "../../../Samples/StarterContent/Content/StarterContent/Architecture/Wall_500x500.uasset" to "E:/GDDHorrorGame/Content/StarterContent/Architecture/Wall_500x500.uasset"
[2015.10.07-05.16.32:307][  0]LogPackFactory: Copied "../../../Samples/StarterContent/Content/StarterContent/Architecture/Wall_Door_400x300.uasset" to "E:/GDDHorrorGame/Content/StarterContent/Architecture/Wall_Door_400x300.uasset"
[2015.10.07-05.16.32:441][  0]LogPackFactory: Copied "../../../Samples/StarterContent/Content/StarterContent/Architecture/Wall_Door_400x400.uasset" to "E:/GDDHorrorGame/Content/StarterContent/Architecture/Wall_Door_400x400.uasset"
[2015.10.07-05.16.32:502][  0]LogPackFactory: Copied "../../../Samples/StarterContent/Content/StarterContent/Architecture/Wall_Window_400x300.uasset" to "E:/GDDHorrorGame/Content/StarterContent/Architecture/Wall_Window_400x300.uasset"
[2015.10.07-05.16.32:556][  0]LogPackFactory: Copied "../../../Samples/StarterContent/Content/StarterContent/Architecture/Wall_Window_400x400.uasset" to "E:/GDDHorrorGame/Content/StarterContent/Architecture/Wall_Window_400x400.uasset"
[2015.10.07-05.16.32:745][  0]LogPackFactory: Copied "../../../Samples/StarterContent/Content/StarterContent/Audio/Collapse01.uasset" to "E:/GDDHorrorGame/Content/StarterContent/Audio/Collapse01.uasset"
[2015.10.07-05.16.32:887][  0]LogPackFactory: Copied "../../../Samples/StarterContent/Content/StarterContent/Audio/Collapse02.uasset" to "E:/GDDHorrorGame/Content/StarterContent/Audio/Collapse02.uasset"
[2015.10.07-05.16.32:966][  0]LogPackFactory: Copied "../../../Samples/StarterContent/Content/StarterContent/Audio/Collapse_Cue.uasset" to "E:/GDDHorrorGame/Content/StarterContent/Audio/Collapse_Cue.uasset"
[2015.10.07-05.16.33:245][  0]LogPackFactory: Copied "../../../Samples/StarterContent/Content/StarterContent/Audio/Explosion01.uasset" to "E:/GDDHorrorGame/Content/StarterContent/Audio/Explosion01.uasset"
[2015.10.07-05.16.33:503][  0]LogPackFactory: Copied "../../../Samples/StarterContent/Content/StarterContent/Audio/Explosion02.uasset" to "E:/GDDHorrorGame/Content/StarterContent/Audio/Explosion02.uasset"
[2015.10.07-05.16.33:678][  0]LogPackFactory: Copied "../../../Samples/StarterContent/Content/StarterContent/Audio/Explosion_Cue.uasset" to "E:/GDDHorrorGame/Content/StarterContent/Audio/Explosion_Cue.uasset"
[2015.10.07-05.16.34:012][  0]LogPackFactory: Copied "../../../Samples/StarterContent/Content/StarterContent/Audio/Fire01.uasset" to "E:/GDDHorrorGame/Content/StarterContent/Audio/Fire01.uasset"
[2015.10.07-05.16.34:065][  0]LogPackFactory: Copied "../../../Samples/StarterContent/Content/StarterContent/Audio/Fire01_Cue.uasset" to "E:/GDDHorrorGame/Content/StarterContent/Audio/Fire01_Cue.uasset"
[2015.10.07-05.16.34:547][  0]LogPackFactory: Copied "../../../Samples/StarterContent/Content/StarterContent/Audio/Fire_Sparks01.uasset" to "E:/GDDHorrorGame/Content/StarterContent/Audio/Fire_Sparks01.uasset"
[2015.10.07-05.16.34:626][  0]LogPackFactory: Copied "../../../Samples/StarterContent/Content/StarterContent/Audio/Fire_Sparks01_Cue.uasset" to "E:/GDDHorrorGame/Content/StarterContent/Audio/Fire_Sparks01_Cue.uasset"
[2015.10.07-05.16.37:082][  0]LogPackFactory: Copied "../../../Samples/StarterContent/Content/StarterContent/Audio/Light01.uasset" to "E:/GDDHorrorGame/Content/StarterContent/Audio/Light01.uasset"
[2015.10.07-05.16.37:165][  0]LogPackFactory: Copied "../../../Samples/StarterContent/Content/StarterContent/Audio/Light01_Cue.uasset" to "E:/GDDHorrorGame/Content/StarterContent/Audio/Light01_Cue.uasset"
[2015.10.07-05.16.37:452][  0]LogPackFactory: Copied "../../../Samples/StarterContent/Content/StarterContent/Audio/Light02.uasset" to "E:/GDDHorrorGame/Content/StarterContent/Audio/Light02.uasset"
[2015.10.07-05.16.37:518][  0]LogPackFactory: Copied "../../../Samples/StarterContent/Content/StarterContent/Audio/Light02_Cue.uasset" to "E:/GDDHorrorGame/Content/StarterContent/Audio/Light02_Cue.uasset"
[2015.10.07-05.16.39:837][  0]LogPackFactory: Copied "../../../Samples/StarterContent/Content/StarterContent/Audio/Smoke01.uasset" to "E:/GDDHorrorGame/Content/StarterContent/Audio/Smoke01.uasset"
[2015.10.07-05.16.39:875][  0]LogPackFactory: Copied "../../../Samples/StarterContent/Content/StarterContent/Audio/Smoke01_Cue.uasset" to "E:/GDDHorrorGame/Content/StarterContent/Audio/Smoke01_Cue.uasset"
[2015.10.07-05.16.39:949][  0]LogPackFactory: Copied "../../../Samples/StarterContent/Content/StarterContent/Audio/Starter_Background_Cue.uasset" to "E:/GDDHorrorGame/Content/StarterContent/Audio/Starter_Background_Cue.uasset"
[2015.10.07-05.16.42:531][  0]LogPackFactory: Copied "../../../Samples/StarterContent/Content/StarterContent/Audio/Starter_Birds01.uasset" to "E:/GDDHorrorGame/Content/StarterContent/Audio/Starter_Birds01.uasset"
[2015.10.07-05.16.43:800][  0]LogPackFactory: Copied "../../../Samples/StarterContent/Content/StarterContent/Audio/Starter_Music01.uasset" to "E:/GDDHorrorGame/Content/StarterContent/Audio/Starter_Music01.uasset"
[2015.10.07-05.16.43:907][  0]LogPackFactory: Copied "../../../Samples/StarterContent/Content/StarterContent/Audio/Starter_Music_Cue.uasset" to "E:/GDDHorrorGame/Content/StarterContent/Audio/Starter_Music_Cue.uasset"
[2015.10.07-05.16.44:393][  0]LogPackFactory: Copied "../../../Samples/StarterContent/Content/StarterContent/Audio/Starter_Wind05.uasset" to "E:/GDDHorrorGame/Content/StarterContent/Audio/Starter_Wind05.uasset"
[2015.10.07-05.16.44:742][  0]LogPackFactory: Copied "../../../Samples/StarterContent/Content/StarterContent/Audio/Starter_Wind06.uasset" to "E:/GDDHorrorGame/Content/StarterContent/Audio/Starter_Wind06.uasset"
[2015.10.07-05.16.47:114][  0]LogPackFactory: Copied "../../../Samples/StarterContent/Content/StarterContent/Audio/Steam01.uasset" to "E:/GDDHorrorGame/Content/StarterContent/Audio/Steam01.uasset"
[2015.10.07-05.16.47:208][  0]LogPackFactory: Copied "../../../Samples/StarterContent/Content/StarterContent/Audio/Steam01_Cue.uasset" to "E:/GDDHorrorGame/Content/StarterContent/Audio/Steam01_Cue.uasset"
[2015.10.07-05.16.47:624][  0]LogPackFactory: Copied "../../../Samples/StarterContent/Content/StarterContent/Blueprints/Blueprint_CeilingLight.uasset" to "E:/GDDHorrorGame/Content/StarterContent/Blueprints/Blueprint_CeilingLight.uasset"
[2015.10.07-05.16.50:340][  0]LogPackFactory: Copied "../../../Samples/StarterContent/Content/StarterContent/Blueprints/Blueprint_Effect_Explosion.uasset" to "E:/GDDHorrorGame/Content/StarterContent/Blueprints/Blueprint_Effect_Explosion.uasset"
[2015.10.07-05.16.50:421][  0]LogPackFactory: Copied "../../../Samples/StarterContent/Content/StarterContent/Blueprints/Blueprint_Effect_Fire.uasset" to "E:/GDDHorrorGame/Content/StarterContent/Blueprints/Blueprint_Effect_Fire.uasset"
[2015.10.07-05.16.50:474][  0]LogPackFactory: Copied "../../../Samples/StarterContent/Content/StarterContent/Blueprints/Blueprint_Effect_Smoke.uasset" to "E:/GDDHorrorGame/Content/StarterContent/Blueprints/Blueprint_Effect_Smoke.uasset"
[2015.10.07-05.16.50:519][  0]LogPackFactory: Copied "../../../Samples/StarterContent/Content/StarterContent/Blueprints/Blueprint_Effect_Sparks.uasset" to "E:/GDDHorrorGame/Content/StarterContent/Blueprints/Blueprint_Effect_Sparks.uasset"
[2015.10.07-05.16.50:569][  0]LogPackFactory: Copied "../../../Samples/StarterContent/Content/StarterContent/Blueprints/Blueprint_Effect_Steam.uasset" to "E:/GDDHorrorGame/Content/StarterContent/Blueprints/Blueprint_Effect_Steam.uasset"
[2015.10.07-05.16.50:631][  0]LogPackFactory: Copied "../../../Samples/StarterContent/Content/StarterContent/Blueprints/Blueprint_WallSconce.uasset" to "E:/GDDHorrorGame/Content/StarterContent/Blueprints/Blueprint_WallSconce.uasset"
[2015.10.07-05.16.50:697][  0]LogPackFactory: Copied "../../../Samples/StarterContent/Content/StarterContent/Blueprints/BP_LightStudio.uasset" to "E:/GDDHorrorGame/Content/StarterContent/Blueprints/BP_LightStudio.uasset"
[2015.10.07-05.16.50:783][  0]LogPackFactory: Copied "../../../Samples/StarterContent/Content/StarterContent/Blueprints/Assets/FogBrightnessLUT.uasset" to "E:/GDDHorrorGame/Content/StarterContent/Blueprints/Assets/FogBrightnessLUT.uasset"
[2015.10.07-05.16.50:839][  0]LogPackFactory: Copied "../../../Samples/StarterContent/Content/StarterContent/Blueprints/Assets/M_LightStage_Arrows.uasset" to "E:/GDDHorrorGame/Content/StarterContent/Blueprints/Assets/M_LightStage_Arrows.uasset"
[2015.10.07-05.16.50:901][  0]LogPackFactory: Copied "../../../Samples/StarterContent/Content/StarterContent/Blueprints/Assets/M_LightStage_Skybox_Black.uasset" to "E:/GDDHorrorGame/Content/StarterContent/Blueprints/Assets/M_LightStage_Skybox_Black.uasset"
[2015.10.07-05.16.50:963][  0]LogPackFactory: Copied "../../../Samples/StarterContent/Content/StarterContent/Blueprints/Assets/M_LightStage_Skybox_HDRI.uasset" to "E:/GDDHorrorGame/Content/StarterContent/Blueprints/Assets/M_LightStage_Skybox_HDRI.uasset"
[2015.10.07-05.16.51:002][  0]LogPackFactory: Copied "../../../Samples/StarterContent/Content/StarterContent/Blueprints/Assets/M_LightStage_Skybox_Master.uasset" to "E:/GDDHorrorGame/Content/StarterContent/Blueprints/Assets/M_LightStage_Skybox_Master.uasset"
[2015.10.07-05.16.51:087][  0]LogPackFactory: Copied "../../../Samples/StarterContent/Content/StarterContent/Blueprints/Assets/Skybox.uasset" to "E:/GDDHorrorGame/Content/StarterContent/Blueprints/Assets/Skybox.uasset"
[2015.10.07-05.16.51:174][  0]LogPackFactory: Copied "../../../Samples/StarterContent/Content/StarterContent/Blueprints/Assets/SM_Arrows.uasset" to "E:/GDDHorrorGame/Content/StarterContent/Blueprints/Assets/SM_Arrows.uasset"
[2015.10.07-05.16.51:238][  0]LogPackFactory: Copied "../../../Samples/StarterContent/Content/StarterContent/Blueprints/Assets/SunlightColorLUT.uasset" to "E:/GDDHorrorGame/Content/StarterContent/Blueprints/Assets/SunlightColorLUT.uasset"
[2015.10.07-05.17.01:982][  0]LogPackFactory: Copied "../../../Samples/StarterContent/Content/StarterContent/HDRI/HDRI_Epic_Courtyard_Daylight.uasset" to "E:/GDDHorrorGame/Content/StarterContent/HDRI/HDRI_Epic_Courtyard_Daylight.uasset"
[2015.10.07-05.17.02:076][  0]LogPackFactory: Copied "../../../Samples/StarterContent/Content/StarterContent/Maps/Advanced_Lighting.umap" to "E:/GDDHorrorGame/Content/StarterContent/Maps/Advanced_Lighting.umap"
[2015.10.07-05.17.02:322][  0]LogPackFactory: Copied "../../../Samples/StarterContent/Content/StarterContent/Maps/Minimal_Default.umap" to "E:/GDDHorrorGame/Content/StarterContent/Maps/Minimal_Default.umap"
[2015.10.07-05.17.08:169][  0]LogPackFactory: Copied "../../../Samples/StarterContent/Content/StarterContent/Maps/StarterMap.umap" to "E:/GDDHorrorGame/Content/StarterContent/Maps/StarterMap.umap"
[2015.10.07-05.17.08:253][  0]LogPackFactory: Copied "../../../Samples/StarterContent/Content/StarterContent/Materials/M_AssetPlatform.uasset" to "E:/GDDHorrorGame/Content/StarterContent/Materials/M_AssetPlatform.uasset"
[2015.10.07-05.17.08:300][  0]LogPackFactory: Copied "../../../Samples/StarterContent/Content/StarterContent/Materials/M_Basic_Floor.uasset" to "E:/GDDHorrorGame/Content/StarterContent/Materials/M_Basic_Floor.uasset"
[2015.10.07-05.17.08:334][  0]LogPackFactory: Copied "../../../Samples/StarterContent/Content/StarterContent/Materials/M_Basic_Wall.uasset" to "E:/GDDHorrorGame/Content/StarterContent/Materials/M_Basic_Wall.uasset"
[2015.10.07-05.17.08:378][  0]LogPackFactory: Copied "../../../Samples/StarterContent/Content/StarterContent/Materials/M_Brick_Clay_Beveled.uasset" to "E:/GDDHorrorGame/Content/StarterContent/Materials/M_Brick_Clay_Beveled.uasset"
[2015.10.07-05.17.08:436][  0]LogPackFactory: Copied "../../../Samples/StarterContent/Content/StarterContent/Materials/M_Brick_Clay_New.uasset" to "E:/GDDHorrorGame/Content/StarterContent/Materials/M_Brick_Clay_New.uasset"
[2015.10.07-05.17.08:477][  0]LogPackFactory: Copied "../../../Samples/StarterContent/Content/StarterContent/Materials/M_Brick_Clay_Old.uasset" to "E:/GDDHorrorGame/Content/StarterContent/Materials/M_Brick_Clay_Old.uasset"
[2015.10.07-05.17.08:524][  0]LogPackFactory: Copied "../../../Samples/StarterContent/Content/StarterContent/Materials/M_Brick_Cut_Stone.uasset" to "E:/GDDHorrorGame/Content/StarterContent/Materials/M_Brick_Cut_Stone.uasset"
[2015.10.07-05.17.08:576][  0]LogPackFactory: Copied "../../../Samples/StarterContent/Content/StarterContent/Materials/M_Brick_Hewn_Stone.uasset" to "E:/GDDHorrorGame/Content/StarterContent/Materials/M_Brick_Hewn_Stone.uasset"
[2015.10.07-05.17.08:622][  0]LogPackFactory: Copied "../../../Samples/StarterContent/Content/StarterContent/Materials/M_Ceramic_Tile_Checker.uasset" to "E:/GDDHorrorGame/Content/StarterContent/Materials/M_Ceramic_Tile_Checker.uasset"
[2015.10.07-05.17.08:660][  0]LogPackFactory: Copied "../../../Samples/StarterContent/Content/StarterContent/Materials/M_CobbleStone_Pebble.uasset" to "E:/GDDHorrorGame/Content/StarterContent/Materials/M_CobbleStone_Pebble.uasset"
[2015.10.07-05.17.08:721][  0]LogPackFactory: Copied "../../../Samples/StarterContent/Content/StarterContent/Materials/M_CobbleStone_Rough.uasset" to "E:/GDDHorrorGame/Content/StarterContent/Materials/M_CobbleStone_Rough.uasset"
[2015.10.07-05.17.08:764][  0]LogPackFactory: Copied "../../../Samples/StarterContent/Content/StarterContent/Materials/M_CobbleStone_Smooth.uasset" to "E:/GDDHorrorGame/Content/StarterContent/Materials/M_CobbleStone_Smooth.uasset"
[2015.10.07-05.17.08:821][  0]LogPackFactory: Copied "../../../Samples/StarterContent/Content/StarterContent/Materials/M_ColorGrid_LowSpec.uasset" to "E:/GDDHorrorGame/Content/StarterContent/Materials/M_ColorGrid_LowSpec.uasset"
[2015.10.07-05.17.08:859][  0]LogPackFactory: Copied "../../../Samples/StarterContent/Content/StarterContent/Materials/M_Concrete_Grime.uasset" to "E:/GDDHorrorGame/Content/StarterContent/Materials/M_Concrete_Grime.uasset"
[2015.10.07-05.17.08:898][  0]LogPackFactory: Copied "../../../Samples/StarterContent/Content/StarterContent/Materials/M_Concrete_Panels.uasset" to "E:/GDDHorrorGame/Content/StarterContent/Materials/M_Concrete_Panels.uasset"
[2015.10.07-05.17.08:938][  0]LogPackFactory: Copied "../../../Samples/StarterContent/Content/StarterContent/Materials/M_Concrete_Poured.uasset" to "E:/GDDHorrorGame/Content/StarterContent/Materials/M_Concrete_Poured.uasset"
[2015.10.07-05.17.08:978][  0]LogPackFactory: Copied "../../../Samples/StarterContent/Content/StarterContent/Materials/M_Concrete_Tiles.uasset" to "E:/GDDHorrorGame/Content/StarterContent/Materials/M_Concrete_Tiles.uasset"
[2015.10.07-05.17.09:025][  0]LogPackFactory: Copied "../../../Samples/StarterContent/Content/StarterContent/Materials/M_Glass.uasset" to "E:/GDDHorrorGame/Content/StarterContent/Materials/M_Glass.uasset"
[2015.10.07-05.17.09:080][  0]LogPackFactory: Copied "../../../Samples/StarterContent/Content/StarterContent/Materials/M_Ground_Grass.uasset" to "E:/GDDHorrorGame/Content/StarterContent/Materials/M_Ground_Grass.uasset"
[2015.10.07-05.17.09:127][  0]LogPackFactory: Copied "../../../Samples/StarterContent/Content/StarterContent/Materials/M_Ground_Gravel.uasset" to "E:/GDDHorrorGame/Content/StarterContent/Materials/M_Ground_Gravel.uasset"
[2015.10.07-05.17.09:220][  0]LogPackFactory: Copied "../../../Samples/StarterContent/Content/StarterContent/Materials/M_Ground_Moss.uasset" to "E:/GDDHorrorGame/Content/StarterContent/Materials/M_Ground_Moss.uasset"
[2015.10.07-05.17.09:289][  0]LogPackFactory: Copied "../../../Samples/StarterContent/Content/StarterContent/Materials/M_Metal_Brushed_Nickel.uasset" to "E:/GDDHorrorGame/Content/StarterContent/Materials/M_Metal_Brushed_Nickel.uasset"
[2015.10.07-05.17.09:328][  0]LogPackFactory: Copied "../../../Samples/StarterContent/Content/StarterContent/Materials/M_Metal_Burnished_Steel.uasset" to "E:/GDDHorrorGame/Content/StarterContent/Materials/M_Metal_Burnished_Steel.uasset"
[2015.10.07-05.17.09:365][  0]LogPackFactory: Copied "../../../Samples/StarterContent/Content/StarterContent/Materials/M_Metal_Chrome.uasset" to "E:/GDDHorrorGame/Content/StarterContent/Materials/M_Metal_Chrome.uasset"
[2015.10.07-05.17.09:423][  0]LogPackFactory: Copied "../../../Samples/StarterContent/Content/StarterContent/Materials/M_Metal_Copper.uasset" to "E:/GDDHorrorGame/Content/StarterContent/Materials/M_Metal_Copper.uasset"
[2015.10.07-05.17.09:461][  0]LogPackFactory: Copied "../../../Samples/StarterContent/Content/StarterContent/Materials/M_Metal_Gold.uasset" to "E:/GDDHorrorGame/Content/StarterContent/Materials/M_Metal_Gold.uasset"
[2015.10.07-05.17.09:501][  0]LogPackFactory: Copied "../../../Samples/StarterContent/Content/StarterContent/Materials/M_Metal_Rust.uasset" to "E:/GDDHorrorGame/Content/StarterContent/Materials/M_Metal_Rust.uasset"
[2015.10.07-05.17.11:728][  0]LogPackFactory: Copied "../../../Samples/StarterContent/Content/StarterContent/Materials/M_Metal_Steel.uasset" to "E:/GDDHorrorGame/Content/StarterContent/Materials/M_Metal_Steel.uasset"
[2015.10.07-05.17.11:823][  0]LogPackFactory: Copied "../../../Samples/StarterContent/Content/StarterContent/Materials/M_Rock_Basalt.uasset" to "E:/GDDHorrorGame/Content/StarterContent/Materials/M_Rock_Basalt.uasset"
[2015.10.07-05.17.11:861][  0]LogPackFactory: Copied "../../../Samples/StarterContent/Content/StarterContent/Materials/M_Rock_Marble_Polished.uasset" to "E:/GDDHorrorGame/Content/StarterContent/Materials/M_Rock_Marble_Polished.uasset"
[2015.10.07-05.17.11:901][  0]LogPackFactory: Copied "../../../Samples/StarterContent/Content/StarterContent/Materials/M_Rock_Sandstone.uasset" to "E:/GDDHorrorGame/Content/StarterContent/Materials/M_Rock_Sandstone.uasset"
[2015.10.07-05.17.11:941][  0]LogPackFactory: Copied "../../../Samples/StarterContent/Content/StarterContent/Materials/M_Rock_Slate.uasset" to "E:/GDDHorrorGame/Content/StarterContent/Materials/M_Rock_Slate.uasset"
[2015.10.07-05.17.11:980][  0]LogPackFactory: Copied "../../../Samples/StarterContent/Content/StarterContent/Materials/M_Tech_Checker_Dot.uasset" to "E:/GDDHorrorGame/Content/StarterContent/Materials/M_Tech_Checker_Dot.uasset"
[2015.10.07-05.17.12:029][  0]LogPackFactory: Copied "../../../Samples/StarterContent/Content/StarterContent/Materials/M_Tech_Hex_Tile.uasset" to "E:/GDDHorrorGame/Content/StarterContent/Materials/M_Tech_Hex_Tile.uasset"
[2015.10.07-05.17.12:068][  0]LogPackFactory: Copied "../../../Samples/StarterContent/Content/StarterContent/Materials/M_Tech_Hex_Tile_Pulse.uasset" to "E:/GDDHorrorGame/Content/StarterContent/Materials/M_Tech_Hex_Tile_Pulse.uasset"
[2015.10.07-05.17.12:106][  0]LogPackFactory: Copied "../../../Samples/StarterContent/Content/StarterContent/Materials/M_Tech_Panel.uasset" to "E:/GDDHorrorGame/Content/StarterContent/Materials/M_Tech_Panel.uasset"
[2015.10.07-05.17.12:144][  0]LogPackFactory: Copied "../../../Samples/StarterContent/Content/StarterContent/Materials/M_Water_Lake.uasset" to "E:/GDDHorrorGame/Content/StarterContent/Materials/M_Water_Lake.uasset"
[2015.10.07-05.17.12:191][  0]LogPackFactory: Copied "../../../Samples/StarterContent/Content/StarterContent/Materials/M_Water_Ocean.uasset" to "E:/GDDHorrorGame/Content/StarterContent/Materials/M_Water_Ocean.uasset"
[2015.10.07-05.17.12:229][  0]LogPackFactory: Copied "../../../Samples/StarterContent/Content/StarterContent/Materials/M_Wood_Floor_Walnut_Polished.uasset" to "E:/GDDHorrorGame/Content/StarterContent/Materials/M_Wood_Floor_Walnut_Polished.uasset"
[2015.10.07-05.17.12:269][  0]LogPackFactory: Copied "../../../Samples/StarterContent/Content/StarterContent/Materials/M_Wood_Floor_Walnut_Worn.uasset" to "E:/GDDHorrorGame/Content/StarterContent/Materials/M_Wood_Floor_Walnut_Worn.uasset"
[2015.10.07-05.17.12:338][  0]LogPackFactory: Copied "../../../Samples/StarterContent/Content/StarterContent/Materials/M_Wood_Oak.uasset" to "E:/GDDHorrorGame/Content/StarterContent/Materials/M_Wood_Oak.uasset"
[2015.10.07-05.17.12:376][  0]LogPackFactory: Copied "../../../Samples/StarterContent/Content/StarterContent/Materials/M_Wood_Pine.uasset" to "E:/GDDHorrorGame/Content/StarterContent/Materials/M_Wood_Pine.uasset"
[2015.10.07-05.17.12:422][  0]LogPackFactory: Copied "../../../Samples/StarterContent/Content/StarterContent/Materials/M_Wood_Walnut.uasset" to "E:/GDDHorrorGame/Content/StarterContent/Materials/M_Wood_Walnut.uasset"
[2015.10.07-05.17.12:478][  0]LogPackFactory: Copied "../../../Samples/StarterContent/Content/StarterContent/Particles/P_Ambient_Dust.uasset" to "E:/GDDHorrorGame/Content/StarterContent/Particles/P_Ambient_Dust.uasset"
[2015.10.07-05.17.12:550][  0]LogPackFactory: Copied "../../../Samples/StarterContent/Content/StarterContent/Particles/P_Explosion.uasset" to "E:/GDDHorrorGame/Content/StarterContent/Particles/P_Explosion.uasset"
[2015.10.07-05.17.12:621][  0]LogPackFactory: Copied "../../../Samples/StarterContent/Content/StarterContent/Particles/P_Fire.uasset" to "E:/GDDHorrorGame/Content/StarterContent/Particles/P_Fire.uasset"
[2015.10.07-05.17.12:670][  0]LogPackFactory: Copied "../../../Samples/StarterContent/Content/StarterContent/Particles/P_Smoke.uasset" to "E:/GDDHorrorGame/Content/StarterContent/Particles/P_Smoke.uasset"
[2015.10.07-05.17.12:736][  0]LogPackFactory: Copied "../../../Samples/StarterContent/Content/StarterContent/Particles/P_Sparks.uasset" to "E:/GDDHorrorGame/Content/StarterContent/Particles/P_Sparks.uasset"
[2015.10.07-05.17.12:790][  0]LogPackFactory: Copied "../../../Samples/StarterContent/Content/StarterContent/Particles/P_Steam_Lit.uasset" to "E:/GDDHorrorGame/Content/StarterContent/Particles/P_Steam_Lit.uasset"
[2015.10.07-05.17.12:856][  0]LogPackFactory: Copied "../../../Samples/StarterContent/Content/StarterContent/Particles/Materials/M_Burst.uasset" to "E:/GDDHorrorGame/Content/StarterContent/Particles/Materials/M_Burst.uasset"
[2015.10.07-05.17.12:896][  0]LogPackFactory: Copied "../../../Samples/StarterContent/Content/StarterContent/Particles/Materials/M_Dust_Particle.uasset" to "E:/GDDHorrorGame/Content/StarterContent/Particles/Materials/M_Dust_Particle.uasset"
[2015.10.07-05.17.12:937][  0]LogPackFactory: Copied "../../../Samples/StarterContent/Content/StarterContent/Particles/Materials/M_explosion_subUV.uasset" to "E:/GDDHorrorGame/Content/StarterContent/Particles/Materials/M_explosion_subUV.uasset"
[2015.10.07-05.17.12:987][  0]LogPackFactory: Copied "../../../Samples/StarterContent/Content/StarterContent/Particles/Materials/M_Fire_SubUV.uasset" to "E:/GDDHorrorGame/Content/StarterContent/Particles/Materials/M_Fire_SubUV.uasset"
[2015.10.07-05.17.13:030][  0]LogPackFactory: Copied "../../../Samples/StarterContent/Content/StarterContent/Particles/Materials/m_flare_01.uasset" to "E:/GDDHorrorGame/Content/StarterContent/Particles/Materials/m_flare_01.uasset"
[2015.10.07-05.17.13:089][  0]LogPackFactory: Copied "../../../Samples/StarterContent/Content/StarterContent/Particles/Materials/M_Heat_Distortion.uasset" to "E:/GDDHorrorGame/Content/StarterContent/Particles/Materials/M_Heat_Distortion.uasset"
[2015.10.07-05.17.13:140][  0]LogPackFactory: Copied "../../../Samples/StarterContent/Content/StarterContent/Particles/Materials/M_Radial_Gradient.uasset" to "E:/GDDHorrorGame/Content/StarterContent/Particles/Materials/M_Radial_Gradient.uasset"
[2015.10.07-05.17.13:175][  0]LogPackFactory: Copied "../../../Samples/StarterContent/Content/StarterContent/Particles/Materials/M_radial_ramp.uasset" to "E:/GDDHorrorGame/Content/StarterContent/Particles/Materials/M_radial_ramp.uasset"
[2015.10.07-05.17.13:213][  0]LogPackFactory: Copied "../../../Samples/StarterContent/Content/StarterContent/Particles/Materials/M_smoke_subUV.uasset" to "E:/GDDHorrorGame/Content/StarterContent/Particles/Materials/M_smoke_subUV.uasset"
[2015.10.07-05.17.13:248][  0]LogPackFactory: Copied "../../../Samples/StarterContent/Content/StarterContent/Particles/Materials/M_Spark.uasset" to "E:/GDDHorrorGame/Content/StarterContent/Particles/Materials/M_Spark.uasset"
[2015.10.07-05.17.13:339][  0]LogPackFactory: Copied "../../../Samples/StarterContent/Content/StarterContent/Props/MaterialSphere.uasset" to "E:/GDDHorrorGame/Content/StarterContent/Props/MaterialSphere.uasset"
[2015.10.07-05.17.13:391][  0]LogPackFactory: Copied "../../../Samples/StarterContent/Content/StarterContent/Props/SM_Bush.uasset" to "E:/GDDHorrorGame/Content/StarterContent/Props/SM_Bush.uasset"
[2015.10.07-05.17.13:434][  0]LogPackFactory: Copied "../../../Samples/StarterContent/Content/StarterContent/Props/SM_Chair.uasset" to "E:/GDDHorrorGame/Content/StarterContent/Props/SM_Chair.uasset"
[2015.10.07-05.17.13:474][  0]LogPackFactory: Copied "../../../Samples/StarterContent/Content/StarterContent/Props/SM_CornerFrame.uasset" to "E:/GDDHorrorGame/Content/StarterContent/Props/SM_CornerFrame.uasset"
[2015.10.07-05.17.13:522][  0]LogPackFactory: Copied "../../../Samples/StarterContent/Content/StarterContent/Props/SM_Couch.uasset" to "E:/GDDHorrorGame/Content/StarterContent/Props/SM_Couch.uasset"
[2015.10.07-05.17.13:566][  0]LogPackFactory: Copied "../../../Samples/StarterContent/Content/StarterContent/Props/SM_Door.uasset" to "E:/GDDHorrorGame/Content/StarterContent/Props/SM_Door.uasset"
[2015.10.07-05.17.13:605][  0]LogPackFactory: Copied "../../../Samples/StarterContent/Content/StarterContent/Props/SM_DoorFrame.uasset" to "E:/GDDHorrorGame/Content/StarterContent/Props/SM_DoorFrame.uasset"
[2015.10.07-05.17.13:648][  0]LogPackFactory: Copied "../../../Samples/StarterContent/Content/StarterContent/Props/SM_GlassWindow.uasset" to "E:/GDDHorrorGame/Content/StarterContent/Props/SM_GlassWindow.uasset"
[2015.10.07-05.17.13:698][  0]LogPackFactory: Copied "../../../Samples/StarterContent/Content/StarterContent/Props/SM_Lamp_Ceiling.uasset" to "E:/GDDHorrorGame/Content/StarterContent/Props/SM_Lamp_Ceiling.uasset"
[2015.10.07-05.17.13:772][  0]LogPackFactory: Copied "../../../Samples/StarterContent/Content/StarterContent/Props/SM_Lamp_Wall.uasset" to "E:/GDDHorrorGame/Content/StarterContent/Props/SM_Lamp_Wall.uasset"
[2015.10.07-05.17.18:503][  0]LogPackFactory: Copied "../../../Samples/StarterContent/Content/StarterContent/Props/SM_MatPreviewMesh_02.uasset" to "E:/GDDHorrorGame/Content/StarterContent/Props/SM_MatPreviewMesh_02.uasset"
[2015.10.07-05.17.18:619][  0]LogPackFactory: Copied "../../../Samples/StarterContent/Content/StarterContent/Props/SM_PillarFrame.uasset" to "E:/GDDHorrorGame/Content/StarterContent/Props/SM_PillarFrame.uasset"
[2015.10.07-05.17.18:658][  0]LogPackFactory: Copied "../../../Samples/StarterContent/Content/StarterContent/Props/SM_PillarFrame300.uasset" to "E:/GDDHorrorGame/Content/StarterContent/Props/SM_PillarFrame300.uasset"
[2015.10.07-05.17.18:728][  0]LogPackFactory: Copied "../../../Samples/StarterContent/Content/StarterContent/Props/SM_Rock.uasset" to "E:/GDDHorrorGame/Content/StarterContent/Props/SM_Rock.uasset"
[2015.10.07-05.17.18:769][  0]LogPackFactory: Copied "../../../Samples/StarterContent/Content/StarterContent/Props/SM_Shelf.uasset" to "E:/GDDHorrorGame/Content/StarterContent/Props/SM_Shelf.uasset"
[2015.10.07-05.17.18:804][  0]LogPackFactory: Copied "../../../Samples/StarterContent/Content/StarterContent/Props/SM_Stairs.uasset" to "E:/GDDHorrorGame/Content/StarterContent/Props/SM_Stairs.uasset"
[2015.10.07-05.17.18:891][  0]LogPackFactory: Copied "../../../Samples/StarterContent/Content/StarterContent/Props/SM_Statue.uasset" to "E:/GDDHorrorGame/Content/StarterContent/Props/SM_Statue.uasset"
[2015.10.07-05.17.19:005][  0]LogPackFactory: Copied "../../../Samples/StarterContent/Content/StarterContent/Props/SM_TableRound.uasset" to "E:/GDDHorrorGame/Content/StarterContent/Props/SM_TableRound.uasset"
[2015.10.07-05.17.19:039][  0]LogPackFactory: Copied "../../../Samples/StarterContent/Content/StarterContent/Props/SM_WindowFrame.uasset" to "E:/GDDHorrorGame/Content/StarterContent/Props/SM_WindowFrame.uasset"
[2015.10.07-05.17.19:128][  0]LogPackFactory: Copied "../../../Samples/StarterContent/Content/StarterContent/Props/Materials/M_Bush.uasset" to "E:/GDDHorrorGame/Content/StarterContent/Props/Materials/M_Bush.uasset"
[2015.10.07-05.17.19:167][  0]LogPackFactory: Copied "../../../Samples/StarterContent/Content/StarterContent/Props/Materials/M_Chair.uasset" to "E:/GDDHorrorGame/Content/StarterContent/Props/Materials/M_Chair.uasset"
[2015.10.07-05.17.19:213][  0]LogPackFactory: Copied "../../../Samples/StarterContent/Content/StarterContent/Props/Materials/M_Door.uasset" to "E:/GDDHorrorGame/Content/StarterContent/Props/Materials/M_Door.uasset"
[2015.10.07-05.17.19:250][  0]LogPackFactory: Copied "../../../Samples/StarterContent/Content/StarterContent/Props/Materials/M_Frame.uasset" to "E:/GDDHorrorGame/Content/StarterContent/Props/Materials/M_Frame.uasset"
[2015.10.07-05.17.19:287][  0]LogPackFactory: Copied "../../../Samples/StarterContent/Content/StarterContent/Props/Materials/M_Lamp.uasset" to "E:/GDDHorrorGame/Content/StarterContent/Props/Materials/M_Lamp.uasset"
[2015.10.07-05.17.19:332][  0]LogPackFactory: Copied "../../../Samples/StarterContent/Content/StarterContent/Props/Materials/M_MaterialSphere.uasset" to "E:/GDDHorrorGame/Content/StarterContent/Props/Materials/M_MaterialSphere.uasset"
[2015.10.07-05.17.19:367][  0]LogPackFactory: Copied "../../../Samples/StarterContent/Content/StarterContent/Props/Materials/M_MaterialSphere_Plain.uasset" to "E:/GDDHorrorGame/Content/StarterContent/Props/Materials/M_MaterialSphere_Plain.uasset"
[2015.10.07-05.17.19:407][  0]LogPackFactory: Copied "../../../Samples/StarterContent/Content/StarterContent/Props/Materials/M_Rock.uasset" to "E:/GDDHorrorGame/Content/StarterContent/Props/Materials/M_Rock.uasset"
[2015.10.07-05.17.19:444][  0]LogPackFactory: Copied "../../../Samples/StarterContent/Content/StarterContent/Props/Materials/M_Shelf.uasset" to "E:/GDDHorrorGame/Content/StarterContent/Props/Materials/M_Shelf.uasset"
[2015.10.07-05.17.19:491][  0]LogPackFactory: Copied "../../../Samples/StarterContent/Content/StarterContent/Props/Materials/M_Statue.uasset" to "E:/GDDHorrorGame/Content/StarterContent/Props/Materials/M_Statue.uasset"
[2015.10.07-05.17.19:547][  0]LogPackFactory: Copied "../../../Samples/StarterContent/Content/StarterContent/Props/Materials/M_StatueGlass.uasset" to "E:/GDDHorrorGame/Content/StarterContent/Props/Materials/M_StatueGlass.uasset"
[2015.10.07-05.17.19:600][  0]LogPackFactory: Copied "../../../Samples/StarterContent/Content/StarterContent/Props/Materials/M_TableRound.uasset" to "E:/GDDHorrorGame/Content/StarterContent/Props/Materials/M_TableRound.uasset"
[2015.10.07-05.17.19:675][  0]LogPackFactory: Copied "../../../Samples/StarterContent/Content/StarterContent/Shapes/Shape_Cone.uasset" to "E:/GDDHorrorGame/Content/StarterContent/Shapes/Shape_Cone.uasset"
[2015.10.07-05.17.19:731][  0]LogPackFactory: Copied "../../../Samples/StarterContent/Content/StarterContent/Shapes/Shape_Cube.uasset" to "E:/GDDHorrorGame/Content/StarterContent/Shapes/Shape_Cube.uasset"
[2015.10.07-05.17.19:771][  0]LogPackFactory: Copied "../../../Samples/StarterContent/Content/StarterContent/Shapes/Shape_Cylinder.uasset" to "E:/GDDHorrorGame/Content/StarterContent/Shapes/Shape_Cylinder.uasset"
[2015.10.07-05.17.19:820][  0]LogPackFactory: Copied "../../../Samples/StarterContent/Content/StarterContent/Shapes/Shape_NarrowCapsule.uasset" to "E:/GDDHorrorGame/Content/StarterContent/Shapes/Shape_NarrowCapsule.uasset"
[2015.10.07-05.17.19:865][  0]LogPackFactory: Copied "../../../Samples/StarterContent/Content/StarterContent/Shapes/Shape_Pipe.uasset" to "E:/GDDHorrorGame/Content/StarterContent/Shapes/Shape_Pipe.uasset"
[2015.10.07-05.17.19:934][  0]LogPackFactory: Copied "../../../Samples/StarterContent/Content/StarterContent/Shapes/Shape_Pipe_180.uasset" to "E:/GDDHorrorGame/Content/StarterContent/Shapes/Shape_Pipe_180.uasset"
[2015.10.07-05.17.19:974][  0]LogPackFactory: Copied "../../../Samples/StarterContent/Content/StarterContent/Shapes/Shape_Pipe_90.uasset" to "E:/GDDHorrorGame/Content/StarterContent/Shapes/Shape_Pipe_90.uasset"
[2015.10.07-05.17.20:009][  0]LogPackFactory: Copied "../../../Samples/StarterContent/Content/StarterContent/Shapes/Shape_Plane.uasset" to "E:/GDDHorrorGame/Content/StarterContent/Shapes/Shape_Plane.uasset"
[2015.10.07-05.17.20:059][  0]LogPackFactory: Copied "../../../Samples/StarterContent/Content/StarterContent/Shapes/Shape_QuadPyramid.uasset" to "E:/GDDHorrorGame/Content/StarterContent/Shapes/Shape_QuadPyramid.uasset"
[2015.10.07-05.17.20:137][  0]LogPackFactory: Copied "../../../Samples/StarterContent/Content/StarterContent/Shapes/Shape_Sphere.uasset" to "E:/GDDHorrorGame/Content/StarterContent/Shapes/Shape_Sphere.uasset"
[2015.10.07-05.17.20:215][  0]LogPackFactory: Copied "../../../Samples/StarterContent/Content/StarterContent/Shapes/Shape_Torus.uasset" to "E:/GDDHorrorGame/Content/StarterContent/Shapes/Shape_Torus.uasset"
[2015.10.07-05.17.20:251][  0]LogPackFactory: Copied "../../../Samples/StarterContent/Content/StarterContent/Shapes/Shape_Trim.uasset" to "E:/GDDHorrorGame/Content/StarterContent/Shapes/Shape_Trim.uasset"
[2015.10.07-05.17.20:305][  0]LogPackFactory: Copied "../../../Samples/StarterContent/Content/StarterContent/Shapes/Shape_Trim_90_In.uasset" to "E:/GDDHorrorGame/Content/StarterContent/Shapes/Shape_Trim_90_In.uasset"
[2015.10.07-05.17.20:362][  0]LogPackFactory: Copied "../../../Samples/StarterContent/Content/StarterContent/Shapes/Shape_Trim_90_Out.uasset" to "E:/GDDHorrorGame/Content/StarterContent/Shapes/Shape_Trim_90_Out.uasset"
[2015.10.07-05.17.20:396][  0]LogPackFactory: Copied "../../../Samples/StarterContent/Content/StarterContent/Shapes/Shape_TriPyramid.uasset" to "E:/GDDHorrorGame/Content/StarterContent/Shapes/Shape_TriPyramid.uasset"
[2015.10.07-05.17.20:444][  0]LogPackFactory: Copied "../../../Samples/StarterContent/Content/StarterContent/Shapes/Shape_Tube.uasset" to "E:/GDDHorrorGame/Content/StarterContent/Shapes/Shape_Tube.uasset"
[2015.10.07-05.17.20:478][  0]LogPackFactory: Copied "../../../Samples/StarterContent/Content/StarterContent/Shapes/Shape_Wedge_A.uasset" to "E:/GDDHorrorGame/Content/StarterContent/Shapes/Shape_Wedge_A.uasset"
[2015.10.07-05.17.20:521][  0]LogPackFactory: Copied "../../../Samples/StarterContent/Content/StarterContent/Shapes/Shape_Wedge_B.uasset" to "E:/GDDHorrorGame/Content/StarterContent/Shapes/Shape_Wedge_B.uasset"
[2015.10.07-05.17.20:561][  0]LogPackFactory: Copied "../../../Samples/StarterContent/Content/StarterContent/Shapes/Shape_WideCapsule.uasset" to "E:/GDDHorrorGame/Content/StarterContent/Shapes/Shape_WideCapsule.uasset"
[2015.10.07-05.17.21:191][  0]LogPackFactory: Copied "../../../Samples/StarterContent/Content/StarterContent/Textures/T_Brick_Clay_Beveled_D.uasset" to "E:/GDDHorrorGame/Content/StarterContent/Textures/T_Brick_Clay_Beveled_D.uasset"
[2015.10.07-05.17.26:400][  0]LogPackFactory: Copied "../../../Samples/StarterContent/Content/StarterContent/Textures/T_Brick_Clay_Beveled_M.uasset" to "E:/GDDHorrorGame/Content/StarterContent/Textures/T_Brick_Clay_Beveled_M.uasset"
[2015.10.07-05.17.27:037][  0]LogPackFactory: Copied "../../../Samples/StarterContent/Content/StarterContent/Textures/T_Brick_Clay_Beveled_N.uasset" to "E:/GDDHorrorGame/Content/StarterContent/Textures/T_Brick_Clay_Beveled_N.uasset"
[2015.10.07-05.17.27:658][  0]LogPackFactory: Copied "../../../Samples/StarterContent/Content/StarterContent/Textures/T_Brick_Clay_New_D.uasset" to "E:/GDDHorrorGame/Content/StarterContent/Textures/T_Brick_Clay_New_D.uasset"
[2015.10.07-05.17.28:399][  0]LogPackFactory: Copied "../../../Samples/StarterContent/Content/StarterContent/Textures/T_Brick_Clay_New_M.uasset" to "E:/GDDHorrorGame/Content/StarterContent/Textures/T_Brick_Clay_New_M.uasset"
[2015.10.07-05.17.29:106][  0]LogPackFactory: Copied "../../../Samples/StarterContent/Content/StarterContent/Textures/T_Brick_Clay_New_N.uasset" to "E:/GDDHorrorGame/Content/StarterContent/Textures/T_Brick_Clay_New_N.uasset"
[2015.10.07-05.17.30:092][  0]LogPackFactory: Copied "../../../Samples/StarterContent/Content/StarterContent/Textures/T_Brick_Clay_Old_D.uasset" to "E:/GDDHorrorGame/Content/StarterContent/Textures/T_Brick_Clay_Old_D.uasset"
[2015.10.07-05.17.30:762][  0]LogPackFactory: Copied "../../../Samples/StarterContent/Content/StarterContent/Textures/T_Brick_Clay_Old_N.uasset" to "E:/GDDHorrorGame/Content/StarterContent/Textures/T_Brick_Clay_Old_N.uasset"
[2015.10.07-05.17.31:821][  0]LogPackFactory: Copied "../../../Samples/StarterContent/Content/StarterContent/Textures/T_Brick_Cut_Stone_D.uasset" to "E:/GDDHorrorGame/Content/StarterContent/Textures/T_Brick_Cut_Stone_D.uasset"
[2015.10.07-05.17.32:614][  0]LogPackFactory: Copied "../../../Samples/StarterContent/Content/StarterContent/Textures/T_Brick_Cut_Stone_N.uasset" to "E:/GDDHorrorGame/Content/StarterContent/Textures/T_Brick_Cut_Stone_N.uasset"
[2015.10.07-05.17.33:376][  0]LogPackFactory: Copied "../../../Samples/StarterContent/Content/StarterContent/Textures/T_Brick_Hewn_Stone_D.uasset" to "E:/GDDHorrorGame/Content/StarterContent/Textures/T_Brick_Hewn_Stone_D.uasset"
[2015.10.07-05.17.34:054][  0]LogPackFactory: Copied "../../../Samples/StarterContent/Content/StarterContent/Textures/T_Brick_Hewn_Stone_M.uasset" to "E:/GDDHorrorGame/Content/StarterContent/Textures/T_Brick_Hewn_Stone_M.uasset"
[2015.10.07-05.17.34:798][  0]LogPackFactory: Copied "../../../Samples/StarterContent/Content/StarterContent/Textures/T_Brick_Hewn_Stone_N.uasset" to "E:/GDDHorrorGame/Content/StarterContent/Textures/T_Brick_Hewn_Stone_N.uasset"
[2015.10.07-05.17.34:874][  0]LogPackFactory: Copied "../../../Samples/StarterContent/Content/StarterContent/Textures/T_Burst_M.uasset" to "E:/GDDHorrorGame/Content/StarterContent/Textures/T_Burst_M.uasset"
[2015.10.07-05.17.34:960][  0]LogPackFactory: Copied "../../../Samples/StarterContent/Content/StarterContent/Textures/T_Bush_D.uasset" to "E:/GDDHorrorGame/Content/StarterContent/Textures/T_Bush_D.uasset"
[2015.10.07-05.17.35:033][  0]LogPackFactory: Copied "../../../Samples/StarterContent/Content/StarterContent/Textures/T_Bush_N.uasset" to "E:/GDDHorrorGame/Content/StarterContent/Textures/T_Bush_N.uasset"
[2015.10.07-05.17.35:108][  0]LogPackFactory: Copied "../../../Samples/StarterContent/Content/StarterContent/Textures/T_Ceramic_Tile_M.uasset" to "E:/GDDHorrorGame/Content/StarterContent/Textures/T_Ceramic_Tile_M.uasset"
[2015.10.07-05.17.35:193][  0]LogPackFactory: Copied "../../../Samples/StarterContent/Content/StarterContent/Textures/T_Ceramic_Tile_N.uasset" to "E:/GDDHorrorGame/Content/StarterContent/Textures/T_Ceramic_Tile_N.uasset"
[2015.10.07-05.17.35:272][  0]LogPackFactory: Copied "../../../Samples/StarterContent/Content/StarterContent/Textures/T_Chair_M.uasset" to "E:/GDDHorrorGame/Content/StarterContent/Textures/T_Chair_M.uasset"
[2015.10.07-05.17.35:571][  0]LogPackFactory: Copied "../../../Samples/StarterContent/Content/StarterContent/Textures/T_Chair_N.uasset" to "E:/GDDHorrorGame/Content/StarterContent/Textures/T_Chair_N.uasset"
[2015.10.07-05.17.35:623][  0]LogPackFactory: Copied "../../../Samples/StarterContent/Content/StarterContent/Textures/T_Checker_Noise_M.uasset" to "E:/GDDHorrorGame/Content/StarterContent/Textures/T_Checker_Noise_M.uasset"
[2015.10.07-05.17.36:539][  0]LogPackFactory: Copied "../../../Samples/StarterContent/Content/StarterContent/Textures/T_CobbleStone_Pebble_D.uasset" to "E:/GDDHorrorGame/Content/StarterContent/Textures/T_CobbleStone_Pebble_D.uasset"
[2015.10.07-05.17.36:757][  0]LogPackFactory: Copied "../../../Samples/StarterContent/Content/StarterContent/Textures/T_CobbleStone_Pebble_M.uasset" to "E:/GDDHorrorGame/Content/StarterContent/Textures/T_CobbleStone_Pebble_M.uasset"
[2015.10.07-05.17.37:886][  0]LogPackFactory: Copied "../../../Samples/StarterContent/Content/StarterContent/Textures/T_CobbleStone_Pebble_N.uasset" to "E:/GDDHorrorGame/Content/StarterContent/Textures/T_CobbleStone_Pebble_N.uasset"
[2015.10.07-05.17.38:282][  0]LogPackFactory: Copied "../../../Samples/StarterContent/Content/StarterContent/Textures/T_CobbleStone_Rough_D.uasset" to "E:/GDDHorrorGame/Content/StarterContent/Textures/T_CobbleStone_Rough_D.uasset"
[2015.10.07-05.17.38:622][  0]LogPackFactory: Copied "../../../Samples/StarterContent/Content/StarterContent/Textures/T_CobbleStone_Rough_N.uasset" to "E:/GDDHorrorGame/Content/StarterContent/Textures/T_CobbleStone_Rough_N.uasset"
[2015.10.07-05.17.39:241][  0]LogPackFactory: Copied "../../../Samples/StarterContent/Content/StarterContent/Textures/T_CobbleStone_Smooth_D.uasset" to "E:/GDDHorrorGame/Content/StarterContent/Textures/T_CobbleStone_Smooth_D.uasset"
[2015.10.07-05.17.39:893][  0]LogPackFactory: Copied "../../../Samples/StarterContent/Content/StarterContent/Textures/T_CobbleStone_Smooth_M.uasset" to "E:/GDDHorrorGame/Content/StarterContent/Textures/T_CobbleStone_Smooth_M.uasset"
[2015.10.07-05.17.40:684][  0]LogPackFactory: Copied "../../../Samples/StarterContent/Content/StarterContent/Textures/T_CobbleStone_Smooth_N.uasset" to "E:/GDDHorrorGame/Content/StarterContent/Textures/T_CobbleStone_Smooth_N.uasset"
[2015.10.07-05.17.41:555][  0]LogPackFactory: Copied "../../../Samples/StarterContent/Content/StarterContent/Textures/T_Concrete_Grime_D.uasset" to "E:/GDDHorrorGame/Content/StarterContent/Textures/T_Concrete_Grime_D.uasset"
[2015.10.07-05.17.42:385][  0]LogPackFactory: Copied "../../../Samples/StarterContent/Content/StarterContent/Textures/T_Concrete_Panels_D.uasset" to "E:/GDDHorrorGame/Content/StarterContent/Textures/T_Concrete_Panels_D.uasset"
[2015.10.07-05.17.43:072][  0]LogPackFactory: Copied "../../../Samples/StarterContent/Content/StarterContent/Textures/T_Concrete_Panels_N.uasset" to "E:/GDDHorrorGame/Content/StarterContent/Textures/T_Concrete_Panels_N.uasset"
[2015.10.07-05.17.44:171][  0]LogPackFactory: Copied "../../../Samples/StarterContent/Content/StarterContent/Textures/T_Concrete_Poured_D.uasset" to "E:/GDDHorrorGame/Content/StarterContent/Textures/T_Concrete_Poured_D.uasset"
[2015.10.07-05.17.44:811][  0]LogPackFactory: Copied "../../../Samples/StarterContent/Content/StarterContent/Textures/T_Concrete_Poured_N.uasset" to "E:/GDDHorrorGame/Content/StarterContent/Textures/T_Concrete_Poured_N.uasset"
[2015.10.07-05.17.45:348][  0]LogPackFactory: Copied "../../../Samples/StarterContent/Content/StarterContent/Textures/T_Concrete_Tiles_D.uasset" to "E:/GDDHorrorGame/Content/StarterContent/Textures/T_Concrete_Tiles_D.uasset"
[2015.10.07-05.17.45:933][  0]LogPackFactory: Copied "../../../Samples/StarterContent/Content/StarterContent/Textures/T_Concrete_Tiles_M.uasset" to "E:/GDDHorrorGame/Content/StarterContent/Textures/T_Concrete_Tiles_M.uasset"
[2015.10.07-05.17.46:608][  0]LogPackFactory: Copied "../../../Samples/StarterContent/Content/StarterContent/Textures/T_Concrete_Tiles_N.uasset" to "E:/GDDHorrorGame/Content/StarterContent/Textures/T_Concrete_Tiles_N.uasset"
[2015.10.07-05.17.46:677][  0]LogPackFactory: Copied "../../../Samples/StarterContent/Content/StarterContent/Textures/T_Concrete_Tiles_Variation_M.uasset" to "E:/GDDHorrorGame/Content/StarterContent/Textures/T_Concrete_Tiles_Variation_M.uasset"
[2015.10.07-05.17.47:014][  0]LogPackFactory: Copied "../../../Samples/StarterContent/Content/StarterContent/Textures/T_Detail_Rocky_N.uasset" to "E:/GDDHorrorGame/Content/StarterContent/Textures/T_Detail_Rocky_N.uasset"
[2015.10.07-05.17.47:144][  0]LogPackFactory: Copied "../../../Samples/StarterContent/Content/StarterContent/Textures/T_Door_M.uasset" to "E:/GDDHorrorGame/Content/StarterContent/Textures/T_Door_M.uasset"
[2015.10.07-05.17.47:303][  0]LogPackFactory: Copied "../../../Samples/StarterContent/Content/StarterContent/Textures/T_Door_N.uasset" to "E:/GDDHorrorGame/Content/StarterContent/Textures/T_Door_N.uasset"
[2015.10.07-05.17.47:369][  0]LogPackFactory: Copied "../../../Samples/StarterContent/Content/StarterContent/Textures/T_Dust_Particle_D.uasset" to "E:/GDDHorrorGame/Content/StarterContent/Textures/T_Dust_Particle_D.uasset"
[2015.10.07-05.17.47:693][  0]LogPackFactory: Copied "../../../Samples/StarterContent/Content/StarterContent/Textures/T_Explosion_SubUV.uasset" to "E:/GDDHorrorGame/Content/StarterContent/Textures/T_Explosion_SubUV.uasset"
[2015.10.07-05.17.47:776][  0]LogPackFactory: Copied "../../../Samples/StarterContent/Content/StarterContent/Textures/T_Fire_SubUV.uasset" to "E:/GDDHorrorGame/Content/StarterContent/Textures/T_Fire_SubUV.uasset"
[2015.10.07-05.17.47:883][  0]LogPackFactory: Copied "../../../Samples/StarterContent/Content/StarterContent/Textures/T_Fire_Tiled_D.uasset" to "E:/GDDHorrorGame/Content/StarterContent/Textures/T_Fire_Tiled_D.uasset"
[2015.10.07-05.17.47:985][  0]LogPackFactory: Copied "../../../Samples/StarterContent/Content/StarterContent/Textures/T_Frame_M.uasset" to "E:/GDDHorrorGame/Content/StarterContent/Textures/T_Frame_M.uasset"
[2015.10.07-05.17.48:211][  0]LogPackFactory: Copied "../../../Samples/StarterContent/Content/StarterContent/Textures/T_Frame_N.uasset" to "E:/GDDHorrorGame/Content/StarterContent/Textures/T_Frame_N.uasset"
[2015.10.07-05.17.48:263][  0]LogPackFactory: Copied "../../../Samples/StarterContent/Content/StarterContent/Textures/T_Gradinet_01.uasset" to "E:/GDDHorrorGame/Content/StarterContent/Textures/T_Gradinet_01.uasset"
[2015.10.07-05.17.49:218][  0]LogPackFactory: Copied "../../../Samples/StarterContent/Content/StarterContent/Textures/T_Ground_Grass_D.uasset" to "E:/GDDHorrorGame/Content/StarterContent/Textures/T_Ground_Grass_D.uasset"
[2015.10.07-05.17.50:172][  0]LogPackFactory: Copied "../../../Samples/StarterContent/Content/StarterContent/Textures/T_Ground_Grass_N.uasset" to "E:/GDDHorrorGame/Content/StarterContent/Textures/T_Ground_Grass_N.uasset"
[2015.10.07-05.17.51:325][  0]LogPackFactory: Copied "../../../Samples/StarterContent/Content/StarterContent/Textures/T_Ground_Gravel_D.uasset" to "E:/GDDHorrorGame/Content/StarterContent/Textures/T_Ground_Gravel_D.uasset"
[2015.10.07-05.17.51:991][  0]LogPackFactory: Copied "../../../Samples/StarterContent/Content/StarterContent/Textures/T_Ground_Gravel_N.uasset" to "E:/GDDHorrorGame/Content/StarterContent/Textures/T_Ground_Gravel_N.uasset"
[2015.10.07-05.17.53:210][  0]LogPackFactory: Copied "../../../Samples/StarterContent/Content/StarterContent/Textures/T_ground_Moss_D.uasset" to "E:/GDDHorrorGame/Content/StarterContent/Textures/T_ground_Moss_D.uasset"
[2015.10.07-05.17.54:029][  0]LogPackFactory: Copied "../../../Samples/StarterContent/Content/StarterContent/Textures/T_Ground_Moss_N.uasset" to "E:/GDDHorrorGame/Content/StarterContent/Textures/T_Ground_Moss_N.uasset"
[2015.10.07-05.17.54:147][  0]LogPackFactory: Copied "../../../Samples/StarterContent/Content/StarterContent/Textures/T_Lamp_M.uasset" to "E:/GDDHorrorGame/Content/StarterContent/Textures/T_Lamp_M.uasset"
[2015.10.07-05.17.54:464][  0]LogPackFactory: Copied "../../../Samples/StarterContent/Content/StarterContent/Textures/T_Lamp_N.uasset" to "E:/GDDHorrorGame/Content/StarterContent/Textures/T_Lamp_N.uasset"
[2015.10.07-05.17.55:364][  0]LogPackFactory: Copied "../../../Samples/StarterContent/Content/StarterContent/Textures/T_MacroVariation.uasset" to "E:/GDDHorrorGame/Content/StarterContent/Textures/T_MacroVariation.uasset"
[2015.10.07-05.17.56:310][  0]LogPackFactory: Copied "../../../Samples/StarterContent/Content/StarterContent/Textures/T_Metal_Aluminum_D.uasset" to "E:/GDDHorrorGame/Content/StarterContent/Textures/T_Metal_Aluminum_D.uasset"
[2015.10.07-05.17.57:058][  0]LogPackFactory: Copied "../../../Samples/StarterContent/Content/StarterContent/Textures/T_Metal_Copper_D.uasset" to "E:/GDDHorrorGame/Content/StarterContent/Textures/T_Metal_Copper_D.uasset"
[2015.10.07-05.17.57:813][  0]LogPackFactory: Copied "../../../Samples/StarterContent/Content/StarterContent/Textures/T_Metal_Gold_D.uasset" to "E:/GDDHorrorGame/Content/StarterContent/Textures/T_Metal_Gold_D.uasset"
[2015.10.07-05.17.58:228][  0]LogPackFactory: Copied "../../../Samples/StarterContent/Content/StarterContent/Textures/T_Metal_Gold_N.uasset" to "E:/GDDHorrorGame/Content/StarterContent/Textures/T_Metal_Gold_N.uasset"
[2015.10.07-05.17.59:057][  0]LogPackFactory: Copied "../../../Samples/StarterContent/Content/StarterContent/Textures/T_Metal_Rust_D.uasset" to "E:/GDDHorrorGame/Content/StarterContent/Textures/T_Metal_Rust_D.uasset"
[2015.10.07-05.17.59:844][  0]LogPackFactory: Copied "../../../Samples/StarterContent/Content/StarterContent/Textures/T_Metal_Rust_N.uasset" to "E:/GDDHorrorGame/Content/StarterContent/Textures/T_Metal_Rust_N.uasset"
[2015.10.07-05.18.00:255][  0]LogPackFactory: Copied "../../../Samples/StarterContent/Content/StarterContent/Textures/T_Metal_Steel_D.uasset" to "E:/GDDHorrorGame/Content/StarterContent/Textures/T_Metal_Steel_D.uasset"
[2015.10.07-05.18.00:823][  0]LogPackFactory: Copied "../../../Samples/StarterContent/Content/StarterContent/Textures/T_Metal_Steel_N.uasset" to "E:/GDDHorrorGame/Content/StarterContent/Textures/T_Metal_Steel_N.uasset"
[2015.10.07-05.18.01:656][  0]LogPackFactory: Copied "../../../Samples/StarterContent/Content/StarterContent/Textures/T_Perlin_Noise_M.uasset" to "E:/GDDHorrorGame/Content/StarterContent/Textures/T_Perlin_Noise_M.uasset"
[2015.10.07-05.18.01:988][  0]LogPackFactory: Copied "../../../Samples/StarterContent/Content/StarterContent/Textures/T_RockMesh_M.uasset" to "E:/GDDHorrorGame/Content/StarterContent/Textures/T_RockMesh_M.uasset"
[2015.10.07-05.18.02:659][  0]LogPackFactory: Copied "../../../Samples/StarterContent/Content/StarterContent/Textures/T_RockMesh_N.uasset" to "E:/GDDHorrorGame/Content/StarterContent/Textures/T_RockMesh_N.uasset"
[2015.10.07-05.18.03:535][  0]LogPackFactory: Copied "../../../Samples/StarterContent/Content/StarterContent/Textures/T_Rock_Basalt_D.uasset" to "E:/GDDHorrorGame/Content/StarterContent/Textures/T_Rock_Basalt_D.uasset"
[2015.10.07-05.18.04:432][  0]LogPackFactory: Copied "../../../Samples/StarterContent/Content/StarterContent/Textures/T_Rock_Basalt_N.uasset" to "E:/GDDHorrorGame/Content/StarterContent/Textures/T_Rock_Basalt_N.uasset"
[2015.10.07-05.18.04:952][  0]LogPackFactory: Copied "../../../Samples/StarterContent/Content/StarterContent/Textures/T_Rock_Marble_Polished_D.uasset" to "E:/GDDHorrorGame/Content/StarterContent/Textures/T_Rock_Marble_Polished_D.uasset"
[2015.10.07-05.18.05:707][  0]LogPackFactory: Copied "../../../Samples/StarterContent/Content/StarterContent/Textures/T_Rock_Sandstone_D.uasset" to "E:/GDDHorrorGame/Content/StarterContent/Textures/T_Rock_Sandstone_D.uasset"
[2015.10.07-05.18.06:451][  0]LogPackFactory: Copied "../../../Samples/StarterContent/Content/StarterContent/Textures/T_Rock_Sandstone_N.uasset" to "E:/GDDHorrorGame/Content/StarterContent/Textures/T_Rock_Sandstone_N.uasset"
[2015.10.07-05.18.09:806][  0]LogPackFactory: Copied "../../../Samples/StarterContent/Content/StarterContent/Textures/T_Rock_Slate_D.uasset" to "E:/GDDHorrorGame/Content/StarterContent/Textures/T_Rock_Slate_D.uasset"
[2015.10.07-05.18.10:599][  0]LogPackFactory: Copied "../../../Samples/StarterContent/Content/StarterContent/Textures/T_Rock_Slate_N.uasset" to "E:/GDDHorrorGame/Content/StarterContent/Textures/T_Rock_Slate_N.uasset"
[2015.10.07-05.18.11:451][  0]LogPackFactory: Copied "../../../Samples/StarterContent/Content/StarterContent/Textures/T_Rock_Smooth_Granite_D.uasset" to "E:/GDDHorrorGame/Content/StarterContent/Textures/T_Rock_Smooth_Granite_D.uasset"
[2015.10.07-05.18.11:566][  0]LogPackFactory: Copied "../../../Samples/StarterContent/Content/StarterContent/Textures/T_Shelf_M.uasset" to "E:/GDDHorrorGame/Content/StarterContent/Textures/T_Shelf_M.uasset"
[2015.10.07-05.18.11:763][  0]LogPackFactory: Copied "../../../Samples/StarterContent/Content/StarterContent/Textures/T_Shelf_N.uasset" to "E:/GDDHorrorGame/Content/StarterContent/Textures/T_Shelf_N.uasset"
[2015.10.07-05.18.11:811][  0]LogPackFactory: Copied "../../../Samples/StarterContent/Content/StarterContent/Textures/T_Single_Tile_N.uasset" to "E:/GDDHorrorGame/Content/StarterContent/Textures/T_Single_Tile_N.uasset"
[2015.10.07-05.18.12:492][  0]LogPackFactory: Copied "../../../Samples/StarterContent/Content/StarterContent/Textures/T_Smoke_SubUV.uasset" to "E:/GDDHorrorGame/Content/StarterContent/Textures/T_Smoke_SubUV.uasset"
[2015.10.07-05.18.12:539][  0]LogPackFactory: Copied "../../../Samples/StarterContent/Content/StarterContent/Textures/T_Smoke_Tiled_D.uasset" to "E:/GDDHorrorGame/Content/StarterContent/Textures/T_Smoke_Tiled_D.uasset"
[2015.10.07-05.18.12:580][  0]LogPackFactory: Copied "../../../Samples/StarterContent/Content/StarterContent/Textures/T_Spark_Core.uasset" to "E:/GDDHorrorGame/Content/StarterContent/Textures/T_Spark_Core.uasset"
[2015.10.07-05.18.12:651][  0]LogPackFactory: Copied "../../../Samples/StarterContent/Content/StarterContent/Textures/T_Statue_M.uasset" to "E:/GDDHorrorGame/Content/StarterContent/Textures/T_Statue_M.uasset"
[2015.10.07-05.18.14:893][  0]LogPackFactory: Copied "../../../Samples/StarterContent/Content/StarterContent/Textures/T_Statue_N.uasset" to "E:/GDDHorrorGame/Content/StarterContent/Textures/T_Statue_N.uasset"
[2015.10.07-05.18.15:025][  0]LogPackFactory: Copied "../../../Samples/StarterContent/Content/StarterContent/Textures/T_TableRound_M.uasset" to "E:/GDDHorrorGame/Content/StarterContent/Textures/T_TableRound_M.uasset"
[2015.10.07-05.18.15:227][  0]LogPackFactory: Copied "../../../Samples/StarterContent/Content/StarterContent/Textures/T_TableRound_N.uasset" to "E:/GDDHorrorGame/Content/StarterContent/Textures/T_TableRound_N.uasset"
[2015.10.07-05.18.15:267][  0]LogPackFactory: Copied "../../../Samples/StarterContent/Content/StarterContent/Textures/T_Tech_Dot_M.uasset" to "E:/GDDHorrorGame/Content/StarterContent/Textures/T_Tech_Dot_M.uasset"
[2015.10.07-05.18.15:330][  0]LogPackFactory: Copied "../../../Samples/StarterContent/Content/StarterContent/Textures/T_Tech_Dot_N.uasset" to "E:/GDDHorrorGame/Content/StarterContent/Textures/T_Tech_Dot_N.uasset"
[2015.10.07-05.18.15:425][  0]LogPackFactory: Copied "../../../Samples/StarterContent/Content/StarterContent/Textures/T_Tech_Hex_Tile_M.uasset" to "E:/GDDHorrorGame/Content/StarterContent/Textures/T_Tech_Hex_Tile_M.uasset"
[2015.10.07-05.18.15:497][  0]LogPackFactory: Copied "../../../Samples/StarterContent/Content/StarterContent/Textures/T_Tech_Hex_Tile_N.uasset" to "E:/GDDHorrorGame/Content/StarterContent/Textures/T_Tech_Hex_Tile_N.uasset"
[2015.10.07-05.18.15:614][  0]LogPackFactory: Copied "../../../Samples/StarterContent/Content/StarterContent/Textures/T_Tech_Panel_M.uasset" to "E:/GDDHorrorGame/Content/StarterContent/Textures/T_Tech_Panel_M.uasset"
[2015.10.07-05.18.15:858][  0]LogPackFactory: Copied "../../../Samples/StarterContent/Content/StarterContent/Textures/T_Tech_Panel_N.uasset" to "E:/GDDHorrorGame/Content/StarterContent/Textures/T_Tech_Panel_N.uasset"
[2015.10.07-05.18.16:092][  0]LogPackFactory: Copied "../../../Samples/StarterContent/Content/StarterContent/Textures/T_Water_M.uasset" to "E:/GDDHorrorGame/Content/StarterContent/Textures/T_Water_M.uasset"
[2015.10.07-05.18.16:393][  0]LogPackFactory: Copied "../../../Samples/StarterContent/Content/StarterContent/Textures/T_Water_N.uasset" to "E:/GDDHorrorGame/Content/StarterContent/Textures/T_Water_N.uasset"
[2015.10.07-05.18.19:081][  0]LogPackFactory: Copied "../../../Samples/StarterContent/Content/StarterContent/Textures/T_Wood_Floor_Walnut_D.uasset" to "E:/GDDHorrorGame/Content/StarterContent/Textures/T_Wood_Floor_Walnut_D.uasset"
[2015.10.07-05.18.19:473][  0]LogPackFactory: Copied "../../../Samples/StarterContent/Content/StarterContent/Textures/T_Wood_Floor_Walnut_M.uasset" to "E:/GDDHorrorGame/Content/StarterContent/Textures/T_Wood_Floor_Walnut_M.uasset"
[2015.10.07-05.18.19:792][  0]LogPackFactory: Copied "../../../Samples/StarterContent/Content/StarterContent/Textures/T_Wood_Floor_Walnut_N.uasset" to "E:/GDDHorrorGame/Content/StarterContent/Textures/T_Wood_Floor_Walnut_N.uasset"
[2015.10.07-05.18.22:727][  0]LogPackFactory: Copied "../../../Samples/StarterContent/Content/StarterContent/Textures/T_Wood_Oak_D.uasset" to "E:/GDDHorrorGame/Content/StarterContent/Textures/T_Wood_Oak_D.uasset"
[2015.10.07-05.18.23:306][  0]LogPackFactory: Copied "../../../Samples/StarterContent/Content/StarterContent/Textures/T_Wood_Oak_N.uasset" to "E:/GDDHorrorGame/Content/StarterContent/Textures/T_Wood_Oak_N.uasset"
[2015.10.07-05.18.24:111][  0]LogPackFactory: Copied "../../../Samples/StarterContent/Content/StarterContent/Textures/T_Wood_Pine_D.uasset" to "E:/GDDHorrorGame/Content/StarterContent/Textures/T_Wood_Pine_D.uasset"
[2015.10.07-05.18.24:518][  0]LogPackFactory: Copied "../../../Samples/StarterContent/Content/StarterContent/Textures/T_Wood_Pine_N.uasset" to "E:/GDDHorrorGame/Content/StarterContent/Textures/T_Wood_Pine_N.uasset"
[2015.10.07-05.18.25:214][  0]LogPackFactory: Copied "../../../Samples/StarterContent/Content/StarterContent/Textures/T_Wood_Walnut_D.uasset" to "E:/GDDHorrorGame/Content/StarterContent/Textures/T_Wood_Walnut_D.uasset"
[2015.10.07-05.18.25:663][  0]LogPackFactory: Copied "../../../Samples/StarterContent/Content/StarterContent/Textures/T_Wood_Walnut_N.uasset" to "E:/GDDHorrorGame/Content/StarterContent/Textures/T_Wood_Walnut_N.uasset"
[2015.10.07-05.18.26:339][  0]LogRenderer: Reallocating scene render targets to support 256x256 (Frame:2).
[2015.10.07-05.18.26:818][  0]Cmd: OBJ SAVEPACKAGE PACKAGE="/Game/StarterContent/Architecture/Floor_400x400" FILE="E:/GDDHorrorGame/Content/StarterContent/Architecture/Floor_400x400.uasset" SILENT=true
[2015.10.07-05.18.27:326][  0]LogSavePackage: Save=93.558800ms
[2015.10.07-05.18.27:326][  0]LogSavePackage: Moving 'E:/GDDHorrorGame/Saved/Floor_400x400980562744C2AC3045112F5B6728C0D22.tmp' to 'E:/GDDHorrorGame/Content/StarterContent/Architecture/Floor_400x400.uasset'
[2015.10.07-05.18.27:420][  0]LogSavePackage: Total save time: 557.514660ms
[2015.10.07-05.18.27:420][  0]LogSavePackage:Warning: Finished SavePackage E:/GDDHorrorGame/Content/StarterContent/Architecture/Floor_400x400.uasset
[2015.10.07-05.18.27:440][  0]LogFeaturePack:Warning: Inserted 1 feature packs
[2015.10.07-05.18.27:499][  0]Cmd: MAP LOAD FILE="E:/GDDHorrorGame/Content/ThirdPersonBP/Maps/ThirdPersonExampleMap.umap" TEMPLATE=0 SHOWPROGRESS=1 FEATURELEVEL=3
[2015.10.07-05.18.27:522][  0]LightingResults: New page: Lighting Build
[2015.10.07-05.18.27:588][  0]MapCheck: New page: Map Check
[2015.10.07-05.18.27:588][  0]LightingResults: New page: Lighting Build
[2015.10.07-05.18.27:598][  0]LogParticles: Destroying 0 GPU particle simulations for FXSystem 0x00000000231236A0
[2015.10.07-05.18.27:618][  0]LogLinker:Warning: Asset 'E:/GDDHorrorGame/Content/ThirdPersonBP/Blueprints/ThirdPersonCharacter.uasset' has been saved with empty engine version. The asset will be loaded but may be incompatible.
[2015.10.07-05.18.27:620][  0]LogLinker:Warning: Asset 'E:/GDDHorrorGame/Content/Mannequin/Animations/ThirdPerson_AnimBP.uasset' has been saved with empty engine version. The asset will be loaded but may be incompatible.
[2015.10.07-05.18.27:623][  0]LogLinker:Warning: Asset 'E:/GDDHorrorGame/Content/Mannequin/Animations/ThirdPerson_Jump.uasset' has been saved with empty engine version. The asset will be loaded but may be incompatible.
[2015.10.07-05.18.27:633][  0]LogLinker:Warning: Asset 'E:/GDDHorrorGame/Content/Mannequin/Animations/ThirdPersonJump_Loop.uasset' has been saved with empty engine version. The asset will be loaded but may be incompatible.
[2015.10.07-05.18.27:637][  0]LogLinker:Warning: Asset 'E:/GDDHorrorGame/Content/Mannequin/Animations/ThirdPersonJump_Start.uasset' has been saved with empty engine version. The asset will be loaded but may be incompatible.
[2015.10.07-05.18.27:641][  0]LogLinker:Warning: Asset 'E:/GDDHorrorGame/Content/Mannequin/Animations/ThirdPerson_IdleRun_2D.uasset' has been saved with empty engine version. The asset will be loaded but may be incompatible.
[2015.10.07-05.18.27:642][  0]LogLinker:Warning: Asset 'E:/GDDHorrorGame/Content/Mannequin/Animations/ThirdPersonIdle.uasset' has been saved with empty engine version. The asset will be loaded but may be incompatible.
[2015.10.07-05.18.27:645][  0]LogLinker:Warning: Asset 'E:/GDDHorrorGame/Content/Mannequin/Animations/ThirdPersonRun.uasset' has been saved with empty engine version. The asset will be loaded but may be incompatible.
[2015.10.07-05.18.27:649][  0]LogLinker:Warning: Asset 'E:/GDDHorrorGame/Content/Mannequin/Animations/ThirdPersonWalk.uasset' has been saved with empty engine version. The asset will be loaded but may be incompatible.
[2015.10.07-05.18.30:337][  0]LogAIModule: Creating AISystem for world ThirdPersonExampleMap
[2015.10.07-05.18.31:044][  0]LogEditorServer: Finished looking for orphan Actors (0.00