[2015.10.13-05.30.00:024][  0]Log file open, 10/13/15 01:30:00
[2015.10.13-05.30.00:024][  0]LogInit:Display: Running engine for game: GDDHorrorGame
[2015.10.13-05.30.00:024][  0]LogInit:Display: RandInit(2039270854) SRandInit(2039270854).
[2015.10.13-05.30.00:024][  0]LogTaskGraph: Started task graph with 4 named threads and 7 total threads.
[2015.10.13-05.30.00:024][  0]LogStats: Stats thread started at 0.075541
[2015.10.13-05.30.00:024][  0]LogInit: Version: 4.9.2-2707645+++depot+UE4-Releases+4.9
[2015.10.13-05.30.00:024][  0]LogInit: API Version: 2672455
[2015.10.13-05.30.00:024][  0]LogInit: Compiled (64-bit): Sep 28 2015 10:25:44
[2015.10.13-05.30.00:024][  0]LogInit: Compiled with Visual C++: 18.00.21005.01
[2015.10.13-05.30.00:024][  0]LogInit: Build Configuration: Development
[2015.10.13-05.30.00:024][  0]LogInit: Branch Name: ++depot+UE4-Releases+4.9
[2015.10.13-05.30.00:024][  0]LogInit: Command line:  
[2015.10.13-05.30.00:024][  0]LogInit: Base directory: C:/Program Files/Epic Games/4.9/Engine/Binaries/Win64/
[2015.10.13-05.30.00:024][  0]LogInit: Rocket: 1
[2015.10.13-05.30.00:085][  0]LogInit: Using libcurl 7.41.0
[2015.10.13-05.30.00:085][  0]LogInit:  - built for x86_64-pc-win32
[2015.10.13-05.30.00:085][  0]LogInit:  - supports SSL with WinSSL
[2015.10.13-05.30.00:085][  0]LogInit:  - other features:
[2015.10.13-05.30.00:085][  0]LogInit:      CURL_VERSION_SSL
[2015.10.13-05.30.00:085][  0]LogInit:      CURL_VERSION_IPV6
[2015.10.13-05.30.00:085][  0]LogInit:      CURL_VERSION_ASYNCHDNS
[2015.10.13-05.30.00:085][  0]LogInit:      CURL_VERSION_LARGEFILE
[2015.10.13-05.30.00:085][  0]LogInit:      CURL_VERSION_IDN
[2015.10.13-05.30.00:085][  0]LogInit:  CurlRequestOptions (configurable via config and command line):
[2015.10.13-05.30.00:085][  0]LogInit:  - bVerifyPeer = true  - Libcurl will verify peer certificate
[2015.10.13-05.30.00:085][  0]LogInit:  - bUseHttpProxy = false  - Libcurl will NOT use HTTP proxy
[2015.10.13-05.30.00:085][  0]LogInit:  - bDontReuseConnections = false  - Libcurl will reuse connections
[2015.10.13-05.30.00:085][  0]LogInit:  - CertBundlePath = nullptr  - Libcurl will use whatever was configured at build time.
[2015.10.13-05.30.00:093][  0]LogInit: Presizing for 0 objects not considered by GC, pre-allocating 0 bytes.
[2015.10.13-05.30.00:102][  0]LogInit: Object subsystem initialized
[2015.10.13-05.30.00:103][  0]LogInit: Selected Device Profile: [Windows]
[2015.10.13-05.30.00:103][  0]LogInit: Applying CVar settings loaded from the selected device profile: [Windows]
[2015.10.13-05.30.00:112][  0]LogInit: Computer: LAUREN-PC
[2015.10.13-05.30.00:112][  0]LogInit: User: Lauren
[2015.10.13-05.30.00:112][  0]LogInit: CPU Page size=4096, Cores=4
[2015.10.13-05.30.00:112][  0]LogInit: High frequency timer resolution =2.338369 MHz
[2015.10.13-05.30.00:112][  0]LogMemory: Memory total: Physical=7.9GB (8GB approx)
[2015.10.13-05.30.00:112][  0]LogMemory: Platform Memory Stats for Windows
[2015.10.13-05.30.00:112][  0]LogMemory: Process Physical Memory: 55.86 MB used, 55.86 MB peak
[2015.10.13-05.30.00:112][  0]LogMemory: Process Virtual Memory: 57.67 MB used, 57.67 MB peak
[2015.10.13-05.30.00:112][  0]LogMemory: Physical Memory: 6867.93 MB used, 8079.30 MB total
[2015.10.13-05.30.00:112][  0]LogMemory: Virtual Memory: 338.38 MB used, 8388608.00 MB total
[2015.10.13-05.30.02:269][  0]LogTextLocalizationManager: No specific translations for ('en-US') exist, so ('en') translations will be used.
[2015.10.13-05.30.03:234][  0]LogD3D11RHI: Found D3D11 adapter 0: NVIDIA GeForce GTX 770M (Feature Level 11_0)
[2015.10.13-05.30.03:234][  0]LogD3D11RHI: Adapter has 3009MB of dedicated video memory, 0MB of dedicated system memory, and 3783MB of shared system memory, 1 output[s]
[2015.10.13-05.30.06:678][  0]LogD3D11RHI: Found D3D11 adapter 1: NVIDIA GeForce GTX 770M (Feature Level 11_0)
[2015.10.13-05.30.06:678][  0]LogD3D11RHI: Adapter has 3009MB of dedicated video memory, 0MB of dedicated system memory, and 3783MB of shared system memory, 1 output[s]
[2015.10.13-05.30.06:678][  0]LogD3D11RHI: Chosen D3D11 Adapter Id = 0
[2015.10.13-05.30.07:190][  0]LogD3D11RHI: !Direct3DDevice
[2015.10.13-05.30.07:293][  0]LogRHI: Texture pool is 1361 MB (70% of 1945 MB)
[2015.10.13-05.30.07:369][  0]LogD3D11RHI: Async texture creation enabled
[2015.10.13-05.30.09:234][  0]LogShaderCompilers: Guid format shader working directory is 16 characters bigger than the processId version (../../../../../../Users/Lauren/Documents/GitHub/DigitalHorrorGame/GDDHorrorGame/Intermediate/Shaders/WorkingDirectory/260/).
[2015.10.13-05.30.09:234][  0]LogShaderCompilers: Cleaned the shader compiler working directory '../../../../../../Users/Lauren/Documents/GitHub/DigitalHorrorGame/GDDHorrorGame/Intermediate/Shaders/tmp/348DEF804857F81A899D3B87DEDC1B41/'.
[2015.10.13-05.30.09:234][  0]LogShaderCompilers:Display: Using Local Shader Compiler.
[2015.10.13-05.30.31:655][  0]LogTemp:Display: Loaded TP AllDesktopTargetPlatform
[2015.10.13-05.30.31:667][  0]LogTemp:Display: Loaded TP WindowsClientTargetPlatform
[2015.10.13-05.30.31:679][  0]LogTemp:Display: Loaded TP WindowsNoEditorTargetPlatform
[2015.10.13-05.30.31:691][  0]LogTemp:Display: Loaded TP WindowsServerTargetPlatform
[2015.10.13-05.30.31:710][  0]LogTemp:Display: Loaded TP WindowsTargetPlatform
[2015.10.13-05.30.31:719][  0]LogTemp:Display: Loaded TP AndroidTargetPlatform
[2015.10.13-05.30.31:744][  0]LogTemp:Display: Loaded TP Android_ASTCTargetPlatform
[2015.10.13-05.30.31:772][  0]LogTemp:Display: Loaded TP Android_ATCTargetPlatform
[2015.10.13-05.30.31:797][  0]LogTemp:Display: Loaded TP Android_DXTTargetPlatform
[2015.10.13-05.30.31:827][  0]LogTemp:Display: Loaded TP Android_ETC1TargetPlatform
[2015.10.13-05.30.31:882][  0]LogTemp:Display: Loaded TP Android_ETC2TargetPlatform
[2015.10.13-05.30.31:946][  0]LogTemp:Display: Loaded TP Android_PVRTCTargetPlatform
[2015.10.13-05.30.31:998][  0]LogTemp:Display: Loaded TP HTML5TargetPlatform
[2015.10.13-05.30.32:075][  0]LogTemp:Display: Loaded TP IOSTargetPlatform
[2015.10.13-05.30.32:087][  0]LogTemp:Display: Loaded TP LinuxNoEditorTargetPlatform
[2015.10.13-05.30.32:168][  0]LogTemp:Display: Loaded TP LinuxServerTargetPlatform
[2015.10.13-05.30.32:267][  0]LogTemp:Display: Loaded TP LinuxTargetPlatform
[2015.10.13-05.30.32:267][  0]LogTargetPlatformManager:Display: Building Assets For Windows
[2015.10.13-05.30.33:409][  0]LogDerivedDataCache:Display: Max Cache Size: 512 MB
[2015.10.13-05.30.34:259][  0]LogDerivedDataCache: Loaded boot cache 0.84s 57MB C:/Users/Lauren/AppData/Local/UnrealEngine/4.9/DerivedDataCache/Boot.ddc.
[2015.10.13-05.30.34:259][  0]LogDerivedDataCache:Display: Loaded Boot cache: C:/Users/Lauren/AppData/Local/UnrealEngine/4.9/DerivedDataCache/Boot.ddc
[2015.10.13-05.30.34:259][  0]LogDerivedDataCache: FDerivedDataBackendGraph:  Pak pak cache file ../../../../../../Users/Lauren/Documents/GitHub/DigitalHorrorGame/GDDHorrorGame/DerivedDataCache/DDC.ddp not found, will not use a pak cache.
[2015.10.13-05.30.34:259][  0]LogDerivedDataCache: Unable to find inner node Pak for hierarchical cache Hierarchy.
[2015.10.13-05.30.34:259][  0]LogDerivedDataCache: FDerivedDataBackendGraph:  CompressedPak pak cache file ../../../../../../Users/Lauren/Documents/GitHub/DigitalHorrorGame/GDDHorrorGame/DerivedDataCache/Compressed.ddp not found, will not use a pak cache.
[2015.10.13-05.30.34:259][  0]LogDerivedDataCache: Unable to find inner node CompressedPak for hierarchical cache Hierarchy.
[2015.10.13-05.30.34:544][  0]LogDerivedDataCache:Display: Pak cache opened for reading ../../../Engine/DerivedDataCache/Compressed.ddp.
[2015.10.13-05.30.34:556][  0]LogDerivedDataCache: Using Local data cache path C:/Users/Lauren/AppData/Local/UnrealEngine/Common/DerivedDataCache: Writable
[2015.10.13-05.30.41:479][  0]LogInit: Selected Device Profile: [Windows]
[2015.10.13-05.30.41:493][  0]LogContentStreaming: Texture pool size is 0.000000MB
[2015.10.13-05.30.41:689][  0]LogMeshUtilities: No automatic mesh reduction module available
[2015.10.13-05.30.41:689][  0]LogMeshUtilities: No automatic mesh merging module available
[2015.10.13-05.30.43:609][  0]LogInit: WinSock: version 1.1 (2.2), MaxSocks=32767, MaxUdp=65467
[2015.10.13-05.31.03:706][  0]UdpMessaging: Initializing bridge on interface 0.0.0.0:0 to multicast group 230.0.0.1:6666.
[2015.10.13-05.31.04:392][  0]LogAssetRegistry: FAssetRegistry took 0.0171 seconds to start up
[2015.10.13-05.31.07:806][  0]SourceControl: Info Source control is disabled
[2015.10.13-05.31.07:806][  0]SourceControl: Info Source control is disabled
[2015.10.13-05.31.08:080][  0]SourceControl: Info Source control is disabled
[2015.10.13-05.31.08:400][  0]SourceControl: Info Source control is disabled
[2015.10.13-05.31.10:029][  0]LogLinker:Warning: Asset '../../../Engine/Plugins/Runtime/LeapMotionController/Content/LM_PassthroughMaterial.uasset' has been saved with empty engine version. The asset will be loaded but may be incompatible.
[2015.10.13-05.31.10:790][  0]LogObj: 28361 objects as part of root set at end of initial load.
[2015.10.13-05.31.10:790][  0]LogUObjectAllocator: 6038872 out of 0 bytes used by permanent object pool.
[2015.10.13-05.31.12:885][  0]LogAutomationTest:Warning: Smoke tests took > 1s to run: 1.21s
[2015.10.13-05.31.13:117][  0]LogEngine: Initializing Engine...
[2015.10.13-05.31.13:313][  0]LogHMD: Can't find Oculus library dev build: is proper Runtime installed? Version: 0.7.0.0
[2015.10.13-05.31.13:664][  0]LogHMD: SteamVR failed to initialize.  Err: 110
[2015.10.13-05.31.14:550][  0]LogAIModule: Creating AISystem for world NewWorld
[2015.10.13-05.31.14:669][  0]LogInit: XAudio2 using 'Speakers (Siberia v2 D3H)' : 2 channels at 44.1 kHz using 16 bits per sample (channel mask 0x3)
[2015.10.13-05.31.14:758][  0]LogInit: FAudioDevice initialized.
[2015.10.13-05.31.14:786][  0]LogDerivedDataCache: Saved boot cache 0.03s 57MB C:/Users/Lauren/AppData/Local/UnrealEngine/4.9/DerivedDataCache/Boot.ddc.
[2015.10.13-05.31.14:791][  0]LogInit: Texture streaming: Enabled
[2015.10.13-05.31.14:808][  0]LogAnalytics: Creating configured Analytics provider AnalyticsET
[2015.10.13-05.31.14:808][  0]LogAnalytics: [UEEditor.Rocket.Release] APIServer = http://et2.epicgames.com/ET2/. AppVersion = 4.9.2-2707645+++depot+UE4-Releases+4.9
[2015.10.13-05.31.14:808][  0]LogAnalytics: [UEEditor.Rocket.Release] SetUserId 0dfd459848bd316af10e0286bf53d633|62a07662b49e46228294f7f33306ed31|8f7fcacd-7ea7-4aa9-9d3c-39324467dbc7
[2015.10.13-05.31.14:862][  0]LogAnalytics: [UEEditor.Rocket.Release] AnalyticsET::StartSession
[2015.10.13-05.31.15:444][  0]LogInit: Transaction tracking system initialized
[2015.10.13-05.31.16:579][  0]BlueprintLog: New page: Editor Load
[2015.10.13-05.31.21:207][  0]LocalizationService: Info Localization service is disabled
[2015.10.13-05.31.23:095][  0]LogConsoleResponse:Display: 
[2015.10.13-05.31.27:460][  0]LogFileCache: Scanning file cache for directory 'C:/Users/Lauren/Documents/GitHub/DigitalHorrorGame/GDDHorrorGame/Content/' took 0.03s
[2015.10.13-05.31.27:460][  0]LogCook:Display: Done creating registry. It took  0.00s.
[2015.10.13-05.31.32:143][  0]SourceControl: Info Source control is disabled
[2015.10.13-05.31.32:350][  0]Cmd: MAP LOAD FILE="../../../../../../Users/Lauren/Documents/GitHub/DigitalHorrorGame/GDDHorrorGame/Content/ThirdPersonBP/Maps/ThirdPersonExampleMap.umap" TEMPLATE=0 SHOWPROGRESS=1 FEATURELEVEL=3
[2015.10.13-05.31.32:417][  0]LightingResults: New page: Lighting Build
[2015.10.13-05.31.32:618][  0]MapCheck: New page: Map Check
[2015.10.13-05.31.32:618][  0]LightingResults: New page: Lighting Build
[2015.10.13-05.31.32:627][  0]LogParticles: Destroying 0 GPU particle simulations for FXSystem 0x0000000025243EC0
[2015.10.13-05.31.32:746][  0]LogLinker:Warning: Asset '../../../../../../Users/Lauren/Documents/GitHub/DigitalHorrorGame/GDDHorrorGame/Content/Mannequin/Animations/ThirdPerson_Jump.uasset' has been saved with empty engine version. The asset will be loaded but may be incompatible.
[2015.10.13-05.31.32:782][  0]LogLinker:Warning: Asset '../../../../../../Users/Lauren/Documents/GitHub/DigitalHorrorGame/GDDHorrorGame/Content/Mannequin/Animations/ThirdPersonJump_Loop.uasset' has been saved with empty engine version. The asset will be loaded but may be incompatible.
[2015.10.13-05.31.32:816][  0]LogLinker:Warning: Asset '../../../../../../Users/Lauren/Documents/GitHub/DigitalHorrorGame/GDDHorrorGame/Content/Mannequin/Animations/ThirdPersonJump_Start.uasset' has been saved with empty engine version. The asset will be loaded but may be incompatible.
[2015.10.13-05.31.32:831][  0]LogLinker:Warning: Asset '../../../../../../Users/Lauren/Documents/GitHub/DigitalHorrorGame/GDDHorrorGame/Content/Mannequin/Animations/ThirdPerson_IdleRun_2D.uasset' has been saved with empty engine version. The asset will be loaded but may be incompatible.
[2015.10.13-05.31.32:882][  0]LogLinker:Warning: Asset '../../../../../../Users/Lauren/Documents/GitHub/DigitalHorrorGame/GDDHorrorGame/Content/Mannequin/Animations/ThirdPersonIdle.uasset' has been saved with empty engine version. The asset will be loaded but may be incompatible.
[2015.10.13-05.31.43:509][  0]LogAIModule: Creating AISystem for world ThirdPersonExampleMap
[2015.10.13-05.31.43:633][  0]LogEditorServer: Finished looking for orphan Actors (0.016 secs)
[2015.10.13-05.31.43:639][  0]Cmd: MAP CHECKDEP NOCLEARLOG
[2015.10.13-05.31.43:767][  0]MapCheck: Info Map check complete: 0 Error(s), 0 Warning(s), took 128.269ms to complete.
[2015.10.13-05.31.43:767][  0]LogFileHelpers: Loading map 'ThirdPersonExampleMap' took 11.482
[2015.10.13-05.31.45:061][  0]LogCollectionManager: Loaded 0 collections in 0.002716 seconds
[2015.10.13-05.31.45:124][  0]LogFileCache: Scanning file cache for directory 'C:/Users/Lauren/Documents/GitHub/DigitalHorrorGame/GDDHorrorGame/Saved/Collections/' took 0.01s
[2015.10.13-05.31.45:124][  0]LogFileCache: Scanning file cache for directory 'C:/Users/Lauren/Documents/GitHub/DigitalHorrorGame/GDDHorrorGame/Content/Developers/Lauren/Collections/' took 0.01s
[2015.10.13-05.31.45:124][  0]LogFileCache: Scanning file cache for directory 'C:/Users/Lauren/Documents/GitHub/DigitalHorrorGame/GDDHorrorGame/Content/Collections/' took 0.01s
[2015.10.13-05.31.45:124][  0]LogContentBrowser: Native class hierarchy populated in 0.0070 seconds. Added 1867 classes and 333 folders.
[2015.10.13-05.31.45:172][  0]LogCollectionManager: Rebuilt the GUID cache for 0 collections in 0.000003 seconds
[2015.10.13-05.31.45:247][  0]LogContentBrowser: Native class hierarchy updated for 'WidgetCarousel' in 0.0004 seconds. Added 0 classes and 0 folders.
[2015.10.13-05.31.47:289][  0]LogContentBrowser: Native class hierarchy updated for 'AddContentDialog' in 0.0005 seconds. Added 0 classes and 0 folders.
[2015.10.13-05.31.47:325][  0]LogContentBrowser: Native class hierarchy updated for 'SceneOutliner' in 0.0004 seconds. Added 1 classes and 2 folders.
[2015.10.13-05.31.47:490][  0]LogCrashTracker: Crashtracker disabled due to settings.
[2015.10.13-05.31.47:615][  0]LogUObjectGlobals:Warning: Failed to find object 'Class None.'
[2015.10.13-05.31.47:688][  0]LogLoad: Full Startup: 108.26 seconds (BP compile: 0.60 seconds)
[2015.10.13-05.31.48:467][  0]LogContentStreaming: Texture pool size now 1000 MB
[2015.10.13-05.31.48:736][  0]LogRenderer: Reallocating scene render targets to support 1208x660 (Frame:2).
[2015.10.13-05.31.50:217][  5]LogAssetRegistry: Asset discovery search completed in 45.8420 seconds
[2015.10.13-05.31.50:217][  5]LogCollectionManager: Rebuilt the object cache for 0 collections in 0.000001 seconds (found 0 objects)
[2015.10.13-05.31.50:217][  5]LogCollectionManager: Fixed up redirectors for 0 collections in 0.000022 seconds (updated 0 objects)
[2015.10.13-05.35.49:761][549]LogActorFactory: Actor Factory created SM_Lamp_Wall
[2015.10.13-05.35.52:463][707]LogActorFactory: Actor Factory created SM_Lamp_Wall
[2015.10.13-05.36.17:674][139]LogActorFactory: Actor Factory created SM_Lamp_Ceiling
[2015.10.13-05.36.20:518][309]LogActorFactory: Actor Factory created SM_Lamp_Ceiling
[2015.10.13-05.36.37:645][222]LogMaterial: Missing cached shader map for material M_TableRound, compiling. 
[2015.10.13-05.36.37:689][222]LogActorFactory: Actor Factory created SM_TableRound
[2015.10.13-05.36.38:520][271]LogActorFactory: Actor Factory created SM_TableRound
[2015.10.13-05.36.44:333][562]LogMaterial: Missing cached shader map for material M_Chair, compiling. 
[2015.10.13-05.36.44:391][562]LogActorFactory: Actor Factory created SM_Chair
[2015.10.13-05.36.45:899][647]LogActorFactory: Actor Factory created SM_Chair
[2015.10.13-05.36.47:021][693]LogActorFactory: Actor Factory created SM_Chair
[2015.10.13-05.36.47:818][740]LogActorFactory: Actor Factory created SM_Chair
[2015.10.13-05.36.55:053][ 91]LogEditorViewport: Clicking on Actor (LMB): StaticMeshActor (SM_Chair2)
[2015.10.13-05.37.36:243][ 59]LogActorFactory: Actor Factory created SM_Lamp_Wall
[2015.10.13-05.37.37:884][157]LogActorFactory: Actor Factory created SM_Lamp_Wall
[2015.10.13-05.40.15:943][890]LogEditorViewport: Clicking on Actor (LMB): StaticMeshActor (chair)
[2015.10.13-05.40.22:676][129]LogActorFactory: Actor Factory created SM_Couch
[2015.10.13-05.40.24:225][218]LogActorFactory: Actor Factory created SM_Couch
[2015.10.13-05.40.25:486][282]Cmd: DELETE
[2015.10.13-05.40.25:486][282]Cmd: ACTOR DELETE
[2015.10.13-05.40.26:380][282]LogEditorActor: Deleted Actor: StaticMeshActor
[2015.10.13-05.40.26:429][282]LogActorComponent: UnregisterComponent: (/Engine/Transient.CharMoveComp) Not registered. Aborting.
[2015.10.13-05.40.26:662][282]LogEditorActor: Deleted 1 Actors (0.312 secs)
[2015.10.13-05.40.28:086][349]LogBlueprintUserMessages: Early PlayInEditor Detection: Level '/Game/ThirdPersonBP/Maps/ThirdPersonExampleMap.ThirdPersonExampleMap:PersistentLevel' has LevelScriptBlueprint '/Game/ThirdPersonBP/Maps/ThirdPersonExampleMap.ThirdPersonExampleMap:PersistentLevel.ThirdPersonExampleMap' with GeneratedClass '/Game/ThirdPersonBP/Maps/ThirdPersonExampleMap.ThirdPersonExampleMap_C' with ClassGeneratedBy '/Game/ThirdPersonBP/Maps/ThirdPersonExampleMap.ThirdPersonExampleMap:PersistentLevel.ThirdPersonExampleMap'
[2015.10.13-05.40.28:086][349]LogPlayLevel: PlayLevel: No blueprints needed recompiling
[2015.10.13-05.40.28:229][349]PIE: New page: PIE session: ThirdPersonExampleMap (Oct 12, 2015, 9:40:28 PM)
[2015.10.13-05.40.28:259][349]LogPlayLevel: Creating play world package: /Game/ThirdPersonBP/Maps/UEDPIE_0_ThirdPersonExampleMap
[2015.10.13-05.40.28:745][349]LogPlayLevel: PIE: StaticDuplicateObject took: (0.486704s)
[2015.10.13-05.40.28:794][349]LogAIModule: Creating AISystem for world ThirdPersonExampleMap
[2015.10.13-05.40.28:794][349]LogPlayLevel: PIE: World Init took: (0.048749s)
[2015.10.13-05.40.28:794][349]LogPlayLevel: PIE: Created PIE world by copying editor world from /Game/ThirdPersonBP/Maps/ThirdPersonExampleMap.ThirdPersonExampleMap to /Game/ThirdPersonBP/Maps/UEDPIE_0_ThirdPersonExampleMap.ThirdPersonExampleMap (0.535654s)
[2015.10.13-05.40.28:912][349]LogInit: XAudio2 using 'Speakers (Siberia v2 D3H)' : 2 channels at 44.1 kHz using 16 bits per sample (channel mask 0x3)
[2015.10.13-05.40.28:919][349]LogInit: FAudioDevice initialized.
[2015.10.13-05.40.29:410][349]LogWorld: Game class is 'ThirdPersonGameMode_C'
[2015.10.13-05.40.29:640][349]LogWorld: Bringing World /Game/ThirdPersonBP/Maps/UEDPIE_0_ThirdPersonExampleMap.ThirdPersonExampleMap up for play (max tick rate 60) at 2015.10.13-01.40.29
[2015.10.13-05.40.29:640][349]LogActor:Warning: GameSession /Game/ThirdPersonBP/Maps/UEDPIE_0_ThirdPersonExampleMap.ThirdPersonExampleMap:PersistentLevel.GameSession_0 has natively added scene component(s), but none of them were set as the actor's RootComponent - picking one arbitrarily
[2015.10.13-05.40.29:675][349]LogActor:Warning: GameNetworkManager /Game/ThirdPersonBP/Maps/UEDPIE_0_ThirdPersonExampleMap.ThirdPersonExampleMap:PersistentLevel.GameNetworkManager_0 has natively added scene component(s), but none of them were set as the actor's RootComponent - picking one arbitrarily
[2015.10.13-05.40.29:801][349]LogWorld: Bringing up level for play took: 0.170965
[2015.10.13-05.40.30:447][349]PIE: Info Play in editor start time for /Game/ThirdPersonBP/Maps/UEDPIE_0_ThirdPersonExampleMap 1.557
[2015.10.13-05.40.30:447][349]LogBlueprintUserMessages: Late PlayInEditor Detection: Level '/Game/ThirdPersonBP/Maps/ThirdPersonExampleMap.ThirdPersonExampleMap:PersistentLevel' has LevelScriptBlueprint '/Game/ThirdPersonBP/Maps/ThirdPersonExampleMap.ThirdPersonExampleMap:PersistentLevel.ThirdPersonExampleMap' with GeneratedClass '/Game/ThirdPersonBP/Maps/ThirdPersonExampleMap.ThirdPersonExampleMap_C' with ClassGeneratedBy '/Game/ThirdPersonBP/Maps/ThirdPersonExampleMap.ThirdPersonExampleMap:PersistentLevel.ThirdPersonExampleMap'
[2015.10.13-05.40.39:013][734]LogBlueprintUserMessages: Early EndPlayMap Detection: Level '/Game/ThirdPersonBP/Maps/ThirdPersonExampleMap.ThirdPersonExampleMap:PersistentLevel' has LevelScriptBlueprint '/Game/ThirdPersonBP/Maps/ThirdPersonExampleMap.ThirdPersonExampleMap:PersistentLevel.ThirdPersonExampleMap' with GeneratedClass '/Game/ThirdPersonBP/Maps/ThirdPersonExampleMap.ThirdPersonExampleMap_C' with ClassGeneratedBy '/Game/ThirdPersonBP/Maps/ThirdPersonExampleMap.ThirdPersonExampleMap:PersistentLevel.ThirdPersonExampleMap'
[2015.10.13-05.40.39:182][734]LogBlueprintUserMessages: Late EndPlayMap Detection: Level '/Game/ThirdPersonBP/Maps/ThirdPersonExampleMap.ThirdPersonExampleMap:PersistentLevel' has LevelScriptBlueprint '/Game/ThirdPersonBP/Maps/ThirdPersonExampleMap.ThirdPersonExampleMap:PersistentLevel.ThirdPersonExampleMap' with GeneratedClass '/Game/ThirdPersonBP/Maps/ThirdPersonExampleMap.ThirdPersonExampleMap_C' with ClassGeneratedBy '/Game/ThirdPersonBP/Maps/ThirdPersonExampleMap.ThirdPersonExampleMap:PersistentLevel.ThirdPersonExampleMap'
[2015.10.13-05.40.39:380][735]LogParticles: Destroying 0 GPU particle simulations for FXSystem 0x0000000003E440E0
[2015.10.13-05.40.39:986][767]LogEditorViewport: Clicking on Actor (LMB): StaticMeshActor (SM_TableRound)
[2015.10.13-05.40.42:198][882]LogEditorViewport: Clicking on Actor (CTRL LMB): StaticMeshActor (SM_Chair)
[2015.10.13-05.40.43:008][917]LogEditorViewport: Clicking on Actor (CTRL LMB): StaticMeshActor (SM_Chair2)
[2015.10.13-05.40.54:285][517]LogBlueprintUserMessages: Early PlayInEditor Detection: Level '/Game/ThirdPersonBP/Maps/ThirdPersonExampleMap.ThirdPersonExampleMap:PersistentLevel' has LevelScriptBlueprint '/Game/ThirdPersonBP/Maps/ThirdPersonExampleMap.ThirdPersonExampleMap:PersistentLevel.ThirdPersonExampleMap' with GeneratedClass '/Game/ThirdPersonBP/Maps/ThirdPersonExampleMap.ThirdPersonExampleMap_C' with ClassGeneratedBy '/Game/ThirdPersonBP/Maps/ThirdPersonExampleMap.ThirdPersonExampleMap:PersistentLevel.ThirdPersonExampleMap'
[2015.10.13-05.40.54:285][517]LogPlayLevel: PlayLevel: No blueprints needed recompiling
[2015.10.13-05.40.54:285][517]PIE: New page: PIE session: ThirdPersonExampleMap (Oct 12, 2015, 9:40:54 PM)
[2015.10.13-05.40.54:285][517]LogPlayLevel: Creating play world package: /Game/ThirdPersonBP/Maps/UEDPIE_0_ThirdPersonExampleMap
[2015.10.13-05.40.54:310][517]LogPlayLevel: PIE: StaticDuplicateObject took: (0.025211s)
[2015.10.13-05.40.54:311][517]LogAIModule: Creating AISystem for world ThirdPersonExampleMap
[2015.10.13-05.40.54:311][517]LogPlayLevel: PIE: World Init took: (0.001086s)
[2015.10.13-05.40.54:312][517]LogPlayLevel: PIE: Created PIE world by copying editor world from /Game/ThirdPersonBP/Maps/ThirdPersonExampleMap.ThirdPersonExampleMap to /Game/ThirdPersonBP/Maps/UEDPIE_0_ThirdPersonExampleMap.ThirdPersonExampleMap (0.026558s)
[2015.10.13-05.40.54:341][517]LogInit: XAudio2 using 'Speakers (Siberia v2 D3H)' : 2 channels at 44.1 kHz using 16 bits per sample (channel mask 0x3)
[2015.10.13-05.40.54:389][517]LogInit: FAudioDevice initialized.
[2015.10.13-05.40.54:424][517]LogWorld: Game class is 'ThirdPersonGameMode_C'
[2015.10.13-05.40.54:438][517]LogWorld: Bringing World /Game/ThirdPersonBP/Maps/UEDPIE_0_ThirdPersonExampleMap.ThirdPersonExampleMap up for play (max tick rate 60) at 2015.10.13-01.40.54
[2015.10.13-05.40.54:438][517]LogActor:Warning: GameSession /Game/ThirdPersonBP/Maps/UEDPIE_0_ThirdPersonExampleMap.ThirdPersonExampleMap:PersistentLevel.GameSession_1 has natively added scene component(s), but none of them were set as the actor's RootComponent - picking one arbitrarily
[2015.10.13-05.40.54:438][517]LogActor:Warning: GameNetworkManager /Game/ThirdPersonBP/Maps/UEDPIE_0_ThirdPersonExampleMap.ThirdPersonExampleMap:PersistentLevel.GameNetworkManager_1 has natively added scene component(s), but none of them were set as the actor's RootComponent - picking one arbitrarily
[2015.10.13-05.40.54:439][517]LogWorld: Bringing up level for play took: 0.013502
[2015.10.13-05.40.54:460][517]PIE: Info Play in editor start time for /Game/ThirdPersonBP/Maps/UEDPIE_0_ThirdPersonExampleMap -0.427
[2015.10.13-05.40.54:460][517]LogBlueprintUserMessages: Late PlayInEditor Detection: Level '/Game/ThirdPersonBP/Maps/ThirdPersonExampleMap.ThirdPersonExampleMap:PersistentLevel' has LevelScriptBlueprint '/Game/ThirdPersonBP/Maps/ThirdPersonExampleMap.ThirdPersonExampleMap:PersistentLevel.ThirdPersonExampleMap' with GeneratedClass '/Game/ThirdPersonBP/Maps/ThirdPersonExampleMap.ThirdPersonExampleMap_C' with ClassGeneratedBy '/Game/ThirdPersonBP/Maps/ThirdPersonExampleMap.ThirdPersonExampleMap:PersistentLevel.ThirdPersonExampleMap'
[2015.10.13-05.41.09:208][396]LogBlueprintUserMessages: Early EndPlayMap Detection: Level '/Game/ThirdPersonBP/Maps/ThirdPersonExampleMap.ThirdPersonExampleMap:PersistentLevel' has LevelScriptBlueprint '/Game/ThirdPersonBP/Maps/ThirdPersonExampleMap.ThirdPersonExampleMap:PersistentLevel.ThirdPersonExampleMap' with GeneratedClass '/Game/ThirdPersonBP/Maps/ThirdPersonExampleMap.ThirdPersonExampleMap_C' with ClassGeneratedBy '/Game/ThirdPersonBP/Maps/ThirdPersonExampleMap.ThirdPersonExampleMap:PersistentLevel.ThirdPersonExampleMap'
[2015.10.13-05.41.09:269][396]LogBlueprintUserMessages: Late EndPlayMap Detection: Level '/Game/ThirdPersonBP/Maps/ThirdPersonExampleMap.ThirdPersonExampleMap:PersistentLevel' has LevelScriptBlueprint '/Game/ThirdPersonBP/Maps/ThirdPersonExampleMap.ThirdPersonExampleMap:PersistentLevel.ThirdPersonExampleMap' with GeneratedClass '/Game/ThirdPersonBP/Maps/ThirdPersonExampleMap.ThirdPersonExampleMap_C' with ClassGeneratedBy '/Game/ThirdPersonBP/Maps/ThirdPersonExampleMap.ThirdPersonExampleMap:PersistentLevel.ThirdPersonExampleMap'
[2015.10.13-05.41.09:365][397]LogParticles: Destroying 0 GPU particle simulations for FXSystem 0x0000000010779440
[2015.10.13-05.41.15:480][612]LogActorFactory: Actor Factory created MaterialSphere
[2015.10.13-05.41.16:633][671]LogActorFactory: Actor Factory created MaterialSphere
[2015.10.13-05.41.18:775][786]Cmd: DELETE
[2015.10.13-05.41.18:775][786]Cmd: ACTOR DELETE
[2015.10.13-05.41.18:776][786]LogEditorActor: Deleted Actor: StaticMeshActor
[2015.10.13-05.41.18:796][786]LogEditorActor: Deleted 1 Actors (0.021 secs)
[2015.10.13-05.41.21:275][874]LogMaterial: Missing cached shader map for material M_MaterialSphere, compiling. 
[2015.10.13-05.41.21:356][874]LogMaterial: Missing cached shader map for material M_MaterialSphere_Plain, compiling. 
[2015.10.13-05.41.21:384][874]LogActorFactory: Actor Factory created SM_MatPreviewMesh_02
[2015.10.13-05.41.22:269][924]LogActorFactory: Actor Factory created SM_MatPreviewMesh_02
[2015.10.13-05.41.56:951][354]LogMaterial: Missing cached shader map for material M_Tech_Hex_Tile, compiling. 
[2015.10.13-05.42.16:262][372]LogBlueprintUserMessages: Early PlayInEditor Detection: Level '/Game/ThirdPersonBP/Maps/ThirdPersonExampleMap.ThirdPersonExampleMap:PersistentLevel' has LevelScriptBlueprint '/Game/ThirdPersonBP/Maps/ThirdPersonExampleMap.ThirdPersonExampleMap:PersistentLevel.ThirdPersonExampleMap' with GeneratedClass '/Game/ThirdPersonBP/Maps/ThirdPersonExampleMap.ThirdPersonExampleMap_C' with ClassGeneratedBy '/Game/ThirdPersonBP/Maps/ThirdPersonExampleMap.ThirdPersonExampleMap:PersistentLevel.ThirdPersonExampleMap'
[2015.10.13-05.42.16:262][372]LogPlayLevel: PlayLevel: No blueprints needed recompiling
[2015.10.13-05.42.16:262][372]PIE: New page: PIE session: ThirdPersonExampleMap (Oct 12, 2015, 9:42:16 PM)
[2015.10.13-05.42.16:263][372]LogPlayLevel: Creating play world package: /Game/ThirdPersonBP/Maps/UEDPIE_0_ThirdPersonExampleMap
[2015.10.13-05.42.16:418][372]LogPlayLevel: PIE: StaticDuplicateObject took: (0.155353s)
[2015.10.13-05.42.16:420][372]LogAIModule: Creating AISystem for world ThirdPersonExampleMap
[2015.10.13-05.42.16:420][372]LogPlayLevel: PIE: World Init took: (0.001770s)
[2015.10.13-05.42.16:420][372]LogPlayLevel: PIE: Created PIE world by copying editor world from /Game/ThirdPersonBP/Maps/ThirdPersonExampleMap.ThirdPersonExampleMap to /Game/ThirdPersonBP/Maps/UEDPIE_0_ThirdPersonExampleMap.ThirdPersonExampleMap (0.157531s)
[2015.10.13-05.42.16:468][372]LogInit: XAudio2 using 'Speakers (Siberia v2 D3H)' : 2 channels at 44.1 kHz using 16 bits per sample (channel mask 0x3)
[2015.10.13-05.42.16:494][372]LogInit: FAudioDevice initialized.
[2015.10.13-05.42.16:540][372]LogWorld: Game class is 'ThirdPersonGameMode_C'
[2015.10.13-05.42.16:557][372]LogWorld: Bringing World /Game/ThirdPersonBP/Maps/UEDPIE_0_ThirdPersonExampleMap.ThirdPersonExampleMap up for play (max tick rate 60) at 2015.10.13-01.42.16
[2015.10.13-05.42.16:557][372]LogActor:Warning: GameSession /Game/ThirdPersonBP/Maps/UEDPIE_0_ThirdPersonExampleMap.ThirdPersonExampleMap:PersistentLevel.GameSession_2 has natively added scene component(s), but none of them were set as the actor's RootComponent - picking one arbitrarily
[2015.10.13-05.42.16:558][372]LogActor:Warning: GameNetworkManager /Game/ThirdPersonBP/Maps/UEDPIE_0_ThirdPersonExampleMap.ThirdPersonExampleMap:PersistentLevel.GameNetworkManager_2 has natively added scene component(s), but none of them were set as the actor's RootComponent - picking one arbitrarily
[2015.10.13-05.42.16:559][372]LogWorld: Bringing up level for play took: 0.017502
[2015.10.13-05.42.16:561][372]PIE: Info Play in editor start time for /Game/ThirdPersonBP/Maps/UEDPIE_0_ThirdPersonExampleMap -0.327
[2015.10.13-05.42.16:561][372]LogBlueprintUserMessages: Late PlayInEditor Detection: Level '/Game/ThirdPersonBP/Maps/ThirdPersonExampleMap.ThirdPersonExampleMap:PersistentLevel' has LevelScriptBlueprint '/Game/ThirdPersonBP/Maps/ThirdPersonExampleMap.ThirdPersonExampleMap:PersistentLevel.ThirdPersonExampleMap' with GeneratedClass '/Game/ThirdPersonBP/Maps/ThirdPersonExampleMap.ThirdPersonExampleMap_C' with ClassGeneratedBy '/Game/ThirdPersonBP/Maps/ThirdPersonExampleMap.ThirdPersonExampleMap:PersistentLevel.ThirdPersonExampleMap'
[2015.10.13-05.42.31:944][276]LogBlueprintUserMessages: Early EndPlayMap Detection: Level '/Game/ThirdPersonBP/Maps/ThirdPersonExampleMap.ThirdPersonExampleMap:PersistentLevel' has LevelScriptBlueprint '/Game/ThirdPersonBP/Maps/ThirdPersonExampleMap.ThirdPersonExampleMap:PersistentLevel.ThirdPersonExampleMap' with GeneratedClass '/Game/ThirdPersonBP/Maps/ThirdPersonExampleMap.ThirdPersonExampleMap_C' with ClassGeneratedBy '/Game/ThirdPersonBP/Maps/ThirdPersonExampleMap.ThirdPersonExampleMap:PersistentLevel.ThirdPersonExampleMap'
[2015.10.13-05.42.32:005][276]LogBlueprintUserMessages: Late EndPlayMap Detection: Level '/Game/ThirdPersonBP/Maps/ThirdPersonExampleMap.ThirdPersonExampleMap:PersistentLevel' has LevelScriptBlueprint '/Game/ThirdPersonBP/Maps/ThirdPersonExampleMap.ThirdPersonExampleMap:PersistentLevel.ThirdPersonExampleMap' with GeneratedClass '/Game/ThirdPersonBP/Maps/ThirdPersonExampleMap.ThirdPersonExampleMap_C' with ClassGeneratedBy '/Game/ThirdPersonBP/Maps/ThirdPersonExampleMap.ThirdPersonExampleMap:PersistentLevel.ThirdPersonExampleMap'
[2015.10.13-05.42.32:046][277]LogParticles: Destroying 0 GPU particle simulations for FXSystem 0x0000000012D66340
[2015.10.13-05.43.23:038][ 96]LogSavePackage: Save=2525.062988ms
[2015.10.13-05.43.23:038][ 96]LogSavePackage: Moving '../../../../../../Users/Lauren/Documents/GitHub/DigitalHorrorGame/GDDHorrorGame/Saved/ThirdPersonExampleMap_Auto1050A557B4D90DFB53DB2E881A1E3E3F7.tmp' to '../../../../../../Users/Lauren/Documents/GitHub/DigitalHorrorGame/GDDHorrorGame/Saved/Autosaves/Game/ThirdPersonBP/Maps/ThirdPersonExampleMap_Auto1.umap'
[2015.10.13-05.43.23:064][ 96]LogSavePackage: Total save time: 6598.054882ms
[2015.10.13-05.43.23:064][ 96]LogSavePackage:Warning: Finished SavePackage ../../../../../../Users/Lauren/Documents/GitHub/DigitalHorrorGame/GDDHorrorGame/Saved/Autosaves/Game/ThirdPersonBP/Maps/ThirdPersonExampleMap_Auto1.umap
[2015.10.13-05.43.23:212][ 96]LogFileHelpers: Editor autosave (incl. sublevels) for '/Game/ThirdPersonBP/Maps/ThirdPersonExampleMap' took 7.136
[2015.10.13-05.43.23:212][ 96]LogFileHelpers: Editor autosave (incl. sublevels) for all levels took 7.136
[2015.10.13-05.44.14:160][313]LogMaterial: Missing cached shader map for material M_Shelf, compiling. 
[2015.10.13-05.44.14:191][313]LogActorFactory: Actor Factory created SM_Shelf
[2015.10.13-05.44.17:761][508]LogActorFactory: Actor Factory created SM_Shelf
[2015.10.13-05.44.32:466][227]LogEditorViewport: Clicking on Actor (LMB): StaticMeshActor (SM_Shelf)
[2015.10.13-05.45.04:535][701]LogMaterial: Missing cached shader map for material M_StatueGlass, compiling. 
[2015.10.13-05.45.04:637][701]LogMaterial: Missing cached shader map for material M_Statue, compiling. 
[2015.10.13-05.45.04:793][702]LogActorFactory: Actor Factory created SM_Statue
[2015.10.13-05.45.05:883][755]LogActorFactory: Actor Factory created SM_Statue
[2015.10.13-05.45.30:382][694]LogMaterial: Missing cached shader map for material M_Rock_Basalt, compiling. 
[2015.10.13-05.45.34:191][854]LogBlueprintUserMessages: Early PlayInEditor Detection: Level '/Game/ThirdPersonBP/Maps/ThirdPersonExampleMap.ThirdPersonExampleMap:PersistentLevel' has LevelScriptBlueprint '/Game/ThirdPersonBP/Maps/ThirdPersonExampleMap.ThirdPersonExampleMap:PersistentLevel.ThirdPersonExampleMap' with GeneratedClass '/Game/ThirdPersonBP/Maps/ThirdPersonExampleMap.ThirdPersonExampleMap_C' with ClassGeneratedBy '/Game/ThirdPersonBP/Maps/ThirdPersonExampleMap.ThirdPersonExampleMap:PersistentLevel.ThirdPersonExampleMap'
[2015.10.13-05.45.34:191][854]LogPlayLevel: PlayLevel: No blueprints needed recompiling
[2015.10.13-05.45.34:191][854]PIE: New page: PIE session: ThirdPersonExampleMap (Oct 12, 2015, 9:45:34 PM)
[2015.10.13-05.45.34:191][854]LogPlayLevel: Creating play world package: /Game/ThirdPersonBP/Maps/UEDPIE_0_ThirdPersonExampleMap
[2015.10.13-05.45.34:216][854]LogPlayLevel: PIE: StaticDuplicateObject took: (0.024591s)
[2015.10.13-05.45.34:217][854]LogAIModule: Creating AISystem for world ThirdPersonExampleMap
[2015.10.13-05.45.34:217][854]LogPlayLevel: PIE: World Init took: (0.001030s)
[2015.10.13-05.45.34:217][854]LogPlayLevel: PIE: Created PIE world by copying editor world from /Game/ThirdPersonBP/Maps/ThirdPersonExampleMap.ThirdPersonExampleMap to /Game/ThirdPersonBP/Maps/UEDPIE_0_ThirdPersonExampleMap.ThirdPersonExampleMap (0.025894s)
[2015.10.13-05.45.34:264][854]LogInit: XAudio2 using 'Speakers (Siberia v2 D3H)' : 2 channels at 44.1 kHz using 16 bits per sample (channel mask 0x3)
[2015.10.13-05.45.34:281][854]LogInit: FAudioDevice initialized.
[2015.10.13-05.45.34:339][854]LogWorld: Game class is 'ThirdPersonGameMode_C'
[2015.10.13-05.45.34:356][854]LogWorld: Bringing World /Game/ThirdPersonBP/Maps/UEDPIE_0_ThirdPersonExampleMap.ThirdPersonExampleMap up for play (max tick rate 60) at 2015.10.13-01.45.34
[2015.10.13-05.45.34:356][854]LogActor:Warning: GameSession /Game/ThirdPersonBP/Maps/UEDPIE_0_ThirdPersonExampleMap.ThirdPersonExampleMap:PersistentLevel.GameSession_3 has natively added scene component(s), but none of them were set as the actor's RootComponent - picking one arbitrarily
[2015.10.13-05.45.34:357][854]LogActor:Warning: GameNetworkManager /Game/ThirdPersonBP/Maps/UEDPIE_0_ThirdPersonExampleMap.ThirdPersonExampleMap:PersistentLevel.GameNetworkManager_3 has natively added scene component(s), but none of them were set as the actor's RootComponent - picking one arbitrarily
[2015.10.13-05.45.34:358][854]LogWorld: Bringing up level for play took: 0.017377
[2015.10.13-05.45.34:362][854]PIE: Info Play in editor start time for /Game/ThirdPersonBP/Maps/UEDPIE_0_ThirdPersonExampleMap -0.529
[2015.10.13-05.45.34:362][854]LogBlueprintUserMessages: Late PlayInEditor Detection: Level '/Game/ThirdPersonBP/Maps/ThirdPersonExampleMap.ThirdPersonExampleMap:PersistentLevel' has LevelScriptBlueprint '/Game/ThirdPersonBP/Maps/ThirdPersonExampleMap.ThirdPersonExampleMap:PersistentLevel.ThirdPersonExampleMap' with GeneratedClass '/Game/ThirdPersonBP/Maps/ThirdPersonExampleMap.ThirdPersonExampleMap_C' with ClassGeneratedBy '/Game/ThirdPersonBP/Maps/ThirdPersonExampleMap.ThirdPersonExampleMap:PersistentLevel.ThirdPersonExampleMap'
[2015.10.13-05.45.46:644][574]LogBlueprintUserMessages: Early EndPlayMap Detection: Level '/Game/ThirdPersonBP/Maps/ThirdPersonExampleMap.ThirdPersonExampleMap:PersistentLevel' has LevelScriptBlueprint '/Game/ThirdPersonBP/Maps/ThirdPersonExampleMap.ThirdPersonExampleMap:PersistentLevel.ThirdPersonExampleMap' with GeneratedClass '/Game/ThirdPersonBP/Maps/ThirdPersonExampleMap.ThirdPersonExampleMap_C' with ClassGeneratedBy '/Game/ThirdPersonBP/Maps/ThirdPersonExampleMap.ThirdPersonExampleMap:PersistentLevel.ThirdPersonExampleMap'
[2015.10.13-05.45.46:708][574]LogBlueprintUserMessages: Late EndPlayMap Detection: Level '/Game/ThirdPersonBP/Maps/ThirdPersonExampleMap.ThirdPersonExampleMap:PersistentLevel' has LevelScriptBlueprint '/Game/ThirdPersonBP/Maps/ThirdPersonExampleMap.ThirdPersonExampleMap:PersistentLevel.ThirdPersonExampleMap' with GeneratedClass '/Game/ThirdPersonBP/Maps/ThirdPersonExampleMap.ThirdPersonExampleMap_C' with ClassGeneratedBy '/Game/ThirdPersonBP/Maps/ThirdPersonExampleMap.ThirdPersonExampleMap:PersistentLevel.ThirdPersonExampleMap'
[2015.10.13-05.45.46:724][574]LogParticles: Destroying 0 GPU particle simulations for FXSystem 0x0000000012DA4EA0
[2015.10.13-05.45.59:581][253]MapCheck: New page: Map Check
[2015.10.13-05.45.59:754][253]Cmd: MAP REBUILD ALLVISIBLE
[2015.10.13-05.45.59:925][253]LogEditorServer: Rebuildmap Clear paths rebuilt
[2015.10.13-05.46.00:896][253]MapCheck:Warning: Warning WorldInfo_0 Hierarchical LOD System is disabled or no HLOD level settings available, unable to build LOD actors. 
[2015.10.13-05.46.00:896][253]LogStats:          STAT_HLOD_BuildClusters - 96.542 ms
[2015.10.13-05.46.00:962][253]LightingResults: New page: Lighting Build - Oct 12, 2015, 9:46:00 PM
[2015.10.13-05.46.01:202][253]LogEditorBuildUtils: Build time 0:00:01
[2015.10.13-05.47.09:588][989]LogSavePackage: Save=86.228050ms
[2015.10.13-05.47.09:588][989]LogSavePackage: Moving '../../../../../../Users/Lauren/Documents/GitHub/DigitalHorrorGame/GDDHorrorGame/Saved/ThirdPersonExampleMap8ED8738C400FC744A7422EA820EC728E.tmp' to '../../../../../../Users/Lauren/Documents/GitHub/DigitalHorrorGame/GDDHorrorGame/Content/ThirdPersonBP/Maps/ThirdPersonExampleMap.umap'
[2015.10.13-05.47.09:630][989]LogSavePackage: Total save time: 141.093645ms
[2015.10.13-05.47.09:630][989]LogSavePackage:Warning: Finished SavePackage ../../../../../../Users/Lauren/Documents/GitHub/DigitalHorrorGame/GDDHorrorGame/Content/ThirdPersonBP/Maps/ThirdPersonExampleMap.umap
[2015.10.13-05.47.09:666][989]LogFileHelpers: Saving map 'ThirdPersonExampleMap' took 0.351
[2015.10.13-05.47.14:794][234]Cmd: QUIT_EDITOR
[2015.10.13-05.47.15:886][234]LogExit: Preparing to exit.
[2015.10.13-05.47.20:067][234]LogExit: Editor shut down
[2015.10.13-05.47.20:068][234]LogExit: Transaction tracking system shut down
[2015.10.13-05.47.22:283][234]LogParticles: Destroying 0 GPU particle simulations for FXSystem 0x0000000011A4DA80
[2015.10.13-05.47.22:283][234]LogParticles: Destroying 0 GPU particle simulations for FXSystem 0x000000003599B740
[2015.10.13-05.47.22:283][234]LogParticles: Destroying 0 GPU particle simulations for FXSystem 0x0000000037353F60
[2015.10.13-05.47.22:284][234]LogParticles: Destroying 0 GPU particle simulations for FXSystem 0x000000003825B9C0
[2015.10.13-05.47.22:284][234]LogParticles: Destroying 0 GPU particle simulations for FXSystem 0x000000003825B7E0
[2015.10.13-05.47.29:979][234]LogExit: Object subsystem successfully closed.
[2015.10.13-05.47.31:902][234]LogD3D11RHI: Shutdown
[2015.10.13-05.47.31:902][234]LogD3D11RHI: CleanupD3DDevice
[2015.10.13-05.47.32:277][234]LogD3D11RHI: ~FD3D11DynamicRHI
[2015.10.13-05.47.34:691][234]LogModuleManager: Shutting down and abandoning module CrashTracker (197)
[2015.10.13-05.47.34:691][234]LogModuleManager: Shutting down and abandoning module SceneOutliner (196)
[2015.10.13-05.47.34:691][234]LogModuleManager: Shutting down and abandoning module SuperSearch (195)
[2015.10.13-05.47.34:691][234]LogModuleManager: Shutting down and abandoning module WidgetCarousel (194)
[2015.10.13-05.47.34:691][234]LogModuleManager: Shutting down and abandoning module AddContentDialog (193)
[2015.10.13-05.47.34:767][234]LogModuleManager: Shutting down and abandoning module EditorWidgets (192)
[2015.10.13-05.47.34:767][234]LogModuleManager: Shutting down and abandoning module CollectionManager (191)
[2015.10.13-05.47.34:790][234]LogModuleManager: Shutting down and abandoning module StatsViewer (190)
[2015.10.13-05.47.34:841][234]LogModuleManager: Shutting down and abandoning module FoliageEdit (189)
[2015.10.13-05.47.34:858][234]LogModuleManager: Shutting down and abandoning module LandscapeEditor (188)
[2015.10.13-05.47.34:948][234]LogModuleManager: Shutting down and abandoning module ActorPickerMode (187)
[2015.10.13-05.47.34:948][234]LogModuleManager: Shutting down and abandoning module GeometryMode (186)
[2015.10.13-05.47.34:948][234]LogModuleManager: Shutting down and abandoning module TextureAlignMode (185)
[2015.10.13-05.47.34:948][234]LogModuleManager: Shutting down and abandoning module BspMode (184)
[2015.10.13-05.47.34:948][234]LogModuleManager: Shutting down and abandoning module PlacementMode (183)
[2015.10.13-05.47.34:948][234]LogModuleManager: Shutting down and abandoning module AutomationWorker (182)
[2015.10.13-05.47.34:955][234]LogModuleManager: Shutting down and abandoning module CharacterAI (181)
[2015.10.13-05.47.34:955][234]LogModuleManager: Shutting down and abandoning module SmartSnapping (180)
[2015.10.13-05.47.34:955][234]LogModuleManager: Shutting down and abandoning module ViewportSnapping (179)
[2015.10.13-05.47.34:955][234]LogModuleManager: Shutting down and abandoning module LogVisualizer (178)
[2015.10.13-05.47.35:056][234]LogModuleManager: Shutting down and abandoning module GameProjectGeneration (177)
[2015.10.13-05.47.35:085][234]LogModuleManager: Shutting down and abandoning module IntroTutorials (176)
[2015.10.13-05.47.35:193][234]LogModuleManager: Shutting down and abandoning module EditorLiveStreaming (175)
[2015.10.13-05.47.35:193][234]LogModuleManager: Shutting down and abandoning module IOSPlatformEditor (174)
[2015.10.13-05.47.35:206][234]LogModuleManager: Shutting down and abandoning module HTML5PlatformEditor (173)
[2015.10.13-05.47.35:206][234]LogModuleManager: Shutting down and abandoning module AndroidDeviceDetection (172)
[2015.10.13-05.47.36:117][234]LogModuleManager: Shutting down and abandoning module AndroidPlatformEditor (171)
[2015.10.13-05.47.36:117][234]LogModuleManager: Shutting down and abandoning module IOSRuntimeSettings (170)
[2015.10.13-05.47.36:117][234]LogModuleManager: Shutting down and abandoning module AndroidRuntimeSettings (169)
[2015.10.13-05.47.36:117][234]LogModuleManager: Shutting down and abandoning module MergeActors (168)
[2015.10.13-05.47.36:129][234]LogModuleManager: Shutting down and abandoning module SizeMap (167)
[2015.10.13-05.47.36:129][234]LogModuleManager: Shutting down and abandoning module TreeMap (166)
[2015.10.13-05.47.36:141][234]LogModuleManager: Shutting down and abandoning module ReferenceViewer (165)
[2015.10.13-05.47.36:141][234]LogModuleManager: Shutting down and abandoning module LocalizationService (164)
[2015.10.13-05.47.36:151][234]LogModuleManager: Shutting down and abandoning module LocalizationDashboard (163)
[2015.10.13-05.47.36:161][234]LogModuleManager: Shutting down and abandoning module HardwareTargeting (162)
[2015.10.13-05.47.36:161][234]LogModuleManager: Shutting down and abandoning module DeviceProfileEditor (161)
[2015.10.13-05.47.36:161][234]LogModuleManager: Shutting down and abandoning module UndoHistory (160)
[2015.10.13-05.47.36:172][234]LogModuleManager: Shutting down and abandoning module GameplayTagsEditor (159)
[2015.10.13-05.47.36:172][234]LogModuleManager: Shutting down and abandoning module UserFeedback (158)
[2015.10.13-05.47.36:172][234]LogModuleManager: Shutting down and abandoning module XmlParser (157)
[2015.10.13-05.47.36:189][234]LogModuleManager: Shutting down and abandoning module Blutility (156)
[2015.10.13-05.47.36:189][234]LogModuleManager: Shutting down and abandoning module ProjectTargetPlatformEditor (155)
[2015.10.13-05.47.36:199][234]LogModuleManager: Shutting down and abandoning module ProjectSettingsViewer (154)
[2015.10.13-05.47.36:199][234]LogModuleManager: Shutting down and abandoning module InputBindingEditor (153)
[2015.10.13-05.47.36:211][234]LogModuleManager: Shutting down and abandoning module EditorSettingsViewer (152)
[2015.10.13-05.47.36:211][234]LogModuleManager: Shutting down and abandoning module SettingsEditor (151)
[2015.10.13-05.47.36:231][234]LogModuleManager: Shutting down and abandoning module ProjectLauncher (150)
[2015.10.13-05.47.36:257][234]LogModuleManager: Shutting down and abandoning module SessionFrontend (149)
[2015.10.13-05.47.36:264][234]LogModuleManager: Shutting down and abandoning module ProfilerClient (148)
[2015.10.13-05.47.36:286][234]LogModuleManager: Shutting down and abandoning module TargetDeviceServices (147)
[2015.10.13-05.47.36:286][234]LogModuleManager: Shutting down and abandoning module DeviceManager (146)
[2015.10.13-05.47.36:304][234]LogModuleManager: Shutting down and abandoning module AutomationController (145)
[2015.10.13-05.47.36:318][234]LogModuleManager: Shutting down and abandoning module AutomationWindow (144)
[2015.10.13-05.47.36:332][234]LogModuleManager: Shutting down and abandoning module Layers (143)
[2015.10.13-05.47.36:346][234]LogModuleManager: Shutting down and abandoning module ComponentVisualizers (142)
[2015.10.13-05.47.36:346][234]LogModuleManager: Shutting down and abandoning module DetailCustomizations (141)
[2015.10.13-05.47.36:361][234]LogModuleManager: Shutting down and abandoning module PackagesDialog (140)
[2015.10.13-05.47.36:367][234]LogModuleManager: Shutting down and abandoning module Persona (139)
[2015.10.13-05.47.36:392][234]LogModuleManager: Shutting down and abandoning module Kismet (138)
[2015.10.13-05.47.36:404][234]LogModuleManager: Shutting down and abandoning module GraphEditor (137)
[2015.10.13-05.47.36:404][234]LogModuleManager: Shutting down and abandoning module ClassViewer (136)
[2015.10.13-05.47.36:407][234]LogModuleManager: Shutting down and abandoning module Toolbox (135)
[2015.10.13-05.47.36:407][234]LogModuleManager: Shutting down and abandoning module ModuleUI (134)
[2015.10.13-05.47.36:437][234]LogModuleManager: Shutting down and abandoning module MovieSceneTools (133)
[2015.10.13-05.47.36:437][234]LogModuleManager: Shutting down and abandoning module OutputLog (132)
[2015.10.13-05.47.36:462][234]LogModuleManager: Shutting down and abandoning module GammaUI (131)
[2015.10.13-05.47.36:495][234]LogModuleManager: Shutting down and abandoning module Documentation (130)
[2015.10.13-05.47.36:495][234]LogModuleManager: Shutting down and abandoning module GameLiveStreaming (129)
[2015.10.13-05.47.36:511][234]LogModuleManager: Shutting down and abandoning module StreamingPauseRendering (128)
[2015.10.13-05.47.36:526][234]LogModuleManager: Shutting down and abandoning module AnalyticsET (127)
[2015.10.13-05.47.36:526][234]LogModuleManager: Shutting down and abandoning module Analytics (126)
[2015.10.13-05.47.36:526][234]LogModuleManager: Shutting down and abandoning module AITestSuite (125)
[2015.10.13-05.47.36:536][234]LogModuleManager: Shutting down and abandoning module GameplayDebugger (124)
[2015.10.13-05.47.36:536][234]LogModuleManager: Shutting down and abandoning module AIModule (123)
[2015.10.13-05.47.36:536][234]LogModuleManager: Shutting down and abandoning module ProfilerService (122)
[2015.10.13-05.47.36:575][234]LogModuleManager: Shutting down and abandoning module TaskGraph (121)
[2015.10.13-05.47.36:595][234]LogModuleManager: Shutting down and abandoning module SlateRemote (120)
[2015.10.13-05.47.36:595][234]LogModuleManager: Shutting down and abandoning module SteamVRController (119)
[2015.10.13-05.47.36:595][234]LogModuleManager: Shutting down and abandoning module SteamVR (118)
[2015.10.13-05.47.36:596][234]LogModuleManager: Shutting down and abandoning module ProceduralMeshComponent (117)
[2015.10.13-05.47.36:596][234]LogModuleManager: Shutting down and abandoning module OculusRift (116)
[2015.10.13-05.47.36:596][234]LogModuleManager: Shutting down and abandoning module OculusLibrary (115)
[2015.10.13-05.47.36:596][234]LogModuleManager: Shutting down and abandoning module LeapMotionController (114)
[2015.10.13-05.47.36:665][234]LogModuleManager: Shutting down and abandoning module CustomMeshComponent (113)
[2015.10.13-05.47.36:680][234]LogModuleManager: Shutting down and abandoning module CableComponent (112)
[2015.10.13-05.47.36:680][234]LogModuleManager: Shutting down and abandoning module ArchVisCharacter (111)
[2015.10.13-05.47.36:680][234]LogModuleManager: Shutting down and abandoning module MessagingDebugger (110)
[2015.10.13-05.47.36:691][234]LogModuleManager: Shutting down and abandoning module MediaPlayerEditor (109)
[2015.10.13-05.47.36:710][234]LogModuleManager: Shutting down and abandoning module HTML5Networking (108)
[2015.10.13-05.47.36:710][234]LogModuleManager: Shutting down and abandoning module SpeedTreeImporter (107)
[2015.10.13-05.47.36:710][234]LogModuleManager: Shutting down and abandoning module PluginBrowser (106)
[2015.10.13-05.47.36:716][234]LogModuleManager: Shutting down and abandoning module EpicSurvey (105)
[2015.10.13-05.47.36:716][234]LogModuleManager: Shutting down and abandoning module DesktopPlatform (104)
[2015.10.13-05.47.36:721][234]LogModuleManager: Shutting down and abandoning module VisualStudioSourceCodeAccess (103)
[2015.10.13-05.47.36:734][234]LogModuleManager: Shutting down and abandoning module UObjectPlugin (102)
[2015.10.13-05.47.36:734][234]LogModuleManager: Shutting down and abandoning module SubversionSourceControl (101)
[2015.10.13-05.47.36:755][234]LogModuleManager: Shutting down and abandoning module PerforceSourceControl (100)
[2015.10.13-05.47.36:798][234]LogModuleManager: Shutting down and abandoning module SourceControl (99)
[2015.10.13-05.47.36:807][234]LogModuleManager: Shutting down and abandoning module GitSourceControl (98)
[2015.10.13-05.47.36:819][234]LogModuleManager: Shutting down and abandoning module LightPropagationVolumeEditor (97)
[2015.10.13-05.47.36:819][234]LogModuleManager: Shutting down and abandoning module PaperTiledImporter (96)
[2015.10.13-05.47.36:826][234]LogModuleManager: Shutting down and abandoning module PaperSpriteSheetImporter (95)
[2015.10.13-05.47.36:840][234]LogModuleManager: Shutting down and abandoning module MeshPaint (94)
[2015.10.13-05.47.36:848][234]LogModuleManager: Shutting down and abandoning module SlateReflector (93)
[2015.10.13-05.47.36:873][234]LogModuleManager: Shutting down and abandoning module HotReload (92)
[2015.10.13-05.47.36:881][234]LogModuleManager: Shutting down and abandoning module MainFrame (91)
[2015.10.13-05.47.36:881][234]LogModuleManager: Shutting down and abandoning module LevelEditor (90)
[2015.10.13-05.47.36:887][234]LogModuleManager: Shutting down and abandoning module DirectoryWatcher (89)
[2015.10.13-05.47.36:888][234]LogModuleManager: Shutting down and abandoning module AssetRegistry (88)
[2015.10.13-05.47.36:959][234]LogModuleManager: Shutting down and abandoning module ContentBrowser (87)
[2015.10.13-05.47.36:960][234]LogModuleManager: Shutting down and abandoning module Paper2DEditor (86)
[2015.10.13-05.47.36:994][234]LogModuleManager: Shutting down and abandoning module UdpMessaging (85)
[2015.10.13-05.47.37:094][234]LogModuleManager: Shutting down and abandoning module LightPropagationVolumeRuntime (84)
[2015.10.13-05.47.37:094][234]LogModuleManager: Shutting down and abandoning module Paper2D (83)
[2015.10.13-05.47.37:110][234]LogModuleManager: Shutting down and abandoning module WindowsMoviePlayer (82)
[2015.10.13-05.47.37:120][234]LogModuleManager: Shutting down and abandoning module Media (81)
[2015.10.13-05.47.37:120][234]LogModuleManager: Shutting down and abandoning module WmfMedia (80)
[2015.10.13-05.47.37:155][234]LogModuleManager: Shutting down and abandoning module OnlineBlueprintSupport (79)
[2015.10.13-05.47.37:155][234]LogModuleManager: Shutting down and abandoning module GameplayTasksEditor (78)
[2015.10.13-05.47.37:155][234]LogModuleManager: Shutting down and abandoning module PropertyEditor (77)
[2015.10.13-05.47.37:155][234]LogModuleManager: Shutting down and abandoning module BehaviorTreeEditor (76)
[2015.10.13-05.47.37:179][234]LogModuleManager: Shutting down and abandoning module FunctionalTesting (75)
[2015.10.13-05.47.37:179][234]LogModuleManager: Shutting down and abandoning module CollisionAnalyzer (74)
[2015.10.13-05.47.37:186][234]LogModuleManager: Shutting down and abandoning module WorkspaceMenuStructure (73)
[2015.10.13-05.47.37:186][234]LogModuleManager: Shutting down and abandoning module MessageLog (72)
[2015.10.13-05.47.37:186][234]LogModuleManager: Shutting down and abandoning module Sequencer (71)
[2015.10.13-05.47.37:203][234]LogModuleManager: Shutting down and abandoning module AssetTools (70)
[2015.10.13-05.47.37:235][234]LogModuleManager: Shutting down and abandoning module UMGEditor (69)
[2015.10.13-05.47.37:247][234]LogModuleManager: Shutting down and abandoning module UMG (68)
[2015.10.13-05.47.37:256][234]LogModuleManager: Shutting down and abandoning module Slate (67)
[2015.10.13-05.47.37:256][234]LogModuleManager: Shutting down and abandoning module EditorStyle (66)
[2015.10.13-05.47.37:259][234]LogModuleManager: Shutting down and abandoning module SessionServices (65)
[2015.10.13-05.47.37:259][234]LogModuleManager: Shutting down and abandoning module SourceCodeAccess (64)
[2015.10.13-05.47.37:259][234]LogModuleManager: Shutting down and abandoning module HeadMountedDisplay (63)
[2015.10.13-05.47.37:259][234]LogModuleManager: Shutting down and abandoning module XAudio2 (62)
[2015.10.13-05.47.37:259][234]LogModuleManager: Shutting down and abandoning module Networking (60)
[2015.10.13-05.47.37:259][234]LogModuleManager: Shutting down and abandoning module Core (59)
[2015.10.13-05.47.37:259][234]LogModuleManager: Shutting down and abandoning module KismetCompiler (58)
[2015.10.13-05.47.37:259][234]LogModuleManager: Shutting down and abandoning module PhysXFormats (57)
[2015.10.13-05.47.37:263][234]LogModuleManager: Shutting down and abandoning module MeshUtilities (56)
[2015.10.13-05.47.37:278][234]LogModuleManager: Shutting down and abandoning module CookingStats (55)
[2015.10.13-05.47.37:279][234]LogModuleManager: Shutting down and abandoning module DerivedDataCache (54)
[2015.10.13-05.47.37:375][234]LogDerivedDataCache: Shutdown
[2015.10.13-05.47.37:375][234]LogModuleManager: Shutting down and abandoning module ShaderFormatOpenGL (53)
[2015.10.13-05.47.37:410][234]LogModuleManager: Shutting down and abandoning module ShaderFormatD3D (52)
[2015.10.13-05.47.37:429][234]LogModuleManager: Shutting down and abandoning module MetalShaderFormat (51)
[2015.10.13-05.47.37:442][234]LogModuleManager: Shutting down and abandoning module TextureFormatUncompressed (50)
[2015.10.13-05.47.37:442][234]LogModuleManager: Shutting down and abandoning module TextureFormatPVR (49)
[2015.10.13-05.47.37:456][234]LogModuleManager: Shutting down and abandoning module TextureFormatIntelISPCTexComp (48)
[2015.10.13-05.47.37:502][234]LogModuleManager: Shutting down and abandoning module TextureFormatDXT (47)
[2015.10.13-05.47.37:510][234]LogModuleManager: Shutting down and abandoning module ImageWrapper (46)
[2015.10.13-05.47.37:510][234]LogModuleManager: Shutting down and abandoning module TextureFormatASTC (45)
[2015.10.13-05.47.37:510][234]LogModuleManager: Shutting down and abandoning module TextureFormatAndroid (44)
[2015.10.13-05.47.37:510][234]LogModuleManager: Shutting down and abandoning module AudioFormatOpus (43)
[2015.10.13-05.47.37:522][234]LogModuleManager: Shutting down and abandoning module AudioFormatOgg (42)
[2015.10.13-05.47.37:586][234]LogModuleManager: Shutting down and abandoning module AudioFormatADPCM (41)
[2015.10.13-05.47.37:597][234]LogModuleManager: Shutting down and abandoning module LinuxTargetPlatform (40)
[2015.10.13-05.47.37:598][234]LogModuleManager: Shutting down and abandoning module LinuxServerTargetPlatform (39)
[2015.10.13-05.47.37:661][234]LogModuleManager: Shutting down and abandoning module LinuxNoEditorTargetPlatform (38)
[2015.10.13-05.47.37:669][234]LogModuleManager: Shutting down and abandoning module Messaging (37)
[2015.10.13-05.47.37:669][234]LogModuleManager: Shutting down and abandoning module IOSTargetPlatform (36)
[2015.10.13-05.47.37:669][234]LogModuleManager: Shutting down and abandoning module HTML5TargetPlatform (35)
[2015.10.13-05.47.37:669][234]LogModuleManager: Shutting down and abandoning module Android_PVRTCTargetPlatform (34)
[2015.10.13-05.47.37:694][234]LogModuleManager: Shutting down and abandoning module Android_ETC2TargetPlatform (33)
[2015.10.13-05.47.37:706][234]LogModuleManager: Shutting down and abandoning module Android_ETC1TargetPlatform (32)
[2015.10.13-05.47.37:708][234]LogModuleManager: Shutting down and abandoning module Android_DXTTargetPlatform (31)
[2015.10.13-05.47.37:718][234]LogModuleManager: Shutting down and abandoning module Android_ATCTargetPlatform (30)
[2015.10.13-05.47.37:732][234]LogModuleManager: Shutting down and abandoning module Android_ASTCTargetPlatform (29)
[2015.10.13-05.47.37:738][234]LogModuleManager: Shutting down and abandoning module AndroidTargetPlatform (28)
[2015.10.13-05.47.37:801][234]LogModuleManager: Shutting down and abandoning module WindowsTargetPlatform (27)
[2015.10.13-05.47.37:801][234]LogModuleManager: Shutting down and abandoning module WindowsServerTargetPlatform (26)
[2015.10.13-05.47.37:807][234]LogModuleManager: Shutting down and abandoning module WindowsNoEditorTargetPlatform (25)
[2015.10.13-05.47.37:817][234]LogModuleManager: Shutting down and abandoning module WindowsClientTargetPlatform (24)
[2015.10.13-05.47.37:896][234]LogModuleManager: Shutting down and abandoning module AllDesktopTargetPlatform (23)
[2015.10.13-05.47.37:903][234]LogModuleManager: Shutting down and abandoning module TargetPlatform (22)
[2015.10.13-05.47.37:903][234]LogModuleManager: Shutting down and abandoning module InputCore (21)
[2015.10.13-05.47.37:903][234]LogModuleManager: Shutting down and abandoning module Settings (20)
[2015.10.13-05.47.37:903][234]LogModuleManager: Shutting down and abandoning module OnlineSubsystem (18)
[2015.10.13-05.47.37:903][234]LogModuleManager: Shutting down and abandoning module HTTP (17)
[2015.10.13-05.47.40:404][234]LogModuleManager: Shutting down and abandoning module XMPP (16)
[2015.10.13-05.47.40:461][234]LogModuleManager: Shutting down and abandoning module ExampleDeviceProfileSelector (15)
[2015.10.13-05.47.40:461][234]LogModuleManager: Shutting down and abandoning module TextureCompressor (14)
[2015.10.13-05.47.40:472][234]LogModuleManager: Shutting down and abandoning module ShaderCore (13)
[2015.10.13-05.47.40:472][234]LogModuleManager: Shutting down and abandoning module Landscape (12)
[2015.10.13-05.47.40:472][234]LogModuleManager: Shutting down and abandoning module SlateRHIRenderer (11)
[2015.10.13-05.47.40:496][234]LogModuleManager: Shutting down and abandoning module OpenGLDrv (10)
[2015.10.13-05.47.40:508][234]LogModuleManager: Shutting down and abandoning module D3D11RHI (9)
[2015.10.13-05.47.40:508][234]LogModuleManager: Shutting down and abandoning module AnimGraphRuntime (8)
[2015.10.13-05.47.40:522][234]LogModuleManager: Shutting down and abandoning module Renderer (7)
[2015.10.13-05.47.40:522][234]LogModuleManager: Shutting down and abandoning module Engine (6)
[2015.10.13-05.47.40:522][234]LogModuleManager: Shutting down and abandoning module CoreUObject (5)
[2015.10.13-05.47.40:522][234]LogModuleManager: Shutting down and abandoning module NetworkFile (4)
[2015.10.13-05.47.40:535][234]LogModuleManager: Shutting down and abandoning module StreamingFile (3)
[2015.10.13-05.47.40:548][234]LogModuleManager: Shutting down and abandoning module SandboxFile (2)
[2015.10.13-05.47.40:554][234]LogModuleManager: Shutting down and abandoning module PakFile (1)
[2015.10.13-05.47.40:583][234]LogExit: Exiting.
[2015.10.13-05.47.40:619][234]Log file closed, 10/13/15 01:47:40
