[2015.10.12-23.27.01:812][  0]Log file open, 10/12/15 19:27:01
[2015.10.12-23.27.01:812][  0]LogInit:Display: Running engine for game: GDDHorrorGame
[2015.10.12-23.27.01:812][  0]LogInit:Display: RandInit(-1641332376) SRandInit(-1641332376).
[2015.10.12-23.27.01:812][  0]LogTaskGraph: Started task graph with 4 named threads and 7 total threads.
[2015.10.12-23.27.01:812][  0]LogStats: Stats thread started at 0.075257
[2015.10.12-23.27.01:812][  0]LogInit: Version: 4.9.2-2707645+++depot+UE4-Releases+4.9
[2015.10.12-23.27.01:812][  0]LogInit: API Version: 2672455
[2015.10.12-23.27.01:812][  0]LogInit: Compiled (64-bit): Sep 28 2015 10:25:44
[2015.10.12-23.27.01:812][  0]LogInit: Compiled with Visual C++: 18.00.21005.01
[2015.10.12-23.27.01:812][  0]LogInit: Build Configuration: Development
[2015.10.12-23.27.01:812][  0]LogInit: Branch Name: ++depot+UE4-Releases+4.9
[2015.10.12-23.27.01:812][  0]LogInit: Command line:  
[2015.10.12-23.27.01:812][  0]LogInit: Base directory: C:/Program Files/Epic Games/4.9/Engine/Binaries/Win64/
[2015.10.12-23.27.01:812][  0]LogInit: Rocket: 1
[2015.10.12-23.27.01:823][  0]LogInit: Using libcurl 7.41.0
[2015.10.12-23.27.01:823][  0]LogInit:  - built for x86_64-pc-win32
[2015.10.12-23.27.01:823][  0]LogInit:  - supports SSL with WinSSL
[2015.10.12-23.27.01:823][  0]LogInit:  - other features:
[2015.10.12-23.27.01:823][  0]LogInit:      CURL_VERSION_SSL
[2015.10.12-23.27.01:823][  0]LogInit:      CURL_VERSION_IPV6
[2015.10.12-23.27.01:823][  0]LogInit:      CURL_VERSION_ASYNCHDNS
[2015.10.12-23.27.01:823][  0]LogInit:      CURL_VERSION_LARGEFILE
[2015.10.12-23.27.01:823][  0]LogInit:      CURL_VERSION_IDN
[2015.10.12-23.27.01:823][  0]LogInit:  CurlRequestOptions (configurable via config and command line):
[2015.10.12-23.27.01:823][  0]LogInit:  - bVerifyPeer = true  - Libcurl will verify peer certificate
[2015.10.12-23.27.01:823][  0]LogInit:  - bUseHttpProxy = false  - Libcurl will NOT use HTTP proxy
[2015.10.12-23.27.01:823][  0]LogInit:  - bDontReuseConnections = false  - Libcurl will reuse connections
[2015.10.12-23.27.01:823][  0]LogInit:  - CertBundlePath = nullptr  - Libcurl will use whatever was configured at build time.
[2015.10.12-23.27.01:830][  0]LogInit: Presizing for 0 objects not considered by GC, pre-allocating 0 bytes.
[2015.10.12-23.27.01:837][  0]LogInit: Object subsystem initialized
[2015.10.12-23.27.01:838][  0]LogInit: Selected Device Profile: [Windows]
[2015.10.12-23.27.01:838][  0]LogInit: Applying CVar settings loaded from the selected device profile: [Windows]
[2015.10.12-23.27.01:879][  0]LogInit: Computer: LAUREN-PC
[2015.10.12-23.27.01:879][  0]LogInit: User: Lauren
[2015.10.12-23.27.01:879][  0]LogInit: CPU Page size=4096, Cores=4
[2015.10.12-23.27.01:879][  0]LogInit: High frequency timer resolution =2.338369 MHz
[2015.10.12-23.27.01:880][  0]LogMemory: Memory total: Physical=7.9GB (8GB approx)
[2015.10.12-23.27.01:880][  0]LogMemory: Platform Memory Stats for Windows
[2015.10.12-23.27.01:880][  0]LogMemory: Process Physical Memory: 55.30 MB used, 55.30 MB peak
[2015.10.12-23.27.01:880][  0]LogMemory: Process Virtual Memory: 57.66 MB used, 57.66 MB peak
[2015.10.12-23.27.01:880][  0]LogMemory: Physical Memory: 6669.97 MB used, 8079.30 MB total
[2015.10.12-23.27.01:880][  0]LogMemory: Virtual Memory: 338.38 MB used, 8388608.00 MB total
[2015.10.12-23.27.02:573][  0]LogTextLocalizationManager: No specific translations for ('en-US') exist, so ('en') translations will be used.
[2015.10.12-23.27.05:507][  0]LogD3D11RHI: Found D3D11 adapter 0: NVIDIA GeForce GTX 770M (Feature Level 11_0)
[2015.10.12-23.27.05:507][  0]LogD3D11RHI: Adapter has 3009MB of dedicated video memory, 0MB of dedicated system memory, and 3783MB of shared system memory, 1 output[s]
[2015.10.12-23.27.05:924][  0]LogD3D11RHI: Found D3D11 adapter 1: NVIDIA GeForce GTX 770M (Feature Level 11_0)
[2015.10.12-23.27.05:924][  0]LogD3D11RHI: Adapter has 3009MB of dedicated video memory, 0MB of dedicated system memory, and 3783MB of shared system memory, 1 output[s]
[2015.10.12-23.27.05:924][  0]LogD3D11RHI: Chosen D3D11 Adapter Id = 0
[2015.10.12-23.27.06:164][  0]LogD3D11RHI: !Direct3DDevice
[2015.10.12-23.27.06:477][  0]LogRHI: Texture pool is 1361 MB (70% of 1945 MB)
[2015.10.12-23.27.06:676][  0]LogD3D11RHI: Async texture creation enabled
[2015.10.12-23.27.07:874][  0]LogShaderCompilers: Guid format shader working directory is 15 characters bigger than the processId version (../../../../../../Users/Lauren/Documents/GitHub/DigitalHorrorGame/GDDHorrorGame/Intermediate/Shaders/WorkingDirectory/8500/).
[2015.10.12-23.27.07:874][  0]LogShaderCompilers: Cleaned the shader compiler working directory '../../../../../../Users/Lauren/Documents/GitHub/DigitalHorrorGame/GDDHorrorGame/Intermediate/Shaders/tmp/99DDCED747E72FD99A86D7A2193A34B7/'.
[2015.10.12-23.27.07:874][  0]LogShaderCompilers:Display: Using Local Shader Compiler.
[2015.10.12-23.27.23:427][  0]LogTemp:Display: Loaded TP AllDesktopTargetPlatform
[2015.10.12-23.27.23:450][  0]LogTemp:Display: Loaded TP WindowsClientTargetPlatform
[2015.10.12-23.27.23:509][  0]LogTemp:Display: Loaded TP WindowsNoEditorTargetPlatform
[2015.10.12-23.27.23:543][  0]LogTemp:Display: Loaded TP WindowsServerTargetPlatform
[2015.10.12-23.27.23:625][  0]LogTemp:Display: Loaded TP WindowsTargetPlatform
[2015.10.12-23.27.23:629][  0]LogTemp:Display: Loaded TP AndroidTargetPlatform
[2015.10.12-23.27.23:639][  0]LogTemp:Display: Loaded TP Android_ASTCTargetPlatform
[2015.10.12-23.27.23:711][  0]LogTemp:Display: Loaded TP Android_ATCTargetPlatform
[2015.10.12-23.27.23:807][  0]LogTemp:Display: Loaded TP Android_DXTTargetPlatform
[2015.10.12-23.27.23:843][  0]LogTemp:Display: Loaded TP Android_ETC1TargetPlatform
[2015.10.12-23.27.23:885][  0]LogTemp:Display: Loaded TP Android_ETC2TargetPlatform
[2015.10.12-23.27.23:963][  0]LogTemp:Display: Loaded TP Android_PVRTCTargetPlatform
[2015.10.12-23.27.24:079][  0]LogTemp:Display: Loaded TP HTML5TargetPlatform
[2015.10.12-23.27.24:225][  0]LogTemp:Display: Loaded TP IOSTargetPlatform
[2015.10.12-23.27.24:287][  0]LogTemp:Display: Loaded TP LinuxNoEditorTargetPlatform
[2015.10.12-23.27.24:452][  0]LogTemp:Display: Loaded TP LinuxServerTargetPlatform
[2015.10.12-23.27.24:551][  0]LogTemp:Display: Loaded TP LinuxTargetPlatform
[2015.10.12-23.27.24:551][  0]LogTargetPlatformManager:Display: Building Assets For Windows
[2015.10.12-23.27.27:396][  0]LogDerivedDataCache:Display: Max Cache Size: 512 MB
[2015.10.12-23.27.37:870][  0]LogDerivedDataCache: Loaded boot cache 10.47s 37MB C:/Users/Lauren/AppData/Local/UnrealEngine/4.9/DerivedDataCache/Boot.ddc.
[2015.10.12-23.27.37:870][  0]LogDerivedDataCache:Display: Loaded Boot cache: C:/Users/Lauren/AppData/Local/UnrealEngine/4.9/DerivedDataCache/Boot.ddc
[2015.10.12-23.27.37:870][  0]LogDerivedDataCache: FDerivedDataBackendGraph:  Pak pak cache file ../../../../../../Users/Lauren/Documents/GitHub/DigitalHorrorGame/GDDHorrorGame/DerivedDataCache/DDC.ddp not found, will not use a pak cache.
[2015.10.12-23.27.37:870][  0]LogDerivedDataCache: Unable to find inner node Pak for hierarchical cache Hierarchy.
[2015.10.12-23.27.37:870][  0]LogDerivedDataCache: FDerivedDataBackendGraph:  CompressedPak pak cache file ../../../../../../Users/Lauren/Documents/GitHub/DigitalHorrorGame/GDDHorrorGame/DerivedDataCache/Compressed.ddp not found, will not use a pak cache.
[2015.10.12-23.27.37:870][  0]LogDerivedDataCache: Unable to find inner node CompressedPak for hierarchical cache Hierarchy.
[2015.10.12-23.27.38:944][  0]LogDerivedDataCache:Display: Pak cache opened for reading ../../../Engine/DerivedDataCache/Compressed.ddp.
[2015.10.12-23.27.38:958][  0]LogDerivedDataCache: Using Local data cache path C:/Users/Lauren/AppData/Local/UnrealEngine/Common/DerivedDataCache: Writable
[2015.10.12-23.27.53:202][  0]LogInit: Selected Device Profile: [Windows]
[2015.10.12-23.27.53:246][  0]LogContentStreaming: Texture pool size is 0.000000MB
[2015.10.12-23.27.53:852][  0]LogMeshUtilities: No automatic mesh reduction module available
[2015.10.12-23.27.53:852][  0]LogMeshUtilities: No automatic mesh merging module available
[2015.10.12-23.28.00:122][  0]LogInit: WinSock: version 1.1 (2.2), MaxSocks=32767, MaxUdp=65467
[2015.10.12-23.28.42:171][  0]UdpMessaging: Initializing bridge on interface 0.0.0.0:0 to multicast group 230.0.0.1:6666.
[2015.10.12-23.28.45:384][  0]LogAssetRegistry: FAssetRegistry took 0.0816 seconds to start up
[2015.10.12-23.28.54:286][  0]SourceControl: Info Source control is disabled
[2015.10.12-23.28.54:287][  0]SourceControl: Info Source control is disabled
[2015.10.12-23.28.54:418][  0]SourceControl: Info Source control is disabled
[2015.10.12-23.28.54:628][  0]SourceControl: Info Source control is disabled
[2015.10.12-23.28.57:237][  0]LogLinker:Warning: Asset '../../../Engine/Plugins/Runtime/LeapMotionController/Content/LM_PassthroughMaterial.uasset' has been saved with empty engine version. The asset will be loaded but may be incompatible.
[2015.10.12-23.28.58:464][  0]LogObj: 28361 objects as part of root set at end of initial load.
[2015.10.12-23.28.58:464][  0]LogUObjectAllocator: 6038872 out of 0 bytes used by permanent object pool.
[2015.10.12-23.29.00:670][  0]LogAutomationTest:Warning: Smoke tests took > 1s to run: 1.41s
[2015.10.12-23.29.00:740][  0]LogEngine: Initializing Engine...
[2015.10.12-23.29.00:798][  0]LogHMD: Can't find Oculus library dev build: is proper Runtime installed? Version: 0.7.0.0
[2015.10.12-23.29.00:909][  0]LogHMD: SteamVR failed to initialize.  Err: 110
[2015.10.12-23.29.03:005][  0]LogAIModule: Creating AISystem for world NewWorld
[2015.10.12-23.29.03:503][  0]LogInit: XAudio2 using 'Speakers (Siberia v2 D3H)' : 2 channels at 44.1 kHz using 16 bits per sample (channel mask 0x3)
[2015.10.12-23.29.03:775][  0]LogInit: FAudioDevice initialized.
[2015.10.12-23.29.03:840][  0]LogDerivedDataCache: Saved boot cache 0.07s 37MB C:/Users/Lauren/AppData/Local/UnrealEngine/4.9/DerivedDataCache/Boot.ddc.
[2015.10.12-23.29.03:856][  0]LogInit: Texture streaming: Enabled
[2015.10.12-23.29.03:885][  0]LogAnalytics: Creating configured Analytics provider AnalyticsET
[2015.10.12-23.29.03:885][  0]LogAnalytics: [UEEditor.Rocket.Release] APIServer = http://et2.epicgames.com/ET2/. AppVersion = 4.9.2-2707645+++depot+UE4-Releases+4.9
[2015.10.12-23.29.03:885][  0]LogAnalytics: [UEEditor.Rocket.Release] SetUserId 0dfd459848bd316af10e0286bf53d633|62a07662b49e46228294f7f33306ed31|8f7fcacd-7ea7-4aa9-9d3c-39324467dbc7
[2015.10.12-23.29.03:908][  0]LogAnalytics: [UEEditor.Rocket.Release] AnalyticsET::StartSession
[2015.10.12-23.29.05:579][  0]LogInit: Transaction tracking system initialized
[2015.10.12-23.29.08:214][  0]BlueprintLog: New page: Editor Load
[2015.10.12-23.29.15:086][  0]LocalizationService: Info Localization service is disabled
[2015.10.12-23.29.18:225][  0]LogConsoleResponse:Display: 
[2015.10.12-23.29.22:288][  0]LogFileCache: Scanning file cache for directory 'C:/Users/Lauren/Documents/GitHub/DigitalHorrorGame/GDDHorrorGame/Content/' took 0.02s
[2015.10.12-23.29.22:288][  0]LogCook:Display: Done creating registry. It took  0.00s.
[2015.10.12-23.29.24:731][  0]SourceControl: Info Source control is disabled
[2015.10.13-00.05.17:417][  0]LogWindowsTextInputMethodSystem:Display: IME system now deactivated.
[2015.10.13-00.05.17:417][  0]LogWindowsTextInputMethodSystem:Display: IME system now deactivated.
[2015.10.13-00.05.24:265][  0]LogWindowsTextInputMethodSystem:Display: IME system now deactivated.
[2015.10.13-00.05.24:265][  0]LogWindowsTextInputMethodSystem:Display: IME system now deactivated.
[2015.10.13-00.05.24:508][  0]Cmd: MAP LOAD FILE="../../../../../../Users/Lauren/Documents/GitHub/DigitalHorrorGame/GDDHorrorGame/Content/ThirdPersonBP/Maps/ThirdPersonExampleMap.umap" TEMPLATE=0 SHOWPROGRESS=1 FEATURELEVEL=3
[2015.10.13-00.05.24:535][  0]LightingResults: New page: Lighting Build
[2015.10.13-00.05.24:945][  0]MapCheck: New page: Map Check
[2015.10.13-00.05.24:945][  0]LightingResults: New page: Lighting Build
[2015.10.13-00.05.26:278][  0]LogParticles: Destroying 0 GPU particle simulations for FXSystem 0x000000002318E160
[2015.10.13-00.05.26:710][  0]LogLinker:Warning: Asset '../../../../../../Users/Lauren/Documents/GitHub/DigitalHorrorGame/GDDHorrorGame/Content/Mannequin/Animations/ThirdPerson_AnimBP.uasset' has been saved with empty engine version. The asset will be loaded but may be incompatible.
[2015.10.13-00.05.26:743][  0]LogLinker:Warning: Asset '../../../../../../Users/Lauren/Documents/GitHub/DigitalHorrorGame/GDDHorrorGame/Content/Mannequin/Animations/ThirdPerson_Jump.uasset' has been saved with empty engine version. The asset will be loaded but may be incompatible.
[2015.10.13-00.05.26:807][  0]LogLinker:Warning: Asset '../../../../../../Users/Lauren/Documents/GitHub/DigitalHorrorGame/GDDHorrorGame/Content/Mannequin/Animations/ThirdPersonJump_Loop.uasset' has been saved with empty engine version. The asset will be loaded but may be incompatible.
[2015.10.13-00.05.26:830][  0]LogLinker:Warning: Asset '../../../../../../Users/Lauren/Documents/GitHub/DigitalHorrorGame/GDDHorrorGame/Content/Mannequin/Animations/ThirdPersonJump_Start.uasset' has been saved with empty engine version. The asset will be loaded but may be incompatible.
[2015.10.13-00.05.26:832][  0]LogLinker:Warning: Asset '../../../../../../Users/Lauren/Documents/GitHub/DigitalHorrorGame/GDDHorrorGame/Content/Mannequin/Animations/ThirdPerson_IdleRun_2D.uasset' has been saved with empty engine version. The asset will be loaded but may be incompatible.
[2015.10.13-00.05.26:840][  0]LogLinker:Warning: Asset '../../../../../../Users/Lauren/Documents/GitHub/DigitalHorrorGame/GDDHorrorGame/Content/Mannequin/Animations/ThirdPersonIdle.uasset' has been saved with empty engine version. The asset will be loaded but may be incompatible.
[2015.10.13-00.05.26:847][  0]LogLinker:Warning: Asset '../../../../../../Users/Lauren/Documents/GitHub/DigitalHorrorGame/GDDHorrorGame/Content/Mannequin/Animations/ThirdPersonRun.uasset' has been saved with empty engine version. The asset will be loaded but may be incompatible.
[2015.10.13-00.05.26:857][  0]LogLinker:Warning: Asset '../../../../../../Users/Lauren/Documents/GitHub/DigitalHorrorGame/GDDHorrorGame/Content/Mannequin/Animations/ThirdPersonWalk.uasset' has been saved with empty engine version. The asset will be loaded but may be incompatible.
[2015.10.13-00.05.35:125][  0]LogAIModule: Creating AISystem for world ThirdPersonExampleMap
[2015.10.13-00.05.36:518][  0]LogEditorServer: Finished looking for orphan Actors (0.008 secs)
[2015.10.13-00.05.36:582][  0]Cmd: MAP CHECKDEP NOCLEARLOG
[2015.10.13-00.05.36:729][  0]MapCheck: Info Map check complete: 0 Error(s), 0 Warning(s), took 137.819ms to complete.
[2015.10.13-00.05.36:729][  0]LogFileHelpers: Loading map 'ThirdPersonExampleMap' took 12.371
[2015.10.13-00.05.39:673][  0]LogCollectionManager: Loaded 0 collections in 0.003084 seconds
[2015.10.13-00.05.39:874][  0]LogFileCache: Scanning file cache for directory 'C:/Users/Lauren/Documents/GitHub/DigitalHorrorGame/GDDHorrorGame/Saved/Collections/' took 0.01s
[2015.10.13-00.05.39:874][  0]LogFileCache: Scanning file cache for directory 'C:/Users/Lauren/Documents/GitHub/DigitalHorrorGame/GDDHorrorGame/Content/Developers/Lauren/Collections/' took 0.01s
[2015.10.13-00.05.39:874][  0]LogFileCache: Scanning file cache for directory 'C:/Users/Lauren/Documents/GitHub/DigitalHorrorGame/GDDHorrorGame/Content/Collections/' took 0.01s
[2015.10.13-00.05.39:874][  0]LogContentBrowser: Native class hierarchy populated in 0.0321 seconds. Added 1867 classes and 333 folders.
[2015.10.13-00.05.40:039][  0]LogCollectionManager: Rebuilt the GUID cache for 0 collections in 0.000003 seconds
[2015.10.13-00.05.40:233][  0]LogContentBrowser: Native class hierarchy updated for 'WidgetCarousel' in 0.0004 seconds. Added 0 classes and 0 folders.
[2015.10.13-00.05.41:630][  0]LogContentBrowser: Native class hierarchy updated for 'AddContentDialog' in 0.0005 seconds. Added 0 classes and 0 folders.
[2015.10.13-00.05.41:775][  0]LogContentBrowser: Native class hierarchy updated for 'SceneOutliner' in 0.0004 seconds. Added 1 classes and 2 folders.
[2015.10.13-00.05.42:599][  0]LogCrashTracker: Crashtracker disabled due to settings.
[2015.10.13-00.05.42:797][  0]LogUObjectGlobals:Warning: Failed to find object 'Class None.'
[2015.10.13-00.05.43:060][  0]LogStats:Warning: MetaData mismatch. Did you assign a stat to two groups? New //STATGROUP_Threads//SplashScreenThread///Thread_6d0_0///####STATCAT_Advanced#### old //STATGROUP_Threads//SplashScreenThread///Thread_23d4_0///####STATCAT_Advanced####
[2015.10.13-00.05.43:060][  0]LogLoad: Full Startup: 2322.02 seconds (BP compile: 1.59 seconds)
[2015.10.13-00.05.43:838][  0]LogContentStreaming: Texture pool size now 1000 MB
[2015.10.13-00.05.45:361][  0]LogRenderer: Reallocating scene render targets to support 1208x660 (Frame:2).
[2015.10.13-00.05.46:076][  1]Cmd: ACTOR HIDE SELECTED
[2015.10.13-00.05.48:024][  6]LogAssetRegistry: Asset discovery search completed in 2222.6301 seconds
[2015.10.13-00.05.48:024][  6]LogCollectionManager: Rebuilt the object cache for 0 collections in 0.000000 seconds (found 0 objects)
[2015.10.13-00.05.48:024][  6]LogCollectionManager: Fixed up redirectors for 0 collections in 0.000020 seconds (updated 0 objects)
[2015.10.13-00.06.10:472][565]LogFactory: FactoryCreateBinary: StaticMesh with FbxFactory (0 0 C:\Users\Lauren\Downloads\3d-model.fbx (1)\kitchen.fbx)
[2015.10.13-00.06.10:787][565]LogFbx: Loading FBX Scene from C:\Users\Lauren\Downloads\3d-model.fbx (1)\kitchen.fbx
[2015.10.13-00.06.27:172][565]LogCrashTracker: 


[2015.10.13-00.06.27:264][565]LogCrashTracker: 


[2015.10.13-00.06.27:264][565]LogWindows: === Critical error: ===
Fatal error!



[2015.10.13-00.06.27:412][565]LogExit: Executing StaticShutdownAfterError
[2015.10.13-00.06.28:168][565]LogPhysics:Warning: PHYSX: ..\..\PhysX\src\NpScene.cpp (2946) 8 : PxScene::unlockWrite() called without matching call to PxScene::lockWrite(), behaviour will be undefined.
[2015.10.13-00.06.28:168][565]LogPhysics:Warning: PHYSX: ..\..\PhysX\src\NpScene.cpp (2946) 8 : PxScene::unlockWrite() called without matching call to PxScene::lockWrite(), behaviour will be undefined.
[2015.10.13-00.06.28:221][565]LogWindows: FPlatformMisc::RequestExit(1)
[2015.10.13-00.06.28:221][565]Log file closed, 10/12/15 20:06:28
