[2015.10.21-00.50.23:597][  0]Log file open, 10/20/15 20:50:23
[2015.10.21-00.50.23:597][  0]LogInit:Display: Running engine for game: GDDHorrorGame
[2015.10.21-00.50.23:597][  0]LogInit:Display: RandInit(1536404218) SRandInit(1536404219).
[2015.10.21-00.50.23:597][  0]LogTaskGraph: Started task graph with 4 named threads and 7 total threads.
[2015.10.21-00.50.23:597][  0]LogStats: Stats thread started at 8.826123
[2015.10.21-00.50.23:597][  0]LogInit: Version: 4.9.2-2707645+++depot+UE4-Releases+4.9
[2015.10.21-00.50.23:597][  0]LogInit: API Version: 2672455
[2015.10.21-00.50.23:597][  0]LogInit: Compiled (64-bit): Sep 28 2015 10:25:44
[2015.10.21-00.50.23:597][  0]LogInit: Compiled with Visual C++: 18.00.21005.01
[2015.10.21-00.50.23:597][  0]LogInit: Build Configuration: Development
[2015.10.21-00.50.23:597][  0]LogInit: Branch Name: ++depot+UE4-Releases+4.9
[2015.10.21-00.50.23:597][  0]LogInit: Command line:  
[2015.10.21-00.50.23:597][  0]LogInit: Base directory: C:/Program Files/Epic Games/4.9/Engine/Binaries/Win64/
[2015.10.21-00.50.23:597][  0]LogInit: Rocket: 1
[2015.10.21-00.50.23:738][  0]LogInit: Using libcurl 7.41.0
[2015.10.21-00.50.23:738][  0]LogInit:  - built for x86_64-pc-win32
[2015.10.21-00.50.23:738][  0]LogInit:  - supports SSL with WinSSL
[2015.10.21-00.50.23:738][  0]LogInit:  - other features:
[2015.10.21-00.50.23:738][  0]LogInit:      CURL_VERSION_SSL
[2015.10.21-00.50.23:738][  0]LogInit:      CURL_VERSION_IPV6
[2015.10.21-00.50.23:738][  0]LogInit:      CURL_VERSION_ASYNCHDNS
[2015.10.21-00.50.23:738][  0]LogInit:      CURL_VERSION_LARGEFILE
[2015.10.21-00.50.23:738][  0]LogInit:      CURL_VERSION_IDN
[2015.10.21-00.50.23:738][  0]LogInit:  CurlRequestOptions (configurable via config and command line):
[2015.10.21-00.50.23:739][  0]LogInit:  - bVerifyPeer = true  - Libcurl will verify peer certificate
[2015.10.21-00.50.23:739][  0]LogInit:  - bUseHttpProxy = false  - Libcurl will NOT use HTTP proxy
[2015.10.21-00.50.23:739][  0]LogInit:  - bDontReuseConnections = false  - Libcurl will reuse connections
[2015.10.21-00.50.23:739][  0]LogInit:  - CertBundlePath = nullptr  - Libcurl will use whatever was configured at build time.
[2015.10.21-00.50.24:448][  0]LogInit: Presizing for 0 objects not considered by GC, pre-allocating 0 bytes.
[2015.10.21-00.50.24:869][  0]LogInit: Object subsystem initialized
[2015.10.21-00.50.25:901][  0]LogInit: Selected Device Profile: [Windows]
[2015.10.21-00.50.25:901][  0]LogInit: Applying CVar settings loaded from the selected device profile: [Windows]
[2015.10.21-00.50.26:364][  0]LogInit: Computer: ASUS
[2015.10.21-00.50.26:364][  0]LogInit: User: N76VJ
[2015.10.21-00.50.26:364][  0]LogInit: CPU Page size=4096, Cores=4
[2015.10.21-00.50.26:364][  0]LogInit: High frequency timer resolution =2.338449 MHz
[2015.10.21-00.50.26:390][  0]LogMemory: Memory total: Physical=11.9GB (12GB approx)
[2015.10.21-00.50.26:418][  0]LogMemory: Platform Memory Stats for Windows
[2015.10.21-00.50.26:418][  0]LogMemory: Process Physical Memory: 55.94 MB used, 55.94 MB peak
[2015.10.21-00.50.26:418][  0]LogMemory: Process Virtual Memory: 55.32 MB used, 55.32 MB peak
[2015.10.21-00.50.26:418][  0]LogMemory: Physical Memory: 5064.88 MB used, 12173.58 MB total
[2015.10.21-00.50.26:418][  0]LogMemory: Virtual Memory: 365.12 MB used, 134217728.00 MB total
[2015.10.21-00.50.31:255][  0]LogTextLocalizationManager: No specific translations for ('en-US') exist, so ('en') translations will be used.
[2015.10.21-00.50.35:736][  0]LogD3D11RHI: Found D3D11 adapter 0: Intel(R) HD Graphics 4000 (Feature Level 11_0)
[2015.10.21-00.50.35:736][  0]LogD3D11RHI: Adapter has 32MB of dedicated video memory, 0MB of dedicated system memory, and 1760MB of shared system memory, 1 output[s]
[2015.10.21-00.50.35:755][  0]LogD3D11RHI: Found D3D11 adapter 1: NVIDIA GeForce GT 635M       (Feature Level 11_0)
[2015.10.21-00.50.35:755][  0]LogD3D11RHI: Adapter has 1996MB of dedicated video memory, 0MB of dedicated system memory, and 2047MB of shared system memory, 0 output[s]
[2015.10.21-00.50.36:632][  0]LogD3D11RHI: Found D3D11 adapter 2: Microsoft Basic Render Driver (Feature Level 11_0)
[2015.10.21-00.50.36:632][  0]LogD3D11RHI: Adapter has 0MB of dedicated video memory, 0MB of dedicated system memory, and 6086MB of shared system memory, 0 output[s]
[2015.10.21-00.50.36:632][  0]LogD3D11RHI: Chosen D3D11 Adapter Id = 0
[2015.10.21-00.50.36:643][  0]LogD3D11RHI: !Direct3DDevice
[2015.10.21-00.50.36:643][  0]LogRHI: Texture pool is 1361 MB (70% of 1945 MB)
[2015.10.21-00.50.36:662][  0]LogD3D11RHI: Async texture creation enabled
[2015.10.21-00.50.37:668][  0]LogShaderCompilers: Guid format shader working directory is 14 characters bigger than the processId version (../../../../../../Users/N76VJ/Documents/RIT/GDD II/DigitalHorrorGame/GDDHorrorGame/Intermediate/Shaders/WorkingDirectory/15208/).
[2015.10.21-00.50.37:668][  0]LogShaderCompilers: Cleaned the shader compiler working directory '../../../../../../Users/N76VJ/Documents/RIT/GDD II/DigitalHorrorGame/GDDHorrorGame/Intermediate/Shaders/tmp/C858D685476C83A280DE9FBF9F3FD0C3/'.
[2015.10.21-00.50.37:682][  0]LogShaderCompilers:Display: Using Local Shader Compiler.
[2015.10.21-00.51.03:715][  0]LogTemp:Display: Loaded TP AllDesktopTargetPlatform
[2015.10.21-00.51.03:721][  0]LogTemp:Display: Loaded TP WindowsClientTargetPlatform
[2015.10.21-00.51.03:728][  0]LogTemp:Display: Loaded TP WindowsNoEditorTargetPlatform
[2015.10.21-00.51.03:735][  0]LogTemp:Display: Loaded TP WindowsServerTargetPlatform
[2015.10.21-00.51.03:741][  0]LogTemp:Display: Loaded TP WindowsTargetPlatform
[2015.10.21-00.51.03:746][  0]LogTemp:Display: Loaded TP AndroidTargetPlatform
[2015.10.21-00.51.03:751][  0]LogTemp:Display: Loaded TP Android_ASTCTargetPlatform
[2015.10.21-00.51.03:755][  0]LogTemp:Display: Loaded TP Android_ATCTargetPlatform
[2015.10.21-00.51.03:759][  0]LogTemp:Display: Loaded TP Android_DXTTargetPlatform
[2015.10.21-00.51.03:764][  0]LogTemp:Display: Loaded TP Android_ETC1TargetPlatform
[2015.10.21-00.51.03:769][  0]LogTemp:Display: Loaded TP Android_ETC2TargetPlatform
[2015.10.21-00.51.03:773][  0]LogTemp:Display: Loaded TP Android_PVRTCTargetPlatform
[2015.10.21-00.51.03:774][  0]LogTemp:Display: Loaded TP HTML5TargetPlatform
[2015.10.21-00.51.03:794][  0]LogTemp:Display: Loaded TP IOSTargetPlatform
[2015.10.21-00.51.03:798][  0]LogTemp:Display: Loaded TP LinuxNoEditorTargetPlatform
[2015.10.21-00.51.03:802][  0]LogTemp:Display: Loaded TP LinuxServerTargetPlatform
[2015.10.21-00.51.03:807][  0]LogTemp:Display: Loaded TP LinuxTargetPlatform
[2015.10.21-00.51.03:807][  0]LogTargetPlatformManager:Display: Building Assets For Windows
[2015.10.21-00.51.03:961][  0]LogDerivedDataCache:Display: Max Cache Size: 512 MB
[2015.10.21-00.51.03:961][  0]LogDerivedDataCache:Display: Starting with empty Boot cache
[2015.10.21-00.51.03:961][  0]LogDerivedDataCache: FDerivedDataBackendGraph:  Pak pak cache file ../../../../../../Users/N76VJ/Documents/RIT/GDD II/DigitalHorrorGame/GDDHorrorGame/DerivedDataCache/DDC.ddp not found, will not use a pak cache.
[2015.10.21-00.51.03:961][  0]LogDerivedDataCache: Unable to find inner node Pak for hierarchical cache Hierarchy.
[2015.10.21-00.51.03:961][  0]LogDerivedDataCache: FDerivedDataBackendGraph:  CompressedPak pak cache file ../../../../../../Users/N76VJ/Documents/RIT/GDD II/DigitalHorrorGame/GDDHorrorGame/DerivedDataCache/Compressed.ddp not found, will not use a pak cache.
[2015.10.21-00.51.03:961][  0]LogDerivedDataCache: Unable to find inner node CompressedPak for hierarchical cache Hierarchy.
[2015.10.21-00.51.04:642][  0]LogDerivedDataCache:Display: Pak cache opened for reading ../../../Engine/DerivedDataCache/Compressed.ddp.
[2015.10.21-00.51.04:733][  0]LogDerivedDataCache: Using Local data cache path C:/Users/N76VJ/AppData/Local/UnrealEngine/Common/DerivedDataCache: Writable
[2015.10.21-00.52.01:160][  0]LogFileManager:Warning: Error deleting file: C:/Users/N76VJ/Documents/RIT/GDD II/DigitalHorrorGame/GDDHorrorGame/Intermediate/Shaders/tmp/C858D685476C83A280DE9FBF9F3FD0C3/3/WorkerOutputOnly.out (Error Code 0)
[2015.10.21-00.52.01:160][  0]LogInit: Selected Device Profile: [Windows]
[2015.10.21-00.52.01:702][  0]LogContentStreaming: Texture pool size is 0.000000MB
[2015.10.21-00.52.02:647][  0]LogMaterial: Missing cached shader map for material WorldGridMaterial, compiling. Is special engine material.
[2015.10.21-00.54.41:706][  0]LogMaterial: Missing cached shader map for material DefaultDeferredDecalMaterial, compiling. 
[2015.10.21-00.54.42:716][  0]LogMaterial: Missing cached shader map for material DefaultLightFunctionMaterial, compiling. 
[2015.10.21-00.54.44:080][  0]LogMaterial: Missing cached shader map for material DefaultPostProcessMaterial, compiling. 
[2015.10.21-00.54.44:773][  0]LogMaterial: Missing cached shader map for material Widget3DPassThrough, compiling. 
[2015.10.21-00.54.44:786][  0]LogMaterial: Missing cached shader map for material Widget3DPassThrough, compiling. 
[2015.10.21-00.54.44:830][  0]LogMaterial: Missing cached shader map for material Widget3DPassThrough, compiling. 
[2015.10.21-00.54.44:903][  0]LogMaterial: Missing cached shader map for material Widget3DPassThrough, compiling. 
[2015.10.21-00.54.44:920][  0]LogMaterial: Missing cached shader map for material Widget3DPassThrough, compiling. 
[2015.10.21-00.54.44:932][  0]LogMaterial: Missing cached shader map for material Widget3DPassThrough, compiling. 
[2015.10.21-00.54.45:033][  0]LogMeshUtilities: No automatic mesh reduction module available
[2015.10.21-00.54.45:033][  0]LogMeshUtilities: No automatic mesh merging module available
[2015.10.21-00.54.45:122][  0]LogMaterial: Missing cached shader map for material SkySphereMaterial, compiling. 
[2015.10.21-00.54.45:182][  0]LogMaterial: Missing cached shader map for material FloorPlaneMaterial, compiling. 
[2015.10.21-00.54.45:425][  0]LogMaterial: Missing cached shader map for material LandscapeGizmo_Mat, compiling. 
[2015.10.21-00.54.45:529][  0]LogMaterial: Missing cached shader map for material LandscapeGizmoHeight_Mat, compiling. 
[2015.10.21-00.54.45:575][  0]LogMaterial: Missing cached shader map for material SplineEditorMeshMat, compiling. 
[2015.10.21-00.54.45:594][  0]LogMaterial: Missing cached shader map for material MatineeCam_mat, compiling. 
[2015.10.21-00.54.45:641][  0]LogMaterial: Missing cached shader map for material HelpActorMaterial, compiling. 
[2015.10.21-00.54.46:107][  0]LogMaterial: Missing cached shader map for material DefaultTextMaterialOpaque, compiling. 
[2015.10.21-00.54.46:270][  0]LogMaterial: Missing cached shader map for material DefaultMaterial, compiling. 
[2015.10.21-00.54.46:321][  0]LogInit: WinSock: version 1.1 (2.2), MaxSocks=32767, MaxUdp=65467
[2015.10.21-00.55.15:066][  0]LogMaterial: Missing cached shader map for material DefaultSpriteMaterial, compiling. 
[2015.10.21-00.55.15:073][  0]LogMaterial: Missing cached shader map for material DefaultSpriteMaterial, compiling. 
[2015.10.21-00.55.15:109][  0]UdpMessaging: Initializing bridge on interface 0.0.0.0:0 to multicast group 230.0.0.1:6666.
[2015.10.21-00.55.15:236][  0]LogAssetRegistry: FAssetRegistry took 0.0114 seconds to start up
[2015.10.21-00.55.15:307][  0]LogMaterial: Missing cached shader map for material BaseColor, compiling. 
[2015.10.21-00.55.15:348][  0]LogMaterial: Missing cached shader map for material CustomDepth, compiling. 
[2015.10.21-00.55.15:361][  0]LogMaterial: Missing cached shader map for material CustomStencil, compiling. 
[2015.10.21-00.55.15:368][  0]LogMaterial: Missing cached shader map for material DecalMask, compiling. 
[2015.10.21-00.55.15:374][  0]LogMaterial: Missing cached shader map for material FinalImage, compiling. 
[2015.10.21-00.55.15:383][  0]LogMaterial: Missing cached shader map for material LightingModel, compiling. 
[2015.10.21-00.55.15:519][  0]LogMaterial: Missing cached shader map for material MaterialAO, compiling. 
[2015.10.21-00.55.15:526][  0]LogMaterial: Missing cached shader map for material Metallic, compiling. 
[2015.10.21-00.55.15:532][  0]LogMaterial: Missing cached shader map for material Opacity, compiling. 
[2015.10.21-00.55.15:584][  0]LogMaterial: Missing cached shader map for material Roughness, compiling. 
[2015.10.21-00.55.15:592][  0]LogMaterial: Missing cached shader map for material SceneColor, compiling. 
[2015.10.21-00.55.15:745][  0]LogMaterial: Missing cached shader map for material SceneDepth, compiling. 
[2015.10.21-00.55.15:798][  0]LogMaterial: Missing cached shader map for material SeparateTranslucencyRGB, compiling. 
[2015.10.21-00.55.15:806][  0]LogMaterial: Missing cached shader map for material SeparateTranslucencyA, compiling. 
[2015.10.21-00.55.15:811][  0]LogMaterial: Missing cached shader map for material Specular, compiling. 
[2015.10.21-00.55.15:817][  0]LogMaterial: Missing cached shader map for material SubsurfaceColor, compiling. 
[2015.10.21-00.55.15:823][  0]LogMaterial: Missing cached shader map for material WorldNormal, compiling. 
[2015.10.21-00.55.15:830][  0]LogMaterial: Missing cached shader map for material AmbientOcclusion, compiling. 
[2015.10.21-00.55.15:840][  0]LogMaterial: Missing cached shader map for material CustomDepthWorldUnits, compiling. 
[2015.10.21-00.55.15:955][  0]LogMaterial: Missing cached shader map for material SceneDepthWorldUnits, compiling. 
[2015.10.21-00.55.16:057][  0]SourceControl: Info Source control is disabled
[2015.10.21-00.55.16:058][  0]SourceControl: Info Source control is disabled
[2015.10.21-00.55.16:074][  0]SourceControl: Info Source control is disabled
[2015.10.21-00.55.16:091][  0]SourceControl: Info Source control is disabled
[2015.10.21-00.55.16:989][  0]LogMaterial: Missing cached shader map for material LM_HandColor, compiling. 
[2015.10.21-00.55.17:007][  0]LogLinker:Warning: Asset '../../../Engine/Plugins/Runtime/LeapMotionController/Content/LM_PassthroughMaterial.uasset' has been saved with empty engine version. The asset will be loaded but may be incompatible.
[2015.10.21-00.55.17:283][  0]LogMaterial: Missing cached shader map for material LM_PassthroughMaterial, compiling. 
[2015.10.21-00.55.18:252][  0]LogObj: 28361 objects as part of root set at end of initial load.
[2015.10.21-00.55.18:252][  0]LogUObjectAllocator: 6038872 out of 0 bytes used by permanent object pool.
[2015.10.21-00.55.18:676][  0]LogMaterial: Missing cached shader map for material HighResScreenshot, compiling. 
[2015.10.21-00.55.18:861][  0]LogMaterial: Missing cached shader map for material HighResScreenshotMask, compiling. 
[2015.10.21-00.55.18:926][  0]LogMaterial: Missing cached shader map for material HighResScreenshotCaptureRegion, compiling. 
[2015.10.21-00.55.20:397][  0]LogAutomationTest:Warning: Smoke tests took > 1s to run: 1.20s
[2015.10.21-00.55.20:855][  0]LogEngine: Initializing Engine...
[2015.10.21-00.55.20:887][  0]LogHMD: Can't find Oculus library dev build: is proper Runtime installed? Version: 0.7.0.0
[2015.10.21-00.55.22:334][  0]LogHMD: SteamVR failed to initialize.  Err: 108
[2015.10.21-00.55.22:557][  0]LogMaterial: Missing cached shader map for material WireframeMaterial, compiling. Is special engine material.
[2015.10.21-00.55.22:641][  0]LogMaterial: Missing cached shader map for material LevelColorationLitMaterial, compiling. Is special engine material.
[2015.10.21-00.55.22:882][  0]LogMaterial: Missing cached shader map for material LevelColorationUnlitMaterial, compiling. Is special engine material.
[2015.10.21-00.55.23:020][  0]LogMaterial: Missing cached shader map for material MAT_LevelColorationLitLightmapUV, compiling. Is special engine material.
[2015.10.21-00.55.23:245][  0]LogMaterial: Missing cached shader map for material ShadedLevelColorationLitMaterial, compiling. Is special engine material.
[2015.10.21-00.55.23:472][  0]LogMaterial: Missing cached shader map for material ShadedLevelColorationUnlitMateri, compiling. Is special engine material.
[2015.10.21-00.55.23:568][  0]LogMaterial: Missing cached shader map for material VertexColorMaterial, compiling. 
[2015.10.21-00.55.23:745][  0]LogMaterial: Missing cached shader map for material VertexColorViewMode_ColorOnly, compiling. 
[2015.10.21-00.55.23:767][  0]LogMaterial: Missing cached shader map for material VertexColorViewMode_AlphaAsColor, compiling. 
[2015.10.21-00.55.23:953][  0]LogMaterial: Missing cached shader map for material VertexColorViewMode_RedOnly, compiling. 
[2015.10.21-00.55.23:963][  0]LogMaterial: Missing cached shader map for material VertexColorViewMode_GreenOnly, compiling. 
[2015.10.21-00.55.24:045][  0]LogMaterial: Missing cached shader map for material VertexColorViewMode_BlueOnly, compiling. 
[2015.10.21-00.55.24:056][  0]LogMaterial: Missing cached shader map for material RemoveSurfaceMaterial, compiling. 
[2015.10.21-00.55.24:090][  0]LogMaterial: Missing cached shader map for material DebugMeshMaterial, compiling. 
[2015.10.21-00.55.24:226][  0]LogMaterial: Missing cached shader map for material M_InvalidLightmapSettings, compiling. 
[2015.10.21-00.55.24:307][  0]LogMaterial: Missing cached shader map for material GizmoMaterial, compiling. 
[2015.10.21-00.55.24:423][  0]LogMaterial: Missing cached shader map for material GeomMaterial, compiling. 
[2015.10.21-00.55.24:590][  0]LogMaterial: Missing cached shader map for material EditorBrushMaterial, compiling. 
[2015.10.21-00.55.24:734][  0]LogMaterial: Missing cached shader map for material BoneWeightMaterial, compiling. 
[2015.10.21-00.55.25:036][  0]LogMaterial: Missing cached shader map for material PreviewShadowIndicatorMaterial, compiling. 
[2015.10.21-00.55.25:069][  0]LogMaterial: Missing cached shader map for material PhAT_JointLimitMaterial, compiling. 
[2015.10.21-00.55.28:440][  0]LogAIModule: Creating AISystem for world NewWorld
[2015.10.21-00.55.31:225][  0]LogInit: XAudio2 using 'Speakers (Realtek High Definition Audio)' : 2 channels at 48 kHz using 32 bits per sample (channel mask 0x3)
[2015.10.21-00.55.31:871][  0]LogInit: FAudioDevice initialized.
[2015.10.21-00.55.31:890][  0]LogDerivedDataCache: Saved boot cache 0.02s 23MB C:/Users/N76VJ/AppData/Local/UnrealEngine/4.9/DerivedDataCache/Boot.ddc.
[2015.10.21-00.55.31:917][  0]LogInit: Texture streaming: Enabled
[2015.10.21-00.55.32:004][  0]LogAnalytics: Creating configured Analytics provider AnalyticsET
[2015.10.21-00.55.32:004][  0]LogAnalytics: [UEEditor.Rocket.Release] APIServer = http://et2.epicgames.com/ET2/. AppVersion = 4.9.2-2707645+++depot+UE4-Releases+4.9
[2015.10.21-00.55.32:005][  0]LogAnalytics: [UEEditor.Rocket.Release] SetUserId 307c31384536427768eae98f6a462f38|065feb13441e497d8de9007e54a4f2b1|bba66cf8-b041-4635-944f-7982c7832495
[2015.10.21-00.55.32:034][  0]LogAnalytics: [UEEditor.Rocket.Release] AnalyticsET::StartSession
[2015.10.21-00.55.36:746][  0]LogInit: Transaction tracking system initialized
[2015.10.21-00.55.39:242][  0]BlueprintLog: New page: Editor Load
[2015.10.21-00.55.48:235][  0]LocalizationService: Info Localization service is disabled
[2015.10.21-00.55.51:843][  0]LogConsoleResponse:Display: 
[2015.10.21-00.55.55:466][  0]LogMaterial: Missing cached shader map for material Cross_Mat, compiling. 
[2015.10.21-00.55.55:559][  0]LogMaterial: Missing cached shader map for material PhAT_BoneSelectedMaterial, compiling. 
[2015.10.21-00.55.55:599][  0]LogMaterial: Missing cached shader map for material PhAT_ElemSelectedMaterial, compiling. 
[2015.10.21-00.55.55:664][  0]LogMaterial: Missing cached shader map for material PhAT_NoCollisionMaterial, compiling. 
[2015.10.21-00.55.55:733][  0]LogMaterial: Missing cached shader map for material PhAT_UnselectedMaterial, compiling. 
[2015.10.21-00.55.55:897][  0]LogMaterial: Missing cached shader map for material Tick_Mat, compiling. 
[2015.10.21-00.55.56:000][  0]LogMaterial: Missing cached shader map for material WidgetGridVertexColorMaterial_Ma, compiling. 
[2015.10.21-00.55.56:085][  0]LogMaterial: Missing cached shader map for material WidgetMaterial, compiling. 
[2015.10.21-00.55.56:189][  0]LogMaterial: Missing cached shader map for material WidgetMaterial_Current, compiling. 
[2015.10.21-00.55.56:239][  0]LogMaterial: Missing cached shader map for material WidgetMaterial_X, compiling. 
[2015.10.21-00.55.56:291][  0]LogMaterial: Missing cached shader map for material WidgetMaterial_Y, compiling. 
[2015.10.21-00.55.56:333][  0]LogMaterial: Missing cached shader map for material WidgetMaterial_Z, compiling. 
[2015.10.21-00.55.56:434][  0]LogMaterial: Missing cached shader map for material WidgetVertexColorMaterial, compiling. 
[2015.10.21-00.55.57:818][  0]LogMaterial: Missing cached shader map for material LevelGridMaterial, compiling. 
[2015.10.21-00.55.58:529][  0]LogMaterial: Missing cached shader map for material BlinkingCaret, compiling. 
[2015.10.21-00.55.59:123][  0]LogMaterial: Missing cached shader map for material M_StreamingPause, compiling. 
[2015.10.21-00.55.59:971][  0]LogFileCache: Scanning file cache for directory 'C:/Users/N76VJ/Documents/RIT/GDD II/DigitalHorrorGame/GDDHorrorGame/Content/' took 0.07s
[2015.10.21-00.55.59:971][  0]LogCook:Display: Done creating registry. It took  0.00s.
[2015.10.21-00.56.02:722][  0]SourceControl: Info Source control is disabled
[2015.10.21-00.56.03:149][  0]Cmd: MAP LOAD FILE="../../../../../../Users/N76VJ/Documents/RIT/GDD II/DigitalHorrorGame/GDDHorrorGame/Content/ThirdPersonBP/Maps/ThirdPersonExampleMap.umap" TEMPLATE=0 SHOWPROGRESS=1 FEATURELEVEL=3
[2015.10.21-00.56.03:402][  0]LightingResults: New page: Lighting Build
[2015.10.21-00.56.04:738][  0]MapCheck: New page: Map Check
[2015.10.21-00.56.04:738][  0]LightingResults: New page: Lighting Build
[2015.10.21-00.56.05:931][  0]LogParticles: Destroying 0 GPU particle simulations for FXSystem 0x000000475BCA89A0
[2015.10.21-00.56.06:968][  0]LogLinker:Warning: Asset '../../../../../../Users/N76VJ/Documents/RIT/GDD II/DigitalHorrorGame/GDDHorrorGame/Content/Mannequin/Animations/ThirdPerson_Jump.uasset' has been saved with empty engine version. The asset will be loaded but may be incompatible.
[2015.10.21-00.56.07:161][  0]LogLinker:Warning: Asset '../../../../../../Users/N76VJ/Documents/RIT/GDD II/DigitalHorrorGame/GDDHorrorGame/Content/Mannequin/Animations/ThirdPersonJump_Loop.uasset' has been saved with empty engine version. The asset will be loaded but may be incompatible.
[2015.10.21-00.56.07:195][  0]LogLinker:Warning: Asset '../../../../../../Users/N76VJ/Documents/RIT/GDD II/DigitalHorrorGame/GDDHorrorGame/Content/Mannequin/Animations/ThirdPersonJump_Start.uasset' has been saved with empty engine version. The asset will be loaded but may be incompatible.
[2015.10.21-00.56.07:318][  0]LogLinker:Warning: Asset '../../../../../../Users/N76VJ/Documents/RIT/GDD II/DigitalHorrorGame/GDDHorrorGame/Content/Mannequin/Animations/ThirdPerson_IdleRun_2D.uasset' has been saved with empty engine version. The asset will be loaded but may be incompatible.
[2015.10.21-00.56.07:494][  0]LogLinker:Warning: Asset '../../../../../../Users/N76VJ/Documents/RIT/GDD II/DigitalHorrorGame/GDDHorrorGame/Content/Mannequin/Animations/ThirdPersonIdle.uasset' has been saved with empty engine version. The asset will be loaded but may be incompatible.
[2015.10.21-00.56.33:907][  0]LogMaterial: Missing cached shader map for material M_UE4Man_Body, compiling. 
[2015.10.21-00.56.35:473][  0]LogMaterial: Missing cached shader map for material iPhone_6_screen_Mat, compiling. 
[2015.10.21-00.56.36:510][  0]LogMaterial: Missing cached shader map for material M_Sky_Panning_Clouds2, compiling. 
[2015.10.21-00.56.36:641][  0]LogStaticMesh: Building static mesh apartmentdoor...
[2015.10.21-00.56.36:745][  0]LogStaticMesh: Built static mesh [0.104994.2s] /Game/ThirdPersonBP/Custom_Props/interiordoor/apartmentdoor.apartmentdoor
[2015.10.21-00.56.36:783][  0]LogStaticMesh: Building static mesh bed...
[2015.10.21-00.56.36:826][  0]LogStaticMesh: Built static mesh [0.043227.2s] /Game/ThirdPersonBP/Custom_Props/bed.bed
[2015.10.21-00.56.36:854][  0]LogStaticMesh: Building static mesh IceCream...
[2015.10.21-00.56.36:861][  0]LogStaticMesh: Built static mesh [0.007382.2s] /Game/ThirdPersonBP/Custom_Props/IceCream.IceCream
[2015.10.21-00.56.36:965][  0]LogStaticMesh: Building static mesh iPhone_6_obj...
[2015.10.21-00.56.40:166][  0]LogStaticMesh: Built static mesh [3.200870.2s] /Game/ThirdPersonBP/Custom_Props/phone/iPhone_6_obj.iPhone_6_obj
[2015.10.21-00.56.40:591][  0]LogStaticMesh: Building static mesh chair...
[2015.10.21-00.56.44:750][  0]LogStaticMesh: Built static mesh [4.222817.2s] /Game/ThirdPersonBP/Custom_Props/chair.chair
[2015.10.21-00.56.44:753][  0]LogStaticMesh: Building static mesh Coffe_Containers_...
[2015.10.21-00.56.45:909][  0]LogStaticMesh: Built static mesh [1.157007.2s] /Game/ThirdPersonBP/Custom_Props/Coffe_Containers_.Coffe_Containers_
[2015.10.21-00.56.45:996][  0]LogStaticMesh: Building static mesh Counter...
[2015.10.21-00.56.46:684][  0]LogStaticMesh: Built static mesh [0.689709.2s] /Game/ThirdPersonBP/Custom_Props/Counter.Counter
[2015.10.21-00.56.46:733][  0]LogStaticMesh: Building static mesh DiningTable...
[2015.10.21-00.56.47:088][  0]LogStaticMesh: Built static mesh [0.403062.2s] /Game/ThirdPersonBP/Custom_Props/DiningTable.DiningTable
[2015.10.21-00.56.47:124][  0]LogStaticMesh: Building static mesh environment...
[2015.10.21-00.56.47:295][  0]LogStaticMesh: Built static mesh [0.169804.2s] /Game/Meshes/environment.environment
[2015.10.21-00.56.47:430][  0]LogStaticMesh: Building static mesh Handles...
[2015.10.21-00.56.47:482][  0]LogStaticMesh: Built static mesh [0.127233.2s] /Game/ThirdPersonBP/Custom_Props/Handles.Handles
[2015.10.21-00.56.47:484][  0]LogStaticMesh: Building static mesh KitchenShelves...
[2015.10.21-00.56.47:525][  0]LogStaticMesh: Built static mesh [0.042422.2s] /Game/ThirdPersonBP/Custom_Props/KitchenShelves.KitchenShelves
[2015.10.21-00.56.47:622][  0]LogStaticMesh: Building static mesh wallswitchlever...
[2015.10.21-00.56.47:628][  0]LogStaticMesh: Built static mesh [0.103351.2s] /Game/ThirdPersonBP/Custom_Props/lightswitch/wallswitchlever.wallswitchlever
[2015.10.21-00.56.47:666][  0]LogStaticMesh: Building static mesh wallswitchpanel...
[2015.10.21-00.56.47:704][  0]LogStaticMesh: Built static mesh [0.037570.2s] /Game/ThirdPersonBP/Custom_Props/lightswitch/wallswitchpanel.wallswitchpanel
[2015.10.21-00.56.47:706][  0]LogStaticMesh: Building static mesh Nightstand...
[2015.10.21-00.56.47:806][  0]LogStaticMesh: Built static mesh [0.100730.2s] /Game/ThirdPersonBP/Custom_Props/nightstand/Nightstand.Nightstand
[2015.10.21-00.56.48:635][  0]LogStaticMesh: Building static mesh TopCounter...
[2015.10.21-00.56.48:652][  0]LogStaticMesh: Built static mesh [0.017388.2s] /Game/ThirdPersonBP/Custom_Props/TopCounter.TopCounter
[2015.10.21-00.56.49:537][  0]LogMaterial: Missing cached shader map for material M_Basic_Floor, compiling. 
[2015.10.21-00.56.49:605][  0]LogTexture:Display: Building textures: bed-3 (AutoDXT)
[2015.10.21-00.56.50:544][  0]LogMaterial: Missing cached shader map for material bed-3_Mat, compiling. 
[2015.10.21-00.56.50:734][  0]LogMaterial: Missing cached shader map for material M_UE4Man_Body, compiling. 
[2015.10.21-00.56.50:777][  0]LogMaterial: Missing cached shader map for material iPhone_6_body_front_frameMat, compiling. 
[2015.10.21-00.56.50:818][  0]LogTexture:Display: Building textures: iPhone_6_screen (BGRA8)
[2015.10.21-00.56.50:902][  0]LogMaterial: Missing cached shader map for material iPhone_6_screenMat, compiling. 
[2015.10.21-00.56.51:360][  0]LogTexture:Display: Building textures: iPhone_6_rear_panel (BGRA8)
[2015.10.21-00.56.51:934][  0]LogMaterial: Missing cached shader map for material iPhone_6_rear_panel_Mat, compiling. 
[2015.10.21-00.56.51:951][  0]LogMaterial: Missing cached shader map for material iPhone_6_buttonsMat, compiling. 
[2015.10.21-00.56.51:966][  0]LogMaterial: Missing cached shader map for material Material__28, compiling. 
[2015.10.21-00.56.52:009][  0]LogTexture:Display: Building textures: T_icecream (AutoDXT)
[2015.10.21-00.56.52:341][  0]LogMaterial: Missing cached shader map for material T_icecream_Mat, compiling. 
[2015.10.21-00.56.52:360][  0]LogMaterial: Missing cached shader map for material M_Basic_Wall, compiling. 
[2015.10.21-00.56.52:370][  0]LogMaterial: Missing cached shader map for material iPhone_6_camera_bodyMat, compiling. 
[2015.10.21-00.56.52:610][  0]LogMaterial: Missing cached shader map for material iPhone_6_camera_black_ringMat, compiling. 
[2015.10.21-00.56.52:713][  0]LogMaterial: Missing cached shader map for material iPhone_6_boltsMat, compiling. 
[2015.10.21-00.56.52:724][  0]LogMaterial: Missing cached shader map for material iPhone_6_bodyMat, compiling. 
[2015.10.21-00.56.52:763][  0]LogMaterial: Missing cached shader map for material iPhone_6_body_partMat, compiling. 
[2015.10.21-00.56.52:774][  0]LogMaterial: Missing cached shader map for material iPhone_6_flashlite_bodyMat, compiling. 
[2015.10.21-00.56.52:785][  0]LogMaterial: Missing cached shader map for material iPhone_6_camera_metal_ringMat, compiling. 
[2015.10.21-00.56.52:890][  0]LogMaterial: Missing cached shader map for material iPhone_6_camera_lensMat, compiling. 
[2015.10.21-00.56.52:901][  0]LogMaterial: Missing cached shader map for material iPhone_6_camera_glassMat, compiling. 
[2015.10.21-00.56.52:912][  0]LogMaterial: Missing cached shader map for material iPhone_6_galssMat, compiling. 
[2015.10.21-00.56.52:923][  0]LogMaterial: Missing cached shader map for material iPhone_6_front_panelMat, compiling. 
[2015.10.21-00.56.52:993][  0]LogMaterial: Missing cached shader map for material iPhone_6_flashlite_led_yellowMat, compiling. 
[2015.10.21-00.56.53:004][  0]LogMaterial: Missing cached shader map for material iPhone_6_flashlite_led_orangeMat, compiling. 
[2015.10.21-00.56.53:033][  0]LogMaterial: Missing cached shader map for material iPhone_6_flashlite_glassMat, compiling. 
[2015.10.21-00.56.53:044][  0]LogMaterial: Missing cached shader map for material iPhone_6_home_buttonMat, compiling. 
[2015.10.21-00.56.53:056][  0]LogMaterial: Missing cached shader map for material iPhone_6_home_button_ringMat, compiling. 
[2015.10.21-00.56.53:067][  0]LogMaterial: Missing cached shader map for material iPhone_6_h_s_plugMat, compiling. 
[2015.10.21-00.56.53:078][  0]LogMaterial: Missing cached shader map for material iPhone_6_h_s_input_ringMat, compiling. 
[2015.10.21-00.56.53:090][  0]LogMaterial: Missing cached shader map for material iPhone_6_logoMat, compiling. 
[2015.10.21-00.56.53:132][  0]LogMaterial: Missing cached shader map for material iPhone_6_lighting_portMat, compiling. 
[2015.10.21-00.56.53:143][  0]LogMaterial: Missing cached shader map for material iPhone_6_lighting_port_h_s_contactMat, compiling. 
[2015.10.21-00.56.53:154][  0]LogMaterial: Missing cached shader map for material iPhone_6_lighting_port_bodyMat, compiling. 
[2015.10.21-00.56.53:286][  0]LogMaterial: Missing cached shader map for material iPhone_6_speaker_mic__grillMat, compiling. 
[2015.10.21-00.56.53:297][  0]LogMaterial: Missing cached shader map for material iPhone_6_sensorMat, compiling. 
[2015.10.21-00.56.53:308][  0]LogMaterial: Missing cached shader map for material lambert1, compiling. 
[2015.10.21-00.56.53:318][  0]LogMaterial: Missing cached shader map for material BasicShapeMaterial, compiling. 
[2015.10.21-00.56.53:401][  0]LogMaterial: Missing cached shader map for material M_Door, compiling. 
[2015.10.21-00.56.53:419][  0]LogMaterial: Missing cached shader map for material M_Glass, compiling. 
[2015.10.21-00.56.53:668][  0]LogMaterial: Missing cached shader map for material M_Concrete_Poured, compiling. 
[2015.10.21-00.56.54:206][  0]LogMaterial: Missing cached shader map for material M_Highlight, compiling. 
[2015.10.21-00.56.54:215][  0]LogMaterial: Missing cached shader map for material M_Metal_Gold, compiling. 
[2015.10.21-00.56.54:239][  0]LogMaterial: Missing cached shader map for material M_Tech_Hex_Tile, compiling. 
[2015.10.21-00.56.54:251][  0]LogMaterial: Missing cached shader map for material M_Wood_Walnut, compiling. 
[2015.10.21-00.56.54:275][  0]LogMaterial: Missing cached shader map for material M_Tech_Hex_Tile_Pulse, compiling. 
[2015.10.21-00.56.54:387][  0]LogMaterial: Missing cached shader map for material lambert1, compiling. 
[2015.10.21-00.56.54:398][  0]LogMaterial: Missing cached shader map for material lambert1, compiling. 
[2015.10.21-00.56.54:409][  0]LogMaterial: Missing cached shader map for material M_Chair, compiling. 
[2015.10.21-00.56.54:699][  0]LogMaterial: Missing cached shader map for material M_Lamp, compiling. 
[2015.10.21-00.56.55:191][  0]LogMaterial: Missing cached shader map for material M_MaterialSphere, compiling. 
[2015.10.21-00.56.55:335][  0]LogMaterial: Missing cached shader map for material M_Shelf, compiling. 
[2015.10.21-00.56.55:351][  0]LogMaterial: Missing cached shader map for material M_MaterialSphere_Plain, compiling. 
[2015.10.21-00.56.55:397][  0]LogMaterial: Missing cached shader map for material M_StatueGlass, compiling. 
[2015.10.21-00.56.55:410][  0]LogMaterial: Missing cached shader map for material M_Statue, compiling. 
[2015.10.21-00.56.55:422][  0]LogMaterial: Missing cached shader map for material M_TableRound, compiling. 
[2015.10.21-00.56.55:438][  0]LogMaterial: Missing cached shader map for material Material__203, compiling. 
[2015.10.21-00.56.55:464][  0]LogMaterial: Missing cached shader map for material wood, compiling. 
[2015.10.21-00.56.55:476][  0]LogMaterial: Missing cached shader map for material fabric, compiling. 
[2015.10.21-00.56.55:885][  0]LogMaterial: Missing cached shader map for material Tee, compiling. 
[2015.10.21-00.56.55:896][  0]LogMaterial: Missing cached shader map for material Tea, compiling. 
[2015.10.21-00.56.55:908][  0]LogMaterial: Missing cached shader map for material Sugar, compiling. 
[2015.10.21-00.56.55:951][  0]LogMaterial: Missing cached shader map for material Coffe, compiling. 
[2015.10.21-00.56.56:020][  0]LogMaterial: Missing cached shader map for material Plastic, compiling. 
[2015.10.21-00.56.57:034][  0]LogTexture:Display: Building textures: Metal (AutoDXT)
[2015.10.21-00.56.58:139][  0]LogMaterial: Missing cached shader map for material Alu, compiling. 
[2015.10.21-00.56.58:151][  0]LogAudioDerivedData:Display: Building compressed audio format OGG wave 151238__owlstorm__hard-female-footstep-2...
[2015.10.21-00.56.58:508][  0]LogAIModule: Creating AISystem for world ThirdPersonExampleMap
[2015.10.21-00.57.02:019][  0]LogEditorServer: Finished looking for orphan Actors (0.000 secs)
[2015.10.21-00.57.02:046][  0]Cmd: MAP CHECKDEP NOCLEARLOG
[2015.10.21-00.57.02:334][  0]MapCheck: Info Map check complete: 0 Error(s), 0 Warning(s), took 286.767ms to complete.
[2015.10.21-00.57.02:334][  0]LogFileHelpers: Loading map 'ThirdPersonExampleMap' took 59.480
[2015.10.21-00.57.08:217][  0]LogCollectionManager: Loaded 0 collections in 0.003982 seconds
[2015.10.21-00.57.09:264][  0]LogFileCache: Scanning file cache for directory 'C:/Users/N76VJ/Documents/RIT/GDD II/DigitalHorrorGame/GDDHorrorGame/Saved/Collections/' took 0.01s
[2015.10.21-00.57.09:264][  0]LogFileCache: Scanning file cache for directory 'C:/Users/N76VJ/Documents/RIT/GDD II/DigitalHorrorGame/GDDHorrorGame/Content/Developers/N76VJ/Collections/' took 0.01s
[2015.10.21-00.57.09:264][  0]LogFileCache: Scanning file cache for directory 'C:/Users/N76VJ/Documents/RIT/GDD II/DigitalHorrorGame/GDDHorrorGame/Content/Collections/' took 0.01s
[2015.10.21-00.57.09:264][  0]LogContentBrowser: Native class hierarchy populated in 0.1824 seconds. Added 1867 classes and 333 folders.
[2015.10.21-00.57.09:541][  0]LogCollectionManager: Rebuilt the GUID cache for 0 collections in 0.000003 seconds
[2015.10.21-00.57.09:787][  0]LogContentBrowser: Native class hierarchy updated for 'WidgetCarousel' in 0.0006 seconds. Added 0 classes and 0 folders.
[2015.10.21-00.57.20:959][  0]LogContentBrowser: Native class hierarchy updated for 'AddContentDialog' in 0.0007 seconds. Added 0 classes and 0 folders.
[2015.10.21-00.57.21:200][  0]LogContentBrowser: Native class hierarchy updated for 'SceneOutliner' in 0.0006 seconds. Added 1 classes and 2 folders.
[2015.10.21-00.57.25:429][  0]LogCrashTracker: Crashtracker disabled due to settings.
[2015.10.21-00.57.25:941][  0]LogUObjectGlobals:Warning: Failed to find object 'Class None.'
[2015.10.21-00.57.25:967][  0]LogLoad: Full Startup: 443.00 seconds (BP compile: 2.46 seconds)
[2015.10.21-00.57.30:951][  0]LogContentStreaming: Texture pool size now 200 MB
[2015.10.21-00.57.33:741][  0]LogRenderer: Reallocating scene render targets to support 604x300 (Frame:2).
[2015.10.21-00.57.36:051][  0]LogMaterial: Missing cached shader map for material LevelGridMaterial2, compiling. 
[2015.10.21-00.57.41:763][ 10]LogAssetRegistry: Asset discovery search completed in 146.5393 seconds
[2015.10.21-00.57.41:763][ 10]LogCollectionManager: Rebuilt the object cache for 0 collections in 0.000001 seconds (found 0 objects)
[2015.10.21-00.57.41:763][ 10]LogCollectionManager: Fixed up redirectors for 0 collections in 0.000035 seconds (updated 0 objects)
[2015.10.21-01.04.41:196][266]LogActorComponent: UnregisterComponent: (/Engine/Transient.CharMoveComp) Not registered. Aborting.
[2015.10.21-01.04.42:674][267]Cmd: QUIT_EDITOR
[2015.10.21-01.04.42:835][267]LogWindowsTextInputMethodSystem:Display: IME system now deactivated.
[2015.10.21-01.04.42:983][267]LogExit: Preparing to exit.
[2015.10.21-01.04.43:670][267]LogExit: Editor shut down
[2015.10.21-01.04.43:670][267]LogExit: Transaction tracking system shut down
[2015.10.21-01.04.43:681][267]LogParticles: Destroying 0 GPU particle simulations for FXSystem 0x000000477A4998A0
[2015.10.21-01.04.43:681][267]LogParticles: Destroying 0 GPU particle simulations for FXSystem 0x0000004754205260
[2015.10.21-01.04.43:682][267]LogParticles: Destroying 0 GPU particle simulations for FXSystem 0x0000004751AF59E0
[2015.10.21-01.04.43:682][267]LogParticles: Destroying 0 GPU particle simulations for FXSystem 0x000000473DEEE0C0
[2015.10.21-01.04.43:682][267]LogParticles: Destroying 0 GPU particle simulations for FXSystem 0x000000475B6CAAC0
[2015.10.21-01.04.43:867][267]LogExit: Object subsystem successfully closed.
[2015.10.21-01.04.43:888][267]LogD3D11RHI: Shutdown
[2015.10.21-01.04.43:888][267]LogD3D11RHI: CleanupD3DDevice
[2015.10.21-01.04.44:630][267]LogD3D11RHI: ~FD3D11DynamicRHI
[2015.10.21-01.04.44:673][267]LogModuleManager: Shutting down and abandoning module CrashTracker (197)
[2015.10.21-01.04.44:673][267]LogModuleManager: Shutting down and abandoning module SceneOutliner (196)
[2015.10.21-01.04.44:673][267]LogModuleManager: Shutting down and abandoning module SuperSearch (195)
[2015.10.21-01.04.44:673][267]LogModuleManager: Shutting down and abandoning module WidgetCarousel (194)
[2015.10.21-01.04.44:673][267]LogModuleManager: Shutting down and abandoning module AddContentDialog (193)
[2015.10.21-01.04.44:674][267]LogModuleManager: Shutting down and abandoning module EditorWidgets (192)
[2015.10.21-01.04.44:674][267]LogModuleManager: Shutting down and abandoning module CollectionManager (191)
[2015.10.21-01.04.44:675][267]LogModuleManager: Shutting down and abandoning module StatsViewer (190)
[2015.10.21-01.04.44:675][267]LogModuleManager: Shutting down and abandoning module FoliageEdit (189)
[2015.10.21-01.04.44:675][267]LogModuleManager: Shutting down and abandoning module LandscapeEditor (188)
[2015.10.21-01.04.44:675][267]LogModuleManager: Shutting down and abandoning module ActorPickerMode (187)
[2015.10.21-01.04.44:675][267]LogModuleManager: Shutting down and abandoning module GeometryMode (186)
[2015.10.21-01.04.44:675][267]LogModuleManager: Shutting down and abandoning module TextureAlignMode (185)
[2015.10.21-01.04.44:675][267]LogModuleManager: Shutting down and abandoning module BspMode (184)
[2015.10.21-01.04.44:675][267]LogModuleManager: Shutting down and abandoning module PlacementMode (183)
[2015.10.21-01.04.44:675][267]LogModuleManager: Shutting down and abandoning module AutomationWorker (182)
[2015.10.21-01.04.44:675][267]LogModuleManager: Shutting down and abandoning module CharacterAI (181)
[2015.10.21-01.04.44:675][267]LogModuleManager: Shutting down and abandoning module SmartSnapping (180)
[2015.10.21-01.04.44:675][267]LogModuleManager: Shutting down and abandoning module ViewportSnapping (179)
[2015.10.21-01.04.44:675][267]LogModuleManager: Shutting down and abandoning module LogVisualizer (178)
[2015.10.21-01.04.44:675][267]LogModuleManager: Shutting down and abandoning module GameProjectGeneration (177)
[2015.10.21-01.04.44:675][267]LogModuleManager: Shutting down and abandoning module IntroTutorials (176)
[2015.10.21-01.04.44:675][267]LogModuleManager: Shutting down and abandoning module EditorLiveStreaming (175)
[2015.10.21-01.04.44:675][267]LogModuleManager: Shutting down and abandoning module IOSPlatformEditor (174)
[2015.10.21-01.04.44:675][267]LogModuleManager: Shutting down and abandoning module HTML5PlatformEditor (173)
[2015.10.21-01.04.44:675][267]LogModuleManager: Shutting down and abandoning module AndroidDeviceDetection (172)
[2015.10.21-01.04.45:132][267]LogModuleManager: Shutting down and abandoning module AndroidPlatformEditor (171)
[2015.10.21-01.04.45:132][267]LogModuleManager: Shutting down and abandoning module IOSRuntimeSettings (170)
[2015.10.21-01.04.45:132][267]LogModuleManager: Shutting down and abandoning module AndroidRuntimeSettings (169)
[2015.10.21-01.04.45:132][267]LogModuleManager: Shutting down and abandoning module MergeActors (168)
[2015.10.21-01.04.45:132][267]LogModuleManager: Shutting down and abandoning module SizeMap (167)
[2015.10.21-01.04.45:132][267]LogModuleManager: Shutting down and abandoning module TreeMap (166)
[2015.10.21-01.04.45:132][267]LogModuleManager: Shutting down and abandoning module ReferenceViewer (165)
[2015.10.21-01.04.45:132][267]LogModuleManager: Shutting down and abandoning module LocalizationService (164)
[2015.10.21-01.04.45:132][267]LogModuleManager: Shutting down and abandoning module LocalizationDashboard (163)
[2015.10.21-01.04.45:132][267]LogModuleManager: Shutting down and abandoning module HardwareTargeting (162)
[2015.10.21-01.04.45:132][267]LogModuleManager: Shutting down and abandoning module DeviceProfileEditor (161)
[2015.10.21-01.04.45:132][267]LogModuleManager: Shutting down and abandoning module UndoHistory (160)
[2015.10.21-01.04.45:132][267]LogModuleManager: Shutting down and abandoning module GameplayTagsEditor (159)
[2015.10.21-01.04.45:132][267]LogModuleManager: Shutting down and abandoning module UserFeedback (158)
[2015.10.21-01.04.45:132][267]LogModuleManager: Shutting down and abandoning module XmlParser (157)
[2015.10.21-01.04.45:132][267]LogModuleManager: Shutting down and abandoning module Blutility (156)
[2015.10.21-01.04.45:133][267]LogModuleManager: Shutting down and abandoning module ProjectTargetPlatformEditor (155)
[2015.10.21-01.04.45:133][267]LogModuleManager: Shutting down and abandoning module ProjectSettingsViewer (154)
[2015.10.21-01.04.45:133][267]LogModuleManager: Shutting down and abandoning module InputBindingEditor (153)
[2015.10.21-01.04.45:133][267]LogModuleManager: Shutting down and abandoning module EditorSettingsViewer (152)
[2015.10.21-01.04.45:133][267]LogModuleManager: Shutting down and abandoning module SettingsEditor (151)
[2015.10.21-01.04.45:133][267]LogModuleManager: Shutting down and abandoning module ProjectLauncher (150)
[2015.10.21-01.04.45:133][267]LogModuleManager: Shutting down and abandoning module SessionFrontend (149)
[2015.10.21-01.04.45:133][267]LogModuleManager: Shutting down and abandoning module ProfilerClient (148)
[2015.10.21-01.04.45:133][267]LogModuleManager: Shutting down and abandoning module TargetDeviceServices (147)
[2015.10.21-01.04.45:133][267]LogModuleManager: Shutting down and abandoning module DeviceManager (146)
[2015.10.21-01.04.45:133][267]LogModuleManager: Shutting down and abandoning module AutomationController (145)
[2015.10.21-01.04.45:133][267]LogModuleManager: Shutting down and abandoning module AutomationWindow (144)
[2015.10.21-01.04.45:133][267]LogModuleManager: Shutting down and abandoning module Layers (143)
[2015.10.21-01.04.45:134][267]LogModuleManager: Shutting down and abandoning module ComponentVisualizers (142)
[2015.10.21-01.04.45:134][267]LogModuleManager: Shutting down and abandoning module DetailCustomizations (141)
[2015.10.21-01.04.45:134][267]LogModuleManager: Shutting down and abandoning module PackagesDialog (140)
[2015.10.21-01.04.45:134][267]LogModuleManager: Shutting down and abandoning module Persona (139)
[2015.10.21-01.04.45:134][267]LogModuleManager: Shutting down and abandoning module Kismet (138)
[2015.10.21-01.04.45:134][267]LogModuleManager: Shutting down and abandoning module GraphEditor (137)
[2015.10.21-01.04.45:134][267]LogModuleManager: Shutting down and abandoning module ClassViewer (136)
[2015.10.21-01.04.45:134][267]LogModuleManager: Shutting down and abandoning module Toolbox (135)
[2015.10.21-01.04.45:134][267]LogModuleManager: Shutting down and abandoning module ModuleUI (134)
[2015.10.21-01.04.45:134][267]LogModuleManager: Shutting down and abandoning module MovieSceneTools (133)
[2015.10.21-01.04.45:134][267]LogModuleManager: Shutting down and abandoning module OutputLog (132)
[2015.10.21-01.04.45:134][267]LogModuleManager: Shutting down and abandoning module GammaUI (131)
[2015.10.21-01.04.45:134][267]LogModuleManager: Shutting down and abandoning module Documentation (130)
[2015.10.21-01.04.45:134][267]LogModuleManager: Shutting down and abandoning module GameLiveStreaming (129)
[2015.10.21-01.04.45:134][267]LogModuleManager: Shutting down and abandoning module StreamingPauseRendering (128)
[2015.10.21-01.04.45:134][267]LogModuleManager: Shutting down and abandoning module AnalyticsET (127)
[2015.10.21-01.04.45:134][267]LogModuleManager: Shutting down and abandoning module Analytics (126)
[2015.10.21-01.04.45:134][267]LogModuleManager: Shutting down and abandoning module AITestSuite (125)
[2015.10.21-01.04.45:134][267]LogModuleManager: Shutting down and abandoning module GameplayDebugger (124)
[2015.10.21-01.04.45:134][267]LogModuleManager: Shutting down and abandoning module AIModule (123)
[2015.10.21-01.04.45:134][267]LogModuleManager: Shutting down and abandoning module ProfilerService (122)
[2015.10.21-01.04.45:285][267]LogModuleManager: Shutting down and abandoning module TaskGraph (121)
[2015.10.21-01.04.45:285][267]LogModuleManager: Shutting down and abandoning module SlateRemote (120)
[2015.10.21-01.04.45:285][267]LogModuleManager: Shutting down and abandoning module SteamVRController (119)
[2015.10.21-01.04.45:285][267]LogModuleManager: Shutting down and abandoning module SteamVR (118)
[2015.10.21-01.04.45:285][267]LogModuleManager: Shutting down and abandoning module ProceduralMeshComponent (117)
[2015.10.21-01.04.45:285][267]LogModuleManager: Shutting down and abandoning module OculusRift (116)
[2015.10.21-01.04.45:285][267]LogModuleManager: Shutting down and abandoning module OculusLibrary (115)
[2015.10.21-01.04.45:285][267]LogModuleManager: Shutting down and abandoning module LeapMotionController (114)
[2015.10.21-01.04.45:305][267]LogModuleManager: Shutting down and abandoning module CustomMeshComponent (113)
[2015.10.21-01.04.45:305][267]LogModuleManager: Shutting down and abandoning module CableComponent (112)
[2015.10.21-01.04.45:305][267]LogModuleManager: Shutting down and abandoning module ArchVisCharacter (111)
[2015.10.21-01.04.45:305][267]LogModuleManager: Shutting down and abandoning module MessagingDebugger (110)
[2015.10.21-01.04.45:305][267]LogModuleManager: Shutting down and abandoning module MediaPlayerEditor (109)
[2015.10.21-01.04.45:305][267]LogModuleManager: Shutting down and abandoning module HTML5Networking (108)
[2015.10.21-01.04.45:305][267]LogModuleManager: Shutting down and abandoning module SpeedTreeImporter (107)
[2015.10.21-01.04.45:305][267]LogModuleManager: Shutting down and abandoning module PluginBrowser (106)
[2015.10.21-01.04.45:305][267]LogModuleManager: Shutting down and abandoning module EpicSurvey (105)
[2015.10.21-01.04.45:305][267]LogModuleManager: Shutting down and abandoning module DesktopPlatform (104)
[2015.10.21-01.04.45:305][267]LogModuleManager: Shutting down and abandoning module VisualStudioSourceCodeAccess (103)
[2015.10.21-01.04.45:305][267]LogModuleManager: Shutting down and abandoning module UObjectPlugin (102)
[2015.10.21-01.04.45:305][267]LogModuleManager: Shutting down and abandoning module SubversionSourceControl (101)
[2015.10.21-01.04.45:305][267]LogModuleManager: Shutting down and abandoning module PerforceSourceControl (100)
[2015.10.21-01.04.45:305][267]LogModuleManager: Shutting down and abandoning module SourceControl (99)
[2015.10.21-01.04.45:305][267]LogModuleManager: Shutting down and abandoning module GitSourceControl (98)
[2015.10.21-01.04.45:305][267]LogModuleManager: Shutting down and abandoning module LightPropagationVolumeEditor (97)
[2015.10.21-01.04.45:306][267]LogModuleManager: Shutting down and abandoning module PaperTiledImporter (96)
[2015.10.21-01.04.45:306][267]LogModuleManager: Shutting down and abandoning module PaperSpriteSheetImporter (95)
[2015.10.21-01.04.45:306][267]LogModuleManager: Shutting down and abandoning module MeshPaint (94)
[2015.10.21-01.04.45:306][267]LogModuleManager: Shutting down and abandoning module SlateReflector (93)
[2015.10.21-01.04.45:306][267]LogModuleManager: Shutting down and abandoning module HotReload (92)
[2015.10.21-01.04.45:306][267]LogModuleManager: Shutting down and abandoning module MainFrame (91)
[2015.10.21-01.04.45:306][267]LogModuleManager: Shutting down and abandoning module LevelEditor (90)
[2015.10.21-01.04.45:307][267]LogModuleManager: Shutting down and abandoning module DirectoryWatcher (89)
[2015.10.21-01.04.45:307][267]LogModuleManager: Shutting down and abandoning module AssetRegistry (88)
[2015.10.21-01.04.45:441][267]LogModuleManager: Shutting down and abandoning module ContentBrowser (87)
[2015.10.21-01.04.45:443][267]LogModuleManager: Shutting down and abandoning module Paper2DEditor (86)
[2015.10.21-01.04.45:443][267]LogModuleManager: Shutting down and abandoning module UdpMessaging (85)
[2015.10.21-01.04.45:544][267]LogModuleManager: Shutting down and abandoning module LightPropagationVolumeRuntime (84)
[2015.10.21-01.04.45:544][267]LogModuleManager: Shutting down and abandoning module Paper2D (83)
[2015.10.21-01.04.45:544][267]LogModuleManager: Shutting down and abandoning module WindowsMoviePlayer (82)
[2015.10.21-01.04.45:550][267]LogModuleManager: Shutting down and abandoning module Media (81)
[2015.10.21-01.04.45:550][267]LogModuleManager: Shutting down and abandoning module WmfMedia (80)
[2015.10.21-01.04.45:551][267]LogModuleManager: Shutting down and abandoning module OnlineBlueprintSupport (79)
[2015.10.21-01.04.45:551][267]LogModuleManager: Shutting down and abandoning module GameplayTasksEditor (78)
[2015.10.21-01.04.45:551][267]LogModuleManager: Shutting down and abandoning module PropertyEditor (77)
[2015.10.21-01.04.45:551][267]LogModuleManager: Shutting down and abandoning module BehaviorTreeEditor (76)
[2015.10.21-01.04.45:551][267]LogModuleManager: Shutting down and abandoning module FunctionalTesting (75)
[2015.10.21-01.04.45:551][267]LogModuleManager: Shutting down and abandoning module CollisionAnalyzer (74)
[2015.10.21-01.04.45:551][267]LogModuleManager: Shutting down and abandoning module WorkspaceMenuStructure (73)
[2015.10.21-01.04.45:551][267]LogModuleManager: Shutting down and abandoning module MessageLog (72)
[2015.10.21-01.04.45:551][267]LogModuleManager: Shutting down and abandoning module Sequencer (71)
[2015.10.21-01.04.45:551][267]LogModuleManager: Shutting down and abandoning module AssetTools (70)
[2015.10.21-01.04.45:551][267]LogModuleManager: Shutting down and abandoning module UMGEditor (69)
[2015.10.21-01.04.45:551][267]LogModuleManager: Shutting down and abandoning module UMG (68)
[2015.10.21-01.04.45:551][267]LogModuleManager: Shutting down and abandoning module Slate (67)
[2015.10.21-01.04.45:551][267]LogModuleManager: Shutting down and abandoning module EditorStyle (66)
[2015.10.21-01.04.45:554][267]LogModuleManager: Shutting down and abandoning module SessionServices (65)
[2015.10.21-01.04.45:554][267]LogModuleManager: Shutting down and abandoning module SourceCodeAccess (64)
[2015.10.21-01.04.45:554][267]LogModuleManager: Shutting down and abandoning module HeadMountedDisplay (63)
[2015.10.21-01.04.45:554][267]LogModuleManager: Shutting down and abandoning module XAudio2 (62)
[2015.10.21-01.04.45:554][267]LogModuleManager: Shutting down and abandoning module Networking (60)
[2015.10.21-01.04.45:554][267]LogModuleManager: Shutting down and abandoning module Core (59)
[2015.10.21-01.04.45:554][267]LogModuleManager: Shutting down and abandoning module KismetCompiler (58)
[2015.10.21-01.04.45:554][267]LogModuleManager: Shutting down and abandoning module PhysXFormats (57)
[2015.10.21-01.04.45:554][267]LogModuleManager: Shutting down and abandoning module MeshUtilities (56)
[2015.10.21-01.04.45:554][267]LogModuleManager: Shutting down and abandoning module CookingStats (55)
[2015.10.21-01.04.45:556][267]LogModuleManager: Shutting down and abandoning module DerivedDataCache (54)
[2015.10.21-01.04.45:622][267]LogDerivedDataCache: Shutdown
[2015.10.21-01.04.45:622][267]LogModuleManager: Shutting down and abandoning module ShaderFormatOpenGL (53)
[2015.10.21-01.04.45:622][267]LogModuleManager: Shutting down and abandoning module ShaderFormatD3D (52)
[2015.10.21-01.04.45:622][267]LogModuleManager: Shutting down and abandoning module MetalShaderFormat (51)
[2015.10.21-01.04.45:622][267]LogModuleManager: Shutting down and abandoning module TextureFormatUncompressed (50)
[2015.10.21-01.04.45:622][267]LogModuleManager: Shutting down and abandoning module TextureFormatPVR (49)
[2015.10.21-01.04.45:622][267]LogModuleManager: Shutting down and abandoning module TextureFormatIntelISPCTexComp (48)
[2015.10.21-01.04.45:622][267]LogModuleManager: Shutting down and abandoning module TextureFormatDXT (47)
[2015.10.21-01.04.45:622][267]LogModuleManager: Shutting down and abandoning module ImageWrapper (46)
[2015.10.21-01.04.45:622][267]LogModuleManager: Shutting down and abandoning module TextureFormatASTC (45)
[2015.10.21-01.04.45:622][267]LogModuleManager: Shutting down and abandoning module TextureFormatAndroid (44)
[2015.10.21-01.04.45:622][267]LogModuleManager: Shutting down and abandoning module AudioFormatOpus (43)
[2015.10.21-01.04.45:622][267]LogModuleManager: Shutting down and abandoning module AudioFormatOgg (42)
[2015.10.21-01.04.45:622][267]LogModuleManager: Shutting down and abandoning module AudioFormatADPCM (41)
[2015.10.21-01.04.45:622][267]LogModuleManager: Shutting down and abandoning module LinuxTargetPlatform (40)
[2015.10.21-01.04.45:622][267]LogModuleManager: Shutting down and abandoning module LinuxServerTargetPlatform (39)
[2015.10.21-01.04.45:622][267]LogModuleManager: Shutting down and abandoning module LinuxNoEditorTargetPlatform (38)
[2015.10.21-01.04.45:622][267]LogModuleManager: Shutting down and abandoning module Messaging (37)
[2015.10.21-01.04.45:622][267]LogModuleManager: Shutting down and abandoning module IOSTargetPlatform (36)
[2015.10.21-01.04.45:622][267]LogModuleManager: Shutting down and abandoning module HTML5TargetPlatform (35)
[2015.10.21-01.04.45:622][267]LogModuleManager: Shutting down and abandoning module Android_PVRTCTargetPlatform (34)
[2015.10.21-01.04.45:622][267]LogModuleManager: Shutting down and abandoning module Android_ETC2TargetPlatform (33)
[2015.10.21-01.04.45:622][267]LogModuleManager: Shutting down and abandoning module Android_ETC1TargetPlatform (32)
[2015.10.21-01.04.45:622][267]LogModuleManager: Shutting down and abandoning module Android_DXTTargetPlatform (31)
[2015.10.21-01.04.45:622][267]LogModuleManager: Shutting down and abandoning module Android_ATCTargetPlatform (30)
[2015.10.21-01.04.45:622][267]LogModuleManager: Shutting down and abandoning module Android_ASTCTargetPlatform (29)
[2015.10.21-01.04.45:622][267]LogModuleManager: Shutting down and abandoning module AndroidTargetPlatform (28)
[2015.10.21-01.04.45:622][267]LogModuleManager: Shutting down and abandoning module WindowsTargetPlatform (27)
[2015.10.21-01.04.45:622][267]LogModuleManager: Shutting down and abandoning module WindowsServerTargetPlatform (26)
[2015.10.21-01.04.45:622][267]LogModuleManager: Shutting down and abandoning module WindowsNoEditorTargetPlatform (25)
[2015.10.21-01.04.45:622][267]LogModuleManager: Shutting down and abandoning module WindowsClientTargetPlatform (24)
[2015.10.21-01.04.45:622][267]LogModuleManager: Shutting down and abandoning module AllDesktopTargetPlatform (23)
[2015.10.21-01.04.45:622][267]LogModuleManager: Shutting down and abandoning module TargetPlatform (22)
[2015.10.21-01.04.45:622][267]LogModuleManager: Shutting down and abandoning module InputCore (21)
[2015.10.21-01.04.45:622][267]LogModuleManager: Shutting down and abandoning module Settings (20)
[2015.10.21-01.04.45:622][267]LogModuleManager: Shutting down and abandoning module OnlineSubsystem (18)
[2015.10.21-01.04.45:622][267]LogModuleManager: Shutting down and abandoning module HTTP (17)
[2015.10.21-01.04.47:624][267]LogModuleManager: Shutting down and abandoning module XMPP (16)
[2015.10.21-01.04.47:624][267]LogModuleManager: Shutting down and abandoning module ExampleDeviceProfileSelector (15)
[2015.10.21-01.04.47:624][267]LogModuleManager: Shutting down and abandoning module TextureCompressor (14)
[2015.10.21-01.04.47:624][267]LogModuleManager: Shutting down and abandoning module ShaderCore (13)
[2015.10.21-01.04.47:624][267]LogModuleManager: Shutting down and abandoning module Landscape (12)
[2015.10.21-01.04.47:624][267]LogModuleManager: Shutting down and abandoning module SlateRHIRenderer (11)
[2015.10.21-01.04.47:625][267]LogModuleManager: Shutting down and abandoning module OpenGLDrv (10)
[2015.10.21-01.04.47:625][267]LogModuleManager: Shutting down and abandoning module D3D11RHI (9)
[2015.10.21-01.04.47:625][267]LogModuleManager: Shutting down and abandoning module AnimGraphRuntime (8)
[2015.10.21-01.04.47:625][267]LogModuleManager: Shutting down and abandoning module Renderer (7)
[2015.10.21-01.04.47:626][267]LogModuleManager: Shutting down and abandoning module Engine (6)
[2015.10.21-01.04.47:626][267]LogModuleManager: Shutting down and abandoning module CoreUObject (5)
[2015.10.21-01.04.47:626][267]LogModuleManager: Shutting down and abandoning module NetworkFile (4)
[2015.10.21-01.04.47:626][267]LogModuleManager: Shutting down and abandoning module StreamingFile (3)
[2015.10.21-01.04.47:626][267]LogModuleManager: Shutting down and abandoning module SandboxFile (2)
[2015.10.21-01.04.47:626][267]LogModuleManager: Shutting down and abandoning module PakFile (1)
[2015.10.21-01.04.47:626][267]LogExit: Exiting.
[2015.10.21-01.04.47:660][267]Log file closed, 10/20/15 21:04:47
