[2015.10.26-02.01.11:960][  0]Log file open, 10/25/15 22:01:11
[2015.10.26-02.01.11:960][  0]LogInit:Display: Running engine for game: GDDHorrorGame
[2015.10.26-02.01.11:960][  0]LogInit:Display: RandInit(-1242801718) SRandInit(-1242801718).
[2015.10.26-02.01.11:960][  0]LogTaskGraph: Started task graph with 4 named threads and 7 total threads.
[2015.10.26-02.01.11:960][  0]LogStats: Stats thread started at 0.088395
[2015.10.26-02.01.11:960][  0]LogInit: Version: 4.9.2-2707645+++depot+UE4-Releases+4.9
[2015.10.26-02.01.11:960][  0]LogInit: API Version: 2672455
[2015.10.26-02.01.11:960][  0]LogInit: Compiled (64-bit): Sep 28 2015 10:25:44
[2015.10.26-02.01.11:960][  0]LogInit: Compiled with Visual C++: 18.00.21005.01
[2015.10.26-02.01.11:960][  0]LogInit: Build Configuration: Development
[2015.10.26-02.01.11:960][  0]LogInit: Branch Name: ++depot+UE4-Releases+4.9
[2015.10.26-02.01.11:960][  0]LogInit: Command line:  
[2015.10.26-02.01.11:960][  0]LogInit: Base directory: C:/Program Files/Epic Games/4.9/Engine/Binaries/Win64/
[2015.10.26-02.01.11:960][  0]LogInit: Rocket: 1
[2015.10.26-02.01.11:979][  0]LogInit: Using libcurl 7.41.0
[2015.10.26-02.01.11:979][  0]LogInit:  - built for x86_64-pc-win32
[2015.10.26-02.01.11:979][  0]LogInit:  - supports SSL with WinSSL
[2015.10.26-02.01.11:979][  0]LogInit:  - other features:
[2015.10.26-02.01.11:979][  0]LogInit:      CURL_VERSION_SSL
[2015.10.26-02.01.11:979][  0]LogInit:      CURL_VERSION_IPV6
[2015.10.26-02.01.11:979][  0]LogInit:      CURL_VERSION_ASYNCHDNS
[2015.10.26-02.01.11:979][  0]LogInit:      CURL_VERSION_LARGEFILE
[2015.10.26-02.01.11:979][  0]LogInit:      CURL_VERSION_IDN
[2015.10.26-02.01.11:979][  0]LogInit:  CurlRequestOptions (configurable via config and command line):
[2015.10.26-02.01.11:979][  0]LogInit:  - bVerifyPeer = true  - Libcurl will verify peer certificate
[2015.10.26-02.01.11:979][  0]LogInit:  - bUseHttpProxy = false  - Libcurl will NOT use HTTP proxy
[2015.10.26-02.01.11:979][  0]LogInit:  - bDontReuseConnections = false  - Libcurl will reuse connections
[2015.10.26-02.01.11:979][  0]LogInit:  - CertBundlePath = nullptr  - Libcurl will use whatever was configured at build time.
[2015.10.26-02.01.11:989][  0]LogInit: Presizing for 0 objects not considered by GC, pre-allocating 0 bytes.
[2015.10.26-02.01.11:995][  0]LogInit: Object subsystem initialized
[2015.10.26-02.01.11:997][  0]LogInit: Selected Device Profile: [Windows]
[2015.10.26-02.01.11:997][  0]LogInit: Applying CVar settings loaded from the selected device profile: [Windows]
[2015.10.26-02.01.12:005][  0]LogInit: Computer: NICKSCOMPUTER
[2015.10.26-02.01.12:005][  0]LogInit: User: ntanc000
[2015.10.26-02.01.12:005][  0]LogInit: CPU Page size=4096, Cores=4
[2015.10.26-02.01.12:005][  0]LogInit: High frequency timer resolution =2.537592 MHz
[2015.10.26-02.01.12:005][  0]LogMemory: Memory total: Physical=15.9GB (16GB approx)
[2015.10.26-02.01.12:005][  0]LogMemory: Platform Memory Stats for Windows
[2015.10.26-02.01.12:005][  0]LogMemory: Process Physical Memory: 52.60 MB used, 52.60 MB peak
[2015.10.26-02.01.12:005][  0]LogMemory: Process Virtual Memory: 55.04 MB used, 55.04 MB peak
[2015.10.26-02.01.12:005][  0]LogMemory: Physical Memory: 4444.32 MB used, 16269.45 MB total
[2015.10.26-02.01.12:005][  0]LogMemory: Virtual Memory: 360.20 MB used, 134217728.00 MB total
[2015.10.26-02.01.12:398][  0]LogTextLocalizationManager: No specific translations for ('en-US') exist, so ('en') translations will be used.
[2015.10.26-02.01.13:587][  0]LogD3D11RHI: Found D3D11 adapter 0: NVIDIA GeForce GTX 980M (Feature Level 11_0)
[2015.10.26-02.01.13:587][  0]LogD3D11RHI: Adapter has 3981MB of dedicated video memory, 0MB of dedicated system memory, and 8134MB of shared system memory, 2 output[s]
[2015.10.26-02.01.13:597][  0]LogD3D11RHI: Found D3D11 adapter 1: Intel(R) HD Graphics 4600 (Feature Level 11_0)
[2015.10.26-02.01.13:597][  0]LogD3D11RHI: Adapter has 32MB of dedicated video memory, 0MB of dedicated system memory, and 1760MB of shared system memory, 0 output[s]
[2015.10.26-02.01.13:602][  0]LogD3D11RHI: Found D3D11 adapter 2: Microsoft Basic Render Driver (Feature Level 11_0)
[2015.10.26-02.01.13:602][  0]LogD3D11RHI: Adapter has 0MB of dedicated video memory, 0MB of dedicated system memory, and 256MB of shared system memory, 0 output[s]
[2015.10.26-02.01.13:602][  0]LogD3D11RHI: Chosen D3D11 Adapter Id = 0
[2015.10.26-02.01.13:606][  0]LogD3D11RHI: !Direct3DDevice
[2015.10.26-02.01.13:606][  0]LogRHI: Texture pool is 1361 MB (70% of 1945 MB)
[2015.10.26-02.01.13:621][  0]LogD3D11RHI: Async texture creation enabled
[2015.10.26-02.01.13:638][  0]LogShaderCompilers: Guid format shader working directory is 16 characters bigger than the processId version (../../../../../../Users/ntanc_000/Desktop/DigitalHorrorGame/DigitalHorrorGame/GDDHorrorGame/Intermediate/Shaders/WorkingDirectory/192/).
[2015.10.26-02.01.13:638][  0]LogShaderCompilers: Cleaned the shader compiler working directory '../../../../../../Users/ntanc_000/Desktop/DigitalHorrorGame/DigitalHorrorGame/GDDHorrorGame/Intermediate/Shaders/tmp/F9B4489444535B52E39A7D94B181EF2D/'.
[2015.10.26-02.01.13:638][  0]LogShaderCompilers:Display: Using Local Shader Compiler.
[2015.10.26-02.01.14:738][  0]LogTemp:Display: Loaded TP AllDesktopTargetPlatform
[2015.10.26-02.01.14:745][  0]LogTemp:Display: Loaded TP WindowsClientTargetPlatform
[2015.10.26-02.01.14:751][  0]LogTemp:Display: Loaded TP WindowsNoEditorTargetPlatform
[2015.10.26-02.01.14:756][  0]LogTemp:Display: Loaded TP WindowsServerTargetPlatform
[2015.10.26-02.01.14:762][  0]LogTemp:Display: Loaded TP WindowsTargetPlatform
[2015.10.26-02.01.14:766][  0]LogTemp:Display: Loaded TP AndroidTargetPlatform
[2015.10.26-02.01.14:771][  0]LogTemp:Display: Loaded TP Android_ASTCTargetPlatform
[2015.10.26-02.01.14:775][  0]LogTemp:Display: Loaded TP Android_ATCTargetPlatform
[2015.10.26-02.01.14:781][  0]LogTemp:Display: Loaded TP Android_DXTTargetPlatform
[2015.10.26-02.01.14:786][  0]LogTemp:Display: Loaded TP Android_ETC1TargetPlatform
[2015.10.26-02.01.14:790][  0]LogTemp:Display: Loaded TP Android_ETC2TargetPlatform
[2015.10.26-02.01.14:794][  0]LogTemp:Display: Loaded TP Android_PVRTCTargetPlatform
[2015.10.26-02.01.14:795][  0]LogTemp:Display: Loaded TP HTML5TargetPlatform
[2015.10.26-02.01.14:814][  0]LogTemp:Display: Loaded TP IOSTargetPlatform
[2015.10.26-02.01.14:818][  0]LogTemp:Display: Loaded TP LinuxNoEditorTargetPlatform
[2015.10.26-02.01.14:822][  0]LogTemp:Display: Loaded TP LinuxServerTargetPlatform
[2015.10.26-02.01.14:826][  0]LogTemp:Display: Loaded TP LinuxTargetPlatform
[2015.10.26-02.01.14:826][  0]LogTargetPlatformManager:Display: Building Assets For Windows
[2015.10.26-02.01.14:935][  0]LogDerivedDataCache:Display: Max Cache Size: 512 MB
[2015.10.26-02.01.14:971][  0]LogDerivedDataCache: Loaded boot cache 0.04s 37MB C:/Users/ntanc_000/AppData/Local/UnrealEngine/4.9/DerivedDataCache/Boot.ddc.
[2015.10.26-02.01.14:971][  0]LogDerivedDataCache:Display: Loaded Boot cache: C:/Users/ntanc_000/AppData/Local/UnrealEngine/4.9/DerivedDataCache/Boot.ddc
[2015.10.26-02.01.14:971][  0]LogDerivedDataCache: FDerivedDataBackendGraph:  Pak pak cache file ../../../../../../Users/ntanc_000/Desktop/DigitalHorrorGame/DigitalHorrorGame/GDDHorrorGame/DerivedDataCache/DDC.ddp not found, will not use a pak cache.
[2015.10.26-02.01.14:971][  0]LogDerivedDataCache: Unable to find inner node Pak for hierarchical cache Hierarchy.
[2015.10.26-02.01.14:971][  0]LogDerivedDataCache: FDerivedDataBackendGraph:  CompressedPak pak cache file ../../../../../../Users/ntanc_000/Desktop/DigitalHorrorGame/DigitalHorrorGame/GDDHorrorGame/DerivedDataCache/Compressed.ddp not found, will not use a pak cache.
[2015.10.26-02.01.14:971][  0]LogDerivedDataCache: Unable to find inner node CompressedPak for hierarchical cache Hierarchy.
[2015.10.26-02.01.15:094][  0]LogDerivedDataCache:Display: Pak cache opened for reading ../../../Engine/DerivedDataCache/Compressed.ddp.
[2015.10.26-02.01.15:107][  0]LogDerivedDataCache: Using Local data cache path C:/Users/ntanc_000/AppData/Local/UnrealEngine/Common/DerivedDataCache: Writable
[2015.10.26-02.01.15:337][  0]LogInit: Selected Device Profile: [Windows]
[2015.10.26-02.01.15:339][  0]LogContentStreaming: Texture pool size is 0.000000MB
[2015.10.26-02.01.15:458][  0]LogMeshUtilities: No automatic mesh reduction module available
[2015.10.26-02.01.15:458][  0]LogMeshUtilities: No automatic mesh merging module available
[2015.10.26-02.01.15:702][  0]LogInit: WinSock: version 1.1 (2.2), MaxSocks=32767, MaxUdp=65467
[2015.10.26-02.01.16:528][  0]UdpMessaging: Initializing bridge on interface 0.0.0.0:0 to multicast group 230.0.0.1:6666.
[2015.10.26-02.01.16:669][  0]LogAssetRegistry: FAssetRegistry took 0.0111 seconds to start up
[2015.10.26-02.01.16:874][  0]SourceControl: Info Source control is disabled
[2015.10.26-02.01.16:874][  0]SourceControl: Info Source control is disabled
[2015.10.26-02.01.16:892][  0]SourceControl: Info Source control is disabled
[2015.10.26-02.01.16:908][  0]SourceControl: Info Source control is disabled
[2015.10.26-02.01.17:141][  0]LogLinker:Warning: Asset '../../../Engine/Plugins/Runtime/LeapMotionController/Content/LM_PassthroughMaterial.uasset' has been saved with empty engine version. The asset will be loaded but may be incompatible.
[2015.10.26-02.01.17:249][  0]LogObj: 28361 objects as part of root set at end of initial load.
[2015.10.26-02.01.17:249][  0]LogUObjectAllocator: 6038864 out of 0 bytes used by permanent object pool.
[2015.10.26-02.01.17:307][  0]LogEngine: Initializing Engine...
[2015.10.26-02.01.17:309][  0]LogHMD: Can't find Oculus library dev build: is proper Runtime installed? Version: 0.7.0.0
[2015.10.26-02.01.17:310][  0]LogHMD: SteamVR failed to initialize.  Err: 110
[2015.10.26-02.01.17:421][  0]LogAIModule: Creating AISystem for world NewWorld
[2015.10.26-02.01.17:429][  0]LogInit: XAudio2 using 'Speakers (Sound Blaster Recon3Di)' : 2 channels at 48 kHz using 32 bits per sample (channel mask 0x3)
[2015.10.26-02.01.17:447][  0]LogInit: FAudioDevice initialized.
[2015.10.26-02.01.17:466][  0]LogDerivedDataCache: Saved boot cache 0.02s 37MB C:/Users/ntanc_000/AppData/Local/UnrealEngine/4.9/DerivedDataCache/Boot.ddc.
[2015.10.26-02.01.17:470][  0]LogInit: Texture streaming: Enabled
[2015.10.26-02.01.17:477][  0]LogAnalytics: Creating configured Analytics provider AnalyticsET
[2015.10.26-02.01.17:477][  0]LogAnalytics: [UEEditor.Rocket.Release] APIServer = http://et2.epicgames.com/ET2/. AppVersion = 4.9.2-2707645+++depot+UE4-Releases+4.9
[2015.10.26-02.01.17:477][  0]LogAnalytics: [UEEditor.Rocket.Release] SetUserId 2c211ad74a9e5469c13dfaa1059b2d42|1bd0216fcaf5458183f89cc914276325|d020360b-9246-478a-84ac-08a9775e7849
[2015.10.26-02.01.17:477][  0]LogAnalytics: [UEEditor.Rocket.Release] AnalyticsET::StartSession
[2015.10.26-02.01.17:492][  0]LogWindowsTextInputMethodSystem:Display: IME system now deactivated.
[2015.10.26-02.01.17:492][  0]LogWindowsTextInputMethodSystem:Display: IME system now deactivated.
[2015.10.26-02.01.17:516][  0]LogInit: Transaction tracking system initialized
[2015.10.26-02.01.17:548][  0]BlueprintLog: New page: Editor Load
[2015.10.26-02.01.17:641][  0]LocalizationService: Info Localization service is disabled
[2015.10.26-02.01.17:750][  0]LogConsoleResponse:Display: 
[2015.10.26-02.01.17:886][  0]LogCook:Display: Done creating registry. It took  0.00s.
[2015.10.26-02.01.17:923][  0]LogFileCache: Scanning file cache for directory 'C:/Users/ntanc_000/Desktop/DigitalHorrorGame/DigitalHorrorGame/GDDHorrorGame/Content/' took 0.02s
[2015.10.26-02.01.17:965][  0]SourceControl: Info Source control is disabled
[2015.10.26-02.01.37:487][  0]LogWindowsTextInputMethodSystem:Display: IME system now deactivated.
[2015.10.26-02.01.37:487][  0]LogWindowsTextInputMethodSystem:Display: IME system now deactivated.
[2015.10.26-02.01.37:505][  0]LogWindowsTextInputMethodSystem:Display: IME system now deactivated.
[2015.10.26-02.01.37:505][  0]LogWindowsTextInputMethodSystem:Display: IME system now deactivated.
[2015.10.26-02.01.42:971][  0]LogWindowsTextInputMethodSystem:Display: IME system now deactivated.
[2015.10.26-02.01.42:971][  0]LogWindowsTextInputMethodSystem:Display: IME system now deactivated.
[2015.10.26-02.01.42:981][  0]LogWindowsTextInputMethodSystem:Display: IME system now deactivated.
[2015.10.26-02.01.42:981][  0]LogWindowsTextInputMethodSystem:Display: IME system now deactivated.
[2015.10.26-02.01.42:984][  0]LightingResults: New page: Lighting Build
[2015.10.26-02.01.42:989][  0]MapCheck: New page: Map Check
[2015.10.26-02.01.42:989][  0]LightingResults: New page: Lighting Build
[2015.10.26-02.01.43:011][  0]LogParticles: Destroying 0 GPU particle simulations for FXSystem 0x000000251C8B2160
[2015.10.26-02.01.43:039][  0]LogLinker:Warning: Asset '../../../../../../Users/ntanc_000/Desktop/DigitalHorrorGame/DigitalHorrorGame/GDDHorrorGame/Content/Mannequin/Animations/ThirdPerson_Jump.uasset' has been saved with empty engine version. The asset will be loaded but may be incompatible.
[2015.10.26-02.01.43:043][  0]LogLinker:Warning: Asset '../../../../../../Users/ntanc_000/Desktop/DigitalHorrorGame/DigitalHorrorGame/GDDHorrorGame/Content/Mannequin/Animations/ThirdPersonJump_Loop.uasset' has been saved with empty engine version. The asset will be loaded but may be incompatible.
[2015.10.26-02.01.43:045][  0]LogLinker:Warning: Asset '../../../../../../Users/ntanc_000/Desktop/DigitalHorrorGame/DigitalHorrorGame/GDDHorrorGame/Content/Mannequin/Animations/ThirdPersonJump_Start.uasset' has been saved with empty engine version. The asset will be loaded but may be incompatible.
[2015.10.26-02.01.43:047][  0]LogLinker:Warning: Asset '../../../../../../Users/ntanc_000/Desktop/DigitalHorrorGame/DigitalHorrorGame/GDDHorrorGame/Content/Mannequin/Animations/ThirdPerson_IdleRun_2D.uasset' has been saved with empty engine version. The asset will be loaded but may be incompatible.
[2015.10.26-02.01.43:048][  0]LogLinker:Warning: Asset '../../../../../../Users/ntanc_000/Desktop/DigitalHorrorGame/DigitalHorrorGame/GDDHorrorGame/Content/Mannequin/Animations/ThirdPersonIdle.uasset' has been saved with empty engine version. The asset will be loaded but may be incompatible.
[2015.10.26-02.01.48:607][  0]LogAIModule: Creating AISystem for world ThirdPersonExampleMap
[2015.10.26-02.01.48:626][  0]LogPhysics:Warning: FConstraintInstance::GetRefFrame : Contained scale.
[2015.10.26-02.01.48:626][  0]LogPhysics:Warning: FConstraintInstance::GetRefFrame : Contained scale.
[2015.10.26-02.01.48:646][  0]LogEditorServer: Finished looking for orphan Actors (0.000 secs)
[2015.10.26-02.01.48:648][  0]Cmd: MAP CHECKDEP NOCLEARLOG
[2015.10.26-02.01.48:927][  0]MapCheck: Info Map check complete: 0 Error(s), 0 Warning(s), took 279.024ms to complete.
[2015.10.26-02.01.48:928][  0]LogFileHelpers: Loading map 'ThirdPersonExampleMap' took 5.945
[2015.10.26-02.01.49:051][  0]LogCollectionManager: Loaded 0 collections in 0.002599 seconds
[2015.10.26-02.01.49:096][  0]LogFileCache: Scanning file cache for directory 'C:/Users/ntanc_000/Desktop/DigitalHorrorGame/DigitalHorrorGame/GDDHorrorGame/Saved/Collections/' took 0.01s
[2015.10.26-02.01.49:096][  0]LogFileCache: Scanning file cache for directory 'C:/Users/ntanc_000/Desktop/DigitalHorrorGame/DigitalHorrorGame/GDDHorrorGame/Content/Developers/ntanc000/Collections/' took 0.01s
[2015.10.26-02.01.49:096][  0]LogFileCache: Scanning file cache for directory 'C:/Users/ntanc_000/Desktop/DigitalHorrorGame/DigitalHorrorGame/GDDHorrorGame/Content/Collections/' took 0.01s
[2015.10.26-02.01.49:096][  0]LogContentBrowser: Native class hierarchy populated in 0.0075 seconds. Added 1867 classes and 333 folders.
[2015.10.26-02.01.49:108][  0]LogCollectionManager: Rebuilt the GUID cache for 0 collections in 0.000003 seconds
[2015.10.26-02.01.49:114][  0]LogContentBrowser: Native class hierarchy updated for 'WidgetCarousel' in 0.0003 seconds. Added 0 classes and 0 folders.
[2015.10.26-02.01.49:185][  0]LogContentBrowser: Native class hierarchy updated for 'AddContentDialog' in 0.0003 seconds. Added 0 classes and 0 folders.
[2015.10.26-02.01.49:189][  0]LogContentBrowser: Native class hierarchy updated for 'SceneOutliner' in 0.0004 seconds. Added 1 classes and 2 folders.
[2015.10.26-02.01.49:277][  0]LogCrashTracker: Crashtracker disabled due to settings.
[2015.10.26-02.01.49:299][  0]LogUObjectGlobals:Warning: Failed to find object 'Class None.'
[2015.10.26-02.01.49:322][  0]LogStats:Warning: MetaData mismatch. Did you assign a stat to two groups? New //STATGROUP_Threads//SplashScreenThread///Thread_2874_0///####STATCAT_Advanced#### old //STATGROUP_Threads//SplashScreenThread///Thread_13bc_0///####STATCAT_Advanced####
[2015.10.26-02.01.49:322][  0]LogLoad: Full Startup: 37.95 seconds (BP compile: 1.06 seconds)
[2015.10.26-02.01.49:341][  0]LoadErrors:Error: Error /Game/ThirdPersonBP/Blueprints/ItemBlueprints/BP_Key : Failed import for ObjectProperty /Game/ThirdPersonBP/Blueprints/KitchenLights.KitchenLights_C:PointLight3
[2015.10.26-02.01.49:341][  0]LoadErrors:Error: Error /Game/ThirdPersonBP/Blueprints/ItemBlueprints/BP_Key : Failed import for ObjectProperty /Game/ThirdPersonBP/Blueprints/KitchenLights.KitchenLights_C:PointLight4
[2015.10.26-02.01.49:341][  0]LoadErrors:Error: Error /Game/ThirdPersonBP/Blueprints/ItemBlueprints/BP_Key : Failed import for ObjectProperty /Game/ThirdPersonBP/Blueprints/KitchenLights.KitchenLights_C:PointLight5
[2015.10.26-02.01.49:426][  0]LogContentStreaming: Texture pool size now 1000 MB
[2015.10.26-02.01.49:547][  0]LogRenderer: Reallocating scene render targets to support 444x224 (Frame:2).
[2015.10.26-02.01.50:520][ 12]LogAssetRegistry: Asset discovery search completed in 33.8624 seconds
[2015.10.26-02.01.50:520][ 12]LogCollectionManager: Rebuilt the object cache for 0 collections in 0.000001 seconds (found 0 objects)
[2015.10.26-02.01.50:520][ 12]LogCollectionManager: Fixed up redirectors for 0 collections in 0.000023 seconds (updated 0 objects)
[2015.10.26-02.02.01:955][612]LogRenderer: Reallocating scene render targets to support 740x412 (Frame:35).
[2015.10.26-02.03.03:468][165]LogActorComponent: UnregisterComponent: (/Engine/Transient.CharMoveComp) Not registered. Aborting.
[2015.10.26-02.03.03:907][165]LogSavePackage: Save=339.288971ms
[2015.10.26-02.03.03:907][165]LogSavePackage: Moving '../../../../../../Users/ntanc_000/Desktop/DigitalHorrorGame/DigitalHorrorGame/GDDHorrorGame/Saved/ThirdPersonExampleMap24AF0CEE41232626AB1DA9ADD469E157.tmp' to '../../../../../../Users/ntanc_000/Desktop/DigitalHorrorGame/DigitalHorrorGame/GDDHorrorGame/Content/ThirdPersonBP/Maps/ThirdPersonExampleMap.umap'
[2015.10.26-02.03.03:914][165]LogSavePackage: Total save time: 369.610246ms
[2015.10.26-02.03.03:914][165]LogSavePackage:Warning: Finished SavePackage ../../../../../../Users/ntanc_000/Desktop/DigitalHorrorGame/DigitalHorrorGame/GDDHorrorGame/Content/ThirdPersonBP/Maps/ThirdPersonExampleMap.umap
[2015.10.26-02.03.11:120][570]LogLinker:Warning: Asset '../../../Engine/Content/ArtTools/RenderToTexture/Macros/RenderToTextureMacros.uasset' has been saved with empty engine version. The asset will be loaded but may be incompatible.
[2015.10.26-02.03.11:659][570]LogContentBrowser: Native class hierarchy updated for 'BlueprintGraph' in 0.0007 seconds. Added 107 classes and 0 folders.
[2015.10.26-02.03.19:402][840]LogBlueprintUserMessages: CustomizeDetails for Blueprint 'BP_Key', cached variable property's owner is '/Game/ThirdPersonBP/Blueprints/ItemBlueprints/BP_Key.SKEL_BP_Key_C'
[2015.10.26-02.03.20:234][879]LogBlueprintUserMessages: CustomizeDetails for Blueprint 'BP_Key', cached variable property's owner is '/Game/ThirdPersonBP/Blueprints/ItemBlueprints/BP_Key.SKEL_BP_Key_C'
[2015.10.26-02.03.42:199][879]LogBlueprintUserMessages: CustomizeDetails for Blueprint 'BP_Key', cached variable property's owner is '/Game/ThirdPersonBP/Blueprints/ItemBlueprints/BP_Key.SKEL_BP_Key_C'
[2015.10.26-02.03.45:109][ 15]LogBlueprintUserMessages: CustomizeDetails for Blueprint 'BP_Key', cached variable property's owner is '/Game/ThirdPersonBP/Blueprints/LightSwitch_Blueprint.LightSwitch_Blueprint_C'
[2015.10.26-02.03.47:289][124]LogBlueprintUserMessages: CustomizeDetails for Blueprint 'BP_Key', cached variable property's owner is '/Game/ThirdPersonBP/Blueprints/ThirdPersonCharacter.ThirdPersonCharacter_C'
[2015.10.26-02.04.23:110][795]LogSavePackage: Save=325.308014ms
[2015.10.26-02.04.23:110][795]LogSavePackage: Moving '../../../../../../Users/ntanc_000/Desktop/DigitalHorrorGame/DigitalHorrorGame/GDDHorrorGame/Saved/ThirdPersonExampleMap4C938CCB436359AD341FF09F72F7DAF1.tmp' to '../../../../../../Users/ntanc_000/Desktop/DigitalHorrorGame/DigitalHorrorGame/GDDHorrorGame/Content/ThirdPersonBP/Maps/ThirdPersonExampleMap.umap'
[2015.10.26-02.04.23:119][795]LogSavePackage: Total save time: 345.245019ms
[2015.10.26-02.04.23:119][795]LogSavePackage:Warning: Finished SavePackage ../../../../../../Users/ntanc_000/Desktop/DigitalHorrorGame/DigitalHorrorGame/GDDHorrorGame/Content/ThirdPersonBP/Maps/ThirdPersonExampleMap.umap
[2015.10.26-02.04.36:935][406]LogBlueprintUserMessages: PostEditorRefresh for Blueprint 'BP_Key', cached variable property's owner is '/Game/ThirdPersonBP/Blueprints/ThirdPersonCharacter.ThirdPersonCharacter_C'
[2015.10.26-02.04.48:701][914]LogBlueprintUserMessages: CustomizeDetails for Blueprint 'BP_Photos', cached variable property's owner is '/Game/ThirdPersonBP/Blueprints/ItemBlueprints/BP_Photos.SKEL_BP_Photos_C'
[2015.10.26-02.04.53:524][146]LogBlueprintUserMessages: CustomizeDetails for Blueprint 'BP_Photos', cached variable property's owner is '/Game/ThirdPersonBP/Blueprints/ItemBlueprints/BP_Photos.SKEL_BP_Photos_C'
[2015.10.26-02.04.55:813][258]LogBlueprintUserMessages: PostEditorRefresh for Blueprint 'BP_Photos', cached variable property's owner is '/Game/ThirdPersonBP/Blueprints/ItemBlueprints/BP_Photos.SKEL_BP_Photos_C'
[2015.10.26-02.04.55:869][258]LogBlueprintUserMessages: CustomizeDetails for Blueprint 'BP_Photos', cached variable property's owner is '/Game/ThirdPersonBP/Blueprints/ItemBlueprints/BP_Photos.SKEL_BP_Photos_C'
[2015.10.26-02.05.01:880][547]LogBlueprintUserMessages: PostEditorRefresh for Blueprint 'BP_Photos', cached variable property's owner is '/Game/ThirdPersonBP/Blueprints/ItemBlueprints/BP_Photos.SKEL_BP_Photos_C'
[2015.10.26-02.05.01:893][547]LogBlueprintUserMessages: PostEditorRefresh for Blueprint 'BP_Photos', cached variable property's owner is '/Game/ThirdPersonBP/Blueprints/ItemBlueprints/BP_Photos.SKEL_BP_Photos_C'
[2015.10.26-02.05.01:909][547]LogBlueprintUserMessages: PostEditorRefresh for Blueprint 'BP_Photos', cached variable property's owner is '/Game/ThirdPersonBP/Blueprints/ItemBlueprints/BP_Photos.SKEL_BP_Photos_C'
[2015.10.26-02.05.01:959][547]LogBlueprintUserMessages: CustomizeDetails for Blueprint 'BP_Photos', cached variable property's owner is '/Game/ThirdPersonBP/Blueprints/ItemBlueprints/BP_Photos.SKEL_BP_Photos_C'
[2015.10.26-02.05.06:383][734]LogBlueprintUserMessages: CustomizeDetails for Blueprint 'BP_Photos', cached variable property's owner is '/Game/ThirdPersonBP/Blueprints/ItemBlueprints/BP_Photos.SKEL_BP_Photos_C'
[2015.10.26-02.05.15:032][120]LogBlueprintUserMessages: CustomizeDetails for Blueprint 'BP_Photos', cached variable property's owner is '/Game/ThirdPersonBP/Blueprints/ItemBlueprints/BP_Photos.SKEL_BP_Photos_C'
[2015.10.26-02.05.18:099][264]LogBlueprintUserMessages: CustomizeDetails for Blueprint 'BP_Photos', cached variable property's owner is '/Game/ThirdPersonBP/Blueprints/ItemBlueprints/BP_Photos.SKEL_BP_Photos_C'
[2015.10.26-02.05.19:073][307]LogBlueprintUserMessages: CustomizeDetails for Blueprint 'BP_Photos', cached variable property's owner is '/Game/ThirdPersonBP/Blueprints/ItemBlueprints/BP_Photos.SKEL_BP_Photos_C'
[2015.10.26-02.05.22:260][447]LogBlueprintUserMessages: CustomizeDetails for Blueprint 'BP_Photos', cached variable property's owner is '/Game/ThirdPersonBP/Blueprints/ItemBlueprints/BP_Key.BP_Key_C'
[2015.10.26-02.05.28:347][750]LogBlueprintUserMessages: CustomizeDetails for Blueprint 'BP_Photos', cached variable property's owner is '/Game/ThirdPersonBP/Blueprints/ItemBlueprints/BP_Photos.SKEL_BP_Photos_C'
[2015.10.26-02.05.44:444][507]LogBlueprintUserMessages: CustomizeDetails for Blueprint 'BP_Photos', cached variable property's owner is '/Game/ThirdPersonBP/Blueprints/ItemBlueprints/BP_Photos.SKEL_BP_Photos_C'
[2015.10.26-02.05.45:941][559]LogBlueprintUserMessages: CustomizeDetails for Blueprint 'BP_Photos', cached variable property's owner is '/Game/ThirdPersonBP/Blueprints/ItemBlueprints/BP_Photos.SKEL_BP_Photos_C'
[2015.10.26-02.05.46:867][598]LogBlueprintUserMessages: CustomizeDetails for Blueprint 'BP_Photos', cached variable property's owner is '/Game/ThirdPersonBP/Blueprints/ItemBlueprints/BP_Photos.SKEL_BP_Photos_C'
[2015.10.26-02.06.19:450][785]LogBlueprintUserMessages: CustomizeDetails for Blueprint 'BP_Key', cached variable property's owner is '/Game/ThirdPersonBP/Blueprints/ThirdPersonCharacter.ThirdPersonCharacter_C'
[2015.10.26-02.06.25:885][ 24]LogBlueprintUserMessages: CustomizeDetails for Blueprint 'BP_Photos', cached variable property's owner is '/Game/ThirdPersonBP/Blueprints/ItemBlueprints/BP_Key.BP_Key_C'
[2015.10.26-02.06.30:133][207]LogBlueprintUserMessages: CustomizeDetails for Blueprint 'BP_Photos', cached variable property's owner is '/Game/ThirdPersonBP/Blueprints/ItemBlueprints/BP_Photos.SKEL_BP_Photos_C'
[2015.10.26-02.07.46:115][626]LogBlueprintUserMessages: CustomizeDetails for Blueprint 'BP_Photos', cached variable property's owner is '/Game/ThirdPersonBP/Blueprints/ItemBlueprints/BP_Photos.SKEL_BP_Photos_C'
[2015.10.26-02.07.46:480][635]LogBlueprintUserMessages: CustomizeDetails for Blueprint 'BP_Photos', cached variable property's owner is '/Game/ThirdPersonBP/Blueprints/ItemBlueprints/BP_Photos.SKEL_BP_Photos_C'
[2015.10.26-02.07.47:303][669]LogBlueprintUserMessages: CustomizeDetails for Blueprint 'BP_Photos', cached variable property's owner is '/Game/ThirdPersonBP/Blueprints/ItemBlueprints/BP_Photos.SKEL_BP_Photos_C'
[2015.10.26-02.07.53:596][866]LogBlueprintUserMessages: CustomizeDetails for Blueprint 'BP_Photos', cached variable property's owner is '/Game/ThirdPersonBP/Blueprints/ItemBlueprints/BP_Key.BP_Key_C'
[2015.10.26-02.08.09:734][544]BlueprintLog: New page: Compile BP_Photos
[2015.10.26-02.08.09:891][544]LogBlueprintUserMessages: PostEditorRefresh for Blueprint 'BP_Photos', cached variable property's owner is '/Game/ThirdPersonBP/Blueprints/ItemBlueprints/BP_Key.BP_Key_C'
[2015.10.26-02.08.09:892][544]BlueprintEditorCompileResults: Info [0418.52] Compile of BP_Photos successful! [in 157 ms]
[2015.10.26-02.08.09:927][544]LogBlueprintUserMessages: CustomizeDetails for Blueprint 'BP_Photos', cached variable property's owner is '/Game/ThirdPersonBP/Blueprints/ItemBlueprints/BP_Key.BP_Key_C'
[2015.10.26-02.08.11:160][589]LogSavePackage: Save=54.809837ms
[2015.10.26-02.08.11:160][589]LogSavePackage: Moving '../../../../../../Users/ntanc_000/Desktop/DigitalHorrorGame/DigitalHorrorGame/GDDHorrorGame/Saved/BP_Photos31F2202E48BEB2D230F14885D715BC34.tmp' to '../../../../../../Users/ntanc_000/Desktop/DigitalHorrorGame/DigitalHorrorGame/GDDHorrorGame/Content/ThirdPersonBP/Blueprints/ItemBlueprints/BP_Photos.uasset'
[2015.10.26-02.08.11:168][589]LogSavePackage: Total save time: 83.754994ms
[2015.10.26-02.08.11:168][589]LogSavePackage:Warning: Finished SavePackage ../../../../../../Users/ntanc_000/Desktop/DigitalHorrorGame/DigitalHorrorGame/GDDHorrorGame/Content/ThirdPersonBP/Blueprints/ItemBlueprints/BP_Photos.uasset
[2015.10.26-02.08.22:218][ 95]LogRenderer: Reallocating scene render targets to support 912x544 (Frame:4549).
[2015.10.26-02.08.28:804][366]BlueprintLog: New page: Compile BP_Key
[2015.10.26-02.08.28:903][366]LogBlueprintUserMessages: PostEditorRefresh for Blueprint 'BP_Photos', cached variable property's owner is '/Game/ThirdPersonBP/Blueprints/ItemBlueprints/BP_Key.BP_Key_C'
[2015.10.26-02.08.28:907][366]LogBlueprintUserMessages: PostEditorRefresh for Blueprint 'BP_Photos', cached variable property's owner is '/Game/ThirdPersonBP/Blueprints/ItemBlueprints/BP_Key.BP_Key_C'
[2015.10.26-02.08.28:948][366]BlueprintEditorCompileResults: Info [0437.57] Compile of BP_Key successful! [in 143 ms]
[2015.10.26-02.08.29:569][385]LogSavePackage: Save=33.115646ms
[2015.10.26-02.08.29:569][385]LogSavePackage: Moving '../../../../../../Users/ntanc_000/Desktop/DigitalHorrorGame/DigitalHorrorGame/GDDHorrorGame/Saved/BP_Key7E13FA9D4912962A63D6DAA31E16EF40.tmp' to '../../../../../../Users/ntanc_000/Desktop/DigitalHorrorGame/DigitalHorrorGame/GDDHorrorGame/Content/ThirdPersonBP/Blueprints/ItemBlueprints/BP_Key.uasset'
[2015.10.26-02.08.29:577][385]LogSavePackage: Total save time: 55.451386ms
[2015.10.26-02.08.29:577][385]LogSavePackage:Warning: Finished SavePackage ../../../../../../Users/ntanc_000/Desktop/DigitalHorrorGame/DigitalHorrorGame/GDDHorrorGame/Content/ThirdPersonBP/Blueprints/ItemBlueprints/BP_Key.uasset
[2015.10.26-02.08.35:432][592]LogBlueprintUserMessages: CustomizeDetails for Blueprint 'BP_Photos', cached variable property's owner is '/Game/ThirdPersonBP/Blueprints/ItemBlueprints/BP_Key.BP_Key_C'
[2015.10.26-02.09.23:080][692]LogBlueprintUserMessages: CustomizeDetails for Blueprint 'BP_Key', cached variable property's owner is '/Game/ThirdPersonBP/Blueprints/ThirdPersonCharacter.ThirdPersonCharacter_C'
[2015.10.26-02.09.34:206][221]LogBlueprintUserMessages: CustomizeDetails for Blueprint 'BP_Key', cached variable property's owner is '/Game/ThirdPersonBP/Blueprints/ThirdPersonCharacter.ThirdPersonCharacter_C'
[2015.10.26-02.10.44:170][471]LogSavePackage: Save=39.637184ms
[2015.10.26-02.10.44:170][471]LogSavePackage: Moving '../../../../../../Users/ntanc_000/Desktop/DigitalHorrorGame/DigitalHorrorGame/GDDHorrorGame/Saved/BP_Key3EAE38DC48E037F2E6B91E971245089C.tmp' to '../../../../../../Users/ntanc_000/Desktop/DigitalHorrorGame/DigitalHorrorGame/GDDHorrorGame/Content/ThirdPersonBP/Blueprints/ItemBlueprints/BP_Key.uasset'
[2015.10.26-02.10.44:178][471]LogSavePackage: Total save time: 70.127510ms
[2015.10.26-02.10.44:178][471]LogSavePackage:Warning: Finished SavePackage ../../../../../../Users/ntanc_000/Desktop/DigitalHorrorGame/DigitalHorrorGame/GDDHorrorGame/Content/ThirdPersonBP/Blueprints/ItemBlueprints/BP_Key.uasset
[2015.10.26-02.10.44:729][498]BlueprintLog: New page: Compile BP_Key
[2015.10.26-02.10.44:841][498]LogBlueprintUserMessages: PostEditorRefresh for Blueprint 'BP_Photos', cached variable property's owner is '/Game/ThirdPersonBP/Blueprints/ItemBlueprints/BP_Key.BP_Key_C'
[2015.10.26-02.10.44:845][498]LogBlueprintUserMessages: PostEditorRefresh for Blueprint 'BP_Photos', cached variable property's owner is '/Game/ThirdPersonBP/Blueprints/ItemBlueprints/BP_Key.BP_Key_C'
[2015.10.26-02.10.44:883][498]BlueprintEditorCompileResults: Info [0573.51] Compile of BP_Key successful! [in 153 ms]
[2015.10.26-02.10.45:742][537]LogBlueprintUserMessages: CustomizeDetails for Blueprint 'BP_Photos', cached variable property's owner is '/Game/ThirdPersonBP/Blueprints/ItemBlueprints/BP_Key.BP_Key_C'
[2015.10.26-02.10.46:472][570]BlueprintLog: New page: Compile BP_Photos
[2015.10.26-02.10.46:593][570]LogBlueprintUserMessages: PostEditorRefresh for Blueprint 'BP_Photos', cached variable property's owner is '/Game/ThirdPersonBP/Blueprints/ItemBlueprints/BP_Key.BP_Key_C'
[2015.10.26-02.10.46:594][570]BlueprintEditorCompileResults: Info [0575.22] Compile of BP_Photos successful! [in 122 ms]
[2015.10.26-02.10.46:623][570]LogBlueprintUserMessages: CustomizeDetails for Blueprint 'BP_Photos', cached variable property's owner is '/Game/ThirdPersonBP/Blueprints/ItemBlueprints/BP_Key.BP_Key_C'
[2015.10.26-02.10.47:273][592]LogSavePackage: Save=58.036911ms
[2015.10.26-02.10.47:273][592]LogSavePackage: Moving '../../../../../../Users/ntanc_000/Desktop/DigitalHorrorGame/DigitalHorrorGame/GDDHorrorGame/Saved/BP_Photos75CED71B4E61F0B66D16C2A1C3830481.tmp' to '../../../../../../Users/ntanc_000/Desktop/DigitalHorrorGame/DigitalHorrorGame/GDDHorrorGame/Content/ThirdPersonBP/Blueprints/ItemBlueprints/BP_Photos.uasset'
[2015.10.26-02.10.47:278][592]LogSavePackage: Total save time: 84.316153ms
[2015.10.26-02.10.47:278][592]LogSavePackage:Warning: Finished SavePackage ../../../../../../Users/ntanc_000/Desktop/DigitalHorrorGame/DigitalHorrorGame/GDDHorrorGame/Content/ThirdPersonBP/Blueprints/ItemBlueprints/BP_Photos.uasset
[2015.10.26-02.10.52:039][796]LogBlueprintUserMessages: Early PlayInEditor Detection: Level '/Game/ThirdPersonBP/Maps/ThirdPersonExampleMap.ThirdPersonExampleMap:PersistentLevel' has LevelScriptBlueprint '/Game/ThirdPersonBP/Maps/ThirdPersonExampleMap.ThirdPersonExampleMap:PersistentLevel.ThirdPersonExampleMap' with GeneratedClass '/Game/ThirdPersonBP/Maps/ThirdPersonExampleMap.ThirdPersonExampleMap_C' with ClassGeneratedBy '/Game/ThirdPersonBP/Maps/ThirdPersonExampleMap.ThirdPersonExampleMap:PersistentLevel.ThirdPersonExampleMap'
[2015.10.26-02.10.52:039][796]LogPlayLevel: PlayLevel: No blueprints needed recompiling
[2015.10.26-02.10.52:039][796]PIE: New page: PIE session: ThirdPersonExampleMap (Oct 25, 2015, 6:10:52 PM)
[2015.10.26-02.10.52:039][796]LogPlayLevel: Creating play world package: /Game/ThirdPersonBP/Maps/UEDPIE_0_ThirdPersonExampleMap
[2015.10.26-02.10.52:104][796]LogPlayLevel: PIE: StaticDuplicateObject took: (0.064371s)
[2015.10.26-02.10.52:105][796]LogAIModule: Creating AISystem for world ThirdPersonExampleMap
[2015.10.26-02.10.52:106][796]LogPlayLevel: PIE: World Init took: (0.001721s)
[2015.10.26-02.10.52:106][796]LogPlayLevel: PIE: Created PIE world by copying editor world from /Game/ThirdPersonBP/Maps/ThirdPersonExampleMap.ThirdPersonExampleMap to /Game/ThirdPersonBP/Maps/UEDPIE_0_ThirdPersonExampleMap.ThirdPersonExampleMap (0.066507s)
[2015.10.26-02.10.52:148][796]LogInit: XAudio2 using 'Speakers (Sound Blaster Recon3Di)' : 2 channels at 48 kHz using 32 bits per sample (channel mask 0x3)
[2015.10.26-02.10.52:156][796]LogInit: FAudioDevice initialized.
[2015.10.26-02.10.52:207][796]LogLinker:Warning: Can't find file '/Game/ThirdPersonBP/Blueprints/ThirdPersonGameMode'
[2015.10.26-02.10.52:207][796]LogLinker:Warning: Can't find file '/Game/ThirdPersonBP/Blueprints/ThirdPersonGameMode'
[2015.10.26-02.10.52:207][796]LogUObjectGlobals:Warning: Failed to find object 'Class /Game/ThirdPersonBP/Blueprints/ThirdPersonGameMode.ThirdPersonGameMode_C'
[2015.10.26-02.10.52:207][796]LogWorld: Game class is 'GameMode'
[2015.10.26-02.10.52:231][796]LogPhysics:Warning: FConstraintInstance::GetRefFrame : Contained scale.
[2015.10.26-02.10.52:231][796]LogPhysics:Warning: FConstraintInstance::GetRefFrame : Contained scale.
[2015.10.26-02.10.52:234][796]LogWorld: Bringing World /Game/ThirdPersonBP/Maps/UEDPIE_0_ThirdPersonExampleMap.ThirdPersonExampleMap up for play (max tick rate 60) at 2015.10.25-22.10.52
[2015.10.26-02.10.52:235][796]LogActor:Warning: GameSession /Game/ThirdPersonBP/Maps/UEDPIE_0_ThirdPersonExampleMap.ThirdPersonExampleMap:PersistentLevel.GameSession_0 has natively added scene component(s), but none of them were set as the actor's RootComponent - picking one arbitrarily
[2015.10.26-02.10.52:235][796]LogActor:Warning: GameNetworkManager /Game/ThirdPersonBP/Maps/UEDPIE_0_ThirdPersonExampleMap.ThirdPersonExampleMap:PersistentLevel.GameNetworkManager_0 has natively added scene component(s), but none of them were set as the actor's RootComponent - picking one arbitrarily
[2015.10.26-02.10.52:236][796]LogWorld: Bringing up level for play took: 0.027262
[2015.10.26-02.10.52:238][796]PIE: Info Play in editor start time for /Game/ThirdPersonBP/Maps/UEDPIE_0_ThirdPersonExampleMap -0.254
[2015.10.26-02.10.52:238][796]LogBlueprintUserMessages: Late PlayInEditor Detection: Level '/Game/ThirdPersonBP/Maps/ThirdPersonExampleMap.ThirdPersonExampleMap:PersistentLevel' has LevelScriptBlueprint '/Game/ThirdPersonBP/Maps/ThirdPersonExampleMap.ThirdPersonExampleMap:PersistentLevel.ThirdPersonExampleMap' with GeneratedClass '/Game/ThirdPersonBP/Maps/ThirdPersonExampleMap.ThirdPersonExampleMap_C' with ClassGeneratedBy '/Game/ThirdPersonBP/Maps/ThirdPersonExampleMap.ThirdPersonExampleMap:PersistentLevel.ThirdPersonExampleMap'
[2015.10.26-02.10.52:980][828]LogScript:Warning: Accessed None 'Physics Handle'
	ThirdPersonCharacter_C /Game/ThirdPersonBP/Maps/UEDPIE_0_ThirdPersonExampleMap.ThirdPersonExampleMap:PersistentLevel.ThirdPersonCharacter_C_2
	Function /Game/ThirdPersonBP/Blueprints/ThirdPersonCharacter.ThirdPersonCharacter_C:ExecuteUbergraph_ThirdPersonCharacter:11D2
[2015.10.26-02.10.52:980][828]PIE:Error: Error Accessed None 'Physics Handle' from node Set Target Location and Rotation in graph 'EventGraph' in blueprint ThirdPersonCharacter
[2015.10.26-02.10.53:004][829]LogScript:Warning: Accessed None 'Physics Handle'
	ThirdPersonCharacter_C /Game/ThirdPersonBP/Maps/UEDPIE_0_ThirdPersonExampleMap.ThirdPersonExampleMap:PersistentLevel.ThirdPersonCharacter_C_2
	Function /Game/ThirdPersonBP/Blueprints/ThirdPersonCharacter.ThirdPersonCharacter_C:ExecuteUbergraph_ThirdPersonCharacter:11D2
[2015.10.26-02.10.53:004][829]PIE:Error: Error Accessed None 'Physics Handle' from node Set Target Location and Rotation in graph 'EventGraph' in blueprint ThirdPersonCharacter
[2015.10.26-02.10.53:029][830]LogScript:Warning: Accessed None 'Physics Handle'
	ThirdPersonCharacter_C /Game/ThirdPersonBP/Maps/UEDPIE_0_ThirdPersonExampleMap.ThirdPersonExampleMap:PersistentLevel.ThirdPersonCharacter_C_2
	Function /Game/ThirdPersonBP/Blueprints/ThirdPersonCharacter.ThirdPersonCharacter_C:ExecuteUbergraph_ThirdPersonCharacter:11D2
[2015.10.26-02.10.53:029][830]PIE:Error: Error Accessed None 'Physics Handle' from node Set Target Location and Rotation in graph 'EventGraph' in blueprint ThirdPersonCharacter
[2015.10.26-02.10.53:048][831]LogScript:Warning: Accessed None 'Physics Handle'
	ThirdPersonCharacter_C /Game/ThirdPersonBP/Maps/UEDPIE_0_ThirdPersonExampleMap.ThirdPersonExampleMap:PersistentLevel.ThirdPersonCharacter_C_2
	Function /Game/ThirdPersonBP/Blueprints/ThirdPersonCharacter.ThirdPersonCharacter_C:ExecuteUbergraph_ThirdPersonCharacter:11D2
[2015.10.26-02.10.53:048][831]PIE:Error: Error Accessed None 'Physics Handle' from node Set Target Location and Rotation in graph 'EventGraph' in blueprint ThirdPersonCharacter
[2015.10.26-02.10.53:069][832]LogScript:Warning: Accessed None 'Physics Handle'
	ThirdPersonCharacter_C /Game/ThirdPersonBP/Maps/UEDPIE_0_ThirdPersonExampleMap.ThirdPersonExampleMap:PersistentLevel.ThirdPersonCharacter_C_2
	Function /Game/ThirdPersonBP/Blueprints/ThirdPersonCharacter.ThirdPersonCharacter_C:ExecuteUbergraph_ThirdPersonCharacter:0FB4
[2015.10.26-02.10.53:069][832]PIE:Error: Error Accessed None 'Physics Handle' from node Release Component in graph 'EventGraph' in blueprint ThirdPersonCharacter
[2015.10.26-02.10.53:069][832]LogScript:Warning: Accessed None 'Physics Object'
	ThirdPersonCharacter_C /Game/ThirdPersonBP/Maps/UEDPIE_0_ThirdPersonExampleMap.ThirdPersonExampleMap:PersistentLevel.ThirdPersonCharacter_C_2
	Function /Game/ThirdPersonBP/Blueprints/ThirdPersonCharacter.ThirdPersonCharacter_C:ExecuteUbergraph_ThirdPersonCharacter:101A
[2015.10.26-02.10.53:070][832]PIE:Error: Error Accessed None 'Physics Object' from node Set Collision Response to Channel in graph 'EventGraph' in blueprint ThirdPersonCharacter
[2015.10.26-02.10.56:689][  9]LogBlueprintUserMessages: [BP_iPhone_C_0] Picked up phone.
[2015.10.26-02.11.01:083][223]LogBlueprintUserMessages: [FirstEvent_C_0] You have a new voicemail. Press E to listen.
[2015.10.26-02.11.03:328][330]LogBlueprintUserMessages: [BP_Laptop_C_2] Who turned on my music?
[2015.10.26-02.11.12:079][749]LogBlueprintUserMessages: [BP_Laptop_C_2] Turned music off.
[2015.10.26-02.11.13:061][796]LogBlueprintUserMessages: [BP_Laptop_C_2] What was that!? I think it came from the kitchen...
[2015.10.26-02.11.23:957][318]LogBlueprintUserMessages: [BP_BrokenMug_C_0] Aww my favorite mug... I must've left it too close to the edge.
[2015.10.26-02.11.26:954][463]LogBlueprintUserMessages: [BP_iPhone6_C_0] Hello?
[2015.10.26-02.11.29:954][604]LogBlueprintUserMessages: [BP_iPhone6_C_0] ...wrong number?
[2015.10.26-02.11.32:749][741]LogBlueprintUserMessages: [BP_iPhone6_C_0] Hello?
[2015.10.26-02.11.51:573][646]LogBlueprintUserMessages: [BP_Television_C_1] Turned TV off.
[2015.10.26-02.12.12:577][664]LogScript:Warning: Accessed None 'Key'
	BP_Photos_C /Game/ThirdPersonBP/Maps/UEDPIE_0_ThirdPersonExampleMap.ThirdPersonExampleMap:PersistentLevel.BP_Photos_C_0
	Function /Game/ThirdPersonBP/Blueprints/ItemBlueprints/BP_Photos.BP_Photos_C:ExecuteUbergraph_BP_Photos:027A
[2015.10.26-02.12.12:579][664]PIE:Error: Error Accessed None 'Key' from node Toggle Visibility in graph 'EventGraph' in blueprint BP_Photos
[2015.10.26-02.12.12:579][664]LogScript:Warning: Accessed None
	BP_Photos_C /Game/ThirdPersonBP/Maps/UEDPIE_0_ThirdPersonExampleMap.ThirdPersonExampleMap:PersistentLevel.BP_Photos_C_0
	Function /Game/ThirdPersonBP/Blueprints/ItemBlueprints/BP_Photos.BP_Photos_C:ExecuteUbergraph_BP_Photos:028F
[2015.10.26-02.12.12:579][664]PIE:Error: Error Accessed None from node Toggle Visibility in graph 'EventGraph' in blueprint BP_Photos
[2015.10.26-02.12.12:579][664]LogBlueprintUserMessages: [BP_Photos_C_0] Something about the photos is different.
[2015.10.26-02.12.22:267][129]LogBlueprintUserMessages: [BP_Key_159] Picked up key.
[2015.10.26-02.12.30:483][530]LogBlueprintUserMessages: Early EndPlayMap Detection: Level '/Game/ThirdPersonBP/Maps/ThirdPersonExampleMap.ThirdPersonExampleMap:PersistentLevel' has LevelScriptBlueprint '/Game/ThirdPersonBP/Maps/ThirdPersonExampleMap.ThirdPersonExampleMap:PersistentLevel.ThirdPersonExampleMap' with GeneratedClass '/Game/ThirdPersonBP/Maps/ThirdPersonExampleMap.ThirdPersonExampleMap_C' with ClassGeneratedBy '/Game/ThirdPersonBP/Maps/ThirdPersonExampleMap.ThirdPersonExampleMap:PersistentLevel.ThirdPersonExampleMap'
[2015.10.26-02.12.30:508][530]LogBlueprintUserMessages: PostEditorRefresh for Blueprint 'BP_Photos', cached variable property's owner is '/Game/ThirdPersonBP/Blueprints/ItemBlueprints/BP_Key.BP_Key_C'
[2015.10.26-02.12.30:545][530]LogBlueprintUserMessages: Late EndPlayMap Detection: Level '/Game/ThirdPersonBP/Maps/ThirdPersonExampleMap.ThirdPersonExampleMap:PersistentLevel' has LevelScriptBlueprint '/Game/ThirdPersonBP/Maps/ThirdPersonExampleMap.ThirdPersonExampleMap:PersistentLevel.ThirdPersonExampleMap' with GeneratedClass '/Game/ThirdPersonBP/Maps/ThirdPersonExampleMap.ThirdPersonExampleMap_C' with ClassGeneratedBy '/Game/ThirdPersonBP/Maps/ThirdPersonExampleMap.ThirdPersonExampleMap:PersistentLevel.ThirdPersonExampleMap'
[2015.10.26-02.12.30:575][530]LogParticles: Destroying 0 GPU particle simulations for FXSystem 0x0000002579246AC0
[2015.10.26-02.12.30:655][530]LogBlueprintUserMessages: CustomizeDetails for Blueprint 'BP_Photos', cached variable property's owner is '/Game/ThirdPersonBP/Blueprints/ItemBlueprints/BP_Key.BP_Key_C'
[2015.10.26-02.12.39:648][919]LogBlueprintUserMessages: CustomizeDetails for Blueprint 'BP_Key', cached variable property's owner is '/Game/ThirdPersonBP/Blueprints/ItemBlueprints/BP_Key.SKEL_BP_Key_C'
[2015.10.26-02.12.40:278][942]LogBlueprintUserMessages: CustomizeDetails for Blueprint 'BP_Key', cached variable property's owner is '/Game/ThirdPersonBP/Blueprints/ItemBlueprints/BP_Key.SKEL_BP_Key_C'
[2015.10.26-02.12.41:050][974]LogBlueprintUserMessages: CustomizeDetails for Blueprint 'BP_Key', cached variable property's owner is '/Game/ThirdPersonBP/Blueprints/ItemBlueprints/BP_Key.SKEL_BP_Key_C'
[2015.10.26-02.12.50:075][267]LogBlueprintUserMessages: CustomizeDetails for Blueprint 'BP_Key', cached variable property's owner is '/Game/ThirdPersonBP/Blueprints/LightSwitch_Blueprint.LightSwitch_Blueprint_C'
[2015.10.26-02.12.54:281][440]LogBlueprintUserMessages: CustomizeDetails for Blueprint 'BP_Key', cached variable property's owner is '/Game/ThirdPersonBP/Blueprints/ItemBlueprints/BP_Key.SKEL_BP_Key_C'
[2015.10.26-02.12.58:005][599]LogBlueprintUserMessages: CustomizeDetails for Blueprint 'BP_Key', cached variable property's owner is '/Game/ThirdPersonBP/Blueprints/LightSwitch_Blueprint.LightSwitch_Blueprint_C'
[2015.10.26-02.13.03:603][861]BlueprintLog: New page: Compile BP_Key
[2015.10.26-02.13.03:716][861]LogBlueprintUserMessages: PostEditorRefresh for Blueprint 'BP_Photos', cached variable property's owner is '/Game/ThirdPersonBP/Blueprints/ItemBlueprints/BP_Key.BP_Key_C'
[2015.10.26-02.13.03:721][861]LogBlueprintUserMessages: PostEditorRefresh for Blueprint 'BP_Photos', cached variable property's owner is '/Game/ThirdPersonBP/Blueprints/ItemBlueprints/BP_Key.BP_Key_C'
[2015.10.26-02.13.03:761][861]LogBlueprintUserMessages: PostEditorRefresh for Blueprint 'BP_Key', cached variable property's owner is '/Game/ThirdPersonBP/Blueprints/LightSwitch_Blueprint.LightSwitch_Blueprint_C'
[2015.10.26-02.13.03:762][861]BlueprintEditorCompileResults: Info [0712.39] Compile of BP_Key successful! [in 158 ms]
[2015.10.26-02.13.03:799][861]LogBlueprintUserMessages: CustomizeDetails for Blueprint 'BP_Key', cached variable property's owner is '/Game/ThirdPersonBP/Blueprints/LightSwitch_Blueprint.LightSwitch_Blueprint_C'
[2015.10.26-02.13.04:552][891]LogSavePackage: Save=37.036686ms
[2015.10.26-02.13.04:552][891]LogSavePackage: Moving '../../../../../../Users/ntanc_000/Desktop/DigitalHorrorGame/DigitalHorrorGame/GDDHorrorGame/Saved/BP_Key9D8AA8FA4B93DFD5DA0DD6BA1A510A3A.tmp' to '../../../../../../Users/ntanc_000/Desktop/DigitalHorrorGame/DigitalHorrorGame/GDDHorrorGame/Content/ThirdPersonBP/Blueprints/ItemBlueprints/BP_Key.uasset'
[2015.10.26-02.13.04:562][891]LogSavePackage: Total save time: 60.236238ms
[2015.10.26-02.13.04:562][891]LogSavePackage:Warning: Finished SavePackage ../../../../../../Users/ntanc_000/Desktop/DigitalHorrorGame/DigitalHorrorGame/GDDHorrorGame/Content/ThirdPersonBP/Blueprints/ItemBlueprints/BP_Key.uasset
[2015.10.26-02.13.05:092][912]LogBlueprintUserMessages: CustomizeDetails for Blueprint 'BP_Photos', cached variable property's owner is '/Game/ThirdPersonBP/Blueprints/ItemBlueprints/BP_Key.BP_Key_C'
[2015.10.26-02.13.20:049][546]LogSavePackage: Save=322.721710ms
[2015.10.26-02.13.20:049][546]LogSavePackage: Moving '../../../../../../Users/ntanc_000/Desktop/DigitalHorrorGame/DigitalHorrorGame/GDDHorrorGame/Saved/ThirdPersonExampleMap576F5CB9469741B2026698979118E5BA.tmp' to '../../../../../../Users/ntanc_000/Desktop/DigitalHorrorGame/DigitalHorrorGame/GDDHorrorGame/Content/ThirdPersonBP/Maps/ThirdPersonExampleMap.umap'
[2015.10.26-02.13.20:057][546]LogSavePackage: Total save time: 350.728959ms
[2015.10.26-02.13.20:057][546]LogSavePackage:Warning: Finished SavePackage ../../../../../../Users/ntanc_000/Desktop/DigitalHorrorGame/DigitalHorrorGame/GDDHorrorGame/Content/ThirdPersonBP/Maps/ThirdPersonExampleMap.umap
[2015.10.26-02.13.23:078][671]LogRenderer: Reallocating scene render targets to support 1112x616 (Frame:10344).
[2015.10.26-02.13.23:161][672]LogRenderer: Reallocating scene render targets to support 1480x824 (Frame:10346).
[2015.10.26-02.13.23:264][673]LogRenderer: Reallocating scene render targets to support 1488x824 (Frame:10349).
[2015.10.26-02.13.24:457][719]LogBlueprintUserMessages: PostEditorRefresh for Blueprint 'BP_Key', cached variable property's owner is '/Game/ThirdPersonBP/Blueprints/LightSwitch_Blueprint.LightSwitch_Blueprint_C'
[2015.10.26-02.13.24:457][719]LogBlueprintUserMessages: Early PlayInEditor Detection: Level '/Game/ThirdPersonBP/Maps/ThirdPersonExampleMap.ThirdPersonExampleMap:PersistentLevel' has LevelScriptBlueprint '/Game/ThirdPersonBP/Maps/ThirdPersonExampleMap.ThirdPersonExampleMap:PersistentLevel.ThirdPersonExampleMap' with GeneratedClass '/Game/ThirdPersonBP/Maps/ThirdPersonExampleMap.ThirdPersonExampleMap_C' with ClassGeneratedBy '/Game/ThirdPersonBP/Maps/ThirdPersonExampleMap.ThirdPersonExampleMap:PersistentLevel.ThirdPersonExampleMap'
[2015.10.26-02.13.24:457][719]LogPlayLevel: PlayLevel: No blueprints needed recompiling
[2015.10.26-02.13.24:458][719]PIE: New page: PIE session: ThirdPersonExampleMap (Oct 25, 2015, 6:13:24 PM)
[2015.10.26-02.13.24:458][719]LogPlayLevel: Creating play world package: /Game/ThirdPersonBP/Maps/UEDPIE_0_ThirdPersonExampleMap
[2015.10.26-02.13.24:515][719]LogPlayLevel: PIE: StaticDuplicateObject took: (0.057521s)
[2015.10.26-02.13.24:517][719]LogAIModule: Creating AISystem for world ThirdPersonExampleMap
[2015.10.26-02.13.24:517][719]LogPlayLevel: PIE: World Init took: (0.001684s)
[2015.10.26-02.13.24:517][719]LogPlayLevel: PIE: Created PIE world by copying editor world from /Game/ThirdPersonBP/Maps/ThirdPersonExampleMap.ThirdPersonExampleMap to /Game/ThirdPersonBP/Maps/UEDPIE_0_ThirdPersonExampleMap.ThirdPersonExampleMap (0.059577s)
[2015.10.26-02.13.24:564][719]LogInit: XAudio2 using 'Speakers (Sound Blaster Recon3Di)' : 2 channels at 48 kHz using 32 bits per sample (channel mask 0x3)
[2015.10.26-02.13.24:571][719]LogInit: FAudioDevice initialized.
[2015.10.26-02.13.24:606][719]LogLinker:Warning: Can't find file '/Game/ThirdPersonBP/Blueprints/ThirdPersonGameMode'
[2015.10.26-02.13.24:607][719]LogLinker:Warning: Can't find file '/Game/ThirdPersonBP/Blueprints/ThirdPersonGameMode'
[2015.10.26-02.13.24:607][719]LogUObjectGlobals:Warning: Failed to find object 'Class /Game/ThirdPersonBP/Blueprints/ThirdPersonGameMode.ThirdPersonGameMode_C'
[2015.10.26-02.13.24:607][719]LogWorld: Game class is 'GameMode'
[2015.10.26-02.13.24:660][719]LogPhysics:Warning: FConstraintInstance::GetRefFrame : Contained scale.
[2015.10.26-02.13.24:660][719]LogPhysics:Warning: FConstraintInstance::GetRefFrame : Contained scale.
[2015.10.26-02.13.24:664][719]LogWorld: Bringing World /Game/ThirdPersonBP/Maps/UEDPIE_0_ThirdPersonExampleMap.ThirdPersonExampleMap up for play (max tick rate 60) at 2015.10.25-22.13.24
[2015.10.26-02.13.24:664][719]LogActor:Warning: GameSession /Game/ThirdPersonBP/Maps/UEDPIE_0_ThirdPersonExampleMap.ThirdPersonExampleMap:PersistentLevel.GameSession_1 has natively added scene component(s), but none of them were set as the actor's RootComponent - picking one arbitrarily
[2015.10.26-02.13.24:664][719]LogActor:Warning: GameNetworkManager /Game/ThirdPersonBP/Maps/UEDPIE_0_ThirdPersonExampleMap.ThirdPersonExampleMap:PersistentLevel.GameNetworkManager_1 has natively added scene component(s), but none of them were set as the actor's RootComponent - picking one arbitrarily
[2015.10.26-02.13.24:666][719]LogWorld: Bringing up level for play took: 0.057684
[2015.10.26-02.13.24:668][719]PIE: Info Play in editor start time for /Game/ThirdPersonBP/Maps/UEDPIE_0_ThirdPersonExampleMap 0.176
[2015.10.26-02.13.24:668][719]LogBlueprintUserMessages: Late PlayInEditor Detection: Level '/Game/ThirdPersonBP/Maps/ThirdPersonExampleMap.ThirdPersonExampleMap:PersistentLevel' has LevelScriptBlueprint '/Game/ThirdPersonBP/Maps/ThirdPersonExampleMap.ThirdPersonExampleMap:PersistentLevel.ThirdPersonExampleMap' with GeneratedClass '/Game/ThirdPersonBP/Maps/ThirdPersonExampleMap.ThirdPersonExampleMap_C' with ClassGeneratedBy '/Game/ThirdPersonBP/Maps/ThirdPersonExampleMap.ThirdPersonExampleMap:PersistentLevel.ThirdPersonExampleMap'
[2015.10.26-02.13.25:156][735]LogScript:Warning: Accessed None 'Physics Handle'
	ThirdPersonCharacter_C /Game/ThirdPersonBP/Maps/UEDPIE_0_ThirdPersonExampleMap.ThirdPersonExampleMap:PersistentLevel.ThirdPersonCharacter_C_2
	Function /Game/ThirdPersonBP/Blueprints/ThirdPersonCharacter.ThirdPersonCharacter_C:ExecuteUbergraph_ThirdPersonCharacter:11D2
[2015.10.26-02.13.25:156][735]PIE:Error: Error Accessed None 'Physics Handle' from node Set Target Location and Rotation in graph 'EventGraph' in blueprint ThirdPersonCharacter
[2015.10.26-02.13.25:172][736]LogScript:Warning: Accessed None 'Physics Handle'
	ThirdPersonCharacter_C /Game/ThirdPersonBP/Maps/UEDPIE_0_ThirdPersonExampleMap.ThirdPersonExampleMap:PersistentLevel.ThirdPersonCharacter_C_2
	Function /Game/ThirdPersonBP/Blueprints/ThirdPersonCharacter.ThirdPersonCharacter_C:ExecuteUbergraph_ThirdPersonCharacter:11D2
[2015.10.26-02.13.25:173][736]PIE:Error: Error Accessed None 'Physics Handle' from node Set Target Location and Rotation in graph 'EventGraph' in blueprint ThirdPersonCharacter
[2015.10.26-02.13.25:192][737]LogScript:Warning: Accessed None 'Physics Handle'
	ThirdPersonCharacter_C /Game/ThirdPersonBP/Maps/UEDPIE_0_ThirdPersonExampleMap.ThirdPersonExampleMap:PersistentLevel.ThirdPersonCharacter_C_2
	Function /Game/ThirdPersonBP/Blueprints/ThirdPersonCharacter.ThirdPersonCharacter_C:ExecuteUbergraph_ThirdPersonCharacter:11D2
[2015.10.26-02.13.25:193][737]PIE:Error: Error Accessed None 'Physics Handle' from node Set Target Location and Rotation in graph 'EventGraph' in blueprint ThirdPersonCharacter
[2015.10.26-02.13.25:214][738]LogScript:Warning: Accessed None 'Physics Handle'
	ThirdPersonCharacter_C /Game/ThirdPersonBP/Maps/UEDPIE_0_ThirdPersonExampleMap.ThirdPersonExampleMap:PersistentLevel.ThirdPersonCharacter_C_2
	Function /Game/ThirdPersonBP/Blueprints/ThirdPersonCharacter.ThirdPersonCharacter_C:ExecuteUbergraph_ThirdPersonCharacter:11D2
[2015.10.26-02.13.25:215][738]PIE:Error: Error Accessed None 'Physics Handle' from node Set Target Location and Rotation in graph 'EventGraph' in blueprint ThirdPersonCharacter
[2015.10.26-02.13.25:233][739]LogScript:Warning: Accessed None 'Physics Handle'
	ThirdPersonCharacter_C /Game/ThirdPersonBP/Maps/UEDPIE_0_ThirdPersonExampleMap.ThirdPersonExampleMap:PersistentLevel.ThirdPersonCharacter_C_2
	Function /Game/ThirdPersonBP/Blueprints/ThirdPersonCharacter.ThirdPersonCharacter_C:ExecuteUbergraph_ThirdPersonCharacter:0FB4
[2015.10.26-02.13.25:233][739]PIE:Error: Error Accessed None 'Physics Handle' from node Release Component in graph 'EventGraph' in blueprint ThirdPersonCharacter
[2015.10.26-02.13.25:233][739]LogScript:Warning: Accessed None 'Physics Object'
	ThirdPersonCharacter_C /Game/ThirdPersonBP/Maps/UEDPIE_0_ThirdPersonExampleMap.ThirdPersonExampleMap:PersistentLevel.ThirdPersonCharacter_C_2
	Function /Game/ThirdPersonBP/Blueprints/ThirdPersonCharacter.ThirdPersonCharacter_C:ExecuteUbergraph_ThirdPersonCharacter:101A
[2015.10.26-02.13.25:234][739]PIE:Error: Error Accessed None 'Physics Object' from node Set Collision Response to Channel in graph 'EventGraph' in blueprint ThirdPersonCharacter
[2015.10.26-02.13.30:030][988]LogBlueprintUserMessages: [BP_iPhone_C_0] Picked up phone.
[2015.10.26-02.13.34:221][199]LogBlueprintUserMessages: [FirstEvent_C_0] You have a new voicemail. Press E to listen.
[2015.10.26-02.13.36:710][323]LogBlueprintUserMessages: [BP_Laptop_C_2] Who turned on my music?
[2015.10.26-02.13.44:974][741]LogBlueprintUserMessages: [BP_Laptop_C_2] Turned music off.
[2015.10.26-02.13.45:976][791]LogBlueprintUserMessages: [BP_Laptop_C_2] What was that!? I think it came from the kitchen...
[2015.10.26-02.13.59:805][494]LogBlueprintUserMessages: [BP_BrokenMug_C_1] Aww my favorite mug... I must've left it too close to the edge.
[2015.10.26-02.14.02:794][647]LogBlueprintUserMessages: [BP_iPhone6_C_1] Hello?
[2015.10.26-02.14.05:793][800]LogBlueprintUserMessages: [BP_iPhone6_C_1] ...wrong number?
[2015.10.26-02.14.29:887][ 27]LogBlueprintUserMessages: [BP_Television_C_1] Turned TV off.
[2015.10.26-02.14.50:312][ 77]LogBlueprintUserMessages: [BP_Photos_C_0] Something about the photos is different.
[2015.10.26-02.14.59:033][522]LogBlueprintUserMessages: [BP_Key_159] Picked up key.
[2015.10.26-02.15.09:696][ 57]LogBlueprintUserMessages: CustomizeDetails for Blueprint 'BP_Key', cached variable property's owner is '/Game/ThirdPersonBP/Blueprints/LightSwitch_Blueprint.LightSwitch_Blueprint_C'
[2015.10.26-02.15.16:692][446]LogBlueprintUserMessages: CustomizeDetails for Blueprint 'BP_Key', cached variable property's owner is '/Game/ThirdPersonBP/Blueprints/ItemBlueprints/BP_Key.SKEL_BP_Key_C'
[2015.10.26-02.15.48:764][135]LogSelection:Warning: PIE object was selected: "BP_CrawlspaceDoor_C /Game/ThirdPersonBP/Maps/UEDPIE_0_ThirdPersonExampleMap.ThirdPersonExampleMap:PersistentLevel.BP_CrawlspaceDoor_274"
[2015.10.26-02.15.53:370][354]LogSelection:Warning: PIE object was selected: "LightSwitch_Blueprint_C /Game/ThirdPersonBP/Maps/UEDPIE_0_ThirdPersonExampleMap.ThirdPersonExampleMap:PersistentLevel.LightSwitch_Blueprint_842"
[2015.10.26-02.15.57:138][505]LogSelection:Warning: PIE object was selected: "LightSwitch_Blueprint_C /Game/ThirdPersonBP/Maps/UEDPIE_0_ThirdPersonExampleMap.ThirdPersonExampleMap:PersistentLevel.LightSwitch_Blueprint2_890"
[2015.10.26-02.15.59:044][586]LogBlueprintUserMessages: Early EndPlayMap Detection: Level '/Game/ThirdPersonBP/Maps/ThirdPersonExampleMap.ThirdPersonExampleMap:PersistentLevel' has LevelScriptBlueprint '/Game/ThirdPersonBP/Maps/ThirdPersonExampleMap.ThirdPersonExampleMap:PersistentLevel.ThirdPersonExampleMap' with GeneratedClass '/Game/ThirdPersonBP/Maps/ThirdPersonExampleMap.ThirdPersonExampleMap_C' with ClassGeneratedBy '/Game/ThirdPersonBP/Maps/ThirdPersonExampleMap.ThirdPersonExampleMap:PersistentLevel.ThirdPersonExampleMap'
[2015.10.26-02.15.59:062][586]LogBlueprintUserMessages: PostEditorRefresh for Blueprint 'BP_Key', cached variable property's owner is '/Game/ThirdPersonBP/Blueprints/ItemBlueprints/BP_Key.SKEL_BP_Key_C'
[2015.10.26-02.15.59:069][586]LogBlueprintUserMessages: PostEditorRefresh for Blueprint 'BP_Photos', cached variable property's owner is '/Game/ThirdPersonBP/Blueprints/ItemBlueprints/BP_Key.BP_Key_C'
[2015.10.26-02.15.59:102][586]LogBlueprintUserMessages: Late EndPlayMap Detection: Level '/Game/ThirdPersonBP/Maps/ThirdPersonExampleMap.ThirdPersonExampleMap:PersistentLevel' has LevelScriptBlueprint '/Game/ThirdPersonBP/Maps/ThirdPersonExampleMap.ThirdPersonExampleMap:PersistentLevel.ThirdPersonExampleMap' with GeneratedClass '/Game/ThirdPersonBP/Maps/ThirdPersonExampleMap.ThirdPersonExampleMap_C' with ClassGeneratedBy '/Game/ThirdPersonBP/Maps/ThirdPersonExampleMap.ThirdPersonExampleMap:PersistentLevel.ThirdPersonExampleMap'
[2015.10.26-02.15.59:132][586]LogParticles: Destroying 0 GPU particle simulations for FXSystem 0x000000257859DE40
[2015.10.26-02.15.59:194][586]LogBlueprintUserMessages: CustomizeDetails for Blueprint 'BP_Key', cached variable property's owner is '/Game/ThirdPersonBP/Blueprints/ItemBlueprints/BP_Key.SKEL_BP_Key_C'
[2015.10.26-02.16.10:085][ 64]LogSavePackage: Save=323.009369ms
[2015.10.26-02.16.10:085][ 64]LogSavePackage: Moving '../../../../../../Users/ntanc_000/Desktop/DigitalHorrorGame/DigitalHorrorGame/GDDHorrorGame/Saved/ThirdPersonExampleMap4A6DCE754E96C4465FE7A4B50DA7AA6B.tmp' to '../../../../../../Users/ntanc_000/Desktop/DigitalHorrorGame/DigitalHorrorGame/GDDHorrorGame/Content/ThirdPersonBP/Maps/ThirdPersonExampleMap.umap'
[2015.10.26-02.16.10:095][ 64]LogSavePackage: Total save time: 347.249284ms
[2015.10.26-02.16.10:095][ 64]LogSavePackage:Warning: Finished SavePackage ../../../../../../Users/ntanc_000/Desktop/DigitalHorrorGame/DigitalHorrorGame/GDDHorrorGame/Content/ThirdPersonBP/Maps/ThirdPersonExampleMap.umap
[2015.10.26-02.16.14:562][264]LogSavePackage: Save=36.055443ms
[2015.10.26-02.16.14:562][264]LogSavePackage: Moving '../../../../../../Users/ntanc_000/Desktop/DigitalHorrorGame/DigitalHorrorGame/GDDHorrorGame/Saved/BP_Key1BC61EB04FF93560885297B83E937C5A.tmp' to '../../../../../../Users/ntanc_000/Desktop/DigitalHorrorGame/DigitalHorrorGame/GDDHorrorGame/Content/ThirdPersonBP/Blueprints/ItemBlueprints/BP_Key.uasset'
[2015.10.26-02.16.14:569][264]LogSavePackage: Total save time: 56.685630ms
[2015.10.26-02.16.14:569][264]LogSavePackage:Warning: Finished SavePackage ../../../../../../Users/ntanc_000/Desktop/DigitalHorrorGame/DigitalHorrorGame/GDDHorrorGame/Content/ThirdPersonBP/Blueprints/ItemBlueprints/BP_Key.uasset
[2015.10.26-02.16.17:496][402]LogBlueprintUserMessages: PostEditorRefresh for Blueprint 'BP_Key', cached variable property's owner is '/Game/ThirdPersonBP/Blueprints/ItemBlueprints/BP_Key.SKEL_BP_Key_C'
[2015.10.26-02.16.17:497][402]LogBlueprintUserMessages: Early PlayInEditor Detection: Level '/Game/ThirdPersonBP/Maps/ThirdPersonExampleMap.ThirdPersonExampleMap:PersistentLevel' has LevelScriptBlueprint '/Game/ThirdPersonBP/Maps/ThirdPersonExampleMap.ThirdPersonExampleMap:PersistentLevel.ThirdPersonExampleMap' with GeneratedClass '/Game/ThirdPersonBP/Maps/ThirdPersonExampleMap.ThirdPersonExampleMap_C' with ClassGeneratedBy '/Game/ThirdPersonBP/Maps/ThirdPersonExampleMap.ThirdPersonExampleMap:PersistentLevel.ThirdPersonExampleMap'
[2015.10.26-02.16.17:497][402]LogPlayLevel: PlayLevel: No blueprints needed recompiling
[2015.10.26-02.16.17:497][402]PIE: New page: PIE session: ThirdPersonExampleMap (Oct 25, 2015, 6:16:17 PM)
[2015.10.26-02.16.17:497][402]LogPlayLevel: Creating play world package: /Game/ThirdPersonBP/Maps/UEDPIE_0_ThirdPersonExampleMap
[2015.10.26-02.16.17:550][402]LogPlayLevel: PIE: StaticDuplicateObject took: (0.053037s)
[2015.10.26-02.16.17:551][402]LogAIModule: Creating AISystem for world ThirdPersonExampleMap
[2015.10.26-02.16.17:551][402]LogPlayLevel: PIE: World Init took: (0.001292s)
[2015.10.26-02.16.17:552][402]LogPlayLevel: PIE: Created PIE world by copying editor world from /Game/ThirdPersonBP/Maps/ThirdPersonExampleMap.ThirdPersonExampleMap to /Game/ThirdPersonBP/Maps/UEDPIE_0_ThirdPersonExampleMap.ThirdPersonExampleMap (0.054746s)
[2015.10.26-02.16.17:595][402]LogInit: XAudio2 using 'Speakers (Sound Blaster Recon3Di)' : 2 channels at 48 kHz using 32 bits per sample (channel mask 0x3)
[2015.10.26-02.16.17:602][402]LogInit: FAudioDevice initialized.
[2015.10.26-02.16.17:638][402]LogLinker:Warning: Can't find file '/Game/ThirdPersonBP/Blueprints/ThirdPersonGameMode'
[2015.10.26-02.16.17:639][402]LogLinker:Warning: Can't find file '/Game/ThirdPersonBP/Blueprints/ThirdPersonGameMode'
[2015.10.26-02.16.17:639][402]LogUObjectGlobals:Warning: Failed to find object 'Class /Game/ThirdPersonBP/Blueprints/ThirdPersonGameMode.ThirdPersonGameMode_C'
[2015.10.26-02.16.17:639][402]LogWorld: Game class is 'GameMode'
[2015.10.26-02.16.17:664][402]LogPhysics:Warning: FConstraintInstance::GetRefFrame : Contained scale.
[2015.10.26-02.16.17:664][402]LogPhysics:Warning: FConstraintInstance::GetRefFrame : Contained scale.
[2015.10.26-02.16.17:667][402]LogWorld: Bringing World /Game/ThirdPersonBP/Maps/UEDPIE_0_ThirdPersonExampleMap.ThirdPersonExampleMap up for play (max tick rate 60) at 2015.10.25-22.16.17
[2015.10.26-02.16.17:667][402]LogActor:Warning: GameSession /Game/ThirdPersonBP/Maps/UEDPIE_0_ThirdPersonExampleMap.ThirdPersonExampleMap:PersistentLevel.GameSession_2 has natively added scene component(s), but none of them were set as the actor's RootComponent - picking one arbitrarily
[2015.10.26-02.16.17:667][402]LogActor:Warning: GameNetworkManager /Game/ThirdPersonBP/Maps/UEDPIE_0_ThirdPersonExampleMap.ThirdPersonExampleMap:PersistentLevel.GameNetworkManager_2 has natively added scene component(s), but none of them were set as the actor's RootComponent - picking one arbitrarily
[2015.10.26-02.16.17:669][402]LogWorld: Bringing up level for play took: 0.028277
[2015.10.26-02.16.17:670][402]PIE: Info Play in editor start time for /Game/ThirdPersonBP/Maps/UEDPIE_0_ThirdPersonExampleMap 1.177
[2015.10.26-02.16.17:670][402]LogBlueprintUserMessages: Late PlayInEditor Detection: Level '/Game/ThirdPersonBP/Maps/ThirdPersonExampleMap.ThirdPersonExampleMap:PersistentLevel' has LevelScriptBlueprint '/Game/ThirdPersonBP/Maps/ThirdPersonExampleMap.ThirdPersonExampleMap:PersistentLevel.ThirdPersonExampleMap' with GeneratedClass '/Game/ThirdPersonBP/Maps/ThirdPersonExampleMap.ThirdPersonExampleMap_C' with ClassGeneratedBy '/Game/ThirdPersonBP/Maps/ThirdPersonExampleMap.ThirdPersonExampleMap:PersistentLevel.ThirdPersonExampleMap'
[2015.10.26-02.16.17:729][402]LogBlueprintUserMessages: CustomizeDetails for Blueprint 'BP_Key', cached variable property's owner is '/Game/ThirdPersonBP/Blueprints/ItemBlueprints/BP_Key.SKEL_BP_Key_C'
[2015.10.26-02.16.18:297][431]LogScript:Warning: Accessed None 'Physics Handle'
	ThirdPersonCharacter_C /Game/ThirdPersonBP/Maps/UEDPIE_0_ThirdPersonExampleMap.ThirdPersonExampleMap:PersistentLevel.ThirdPersonCharacter_C_2
	Function /Game/ThirdPersonBP/Blueprints/ThirdPersonCharacter.ThirdPersonCharacter_C:ExecuteUbergraph_ThirdPersonCharacter:11D2
[2015.10.26-02.16.18:297][431]PIE:Error: Error Accessed None 'Physics Handle' from node Set Target Location and Rotation in graph 'EventGraph' in blueprint ThirdPersonCharacter
[2015.10.26-02.16.18:311][432]LogScript:Warning: Accessed None 'Physics Handle'
	ThirdPersonCharacter_C /Game/ThirdPersonBP/Maps/UEDPIE_0_ThirdPersonExampleMap.ThirdPersonExampleMap:PersistentLevel.ThirdPersonCharacter_C_2
	Function /Game/ThirdPersonBP/Blueprints/ThirdPersonCharacter.ThirdPersonCharacter_C:ExecuteUbergraph_ThirdPersonCharacter:11D2
[2015.10.26-02.16.18:312][432]PIE:Error: Error Accessed None 'Physics Handle' from node Set Target Location and Rotation in graph 'EventGraph' in blueprint ThirdPersonCharacter
[2015.10.26-02.16.18:331][433]LogScript:Warning: Accessed None 'Physics Handle'
	ThirdPersonCharacter_C /Game/ThirdPersonBP/Maps/UEDPIE_0_ThirdPersonExampleMap.ThirdPersonExampleMap:PersistentLevel.ThirdPersonCharacter_C_2
	Function /Game/ThirdPersonBP/Blueprints/ThirdPersonCharacter.ThirdPersonCharacter_C:ExecuteUbergraph_ThirdPersonCharacter:11D2
[2015.10.26-02.16.18:331][433]PIE:Error: Error Accessed None 'Physics Handle' from node Set Target Location and Rotation in graph 'EventGraph' in blueprint ThirdPersonCharacter
[2015.10.26-02.16.18:352][434]LogScript:Warning: Accessed None 'Physics Handle'
	ThirdPersonCharacter_C /Game/ThirdPersonBP/Maps/UEDPIE_0_ThirdPersonExampleMap.ThirdPersonExampleMap:PersistentLevel.ThirdPersonCharacter_C_2
	Function /Game/ThirdPersonBP/Blueprints/ThirdPersonCharacter.ThirdPersonCharacter_C:ExecuteUbergraph_ThirdPersonCharacter:11D2
[2015.10.26-02.16.18:352][434]PIE:Error: Error Accessed None 'Physics Handle' from node Set Target Location and Rotation in graph 'EventGraph' in blueprint ThirdPersonCharacter
[2015.10.26-02.16.18:368][435]LogScript:Warning: Accessed None 'Physics Handle'
	ThirdPersonCharacter_C /Game/ThirdPersonBP/Maps/UEDPIE_0_ThirdPersonExampleMap.ThirdPersonExampleMap:PersistentLevel.ThirdPersonCharacter_C_2
	Function /Game/ThirdPersonBP/Blueprints/ThirdPersonCharacter.ThirdPersonCharacter_C:ExecuteUbergraph_ThirdPersonCharacter:0FB4
[2015.10.26-02.16.18:368][435]PIE:Error: Error Accessed None 'Physics Handle' from node Release Component in graph 'EventGraph' in blueprint ThirdPersonCharacter
[2015.10.26-02.16.18:368][435]PIE:Error: Error Accessed None 'Physics Object' from node Set Collision Response to Channel in graph 'EventGraph' in blueprint ThirdPersonCharacter
[2015.10.26-02.16.22:522][646]LogBlueprintUserMessages: [BP_iPhone_C_0] Picked up phone.
[2015.10.26-02.16.25:807][814]LogBlueprintUserMessages: [FirstEvent_C_0] You have a new voicemail. Press E to listen.
[2015.10.26-02.16.29:231][988]LogBlueprintUserMessages: [BP_Laptop_C_2] Who turned on my music?
[2015.10.26-02.16.37:251][397]LogBlueprintUserMessages: [BP_Laptop_C_2] Turned music off.
[2015.10.26-02.16.38:247][447]LogBlueprintUserMessages: [BP_Laptop_C_2] What was that!? I think it came from the kitchen...
[2015.10.26-02.16.47:839][936]LogBlueprintUserMessages: [BP_BrokenMug_C_2] Aww my favorite mug... I must've left it too close to the edge.
[2015.10.26-02.16.50:838][ 88]LogBlueprintUserMessages: [BP_iPhone6_C_2] Hello?
[2015.10.26-02.16.53:844][240]LogBlueprintUserMessages: [BP_iPhone6_C_2] ...wrong number?
[2015.10.26-02.17.17:329][443]LogBlueprintUserMessages: [BP_Television_C_1] Turned TV off.
[2015.10.26-02.17.31:890][182]LogBlueprintUserMessages: [BP_Photos_C_0] Something about the photos is different.
[2015.10.26-02.17.39:421][566]LogBlueprintUserMessages: [BP_Key_159] Picked up key.
[2015.10.26-02.17.48:980][ 70]LogBlueprintUserMessages: Early EndPlayMap Detection: Level '/Game/ThirdPersonBP/Maps/ThirdPersonExampleMap.ThirdPersonExampleMap:PersistentLevel' has LevelScriptBlueprint '/Game/ThirdPersonBP/Maps/ThirdPersonExampleMap.ThirdPersonExampleMap:PersistentLevel.ThirdPersonExampleMap' with GeneratedClass '/Game/ThirdPersonBP/Maps/ThirdPersonExampleMap.ThirdPersonExampleMap_C' with ClassGeneratedBy '/Game/ThirdPersonBP/Maps/ThirdPersonExampleMap.ThirdPersonExampleMap:PersistentLevel.ThirdPersonExampleMap'
[2015.10.26-02.17.48:995][ 70]LogBlueprintUserMessages: PostEditorRefresh for Blueprint 'BP_Key', cached variable property's owner is '/Game/ThirdPersonBP/Blueprints/ItemBlueprints/BP_Key.SKEL_BP_Key_C'
[2015.10.26-02.17.48:997][ 70]LogBlueprintUserMessages: PostEditorRefresh for Blueprint 'BP_Photos', cached variable property's owner is '/Game/ThirdPersonBP/Blueprints/ItemBlueprints/BP_Key.BP_Key_C'
[2015.10.26-02.17.49:036][ 70]LogBlueprintUserMessages: Late EndPlayMap Detection: Level '/Game/ThirdPersonBP/Maps/ThirdPersonExampleMap.ThirdPersonExampleMap:PersistentLevel' has LevelScriptBlueprint '/Game/ThirdPersonBP/Maps/ThirdPersonExampleMap.ThirdPersonExampleMap:PersistentLevel.ThirdPersonExampleMap' with GeneratedClass '/Game/ThirdPersonBP/Maps/ThirdPersonExampleMap.ThirdPersonExampleMap_C' with ClassGeneratedBy '/Game/ThirdPersonBP/Maps/ThirdPersonExampleMap.ThirdPersonExampleMap:PersistentLevel.ThirdPersonExampleMap'
[2015.10.26-02.17.49:074][ 70]LogParticles: Destroying 0 GPU particle simulations for FXSystem 0x00000025859F4A40
[2015.10.26-02.17.49:148][ 70]LogBlueprintUserMessages: CustomizeDetails for Blueprint 'BP_Key', cached variable property's owner is '/Game/ThirdPersonBP/Blueprints/ItemBlueprints/BP_Key.SKEL_BP_Key_C'
[2015.10.26-02.17.58:244][430]LogBlueprintUserMessages: CustomizeDetails for Blueprint 'BP_Key', cached variable property's owner is '/Game/ThirdPersonBP/Blueprints/ItemBlueprints/BP_Key.SKEL_BP_Key_C'
[2015.10.26-02.18.14:453][153]LogBlueprintUserMessages: PostEditorRefresh for Blueprint 'BP_Key', cached variable property's owner is '/Game/ThirdPersonBP/Blueprints/ItemBlueprints/BP_Key.SKEL_BP_Key_C'
[2015.10.26-02.19.49:153][726]LogBlueprintUserMessages: CustomizeDetails for Blueprint 'BP_Photos', cached variable property's owner is '/Game/ThirdPersonBP/Blueprints/ItemBlueprints/BP_Key.BP_Key_C'
[2015.10.26-02.20.02:231][320]LogBlueprintUserMessages: CustomizeDetails for Blueprint 'FifthEvent', cached variable property's owner is '/Game/ThirdPersonBP/Blueprints/EventBlueprints/FifthEvent.SKEL_FifthEvent_C'
[2015.10.26-02.20.11:556][808]LogBlueprintUserMessages: CustomizeDetails for Blueprint 'FifthEvent', cached variable property's owner is '/Game/ThirdPersonBP/Blueprints/EventBlueprints/FifthEvent.SKEL_FifthEvent_C'
[2015.10.26-02.20.12:860][875]LogBlueprintUserMessages: PostEditorRefresh for Blueprint 'FifthEvent', cached variable property's owner is '/Game/ThirdPersonBP/Blueprints/EventBlueprints/FifthEvent.SKEL_FifthEvent_C'
[2015.10.26-02.20.12:895][875]LogBlueprintUserMessages: CustomizeDetails for Blueprint 'FifthEvent', cached variable property's owner is '/Game/ThirdPersonBP/Blueprints/EventBlueprints/FifthEvent.SKEL_FifthEvent_C'
[2015.10.26-02.20.27:469][559]LogEditorViewport: Clicking on Actor (LMB): StaticMeshActor (remote)
[2015.10.26-02.20.43:965][375]LogBlueprintUserMessages: PostEditorRefresh for Blueprint 'FifthEvent', cached variable property's owner is '/Game/ThirdPersonBP/Blueprints/EventBlueprints/FifthEvent.SKEL_FifthEvent_C'
[2015.10.26-02.20.43:974][375]LogBlueprintUserMessages: PostEditorRefresh for Blueprint 'FifthEvent', cached variable property's owner is '/Game/ThirdPersonBP/Blueprints/EventBlueprints/FifthEvent.SKEL_FifthEvent_C'
[2015.10.26-02.20.43:983][375]LogBlueprintUserMessages: PostEditorRefresh for Blueprint 'FifthEvent', cached variable property's owner is '/Game/ThirdPersonBP/Blueprints/EventBlueprints/FifthEvent.SKEL_FifthEvent_C'
[2015.10.26-02.20.44:014][375]LogBlueprintUserMessages: CustomizeDetails for Blueprint 'FifthEvent', cached variable property's owner is '/Game/ThirdPersonBP/Blueprints/EventBlueprints/FifthEvent.SKEL_FifthEvent_C'
[2015.10.26-02.20.50:692][699]LogBlueprintUserMessages: PostEditorRefresh for Blueprint 'FifthEvent', cached variable property's owner is '/Game/ThirdPersonBP/Blueprints/EventBlueprints/FifthEvent.SKEL_FifthEvent_C'
[2015.10.26-02.20.50:726][699]LogBlueprintUserMessages: CustomizeDetails for Blueprint 'FifthEvent', cached variable property's owner is '/Game/ThirdPersonBP/Blueprints/EventBlueprints/FifthEvent.SKEL_FifthEvent_C'
[2015.10.26-02.20.55:404][905]LogBlueprintUserMessages: CustomizeDetails for Blueprint 'FifthEvent', cached variable property's owner is '/Game/ThirdPersonBP/Blueprints/EventBlueprints/FifthEvent.SKEL_FifthEvent_C'
[2015.10.26-02.20.56:344][949]LogBlueprintUserMessages: CustomizeDetails for Blueprint 'FifthEvent', cached variable property's owner is '/Game/ThirdPersonBP/Blueprints/EventBlueprints/FifthEvent.SKEL_FifthEvent_C'
[2015.10.26-02.21.16:117][795]BlueprintLog: New page: Compile FifthEvent
[2015.10.26-02.21.16:197][795]LogActorComponent: UnregisterComponent: (/Engine/Transient.CharMoveComp) Not registered. Aborting.
[2015.10.26-02.21.16:239][795]BlueprintEditorCompileResults: Info [1204.87] Compile of FifthEvent successful! [in 122 ms]
[2015.10.26-02.21.17:063][831]LogSavePackage: Save=29.881872ms
[2015.10.26-02.21.17:063][831]LogSavePackage: Moving '../../../../../../Users/ntanc_000/Desktop/DigitalHorrorGame/DigitalHorrorGame/GDDHorrorGame/Saved/FifthEvent5D9C6FC445A3EFA5BAA4C180DCBA6E37.tmp' to '../../../../../../Users/ntanc_000/Desktop/DigitalHorrorGame/DigitalHorrorGame/GDDHorrorGame/Content/ThirdPersonBP/Blueprints/EventBlueprints/FifthEvent.uasset'
[2015.10.26-02.21.17:071][831]LogSavePackage: Total save time: 54.726291ms
[2015.10.26-02.21.17:071][831]LogSavePackage:Warning: Finished SavePackage ../../../../../../Users/ntanc_000/Desktop/DigitalHorrorGame/DigitalHorrorGame/GDDHorrorGame/Content/ThirdPersonBP/Blueprints/EventBlueprints/FifthEvent.uasset
[2015.10.26-02.21.20:477][ 11]Cmd: CAMERA ALIGN ACTIVEVIEWPORTONLY
[2015.10.26-02.21.33:621][678]LogSavePackage: Save=321.251007ms
[2015.10.26-02.21.33:621][678]LogSavePackage: Moving '../../../../../../Users/ntanc_000/Desktop/DigitalHorrorGame/DigitalHorrorGame/GDDHorrorGame/Saved/ThirdPersonExampleMapD9CFC0D84F6C71A02A368C99BB362551.tmp' to '../../../../../../Users/ntanc_000/Desktop/DigitalHorrorGame/DigitalHorrorGame/GDDHorrorGame/Content/ThirdPersonBP/Maps/ThirdPersonExampleMap.umap'
[2015.10.26-02.21.33:632][678]LogSavePackage: Total save time: 352.105066ms
[2015.10.26-02.21.33:632][678]LogSavePackage:Warning: Finished SavePackage ../../../../../../Users/ntanc_000/Desktop/DigitalHorrorGame/DigitalHorrorGame/GDDHorrorGame/Content/ThirdPersonBP/Maps/ThirdPersonExampleMap.umap
[2015.10.26-02.21.39:489][985]LogActorComponent: UnregisterComponent: (/Engine/Transient.EditorFloorComp) Not registered. Aborting.
[2015.10.26-02.21.39:567][985]LogActorComponent: UnregisterComponent: (/Engine/Transient.EditorFloorComp) Not registered. Aborting.
[2015.10.26-02.21.39:637][985]LogActorComponent: UnregisterComponent: (/Engine/Transient.EditorFloorComp) Not registered. Aborting.
[2015.10.26-02.21.47:219][166]LogParticles: Destroying 0 GPU particle simulations for FXSystem 0x000000253665DE40
[2015.10.26-02.21.47:220][166]LogParticles: Destroying 0 GPU particle simulations for FXSystem 0x000000252CB34A40
[2015.10.26-02.21.47:222][166]LogParticles: Destroying 0 GPU particle simulations for FXSystem 0x0000002562EDA020
[2015.10.26-02.21.47:223][166]LogParticles: Destroying 0 GPU particle simulations for FXSystem 0x000000256F0716C0
[2015.10.26-02.21.47:367][166]LogWindowsTextInputMethodSystem:Display: IME system now deactivated.
[2015.10.26-02.21.47:370][166]LogWindowsTextInputMethodSystem:Display: IME system now deactivated.
[2015.10.26-02.21.47:729][167]Cmd: QUIT_EDITOR
[2015.10.26-02.21.48:153][167]LogExit: Preparing to exit.
[2015.10.26-02.21.49:220][167]LogExit: Editor shut down
[2015.10.26-02.21.49:220][167]LogExit: Transaction tracking system shut down
[2015.10.26-02.21.49:243][167]LogParticles: Destroying 0 GPU particle simulations for FXSystem 0x0000002551005620
[2015.10.26-02.21.49:244][167]LogParticles: Destroying 0 GPU particle simulations for FXSystem 0x000000255B6C7D80
[2015.10.26-02.21.49:244][167]LogParticles: Destroying 0 GPU particle simulations for FXSystem 0x000000255B7A84A0
[2015.10.26-02.21.49:245][167]LogParticles: Destroying 0 GPU particle simulations for FXSystem 0x000000255B671A80
[2015.10.26-02.21.49:245][167]LogParticles: Destroying 0 GPU particle simulations for FXSystem 0x000000255B671BC0
[2015.10.26-02.21.49:504][167]LogExit: Object subsystem successfully closed.
[2015.10.26-02.21.49:527][167]LogD3D11RHI: Shutdown
[2015.10.26-02.21.49:527][167]LogD3D11RHI: CleanupD3DDevice
[2015.10.26-02.21.49:646][167]LogD3D11RHI: ~FD3D11DynamicRHI
[2015.10.26-02.21.49:688][167]LogModuleManager: Shutting down and abandoning module BlueprintGraph (198)
[2015.10.26-02.21.49:688][167]LogModuleManager: Shutting down and abandoning module CrashTracker (197)
[2015.10.26-02.21.49:688][167]LogModuleManager: Shutting down and abandoning module SceneOutliner (196)
[2015.10.26-02.21.49:688][167]LogModuleManager: Shutting down and abandoning module SuperSearch (195)
[2015.10.26-02.21.49:688][167]LogModuleManager: Shutting down and abandoning module WidgetCarousel (194)
[2015.10.26-02.21.49:688][167]LogModuleManager: Shutting down and abandoning module AddContentDialog (193)
[2015.10.26-02.21.49:689][167]LogModuleManager: Shutting down and abandoning module EditorWidgets (192)
[2015.10.26-02.21.49:689][167]LogModuleManager: Shutting down and abandoning module CollectionManager (191)
[2015.10.26-02.21.49:690][167]LogModuleManager: Shutting down and abandoning module StatsViewer (190)
[2015.10.26-02.21.49:690][167]LogModuleManager: Shutting down and abandoning module FoliageEdit (189)
[2015.10.26-02.21.49:690][167]LogModuleManager: Shutting down and abandoning module LandscapeEditor (188)
[2015.10.26-02.21.49:691][167]LogModuleManager: Shutting down and abandoning module ActorPickerMode (187)
[2015.10.26-02.21.49:691][167]LogModuleManager: Shutting down and abandoning module GeometryMode (186)
[2015.10.26-02.21.49:691][167]LogModuleManager: Shutting down and abandoning module TextureAlignMode (185)
[2015.10.26-02.21.49:691][167]LogModuleManager: Shutting down and abandoning module BspMode (184)
[2015.10.26-02.21.49:691][167]LogModuleManager: Shutting down and abandoning module PlacementMode (183)
[2015.10.26-02.21.49:691][167]LogModuleManager: Shutting down and abandoning module AutomationWorker (182)
[2015.10.26-02.21.49:691][167]LogModuleManager: Shutting down and abandoning module CharacterAI (181)
[2015.10.26-02.21.49:691][167]LogModuleManager: Shutting down and abandoning module SmartSnapping (180)
[2015.10.26-02.21.49:691][167]LogModuleManager: Shutting down and abandoning module ViewportSnapping (179)
[2015.10.26-02.21.49:691][167]LogModuleManager: Shutting down and abandoning module LogVisualizer (178)
[2015.10.26-02.21.49:692][167]LogModuleManager: Shutting down and abandoning module GameProjectGeneration (177)
[2015.10.26-02.21.49:692][167]LogModuleManager: Shutting down and abandoning module IntroTutorials (176)
[2015.10.26-02.21.49:694][167]LogModuleManager: Shutting down and abandoning module EditorLiveStreaming (175)
[2015.10.26-02.21.49:694][167]LogModuleManager: Shutting down and abandoning module IOSPlatformEditor (174)
[2015.10.26-02.21.49:694][167]LogModuleManager: Shutting down and abandoning module HTML5PlatformEditor (173)
[2015.10.26-02.21.49:694][167]LogModuleManager: Shutting down and abandoning module AndroidDeviceDetection (172)
[2015.10.26-02.21.50:249][167]LogModuleManager: Shutting down and abandoning module AndroidPlatformEditor (171)
[2015.10.26-02.21.50:249][167]LogModuleManager: Shutting down and abandoning module IOSRuntimeSettings (170)
[2015.10.26-02.21.50:249][167]LogModuleManager: Shutting down and abandoning module AndroidRuntimeSettings (169)
[2015.10.26-02.21.50:249][167]LogModuleManager: Shutting down and abandoning module MergeActors (168)
[2015.10.26-02.21.50:249][167]LogModuleManager: Shutting down and abandoning module SizeMap (167)
[2015.10.26-02.21.50:249][167]LogModuleManager: Shutting down and abandoning module TreeMap (166)
[2015.10.26-02.21.50:249][167]LogModuleManager: Shutting down and abandoning module ReferenceViewer (165)
[2015.10.26-02.21.50:249][167]LogModuleManager: Shutting down and abandoning module LocalizationService (164)
[2015.10.26-02.21.50:249][167]LogModuleManager: Shutting down and abandoning module LocalizationDashboard (163)
[2015.10.26-02.21.50:250][167]LogModuleManager: Shutting down and abandoning module HardwareTargeting (162)
[2015.10.26-02.21.50:250][167]LogModuleManager: Shutting down and abandoning module DeviceProfileEditor (161)
[2015.10.26-02.21.50:250][167]LogModuleManager: Shutting down and abandoning module UndoHistory (160)
[2015.10.26-02.21.50:250][167]LogModuleManager: Shutting down and abandoning module GameplayTagsEditor (159)
[2015.10.26-02.21.50:250][167]LogModuleManager: Shutting down and abandoning module UserFeedback (158)
[2015.10.26-02.21.50:250][167]LogModuleManager: Shutting down and abandoning module XmlParser (157)
[2015.10.26-02.21.50:250][167]LogModuleManager: Shutting down and abandoning module Blutility (156)
[2015.10.26-02.21.50:250][167]LogModuleManager: Shutting down and abandoning module ProjectTargetPlatformEditor (155)
[2015.10.26-02.21.50:250][167]LogModuleManager: Shutting down and abandoning module ProjectSettingsViewer (154)
[2015.10.26-02.21.50:251][167]LogModuleManager: Shutting down and abandoning module InputBindingEditor (153)
[2015.10.26-02.21.50:251][167]LogModuleManager: Shutting down and abandoning module EditorSettingsViewer (152)
[2015.10.26-02.21.50:251][167]LogModuleManager: Shutting down and abandoning module SettingsEditor (151)
[2015.10.26-02.21.50:251][167]LogModuleManager: Shutting down and abandoning module ProjectLauncher (150)
[2015.10.26-02.21.50:253][167]LogModuleManager: Shutting down and abandoning module SessionFrontend (149)
[2015.10.26-02.21.50:254][167]LogModuleManager: Shutting down and abandoning module ProfilerClient (148)
[2015.10.26-02.21.50:254][167]LogModuleManager: Shutting down and abandoning module TargetDeviceServices (147)
[2015.10.26-02.21.50:254][167]LogModuleManager: Shutting down and abandoning module DeviceManager (146)
[2015.10.26-02.21.50:254][167]LogModuleManager: Shutting down and abandoning module AutomationController (145)
[2015.10.26-02.21.50:254][167]LogModuleManager: Shutting down and abandoning module AutomationWindow (144)
[2015.10.26-02.21.50:255][167]LogModuleManager: Shutting down and abandoning module Layers (143)
[2015.10.26-02.21.50:255][167]LogModuleManager: Shutting down and abandoning module ComponentVisualizers (142)
[2015.10.26-02.21.50:255][167]LogModuleManager: Shutting down and abandoning module DetailCustomizations (141)
[2015.10.26-02.21.50:255][167]LogModuleManager: Shutting down and abandoning module PackagesDialog (140)
[2015.10.26-02.21.50:256][167]LogModuleManager: Shutting down and abandoning module Persona (139)
[2015.10.26-02.21.50:257][167]LogModuleManager: Shutting down and abandoning module Kismet (138)
[2015.10.26-02.21.50:257][167]LogModuleManager: Shutting down and abandoning module GraphEditor (137)
[2015.10.26-02.21.50:257][167]LogModuleManager: Shutting down and abandoning module ClassViewer (136)
[2015.10.26-02.21.50:257][167]LogModuleManager: Shutting down and abandoning module Toolbox (135)
[2015.10.26-02.21.50:257][167]LogModuleManager: Shutting down and abandoning module ModuleUI (134)
[2015.10.26-02.21.50:257][167]LogModuleManager: Shutting down and abandoning module MovieSceneTools (133)
[2015.10.26-02.21.50:257][167]LogModuleManager: Shutting down and abandoning module OutputLog (132)
[2015.10.26-02.21.50:257][167]LogModuleManager: Shutting down and abandoning module GammaUI (131)
[2015.10.26-02.21.50:257][167]LogModuleManager: Shutting down and abandoning module Documentation (130)
[2015.10.26-02.21.50:257][167]LogModuleManager: Shutting down and abandoning module GameLiveStreaming (129)
[2015.10.26-02.21.50:257][167]LogModuleManager: Shutting down and abandoning module StreamingPauseRendering (128)
[2015.10.26-02.21.50:257][167]LogModuleManager: Shutting down and abandoning module AnalyticsET (127)
[2015.10.26-02.21.50:257][167]LogModuleManager: Shutting down and abandoning module Analytics (126)
[2015.10.26-02.21.50:257][167]LogModuleManager: Shutting down and abandoning module AITestSuite (125)
[2015.10.26-02.21.50:257][167]LogModuleManager: Shutting down and abandoning module GameplayDebugger (124)
[2015.10.26-02.21.50:257][167]LogModuleManager: Shutting down and abandoning module AIModule (123)
[2015.10.26-02.21.50:257][167]LogModuleManager: Shutting down and abandoning module ProfilerService (122)
[2015.10.26-02.21.50:263][167]LogModuleManager: Shutting down and abandoning module TaskGraph (121)
[2015.10.26-02.21.50:263][167]LogModuleManager: Shutting down and abandoning module SlateRemote (120)
[2015.10.26-02.21.50:263][167]LogModuleManager: Shutting down and abandoning module SteamVRController (119)
[2015.10.26-02.21.50:263][167]LogModuleManager: Shutting down and abandoning module SteamVR (118)
[2015.10.26-02.21.50:263][167]LogModuleManager: Shutting down and abandoning module ProceduralMeshComponent (117)
[2015.10.26-02.21.50:263][167]LogModuleManager: Shutting down and abandoning module OculusRift (116)
[2015.10.26-02.21.50:263][167]LogModuleManager: Shutting down and abandoning module OculusLibrary (115)
[2015.10.26-02.21.50:263][167]LogModuleManager: Shutting down and abandoning module LeapMotionController (114)
[2015.10.26-02.21.50:292][167]LogModuleManager: Shutting down and abandoning module CustomMeshComponent (113)
[2015.10.26-02.21.50:292][167]LogModuleManager: Shutting down and abandoning module CableComponent (112)
[2015.10.26-02.21.50:292][167]LogModuleManager: Shutting down and abandoning module ArchVisCharacter (111)
[2015.10.26-02.21.50:292][167]LogModuleManager: Shutting down and abandoning module MessagingDebugger (110)
[2015.10.26-02.21.50:295][167]LogModuleManager: Shutting down and abandoning module MediaPlayerEditor (109)
[2015.10.26-02.21.50:297][167]LogModuleManager: Shutting down and abandoning module HTML5Networking (108)
[2015.10.26-02.21.50:297][167]LogModuleManager: Shutting down and abandoning module SpeedTreeImporter (107)
[2015.10.26-02.21.50:297][167]LogModuleManager: Shutting down and abandoning module PluginBrowser (106)
[2015.10.26-02.21.50:297][167]LogModuleManager: Shutting down and abandoning module EpicSurvey (105)
[2015.10.26-02.21.50:297][167]LogModuleManager: Shutting down and abandoning module DesktopPlatform (104)
[2015.10.26-02.21.50:297][167]LogModuleManager: Shutting down and abandoning module VisualStudioSourceCodeAccess (103)
[2015.10.26-02.21.50:297][167]LogModuleManager: Shutting down and abandoning module UObjectPlugin (102)
[2015.10.26-02.21.50:297][167]LogModuleManager: Shutting down and abandoning module SubversionSourceControl (101)
[2015.10.26-02.21.50:297][167]LogModuleManager: Shutting down and abandoning module PerforceSourceControl (100)
[2015.10.26-02.21.50:297][167]LogModuleManager: Shutting down and abandoning module SourceControl (99)
[2015.10.26-02.21.50:297][167]LogModuleManager: Shutting down and abandoning module GitSourceControl (98)
[2015.10.26-02.21.50:297][167]LogModuleManager: Shutting down and abandoning module LightPropagationVolumeEditor (97)
[2015.10.26-02.21.50:297][167]LogModuleManager: Shutting down and abandoning module PaperTiledImporter (96)
[2015.10.26-02.21.50:297][167]LogModuleManager: Shutting down and abandoning module PaperSpriteSheetImporter (95)
[2015.10.26-02.21.50:297][167]LogModuleManager: Shutting down and abandoning module MeshPaint (94)
[2015.10.26-02.21.50:298][167]LogModuleManager: Shutting down and abandoning module SlateReflector (93)
[2015.10.26-02.21.50:298][167]LogModuleManager: Shutting down and abandoning module HotReload (92)
[2015.10.26-02.21.50:298][167]LogModuleManager: Shutting down and abandoning module MainFrame (91)
[2015.10.26-02.21.50:299][167]LogModuleManager: Shutting down and abandoning module LevelEditor (90)
[2015.10.26-02.21.50:300][167]LogModuleManager: Shutting down and abandoning module DirectoryWatcher (89)
[2015.10.26-02.21.50:301][167]LogModuleManager: Shutting down and abandoning module AssetRegistry (88)
[2015.10.26-02.21.50:367][167]LogModuleManager: Shutting down and abandoning module ContentBrowser (87)
[2015.10.26-02.21.50:367][167]LogModuleManager: Shutting down and abandoning module Paper2DEditor (86)
[2015.10.26-02.21.50:367][167]LogModuleManager: Shutting down and abandoning module UdpMessaging (85)
[2015.10.26-02.21.50:468][167]LogModuleManager: Shutting down and abandoning module LightPropagationVolumeRuntime (84)
[2015.10.26-02.21.50:468][167]LogModuleManager: Shutting down and abandoning module Paper2D (83)
[2015.10.26-02.21.50:468][167]LogModuleManager: Shutting down and abandoning module WindowsMoviePlayer (82)
[2015.10.26-02.21.50:479][167]LogModuleManager: Shutting down and abandoning module Media (81)
[2015.10.26-02.21.50:479][167]LogModuleManager: Shutting down and abandoning module WmfMedia (80)
[2015.10.26-02.21.50:480][167]LogModuleManager: Shutting down and abandoning module OnlineBlueprintSupport (79)
[2015.10.26-02.21.50:480][167]LogModuleManager: Shutting down and abandoning module GameplayTasksEditor (78)
[2015.10.26-02.21.50:480][167]LogModuleManager: Shutting down and abandoning module PropertyEditor (77)
[2015.10.26-02.21.50:480][167]LogModuleManager: Shutting down and abandoning module BehaviorTreeEditor (76)
[2015.10.26-02.21.50:482][167]LogModuleManager: Shutting down and abandoning module FunctionalTesting (75)
[2015.10.26-02.21.50:482][167]LogModuleManager: Shutting down and abandoning module CollisionAnalyzer (74)
[2015.10.26-02.21.50:482][167]LogModuleManager: Shutting down and abandoning module WorkspaceMenuStructure (73)
[2015.10.26-02.21.50:482][167]LogModuleManager: Shutting down and abandoning module MessageLog (72)
[2015.10.26-02.21.50:482][167]LogModuleManager: Shutting down and abandoning module Sequencer (71)
[2015.10.26-02.21.50:484][167]LogModuleManager: Shutting down and abandoning module AssetTools (70)
[2015.10.26-02.21.50:486][167]LogModuleManager: Shutting down and abandoning module UMGEditor (69)
[2015.10.26-02.21.50:486][167]LogModuleManager: Shutting down and abandoning module UMG (68)
[2015.10.26-02.21.50:486][167]LogModuleManager: Shutting down and abandoning module Slate (67)
[2015.10.26-02.21.50:486][167]LogModuleManager: Shutting down and abandoning module EditorStyle (66)
[2015.10.26-02.21.50:492][167]LogModuleManager: Shutting down and abandoning module SessionServices (65)
[2015.10.26-02.21.50:492][167]LogModuleManager: Shutting down and abandoning module SourceCodeAccess (64)
[2015.10.26-02.21.50:492][167]LogModuleManager: Shutting down and abandoning module HeadMountedDisplay (63)
[2015.10.26-02.21.50:492][167]LogModuleManager: Shutting down and abandoning module XAudio2 (62)
[2015.10.26-02.21.50:492][167]LogModuleManager: Shutting down and abandoning module Networking (60)
[2015.10.26-02.21.50:492][167]LogModuleManager: Shutting down and abandoning module Core (59)
[2015.10.26-02.21.50:492][167]LogModuleManager: Shutting down and abandoning module KismetCompiler (58)
[2015.10.26-02.21.50:492][167]LogModuleManager: Shutting down and abandoning module PhysXFormats (57)
[2015.10.26-02.21.50:492][167]LogModuleManager: Shutting down and abandoning module MeshUtilities (56)
[2015.10.26-02.21.50:492][167]LogModuleManager: Shutting down and abandoning module CookingStats (55)
[2015.10.26-02.21.50:497][167]LogModuleManager: Shutting down and abandoning module DerivedDataCache (54)
[2015.10.26-02.21.50:554][167]LogDerivedDataCache: Shutdown
[2015.10.26-02.21.50:554][167]LogModuleManager: Shutting down and abandoning module ShaderFormatOpenGL (53)
[2015.10.26-02.21.50:561][167]LogModuleManager: Shutting down and abandoning module ShaderFormatD3D (52)
[2015.10.26-02.21.50:561][167]LogModuleManager: Shutting down and abandoning module MetalShaderFormat (51)
[2015.10.26-02.21.50:562][167]LogModuleManager: Shutting down and abandoning module TextureFormatUncompressed (50)
[2015.10.26-02.21.50:562][167]LogModuleManager: Shutting down and abandoning module TextureFormatPVR (49)
[2015.10.26-02.21.50:562][167]LogModuleManager: Shutting down and abandoning module TextureFormatIntelISPCTexComp (48)
[2015.10.26-02.21.50:562][167]LogModuleManager: Shutting down and abandoning module TextureFormatDXT (47)
[2015.10.26-02.21.50:562][167]LogModuleManager: Shutting down and abandoning module ImageWrapper (46)
[2015.10.26-02.21.50:562][167]LogModuleManager: Shutting down and abandoning module TextureFormatASTC (45)
[2015.10.26-02.21.50:562][167]LogModuleManager: Shutting down and abandoning module TextureFormatAndroid (44)
[2015.10.26-02.21.50:562][167]LogModuleManager: Shutting down and abandoning module AudioFormatOpus (43)
[2015.10.26-02.21.50:562][167]LogModuleManager: Shutting down and abandoning module AudioFormatOgg (42)
[2015.10.26-02.21.50:562][167]LogModuleManager: Shutting down and abandoning module AudioFormatADPCM (41)
[2015.10.26-02.21.50:562][167]LogModuleManager: Shutting down and abandoning module LinuxTargetPlatform (40)
[2015.10.26-02.21.50:562][167]LogModuleManager: Shutting down and abandoning module LinuxServerTargetPlatform (39)
[2015.10.26-02.21.50:562][167]LogModuleManager: Shutting down and abandoning module LinuxNoEditorTargetPlatform (38)
[2015.10.26-02.21.50:562][167]LogModuleManager: Shutting down and abandoning module Messaging (37)
[2015.10.26-02.21.50:562][167]LogModuleManager: Shutting down and abandoning module IOSTargetPlatform (36)
[2015.10.26-02.21.50:562][167]LogModuleManager: Shutting down and abandoning module HTML5TargetPlatform (35)
[2015.10.26-02.21.50:562][167]LogModuleManager: Shutting down and abandoning module Android_PVRTCTargetPlatform (34)
[2015.10.26-02.21.50:562][167]LogModuleManager: Shutting down and abandoning module Android_ETC2TargetPlatform (33)
[2015.10.26-02.21.50:562][167]LogModuleManager: Shutting down and abandoning module Android_ETC1TargetPlatform (32)
[2015.10.26-02.21.50:562][167]LogModuleManager: Shutting down and abandoning module Android_DXTTargetPlatform (31)
[2015.10.26-02.21.50:562][167]LogModuleManager: Shutting down and abandoning module Android_ATCTargetPlatform (30)
[2015.10.26-02.21.50:562][167]LogModuleManager: Shutting down and abandoning module Android_ASTCTargetPlatform (29)
[2015.10.26-02.21.50:562][167]LogModuleManager: Shutting down and abandoning module AndroidTargetPlatform (28)
[2015.10.26-02.21.50:562][167]LogModuleManager: Shutting down and abandoning module WindowsTargetPlatform (27)
[2015.10.26-02.21.50:562][167]LogModuleManager: Shutting down and abandoning module WindowsServerTargetPlatform (26)
[2015.10.26-02.21.50:562][167]LogModuleManager: Shutting down and abandoning module WindowsNoEditorTargetPlatform (25)
[2015.10.26-02.21.50:562][167]LogModuleManager: Shutting down and abandoning module WindowsClientTargetPlatform (24)
[2015.10.26-02.21.50:563][167]LogModuleManager: Shutting down and abandoning module AllDesktopTargetPlatform (23)
[2015.10.26-02.21.50:563][167]LogModuleManager: Shutting down and abandoning module TargetPlatform (22)
[2015.10.26-02.21.50:563][167]LogModuleManager: Shutting down and abandoning module InputCore (21)
[2015.10.26-02.21.50:563][167]LogModuleManager: Shutting down and abandoning module Settings (20)
[2015.10.26-02.21.50:563][167]LogModuleManager: Shutting down and abandoning module OnlineSubsystem (18)
[2015.10.26-02.21.50:563][167]LogModuleManager: Shutting down and abandoning module HTTP (17)
[2015.10.26-02.21.51:565][167]LogModuleManager: Shutting down and abandoning module XMPP (16)
[2015.10.26-02.21.51:568][167]LogModuleManager: Shutting down and abandoning module ExampleDeviceProfileSelector (15)
[2015.10.26-02.21.51:568][167]LogModuleManager: Shutting down and abandoning module TextureCompressor (14)
[2015.10.26-02.21.51:569][167]LogModuleManager: Shutting down and abandoning module ShaderCore (13)
[2015.10.26-02.21.51:569][167]LogModuleManager: Shutting down and abandoning module Landscape (12)
[2015.10.26-02.21.51:569][167]LogModuleManager: Shutting down and abandoning module SlateRHIRenderer (11)
[2015.10.26-02.21.51:579][167]LogModuleManager: Shutting down and abandoning module OpenGLDrv (10)
[2015.10.26-02.21.51:580][167]LogModuleManager: Shutting down and abandoning module D3D11RHI (9)
[2015.10.26-02.21.51:580][167]LogModuleManager: Shutting down and abandoning module AnimGraphRuntime (8)
[2015.10.26-02.21.51:580][167]LogModuleManager: Shutting down and abandoning module Renderer (7)
[2015.10.26-02.21.51:580][167]LogModuleManager: Shutting down and abandoning module Engine (6)
[2015.10.26-02.21.51:580][167]LogModuleManager: Shutting down and abandoning module CoreUObject (5)
[2015.10.26-02.21.51:580][167]LogModuleManager: Shutting down and abandoning module NetworkFile (4)
[2015.10.26-02.21.51:580][167]LogModuleManager: Shutting down and abandoning module StreamingFile (3)
[2015.10.26-02.21.51:580][167]LogModuleManager: Shutting down and abandoning module SandboxFile (2)
[2015.10.26-02.21.51:580][167]LogModuleManager: Shutting down and abandoning module PakFile (1)
[2015.10.26-02.21.51:582][167]LogExit: Exiting.
[2015.10.26-02.21.51:584][167]Log file closed, 10/25/15 22:21:51
