[2015.10.21-02.50.05:754][  0]Log file open, 10/20/15 22:50:05
[2015.10.21-02.50.05:754][  0]LogInit:Display: Running engine for game: GDDHorrorGame
[2015.10.21-02.50.05:754][  0]LogInit:Display: RandInit(1179115706) SRandInit(1179115707).
[2015.10.21-02.50.05:754][  0]LogTaskGraph: Started task graph with 4 named threads and 7 total threads.
[2015.10.21-02.50.05:754][  0]LogStats: Stats thread started at 0.087345
[2015.10.21-02.50.05:754][  0]LogInit: Version: 4.9.2-2707645+++depot+UE4-Releases+4.9
[2015.10.21-02.50.05:754][  0]LogInit: API Version: 2672455
[2015.10.21-02.50.05:754][  0]LogInit: Compiled (64-bit): Sep 28 2015 10:25:44
[2015.10.21-02.50.05:754][  0]LogInit: Compiled with Visual C++: 18.00.21005.01
[2015.10.21-02.50.05:754][  0]LogInit: Build Configuration: Development
[2015.10.21-02.50.05:754][  0]LogInit: Branch Name: ++depot+UE4-Releases+4.9
[2015.10.21-02.50.05:754][  0]LogInit: Command line: 
[2015.10.21-02.50.05:754][  0]LogInit: Base directory: C:/Program Files/Epic Games/4.9/Engine/Binaries/Win64/
[2015.10.21-02.50.05:754][  0]LogInit: Rocket: 1
[2015.10.21-02.50.05:767][  0]LogInit: Using libcurl 7.41.0
[2015.10.21-02.50.05:767][  0]LogInit:  - built for x86_64-pc-win32
[2015.10.21-02.50.05:767][  0]LogInit:  - supports SSL with WinSSL
[2015.10.21-02.50.05:767][  0]LogInit:  - other features:
[2015.10.21-02.50.05:767][  0]LogInit:      CURL_VERSION_SSL
[2015.10.21-02.50.05:767][  0]LogInit:      CURL_VERSION_IPV6
[2015.10.21-02.50.05:768][  0]LogInit:      CURL_VERSION_ASYNCHDNS
[2015.10.21-02.50.05:768][  0]LogInit:      CURL_VERSION_LARGEFILE
[2015.10.21-02.50.05:768][  0]LogInit:      CURL_VERSION_IDN
[2015.10.21-02.50.05:768][  0]LogInit:  CurlRequestOptions (configurable via config and command line):
[2015.10.21-02.50.05:768][  0]LogInit:  - bVerifyPeer = true  - Libcurl will verify peer certificate
[2015.10.21-02.50.05:768][  0]LogInit:  - bUseHttpProxy = false  - Libcurl will NOT use HTTP proxy
[2015.10.21-02.50.05:768][  0]LogInit:  - bDontReuseConnections = false  - Libcurl will reuse connections
[2015.10.21-02.50.05:768][  0]LogInit:  - CertBundlePath = nullptr  - Libcurl will use whatever was configured at build time.
[2015.10.21-02.50.05:777][  0]LogInit: Presizing for 0 objects not considered by GC, pre-allocating 0 bytes.
[2015.10.21-02.50.05:785][  0]LogInit: Object subsystem initialized
[2015.10.21-02.50.05:787][  0]LogInit: Selected Device Profile: [Windows]
[2015.10.21-02.50.05:787][  0]LogInit: Applying CVar settings loaded from the selected device profile: [Windows]
[2015.10.21-02.50.05:798][  0]LogInit: Computer: ASUS
[2015.10.21-02.50.05:798][  0]LogInit: User: N76VJ
[2015.10.21-02.50.05:798][  0]LogInit: CPU Page size=4096, Cores=4
[2015.10.21-02.50.05:798][  0]LogInit: High frequency timer resolution =2.338449 MHz
[2015.10.21-02.50.05:798][  0]LogMemory: Memory total: Physical=11.9GB (12GB approx)
[2015.10.21-02.50.05:798][  0]LogMemory: Platform Memory Stats for Windows
[2015.10.21-02.50.05:798][  0]LogMemory: Process Physical Memory: 55.18 MB used, 55.18 MB peak
[2015.10.21-02.50.05:798][  0]LogMemory: Process Virtual Memory: 55.41 MB used, 55.41 MB peak
[2015.10.21-02.50.05:798][  0]LogMemory: Physical Memory: 4714.14 MB used, 12173.58 MB total
[2015.10.21-02.50.05:798][  0]LogMemory: Virtual Memory: 365.59 MB used, 134217728.00 MB total
[2015.10.21-02.50.05:855][  0]LogTextLocalizationManager: No specific translations for ('en-US') exist, so ('en') translations will be used.
[2015.10.21-02.50.06:637][  0]LogD3D11RHI: Found D3D11 adapter 0: Intel(R) HD Graphics 4000 (Feature Level 11_0)
[2015.10.21-02.50.06:637][  0]LogD3D11RHI: Adapter has 32MB of dedicated video memory, 0MB of dedicated system memory, and 1760MB of shared system memory, 1 output[s]
[2015.10.21-02.50.06:655][  0]LogD3D11RHI: Found D3D11 adapter 1: NVIDIA GeForce GT 635M       (Feature Level 11_0)
[2015.10.21-02.50.06:655][  0]LogD3D11RHI: Adapter has 1996MB of dedicated video memory, 0MB of dedicated system memory, and 2047MB of shared system memory, 0 output[s]
[2015.10.21-02.50.06:658][  0]LogD3D11RHI: Found D3D11 adapter 2: Microsoft Basic Render Driver (Feature Level 11_0)
[2015.10.21-02.50.06:659][  0]LogD3D11RHI: Adapter has 0MB of dedicated video memory, 0MB of dedicated system memory, and 6086MB of shared system memory, 0 output[s]
[2015.10.21-02.50.06:659][  0]LogD3D11RHI: Chosen D3D11 Adapter Id = 0
[2015.10.21-02.50.06:667][  0]LogD3D11RHI: !Direct3DDevice
[2015.10.21-02.50.06:667][  0]LogRHI: Texture pool is 1361 MB (70% of 1945 MB)
[2015.10.21-02.50.06:682][  0]LogD3D11RHI: Async texture creation enabled
[2015.10.21-02.50.06:699][  0]LogShaderCompilers: Guid format shader working directory is 14 characters bigger than the processId version (../../../../../../Users/N76VJ/Documents/RIT/GDD II/DigitalHorrorGame/GDDHorrorGame/Intermediate/Shaders/WorkingDirectory/10476/).
[2015.10.21-02.50.06:700][  0]LogShaderCompilers: Cleaned the shader compiler working directory '../../../../../../Users/N76VJ/Documents/RIT/GDD II/DigitalHorrorGame/GDDHorrorGame/Intermediate/Shaders/tmp/A9D6D30D44E1FCF6ED778B8B407C8DAA/'.
[2015.10.21-02.50.06:700][  0]LogShaderCompilers:Display: Using Local Shader Compiler.
[2015.10.21-02.50.08:188][  0]LogTemp:Display: Loaded TP AllDesktopTargetPlatform
[2015.10.21-02.50.08:195][  0]LogTemp:Display: Loaded TP WindowsClientTargetPlatform
[2015.10.21-02.50.08:201][  0]LogTemp:Display: Loaded TP WindowsNoEditorTargetPlatform
[2015.10.21-02.50.08:207][  0]LogTemp:Display: Loaded TP WindowsServerTargetPlatform
[2015.10.21-02.50.08:214][  0]LogTemp:Display: Loaded TP WindowsTargetPlatform
[2015.10.21-02.50.08:218][  0]LogTemp:Display: Loaded TP AndroidTargetPlatform
[2015.10.21-02.50.08:223][  0]LogTemp:Display: Loaded TP Android_ASTCTargetPlatform
[2015.10.21-02.50.08:227][  0]LogTemp:Display: Loaded TP Android_ATCTargetPlatform
[2015.10.21-02.50.08:231][  0]LogTemp:Display: Loaded TP Android_DXTTargetPlatform
[2015.10.21-02.50.08:235][  0]LogTemp:Display: Loaded TP Android_ETC1TargetPlatform
[2015.10.21-02.50.08:239][  0]LogTemp:Display: Loaded TP Android_ETC2TargetPlatform
[2015.10.21-02.50.08:244][  0]LogTemp:Display: Loaded TP Android_PVRTCTargetPlatform
[2015.10.21-02.50.08:245][  0]LogTemp:Display: Loaded TP HTML5TargetPlatform
[2015.10.21-02.50.08:265][  0]LogTemp:Display: Loaded TP IOSTargetPlatform
[2015.10.21-02.50.08:269][  0]LogTemp:Display: Loaded TP LinuxNoEditorTargetPlatform
[2015.10.21-02.50.08:273][  0]LogTemp:Display: Loaded TP LinuxServerTargetPlatform
[2015.10.21-02.50.08:278][  0]LogTemp:Display: Loaded TP LinuxTargetPlatform
[2015.10.21-02.50.08:278][  0]LogTargetPlatformManager:Display: Building Assets For Windows
[2015.10.21-02.50.08:388][  0]LogDerivedDataCache:Display: Max Cache Size: 512 MB
[2015.10.21-02.50.08:428][  0]LogDerivedDataCache: Loaded boot cache 0.04s 37MB C:/Users/N76VJ/AppData/Local/UnrealEngine/4.9/DerivedDataCache/Boot.ddc.
[2015.10.21-02.50.08:428][  0]LogDerivedDataCache:Display: Loaded Boot cache: C:/Users/N76VJ/AppData/Local/UnrealEngine/4.9/DerivedDataCache/Boot.ddc
[2015.10.21-02.50.08:428][  0]LogDerivedDataCache: FDerivedDataBackendGraph:  Pak pak cache file ../../../../../../Users/N76VJ/Documents/RIT/GDD II/DigitalHorrorGame/GDDHorrorGame/DerivedDataCache/DDC.ddp not found, will not use a pak cache.
[2015.10.21-02.50.08:428][  0]LogDerivedDataCache: Unable to find inner node Pak for hierarchical cache Hierarchy.
[2015.10.21-02.50.08:428][  0]LogDerivedDataCache: FDerivedDataBackendGraph:  CompressedPak pak cache file ../../../../../../Users/N76VJ/Documents/RIT/GDD II/DigitalHorrorGame/GDDHorrorGame/DerivedDataCache/Compressed.ddp not found, will not use a pak cache.
[2015.10.21-02.50.08:428][  0]LogDerivedDataCache: Unable to find inner node CompressedPak for hierarchical cache Hierarchy.
[2015.10.21-02.50.08:582][  0]LogDerivedDataCache:Display: Pak cache opened for reading ../../../Engine/DerivedDataCache/Compressed.ddp.
[2015.10.21-02.50.08:596][  0]LogDerivedDataCache: Using Local data cache path C:/Users/N76VJ/AppData/Local/UnrealEngine/Common/DerivedDataCache: Writable
[2015.10.21-02.50.08:841][  0]LogInit: Selected Device Profile: [Windows]
[2015.10.21-02.50.08:844][  0]LogContentStreaming: Texture pool size is 0.000000MB
[2015.10.21-02.50.08:985][  0]LogMeshUtilities: No automatic mesh reduction module available
[2015.10.21-02.50.08:985][  0]LogMeshUtilities: No automatic mesh merging module available
[2015.10.21-02.50.09:263][  0]LogInit: WinSock: version 1.1 (2.2), MaxSocks=32767, MaxUdp=65467
[2015.10.21-02.50.10:390][  0]UdpMessaging: Initializing bridge on interface 0.0.0.0:0 to multicast group 230.0.0.1:6666.
[2015.10.21-02.50.10:504][  0]LogAssetRegistry: FAssetRegistry took 0.0113 seconds to start up
[2015.10.21-02.50.10:715][  0]SourceControl: Info Source control is disabled
[2015.10.21-02.50.10:715][  0]SourceControl: Info Source control is disabled
[2015.10.21-02.50.10:729][  0]SourceControl: Info Source control is disabled
[2015.10.21-02.50.10:744][  0]SourceControl: Info Source control is disabled
[2015.10.21-02.50.10:934][  0]LogLinker:Warning: Asset '../../../Engine/Plugins/Runtime/LeapMotionController/Content/LM_PassthroughMaterial.uasset' has been saved with empty engine version. The asset will be loaded but may be incompatible.
[2015.10.21-02.50.11:031][  0]LogObj: 28361 objects as part of root set at end of initial load.
[2015.10.21-02.50.11:031][  0]LogUObjectAllocator: 6038872 out of 0 bytes used by permanent object pool.
[2015.10.21-02.50.11:094][  0]LogEngine: Initializing Engine...
[2015.10.21-02.50.11:097][  0]LogHMD: Can't find Oculus library dev build: is proper Runtime installed? Version: 0.7.0.0
[2015.10.21-02.50.11:127][  0]LogHMD: SteamVR failed to initialize.  Err: 108
[2015.10.21-02.50.11:259][  0]LogAIModule: Creating AISystem for world NewWorld
[2015.10.21-02.50.11:265][  0]LogInit: XAudio2 using 'Speakers (Realtek High Definition Audio)' : 2 channels at 48 kHz using 32 bits per sample (channel mask 0x3)
[2015.10.21-02.50.11:288][  0]LogInit: FAudioDevice initialized.
[2015.10.21-02.50.11:340][  0]LogDerivedDataCache: Saved boot cache 0.05s 37MB C:/Users/N76VJ/AppData/Local/UnrealEngine/4.9/DerivedDataCache/Boot.ddc.
[2015.10.21-02.50.11:344][  0]LogInit: Texture streaming: Enabled
[2015.10.21-02.50.11:352][  0]LogAnalytics: Creating configured Analytics provider AnalyticsET
[2015.10.21-02.50.11:352][  0]LogAnalytics: [UEEditor.Rocket.Release] APIServer = http://et2.epicgames.com/ET2/. AppVersion = 4.9.2-2707645+++depot+UE4-Releases+4.9
[2015.10.21-02.50.11:352][  0]LogAnalytics: [UEEditor.Rocket.Release] SetUserId 307c31384536427768eae98f6a462f38|065feb13441e497d8de9007e54a4f2b1|bba66cf8-b041-4635-944f-7982c7832495
[2015.10.21-02.50.11:352][  0]LogAnalytics: [UEEditor.Rocket.Release] AnalyticsET::StartSession
[2015.10.21-02.50.11:406][  0]LogInit: Transaction tracking system initialized
[2015.10.21-02.50.11:441][  0]BlueprintLog: New page: Editor Load
[2015.10.21-02.50.11:548][  0]LocalizationService: Info Localization service is disabled
[2015.10.21-02.50.11:774][  0]LogConsoleResponse:Display: 
[2015.10.21-02.50.11:907][  0]LogCook:Display: Done creating registry. It took  0.00s.
[2015.10.21-02.50.11:981][  0]LogFileCache: Scanning file cache for directory 'C:/Users/N76VJ/Documents/RIT/GDD II/DigitalHorrorGame/GDDHorrorGame/Content/' took 0.02s
[2015.10.21-02.50.11:981][  0]SourceControl: Info Source control is disabled
[2015.10.21-02.51.25:095][  0]LogWindowsTextInputMethodSystem:Display: IME system now deactivated.
[2015.10.21-02.51.25:101][  0]LogWindowsTextInputMethodSystem:Display: IME system now deactivated.
[2015.10.21-02.51.26:936][  0]LogWindowsTextInputMethodSystem:Display: IME system now deactivated.
[2015.10.21-02.51.26:965][  0]LogWindowsTextInputMethodSystem:Display: IME system now deactivated.
[2015.10.21-02.51.26:966][  0]Cmd: MAP LOAD FILE="../../../../../../Users/N76VJ/Documents/RIT/GDD II/DigitalHorrorGame/GDDHorrorGame/Content/ThirdPersonBP/Maps/ThirdPersonExampleMap.umap" TEMPLATE=0 SHOWPROGRESS=1 FEATURELEVEL=3
[2015.10.21-02.51.26:966][  0]LightingResults: New page: Lighting Build
[2015.10.21-02.51.26:972][  0]MapCheck: New page: Map Check
[2015.10.21-02.51.26:972][  0]LightingResults: New page: Lighting Build
[2015.10.21-02.51.26:989][  0]LogParticles: Destroying 0 GPU particle simulations for FXSystem 0x0000005DA4A32160
[2015.10.21-02.51.27:003][  0]LogLinker:Warning: Asset '../../../../../../Users/N76VJ/Documents/RIT/GDD II/DigitalHorrorGame/GDDHorrorGame/Content/Mannequin/Animations/ThirdPerson_Jump.uasset' has been saved with empty engine version. The asset will be loaded but may be incompatible.
[2015.10.21-02.51.27:006][  0]LogLinker:Warning: Asset '../../../../../../Users/N76VJ/Documents/RIT/GDD II/DigitalHorrorGame/GDDHorrorGame/Content/Mannequin/Animations/ThirdPersonJump_Loop.uasset' has been saved with empty engine version. The asset will be loaded but may be incompatible.
[2015.10.21-02.51.27:008][  0]LogLinker:Warning: Asset '../../../../../../Users/N76VJ/Documents/RIT/GDD II/DigitalHorrorGame/GDDHorrorGame/Content/Mannequin/Animations/ThirdPersonJump_Start.uasset' has been saved with empty engine version. The asset will be loaded but may be incompatible.
[2015.10.21-02.51.27:010][  0]LogLinker:Warning: Asset '../../../../../../Users/N76VJ/Documents/RIT/GDD II/DigitalHorrorGame/GDDHorrorGame/Content/Mannequin/Animations/ThirdPerson_IdleRun_2D.uasset' has been saved with empty engine version. The asset will be loaded but may be incompatible.
[2015.10.21-02.51.27:010][  0]LogLinker:Warning: Asset '../../../../../../Users/N76VJ/Documents/RIT/GDD II/DigitalHorrorGame/GDDHorrorGame/Content/Mannequin/Animations/ThirdPersonIdle.uasset' has been saved with empty engine version. The asset will be loaded but may be incompatible.
[2015.10.21-02.51.28:343][  0]LogAIModule: Creating AISystem for world ThirdPersonExampleMap
[2015.10.21-02.51.28:355][  0]LogEditorServer: Finished looking for orphan Actors (0.000 secs)
[2015.10.21-02.51.28:356][  0]Cmd: MAP CHECKDEP NOCLEARLOG
[2015.10.21-02.51.28:510][  0]MapCheck: Info Map check complete: 0 Error(s), 0 Warning(s), took 153.86ms to complete.
[2015.10.21-02.51.28:510][  0]LogFileHelpers: Loading map 'ThirdPersonExampleMap' took 1.544
[2015.10.21-02.51.28:514][  0]LogWindowsTextInputMethodSystem:Display: IME system now deactivated.
[2015.10.21-02.51.28:579][  0]LogCollectionManager: Loaded 0 collections in 0.002884 seconds
[2015.10.21-02.51.28:622][  0]LogFileCache: Scanning file cache for directory 'C:/Users/N76VJ/Documents/RIT/GDD II/DigitalHorrorGame/GDDHorrorGame/Saved/Collections/' took 0.01s
[2015.10.21-02.51.28:622][  0]LogFileCache: Scanning file cache for directory 'C:/Users/N76VJ/Documents/RIT/GDD II/DigitalHorrorGame/GDDHorrorGame/Content/Developers/N76VJ/Collections/' took 0.01s
[2015.10.21-02.51.28:622][  0]LogFileCache: Scanning file cache for directory 'C:/Users/N76VJ/Documents/RIT/GDD II/DigitalHorrorGame/GDDHorrorGame/Content/Collections/' took 0.01s
[2015.10.21-02.51.28:622][  0]LogContentBrowser: Native class hierarchy populated in 0.0084 seconds. Added 1867 classes and 333 folders.
[2015.10.21-02.51.28:628][  0]LogCollectionManager: Rebuilt the GUID cache for 0 collections in 0.000003 seconds
[2015.10.21-02.51.28:635][  0]LogContentBrowser: Native class hierarchy updated for 'WidgetCarousel' in 0.0003 seconds. Added 0 classes and 0 folders.
[2015.10.21-02.51.28:713][  0]LogContentBrowser: Native class hierarchy updated for 'AddContentDialog' in 0.0004 seconds. Added 0 classes and 0 folders.
[2015.10.21-02.51.28:718][  0]LogContentBrowser: Native class hierarchy updated for 'SceneOutliner' in 0.0004 seconds. Added 1 classes and 2 folders.
[2015.10.21-02.51.28:748][  0]LogCrashTracker: Crashtracker disabled due to settings.
[2015.10.21-02.51.28:753][  0]LogUObjectGlobals:Warning: Failed to find object 'Class None.'
[2015.10.21-02.51.28:776][  0]LogStats:Warning: MetaData mismatch. Did you assign a stat to two groups? New //STATGROUP_Threads//SplashScreenThread///Thread_635c_0///####STATCAT_Advanced#### old //STATGROUP_Threads//SplashScreenThread///Thread_4078_0///####STATCAT_Advanced####
[2015.10.21-02.51.28:776][  0]LogLoad: Full Startup: 83.65 seconds (BP compile: 0.23 seconds)
[2015.10.21-02.51.28:876][  0]LogContentStreaming: Texture pool size now 200 MB
[2015.10.21-02.51.28:990][  0]LogRenderer: Reallocating scene render targets to support 604x300 (Frame:2).
[2015.10.21-02.51.29:625][  5]LogAssetRegistry: Asset discovery search completed in 79.1325 seconds
[2015.10.21-02.51.29:625][  5]LogCollectionManager: Rebuilt the object cache for 0 collections in 0.000001 seconds (found 0 objects)
[2015.10.21-02.51.29:625][  5]LogCollectionManager: Fixed up redirectors for 0 collections in 0.000026 seconds (updated 0 objects)
[2015.10.21-02.51.31:614][120]LogRenderer: Reallocating scene render targets to support 876x436 (Frame:23).
[2015.10.21-02.51.31:689][121]LogRenderer: Reallocating scene render targets to support 1192x592 (Frame:25).
[2015.10.21-02.51.31:779][122]LogRenderer: Reallocating scene render targets to support 1208x600 (Frame:28).
[2015.10.21-02.51.36:724][368]LogEditorViewport: Clicking on Actor (LMB): BP_Sky_Sphere_C (SkySphereBlueprint)
[2015.10.21-02.51.37:920][433]LogActorComponent: UnregisterComponent: (/Engine/Transient.CharMoveComp) Not registered. Aborting.
[2015.10.21-02.52.29:402][121]LogActorComponent: UnregisterComponent: (/Engine/Transient.CharMoveComp) Not registered. Aborting.
[2015.10.21-02.52.29:606][121]LogSavePackage: Save=172.083298ms
[2015.10.21-02.52.29:606][121]LogSavePackage: Moving '../../../../../../Users/N76VJ/Documents/RIT/GDD II/DigitalHorrorGame/GDDHorrorGame/Saved/ThirdPersonExampleMapA828E4B2408018990344D4AF2BB0EA06.tmp' to '../../../../../../Users/N76VJ/Documents/RIT/GDD II/DigitalHorrorGame/GDDHorrorGame/Content/ThirdPersonBP/Maps/ThirdPersonExampleMap.umap'
[2015.10.21-02.52.29:611][121]LogSavePackage: Total save time: 195.690818ms
[2015.10.21-02.52.29:611][121]LogSavePackage:Warning: Finished SavePackage ../../../../../../Users/N76VJ/Documents/RIT/GDD II/DigitalHorrorGame/GDDHorrorGame/Content/ThirdPersonBP/Maps/ThirdPersonExampleMap.umap
[2015.10.21-02.52.33:970][186]LogFactory: FactoryCreateBinary: StaticMesh with FbxFactory (0 0 C:\Users\N76VJ\Documents\RIT\GDD II\Assets\3d-model.fbx\stove.fbx)
[2015.10.21-02.52.33:986][186]LogFbx: Loading FBX Scene from C:\Users\N76VJ\Documents\RIT\GDD II\Assets\3d-model.fbx\stove.fbx
[2015.10.21-02.53.51:697][187]LogCrashTracker: 


[2015.10.21-02.53.51:697][187]LogCrashTracker: 


[2015.10.21-02.53.51:697][187]LogWindows: === Critical error: ===
Fatal error!



[2015.10.21-02.53.51:832][187]LogExit: Executing StaticShutdownAfterError
[2015.10.21-02.53.51:840][187]LogPhysics:Warning: PHYSX: ..\..\PhysX\src\NpScene.cpp (2946) 8 : PxScene::unlockWrite() called without matching call to PxScene::lockWrite(), behaviour will be undefined.
[2015.10.21-02.53.51:841][187]LogPhysics:Warning: PHYSX: ..\..\PhysX\src\NpScene.cpp (2946) 8 : PxScene::unlockWrite() called without matching call to PxScene::lockWrite(), behaviour will be undefined.
[2015.10.21-02.53.51:841][187]LogWindows: FPlatformMisc::RequestExit(1)
[2015.10.21-02.53.51:841][187]Log file closed, 10/20/15 22:53:51
