[2015.10.08-04.51.54:824][  0]Log file open, 10/07/15 21:51:54
[2015.10.08-04.51.54:824][  0]LogInit:Display: Running engine for game: GDDHorrorGame
[2015.10.08-04.51.54:824][  0]LogInit:Display: RandInit(-1749319564) SRandInit(-1749319564).
[2015.10.08-04.51.54:824][  0]LogTaskGraph: Started task graph with 4 named threads and 7 total threads.
[2015.10.08-04.51.54:824][  0]LogStats: Stats thread started at 0.087575
[2015.10.08-04.51.54:824][  0]LogInit: Version: 4.9.2-2707645+++depot+UE4-Releases+4.9
[2015.10.08-04.51.54:824][  0]LogInit: API Version: 2672455
[2015.10.08-04.51.54:824][  0]LogInit: Compiled (64-bit): Sep 28 2015 10:25:44
[2015.10.08-04.51.54:824][  0]LogInit: Compiled with Visual C++: 18.00.21005.01
[2015.10.08-04.51.54:824][  0]LogInit: Build Configuration: Development
[2015.10.08-04.51.54:824][  0]LogInit: Branch Name: ++depot+UE4-Releases+4.9
[2015.10.08-04.51.54:824][  0]LogInit: Command line:  
[2015.10.08-04.51.54:824][  0]LogInit: Base directory: C:/Program Files/Epic Games/4.9/Engine/Binaries/Win64/
[2015.10.08-04.51.54:824][  0]LogInit: Rocket: 1
[2015.10.08-04.51.54:860][  0]LogInit: Using libcurl 7.41.0
[2015.10.08-04.51.54:860][  0]LogInit:  - built for x86_64-pc-win32
[2015.10.08-04.51.54:860][  0]LogInit:  - supports SSL with WinSSL
[2015.10.08-04.51.54:860][  0]LogInit:  - other features:
[2015.10.08-04.51.54:860][  0]LogInit:      CURL_VERSION_SSL
[2015.10.08-04.51.54:860][  0]LogInit:      CURL_VERSION_IPV6
[2015.10.08-04.51.54:860][  0]LogInit:      CURL_VERSION_ASYNCHDNS
[2015.10.08-04.51.54:860][  0]LogInit:      CURL_VERSION_LARGEFILE
[2015.10.08-04.51.54:860][  0]LogInit:      CURL_VERSION_IDN
[2015.10.08-04.51.54:860][  0]LogInit:  CurlRequestOptions (configurable via config and command line):
[2015.10.08-04.51.54:860][  0]LogInit:  - bVerifyPeer = true  - Libcurl will verify peer certificate
[2015.10.08-04.51.54:860][  0]LogInit:  - bUseHttpProxy = false  - Libcurl will NOT use HTTP proxy
[2015.10.08-04.51.54:881][  0]LogInit:  - bDontReuseConnections = false  - Libcurl will reuse connections
[2015.10.08-04.51.54:881][  0]LogInit:  - CertBundlePath = nullptr  - Libcurl will use whatever was configured at build time.
[2015.10.08-04.51.54:973][  0]LogInit: Presizing for 0 objects not considered by GC, pre-allocating 0 bytes.
[2015.10.08-04.51.54:979][  0]LogInit: Object subsystem initialized
[2015.10.08-04.51.54:981][  0]LogInit: Selected Device Profile: [Windows]
[2015.10.08-04.51.54:981][  0]LogInit: Applying CVar settings loaded from the selected device profile: [Windows]
[2015.10.08-04.51.55:135][  0]LogInit: Computer: LAUREN-PC
[2015.10.08-04.51.55:135][  0]LogInit: User: Lauren
[2015.10.08-04.51.55:135][  0]LogInit: CPU Page size=4096, Cores=4
[2015.10.08-04.51.55:135][  0]LogInit: High frequency timer resolution =2.338369 MHz
[2015.10.08-04.51.55:135][  0]LogMemory: Memory total: Physical=7.9GB (8GB approx)
[2015.10.08-04.51.55:136][  0]LogMemory: Platform Memory Stats for Windows
[2015.10.08-04.51.55:136][  0]LogMemory: Process Physical Memory: 54.93 MB used, 54.93 MB peak
[2015.10.08-04.51.55:136][  0]LogMemory: Process Virtual Memory: 59.59 MB used, 59.59 MB peak
[2015.10.08-04.51.55:136][  0]LogMemory: Physical Memory: 5922.38 MB used, 8079.30 MB total
[2015.10.08-04.51.55:136][  0]LogMemory: Virtual Memory: 340.32 MB used, 8388608.00 MB total
[2015.10.08-04.51.55:599][  0]LogTextLocalizationManager: No specific translations for ('en-US') exist, so ('en') translations will be used.
[2015.10.08-04.51.56:720][  0]LogD3D11RHI: Found D3D11 adapter 0: NVIDIA GeForce GTX 770M (Feature Level 11_0)
[2015.10.08-04.51.56:720][  0]LogD3D11RHI: Adapter has 3009MB of dedicated video memory, 0MB of dedicated system memory, and 3783MB of shared system memory, 1 output[s]
[2015.10.08-04.51.56:951][  0]LogD3D11RHI: Found D3D11 adapter 1: NVIDIA GeForce GTX 770M (Feature Level 11_0)
[2015.10.08-04.51.56:951][  0]LogD3D11RHI: Adapter has 3009MB of dedicated video memory, 0MB of dedicated system memory, and 3783MB of shared system memory, 1 output[s]
[2015.10.08-04.51.56:968][  0]LogD3D11RHI: Chosen D3D11 Adapter Id = 0
[2015.10.08-04.51.56:975][  0]LogD3D11RHI: !Direct3DDevice
[2015.10.08-04.51.56:975][  0]LogRHI: Texture pool is 1361 MB (70% of 1945 MB)
[2015.10.08-04.51.57:001][  0]LogD3D11RHI: Async texture creation enabled
[2015.10.08-04.51.57:015][  0]LogShaderCompilers: Guid format shader working directory is 14 characters bigger than the processId version (E:/GDDHorrorGame/Intermediate/Shaders/WorkingDirectory/11820/).
[2015.10.08-04.51.57:017][  0]LogShaderCompilers: Cleaned the shader compiler working directory 'E:/GDDHorrorGame/Intermediate/Shaders/tmp/2B8BBEDE49D1B67E7EC1F8A484D2C016/'.
[2015.10.08-04.51.57:017][  0]LogShaderCompilers:Display: Using Local Shader Compiler.
[2015.10.08-04.52.01:164][  0]LogTemp:Display: Loaded TP AllDesktopTargetPlatform
[2015.10.08-04.52.01:172][  0]LogTemp:Display: Loaded TP WindowsClientTargetPlatform
[2015.10.08-04.52.01:205][  0]LogTemp:Display: Loaded TP WindowsNoEditorTargetPlatform
[2015.10.08-04.52.01:263][  0]LogTemp:Display: Loaded TP WindowsServerTargetPlatform
[2015.10.08-04.52.01:291][  0]LogTemp:Display: Loaded TP WindowsTargetPlatform
[2015.10.08-04.52.01:298][  0]LogTemp:Display: Loaded TP AndroidTargetPlatform
[2015.10.08-04.52.01:304][  0]LogTemp:Display: Loaded TP Android_ASTCTargetPlatform
[2015.10.08-04.52.01:352][  0]LogTemp:Display: Loaded TP Android_ATCTargetPlatform
[2015.10.08-04.52.01:413][  0]LogTemp:Display: Loaded TP Android_DXTTargetPlatform
[2015.10.08-04.52.01:467][  0]LogTemp:Display: Loaded TP Android_ETC1TargetPlatform
[2015.10.08-04.52.01:482][  0]LogTemp:Display: Loaded TP Android_ETC2TargetPlatform
[2015.10.08-04.52.01:495][  0]LogTemp:Display: Loaded TP Android_PVRTCTargetPlatform
[2015.10.08-04.52.01:510][  0]LogTemp:Display: Loaded TP HTML5TargetPlatform
[2015.10.08-04.52.01:545][  0]LogTemp:Display: Loaded TP IOSTargetPlatform
[2015.10.08-04.52.01:564][  0]LogTemp:Display: Loaded TP LinuxNoEditorTargetPlatform
[2015.10.08-04.52.01:578][  0]LogTemp:Display: Loaded TP LinuxServerTargetPlatform
[2015.10.08-04.52.01:594][  0]LogTemp:Display: Loaded TP LinuxTargetPlatform
[2015.10.08-04.52.01:594][  0]LogTargetPlatformManager:Display: Building Assets For Windows
[2015.10.08-04.52.02:004][  0]LogDerivedDataCache:Display: Max Cache Size: 512 MB
[2015.10.08-04.52.02:635][  0]LogDerivedDataCache: Loaded boot cache 0.63s 45MB C:/Users/Lauren/AppData/Local/UnrealEngine/4.9/DerivedDataCache/Boot.ddc.
[2015.10.08-04.52.02:635][  0]LogDerivedDataCache:Display: Loaded Boot cache: C:/Users/Lauren/AppData/Local/UnrealEngine/4.9/DerivedDataCache/Boot.ddc
[2015.10.08-04.52.02:635][  0]LogDerivedDataCache: FDerivedDataBackendGraph:  Pak pak cache file E:/GDDHorrorGame/DerivedDataCache/DDC.ddp not found, will not use a pak cache.
[2015.10.08-04.52.02:635][  0]LogDerivedDataCache: Unable to find inner node Pak for hierarchical cache Hierarchy.
[2015.10.08-04.52.02:635][  0]LogDerivedDataCache: FDerivedDataBackendGraph:  CompressedPak pak cache file E:/GDDHorrorGame/DerivedDataCache/Compressed.ddp not found, will not use a pak cache.
[2015.10.08-04.52.02:635][  0]LogDerivedDataCache: Unable to find inner node CompressedPak for hierarchical cache Hierarchy.
[2015.10.08-04.52.02:826][  0]LogDerivedDataCache:Display: Pak cache opened for reading ../../../Engine/DerivedDataCache/Compressed.ddp.
[2015.10.08-04.52.02:838][  0]LogDerivedDataCache: Using Local data cache path C:/Users/Lauren/AppData/Local/UnrealEngine/Common/DerivedDataCache: Writable
[2015.10.08-04.52.08:093][  0]LogInit: Selected Device Profile: [Windows]
[2015.10.08-04.52.08:093][  0]LogContentStreaming: Texture pool size is 0.000000MB
[2015.10.08-04.52.08:144][  0]LogMeshUtilities: No automatic mesh reduction module available
[2015.10.08-04.52.08:144][  0]LogMeshUtilities: No automatic mesh merging module available
[2015.10.08-04.52.09:567][  0]LogInit: WinSock: version 1.1 (2.2), MaxSocks=32767, MaxUdp=65467
[2015.10.08-04.52.20:551][  0]UdpMessaging: Initializing bridge on interface 0.0.0.0:0 to multicast group 230.0.0.1:6666.
[2015.10.08-04.52.20:992][  0]LogAssetRegistry: FAssetRegistry took 0.0095 seconds to start up
[2015.10.08-04.52.22:826][  0]SourceControl: Info Source control is disabled
[2015.10.08-04.52.22:826][  0]SourceControl: Info Source control is disabled
[2015.10.08-04.52.22:857][  0]SourceControl: Info Source control is disabled
[2015.10.08-04.52.22:941][  0]SourceControl: Info Source control is disabled
[2015.10.08-04.52.25:156][  0]LogLinker:Warning: Asset '../../../Engine/Plugins/Runtime/LeapMotionController/Content/LM_PassthroughMaterial.uasset' has been saved with empty engine version. The asset will be loaded but may be incompatible.
[2015.10.08-04.52.25:580][  0]LogObj: 28361 objects as part of root set at end of initial load.
[2015.10.08-04.52.25:580][  0]LogUObjectAllocator: 6038872 out of 0 bytes used by permanent object pool.
[2015.10.08-04.52.25:849][  0]LogEngine: Initializing Engine...
[2015.10.08-04.52.25:851][  0]LogHMD: Can't find Oculus library dev build: is proper Runtime installed? Version: 0.7.0.0
[2015.10.08-04.52.25:935][  0]LogHMD: SteamVR failed to initialize.  Err: 110
[2015.10.08-04.52.26:802][  0]LogAIModule: Creating AISystem for world NewWorld
[2015.10.08-04.52.26:934][  0]LogInit: XAudio2 using 'Speakers (Siberia v2 D3H)' : 2 channels at 44.1 kHz using 16 bits per sample (channel mask 0x3)
[2015.10.08-04.52.27:033][  0]LogInit: FAudioDevice initialized.
[2015.10.08-04.52.27:054][  0]LogDerivedDataCache: Saved boot cache 0.02s 45MB C:/Users/Lauren/AppData/Local/UnrealEngine/4.9/DerivedDataCache/Boot.ddc.
[2015.10.08-04.52.27:059][  0]LogInit: Texture streaming: Enabled
[2015.10.08-04.52.27:097][  0]LogAnalytics: Creating configured Analytics provider AnalyticsET
[2015.10.08-04.52.27:097][  0]LogAnalytics: [UEEditor.Rocket.Release] APIServer = http://et2.epicgames.com/ET2/. AppVersion = 4.9.2-2707645+++depot+UE4-Releases+4.9
[2015.10.08-04.52.27:097][  0]LogAnalytics: [UEEditor.Rocket.Release] SetUserId 0dfd459848bd316af10e0286bf53d633|62a07662b49e46228294f7f33306ed31|8f7fcacd-7ea7-4aa9-9d3c-39324467dbc7
[2015.10.08-04.52.27:097][  0]LogAnalytics: [UEEditor.Rocket.Release] AnalyticsET::StartSession
[2015.10.08-04.52.28:504][  0]LogInit: Transaction tracking system initialized
[2015.10.08-04.52.30:221][  0]BlueprintLog: New page: Editor Load
[2015.10.08-04.52.32:722][  0]LocalizationService: Info Localization service is disabled
[2015.10.08-04.52.34:664][  0]LogConsoleResponse:Display: 
[2015.10.08-04.52.42:819][  0]LogCook:Display: Done creating registry. It took  0.00s.
[2015.10.08-04.52.46:160][  0]LogFileCache: Scanning file cache for directory 'E:/GDDHorrorGame/Content/' took 3.68s
[2015.10.08-04.52.46:160][  0]SourceControl: Info Source control is disabled
[2015.10.08-04.52.46:161][  0]Cmd: MAP LOAD FILE="E:/GDDHorrorGame/Content/ThirdPersonBP/Maps/ThirdPersonExampleMap.umap" TEMPLATE=0 SHOWPROGRESS=1 FEATURELEVEL=3
[2015.10.08-04.52.46:162][  0]LightingResults: New page: Lighting Build
[2015.10.08-04.52.46:188][  0]MapCheck: New page: Map Check
[2015.10.08-04.52.46:189][  0]LightingResults: New page: Lighting Build
[2015.10.08-04.52.46:199][  0]LogParticles: Destroying 0 GPU particle simulations for FXSystem 0x0000000023DED620
[2015.10.08-04.52.46:222][  0]LogLinker:Warning: Asset 'E:/GDDHorrorGame/Content/ThirdPersonBP/Blueprints/ThirdPersonCharacter.uasset' has been saved with empty engine version. The asset will be loaded but may be incompatible.
[2015.10.08-04.52.46:242][  0]LogLinker:Warning: Asset 'E:/GDDHorrorGame/Content/Mannequin/Animations/ThirdPerson_AnimBP.uasset' has been saved with empty engine version. The asset will be loaded but may be incompatible.
[2015.10.08-04.52.46:260][  0]LogLinker:Warning: Asset 'E:/GDDHorrorGame/Content/Mannequin/Animations/ThirdPerson_Jump.uasset' has been saved with empty engine version. The asset will be loaded but may be incompatible.
[2015.10.08-04.52.46:297][  0]LogLinker:Warning: Asset 'E:/GDDHorrorGame/Content/Mannequin/Animations/ThirdPersonJump_Loop.uasset' has been saved with empty engine version. The asset will be loaded but may be incompatible.
[2015.10.08-04.52.50:732][  0]LogLinker:Warning: Asset 'E:/GDDHorrorGame/Content/Mannequin/Animations/ThirdPersonJump_Start.uasset' has been saved with empty engine version. The asset will be loaded but may be incompatible.
[2015.10.08-04.52.50:742][  0]LogLinker:Warning: Asset 'E:/GDDHorrorGame/Content/Mannequin/Animations/ThirdPerson_IdleRun_2D.uasset' has been saved with empty engine version. The asset will be loaded but may be incompatible.
[2015.10.08-04.52.50:751][  0]LogLinker:Warning: Asset 'E:/GDDHorrorGame/Content/Mannequin/Animations/ThirdPersonIdle.uasset' has been saved with empty engine version. The asset will be loaded but may be incompatible.
[2015.10.08-04.52.50:762][  0]LogLinker:Warning: Asset 'E:/GDDHorrorGame/Content/Mannequin/Animations/ThirdPersonRun.uasset' has been saved with empty engine version. The asset will be loaded but may be incompatible.
[2015.10.08-04.52.50:772][  0]LogLinker:Warning: Asset 'E:/GDDHorrorGame/Content/Mannequin/Animations/ThirdPersonWalk.uasset' has been saved with empty engine version. The asset will be loaded but may be incompatible.
[2015.10.08-04.52.57:169][  0]LogAIModule: Creating AISystem for world ThirdPersonExampleMap
[2015.10.08-04.52.57:263][  0]LogEditorServer: Finished looking for orphan Actors (0.000 secs)
[2015.10.08-04.52.57:264][  0]Cmd: MAP CHECKDEP NOCLEARLOG
[2015.10.08-04.53.02:035][  0]MapCheck: Info Map check complete: 0 Error(s), 0 Warning(s), took 4,771.906ms to complete.
[2015.10.08-04.53.02:036][  0]LogFileHelpers: Loading map 'ThirdPersonExampleMap' took 15.875
[2015.10.08-04.53.04:712][  0]LogCollectionManager: Loaded 0 collections in 0.074371 seconds
[2015.10.08-04.53.07:795][  0]LogFileCache: Scanning file cache for directory 'E:/GDDHorrorGame/Saved/Collections/' took 0.09s
[2015.10.08-04.53.07:795][  0]LogFileCache: Scanning file cache for directory 'E:/GDDHorrorGame/Content/Developers/Lauren/Collections/' took 0.09s
[2015.10.08-04.53.07:795][  0]LogFileCache: Scanning file cache for directory 'E:/GDDHorrorGame/Content/Collections/' took 0.09s
[2015.10.08-04.53.07:795][  0]LogContentBrowser: Native class hierarchy populated in 0.0796 seconds. Added 1867 classes and 333 folders.
[2015.10.08-04.53.07:883][  0]LogCollectionManager: Rebuilt the GUID cache for 0 collections in 0.000452 seconds
[2015.10.08-04.53.08:195][  0]LogContentBrowser: Native class hierarchy updated for 'WidgetCarousel' in 0.0014 seconds. Added 0 classes and 0 folders.
[2015.10.08-04.53.09:576][  0]LogContentBrowser: Native class hierarchy updated for 'AddContentDialog' in 0.0014 seconds. Added 0 classes and 0 folders.
[2015.10.08-04.53.09:595][  0]LogContentBrowser: Native class hierarchy updated for 'SceneOutliner' in 0.0015 seconds. Added 1 classes and 2 folders.
[2015.10.08-04.53.10:041][  0]LogCrashTracker: Crashtracker disabled due to settings.
[2015.10.08-04.53.10:172][  0]LogUObjectGlobals:Warning: Failed to find object 'Class None.'
[2015.10.08-04.53.10:193][  0]LogLoad: Full Startup: 81.78 seconds (BP compile: 0.28 seconds)
[2015.10.08-04.53.10:882][  0]LogContentStreaming: Texture pool size now 1000 MB
[2015.10.08-04.53.11:092][  0]LogRenderer: Reallocating scene render targets to support 1208x732 (Frame:2).
[2015.10.08-04.53.12:317][  4]LogAssetRegistry: Asset discovery search completed in 51.3341 seconds
[2015.10.08-04.53.12:317][  4]LogCollectionManager: Rebuilt the object cache for 0 collections in 0.000001 seconds (found 0 objects)
[2015.10.08-04.53.12:317][  4]LogCollectionManager: Fixed up redirectors for 0 collections in 0.000018 seconds (updated 0 objects)
[2015.10.08-04.54.21:383][297]LogEditorViewport: Clicking on Actor (LMB): StaticMeshActor (Floor)
[2015.10.08-04.54.25:151][352]LogEditorViewport: Clicking on Actor (LMB): StaticMeshActor (Ramp_StaticMesh)
[2015.10.08-04.54.25:668][370]LogEditorViewport: Clicking on Actor (LMB): StaticMeshActor (LeftArm_StaticMesh)
[2015.10.08-05.10.42:159][228]LogLinker:Warning: Asset '../../../Engine/Content/ArtTools/RenderToTexture/Macros/RenderToTextureMacros.uasset' has been saved with empty engine version. The asset will be loaded but may be incompatible.
[2015.10.08-05.10.43:584][228]LogContentBrowser: Native class hierarchy updated for 'BlueprintGraph' in 0.0182 seconds. Added 107 classes and 0 folders.
[2015.10.08-05.15.03:816][500]LogFileHelpers: Editor autosave (incl. sublevels) for '/Game/ThirdPersonBP/Maps/ThirdPersonExampleMap' took 0.111
[2015.10.08-05.15.06:087][500]OBJ SavePackage: Generating thumbnails for [1] asset(s) in package [/Game/ThirdPersonBP/Blueprints/Outside_Door_Blueprint] ([1] browsable assets)...
[2015.10.08-05.15.06:238][500]OBJ SavePackage:     Rendered thumbnail for [Blueprint /Game/ThirdPersonBP/Blueprints/Outside_Door_Blueprint.Outside_Door_Blueprint]
[2015.10.08-05.15.06:238][500]OBJ SavePackage: Finished generating thumbnails for package [/Game/ThirdPersonBP/Blueprints/Outside_Door_Blueprint]
[2015.10.08-05.15.08:426][500]LogSavePackage: Save=2143.703613ms
[2015.10.08-05.15.08:426][500]LogSavePackage: Moving 'E:/GDDHorrorGame/Saved/Outside_Door_Blueprint_Auto150CA9DC14E457B71F8160E8AE452203B.tmp' to 'E:/GDDHorrorGame/Saved/Autosaves/Game/ThirdPersonBP/Blueprints/Outside_Door_Blueprint_Auto1.uasset'
[2015.10.08-05.15.08:491][500]LogSavePackage: Total save time: 2209.771425ms
[2015.10.08-05.15.08:491][500]LogSavePackage:Warning: Finished SavePackage E:/GDDHorrorGame/Saved/Autosaves/Game/ThirdPersonBP/Blueprints/Outside_Door_Blueprint_Auto1.uasset
[2015.10.08-05.15.08:491][500]LogFileHelpers: Auto-saving content packages took 4.675
[2015.10.08-05.19.26:569][241]LogBlueprintUserMessages: CustomizeDetails for Blueprint 'Outside_Door_Blueprint', cached variable property's owner is '/Game/ThirdPersonBP/Blueprints/Outside_Door_Blueprint.SKEL_Outside_Door_Blueprint_C'
[2015.10.08-05.19.28:247][337]LogBlueprintUserMessages: CustomizeDetails for Blueprint 'Outside_Door_Blueprint', cached variable property's owner is '/Game/ThirdPersonBP/Blueprints/Outside_Door_Blueprint.SKEL_Outside_Door_Blueprint_C'
[2015.10.08-05.19.28:361][344]LogBlueprintUserMessages: CustomizeDetails for Blueprint 'Outside_Door_Blueprint', cached variable property's owner is '/Game/ThirdPersonBP/Blueprints/Outside_Door_Blueprint.SKEL_Outside_Door_Blueprint_C'
[2015.10.08-05.19.56:565][643]LogBlueprintUserMessages: PostEditorRefresh for Blueprint 'Outside_Door_Blueprint', cached variable property's owner is '/Game/ThirdPersonBP/Blueprints/Outside_Door_Blueprint.SKEL_Outside_Door_Blueprint_C'
[2015.10.08-05.19.56:596][643]LogBlueprintUserMessages: CustomizeDetails for Blueprint 'Outside_Door_Blueprint', cached variable property's owner is '/Game/ThirdPersonBP/Blueprints/Outside_Door_Blueprint.SKEL_Outside_Door_Blueprint_C'
[2015.10.08-05.20.14:798][698]BlueprintLog: New page: Compile Outside_Door_Blueprint
[2015.10.08-05.20.15:299][698]LogBlueprintUserMessages: PostEditorRefresh for Blueprint 'Outside_Door_Blueprint', cached variable property's owner is '/Game/ThirdPersonBP/Blueprints/Outside_Door_Blueprint.SKEL_Outside_Door_Blueprint_C'
[2015.10.08-05.20.15:314][698]BlueprintEditorCompileResults: Info [1706.86] Compile of Outside_Door_Blueprint successful! [in 501 ms]
[2015.10.08-05.20.15:334][698]LogBlueprintUserMessages: CustomizeDetails for Blueprint 'Outside_Door_Blueprint', cached variable property's owner is '/Game/ThirdPersonBP/Blueprints/Outside_Door_Blueprint.SKEL_Outside_Door_Blueprint_C'
[2015.10.08-05.20.31:122][820]LogBlueprintUserMessages: CustomizeDetails for Blueprint 'Outside_Door_Blueprint', cached variable property's owner is '/Game/ThirdPersonBP/Blueprints/Outside_Door_Blueprint.SKEL_Outside_Door_Blueprint_C'
[2015.10.08-05.20.42:642][460]LogBlueprintUserMessages: PostEditorRefresh for Blueprint 'Outside_Door_Blueprint', cached variable property's owner is '/Game/ThirdPersonBP/Blueprints/Outside_Door_Blueprint.SKEL_Outside_Door_Blueprint_C'
[2015.10.08-05.20.42:685][460]LogBlueprintUserMessages: PostEditorRefresh for Blueprint 'Outside_Door_Blueprint', cached variable property's owner is '/Game/ThirdPersonBP/Blueprints/Outside_Door_Blueprint.SKEL_Outside_Door_Blueprint_C'
[2015.10.08-05.23.58:655][563]BlueprintLog: New page: Compile Outside_Door_Blueprint
[2015.10.08-05.23.58:872][563]BlueprintEditorCompileResults: Info [1930.43] Compile of Outside_Door_Blueprint successful! [in 216 ms]
[2015.10.08-05.26.41:066][262]LogBlueprintUserMessages: CustomizeDetails for Blueprint 'Outside_Door_Blueprint', cached variable property's owner is '/Game/ThirdPersonBP/Blueprints/Outside_Door_Blueprint.SKEL_Outside_Door_Blueprint_C'
[2015.10.08-05.28.02:202][688]LogBlueprintUserMessages: CustomizeDetails for Blueprint 'Outside_Door_Blueprint', cached variable property's owner is '/Game/ThirdPersonBP/Blueprints/Outside_Door_Blueprint.SKEL_Outside_Door_Blueprint_C'
[2015.10.08-05.28.04:278][810]LogBlueprintUserMessages: CustomizeDetails for Blueprint 'Outside_Door_Blueprint', cached variable property's owner is '/Game/ThirdPersonBP/Blueprints/Outside_Door_Blueprint.SKEL_Outside_Door_Blueprint_C'
[2015.10.08-05.28.05:190][864]LogBlueprintUserMessages: CustomizeDetails for Blueprint 'Outside_Door_Blueprint', cached variable property's owner is '/Game/ThirdPersonBP/Blueprints/Outside_Door_Blueprint.SKEL_Outside_Door_Blueprint_C'
[2015.10.08-05.28.20:155][639]LogBlueprintUserMessages: CustomizeDetails for Blueprint 'Outside_Door_Blueprint', cached variable property's owner is '/Game/ThirdPersonBP/Blueprints/Outside_Door_Blueprint.SKEL_Outside_Door_Blueprint_C'
[2015.10.08-05.28.21:679][716]LogBlueprintUserMessages: CustomizeDetails for Blueprint 'Outside_Door_Blueprint', cached variable property's owner is '/Game/ThirdPersonBP/Blueprints/Outside_Door_Blueprint.SKEL_Outside_Door_Blueprint_C'
[2015.10.08-05.28.35:728][ 98]LogBlueprintUserMessages: CustomizeDetails for Blueprint 'Outside_Door_Blueprint', cached variable property's owner is '/Game/ThirdPersonBP/Blueprints/Outside_Door_Blueprint.SKEL_Outside_Door_Blueprint_C'
[2015.10.08-05.29.16:225][256]BlueprintLog: New page: Compile Outside_Door_Blueprint
[2015.10.08-05.29.16:424][256]BlueprintEditorCompileResults: Info [2247.98] Compile of Outside_Door_Blueprint successful! [in 198 ms]
[2015.10.08-05.29.41:298][648]LogBlueprintUserMessages: Early PlayInEditor Detection: Level '/Game/ThirdPersonBP/Maps/ThirdPersonExampleMap.ThirdPersonExampleMap:PersistentLevel' has LevelScriptBlueprint '/Game/ThirdPersonBP/Maps/ThirdPersonExampleMap.ThirdPersonExampleMap:PersistentLevel.ThirdPersonExampleMap' with GeneratedClass '/Game/ThirdPersonBP/Maps/ThirdPersonExampleMap.ThirdPersonExampleMap_C' with ClassGeneratedBy '/Game/ThirdPersonBP/Maps/ThirdPersonExampleMap.ThirdPersonExampleMap:PersistentLevel.ThirdPersonExampleMap'
[2015.10.08-05.29.41:301][648]LogPlayLevel: PlayLevel: No blueprints needed recompiling
[2015.10.08-05.29.41:345][648]PIE: New page: PIE session: ThirdPersonExampleMap (Oct 7, 2015, 3:29:41 PM)
[2015.10.08-05.29.41:345][648]LogPlayLevel: Creating play world package: /Game/ThirdPersonBP/Maps/UEDPIE_0_ThirdPersonExampleMap
[2015.10.08-05.29.41:460][648]LogPlayLevel: PIE: StaticDuplicateObject took: (0.114808s)
[2015.10.08-05.29.41:460][648]LogAIModule: Creating AISystem for world ThirdPersonExampleMap
[2015.10.08-05.29.41:461][648]LogPlayLevel: PIE: World Init took: (0.000694s)
[2015.10.08-05.29.41:483][648]LogPlayLevel: PIE: Created PIE world by copying editor world from /Game/ThirdPersonBP/Maps/ThirdPersonExampleMap.ThirdPersonExampleMap to /Game/ThirdPersonBP/Maps/UEDPIE_0_ThirdPersonExampleMap.ThirdPersonExampleMap (0.138068s)
[2015.10.08-05.29.41:500][648]LogActorComponent: UnregisterComponent: (/Engine/Transient.CharMoveComp) Not registered. Aborting.
[2015.10.08-05.29.41:580][648]LogInit: XAudio2 using 'Speakers (Siberia v2 D3H)' : 2 channels at 44.1 kHz using 16 bits per sample (channel mask 0x3)
[2015.10.08-05.29.41:588][648]LogInit: FAudioDevice initialized.
[2015.10.08-05.29.42:170][648]LogWorld: Game class is 'ThirdPersonGameMode_C'
[2015.10.08-05.29.42:375][648]LogWorld: Bringing World /Game/ThirdPersonBP/Maps/UEDPIE_0_ThirdPersonExampleMap.ThirdPersonExampleMap up for play (max tick rate 60) at 2015.10.07-22.29.42
[2015.10.08-05.29.42:378][648]LogActor:Warning: GameSession /Game/ThirdPersonBP/Maps/UEDPIE_0_ThirdPersonExampleMap.ThirdPersonExampleMap:PersistentLevel.GameSession_0 has natively added scene component(s), but none of them were set as the actor's RootComponent - picking one arbitrarily
[2015.10.08-05.29.42:406][648]LogActor:Warning: GameNetworkManager /Game/ThirdPersonBP/Maps/UEDPIE_0_ThirdPersonExampleMap.ThirdPersonExampleMap:PersistentLevel.GameNetworkManager_0 has natively added scene component(s), but none of them were set as the actor's RootComponent - picking one arbitrarily
[2015.10.08-05.29.42:455][648]LogWorld: Bringing up level for play took: 0.116503
[2015.10.08-05.29.42:801][648]PIE: Info Play in editor start time for /Game/ThirdPersonBP/Maps/UEDPIE_0_ThirdPersonExampleMap 0.873
[2015.10.08-05.29.42:801][648]LogBlueprintUserMessages: Late PlayInEditor Detection: Level '/Game/ThirdPersonBP/Maps/ThirdPersonExampleMap.ThirdPersonExampleMap:PersistentLevel' has LevelScriptBlueprint '/Game/ThirdPersonBP/Maps/ThirdPersonExampleMap.ThirdPersonExampleMap:PersistentLevel.ThirdPersonExampleMap' with GeneratedClass '/Game/ThirdPersonBP/Maps/ThirdPersonExampleMap.ThirdPersonExampleMap_C' with ClassGeneratedBy '/Game/ThirdPersonBP/Maps/ThirdPersonExampleMap.ThirdPersonExampleMap:PersistentLevel.ThirdPersonExampleMap'
[2015.10.08-05.29.50:949][ 87]LogBlueprintUserMessages: Early EndPlayMap Detection: Level '/Game/ThirdPersonBP/Maps/ThirdPersonExampleMap.ThirdPersonExampleMap:PersistentLevel' has LevelScriptBlueprint '/Game/ThirdPersonBP/Maps/ThirdPersonExampleMap.ThirdPersonExampleMap:PersistentLevel.ThirdPersonExampleMap' with GeneratedClass '/Game/ThirdPersonBP/Maps/ThirdPersonExampleMap.ThirdPersonExampleMap_C' with ClassGeneratedBy '/Game/ThirdPersonBP/Maps/ThirdPersonExampleMap.ThirdPersonExampleMap:PersistentLevel.ThirdPersonExampleMap'
[2015.10.08-05.29.51:096][ 87]LogBlueprintUserMessages: Late EndPlayMap Detection: Level '/Game/ThirdPersonBP/Maps/ThirdPersonExampleMap.ThirdPersonExampleMap:PersistentLevel' has LevelScriptBlueprint '/Game/ThirdPersonBP/Maps/ThirdPersonExampleMap.ThirdPersonExampleMap:PersistentLevel.ThirdPersonExampleMap' with GeneratedClass '/Game/ThirdPersonBP/Maps/ThirdPersonExampleMap.ThirdPersonExampleMap_C' with ClassGeneratedBy '/Game/ThirdPersonBP/Maps/ThirdPersonExampleMap.ThirdPersonExampleMap:PersistentLevel.ThirdPersonExampleMap'
[2015.10.08-05.29.51:211][ 87]LogParticles: Destroying 0 GPU particle simulations for FXSystem 0x0000000017BA51C0
[2015.10.08-05.30.57:017][312]LogActorComponent: UnregisterComponent: (/Engine/Transient.CharMoveComp) Not registered. Aborting.
[2015.10.08-05.31.17:566][312]LogSavePackage: Save=17127.792969ms
[2015.10.08-05.31.17:566][312]LogSavePackage: Moving 'E:/GDDHorrorGame/Saved/ThirdPersonExampleMap_Auto2362C43F84770DC8367F3678049AC3B71.tmp' to 'E:/GDDHorrorGame/Saved/Autosaves/Game/ThirdPersonBP/Maps/ThirdPersonExampleMap_Auto2.umap'
[2015.10.08-05.31.17:584][312]LogSavePackage: Total save time: 20464.126494ms
[2015.10.08-05.31.17:584][312]LogSavePackage:Warning: Finished SavePackage E:/GDDHorrorGame/Saved/Autosaves/Game/ThirdPersonBP/Maps/ThirdPersonExampleMap_Auto2.umap
[2015.10.08-05.31.17:704][312]LogFileHelpers: Editor autosave (incl. sublevels) for '/Game/ThirdPersonBP/Maps/ThirdPersonExampleMap' took 20.686
[2015.10.08-05.31.17:704][312]LogFileHelpers: Editor autosave (incl. sublevels) for all levels took 20.686
[2015.10.08-05.31.17:712][312]OBJ SavePackage: Generating thumbnails for [1] asset(s) in package [/Game/ThirdPersonBP/Blueprints/Outside_Door_Blueprint] ([1] browsable assets)...
[2015.10.08-05.31.17:748][312]OBJ SavePackage:     Rendered thumbnail for [Blueprint /Game/ThirdPersonBP/Blueprints/Outside_Door_Blueprint.Outside_Door_Blueprint]
[2015.10.08-05.31.17:748][312]OBJ SavePackage: Finished generating thumbnails for package [/Game/ThirdPersonBP/Blueprints/Outside_Door_Blueprint]
[2015.10.08-05.31.28:314][312]LogSavePackage: Save=10521.037109ms
[2015.10.08-05.31.30:526][312]LogSavePackage: Moving 'E:/GDDHorrorGame/Saved/Outside_Door_Blueprint_Auto2472E5C394F097C21F4C2BE8EA97250EC.tmp' to 'E:/GDDHorrorGame/Saved/Autosaves/Game/ThirdPersonBP/Blueprints/Outside_Door_Blueprint_Auto2.uasset'
[2015.10.08-05.31.30:552][312]LogSavePackage: Total save time: 12759.348076ms
[2015.10.08-05.31.30:552][312]LogSavePackage:Warning: Finished SavePackage E:/GDDHorrorGame/Saved/Autosaves/Game/ThirdPersonBP/Blueprints/Outside_Door_Blueprint_Auto2.uasset
[2015.10.08-05.31.30:552][312]LogFileHelpers: Auto-saving content packages took 12.847
[2015.10.08-05.36.11:474][192]LogActorComponent: UnregisterComponent: (/Engine/Transient.CharMoveComp) Not registered. Aborting.
[2015.10.08-05.36.11:496][192]LogParticles: Destroying 0 GPU particle simulations for FXSystem 0x0000000045948AE0
[2015.10.08-05.36.11:521][192]LogMetaData: Removing '/Game/ThirdPersonBP/User_Interface/Game_Menu/In_Game_Menu.SKEL_In_Game_Menu_C' ref from Metadata '/Game/ThirdPersonBP/User_Interface/Game_Menu/NewWidgetBlueprint.PackageMetaData'
[2015.10.08-05.36.11:521][192]LogMetaData: Removing '/Game/ThirdPersonBP/User_Interface/Game_Menu/In_Game_Menu.In_Game_Menu_C' ref from Metadata '/Game/ThirdPersonBP/User_Interface/Game_Menu/NewWidgetBlueprint.PackageMetaData'
[2015.10.08-05.36.11:521][192]LogMetaData: Removing '/Game/ThirdPersonBP/User_Interface/Game_Menu/In_Game_Menu.In_Game_Menu:EventGraph.K2Node_Event_184' ref from Metadata '/Game/ThirdPersonBP/User_Interface/Game_Menu/NewWidgetBlueprint.PackageMetaData'
[2015.10.08-05.36.11:521][192]LogMetaData: Removing '/Game/ThirdPersonBP/User_Interface/Game_Menu/In_Game_Menu.In_Game_Menu:EventGraph.K2Node_Event_185' ref from Metadata '/Game/ThirdPersonBP/User_Interface/Game_Menu/NewWidgetBlueprint.PackageMetaData'
[2015.10.08-05.36.11:628][192]Cmd: OBJ SAVEPACKAGE PACKAGE="/Game/ThirdPersonBP/User_Interface/Game_Menu/In_Game_Menu" FILE="E:/GDDHorrorGame/Content/ThirdPersonBP/User_Interface/Game_Menu/In_Game_Menu.uasset" SILENT=true
[2015.10.08-05.36.12:317][192]LogSavePackage: Save=641.772949ms
[2015.10.08-05.36.12:317][192]LogSavePackage: Moving 'E:/GDDHorrorGame/Saved/In_Game_Menu4E8032884611AE40ED524A903241AC15.tmp' to 'E:/GDDHorrorGame/Content/ThirdPersonBP/User_Interface/Game_Menu/In_Game_Menu.uasset'
[2015.10.08-05.36.16:757][192]LogSavePackage: Total save time: 5082.610145ms
[2015.10.08-05.36.16:757][192]LogSavePackage:Warning: Finished SavePackage E:/GDDHorrorGame/Content/ThirdPersonBP/User_Interface/Game_Menu/In_Game_Menu.uasset
[2015.10.08-05.40.22:313][567]LogUObjectHash:Warning: Ambiguous search, could be CanvasPanel /Game/ThirdPersonBP/User_Interface/Game_Menu/In_Game_Menu.In_Game_Menu:WidgetTree.CanvasPanel_0 or CanvasPanel /Game/ThirdPersonBP/User_Interface/Game_Menu/In_Game_Menu.In_Game_Menu_C:WidgetTree_4.CanvasPanel_0
[2015.10.08-05.40.22:313][567]LogUObjectHash:Warning: Ambiguous search, could be CanvasPanel /Game/ThirdPersonBP/User_Interface/Game_Menu/In_Game_Menu.In_Game_Menu:WidgetTree.CanvasPanel_0 or CanvasPanel /Engine/Transient.World_7:In_Game_Menu_C_0.WidgetTree_5.CanvasPanel_0
[2015.10.08-05.40.22:313][567]LogUObjectHash:Warning: Ambiguous search, could be CanvasPanel /Game/ThirdPersonBP/User_Interface/Game_Menu/In_Game_Menu.In_Game_Menu:WidgetTree.CanvasPanel_0 or CanvasPanel /Game/ThirdPersonBP/User_Interface/Game_Menu/In_Game_Menu.In_Game_Menu_C:WidgetTree_6.CanvasPanel_0
[2015.10.08-05.40.22:313][567]LogUObjectHash:Warning: Ambiguous search, could be CanvasPanel /Game/ThirdPersonBP/User_Interface/Game_Menu/In_Game_Menu.In_Game_Menu:WidgetTree.CanvasPanel_0 or CanvasPanel /Engine/Transient.World_7:In_Game_Menu_C_1.WidgetTree_7.CanvasPanel_0
[2015.10.08-05.40.22:313][567]LogUObjectHash:Warning: Ambiguous search, could be CanvasPanel /Game/ThirdPersonBP/User_Interface/Game_Menu/In_Game_Menu.In_Game_Menu:WidgetTree.CanvasPanel_0 or CanvasPanel /Game/ThirdPersonBP/User_Interface/Game_Menu/In_Game_Menu.In_Game_Menu_C:WidgetTree_8.CanvasPanel_0
[2015.10.08-05.40.22:313][567]LogUObjectHash:Warning: Ambiguous search, could be CanvasPanel /Game/ThirdPersonBP/User_Interface/Game_Menu/In_Game_Menu.In_Game_Menu:WidgetTree.CanvasPanel_0 or CanvasPanel /Engine/Transient.World_7:In_Game_Menu_C_2.WidgetTree_9.CanvasPanel_0
[2015.10.08-05.40.22:323][567]LogUObjectHash:Warning: Ambiguous search, could be CanvasPanel /Game/ThirdPersonBP/User_Interface/Game_Menu/In_Game_Menu.In_Game_Menu:WidgetTree.CanvasPanel_0 or CanvasPanel /Game/ThirdPersonBP/User_Interface/Game_Menu/In_Game_Menu.In_Game_Menu_C:WidgetTree_10.CanvasPanel_0
[2015.10.08-05.40.22:323][567]LogUObjectHash:Warning: Ambiguous search, could be CanvasPanel /Game/ThirdPersonBP/User_Interface/Game_Menu/In_Game_Menu.In_Game_Menu:WidgetTree.CanvasPanel_0 or CanvasPanel /Engine/Transient.World_7:In_Game_Menu_C_3.WidgetTree_11.CanvasPanel_0
[2015.10.08-05.40.22:323][567]LogUObjectHash:Warning: Ambiguous search, could be CanvasPanel /Game/ThirdPersonBP/User_Interface/Game_Menu/In_Game_Menu.In_Game_Menu:WidgetTree.CanvasPanel_0 or CanvasPanel /Game/ThirdPersonBP/User_Interface/Game_Menu/In_Game_Menu.In_Game_Menu_C:WidgetTree_12.CanvasPanel_0
[2015.10.08-05.40.22:323][567]LogUObjectHash:Warning: Ambiguous search, could be CanvasPanel /Game/ThirdPersonBP/User_Interface/Game_Menu/In_Game_Menu.In_Game_Menu:WidgetTree.CanvasPanel_0 or CanvasPanel /Engine/Transient.World_7:In_Game_Menu_C_4.WidgetTree_13.CanvasPanel_0
[2015.10.08-05.40.22:323][567]LogUObjectHash:Warning: Ambiguous search, could be CanvasPanel /Game/ThirdPersonBP/User_Interface/Game_Menu/In_Game_Menu.In_Game_Menu:WidgetTree.CanvasPanel_0 or CanvasPanel /Game/ThirdPersonBP/User_Interface/Game_Menu/In_Game_Menu.In_Game_Menu_C:WidgetTree_14.CanvasPanel_0
[2015.10.08-05.40.22:323][567]LogUObjectHash:Warning: Ambiguous search, could be CanvasPanel /Game/ThirdPersonBP/User_Interface/Game_Menu/In_Game_Menu.In_Game_Menu:WidgetTree.CanvasPanel_0 or CanvasPanel /Engine/Transient.World_7:In_Game_Menu_C_5.WidgetTree_15.CanvasPanel_0
[2015.10.08-05.40.22:323][567]LogUObjectHash:Warning: Ambiguous search, could be CanvasPanel /Game/ThirdPersonBP/User_Interface/Game_Menu/In_Game_Menu.In_Game_Menu:WidgetTree.CanvasPanel_0 or CanvasPanel /Game/ThirdPersonBP/User_Interface/Game_Menu/In_Game_Menu.In_Game_Menu_C:WidgetTree_16.CanvasPanel_0
[2015.10.08-05.40.22:323][567]LogUObjectHash:Warning: Ambiguous search, could be CanvasPanel /Game/ThirdPersonBP/User_Interface/Game_Menu/In_Game_Menu.In_Game_Menu:WidgetTree.CanvasPanel_0 or CanvasPanel /Engine/Transient.World_7:In_Game_Menu_C_6.WidgetTree_17.CanvasPanel_0
[2015.10.08-05.40.22:323][567]LogUObjectHash:Warning: Ambiguous search, could be CanvasPanel /Game/ThirdPersonBP/User_Interface/Game_Menu/In_Game_Menu.In_Game_Menu:WidgetTree.CanvasPanel_0 or CanvasPanel /Game/ThirdPersonBP/User_Interface/Game_Menu/In_Game_Menu.In_Game_Menu_C:WidgetTree_18.CanvasPanel_0
[2015.10.08-05.40.22:323][567]LogUObjectHash:Warning: Ambiguous search, could be CanvasPanel /Game/ThirdPersonBP/User_Interface/Game_Menu/In_Game_Menu.In_Game_Menu:WidgetTree.CanvasPanel_0 or CanvasPanel /Engine/Transient.World_7:In_Game_Menu_C_7.WidgetTree_19.CanvasPanel_0
[2015.10.08-05.40.22:323][567]LogUObjectHash:Warning: Ambiguous search, could be CanvasPanel /Game/ThirdPersonBP/User_Interface/Game_Menu/In_Game_Menu.In_Game_Menu:WidgetTree.CanvasPanel_0 or CanvasPanel /Game/ThirdPersonBP/User_Interface/Game_Menu/In_Game_Menu.In_Game_Menu_C:WidgetTree_20.CanvasPanel_0
[2015.10.08-05.40.22:323][567]LogUObjectHash:Warning: Ambiguous search, could be CanvasPanel /Game/ThirdPersonBP/User_Interface/Game_Menu/In_Game_Menu.In_Game_Menu:WidgetTree.CanvasPanel_0 or CanvasPanel /Engine/Transient.World_7:In_Game_Menu_C_8.WidgetTree_21.CanvasPanel_0
[2015.10.08-05.40.22:323][567]LogUObjectHash:Warning: Ambiguous search, could be CanvasPanel /Game/ThirdPersonBP/User_Interface/Game_Menu/In_Game_Menu.In_Game_Menu:WidgetTree.CanvasPanel_0 or CanvasPanel /Game/ThirdPersonBP/User_Interface/Game_Menu/In_Game_Menu.In_Game_Menu_C:WidgetTree_22.CanvasPanel_0
[2015.10.08-05.40.22:323][567]LogUObjectHash:Warning: Ambiguous search, could be CanvasPanel /Game/ThirdPersonBP/User_Interface/Game_Menu/In_Game_Menu.In_Game_Menu:WidgetTree.CanvasPanel_0 or CanvasPanel /Engine/Transient.World_7:In_Game_Menu_C_9.WidgetTree_23.CanvasPanel_0
[2015.10.08-05.40.22:330][567]LogUObjectHash:Warning: Ambiguous search, could be CanvasPanel /Game/ThirdPersonBP/User_Interface/Game_Menu/In_Game_Menu.In_Game_Menu:WidgetTree.CanvasPanel_0 or CanvasPanel /Game/ThirdPersonBP/User_Interface/Game_Menu/In_Game_Menu.In_Game_Menu_C:WidgetTree_24.CanvasPanel_0
[2015.10.08-05.40.22:330][567]LogUObjectHash:Warning: Ambiguous search, could be CanvasPanel /Game/ThirdPersonBP/User_Interface/Game_Menu/In_Game_Menu.In_Game_Menu:WidgetTree.CanvasPanel_0 or CanvasPanel /Engine/Transient.World_7:In_Game_Menu_C_10.WidgetTree_25.CanvasPanel_0
[2015.10.08-05.40.22:330][567]LogUObjectHash:Warning: Ambiguous search, could be CanvasPanel /Game/ThirdPersonBP/User_Interface/Game_Menu/In_Game_Menu.In_Game_Menu:WidgetTree.CanvasPanel_0 or CanvasPanel /Game/ThirdPersonBP/User_Interface/Game_Menu/In_Game_Menu.In_Game_Menu_C:WidgetTree_26.CanvasPanel_0
[2015.10.08-05.40.22:330][567]LogUObjectHash:Warning: Ambiguous search, could be CanvasPanel /Game/ThirdPersonBP/User_Interface/Game_Menu/In_Game_Menu.In_Game_Menu:WidgetTree.CanvasPanel_0 or CanvasPanel /Engine/Transient.World_7:In_Game_Menu_C_11.WidgetTree_27.CanvasPanel_0
[2015.10.08-05.40.22:330][567]LogUObjectHash:Warning: Ambiguous search, could be CanvasPanel /Game/ThirdPersonBP/User_Interface/Game_Menu/In_Game_Menu.In_Game_Menu:WidgetTree.CanvasPanel_0 or CanvasPanel /Game/ThirdPersonBP/User_Interface/Game_Menu/In_Game_Menu.In_Game_Menu_C:WidgetTree_28.CanvasPanel_0
[2015.10.08-05.40.22:330][567]LogUObjectHash:Warning: Ambiguous search, could be CanvasPanel /Game/ThirdPersonBP/User_Interface/Game_Menu/In_Game_Menu.In_Game_Menu:WidgetTree.CanvasPanel_0 or CanvasPanel /Engine/Transient.World_7:In_Game_Menu_C_12.WidgetTree_29.CanvasPanel_0
[2015.10.08-05.40.22:330][567]LogUObjectHash:Warning: Ambiguous search, could be CanvasPanel /Game/ThirdPersonBP/User_Interface/Game_Menu/In_Game_Menu.In_Game_Menu:WidgetTree.CanvasPanel_0 or CanvasPanel /Game/ThirdPersonBP/User_Interface/Game_Menu/In_Game_Menu.In_Game_Menu_C:WidgetTree_30.CanvasPanel_0
[2015.10.08-05.40.22:330][567]LogUObjectHash:Warning: Ambiguous search, could be CanvasPanel /Game/ThirdPersonBP/User_Interface/Game_Menu/In_Game_Menu.In_Game_Menu:WidgetTree.CanvasPanel_0 or CanvasPanel /Engine/Transient.World_7:In_Game_Menu_C_13.WidgetTree_31.CanvasPanel_0
[2015.10.08-05.40.22:330][567]LogUObjectHash:Warning: Ambiguous search, could be CanvasPanel /Game/ThirdPersonBP/User_Interface/Game_Menu/In_Game_Menu.In_Game_Menu:WidgetTree.CanvasPanel_0 or CanvasPanel /Game/ThirdPersonBP/User_Interface/Game_Menu/In_Game_Menu.In_Game_Menu_C:WidgetTree_32.CanvasPanel_0
[2015.10.08-05.40.22:330][567]LogUObjectHash:Warning: Ambiguous search, could be CanvasPanel /Game/ThirdPersonBP/User_Interface/Game_Menu/In_Game_Menu.In_Game_Menu:WidgetTree.CanvasPanel_0 or CanvasPanel /Engine/Transient.World_7:In_Game_Menu_C_14.WidgetTree_33.CanvasPanel_0
[2015.10.08-05.40.22:330][567]LogUObjectHash:Warning: Ambiguous search, could be CanvasPanel /Game/ThirdPersonBP/User_Interface/Game_Menu/In_Game_Menu.In_Game_Menu:WidgetTree.CanvasPanel_0 or CanvasPanel /Game/ThirdPersonBP/User_Interface/Game_Menu/In_Game_Menu.In_Game_Menu_C:WidgetTree_34.CanvasPanel_0
[2015.10.08-05.40.22:330][567]LogUObjectHash:Warning: Ambiguous search, could be CanvasPanel /Game/ThirdPersonBP/User_Interface/Game_Menu/In_Game_Menu.In_Game_Menu:WidgetTree.CanvasPanel_0 or CanvasPanel /Engine/Transient.World_7:In_Game_Menu_C_15.WidgetTree_35.CanvasPanel_0
[2015.10.08-05.40.22:330][567]LogProperty:Warning: Illegal TEXT reference to a private object in external package (CanvasPanelSlot /Game/ThirdPersonBP/User_Interface/Game_Menu/In_Game_Menu.In_Game_Menu:WidgetTree.CanvasPanel_0.CanvasPanelSlot_333) from referencer (Button /Engine/UMG/Editor/Transient.Quit_Game_Button).  Import failed...
[2015.10.08-05.40.22:330][567]LogProperty:Warning: ObjectProperty /Script/UMG.Widget:Slot: unresolved reference to 'CanvasPanelSlot'CanvasPanel_0.CanvasPanelSlot_333''
[2015.10.08-05.43.19:289][166]LogBlueprintUserMessages: CustomizeDetails for Blueprint 'In_Game_Menu', cached variable property's owner is '/Script/Engine.PlayerController'
[2015.10.08-05.44.40:602][233]BlueprintLog: New page: Compile In_Game_Menu
[2015.10.08-05.44.40:697][233]BlueprintEditorCompileResults: Info [3172.24] Compile of In_Game_Menu successful! [in 93 ms]
[2015.10.08-05.45.25:609][389]Cmd: TRANSACTION UNDO
[2015.10.08-05.45.25:681][389]LogEditorTransaction: Undo Add Action Mapping To Group
[2015.10.08-05.48.49:880][461]LogBlueprintUserMessages: CustomizeDetails for Blueprint 'ThirdPersonCharacter', cached variable property's owner is '/Script/Engine.PlayerController'
[2015.10.08-05.49.06:480][450]BlueprintLog: New page: Compile ThirdPersonCharacter
[2015.10.08-05.49.06:590][450]LogActorComponent: UnregisterComponent: (/Engine/Transient.CharMoveComp) Not registered. Aborting.
[2015.10.08-05.49.06:624][450]LogParticles: Destroying 0 GPU particle simulations for FXSystem 0x0000000031B10E00
[2015.10.08-05.49.06:624][450]BlueprintEditorCompileResults: Info [3438.16] Compile of ThirdPersonCharacter successful! [in 144 ms]
[2015.10.08-05.49.13:650][865]LogEditorViewport: Clicking on Actor (LMB): StaticMeshActor (Floor)
[2015.10.08-05.49.14:749][922]LogBlueprintUserMessages: Early PlayInEditor Detection: Level '/Game/ThirdPersonBP/Maps/ThirdPersonExampleMap.ThirdPersonExampleMap:PersistentLevel' has LevelScriptBlueprint '/Game/ThirdPersonBP/Maps/ThirdPersonExampleMap.ThirdPersonExampleMap:PersistentLevel.ThirdPersonExampleMap' with GeneratedClass '/Game/ThirdPersonBP/Maps/ThirdPersonExampleMap.ThirdPersonExampleMap_C' with ClassGeneratedBy '/Game/ThirdPersonBP/Maps/ThirdPersonExampleMap.ThirdPersonExampleMap:PersistentLevel.ThirdPersonExampleMap'
[2015.10.08-05.49.14:749][922]LogPlayLevel: PlayLevel: No blueprints needed recompiling
[2015.10.08-05.49.14:749][922]PIE: New page: PIE session: ThirdPersonExampleMap (Oct 7, 2015, 3:49:14 PM)
[2015.10.08-05.49.14:749][922]LogPlayLevel: Creating play world package: /Game/ThirdPersonBP/Maps/UEDPIE_0_ThirdPersonExampleMap
[2015.10.08-05.49.14:774][922]LogPlayLevel: PIE: StaticDuplicateObject took: (0.024949s)
[2015.10.08-05.49.14:775][922]LogAIModule: Creating AISystem for world ThirdPersonExampleMap
[2015.10.08-05.49.14:775][922]LogPlayLevel: PIE: World Init took: (0.000974s)
[2015.10.08-05.49.14:775][922]LogPlayLevel: PIE: Created PIE world by copying editor world from /Game/ThirdPersonBP/Maps/ThirdPersonExampleMap.ThirdPersonExampleMap to /Game/ThirdPersonBP/Maps/UEDPIE_0_ThirdPersonExampleMap.ThirdPersonExampleMap (0.026154s)
[2015.10.08-05.49.14:776][922]LogActorComponent: UnregisterComponent: (/Engine/Transient.CharMoveComp) Not registered. Aborting.
[2015.10.08-05.49.14:799][922]LogParticles: Destroying 0 GPU particle simulations for FXSystem 0x000000003093EDE0
[2015.10.08-05.49.14:813][922]LogInit: XAudio2 using 'Speakers (Siberia v2 D3H)' : 2 channels at 44.1 kHz using 16 bits per sample (channel mask 0x3)
[2015.10.08-05.49.14:821][922]LogInit: FAudioDevice initialized.
[2015.10.08-05.49.14:853][922]LogWorld: Game class is 'ThirdPersonGameMode_C'
[2015.10.08-05.49.14:888][922]LogWorld: Bringing World /Game/ThirdPersonBP/Maps/UEDPIE_0_ThirdPersonExampleMap.ThirdPersonExampleMap up for play (max tick rate 60) at 2015.10.07-22.49.14
[2015.10.08-05.49.14:888][922]LogActor:Warning: GameSession /Game/ThirdPersonBP/Maps/UEDPIE_0_ThirdPersonExampleMap.ThirdPersonExampleMap:PersistentLevel.GameSession_1 has natively added scene component(s), but none of them were set as the actor's RootComponent - picking one arbitrarily
[2015.10.08-05.49.14:889][922]LogActor:Warning: GameNetworkManager /Game/ThirdPersonBP/Maps/UEDPIE_0_ThirdPersonExampleMap.ThirdPersonExampleMap:PersistentLevel.GameNetworkManager_1 has natively added scene component(s), but none of them were set as the actor's RootComponent - picking one arbitrarily
[2015.10.08-05.49.14:890][922]LogWorld: Bringing up level for play took: 0.035822
[2015.10.08-05.49.14:900][922]PIE: Info Play in editor start time for /Game/ThirdPersonBP/Maps/UEDPIE_0_ThirdPersonExampleMap 0.956
[2015.10.08-05.49.14:900][922]LogBlueprintUserMessages: Late PlayInEditor Detection: Level '/Game/ThirdPersonBP/Maps/ThirdPersonExampleMap.ThirdPersonExampleMap:PersistentLevel' has LevelScriptBlueprint '/Game/ThirdPersonBP/Maps/ThirdPersonExampleMap.ThirdPersonExampleMap:PersistentLevel.ThirdPersonExampleMap' with GeneratedClass '/Game/ThirdPersonBP/Maps/ThirdPersonExampleMap.ThirdPersonExampleMap_C' with ClassGeneratedBy '/Game/ThirdPersonBP/Maps/ThirdPersonExampleMap.ThirdPersonExampleMap:PersistentLevel.ThirdPersonExampleMap'
[2015.10.08-05.49.23:599][437]LogBlueprintUserMessages: Early EndPlayMap Detection: Level '/Game/ThirdPersonBP/Maps/ThirdPersonExampleMap.ThirdPersonExampleMap:PersistentLevel' has LevelScriptBlueprint '/Game/ThirdPersonBP/Maps/ThirdPersonExampleMap.ThirdPersonExampleMap:PersistentLevel.ThirdPersonExampleMap' with GeneratedClass '/Game/ThirdPersonBP/Maps/ThirdPersonExampleMap.ThirdPersonExampleMap_C' with ClassGeneratedBy '/Game/ThirdPersonBP/Maps/ThirdPersonExampleMap.ThirdPersonExampleMap:PersistentLevel.ThirdPersonExampleMap'
[2015.10.08-05.49.23:653][437]LogBlueprintUserMessages: Late EndPlayMap Detection: Level '/Game/ThirdPersonBP/Maps/ThirdPersonExampleMap.ThirdPersonExampleMap:PersistentLevel' has LevelScriptBlueprint '/Game/ThirdPersonBP/Maps/ThirdPersonExampleMap.ThirdPersonExampleMap:PersistentLevel.ThirdPersonExampleMap' with GeneratedClass '/Game/ThirdPersonBP/Maps/ThirdPersonExampleMap.ThirdPersonExampleMap_C' with ClassGeneratedBy '/Game/ThirdPersonBP/Maps/ThirdPersonExampleMap.ThirdPersonExampleMap:PersistentLevel.ThirdPersonExampleMap'
[2015.10.08-05.49.23:675][437]LogParticles: Destroying 0 GPU particle simulations for FXSystem 0x00000000615874C0
[2015.10.08-05.50.12:072][999]LogSavePackage: Save=16572.462891ms
[2015.10.08-05.50.12:072][999]LogSavePackage: Moving 'E:/GDDHorrorGame/Saved/ThirdPersonExampleMap_Auto3AF9EF096494DE563B1AE38BBD869D776.tmp' to 'E:/GDDHorrorGame/Saved/Autosaves/Game/ThirdPersonBP/Maps/ThirdPersonExampleMap_Auto3.umap'
[2015.10.08-05.50.14:313][999]LogSavePackage: Total save time: 24247.476768ms
[2015.10.08-05.50.14:313][999]LogSavePackage:Warning: Finished SavePackage E:/GDDHorrorGame/Saved/Autosaves/Game/ThirdPersonBP/Maps/ThirdPersonExampleMap_Auto3.umap
[2015.10.08-05.50.14:353][999]LogFileHelpers: Editor autosave (incl. sublevels) for '/Game/ThirdPersonBP/Maps/ThirdPersonExampleMap' took 24.364
[2015.10.08-05.50.14:353][999]LogFileHelpers: Editor autosave (incl. sublevels) for all levels took 24.364
[2015.10.08-05.50.14:361][999]OBJ SavePackage: Generating thumbnails for [1] asset(s) in package [/Game/ThirdPersonBP/Blueprints/ThirdPersonCharacter] ([1] browsable assets)...
[2015.10.08-05.50.14:400][999]OBJ SavePackage:     Rendered thumbnail for [Blueprint /Game/ThirdPersonBP/Blueprints/ThirdPersonCharacter.ThirdPersonCharacter]
[2015.10.08-05.50.14:400][999]OBJ SavePackage: Finished generating thumbnails for package [/Game/ThirdPersonBP/Blueprints/ThirdPersonCharacter]
[2015.10.08-05.50.36:450][999]LogSavePackage: Save=17531.437500ms
[2015.10.08-05.50.36:450][999]LogSavePackage: Moving 'E:/GDDHorrorGame/Saved/ThirdPersonCharacter_Auto3BD49BD73415F51748DCD1A8BA27B53BE.tmp' to 'E:/GDDHorrorGame/Saved/Autosaves/Game/ThirdPersonBP/Blueprints/ThirdPersonCharacter_Auto3.uasset'
[2015.10.08-05.50.38:670][999]LogSavePackage: Total save time: 22003.525108ms
[2015.10.08-05.50.38:670][999]LogSavePackage:Warning: Finished SavePackage E:/GDDHorrorGame/Saved/Autosaves/Game/ThirdPersonBP/Blueprints/ThirdPersonCharacter_Auto3.uasset
[2015.10.08-05.50.41:013][999]LogSavePackage: Save=30.246723ms
[2015.10.08-05.50.41:013][999]LogSavePackage: Moving 'E:/GDDHorrorGame/Saved/NewWidgetBlueprint_Auto38527F36247A1128A5E188DB3720E0EB4.tmp' to 'E:/GDDHorrorGame/Saved/Autosaves/Game/ThirdPersonBP/User_Interface/Game_Menu/NewWidgetBlueprint_Auto3.uasset'
[2015.10.08-05.50.41:032][999]LogSavePackage: Total save time: 54.287840ms
[2015.10.08-05.50.43:238][999]LogSavePackage:Warning: Finished SavePackage E:/GDDHorrorGame/Saved/Autosaves/Game/ThirdPersonBP/User_Interface/Game_Menu/NewWidgetBlueprint_Auto3.uasset
[2015.10.08-05.50.43:256][999]OBJ SavePackage: Generating thumbnails for [0] asset(s) in package [/Game/ThirdPersonBP/User_Interface/Game_Menu/In_Game_Menu] ([1] browsable assets)...
[2015.10.08-05.50.43:256][999]OBJ SavePackage: Finished generating thumbnails for package [/Game/ThirdPersonBP/User_Interface/Game_Menu/In_Game_Menu]
[2015.10.08-05.50.49:258][999]LogSavePackage: Save=3724.040039ms
[2015.10.08-05.50.49:259][999]LogSavePackage: Moving 'E:/GDDHorrorGame/Saved/In_Game_Menu_Auto3E307A4FC41FC69A65F387F8252CDE5FD.tmp' to 'E:/GDDHorrorGame/Saved/Autosaves/Game/ThirdPersonBP/User_Interface/Game_Menu/In_Game_Menu_Auto3.uasset'
[2015.10.08-05.50.49:278][999]LogSavePackage: Total save time: 5974.119995ms
[2015.10.08-05.50.49:278][999]LogSavePackage:Warning: Finished SavePackage E:/GDDHorrorGame/Saved/Autosaves/Game/ThirdPersonBP/User_Interface/Game_Menu/In_Game_Menu_Auto3.uasset
[2015.10.08-05.50.49:278][999]LogFileHelpers: Auto-saving content packages took 34.923
[2015.10.08-05.52.23:516][791]LogEditorViewport: Clicking on Actor (LMB): TextRenderActor (TemplateLabel)
[2015.10.08-05.52.24:126][819]LogEditorViewport: Clicking on Actor (LMB): ThirdPersonCharacter_C (ThirdPersonCharacter)
[2015.10.08-05.53.07:930][842]LogActorComponent: UnregisterComponent: (/Engine/Transient.CharMoveComp) Not registered. Aborting.
[2015.10.08-05.54.49:986][322]LogActorComponent: UnregisterComponent: (/Engine/Transient.CharacterMovementComponent_0) Not registered. Aborting.
[2015.10.08-05.55.04:369][168]LogActorComponent: UnregisterComponent: (/Engine/Transient.CharacterMovementComponent_1) Not registered. Aborting.
[2015.10.08-05.55.14:015][745]BlueprintLog: New page: Compile ThirdPersonCharacter
[2015.10.08-05.55.14:435][745]LogActorComponent: UnregisterComponent: (/Engine/Transient.CharacterMovementComponent_2) Not registered. Aborting.
[2015.10.08-05.55.14:490][745]BlueprintEditorCompileResults: Info [3806.02] Compile of ThirdPersonCharacter successful! [in 475 ms]
[2015.10.08-05.55.18:888][992]LogBlueprintUserMessages: Early PlayInEditor Detection: Level '/Game/ThirdPersonBP/Maps/ThirdPersonExampleMap.ThirdPersonExampleMap:PersistentLevel' has LevelScriptBlueprint '/Game/ThirdPersonBP/Maps/ThirdPersonExampleMap.ThirdPersonExampleMap:PersistentLevel.ThirdPersonExampleMap' with GeneratedClass '/Game/ThirdPersonBP/Maps/ThirdPersonExampleMap.ThirdPersonExampleMap_C' with ClassGeneratedBy '/Game/ThirdPersonBP/Maps/ThirdPersonExampleMap.ThirdPersonExampleMap:PersistentLevel.ThirdPersonExampleMap'
[2015.10.08-05.55.18:888][992]LogPlayLevel: PlayLevel: No blueprints needed recompiling
[2015.10.08-05.55.18:888][992]PIE: New page: PIE session: ThirdPersonExampleMap (Oct 7, 2015, 3:55:18 PM)
[2015.10.08-05.55.18:888][992]LogPlayLevel: Creating play world package: /Game/ThirdPersonBP/Maps/UEDPIE_0_ThirdPersonExampleMap
[2015.10.08-05.55.18:913][992]LogPlayLevel: PIE: StaticDuplicateObject took: (0.024763s)
[2015.10.08-05.55.18:913][992]LogAIModule: Creating AISystem for world ThirdPersonExampleMap
[2015.10.08-05.55.18:913][992]LogPlayLevel: PIE: World Init took: (0.000699s)
[2015.10.08-05.55.18:913][992]LogPlayLevel: PIE: Created PIE world by copying editor world from /Game/ThirdPersonBP/Maps/ThirdPersonExampleMap.ThirdPersonExampleMap to /Game/ThirdPersonBP/Maps/UEDPIE_0_ThirdPersonExampleMap.ThirdPersonExampleMap (0.025646s)
[2015.10.08-05.55.18:913][992]LogActorComponent: UnregisterComponent: (/Engine/Transient.CharMoveComp) Not registered. Aborting.
[2015.10.08-05.55.18:974][992]LogInit: XAudio2 using 'Speakers (Siberia v2 D3H)' : 2 channels at 44.1 kHz using 16 bits per sample (channel mask 0x3)
[2015.10.08-05.55.18:981][992]LogInit: FAudioDevice initialized.
[2015.10.08-05.55.19:015][992]LogWorld: Game class is 'ThirdPersonGameMode_C'
[2015.10.08-05.55.19:051][992]LogWorld: Bringing World /Game/ThirdPersonBP/Maps/UEDPIE_0_ThirdPersonExampleMap.ThirdPersonExampleMap up for play (max tick rate 60) at 2015.10.07-22.55.19
[2015.10.08-05.55.19:056][992]LogActor:Warning: GameSession /Game/ThirdPersonBP/Maps/UEDPIE_0_ThirdPersonExampleMap.ThirdPersonExampleMap:PersistentLevel.GameSession_2 has natively added scene component(s), but none of them were set as the actor's RootComponent - picking one arbitrarily
[2015.10.08-05.55.19:059][992]LogActor:Warning: GameNetworkManager /Game/ThirdPersonBP/Maps/UEDPIE_0_ThirdPersonExampleMap.ThirdPersonExampleMap:PersistentLevel.GameNetworkManager_2 has natively added scene component(s), but none of them were set as the actor's RootComponent - picking one arbitrarily
[2015.10.08-05.55.19:060][992]LogWorld: Bringing up level for play took: 0.043843
[2015.10.08-05.55.19:064][992]PIE: Info Play in editor start time for /Game/ThirdPersonBP/Maps/UEDPIE_0_ThirdPersonExampleMap 1.114
[2015.10.08-05.55.19:064][992]LogBlueprintUserMessages: Late PlayInEditor Detection: Level '/Game/ThirdPersonBP/Maps/ThirdPersonExampleMap.ThirdPersonExampleMap:PersistentLevel' has LevelScriptBlueprint '/Game/ThirdPersonBP/Maps/ThirdPersonExampleMap.ThirdPersonExampleMap:PersistentLevel.ThirdPersonExampleMap' with GeneratedClass '/Game/ThirdPersonBP/Maps/ThirdPersonExampleMap.ThirdPersonExampleMap_C' with ClassGeneratedBy '/Game/ThirdPersonBP/Maps/ThirdPersonExampleMap.ThirdPersonExampleMap:PersistentLevel.ThirdPersonExampleMap'
[2015.10.08-05.55.48:674][759]LogBlueprintUserMessages: Early EndPlayMap Detection: Level '/Game/ThirdPersonBP/Maps/ThirdPersonExampleMap.ThirdPersonExampleMap:PersistentLevel' has LevelScriptBlueprint '/Game/ThirdPersonBP/Maps/ThirdPersonExampleMap.ThirdPersonExampleMap:PersistentLevel.ThirdPersonExampleMap' with GeneratedClass '/Game/ThirdPersonBP/Maps/ThirdPersonExampleMap.ThirdPersonExampleMap_C' with ClassGeneratedBy '/Game/ThirdPersonBP/Maps/ThirdPersonExampleMap.ThirdPersonExampleMap:PersistentLevel.ThirdPersonExampleMap'
[2015.10.08-05.55.48:779][759]LogBlueprintUserMessages: Late EndPlayMap Detection: Level '/Game/ThirdPersonBP/Maps/ThirdPersonExampleMap.ThirdPersonExampleMap:PersistentLevel' has LevelScriptBlueprint '/Game/ThirdPersonBP/Maps/ThirdPersonExampleMap.ThirdPersonExampleMap:PersistentLevel.ThirdPersonExampleMap' with GeneratedClass '/Game/ThirdPersonBP/Maps/ThirdPersonExampleMap.ThirdPersonExampleMap_C' with ClassGeneratedBy '/Game/ThirdPersonBP/Maps/ThirdPersonExampleMap.ThirdPersonExampleMap:PersistentLevel.ThirdPersonExampleMap'
[2015.10.08-05.55.48:807][759]LogParticles: Destroying 0 GPU particle simulations for FXSystem 0x000000003C28DA80
[2015.10.08-05.59.01:463][514]LogRenderer: Reallocating scene render targets to support 1208x752 (Frame:107109).
[2015.10.08-05.59.01:555][515]LogRenderer: Reallocating scene render targets to support 1208x772 (Frame:107113).
[2015.10.08-05.59.01:656][516]LogRenderer: Reallocating scene render targets to support 1208x804 (Frame:107117).
[2015.10.08-05.59.01:752][517]LogRenderer: Reallocating scene render targets to support 1208x820 (Frame:107121).
[2015.10.08-05.59.01:922][523]LogRenderer: Reallocating scene render targets to support 1208x824 (Frame:107134).
[2015.10.08-06.00.01:344][222]LogActorComponent: UnregisterComponent: (/Engine/Transient.CharMoveComp) Not registered. Aborting.
[2015.10.08-06.00.01:589][222]Cmd: OBJ SAVEPACKAGE PACKAGE="/Game/ThirdPersonBP/Maps/ThirdPersonExampleMap" FILE="E:/GDDHorrorGame/Content/ThirdPersonBP/Maps/ThirdPersonExampleMap.umap" SILENT=true AUTOSAVING=false KEEPDIRTY=false
[2015.10.08-06.00.28:274][222]LogSavePackage: Save=19134.279297ms
[2015.10.08-06.00.28:274][222]LogSavePackage: Moving 'E:/GDDHorrorGame/Saved/ThirdPersonExampleMap50679AD9456BA88136868AA1E8B32C89.tmp' to 'E:/GDDHorrorGame/Content/ThirdPersonBP/Maps/ThirdPersonExampleMap.umap'
[2015.10.08-06.00.30:645][222]LogSavePackage: Total save time: 26786.656853ms
[2015.10.08-06.00.30:645][222]LogSavePackage:Warning: Finished SavePackage E:/GDDHorrorGame/Content/ThirdPersonBP/Maps/ThirdPersonExampleMap.umap
[2015.10.08-06.00.37:344][222]LogFileHelpers: Saving map 'ThirdPersonExampleMap' took 35.905
[2015.10.08-06.00.37:367][222]Cmd: OBJ SAVEPACKAGE PACKAGE="/Game/ThirdPersonBP/Blueprints/ThirdPersonCharacter" FILE="E:/GDDHorrorGame/Content/ThirdPersonBP/Blueprints/ThirdPersonCharacter.uasset" SILENT=true
[2015.10.08-06.00.59:850][222]LogSavePackage: Save=15768.382813ms
[2015.10.08-06.00.59:850][222]LogSavePackage: Moving 'E:/GDDHorrorGame/Saved/ThirdPersonCharacterAC00272C4B2BAC417CFBD6B74E8DDD38.tmp' to 'E:/GDDHorrorGame/Content/ThirdPersonBP/Blueprints/ThirdPersonCharacter.uasset'
[2015.10.08-06.01.02:124][222]LogSavePackage: Total save time: 20306.518346ms
[2015.10.08-06.01.02:124][222]LogSavePackage:Warning: Finished SavePackage E:/GDDHorrorGame/Content/ThirdPersonBP/Blueprints/ThirdPersonCharacter.uasset
[2015.10.08-06.01.02:174][222]Cmd: OBJ SAVEPACKAGE PACKAGE="/Game/ThirdPersonBP/Blueprints/Outside_Door_Blueprint" FILE="E:/GDDHorrorGame/Content/ThirdPersonBP/Blueprints/Outside_Door_Blueprint.uasset" SILENT=true
[2015.10.08-06.01.10:543][222]LogSavePackage: Save=8313.042969ms
[2015.10.08-06.01.10:543][222]LogSavePackage: Moving 'E:/GDDHorrorGame/Saved/Outside_Door_BlueprintEB52E31E43021B0B5627EBAD6D88B9DF.tmp' to 'E:/GDDHorrorGame/Content/ThirdPersonBP/Blueprints/Outside_Door_Blueprint.uasset'
[2015.10.08-06.01.10:609][222]LogSavePackage: Total save time: 8379.677460ms
[2015.10.08-06.01.10:609][222]LogSavePackage:Warning: Finished SavePackage E:/GDDHorrorGame/Content/ThirdPersonBP/Blueprints/Outside_Door_Blueprint.uasset
[2015.10.08-06.01.10:619][222]Cmd: OBJ SAVEPACKAGE PACKAGE="/Game/ThirdPersonBP/User_Interface/Game_Menu/NewWidgetBlueprint" FILE="E:/GDDHorrorGame/Content/ThirdPersonBP/User_Interface/Game_Menu/NewWidgetBlueprint.uasset" SILENT=true
[2015.10.08-06.01.17:301][222]LogSavePackage: Save=2251.753662ms
[2015.10.08-06.01.17:301][222]LogSavePackage: Moving 'E:/GDDHorrorGame/Saved/NewWidgetBlueprint2A3EA15E48346C5D5D7045B698BCB960.tmp' to 'E:/GDDHorrorGame/Content/ThirdPersonBP/User_Interface/Game_Menu/NewWidgetBlueprint.uasset'
[2015.10.08-06.01.17:392][222]LogSavePackage: Total save time: 2344.489258ms
[2015.10.08-06.01.17:392][222]LogSavePackage:Warning: Finished SavePackage E:/GDDHorrorGame/Content/ThirdPersonBP/User_Interface/Game_Menu/NewWidgetBlueprint.uasset
[2015.10.08-06.01.17:401][222]Cmd: OBJ SAVEPACKAGE PACKAGE="/Game/ThirdPersonBP/User_Interface/Game_Menu/In_Game_Menu" FILE="E:/GDDHorrorGame/Content/ThirdPersonBP/User_Interface/Game_Menu/In_Game_Menu.uasset" SILENT=true
[2015.10.08-06.01.21:228][222]LogSavePackage: Save=3740.656494ms
[2015.10.08-06.01.21:228][222]LogSavePackage: Moving 'E:/GDDHorrorGame/Saved/In_Game_Menu41B692B4437F9B4A6D0DF8B8D85BB9A1.tmp' to 'E:/GDDHorrorGame/Content/ThirdPersonBP/User_Interface/Game_Menu/In_Game_Menu.uasset'
[2015.10.08-06.01.21:303][222]LogSavePackage: Total save time: 3856.903251ms
[2015.10.08-06.01.21:303][222]LogSavePackage:Warning: Finished SavePackage E:/GDDHorrorGame/Content/ThirdPersonBP/User_Interface/Game_Menu/In_Game_Menu.uasset
[2015.10.08-06.30.10:325][  9]SourceControl:Error: Error Failed to enable Git source control. You need to initialize the project as a Git repository first.
[2015.10.08-06.38.39:854][442]LogEditorViewport: Clicking on Actor (LMB): Outside_Door_Blueprint_C (Outside_Door_Blueprint)
[2015.10.08-06.38.42:346][587]SourceControl: Info Source control is disabled
[2015.10.08-06.38.43:421][643]LogEditorViewport: Clicking on Actor (LMB): StaticMeshActor (Floor)
[2015.10.08-06.38.54:327][148]SourceControl: Info Source control is disabled
[2015.10.08-06.58.06:178][342]SourceControl: Info Source control is disabled
[2015.10.08-07.18.11:716][337]LogActorComponent: UnregisterComponent: (/Engine/Transient.CharMoveComp) Not registered. Aborting.
[2015.10.08-07.18.12:032][337]LogParticles: Destroying 0 GPU particle simulations for FXSystem 0x0000000045AB91C0
[2015.10.08-07.18.12:718][337]LogParticles: Destroying 0 GPU particle simulations for FXSystem 0x00000000459DCAE0
[2015.10.08-07.18.12:718][337]LogParticles: Destroying 0 GPU particle simulations for FXSystem 0x000000008C2B1C60
[2015.10.08-07.18.16:526][338]Cmd: QUIT_EDITOR
[2015.10.08-07.18.18:828][338]LogExit: Preparing to exit.
[2015.10.08-07.18.29:440][338]LogExit: Editor shut down
[2015.10.08-07.18.29:588][338]LogExit: Transaction tracking system shut down
[2015.10.08-07.18.29:858][338]LogParticles: Destroying 0 GPU particle simulations for FXSystem 0x000000001181F920
[2015.10.08-07.18.29:893][338]LogParticles: Destroying 0 GPU particle simulations for FXSystem 0x0000000031A36E80
[2015.10.08-07.18.29:893][338]LogParticles: Destroying 0 GPU particle simulations for FXSystem 0x000000003B4A3060
[2015.10.08-07.18.29:893][338]LogParticles: Destroying 0 GPU particle simulations for FXSystem 0x000000003B4A2DE0
[2015.10.08-07.18.34:377][338]LogParticles: Destroying 0 GPU particle simulations for FXSystem 0x000000004594BA60
[2015.10.08-07.18.34:377][338]LogParticles: Destroying 0 GPU particle simulations for FXSystem 0x0000000063415800
[2015.10.08-07.18.34:377][338]LogExit: Object subsystem successfully closed.
[2015.10.08-07.18.36:272][338]LogD3D11RHI: Shutdown
[2015.10.08-07.18.36:272][338]LogD3D11RHI: CleanupD3DDevice
[2015.10.08-07.18.37:256][338]LogD3D11RHI: ~FD3D11DynamicRHI
[2015.10.08-07.18.41:592][338]LogModuleManager: Shutting down and abandoning module ExternalImagePicker (200)
[2015.10.08-07.18.41:592][338]LogModuleManager: Shutting down and abandoning module SequencerWidgets (199)
[2015.10.08-07.18.41:592][338]LogModuleManager: Shutting down and abandoning module BlueprintGraph (198)
[2015.10.08-07.18.41:592][338]LogModuleManager: Shutting down and abandoning module CrashTracker (197)
[2015.10.08-07.18.41:641][338]LogModuleManager: Shutting down and abandoning module SceneOutliner (196)
[2015.10.08-07.18.41:641][338]LogModuleManager: Shutting down and abandoning module SuperSearch (195)
[2015.10.08-07.18.41:710][338]LogModuleManager: Shutting down and abandoning module WidgetCarousel (194)
[2015.10.08-07.18.41:733][338]LogModuleManager: Shutting down and abandoning module AddContentDialog (193)
[2015.10.08-07.18.42:113][338]LogModuleManager: Shutting down and abandoning module EditorWidgets (192)
[2015.10.08-07.18.42:113][338]LogModuleManager: Shutting down and abandoning module CollectionManager (191)
[2015.10.08-07.18.42:125][338]LogModuleManager: Shutting down and abandoning module StatsViewer (190)
[2015.10.08-07.18.42:139][338]LogModuleManager: Shutting down and abandoning module FoliageEdit (189)
[2015.10.08-07.18.42:156][338]LogModuleManager: Shutting down and abandoning module LandscapeEditor (188)
[2015.10.08-07.18.42:254][338]LogModuleManager: Shutting down and abandoning module ActorPickerMode (187)
[2015.10.08-07.18.42:254][338]LogModuleManager: Shutting down and abandoning module GeometryMode (186)
[2015.10.08-07.18.42:267][338]LogModuleManager: Shutting down and abandoning module TextureAlignMode (185)
[2015.10.08-07.18.42:268][338]LogModuleManager: Shutting down and abandoning module BspMode (184)
[2015.10.08-07.18.42:284][338]LogModuleManager: Shutting down and abandoning module PlacementMode (183)
[2015.10.08-07.18.42:284][338]LogModuleManager: Shutting down and abandoning module AutomationWorker (182)
[2015.10.08-07.18.42:297][338]LogModuleManager: Shutting down and abandoning module CharacterAI (181)
[2015.10.08-07.18.42:297][338]LogModuleManager: Shutting down and abandoning module SmartSnapping (180)
[2015.10.08-07.18.42:297][338]LogModuleManager: Shutting down and abandoning module ViewportSnapping (179)
[2015.10.08-07.18.42:319][338]LogModuleManager: Shutting down and abandoning module LogVisualizer (178)
[2015.10.08-07.18.42:416][338]LogModuleManager: Shutting down and abandoning module GameProjectGeneration (177)
[2015.10.08-07.18.42:453][338]LogModuleManager: Shutting down and abandoning module IntroTutorials (176)
[2015.10.08-07.18.42:557][338]LogModuleManager: Shutting down and abandoning module EditorLiveStreaming (175)
[2015.10.08-07.18.42:564][338]LogModuleManager: Shutting down and abandoning module IOSPlatformEditor (174)
[2015.10.08-07.18.47:066][338]LogModuleManager: Shutting down and abandoning module HTML5PlatformEditor (173)
[2015.10.08-07.18.47:066][338]LogModuleManager: Shutting down and abandoning module AndroidDeviceDetection (172)
[2015.10.08-07.18.47:768][338]LogModuleManager: Shutting down and abandoning module AndroidPlatformEditor (171)
[2015.10.08-07.18.47:768][338]LogModuleManager: Shutting down and abandoning module IOSRuntimeSettings (170)
[2015.10.08-07.18.47:768][338]LogModuleManager: Shutting down and abandoning module AndroidRuntimeSettings (169)
[2015.10.08-07.18.47:768][338]LogModuleManager: Shutting down and abandoning module MergeActors (168)
[2015.10.08-07.18.47:810][338]LogModuleManager: Shutting down and abandoning module SizeMap (167)
[2015.10.08-07.18.47:819][338]LogModuleManager: Shutting down and abandoning module TreeMap (166)
[2015.10.08-07.18.47:832][338]LogModuleManager: Shutting down and abandoning module ReferenceViewer (165)
[2015.10.08-07.18.47:835][338]LogModuleManager: Shutting down and abandoning module LocalizationService (164)
[2015.10.08-07.18.47:852][338]LogModuleManager: Shutting down and abandoning module LocalizationDashboard (163)
[2015.10.08-07.18.47:914][338]LogModuleManager: Shutting down and abandoning module HardwareTargeting (162)
[2015.10.08-07.18.47:914][338]LogModuleManager: Shutting down and abandoning module DeviceProfileEditor (161)
[2015.10.08-07.18.47:927][338]LogModuleManager: Shutting down and abandoning module UndoHistory (160)
[2015.10.08-07.18.47:939][338]LogModuleManager: Shutting down and abandoning module GameplayTagsEditor (159)
[2015.10.08-07.18.47:954][338]LogModuleManager: Shutting down and abandoning module UserFeedback (158)
[2015.10.08-07.18.47:954][338]LogModuleManager: Shutting down and abandoning module XmlParser (157)
[2015.10.08-07.18.47:975][338]LogModuleManager: Shutting down and abandoning module Blutility (156)
[2015.10.08-07.18.47:975][338]LogModuleManager: Shutting down and abandoning module ProjectTargetPlatformEditor (155)
[2015.10.08-07.18.47:998][338]LogModuleManager: Shutting down and abandoning module ProjectSettingsViewer (154)
[2015.10.08-07.18.47:998][338]LogModuleManager: Shutting down and abandoning module InputBindingEditor (153)
[2015.10.08-07.18.48:043][338]LogModuleManager: Shutting down and abandoning module EditorSettingsViewer (152)
[2015.10.08-07.18.48:043][338]LogModuleManager: Shutting down and abandoning module SettingsEditor (151)
[2015.10.08-07.18.48:082][338]LogModuleManager: Shutting down and abandoning module ProjectLauncher (150)
[2015.10.08-07.18.48:130][338]LogModuleManager: Shutting down and abandoning module SessionFrontend (149)
[2015.10.08-07.18.48:189][338]LogModuleManager: Shutting down and abandoning module ProfilerClient (148)
[2015.10.08-07.18.48:209][338]LogModuleManager: Shutting down and abandoning module TargetDeviceServices (147)
[2015.10.08-07.18.48:209][338]LogModuleManager: Shutting down and abandoning module DeviceManager (146)
[2015.10.08-07.18.48:243][338]LogModuleManager: Shutting down and abandoning module AutomationController (145)
[2015.10.08-07.18.48:266][338]LogModuleManager: Shutting down and abandoning module AutomationWindow (144)
[2015.10.08-07.18.48:297][338]LogModuleManager: Shutting down and abandoning module Layers (143)
[2015.10.08-07.18.48:333][338]LogModuleManager: Shutting down and abandoning module ComponentVisualizers (142)
[2015.10.08-07.18.48:333][338]LogModuleManager: Shutting down and abandoning module DetailCustomizations (141)
[2015.10.08-07.18.48:403][338]LogModuleManager: Shutting down and abandoning module PackagesDialog (140)
[2015.10.08-07.18.48:417][338]LogModuleManager: Shutting down and abandoning module Persona (139)
[2015.10.08-07.18.48:555][338]LogModuleManager: Shutting down and abandoning module Kismet (138)
[2015.10.08-07.18.48:636][338]LogModuleManager: Shutting down and abandoning module GraphEditor (137)
[2015.10.08-07.18.48:649][338]LogModuleManager: Shutting down and abandoning module ClassViewer (136)
[2015.10.08-07.18.50:931][338]LogModuleManager: Shutting down and abandoning module Toolbox (135)
[2015.10.08-07.18.50:943][338]LogModuleManager: Shutting down and abandoning module ModuleUI (134)
[2015.10.08-07.18.50:960][338]LogModuleManager: Shutting down and abandoning module MovieSceneTools (133)
[2015.10.08-07.18.50:997][338]LogModuleManager: Shutting down and abandoning module OutputLog (132)
[2015.10.08-07.18.51:010][338]LogModuleManager: Shutting down and abandoning module GammaUI (131)
[2015.10.08-07.18.51:030][338]LogModuleManager: Shutting down and abandoning module Documentation (130)
[2015.10.08-07.18.51:095][338]LogModuleManager: Shutting down and abandoning module GameLiveStreaming (129)
[2015.10.08-07.18.51:105][338]LogModuleManager: Shutting down and abandoning module StreamingPauseRendering (128)
[2015.10.08-07.18.51:127][338]LogModuleManager: Shutting down and abandoning module AnalyticsET (127)
[2015.10.08-07.18.51:127][338]LogModuleManager: Shutting down and abandoning module Analytics (126)
[2015.10.08-07.18.51:128][338]LogModuleManager: Shutting down and abandoning module AITestSuite (125)
[2015.10.08-07.18.51:136][338]LogModuleManager: Shutting down and abandoning module GameplayDebugger (124)
[2015.10.08-07.18.51:136][338]LogModuleManager: Shutting down and abandoning module AIModule (123)
[2015.10.08-07.18.51:136][338]LogModuleManager: Shutting down and abandoning module ProfilerService (122)
[2015.10.08-07.18.51:397][338]LogModuleManager: Shutting down and abandoning module TaskGraph (121)
[2015.10.08-07.18.51:416][338]LogModuleManager: Shutting down and abandoning module SlateRemote (120)
[2015.10.08-07.18.51:437][338]LogModuleManager: Shutting down and abandoning module SteamVRController (119)
[2015.10.08-07.18.51:437][338]LogModuleManager: Shutting down and abandoning module SteamVR (118)
[2015.10.08-07.18.51:437][338]LogModuleManager: Shutting down and abandoning module ProceduralMeshComponent (117)
[2015.10.08-07.18.51:437][338]LogModuleManager: Shutting down and abandoning module OculusRift (116)
[2015.10.08-07.18.51:477][338]LogModuleManager: Shutting down and abandoning module OculusLibrary (115)
[2015.10.08-07.18.51:477][338]LogModuleManager: Shutting down and abandoning module LeapMotionController (114)
[2015.10.08-07.18.51:767][338]LogModuleManager: Shutting down and abandoning module CustomMeshComponent (113)
[2015.10.08-07.18.51:767][338]LogModuleManager: Shutting down and abandoning module CableComponent (112)
[2015.10.08-07.18.51:767][338]LogModuleManager: Shutting down and abandoning module ArchVisCharacter (111)
[2015.10.08-07.18.51:767][338]LogModuleManager: Shutting down and abandoning module MessagingDebugger (110)
[2015.10.08-07.18.51:845][338]LogModuleManager: Shutting down and abandoning module MediaPlayerEditor (109)
[2015.10.08-07.18.51:918][338]LogModuleManager: Shutting down and abandoning module HTML5Networking (108)
[2015.10.08-07.18.51:918][338]LogModuleManager: Shutting down and abandoning module SpeedTreeImporter (107)
[2015.10.08-07.18.51:918][338]LogModuleManager: Shutting down and abandoning module PluginBrowser (106)
[2015.10.08-07.18.51:978][338]LogModuleManager: Shutting down and abandoning module EpicSurvey (105)
[2015.10.08-07.18.52:000][338]LogModuleManager: Shutting down and abandoning module DesktopPlatform (104)
[2015.10.08-07.18.52:021][338]LogModuleManager: Shutting down and abandoning module VisualStudioSourceCodeAccess (103)
[2015.10.08-07.18.52:028][338]LogModuleManager: Shutting down and abandoning module UObjectPlugin (102)
[2015.10.08-07.18.52:028][338]LogModuleManager: Shutting down and abandoning module SubversionSourceControl (101)
[2015.10.08-07.18.52:045][338]LogModuleManager: Shutting down and abandoning module PerforceSourceControl (100)
[2015.10.08-07.18.52:116][338]LogModuleManager: Shutting down and abandoning module SourceControl (99)
[2015.10.08-07.18.52:116][338]LogModuleManager: Shutting down and abandoning module GitSourceControl (98)
[2015.10.08-07.18.52:128][338]LogModuleManager: Shutting down and abandoning module LightPropagationVolumeEditor (97)
[2015.10.08-07.18.54:250][338]LogModuleManager: Shutting down and abandoning module PaperTiledImporter (96)
[2015.10.08-07.18.54:302][338]LogModuleManager: Shutting down and abandoning module PaperSpriteSheetImporter (95)
[2015.10.08-07.18.54:332][338]LogModuleManager: Shutting down and abandoning module MeshPaint (94)
[2015.10.08-07.18.54:359][338]LogModuleManager: Shutting down and abandoning module SlateReflector (93)
[2015.10.08-07.18.54:370][338]LogModuleManager: Shutting down and abandoning module HotReload (92)
[2015.10.08-07.18.54:386][338]LogModuleManager: Shutting down and abandoning module MainFrame (91)
[2015.10.08-07.18.54:400][338]LogModuleManager: Shutting down and abandoning module LevelEditor (90)
[2015.10.08-07.18.54:481][338]LogModuleManager: Shutting down and abandoning module DirectoryWatcher (89)
[2015.10.08-07.18.54:671][338]LogModuleManager: Shutting down and abandoning module AssetRegistry (88)
[2015.10.08-07.19.01:359][338]LogModuleManager: Shutting down and abandoning module ContentBrowser (87)
[2015.10.08-07.19.01:405][338]LogModuleManager: Shutting down and abandoning module Paper2DEditor (86)
[2015.10.08-07.19.01:467][338]LogModuleManager: Shutting down and abandoning module UdpMessaging (85)
[2015.10.08-07.19.01:567][338]LogModuleManager: Shutting down and abandoning module LightPropagationVolumeRuntime (84)
[2015.10.08-07.19.01:567][338]LogModuleManager: Shutting down and abandoning module Paper2D (83)
[2015.10.08-07.19.01:600][338]LogModuleManager: Shutting down and abandoning module WindowsMoviePlayer (82)
[2015.10.08-07.19.01:773][338]LogModuleManager: Shutting down and abandoning module Media (81)
[2015.10.08-07.19.01:805][338]LogModuleManager: Shutting down and abandoning module WmfMedia (80)
[2015.10.08-07.19.01:846][338]LogModuleManager: Shutting down and abandoning module OnlineBlueprintSupport (79)
[2015.10.08-07.19.01:846][338]LogModuleManager: Shutting down and abandoning module GameplayTasksEditor (78)
[2015.10.08-07.19.01:846][338]LogModuleManager: Shutting down and abandoning module PropertyEditor (77)
[2015.10.08-07.19.01:900][338]LogModuleManager: Shutting down and abandoning module BehaviorTreeEditor (76)
[2015.10.08-07.19.01:958][338]LogModuleManager: Shutting down and abandoning module FunctionalTesting (75)
[2015.10.08-07.19.01:958][338]LogModuleManager: Shutting down and abandoning module CollisionAnalyzer (74)
[2015.10.08-07.19.01:979][338]LogModuleManager: Shutting down and abandoning module WorkspaceMenuStructure (73)
[2015.10.08-07.19.02:022][338]LogModuleManager: Shutting down and abandoning module MessageLog (72)
[2015.10.08-07.19.02:022][338]LogModuleManager: Shutting down and abandoning module Sequencer (71)
[2015.10.08-07.19.02:029][338]LogModuleManager: Shutting down and abandoning module AssetTools (70)
[2015.10.08-07.19.02:070][338]LogModuleManager: Shutting down and abandoning module UMGEditor (69)
[2015.10.08-07.19.02:070][338]LogModuleManager: Shutting down and abandoning module UMG (68)
[2015.10.08-07.19.02:070][338]LogModuleManager: Shutting down and abandoning module Slate (67)
[2015.10.08-07.19.02:070][338]LogModuleManager: Shutting down and abandoning module EditorStyle (66)
[2015.10.08-07.19.02:105][338]LogModuleManager: Shutting down and abandoning module SessionServices (65)
[2015.10.08-07.19.02:105][338]LogModuleManager: Shutting down and abandoning module SourceCodeAccess (64)
[2015.10.08-07.19.02:105][338]LogModuleManager: Shutting down and abandoning module HeadMountedDisplay (63)
[2015.10.08-07.19.02:105][338]LogModuleManager: Shutting down and abandoning module XAudio2 (62)
[2015.10.08-07.19.02:105][338]LogModuleManager: Shutting down and abandoning module Networking (60)
[2015.10.08-07.19.02:105][338]LogModuleManager: Shutting down and abandoning module Core (59)
[2015.10.08-07.19.02:105][338]LogModuleManager: Shutting down and abandoning module KismetCompiler (58)
[2015.10.08-07.19.02:105][338]LogModuleManager: Shutting down and abandoning module PhysXFormats (57)
[2015.10.08-07.19.05:761][338]LogModuleManager: Shutting down and abandoning module MeshUtilities (56)
[2015.10.08-07.19.05:772][338]LogModuleManager: Shutting down and abandoning module CookingStats (55)
[2015.10.08-07.19.05:846][338]LogModuleManager: Shutting down and abandoning module DerivedDataCache (54)
[2015.10.08-07.19.05:923][338]LogDerivedDataCache: Shutdown
[2015.10.08-07.19.05:923][338]LogModuleManager: Shutting down and abandoning module ShaderFormatOpenGL (53)
[2015.10.08-07.19.05:939][338]LogModuleManager: Shutting down and abandoning module ShaderFormatD3D (52)
[2015.10.08-07.19.05:954][338]LogModuleManager: Shutting down and abandoning module MetalShaderFormat (51)
[2015.10.08-07.19.05:971][338]LogModuleManager: Shutting down and abandoning module TextureFormatUncompressed (50)
[2015.10.08-07.19.05:971][338]LogModuleManager: Shutting down and abandoning module TextureFormatPVR (49)
[2015.10.08-07.19.05:986][338]LogModuleManager: Shutting down and abandoning module TextureFormatIntelISPCTexComp (48)
[2015.10.08-07.19.05:993][338]LogModuleManager: Shutting down and abandoning module TextureFormatDXT (47)
[2015.10.08-07.19.06:002][338]LogModuleManager: Shutting down and abandoning module ImageWrapper (46)
[2015.10.08-07.19.06:002][338]LogModuleManager: Shutting down and abandoning module TextureFormatASTC (45)
[2015.10.08-07.19.06:002][338]LogModuleManager: Shutting down and abandoning module TextureFormatAndroid (44)
[2015.10.08-07.19.06:002][338]LogModuleManager: Shutting down and abandoning module AudioFormatOpus (43)
[2015.10.08-07.19.06:015][338]LogModuleManager: Shutting down and abandoning module AudioFormatOgg (42)
[2015.10.08-07.19.06:029][338]LogModuleManager: Shutting down and abandoning module AudioFormatADPCM (41)
[2015.10.08-07.19.06:039][338]LogModuleManager: Shutting down and abandoning module LinuxTargetPlatform (40)
[2015.10.08-07.19.06:040][338]LogModuleManager: Shutting down and abandoning module LinuxServerTargetPlatform (39)
[2015.10.08-07.19.06:049][338]LogModuleManager: Shutting down and abandoning module LinuxNoEditorTargetPlatform (38)
[2015.10.08-07.19.06:057][338]LogModuleManager: Shutting down and abandoning module Messaging (37)
[2015.10.08-07.19.06:057][338]LogModuleManager: Shutting down and abandoning module IOSTargetPlatform (36)
[2015.10.08-07.19.06:057][338]LogModuleManager: Shutting down and abandoning module HTML5TargetPlatform (35)
[2015.10.08-07.19.06:057][338]LogModuleManager: Shutting down and abandoning module Android_PVRTCTargetPlatform (34)
[2015.10.08-07.19.06:067][338]LogModuleManager: Shutting down and abandoning module Android_ETC2TargetPlatform (33)
[2015.10.08-07.19.06:076][338]LogModuleManager: Shutting down and abandoning module Android_ETC1TargetPlatform (32)
[2015.10.08-07.19.06:083][338]LogModuleManager: Shutting down and abandoning module Android_DXTTargetPlatform (31)
[2015.10.08-07.19.06:095][338]LogModuleManager: Shutting down and abandoning module Android_ATCTargetPlatform (30)
[2015.10.08-07.19.06:101][338]LogModuleManager: Shutting down and abandoning module Android_ASTCTargetPlatform (29)
[2015.10.08-07.19.06:107][338]LogModuleManager: Shutting down and abandoning module AndroidTargetPlatform (28)
[2015.10.08-07.19.06:122][338]LogModuleManager: Shutting down and abandoning module WindowsTargetPlatform (27)
[2015.10.08-07.19.06:122][338]LogModuleManager: Shutting down and abandoning module WindowsServerTargetPlatform (26)
[2015.10.08-07.19.06:132][338]LogModuleManager: Shutting down and abandoning module WindowsNoEditorTargetPlatform (25)
[2015.10.08-07.19.06:143][338]LogModuleManager: Shutting down and abandoning module WindowsClientTargetPlatform (24)
[2015.10.08-07.19.06:160][338]LogModuleManager: Shutting down and abandoning module AllDesktopTargetPlatform (23)
[2015.10.08-07.19.06:169][338]LogModuleManager: Shutting down and abandoning module TargetPlatform (22)
[2015.10.08-07.19.06:169][338]LogModuleManager: Shutting down and abandoning module InputCore (21)
[2015.10.08-07.19.06:217][338]LogModuleManager: Shutting down and abandoning module Settings (20)
[2015.10.08-07.19.06:217][338]LogModuleManager: Shutting down and abandoning module OnlineSubsystem (18)
[2015.10.08-07.19.06:218][338]LogModuleManager: Shutting down and abandoning module HTTP (17)
[2015.10.08-07.19.08:253][338]LogModuleManager: Shutting down and abandoning module XMPP (16)
[2015.10.08-07.19.08:268][338]LogModuleManager: Shutting down and abandoning module ExampleDeviceProfileSelector (15)
[2015.10.08-07.19.08:268][338]LogModuleManager: Shutting down and abandoning module TextureCompressor (14)
[2015.10.08-07.19.08:279][338]LogModuleManager: Shutting down and abandoning module ShaderCore (13)
[2015.10.08-07.19.08:279][338]LogModuleManager: Shutting down and abandoning module Landscape (12)
[2015.10.08-07.19.08:279][338]LogModuleManager: Shutting down and abandoning module SlateRHIRenderer (11)
[2015.10.08-07.19.08:526][338]LogModuleManager: Shutting down and abandoning module OpenGLDrv (10)
[2015.10.08-07.19.08:571][338]LogModuleManager: Shutting down and abandoning module D3D11RHI (9)
[2015.10.08-07.19.08:571][338]LogModuleManager: Shutting down and abandoning module AnimGraphRuntime (8)
[2015.10.08-07.19.08:584][338]LogModuleManager: Shutting down and abandoning module Renderer (7)
[2015.10.08-07.19.08:584][338]LogModuleManager: Shutting down and abandoning module Engine (6)
[2015.10.08-07.19.08:584][338]LogModuleManager: Shutting down and abandoning module CoreUObject (5)
[2015.10.08-07.19.08:584][338]LogModuleManager: Shutting down and abandoning module NetworkFile (4)
[2015.10.08-07.19.08:605][338]LogModuleManager: Shutting down and abandoning module StreamingFile (3)
[2015.10.08-07.19.08:624][338]LogModuleManager: Shutting down and abandoning module SandboxFile (2)
[2015.10.08-07.19.08:632][338]LogModuleManager: Shutting down and abandoning module PakFile (1)
[2015.10.08-07.19.08:849][338]LogExit: Exiting.
[2015.10.08-07.19.11:635][338]Log file closed, 10/08/15 00:19:11
