[2015.12.21-19.57.43:034][  0]Log file open, 12/21/15 14:57:43
[2015.12.21-19.57.43:034][  0]LogInit:Display: Running engine for game: GDDHorrorGame
[2015.12.21-19.57.43:034][  0]LogInit:Display: RandInit(255703874) SRandInit(255703876).
[2015.12.21-19.57.43:034][  0]LogTaskGraph: Started task graph with 4 named threads and 7 total threads.
[2015.12.21-19.57.43:034][  0]LogStats: Stats thread started at 0.088142
[2015.12.21-19.57.43:034][  0]LogInit: Version: 4.9.2-2707645+++depot+UE4-Releases+4.9
[2015.12.21-19.57.43:034][  0]LogInit: API Version: 2672455
[2015.12.21-19.57.43:034][  0]LogInit: Compiled (64-bit): Sep 28 2015 10:25:44
[2015.12.21-19.57.43:034][  0]LogInit: Compiled with Visual C++: 18.00.21005.01
[2015.12.21-19.57.43:034][  0]LogInit: Build Configuration: Development
[2015.12.21-19.57.43:034][  0]LogInit: Branch Name: ++depot+UE4-Releases+4.9
[2015.12.21-19.57.43:034][  0]LogInit: Command line:  /Temp/Autosaves/Game/ThirdPersonBP/Maps/UEDPCThirdPersonExampleMap -game -PIEVIACONSOLE -ResX=1280 -ResY=720  -Multiprocess 
[2015.12.21-19.57.43:034][  0]LogInit: Base directory: C:/Program Files/Epic Games/4.9/Engine/Binaries/Win64/
[2015.12.21-19.57.43:034][  0]LogInit: Rocket: 1
[2015.12.21-19.57.43:047][  0]LogInit: Using libcurl 7.41.0
[2015.12.21-19.57.43:047][  0]LogInit:  - built for x86_64-pc-win32
[2015.12.21-19.57.43:047][  0]LogInit:  - supports SSL with WinSSL
[2015.12.21-19.57.43:047][  0]LogInit:  - other features:
[2015.12.21-19.57.43:047][  0]LogInit:      CURL_VERSION_SSL
[2015.12.21-19.57.43:047][  0]LogInit:      CURL_VERSION_IPV6
[2015.12.21-19.57.43:047][  0]LogInit:      CURL_VERSION_ASYNCHDNS
[2015.12.21-19.57.43:047][  0]LogInit:      CURL_VERSION_LARGEFILE
[2015.12.21-19.57.43:047][  0]LogInit:      CURL_VERSION_IDN
[2015.12.21-19.57.43:047][  0]LogInit:  CurlRequestOptions (configurable via config and command line):
[2015.12.21-19.57.43:047][  0]LogInit:  - bVerifyPeer = true  - Libcurl will verify peer certificate
[2015.12.21-19.57.43:047][  0]LogInit:  - bUseHttpProxy = false  - Libcurl will NOT use HTTP proxy
[2015.12.21-19.57.43:047][  0]LogInit:  - bDontReuseConnections = false  - Libcurl will reuse connections
[2015.12.21-19.57.43:047][  0]LogInit:  - CertBundlePath = nullptr  - Libcurl will use whatever was configured at build time.
[2015.12.21-19.57.43:057][  0]LogInit: Presizing for 0 objects not considered by GC, pre-allocating 0 bytes.
[2015.12.21-19.57.43:065][  0]LogInit: Object subsystem initialized
[2015.12.21-19.57.43:066][  0]LogInit: Selected Device Profile: [Windows]
[2015.12.21-19.57.43:066][  0]LogInit: Applying CVar settings loaded from the selected device profile: [Windows]
[2015.12.21-19.57.43:069][  0]LogInit: Computer: NICKSCOMPUTER
[2015.12.21-19.57.43:069][  0]LogInit: User: ntanc000
[2015.12.21-19.57.43:069][  0]LogInit: CPU Page size=4096, Cores=4
[2015.12.21-19.57.43:069][  0]LogInit: High frequency timer resolution =2.537585 MHz
[2015.12.21-19.57.43:069][  0]LogMemory: Memory total: Physical=15.9GB (16GB approx)
[2015.12.21-19.57.43:069][  0]LogMemory: Platform Memory Stats for Windows
[2015.12.21-19.57.43:069][  0]LogMemory: Process Physical Memory: 54.03 MB used, 54.03 MB peak
[2015.12.21-19.57.43:069][  0]LogMemory: Process Virtual Memory: 58.32 MB used, 58.32 MB peak
[2015.12.21-19.57.43:069][  0]LogMemory: Physical Memory: 4716.24 MB used, 16269.45 MB total
[2015.12.21-19.57.43:069][  0]LogMemory: Virtual Memory: 372.15 MB used, 134217728.00 MB total
[2015.12.21-19.57.43:123][  0]LogTextLocalizationManager: No specific translations for ('en-US') exist, so ('en') translations will be used.
[2015.12.21-19.57.43:857][  0]LogD3D11RHI: Found D3D11 adapter 0: NVIDIA GeForce GTX 980M  (Feature Level 11_0)
[2015.12.21-19.57.43:857][  0]LogD3D11RHI: Adapter has 4012MB of dedicated video memory, 0MB of dedicated system memory, and 8134MB of shared system memory, 2 output[s]
[2015.12.21-19.57.43:865][  0]LogD3D11RHI: Found D3D11 adapter 1: Intel(R) HD Graphics 4600 (Feature Level 11_0)
[2015.12.21-19.57.43:865][  0]LogD3D11RHI: Adapter has 112MB of dedicated video memory, 0MB of dedicated system memory, and 8134MB of shared system memory, 0 output[s]
[2015.12.21-19.57.43:867][  0]LogD3D11RHI: Found D3D11 adapter 2: Microsoft Basic Render Driver (Feature Level 11_0)
[2015.12.21-19.57.43:867][  0]LogD3D11RHI: Adapter has 0MB of dedicated video memory, 0MB of dedicated system memory, and 8134MB of shared system memory, 0 output[s]
[2015.12.21-19.57.43:867][  0]LogD3D11RHI: Chosen D3D11 Adapter Id = 0
[2015.12.21-19.57.43:872][  0]LogD3D11RHI: !Direct3DDevice
[2015.12.21-19.57.43:872][  0]LogRHI: Texture pool is 1361 MB (70% of 1945 MB)
[2015.12.21-19.57.43:887][  0]LogD3D11RHI: Async texture creation enabled
[2015.12.21-19.57.43:900][  0]LogShaderCompilers: Guid format shader working directory is 15 characters bigger than the processId version (D:/Stuff/WhosThere/Intermediate/Shaders/WorkingDirectory/5228/).
[2015.12.21-19.57.43:900][  0]LogShaderCompilers: Cleaned the shader compiler working directory 'D:/Stuff/WhosThere/Intermediate/Shaders/tmp/D20BCB49499F07B2C89B25A5EB6EF49E/'.
[2015.12.21-19.57.43:900][  0]LogShaderCompilers:Display: Using Local Shader Compiler.
[2015.12.21-19.57.44:927][  0]LogTemp:Display: Loaded TP AllDesktopTargetPlatform
[2015.12.21-19.57.44:934][  0]LogTemp:Display: Loaded TP WindowsClientTargetPlatform
[2015.12.21-19.57.44:939][  0]LogTemp:Display: Loaded TP WindowsNoEditorTargetPlatform
[2015.12.21-19.57.44:945][  0]LogTemp:Display: Loaded TP WindowsServerTargetPlatform
[2015.12.21-19.57.44:951][  0]LogTemp:Display: Loaded TP WindowsTargetPlatform
[2015.12.21-19.57.44:955][  0]LogTemp:Display: Loaded TP AndroidTargetPlatform
[2015.12.21-19.57.44:959][  0]LogTemp:Display: Loaded TP Android_ASTCTargetPlatform
[2015.12.21-19.57.44:963][  0]LogTemp:Display: Loaded TP Android_ATCTargetPlatform
[2015.12.21-19.57.44:967][  0]LogTemp:Display: Loaded TP Android_DXTTargetPlatform
[2015.12.21-19.57.44:970][  0]LogTemp:Display: Loaded TP Android_ETC1TargetPlatform
[2015.12.21-19.57.44:974][  0]LogTemp:Display: Loaded TP Android_ETC2TargetPlatform
[2015.12.21-19.57.44:979][  0]LogTemp:Display: Loaded TP Android_PVRTCTargetPlatform
[2015.12.21-19.57.44:980][  0]LogTemp:Display: Loaded TP HTML5TargetPlatform
[2015.12.21-19.57.44:998][  0]LogTemp:Display: Loaded TP IOSTargetPlatform
[2015.12.21-19.57.45:002][  0]LogTemp:Display: Loaded TP LinuxNoEditorTargetPlatform
[2015.12.21-19.57.45:006][  0]LogTemp:Display: Loaded TP LinuxServerTargetPlatform
[2015.12.21-19.57.45:010][  0]LogTemp:Display: Loaded TP LinuxTargetPlatform
[2015.12.21-19.57.45:010][  0]LogTargetPlatformManager:Display: Building Assets For Windows
[2015.12.21-19.57.45:107][  0]LogDerivedDataCache:Display: Max Cache Size: 512 MB
[2015.12.21-19.57.45:166][  0]LogDerivedDataCache: Loaded boot cache 0.06s 57MB C:/Users/ntanc_000/AppData/Local/UnrealEngine/4.9/DerivedDataCache/Boot.ddc.
[2015.12.21-19.57.45:166][  0]LogDerivedDataCache:Display: Loaded Boot cache: C:/Users/ntanc_000/AppData/Local/UnrealEngine/4.9/DerivedDataCache/Boot.ddc
[2015.12.21-19.57.45:166][  0]LogDerivedDataCache: FDerivedDataBackendGraph:  Pak pak cache file D:/Stuff/WhosThere/DerivedDataCache/DDC.ddp not found, will not use a pak cache.
[2015.12.21-19.57.45:166][  0]LogDerivedDataCache: Unable to find inner node Pak for hierarchical cache Hierarchy.
[2015.12.21-19.57.45:166][  0]LogDerivedDataCache: FDerivedDataBackendGraph:  CompressedPak pak cache file D:/Stuff/WhosThere/DerivedDataCache/Compressed.ddp not found, will not use a pak cache.
[2015.12.21-19.57.45:166][  0]LogDerivedDataCache: Unable to find inner node CompressedPak for hierarchical cache Hierarchy.
[2015.12.21-19.57.45:298][  0]LogDerivedDataCache:Display: Pak cache opened for reading ../../../Engine/DerivedDataCache/Compressed.ddp.
[2015.12.21-19.57.45:309][  0]LogDerivedDataCache: Using Local data cache path C:/Users/ntanc_000/AppData/Local/UnrealEngine/Common/DerivedDataCache: Writable
[2015.12.21-19.57.45:465][  0]LogInit: Selected Device Profile: [Windows]
[2015.12.21-19.57.45:469][  0]LogContentStreaming: Texture pool size is 1000.000000MB
[2015.12.21-19.57.45:576][  0]LogMeshUtilities: No automatic mesh reduction module available
[2015.12.21-19.57.45:576][  0]LogMeshUtilities: No automatic mesh merging module available
[2015.12.21-19.57.45:776][  0]LogInit: WinSock: version 1.1 (2.2), MaxSocks=32767, MaxUdp=65467
[2015.12.21-19.57.45:982][  0]LogWindowsMoviePlayer: Unable to load movie: D:/Stuff/WhosThere/Content/Movies/Default_Startup.mp4
[2015.12.21-19.57.46:106][  0]SourceControl: Info Source control is disabled
[2015.12.21-19.57.46:107][  0]SourceControl: Info Source control is disabled
[2015.12.21-19.57.46:126][  0]SourceControl: Info Source control is disabled
[2015.12.21-19.57.46:263][  0]LogLinker:Warning: Asset '../../../Engine/Plugins/Runtime/LeapMotionController/Content/LM_PassthroughMaterial.uasset' has been saved with empty engine version. The asset will be loaded but may be incompatible.
[2015.12.21-19.57.46:369][  0]LogObj: 27669 objects as part of root set at end of initial load.
[2015.12.21-19.57.46:369][  0]LogUObjectAllocator: 5775704 out of 0 bytes used by permanent object pool.
[2015.12.21-19.57.46:429][  0]LogEngine: Initializing Engine...
[2015.12.21-19.57.46:431][  0]LogHMD: Can't find Oculus library dev build: is proper Runtime installed? Version: 0.7.0.0
[2015.12.21-19.57.46:432][  0]LogHMD: SteamVR failed to initialize.  Err: 110
[2015.12.21-19.57.46:545][  0]LogInit: XAudio2 using 'Speakers (Sound Blaster Recon3Di)' : 2 channels at 48 kHz using 32 bits per sample (channel mask 0x3)
[2015.12.21-19.57.46:561][  0]LogInit: FAudioDevice initialized.
[2015.12.21-19.57.46:566][  0]LogInit: Texture streaming: Enabled
[2015.12.21-19.57.46:643][  0]LogNet: Browse: /Temp/Autosaves/Game/ThirdPersonBP/Maps/UEDPCThirdPersonExampleMap?Name=Player
[2015.12.21-19.57.46:645][  0]LogLoad: LoadMap: /Temp/Autosaves/Game/ThirdPersonBP/Maps/UEDPCThirdPersonExampleMap?Name=Player
[2015.12.21-19.57.46:662][  0]LogParticles: Destroying 0 GPU particle simulations for FXSystem 0x00000282C41787C0
[2015.12.21-19.57.46:673][  0]LogMemory: Platform Memory Stats for Windows
[2015.12.21-19.57.46:673][  0]LogMemory: Process Physical Memory: 407.63 MB used, 407.63 MB peak
[2015.12.21-19.57.46:673][  0]LogMemory: Process Virtual Memory: 456.04 MB used, 456.04 MB peak
[2015.12.21-19.57.46:673][  0]LogMemory: Physical Memory: 5062.08 MB used, 16269.45 MB total
[2015.12.21-19.57.46:673][  0]LogMemory: Virtual Memory: 997.28 MB used, 134217728.00 MB total
[2015.12.21-19.57.46:673][  0]LogMemory: 
[2015.12.21-19.57.46:673][  0]Allocator Stats for TBB: (not implemented)
[2015.12.21-19.57.46:712][  0]LogLinker:Warning: Asset 'D:/Stuff/WhosThere/Content/Mannequin/Animations/ThirdPerson_Jump.uasset' has been saved with empty engine version. The asset will be loaded but may be incompatible.
[2015.12.21-19.57.46:713][  0]LogLinker:Warning: Asset 'D:/Stuff/WhosThere/Content/Mannequin/Animations/ThirdPersonJump_Loop.uasset' has been saved with empty engine version. The asset will be loaded but may be incompatible.
[2015.12.21-19.57.46:713][  0]LogLinker:Warning: Asset 'D:/Stuff/WhosThere/Content/Mannequin/Animations/ThirdPersonJump_Start.uasset' has been saved with empty engine version. The asset will be loaded but may be incompatible.
[2015.12.21-19.57.46:714][  0]LogLinker:Warning: Asset 'D:/Stuff/WhosThere/Content/Mannequin/Animations/ThirdPerson_IdleRun_2D.uasset' has been saved with empty engine version. The asset will be loaded but may be incompatible.
[2015.12.21-19.57.46:783][  0]LogLinker:Warning: Asset 'D:/Stuff/WhosThere/Content/Mannequin/Animations/ThirdPersonIdle.uasset' has been saved with empty engine version. The asset will be loaded but may be incompatible.
[2015.12.21-19.57.50:586][  0]LogAIModule: Creating AISystem for world ThirdPersonExampleMap
[2015.12.21-19.57.50:627][  0]LogWorld: Game class is 'NewGameMode_C'
[2015.12.21-19.57.50:639][  0]LogPhysics:Warning: FConstraintInstance::GetRefFrame : Contained scale.
[2015.12.21-19.57.50:639][  0]LogPhysics:Warning: FConstraintInstance::GetRefFrame : Contained scale.
[2015.12.21-19.57.50:674][  0]LogWorld: Bringing World /Temp/Autosaves/Game/ThirdPersonBP/Maps/UEDPCThirdPersonExampleMap.ThirdPersonExampleMap up for play (max tick rate 0) at 2015.12.21-14.57.50
[2015.12.21-19.57.50:681][  0]LogWorld: Bringing up level for play took: 0.050408
[2015.12.21-19.57.50:682][  0]LogInit:Display: Game Engine Initialized.
[2015.12.21-19.57.50:925][  0]LogLoad: Full Startup: 8.24 seconds (BP compile: 0.62 seconds)
[2015.12.21-19.57.50:952][  0]LogWindowsTextInputMethodSystem:Display: IME system now deactivated.
[2015.12.21-19.57.50:953][  0]LogWindowsTextInputMethodSystem:Display: IME system now deactivated.
[2015.12.21-19.57.51:041][  0]LogRenderer: Reallocating scene render targets to support 128x128 (Frame:1).
[2015.12.21-19.57.51:166][  1]LogRenderer: Reallocating scene render targets to support 1280x720 (Frame:2).
[2015.12.21-19.57.54:992][219]LogRenderer: Reallocating scene render targets to support 1536x844 (Frame:222).
[2015.12.21-19.57.56:842][325]LogRenderer: Reallocating scene render targets to support 1280x720 (Frame:329).
[2015.12.21-19.57.57:785][376]LogRenderer: Reallocating scene render targets to support 1536x844 (Frame:381).
[2015.12.21-19.57.59:771][491]LogRenderer: Reallocating scene render targets to support 1280x720 (Frame:497).
[2015.12.21-19.58.01:976][592]LogRenderer: Reallocating scene render targets to support 1536x844 (Frame:599).
[2015.12.21-19.58.03:405][670]LogRenderer: Reallocating scene render targets to support 1280x720 (Frame:678).
[2015.12.21-19.58.54:330][822]LogScript:Warning: Accessed None 'K2Node_DynamicCast_AsThird_Person_Character2'
	BP_Laptop_C /Temp/Autosaves/Game/ThirdPersonBP/Maps/UEDPCThirdPersonExampleMap.ThirdPersonExampleMap:PersistentLevel.BP_Laptop_C_0
	Function /Game/ThirdPersonBP/Blueprints/ItemBlueprints/BP_Laptop.BP_Laptop_C:ExecuteUbergraph_BP_Laptop:0411
[2015.12.21-20.01.52:814][886]LogScript:Warning: Accessed None 'Physics Handle'
	ThirdPersonCharacter_C /Temp/Autosaves/Game/ThirdPersonBP/Maps/UEDPCThirdPersonExampleMap.ThirdPersonExampleMap:PersistentLevel.ThirdPersonCharacter_C_0
	Function /Game/ThirdPersonBP/Blueprints/ThirdPersonCharacter.ThirdPersonCharacter_C:ExecuteUbergraph_ThirdPersonCharacter:12A1
[2015.12.21-20.01.52:826][887]LogScript:Warning: Accessed None 'Physics Handle'
	ThirdPersonCharacter_C /Temp/Autosaves/Game/ThirdPersonBP/Maps/UEDPCThirdPersonExampleMap.ThirdPersonExampleMap:PersistentLevel.ThirdPersonCharacter_C_0
	Function /Game/ThirdPersonBP/Blueprints/ThirdPersonCharacter.ThirdPersonCharacter_C:ExecuteUbergraph_ThirdPersonCharacter:12A1
[2015.12.21-20.01.52:843][888]LogScript:Warning: Accessed None 'Physics Handle'
	ThirdPersonCharacter_C /Temp/Autosaves/Game/ThirdPersonBP/Maps/UEDPCThirdPersonExampleMap.ThirdPersonExampleMap:PersistentLevel.ThirdPersonCharacter_C_0
	Function /Game/ThirdPersonBP/Blueprints/ThirdPersonCharacter.ThirdPersonCharacter_C:ExecuteUbergraph_ThirdPersonCharacter:12A1
[2015.12.21-20.01.52:859][889]LogScript:Warning: Accessed None 'Physics Handle'
	ThirdPersonCharacter_C /Temp/Autosaves/Game/ThirdPersonBP/Maps/UEDPCThirdPersonExampleMap.ThirdPersonExampleMap:PersistentLevel.ThirdPersonCharacter_C_0
	Function /Game/ThirdPersonBP/Blueprints/ThirdPersonCharacter.ThirdPersonCharacter_C:ExecuteUbergraph_ThirdPersonCharacter:12A1
[2015.12.21-20.01.52:875][890]LogScript:Warning: Accessed None 'Physics Handle'
	ThirdPersonCharacter_C /Temp/Autosaves/Game/ThirdPersonBP/Maps/UEDPCThirdPersonExampleMap.ThirdPersonExampleMap:PersistentLevel.ThirdPersonCharacter_C_0
	Function /Game/ThirdPersonBP/Blueprints/ThirdPersonCharacter.ThirdPersonCharacter_C:ExecuteUbergraph_ThirdPersonCharacter:12A1
[2015.12.21-20.01.52:891][891]LogScript:Warning: Accessed None 'Physics Handle'
	ThirdPersonCharacter_C /Temp/Autosaves/Game/ThirdPersonBP/Maps/UEDPCThirdPersonExampleMap.ThirdPersonExampleMap:PersistentLevel.ThirdPersonCharacter_C_0
	Function /Game/ThirdPersonBP/Blueprints/ThirdPersonCharacter.ThirdPersonCharacter_C:ExecuteUbergraph_ThirdPersonCharacter:10A4
[2015.12.21-20.01.52:891][891]LogScript:Warning: Accessed None 'Physics Object'
	ThirdPersonCharacter_C /Temp/Autosaves/Game/ThirdPersonBP/Maps/UEDPCThirdPersonExampleMap.ThirdPersonExampleMap:PersistentLevel.ThirdPersonCharacter_C_0
	Function /Game/ThirdPersonBP/Blueprints/ThirdPersonCharacter.ThirdPersonCharacter_C:ExecuteUbergraph_ThirdPersonCharacter:1103
[2015.12.21-20.04.25:648][360]LogBlueprintUserMessages: [BP_FrontDoor_C_1] The End
[2015.12.21-20.04.30:634][669]Closing by request
[2015.12.21-20.04.30:634][669]LogWindows: FPlatformMisc::RequestExit(0)
[2015.12.21-20.04.31:583][670]LogWindowsTextInputMethodSystem:Display: IME system now deactivated.
[2015.12.21-20.04.31:584][670]LogWindowsTextInputMethodSystem:Display: IME system now deactivated.
[2015.12.21-20.04.31:603][670]LogExit: Preparing to exit.
[2015.12.21-20.04.31:732][670]LogExit: Game engine shut down
[2015.12.21-20.04.31:734][670]LogParticles: Destroying 0 GPU particle simulations for FXSystem 0x00000282DF1554E0
[2015.12.21-20.04.31:946][670]LogExit: Object subsystem successfully closed.
[2015.12.21-20.04.31:973][670]LogD3D11RHI: Shutdown
[2015.12.21-20.04.31:973][670]LogD3D11RHI: CleanupD3DDevice
[2015.12.21-20.04.32:082][670]LogD3D11RHI: ~FD3D11DynamicRHI
[2015.12.21-20.04.32:094][670]LogModuleManager: Shutting down and abandoning module AndroidDeviceDetection (115)
[2015.12.21-20.04.32:165][670]LogModuleManager: Shutting down and abandoning module AutomationController (114)
[2015.12.21-20.04.32:165][670]LogModuleManager: Shutting down and abandoning module AutomationWorker (113)
[2015.12.21-20.04.32:165][670]LogModuleManager: Shutting down and abandoning module CharacterAI (112)
[2015.12.21-20.04.32:165][670]LogModuleManager: Shutting down and abandoning module AITestSuite (111)
[2015.12.21-20.04.32:165][670]LogModuleManager: Shutting down and abandoning module GameplayDebugger (110)
[2015.12.21-20.04.32:165][670]LogModuleManager: Shutting down and abandoning module AIModule (109)
[2015.12.21-20.04.32:165][670]LogModuleManager: Shutting down and abandoning module GameLiveStreaming (108)
[2015.12.21-20.04.32:165][670]LogModuleManager: Shutting down and abandoning module StreamingPauseRendering (107)
[2015.12.21-20.04.32:165][670]LogModuleManager: Shutting down and abandoning module ProfilerService (106)
[2015.12.21-20.04.32:294][670]LogModuleManager: Shutting down and abandoning module TaskGraph (105)
[2015.12.21-20.04.32:295][670]LogModuleManager: Shutting down and abandoning module SlateRemote (104)
[2015.12.21-20.04.32:295][670]LogModuleManager: Shutting down and abandoning module SteamVRController (103)
[2015.12.21-20.04.32:295][670]LogModuleManager: Shutting down and abandoning module SteamVR (102)
[2015.12.21-20.04.32:295][670]LogModuleManager: Shutting down and abandoning module ProceduralMeshComponent (101)
[2015.12.21-20.04.32:295][670]LogModuleManager: Shutting down and abandoning module OculusRift (100)
[2015.12.21-20.04.32:295][670]LogModuleManager: Shutting down and abandoning module OculusLibrary (99)
[2015.12.21-20.04.32:295][670]LogModuleManager: Shutting down and abandoning module LeapMotionController (98)
[2015.12.21-20.04.32:337][670]LogModuleManager: Shutting down and abandoning module CustomMeshComponent (97)
[2015.12.21-20.04.32:337][670]LogModuleManager: Shutting down and abandoning module CableComponent (96)
[2015.12.21-20.04.32:337][670]LogModuleManager: Shutting down and abandoning module ArchVisCharacter (95)
[2015.12.21-20.04.32:337][670]LogModuleManager: Shutting down and abandoning module HTML5Networking (94)
[2015.12.21-20.04.32:337][670]LogModuleManager: Shutting down and abandoning module DesktopPlatform (93)
[2015.12.21-20.04.32:337][670]LogModuleManager: Shutting down and abandoning module DirectoryWatcher (92)
[2015.12.21-20.04.32:337][670]LogModuleManager: Shutting down and abandoning module HotReload (91)
[2015.12.21-20.04.32:337][670]LogModuleManager: Shutting down and abandoning module VisualStudioSourceCodeAccess (90)
[2015.12.21-20.04.32:337][670]LogModuleManager: Shutting down and abandoning module UObjectPlugin (89)
[2015.12.21-20.04.32:337][670]LogModuleManager: Shutting down and abandoning module SubversionSourceControl (88)
[2015.12.21-20.04.32:337][670]LogModuleManager: Shutting down and abandoning module SourceControl (87)
[2015.12.21-20.04.32:337][670]LogModuleManager: Shutting down and abandoning module PerforceSourceControl (86)
[2015.12.21-20.04.32:337][670]LogModuleManager: Shutting down and abandoning module UdpMessaging (85)
[2015.12.21-20.04.32:337][670]LogModuleManager: Shutting down and abandoning module LightPropagationVolumeRuntime (84)
[2015.12.21-20.04.32:337][670]LogModuleManager: Shutting down and abandoning module Paper2D (83)
[2015.12.21-20.04.32:338][670]LogModuleManager: Shutting down and abandoning module WindowsMoviePlayer (82)
[2015.12.21-20.04.32:344][670]LogModuleManager: Shutting down and abandoning module Media (81)
[2015.12.21-20.04.32:344][670]LogModuleManager: Shutting down and abandoning module WmfMedia (80)
[2015.12.21-20.04.32:344][670]LogModuleManager: Shutting down and abandoning module OnlineBlueprintSupport (79)
[2015.12.21-20.04.32:344][670]LogModuleManager: Shutting down and abandoning module GameplayTasksEditor (78)
[2015.12.21-20.04.32:344][670]LogModuleManager: Shutting down and abandoning module PropertyEditor (77)
[2015.12.21-20.04.32:344][670]LogModuleManager: Shutting down and abandoning module BehaviorTreeEditor (76)
[2015.12.21-20.04.32:344][670]LogModuleManager: Shutting down and abandoning module FunctionalTesting (75)
[2015.12.21-20.04.32:344][670]LogModuleManager: Shutting down and abandoning module CollisionAnalyzer (74)
[2015.12.21-20.04.32:344][670]LogModuleManager: Shutting down and abandoning module WorkspaceMenuStructure (73)
[2015.12.21-20.04.32:344][670]LogModuleManager: Shutting down and abandoning module MessageLog (72)
[2015.12.21-20.04.32:344][670]LogModuleManager: Shutting down and abandoning module Sequencer (71)
[2015.12.21-20.04.32:344][670]LogModuleManager: Shutting down and abandoning module AssetTools (70)
[2015.12.21-20.04.32:345][670]LogModuleManager: Shutting down and abandoning module UMGEditor (69)
[2015.12.21-20.04.32:345][670]LogModuleManager: Shutting down and abandoning module UMG (68)
[2015.12.21-20.04.32:345][670]LogModuleManager: Shutting down and abandoning module Slate (67)
[2015.12.21-20.04.32:345][670]LogModuleManager: Shutting down and abandoning module EditorStyle (66)
[2015.12.21-20.04.32:347][670]LogModuleManager: Shutting down and abandoning module SessionServices (65)
[2015.12.21-20.04.32:347][670]LogModuleManager: Shutting down and abandoning module SourceCodeAccess (64)
[2015.12.21-20.04.32:347][670]LogModuleManager: Shutting down and abandoning module HeadMountedDisplay (63)
[2015.12.21-20.04.32:347][670]LogModuleManager: Shutting down and abandoning module XAudio2 (62)
[2015.12.21-20.04.32:347][670]LogModuleManager: Shutting down and abandoning module Networking (60)
[2015.12.21-20.04.32:347][670]LogModuleManager: Shutting down and abandoning module Core (59)
[2015.12.21-20.04.32:347][670]LogModuleManager: Shutting down and abandoning module KismetCompiler (58)
[2015.12.21-20.04.32:347][670]LogModuleManager: Shutting down and abandoning module PhysXFormats (57)
[2015.12.21-20.04.32:347][670]LogModuleManager: Shutting down and abandoning module MeshUtilities (56)
[2015.12.21-20.04.32:347][670]LogModuleManager: Shutting down and abandoning module CookingStats (55)
[2015.12.21-20.04.32:349][670]LogModuleManager: Shutting down and abandoning module DerivedDataCache (54)
[2015.12.21-20.04.32:437][670]LogDerivedDataCache: Shutdown
[2015.12.21-20.04.32:437][670]LogModuleManager: Shutting down and abandoning module ShaderFormatOpenGL (53)
[2015.12.21-20.04.32:437][670]LogModuleManager: Shutting down and abandoning module ShaderFormatD3D (52)
[2015.12.21-20.04.32:437][670]LogModuleManager: Shutting down and abandoning module MetalShaderFormat (51)
[2015.12.21-20.04.32:437][670]LogModuleManager: Shutting down and abandoning module TextureFormatUncompressed (50)
[2015.12.21-20.04.32:437][670]LogModuleManager: Shutting down and abandoning module TextureFormatPVR (49)
[2015.12.21-20.04.32:437][670]LogModuleManager: Shutting down and abandoning module TextureFormatIntelISPCTexComp (48)
[2015.12.21-20.04.32:437][670]LogModuleManager: Shutting down and abandoning module TextureFormatDXT (47)
[2015.12.21-20.04.32:437][670]LogModuleManager: Shutting down and abandoning module ImageWrapper (46)
[2015.12.21-20.04.32:437][670]LogModuleManager: Shutting down and abandoning module TextureFormatASTC (45)
[2015.12.21-20.04.32:437][670]LogModuleManager: Shutting down and abandoning module TextureFormatAndroid (44)
[2015.12.21-20.04.32:437][670]LogModuleManager: Shutting down and abandoning module AudioFormatOpus (43)
[2015.12.21-20.04.32:437][670]LogModuleManager: Shutting down and abandoning module AudioFormatOgg (42)
[2015.12.21-20.04.32:437][670]LogModuleManager: Shutting down and abandoning module AudioFormatADPCM (41)
[2015.12.21-20.04.32:437][670]LogModuleManager: Shutting down and abandoning module LinuxTargetPlatform (40)
[2015.12.21-20.04.32:437][670]LogModuleManager: Shutting down and abandoning module LinuxServerTargetPlatform (39)
[2015.12.21-20.04.32:437][670]LogModuleManager: Shutting down and abandoning module LinuxNoEditorTargetPlatform (38)
[2015.12.21-20.04.32:437][670]LogModuleManager: Shutting down and abandoning module Messaging (37)
[2015.12.21-20.04.32:437][670]LogModuleManager: Shutting down and abandoning module IOSTargetPlatform (36)
[2015.12.21-20.04.32:437][670]LogModuleManager: Shutting down and abandoning module HTML5TargetPlatform (35)
[2015.12.21-20.04.32:437][670]LogModuleManager: Shutting down and abandoning module Android_PVRTCTargetPlatform (34)
[2015.12.21-20.04.32:437][670]LogModuleManager: Shutting down and abandoning module Android_ETC2TargetPlatform (33)
[2015.12.21-20.04.32:437][670]LogModuleManager: Shutting down and abandoning module Android_ETC1TargetPlatform (32)
[2015.12.21-20.04.32:437][670]LogModuleManager: Shutting down and abandoning module Android_DXTTargetPlatform (31)
[2015.12.21-20.04.32:437][670]LogModuleManager: Shutting down and abandoning module Android_ATCTargetPlatform (30)
[2015.12.21-20.04.32:437][670]LogModuleManager: Shutting down and abandoning module Android_ASTCTargetPlatform (29)
[2015.12.21-20.04.32:437][670]LogModuleManager: Shutting down and abandoning module AndroidTargetPlatform (28)
[2015.12.21-20.04.32:437][670]LogModuleManager: Shutting down and abandoning module WindowsTargetPlatform (27)
[2015.12.21-20.04.32:437][670]LogModuleManager: Shutting down and abandoning module WindowsServerTargetPlatform (26)
[2015.12.21-20.04.32:437][670]LogModuleManager: Shutting down and abandoning module WindowsNoEditorTargetPlatform (25)
[2015.12.21-20.04.32:437][670]LogModuleManager: Shutting down and abandoning module WindowsClientTargetPlatform (24)
[2015.12.21-20.04.32:437][670]LogModuleManager: Shutting down and abandoning module AllDesktopTargetPlatform (23)
[2015.12.21-20.04.32:437][670]LogModuleManager: Shutting down and abandoning module TargetPlatform (22)
[2015.12.21-20.04.32:437][670]LogModuleManager: Shutting down and abandoning module InputCore (21)
[2015.12.21-20.04.32:437][670]LogModuleManager: Shutting down and abandoning module Settings (20)
[2015.12.21-20.04.32:437][670]LogModuleManager: Shutting down and abandoning module OnlineSubsystem (18)
[2015.12.21-20.04.32:437][670]LogModuleManager: Shutting down and abandoning module HTTP (17)
[2015.12.21-20.04.32:437][670]LogModuleManager: Shutting down and abandoning module XMPP (16)
[2015.12.21-20.04.32:437][670]LogModuleManager: Shutting down and abandoning module ExampleDeviceProfileSelector (15)
[2015.12.21-20.04.32:437][670]LogModuleManager: Shutting down and abandoning module TextureCompressor (14)
[2015.12.21-20.04.32:437][670]LogModuleManager: Shutting down and abandoning module ShaderCore (13)
[2015.12.21-20.04.32:437][670]LogModuleManager: Shutting down and abandoning module Landscape (12)
[2015.12.21-20.04.32:438][670]LogModuleManager: Shutting down and abandoning module SlateRHIRenderer (11)
[2015.12.21-20.04.32:438][670]LogModuleManager: Shutting down and abandoning module OpenGLDrv (10)
[2015.12.21-20.04.32:438][670]LogModuleManager: Shutting down and abandoning module D3D11RHI (9)
[2015.12.21-20.04.32:438][670]LogModuleManager: Shutting down and abandoning module AnimGraphRuntime (8)
[2015.12.21-20.04.32:438][670]LogModuleManager: Shutting down and abandoning module Renderer (7)
[2015.12.21-20.04.32:438][670]LogModuleManager: Shutting down and abandoning module Engine (6)
[2015.12.21-20.04.32:438][670]LogModuleManager: Shutting down and abandoning module CoreUObject (5)
[2015.12.21-20.04.32:438][670]LogModuleManager: Shutting down and abandoning module NetworkFile (4)
[2015.12.21-20.04.32:438][670]LogModuleManager: Shutting down and abandoning module StreamingFile (3)
[2015.12.21-20.04.32:438][670]LogModuleManager: Shutting down and abandoning module SandboxFile (2)
[2015.12.21-20.04.32:438][670]LogModuleManager: Shutting down and abandoning module PakFile (1)
[2015.12.21-20.04.32:438][670]LogExit: Exiting.
[2015.12.21-20.04.32:440][670]Log file closed, 12/21/15 15:04:32
