[2015.12.21-19.56.47:905][  0]Log file open, 12/21/15 14:56:47
[2015.12.21-19.56.47:905][  0]LogInit:Display: Running engine for game: GDDHorrorGame
[2015.12.21-19.56.47:905][  0]LogInit:Display: RandInit(114300185) SRandInit(114300185).
[2015.12.21-19.56.47:905][  0]LogTaskGraph: Started task graph with 4 named threads and 7 total threads.
[2015.12.21-19.56.47:905][  0]LogStats: Stats thread started at 0.123951
[2015.12.21-19.56.47:905][  0]LogInit: Version: 4.9.2-2707645+++depot+UE4-Releases+4.9
[2015.12.21-19.56.47:905][  0]LogInit: API Version: 2672455
[2015.12.21-19.56.47:905][  0]LogInit: Compiled (64-bit): Sep 28 2015 10:25:44
[2015.12.21-19.56.47:905][  0]LogInit: Compiled with Visual C++: 18.00.21005.01
[2015.12.21-19.56.47:905][  0]LogInit: Build Configuration: Development
[2015.12.21-19.56.47:905][  0]LogInit: Branch Name: ++depot+UE4-Releases+4.9
[2015.12.21-19.56.47:905][  0]LogInit: Command line:  
[2015.12.21-19.56.47:905][  0]LogInit: Base directory: C:/Program Files/Epic Games/4.9/Engine/Binaries/Win64/
[2015.12.21-19.56.47:905][  0]LogInit: Rocket: 1
[2015.12.21-19.56.47:905][  0]LogInit: Using libcurl 7.41.0
[2015.12.21-19.56.47:905][  0]LogInit:  - built for x86_64-pc-win32
[2015.12.21-19.56.47:905][  0]LogInit:  - supports SSL with WinSSL
[2015.12.21-19.56.47:905][  0]LogInit:  - other features:
[2015.12.21-19.56.47:905][  0]LogInit:      CURL_VERSION_SSL
[2015.12.21-19.56.47:905][  0]LogInit:      CURL_VERSION_IPV6
[2015.12.21-19.56.47:905][  0]LogInit:      CURL_VERSION_ASYNCHDNS
[2015.12.21-19.56.47:905][  0]LogInit:      CURL_VERSION_LARGEFILE
[2015.12.21-19.56.47:905][  0]LogInit:      CURL_VERSION_IDN
[2015.12.21-19.56.47:905][  0]LogInit:  CurlRequestOptions (configurable via config and command line):
[2015.12.21-19.56.47:905][  0]LogInit:  - bVerifyPeer = true  - Libcurl will verify peer certificate
[2015.12.21-19.56.47:905][  0]LogInit:  - bUseHttpProxy = false  - Libcurl will NOT use HTTP proxy
[2015.12.21-19.56.47:905][  0]LogInit:  - bDontReuseConnections = false  - Libcurl will reuse connections
[2015.12.21-19.56.47:905][  0]LogInit:  - CertBundlePath = nullptr  - Libcurl will use whatever was configured at build time.
[2015.12.21-19.56.47:921][  0]LogInit: Presizing for 0 objects not considered by GC, pre-allocating 0 bytes.
[2015.12.21-19.56.47:921][  0]LogInit: Object subsystem initialized
[2015.12.21-19.56.47:921][  0]LogInit: Selected Device Profile: [Windows]
[2015.12.21-19.56.47:921][  0]LogInit: Applying CVar settings loaded from the selected device profile: [Windows]
[2015.12.21-19.56.47:968][  0]LogInit: Computer: NICKSCOMPUTER
[2015.12.21-19.56.47:968][  0]LogInit: User: ntanc000
[2015.12.21-19.56.47:968][  0]LogInit: CPU Page size=4096, Cores=4
[2015.12.21-19.56.47:968][  0]LogInit: High frequency timer resolution =2.537585 MHz
[2015.12.21-19.56.47:968][  0]LogMemory: Memory total: Physical=15.9GB (16GB approx)
[2015.12.21-19.56.47:968][  0]LogMemory: Platform Memory Stats for Windows
[2015.12.21-19.56.47:968][  0]LogMemory: Process Physical Memory: 54.55 MB used, 54.55 MB peak
[2015.12.21-19.56.47:968][  0]LogMemory: Process Virtual Memory: 55.28 MB used, 55.28 MB peak
[2015.12.21-19.56.47:968][  0]LogMemory: Physical Memory: 3205.51 MB used, 16269.45 MB total
[2015.12.21-19.56.47:968][  0]LogMemory: Virtual Memory: 368.27 MB used, 134217728.00 MB total
[2015.12.21-19.56.48:299][  0]LogTextLocalizationManager: No specific translations for ('en-US') exist, so ('en') translations will be used.
[2015.12.21-19.56.49:371][  0]LogD3D11RHI: Found D3D11 adapter 0: NVIDIA GeForce GTX 980M  (Feature Level 11_0)
[2015.12.21-19.56.49:372][  0]LogD3D11RHI: Adapter has 4012MB of dedicated video memory, 0MB of dedicated system memory, and 8134MB of shared system memory, 2 output[s]
[2015.12.21-19.56.49:386][  0]LogD3D11RHI: Found D3D11 adapter 1: Intel(R) HD Graphics 4600 (Feature Level 11_0)
[2015.12.21-19.56.49:386][  0]LogD3D11RHI: Adapter has 112MB of dedicated video memory, 0MB of dedicated system memory, and 8134MB of shared system memory, 0 output[s]
[2015.12.21-19.56.49:388][  0]LogD3D11RHI: Found D3D11 adapter 2: Microsoft Basic Render Driver (Feature Level 11_0)
[2015.12.21-19.56.49:388][  0]LogD3D11RHI: Adapter has 0MB of dedicated video memory, 0MB of dedicated system memory, and 8134MB of shared system memory, 0 output[s]
[2015.12.21-19.56.49:388][  0]LogD3D11RHI: Chosen D3D11 Adapter Id = 0
[2015.12.21-19.56.49:396][  0]LogD3D11RHI: !Direct3DDevice
[2015.12.21-19.56.49:396][  0]LogRHI: Texture pool is 1361 MB (70% of 1945 MB)
[2015.12.21-19.56.49:412][  0]LogD3D11RHI: Async texture creation enabled
[2015.12.21-19.56.49:426][  0]LogShaderCompilers: Guid format shader working directory is 14 characters bigger than the processId version (D:/Stuff/WhosThere/Intermediate/Shaders/WorkingDirectory/16304/).
[2015.12.21-19.56.49:426][  0]LogShaderCompilers: Cleaned the shader compiler working directory 'D:/Stuff/WhosThere/Intermediate/Shaders/tmp/4CE290924EC4887C0DC28C8D6E0524FF/'.
[2015.12.21-19.56.49:426][  0]LogShaderCompilers:Display: Using Local Shader Compiler.
[2015.12.21-19.56.50:412][  0]LogTemp:Display: Loaded TP AllDesktopTargetPlatform
[2015.12.21-19.56.50:418][  0]LogTemp:Display: Loaded TP WindowsClientTargetPlatform
[2015.12.21-19.56.50:424][  0]LogTemp:Display: Loaded TP WindowsNoEditorTargetPlatform
[2015.12.21-19.56.50:430][  0]LogTemp:Display: Loaded TP WindowsServerTargetPlatform
[2015.12.21-19.56.50:436][  0]LogTemp:Display: Loaded TP WindowsTargetPlatform
[2015.12.21-19.56.50:440][  0]LogTemp:Display: Loaded TP AndroidTargetPlatform
[2015.12.21-19.56.50:445][  0]LogTemp:Display: Loaded TP Android_ASTCTargetPlatform
[2015.12.21-19.56.50:449][  0]LogTemp:Display: Loaded TP Android_ATCTargetPlatform
[2015.12.21-19.56.50:453][  0]LogTemp:Display: Loaded TP Android_DXTTargetPlatform
[2015.12.21-19.56.50:457][  0]LogTemp:Display: Loaded TP Android_ETC1TargetPlatform
[2015.12.21-19.56.50:461][  0]LogTemp:Display: Loaded TP Android_ETC2TargetPlatform
[2015.12.21-19.56.50:466][  0]LogTemp:Display: Loaded TP Android_PVRTCTargetPlatform
[2015.12.21-19.56.50:467][  0]LogTemp:Display: Loaded TP HTML5TargetPlatform
[2015.12.21-19.56.50:486][  0]LogTemp:Display: Loaded TP IOSTargetPlatform
[2015.12.21-19.56.50:490][  0]LogTemp:Display: Loaded TP LinuxNoEditorTargetPlatform
[2015.12.21-19.56.50:494][  0]LogTemp:Display: Loaded TP LinuxServerTargetPlatform
[2015.12.21-19.56.50:498][  0]LogTemp:Display: Loaded TP LinuxTargetPlatform
[2015.12.21-19.56.50:498][  0]LogTargetPlatformManager:Display: Building Assets For Windows
[2015.12.21-19.56.50:596][  0]LogDerivedDataCache:Display: Max Cache Size: 512 MB
[2015.12.21-19.56.50:640][  0]LogDerivedDataCache: Loaded boot cache 0.04s 41MB C:/Users/ntanc_000/AppData/Local/UnrealEngine/4.9/DerivedDataCache/Boot.ddc.
[2015.12.21-19.56.50:640][  0]LogDerivedDataCache:Display: Loaded Boot cache: C:/Users/ntanc_000/AppData/Local/UnrealEngine/4.9/DerivedDataCache/Boot.ddc
[2015.12.21-19.56.50:640][  0]LogDerivedDataCache: FDerivedDataBackendGraph:  Pak pak cache file D:/Stuff/WhosThere/DerivedDataCache/DDC.ddp not found, will not use a pak cache.
[2015.12.21-19.56.50:640][  0]LogDerivedDataCache: Unable to find inner node Pak for hierarchical cache Hierarchy.
[2015.12.21-19.56.50:640][  0]LogDerivedDataCache: FDerivedDataBackendGraph:  CompressedPak pak cache file D:/Stuff/WhosThere/DerivedDataCache/Compressed.ddp not found, will not use a pak cache.
[2015.12.21-19.56.50:640][  0]LogDerivedDataCache: Unable to find inner node CompressedPak for hierarchical cache Hierarchy.
[2015.12.21-19.56.50:766][  0]LogDerivedDataCache:Display: Pak cache opened for reading ../../../Engine/DerivedDataCache/Compressed.ddp.
[2015.12.21-19.56.50:778][  0]LogDerivedDataCache: Using Local data cache path C:/Users/ntanc_000/AppData/Local/UnrealEngine/Common/DerivedDataCache: Writable
[2015.12.21-19.56.50:960][  0]LogInit: Selected Device Profile: [Windows]
[2015.12.21-19.56.50:962][  0]LogContentStreaming: Texture pool size is 0.000000MB
[2015.12.21-19.56.51:399][  0]LogMeshUtilities: No automatic mesh reduction module available
[2015.12.21-19.56.51:399][  0]LogMeshUtilities: No automatic mesh merging module available
[2015.12.21-19.56.51:649][  0]LogInit: WinSock: version 1.1 (2.2), MaxSocks=32767, MaxUdp=65467
[2015.12.21-19.56.52:296][  0]UdpMessaging: Initializing bridge on interface 0.0.0.0:0 to multicast group 230.0.0.1:6666.
[2015.12.21-19.56.52:433][  0]LogAssetRegistry: FAssetRegistry took 0.0111 seconds to start up
[2015.12.21-19.56.53:366][  0]SourceControl: Info Source control is disabled
[2015.12.21-19.56.53:366][  0]SourceControl: Info Source control is disabled
[2015.12.21-19.56.53:378][  0]SourceControl: Info Source control is disabled
[2015.12.21-19.56.53:390][  0]SourceControl: Info Source control is disabled
[2015.12.21-19.56.53:558][  0]LogLinker:Warning: Asset '../../../Engine/Plugins/Runtime/LeapMotionController/Content/LM_PassthroughMaterial.uasset' has been saved with empty engine version. The asset will be loaded but may be incompatible.
[2015.12.21-19.56.53:648][  0]LogObj: 28361 objects as part of root set at end of initial load.
[2015.12.21-19.56.53:648][  0]LogUObjectAllocator: 6038872 out of 0 bytes used by permanent object pool.
[2015.12.21-19.56.53:711][  0]LogEngine: Initializing Engine...
[2015.12.21-19.56.53:713][  0]LogHMD: Can't find Oculus library dev build: is proper Runtime installed? Version: 0.7.0.0
[2015.12.21-19.56.53:714][  0]LogHMD: SteamVR failed to initialize.  Err: 110
[2015.12.21-19.56.53:900][  0]LogAIModule: Creating AISystem for world NewWorld
[2015.12.21-19.56.53:907][  0]LogInit: XAudio2 using 'Speakers (Sound Blaster Recon3Di)' : 2 channels at 48 kHz using 32 bits per sample (channel mask 0x3)
[2015.12.21-19.56.53:926][  0]LogInit: FAudioDevice initialized.
[2015.12.21-19.56.53:956][  0]LogDerivedDataCache: Saved boot cache 0.03s 57MB C:/Users/ntanc_000/AppData/Local/UnrealEngine/4.9/DerivedDataCache/Boot.ddc.
[2015.12.21-19.56.53:961][  0]LogInit: Texture streaming: Enabled
[2015.12.21-19.56.53:968][  0]LogAnalytics: Creating configured Analytics provider AnalyticsET
[2015.12.21-19.56.53:968][  0]LogAnalytics: [UEEditor.Rocket.Release] APIServer = http://et2.epicgames.com/ET2/. AppVersion = 4.9.2-2707645+++depot+UE4-Releases+4.9
[2015.12.21-19.56.53:969][  0]LogAnalytics: [UEEditor.Rocket.Release] SetUserId 2c211ad74a9e5469c13dfaa1059b2d42|1bd0216fcaf5458183f89cc914276325|d020360b-9246-478a-84ac-08a9775e7849
[2015.12.21-19.56.53:969][  0]LogAnalytics: [UEEditor.Rocket.Release] AnalyticsET::StartSession
[2015.12.21-19.56.53:985][  0]LogWindowsTextInputMethodSystem:Display: IME system now deactivated.
[2015.12.21-19.56.53:985][  0]LogWindowsTextInputMethodSystem:Display: IME system now deactivated.
[2015.12.21-19.56.54:008][  0]LogInit: Transaction tracking system initialized
[2015.12.21-19.56.54:044][  0]BlueprintLog: New page: Editor Load
[2015.12.21-19.56.54:982][  0]LocalizationService: Info Localization service is disabled
[2015.12.21-19.56.55:086][  0]LogConsoleResponse:Display: 
[2015.12.21-19.56.55:262][  0]LogCook:Display: Done creating registry. It took  0.00s.
[2015.12.21-19.56.55:349][  0]LogFileCache: Scanning file cache for directory 'D:/Stuff/WhosThere/Content/' took 0.02s
[2015.12.21-19.56.55:349][  0]SourceControl: Info Source control is disabled
[2015.12.21-19.56.55:350][  0]Cmd: MAP LOAD FILE="D:/Stuff/WhosThere/Content/ThirdPersonBP/Maps/ThirdPersonExampleMap.umap" TEMPLATE=0 SHOWPROGRESS=1 FEATURELEVEL=3
[2015.12.21-19.56.55:457][  0]LightingResults: New page: Lighting Build
[2015.12.21-19.56.55:461][  0]MapCheck: New page: Map Check
[2015.12.21-19.56.55:461][  0]LightingResults: New page: Lighting Build
[2015.12.21-19.56.55:475][  0]LogParticles: Destroying 0 GPU particle simulations for FXSystem 0x000001BB0581F740
[2015.12.21-19.56.55:819][  0]LogLinker:Warning: Asset 'D:/Stuff/WhosThere/Content/Mannequin/Animations/ThirdPerson_Jump.uasset' has been saved with empty engine version. The asset will be loaded but may be incompatible.
[2015.12.21-19.56.55:852][  0]LogLinker:Warning: Asset 'D:/Stuff/WhosThere/Content/Mannequin/Animations/ThirdPersonJump_Loop.uasset' has been saved with empty engine version. The asset will be loaded but may be incompatible.
[2015.12.21-19.56.55:855][  0]LogLinker:Warning: Asset 'D:/Stuff/WhosThere/Content/Mannequin/Animations/ThirdPersonJump_Start.uasset' has been saved with empty engine version. The asset will be loaded but may be incompatible.
[2015.12.21-19.56.55:857][  0]LogLinker:Warning: Asset 'D:/Stuff/WhosThere/Content/Mannequin/Animations/ThirdPerson_IdleRun_2D.uasset' has been saved with empty engine version. The asset will be loaded but may be incompatible.
[2015.12.21-19.56.55:858][  0]LogLinker:Warning: Asset 'D:/Stuff/WhosThere/Content/Mannequin/Animations/ThirdPersonIdle.uasset' has been saved with empty engine version. The asset will be loaded but may be incompatible.
[2015.12.21-19.57.06:068][  0]LogAIModule: Creating AISystem for world ThirdPersonExampleMap
[2015.12.21-19.57.06:087][  0]LogPhysics:Warning: FConstraintInstance::GetRefFrame : Contained scale.
[2015.12.21-19.57.06:087][  0]LogPhysics:Warning: FConstraintInstance::GetRefFrame : Contained scale.
[2015.12.21-19.57.06:119][  0]LogEditorServer: Finished looking for orphan Actors (0.000 secs)
[2015.12.21-19.57.06:120][  0]Cmd: MAP CHECKDEP NOCLEARLOG
[2015.12.21-19.57.06:235][  0]MapCheck: Info Map check complete: 0 Error(s), 0 Warning(s), took 115.435ms to complete.
[2015.12.21-19.57.06:235][  0]LogFileHelpers: Loading map 'ThirdPersonExampleMap' took 10.886
[2015.12.21-19.57.06:414][  0]LogCollectionManager: Loaded 0 collections in 0.002402 seconds
[2015.12.21-19.57.06:458][  0]LogFileCache: Scanning file cache for directory 'D:/Stuff/WhosThere/Saved/Collections/' took 0.01s
[2015.12.21-19.57.06:458][  0]LogFileCache: Scanning file cache for directory 'D:/Stuff/WhosThere/Content/Developers/ntanc000/Collections/' took 0.01s
[2015.12.21-19.57.06:458][  0]LogFileCache: Scanning file cache for directory 'D:/Stuff/WhosThere/Content/Collections/' took 0.01s
[2015.12.21-19.57.06:458][  0]LogContentBrowser: Native class hierarchy populated in 0.0092 seconds. Added 1867 classes and 333 folders.
[2015.12.21-19.57.06:492][  0]LogCollectionManager: Rebuilt the GUID cache for 0 collections in 0.000004 seconds
[2015.12.21-19.57.06:503][  0]LogContentBrowser: Native class hierarchy updated for 'WidgetCarousel' in 0.0005 seconds. Added 0 classes and 0 folders.
[2015.12.21-19.57.06:547][  0]LogContentBrowser: Native class hierarchy updated for 'AddContentDialog' in 0.0003 seconds. Added 0 classes and 0 folders.
[2015.12.21-19.57.06:558][  0]LogContentBrowser: Native class hierarchy updated for 'SceneOutliner' in 0.0004 seconds. Added 1 classes and 2 folders.
[2015.12.21-19.57.06:641][  0]LogCrashTracker: Crashtracker disabled due to settings.
[2015.12.21-19.57.06:647][  0]LogUObjectGlobals:Warning: Failed to find object 'Class None.'
[2015.12.21-19.57.06:668][  0]LogLoad: Full Startup: 19.70 seconds (BP compile: 1.07 seconds)
[2015.12.21-19.57.06:968][  0]LogContentStreaming: Texture pool size now 1000 MB
[2015.12.21-19.57.07:091][  0]LogRenderer: Reallocating scene render targets to support 912x480 (Frame:2).
[2015.12.21-19.57.08:474][ 15]LogAssetRegistry: Asset discovery search completed in 16.0515 seconds
[2015.12.21-19.57.08:474][ 15]LogCollectionManager: Rebuilt the object cache for 0 collections in 0.000000 seconds (found 0 objects)
[2015.12.21-19.57.08:474][ 15]LogCollectionManager: Fixed up redirectors for 0 collections in 0.000030 seconds (updated 0 objects)
[2015.12.21-19.57.36:798][701]LogBlueprintUserMessages: Early PlayInEditor Detection: Level '/Game/ThirdPersonBP/Maps/ThirdPersonExampleMap.ThirdPersonExampleMap:PersistentLevel' has LevelScriptBlueprint '/Game/ThirdPersonBP/Maps/ThirdPersonExampleMap.ThirdPersonExampleMap:PersistentLevel.ThirdPersonExampleMap' with GeneratedClass '/Game/ThirdPersonBP/Maps/ThirdPersonExampleMap.ThirdPersonExampleMap_C' with ClassGeneratedBy '/Game/ThirdPersonBP/Maps/ThirdPersonExampleMap.ThirdPersonExampleMap:PersistentLevel.ThirdPersonExampleMap'
[2015.12.21-19.57.36:798][701]LogPlayLevel: PlayLevel: No blueprints needed recompiling
[2015.12.21-19.57.36:802][701]PIE: New page: PIE session: ThirdPersonExampleMap (Dec 21, 2015, 9:57:36 AM)
[2015.12.21-19.57.36:802][701]LogPlayLevel: Creating play world package: /Game/ThirdPersonBP/Maps/UEDPIE_0_ThirdPersonExampleMap
[2015.12.21-19.57.36:931][701]LogPlayLevel: PIE: StaticDuplicateObject took: (0.128954s)
[2015.12.21-19.57.36:932][701]LogAIModule: Creating AISystem for world ThirdPersonExampleMap
[2015.12.21-19.57.36:932][701]LogPlayLevel: PIE: World Init took: (0.001023s)
[2015.12.21-19.57.36:932][701]LogPlayLevel: PIE: Created PIE world by copying editor world from /Game/ThirdPersonBP/Maps/ThirdPersonExampleMap.ThirdPersonExampleMap to /Game/ThirdPersonBP/Maps/UEDPIE_0_ThirdPersonExampleMap.ThirdPersonExampleMap (0.130580s)
[2015.12.21-19.57.37:046][701]LogInit: XAudio2 using 'Speakers (Sound Blaster Recon3Di)' : 2 channels at 48 kHz using 32 bits per sample (channel mask 0x3)
[2015.12.21-19.57.37:052][701]LogInit: FAudioDevice initialized.
[2015.12.21-19.57.37:320][701]LogWorld: Game class is 'NewGameMode_C'
[2015.12.21-19.57.37:331][701]LogPhysics:Warning: FConstraintInstance::GetRefFrame : Contained scale.
[2015.12.21-19.57.37:331][701]LogPhysics:Warning: FConstraintInstance::GetRefFrame : Contained scale.
[2015.12.21-19.57.37:335][701]LogWorld: Bringing World /Game/ThirdPersonBP/Maps/UEDPIE_0_ThirdPersonExampleMap.ThirdPersonExampleMap up for play (max tick rate 60) at 2015.12.21-14.57.37
[2015.12.21-19.57.37:335][701]LogActor:Warning: GameSession /Game/ThirdPersonBP/Maps/UEDPIE_0_ThirdPersonExampleMap.ThirdPersonExampleMap:PersistentLevel.GameSession_0 has natively added scene component(s), but none of them were set as the actor's RootComponent - picking one arbitrarily
[2015.12.21-19.57.37:336][701]LogActor:Warning: GameNetworkManager /Game/ThirdPersonBP/Maps/UEDPIE_0_ThirdPersonExampleMap.ThirdPersonExampleMap:PersistentLevel.GameNetworkManager_0 has natively added scene component(s), but none of them were set as the actor's RootComponent - picking one arbitrarily
[2015.12.21-19.57.37:338][701]LogWorld: Bringing up level for play took: 0.016534
[2015.12.21-19.57.37:340][701]PIE: Info Play in editor start time for /Game/ThirdPersonBP/Maps/UEDPIE_0_ThirdPersonExampleMap 0.249
[2015.12.21-19.57.37:341][701]LogBlueprintUserMessages: Late PlayInEditor Detection: Level '/Game/ThirdPersonBP/Maps/ThirdPersonExampleMap.ThirdPersonExampleMap:PersistentLevel' has LevelScriptBlueprint '/Game/ThirdPersonBP/Maps/ThirdPersonExampleMap.ThirdPersonExampleMap:PersistentLevel.ThirdPersonExampleMap' with GeneratedClass '/Game/ThirdPersonBP/Maps/ThirdPersonExampleMap.ThirdPersonExampleMap_C' with ClassGeneratedBy '/Game/ThirdPersonBP/Maps/ThirdPersonExampleMap.ThirdPersonExampleMap:PersistentLevel.ThirdPersonExampleMap'
[2015.12.21-19.57.38:904][788]LogBlueprintUserMessages: Early EndPlayMap Detection: Level '/Game/ThirdPersonBP/Maps/ThirdPersonExampleMap.ThirdPersonExampleMap:PersistentLevel' has LevelScriptBlueprint '/Game/ThirdPersonBP/Maps/ThirdPersonExampleMap.ThirdPersonExampleMap:PersistentLevel.ThirdPersonExampleMap' with GeneratedClass '/Game/ThirdPersonBP/Maps/ThirdPersonExampleMap.ThirdPersonExampleMap_C' with ClassGeneratedBy '/Game/ThirdPersonBP/Maps/ThirdPersonExampleMap.ThirdPersonExampleMap:PersistentLevel.ThirdPersonExampleMap'
[2015.12.21-19.57.38:951][788]LogBlueprintUserMessages: Late EndPlayMap Detection: Level '/Game/ThirdPersonBP/Maps/ThirdPersonExampleMap.ThirdPersonExampleMap:PersistentLevel' has LevelScriptBlueprint '/Game/ThirdPersonBP/Maps/ThirdPersonExampleMap.ThirdPersonExampleMap:PersistentLevel.ThirdPersonExampleMap' with GeneratedClass '/Game/ThirdPersonBP/Maps/ThirdPersonExampleMap.ThirdPersonExampleMap_C' with ClassGeneratedBy '/Game/ThirdPersonBP/Maps/ThirdPersonExampleMap.ThirdPersonExampleMap:PersistentLevel.ThirdPersonExampleMap'
[2015.12.21-19.57.38:974][788]LogParticles: Destroying 0 GPU particle simulations for FXSystem 0x000001BB108F5940
[2015.12.21-19.57.42:537][886]LogSavePackage: Save=1317.924683ms
[2015.12.21-19.57.42:537][886]LogSavePackage: Moving 'D:/Stuff/WhosThere/Saved/UEDPCThirdPersonExampleMapE23A3A9E4488BD4487A6B896E44468EF.tmp' to 'D:/Stuff/WhosThere/Saved/Autosaves/Game/ThirdPersonBP/Maps/UEDPCThirdPersonExampleMap.umap'
[2015.12.21-19.57.42:541][886]LogSavePackage: Total save time: 1473.855257ms
[2015.12.21-19.57.42:541][886]LogSavePackage:Warning: Finished SavePackage D:/Stuff/WhosThere/Saved/Autosaves/Game/ThirdPersonBP/Maps/UEDPCThirdPersonExampleMap.umap
[2015.12.21-20.04.37:171][409]LogWindowsTextInputMethodSystem:Display: IME system now deactivated.
[2015.12.21-20.04.37:172][409]LogWindowsTextInputMethodSystem:Display: IME system now deactivated.
[2015.12.21-20.04.37:461][410]Cmd: QUIT_EDITOR
[2015.12.21-20.04.37:995][410]LogExit: Preparing to exit.
[2015.12.21-20.04.38:877][410]LogExit: Editor shut down
[2015.12.21-20.04.38:878][410]LogExit: Transaction tracking system shut down
[2015.12.21-20.04.38:931][410]LogParticles: Destroying 0 GPU particle simulations for FXSystem 0x000001BB07C88360
[2015.12.21-20.04.38:933][410]LogParticles: Destroying 0 GPU particle simulations for FXSystem 0x000001BB4B893880
[2015.12.21-20.04.38:933][410]LogParticles: Destroying 0 GPU particle simulations for FXSystem 0x000001BB4B79C7C0
[2015.12.21-20.04.38:933][410]LogParticles: Destroying 0 GPU particle simulations for FXSystem 0x000001BB556854E0
[2015.12.21-20.04.39:131][410]LogParticles: Destroying 0 GPU particle simulations for FXSystem 0x000001BB556853A0
[2015.12.21-20.04.39:131][410]LogExit: Object subsystem successfully closed.
[2015.12.21-20.04.39:150][410]LogD3D11RHI: Shutdown
[2015.12.21-20.04.39:150][410]LogD3D11RHI: CleanupD3DDevice
[2015.12.21-20.04.39:266][410]LogD3D11RHI: ~FD3D11DynamicRHI
[2015.12.21-20.04.39:285][410]LogModuleManager: Shutting down and abandoning module CrashTracker (197)
[2015.12.21-20.04.39:285][410]LogModuleManager: Shutting down and abandoning module SceneOutliner (196)
[2015.12.21-20.04.39:285][410]LogModuleManager: Shutting down and abandoning module SuperSearch (195)
[2015.12.21-20.04.39:285][410]LogModuleManager: Shutting down and abandoning module WidgetCarousel (194)
[2015.12.21-20.04.39:285][410]LogModuleManager: Shutting down and abandoning module AddContentDialog (193)
[2015.12.21-20.04.39:286][410]LogModuleManager: Shutting down and abandoning module EditorWidgets (192)
[2015.12.21-20.04.39:286][410]LogModuleManager: Shutting down and abandoning module CollectionManager (191)
[2015.12.21-20.04.39:286][410]LogModuleManager: Shutting down and abandoning module StatsViewer (190)
[2015.12.21-20.04.39:286][410]LogModuleManager: Shutting down and abandoning module FoliageEdit (189)
[2015.12.21-20.04.39:286][410]LogModuleManager: Shutting down and abandoning module LandscapeEditor (188)
[2015.12.21-20.04.39:286][410]LogModuleManager: Shutting down and abandoning module ActorPickerMode (187)
[2015.12.21-20.04.39:286][410]LogModuleManager: Shutting down and abandoning module GeometryMode (186)
[2015.12.21-20.04.39:286][410]LogModuleManager: Shutting down and abandoning module TextureAlignMode (185)
[2015.12.21-20.04.39:286][410]LogModuleManager: Shutting down and abandoning module BspMode (184)
[2015.12.21-20.04.39:286][410]LogModuleManager: Shutting down and abandoning module PlacementMode (183)
[2015.12.21-20.04.39:286][410]LogModuleManager: Shutting down and abandoning module AutomationWorker (182)
[2015.12.21-20.04.39:286][410]LogModuleManager: Shutting down and abandoning module CharacterAI (181)
[2015.12.21-20.04.39:286][410]LogModuleManager: Shutting down and abandoning module SmartSnapping (180)
[2015.12.21-20.04.39:286][410]LogModuleManager: Shutting down and abandoning module ViewportSnapping (179)
[2015.12.21-20.04.39:286][410]LogModuleManager: Shutting down and abandoning module LogVisualizer (178)
[2015.12.21-20.04.39:286][410]LogModuleManager: Shutting down and abandoning module GameProjectGeneration (177)
[2015.12.21-20.04.39:286][410]LogModuleManager: Shutting down and abandoning module IntroTutorials (176)
[2015.12.21-20.04.39:286][410]LogModuleManager: Shutting down and abandoning module EditorLiveStreaming (175)
[2015.12.21-20.04.39:286][410]LogModuleManager: Shutting down and abandoning module IOSPlatformEditor (174)
[2015.12.21-20.04.39:286][410]LogModuleManager: Shutting down and abandoning module HTML5PlatformEditor (173)
[2015.12.21-20.04.39:286][410]LogModuleManager: Shutting down and abandoning module AndroidDeviceDetection (172)
[2015.12.21-20.04.40:167][410]LogModuleManager: Shutting down and abandoning module AndroidPlatformEditor (171)
[2015.12.21-20.04.40:167][410]LogModuleManager: Shutting down and abandoning module IOSRuntimeSettings (170)
[2015.12.21-20.04.40:167][410]LogModuleManager: Shutting down and abandoning module AndroidRuntimeSettings (169)
[2015.12.21-20.04.40:167][410]LogModuleManager: Shutting down and abandoning module MergeActors (168)
[2015.12.21-20.04.40:167][410]LogModuleManager: Shutting down and abandoning module SizeMap (167)
[2015.12.21-20.04.40:167][410]LogModuleManager: Shutting down and abandoning module TreeMap (166)
[2015.12.21-20.04.40:167][410]LogModuleManager: Shutting down and abandoning module ReferenceViewer (165)
[2015.12.21-20.04.40:167][410]LogModuleManager: Shutting down and abandoning module LocalizationService (164)
[2015.12.21-20.04.40:167][410]LogModuleManager: Shutting down and abandoning module LocalizationDashboard (163)
[2015.12.21-20.04.40:167][410]LogModuleManager: Shutting down and abandoning module HardwareTargeting (162)
[2015.12.21-20.04.40:168][410]LogModuleManager: Shutting down and abandoning module DeviceProfileEditor (161)
[2015.12.21-20.04.40:168][410]LogModuleManager: Shutting down and abandoning module UndoHistory (160)
[2015.12.21-20.04.40:168][410]LogModuleManager: Shutting down and abandoning module GameplayTagsEditor (159)
[2015.12.21-20.04.40:168][410]LogModuleManager: Shutting down and abandoning module UserFeedback (158)
[2015.12.21-20.04.40:168][410]LogModuleManager: Shutting down and abandoning module XmlParser (157)
[2015.12.21-20.04.40:168][410]LogModuleManager: Shutting down and abandoning module Blutility (156)
[2015.12.21-20.04.40:168][410]LogModuleManager: Shutting down and abandoning module ProjectTargetPlatformEditor (155)
[2015.12.21-20.04.40:168][410]LogModuleManager: Shutting down and abandoning module ProjectSettingsViewer (154)
[2015.12.21-20.04.40:168][410]LogModuleManager: Shutting down and abandoning module InputBindingEditor (153)
[2015.12.21-20.04.40:168][410]LogModuleManager: Shutting down and abandoning module EditorSettingsViewer (152)
[2015.12.21-20.04.40:169][410]LogModuleManager: Shutting down and abandoning module SettingsEditor (151)
[2015.12.21-20.04.40:169][410]LogModuleManager: Shutting down and abandoning module ProjectLauncher (150)
[2015.12.21-20.04.40:169][410]LogModuleManager: Shutting down and abandoning module SessionFrontend (149)
[2015.12.21-20.04.40:169][410]LogModuleManager: Shutting down and abandoning module ProfilerClient (148)
[2015.12.21-20.04.40:169][410]LogModuleManager: Shutting down and abandoning module TargetDeviceServices (147)
[2015.12.21-20.04.40:169][410]LogModuleManager: Shutting down and abandoning module DeviceManager (146)
[2015.12.21-20.04.40:169][410]LogModuleManager: Shutting down and abandoning module AutomationController (145)
[2015.12.21-20.04.40:169][410]LogModuleManager: Shutting down and abandoning module AutomationWindow (144)
[2015.12.21-20.04.40:169][410]LogModuleManager: Shutting down and abandoning module Layers (143)
[2015.12.21-20.04.40:169][410]LogModuleManager: Shutting down and abandoning module ComponentVisualizers (142)
[2015.12.21-20.04.40:169][410]LogModuleManager: Shutting down and abandoning module DetailCustomizations (141)
[2015.12.21-20.04.40:170][410]LogModuleManager: Shutting down and abandoning module PackagesDialog (140)
[2015.12.21-20.04.40:170][410]LogModuleManager: Shutting down and abandoning module Persona (139)
[2015.12.21-20.04.40:170][410]LogModuleManager: Shutting down and abandoning module Kismet (138)
[2015.12.21-20.04.40:170][410]LogModuleManager: Shutting down and abandoning module GraphEditor (137)
[2015.12.21-20.04.40:170][410]LogModuleManager: Shutting down and abandoning module ClassViewer (136)
[2015.12.21-20.04.40:170][410]LogModuleManager: Shutting down and abandoning module Toolbox (135)
[2015.12.21-20.04.40:170][410]LogModuleManager: Shutting down and abandoning module ModuleUI (134)
[2015.12.21-20.04.40:171][410]LogModuleManager: Shutting down and abandoning module MovieSceneTools (133)
[2015.12.21-20.04.40:171][410]LogModuleManager: Shutting down and abandoning module OutputLog (132)
[2015.12.21-20.04.40:171][410]LogModuleManager: Shutting down and abandoning module GammaUI (131)
[2015.12.21-20.04.40:171][410]LogModuleManager: Shutting down and abandoning module Documentation (130)
[2015.12.21-20.04.40:171][410]LogModuleManager: Shutting down and abandoning module GameLiveStreaming (129)
[2015.12.21-20.04.40:171][410]LogModuleManager: Shutting down and abandoning module StreamingPauseRendering (128)
[2015.12.21-20.04.40:171][410]LogModuleManager: Shutting down and abandoning module AnalyticsET (127)
[2015.12.21-20.04.40:171][410]LogModuleManager: Shutting down and abandoning module Analytics (126)
[2015.12.21-20.04.40:171][410]LogModuleManager: Shutting down and abandoning module AITestSuite (125)
[2015.12.21-20.04.40:171][410]LogModuleManager: Shutting down and abandoning module GameplayDebugger (124)
[2015.12.21-20.04.40:171][410]LogModuleManager: Shutting down and abandoning module AIModule (123)
[2015.12.21-20.04.40:171][410]LogModuleManager: Shutting down and abandoning module ProfilerService (122)
[2015.12.21-20.04.40:369][410]LogModuleManager: Shutting down and abandoning module TaskGraph (121)
[2015.12.21-20.04.40:369][410]LogModuleManager: Shutting down and abandoning module SlateRemote (120)
[2015.12.21-20.04.40:369][410]LogModuleManager: Shutting down and abandoning module SteamVRController (119)
[2015.12.21-20.04.40:369][410]LogModuleManager: Shutting down and abandoning module SteamVR (118)
[2015.12.21-20.04.40:369][410]LogModuleManager: Shutting down and abandoning module ProceduralMeshComponent (117)
[2015.12.21-20.04.40:369][410]LogModuleManager: Shutting down and abandoning module OculusRift (116)
[2015.12.21-20.04.40:369][410]LogModuleManager: Shutting down and abandoning module OculusLibrary (115)
[2015.12.21-20.04.40:369][410]LogModuleManager: Shutting down and abandoning module LeapMotionController (114)
[2015.12.21-20.04.40:387][410]LogModuleManager: Shutting down and abandoning module CustomMeshComponent (113)
[2015.12.21-20.04.40:387][410]LogModuleManager: Shutting down and abandoning module CableComponent (112)
[2015.12.21-20.04.40:387][410]LogModuleManager: Shutting down and abandoning module ArchVisCharacter (111)
[2015.12.21-20.04.40:387][410]LogModuleManager: Shutting down and abandoning module MessagingDebugger (110)
[2015.12.21-20.04.40:387][410]LogModuleManager: Shutting down and abandoning module MediaPlayerEditor (109)
[2015.12.21-20.04.40:387][410]LogModuleManager: Shutting down and abandoning module HTML5Networking (108)
[2015.12.21-20.04.40:387][410]LogModuleManager: Shutting down and abandoning module SpeedTreeImporter (107)
[2015.12.21-20.04.40:387][410]LogModuleManager: Shutting down and abandoning module PluginBrowser (106)
[2015.12.21-20.04.40:387][410]LogModuleManager: Shutting down and abandoning module EpicSurvey (105)
[2015.12.21-20.04.40:387][410]LogModuleManager: Shutting down and abandoning module DesktopPlatform (104)
[2015.12.21-20.04.40:387][410]LogModuleManager: Shutting down and abandoning module VisualStudioSourceCodeAccess (103)
[2015.12.21-20.04.40:387][410]LogModuleManager: Shutting down and abandoning module UObjectPlugin (102)
[2015.12.21-20.04.40:387][410]LogModuleManager: Shutting down and abandoning module SubversionSourceControl (101)
[2015.12.21-20.04.40:387][410]LogModuleManager: Shutting down and abandoning module PerforceSourceControl (100)
[2015.12.21-20.04.40:387][410]LogModuleManager: Shutting down and abandoning module SourceControl (99)
[2015.12.21-20.04.40:387][410]LogModuleManager: Shutting down and abandoning module GitSourceControl (98)
[2015.12.21-20.04.40:387][410]LogModuleManager: Shutting down and abandoning module LightPropagationVolumeEditor (97)
[2015.12.21-20.04.40:387][410]LogModuleManager: Shutting down and abandoning module PaperTiledImporter (96)
[2015.12.21-20.04.40:387][410]LogModuleManager: Shutting down and abandoning module PaperSpriteSheetImporter (95)
[2015.12.21-20.04.40:387][410]LogModuleManager: Shutting down and abandoning module MeshPaint (94)
[2015.12.21-20.04.40:387][410]LogModuleManager: Shutting down and abandoning module SlateReflector (93)
[2015.12.21-20.04.40:387][410]LogModuleManager: Shutting down and abandoning module HotReload (92)
[2015.12.21-20.04.40:387][410]LogModuleManager: Shutting down and abandoning module MainFrame (91)
[2015.12.21-20.04.40:387][410]LogModuleManager: Shutting down and abandoning module LevelEditor (90)
[2015.12.21-20.04.40:388][410]LogModuleManager: Shutting down and abandoning module DirectoryWatcher (89)
[2015.12.21-20.04.40:389][410]LogModuleManager: Shutting down and abandoning module AssetRegistry (88)
[2015.12.21-20.04.40:559][410]LogModuleManager: Shutting down and abandoning module ContentBrowser (87)
[2015.12.21-20.04.40:561][410]LogModuleManager: Shutting down and abandoning module Paper2DEditor (86)
[2015.12.21-20.04.40:561][410]LogModuleManager: Shutting down and abandoning module UdpMessaging (85)
[2015.12.21-20.04.40:662][410]LogModuleManager: Shutting down and abandoning module LightPropagationVolumeRuntime (84)
[2015.12.21-20.04.40:662][410]LogModuleManager: Shutting down and abandoning module Paper2D (83)
[2015.12.21-20.04.40:662][410]LogModuleManager: Shutting down and abandoning module WindowsMoviePlayer (82)
[2015.12.21-20.04.40:668][410]LogModuleManager: Shutting down and abandoning module Media (81)
[2015.12.21-20.04.40:668][410]LogModuleManager: Shutting down and abandoning module WmfMedia (80)
[2015.12.21-20.04.40:668][410]LogModuleManager: Shutting down and abandoning module OnlineBlueprintSupport (79)
[2015.12.21-20.04.40:668][410]LogModuleManager: Shutting down and abandoning module GameplayTasksEditor (78)
[2015.12.21-20.04.40:668][410]LogModuleManager: Shutting down and abandoning module PropertyEditor (77)
[2015.12.21-20.04.40:668][410]LogModuleManager: Shutting down and abandoning module BehaviorTreeEditor (76)
[2015.12.21-20.04.40:668][410]LogModuleManager: Shutting down and abandoning module FunctionalTesting (75)
[2015.12.21-20.04.40:668][410]LogModuleManager: Shutting down and abandoning module CollisionAnalyzer (74)
[2015.12.21-20.04.40:668][410]LogModuleManager: Shutting down and abandoning module WorkspaceMenuStructure (73)
[2015.12.21-20.04.40:668][410]LogModuleManager: Shutting down and abandoning module MessageLog (72)
[2015.12.21-20.04.40:668][410]LogModuleManager: Shutting down and abandoning module Sequencer (71)
[2015.12.21-20.04.40:668][410]LogModuleManager: Shutting down and abandoning module AssetTools (70)
[2015.12.21-20.04.40:668][410]LogModuleManager: Shutting down and abandoning module UMGEditor (69)
[2015.12.21-20.04.40:668][410]LogModuleManager: Shutting down and abandoning module UMG (68)
[2015.12.21-20.04.40:668][410]LogModuleManager: Shutting down and abandoning module Slate (67)
[2015.12.21-20.04.40:668][410]LogModuleManager: Shutting down and abandoning module EditorStyle (66)
[2015.12.21-20.04.40:670][410]LogModuleManager: Shutting down and abandoning module SessionServices (65)
[2015.12.21-20.04.40:670][410]LogModuleManager: Shutting down and abandoning module SourceCodeAccess (64)
[2015.12.21-20.04.40:670][410]LogModuleManager: Shutting down and abandoning module HeadMountedDisplay (63)
[2015.12.21-20.04.40:670][410]LogModuleManager: Shutting down and abandoning module XAudio2 (62)
[2015.12.21-20.04.40:670][410]LogModuleManager: Shutting down and abandoning module Networking (60)
[2015.12.21-20.04.40:670][410]LogModuleManager: Shutting down and abandoning module Core (59)
[2015.12.21-20.04.40:670][410]LogModuleManager: Shutting down and abandoning module KismetCompiler (58)
[2015.12.21-20.04.40:670][410]LogModuleManager: Shutting down and abandoning module PhysXFormats (57)
[2015.12.21-20.04.40:670][410]LogModuleManager: Shutting down and abandoning module MeshUtilities (56)
[2015.12.21-20.04.40:670][410]LogModuleManager: Shutting down and abandoning module CookingStats (55)
[2015.12.21-20.04.40:672][410]LogModuleManager: Shutting down and abandoning module DerivedDataCache (54)
[2015.12.21-20.04.40:707][410]LogDerivedDataCache: Shutdown
[2015.12.21-20.04.40:707][410]LogModuleManager: Shutting down and abandoning module ShaderFormatOpenGL (53)
[2015.12.21-20.04.40:707][410]LogModuleManager: Shutting down and abandoning module ShaderFormatD3D (52)
[2015.12.21-20.04.40:707][410]LogModuleManager: Shutting down and abandoning module MetalShaderFormat (51)
[2015.12.21-20.04.40:707][410]LogModuleManager: Shutting down and abandoning module TextureFormatUncompressed (50)
[2015.12.21-20.04.40:707][410]LogModuleManager: Shutting down and abandoning module TextureFormatPVR (49)
[2015.12.21-20.04.40:707][410]LogModuleManager: Shutting down and abandoning module TextureFormatIntelISPCTexComp (48)
[2015.12.21-20.04.40:707][410]LogModuleManager: Shutting down and abandoning module TextureFormatDXT (47)
[2015.12.21-20.04.40:707][410]LogModuleManager: Shutting down and abandoning module ImageWrapper (46)
[2015.12.21-20.04.40:707][410]LogModuleManager: Shutting down and abandoning module TextureFormatASTC (45)
[2015.12.21-20.04.40:707][410]LogModuleManager: Shutting down and abandoning module TextureFormatAndroid (44)
[2015.12.21-20.04.40:707][410]LogModuleManager: Shutting down and abandoning module AudioFormatOpus (43)
[2015.12.21-20.04.40:707][410]LogModuleManager: Shutting down and abandoning module AudioFormatOgg (42)
[2015.12.21-20.04.40:707][410]LogModuleManager: Shutting down and abandoning module AudioFormatADPCM (41)
[2015.12.21-20.04.40:707][410]LogModuleManager: Shutting down and abandoning module LinuxTargetPlatform (40)
[2015.12.21-20.04.40:707][410]LogModuleManager: Shutting down and abandoning module LinuxServerTargetPlatform (39)
[2015.12.21-20.04.40:707][410]LogModuleManager: Shutting down and abandoning module LinuxNoEditorTargetPlatform (38)
[2015.12.21-20.04.40:707][410]LogModuleManager: Shutting down and abandoning module Messaging (37)
[2015.12.21-20.04.40:707][410]LogModuleManager: Shutting down and abandoning module IOSTargetPlatform (36)
[2015.12.21-20.04.40:707][410]LogModuleManager: Shutting down and abandoning module HTML5TargetPlatform (35)
[2015.12.21-20.04.40:707][410]LogModuleManager: Shutting down and abandoning module Android_PVRTCTargetPlatform (34)
[2015.12.21-20.04.40:707][410]LogModuleManager: Shutting down and abandoning module Android_ETC2TargetPlatform (33)
[2015.12.21-20.04.40:707][410]LogModuleManager: Shutting down and abandoning module Android_ETC1TargetPlatform (32)
[2015.12.21-20.04.40:707][410]LogModuleManager: Shutting down and abandoning module Android_DXTTargetPlatform (31)
[2015.12.21-20.04.40:707][410]LogModuleManager: Shutting down and abandoning module Android_ATCTargetPlatform (30)
[2015.12.21-20.04.40:707][410]LogModuleManager: Shutting down and abandoning module Android_ASTCTargetPlatform (29)
[2015.12.21-20.04.40:707][410]LogModuleManager: Shutting down and abandoning module AndroidTargetPlatform (28)
[2015.12.21-20.04.40:707][410]LogModuleManager: Shutting down and abandoning module WindowsTargetPlatform (27)
[2015.12.21-20.04.40:707][410]LogModuleManager: Shutting down and abandoning module WindowsServerTargetPlatform (26)
[2015.12.21-20.04.40:707][410]LogModuleManager: Shutting down and abandoning module WindowsNoEditorTargetPlatform (25)
[2015.12.21-20.04.40:707][410]LogModuleManager: Shutting down and abandoning module WindowsClientTargetPlatform (24)
[2015.12.21-20.04.40:707][410]LogModuleManager: Shutting down and abandoning module AllDesktopTargetPlatform (23)
[2015.12.21-20.04.40:707][410]LogModuleManager: Shutting down and abandoning module TargetPlatform (22)
[2015.12.21-20.04.40:707][410]LogModuleManager: Shutting down and abandoning module InputCore (21)
[2015.12.21-20.04.40:707][410]LogModuleManager: Shutting down and abandoning module Settings (20)
[2015.12.21-20.04.40:707][410]LogModuleManager: Shutting down and abandoning module OnlineSubsystem (18)
[2015.12.21-20.04.40:707][410]LogModuleManager: Shutting down and abandoning module HTTP (17)
[2015.12.21-20.04.42:711][410]LogModuleManager: Shutting down and abandoning module XMPP (16)
[2015.12.21-20.04.42:711][410]LogModuleManager: Shutting down and abandoning module ExampleDeviceProfileSelector (15)
[2015.12.21-20.04.42:711][410]LogModuleManager: Shutting down and abandoning module TextureCompressor (14)
[2015.12.21-20.04.42:711][410]LogModuleManager: Shutting down and abandoning module ShaderCore (13)
[2015.12.21-20.04.42:711][410]LogModuleManager: Shutting down and abandoning module Landscape (12)
[2015.12.21-20.04.42:711][410]LogModuleManager: Shutting down and abandoning module SlateRHIRenderer (11)
[2015.12.21-20.04.42:714][410]LogModuleManager: Shutting down and abandoning module OpenGLDrv (10)
[2015.12.21-20.04.42:714][410]LogModuleManager: Shutting down and abandoning module D3D11RHI (9)
[2015.12.21-20.04.42:714][410]LogModuleManager: Shutting down and abandoning module AnimGraphRuntime (8)
[2015.12.21-20.04.42:714][410]LogModuleManager: Shutting down and abandoning module Renderer (7)
[2015.12.21-20.04.42:714][410]LogModuleManager: Shutting down and abandoning module Engine (6)
[2015.12.21-20.04.42:714][410]LogModuleManager: Shutting down and abandoning module CoreUObject (5)
[2015.12.21-20.04.42:714][410]LogModuleManager: Shutting down and abandoning module NetworkFile (4)
[2015.12.21-20.04.42:714][410]LogModuleManager: Shutting down and abandoning module StreamingFile (3)
[2015.12.21-20.04.42:714][410]LogModuleManager: Shutting down and abandoning module SandboxFile (2)
[2015.12.21-20.04.42:714][410]LogModuleManager: Shutting down and abandoning module PakFile (1)
[2015.12.21-20.04.42:715][410]LogExit: Exiting.
[2015.12.21-20.04.42:718][410]Log file closed, 12/21/15 15:04:42
