[2015.10.25-07.57.04:899][  0]Log file open, 10/25/15 03:57:04
[2015.10.25-07.57.04:899][  0]LogInit:Display: Running engine for game: GDDHorrorGame
[2015.10.25-07.57.04:899][  0]LogInit:Display: RandInit(-2072437662) SRandInit(-2072437662).
[2015.10.25-07.57.04:899][  0]LogTaskGraph: Started task graph with 4 named threads and 7 total threads.
[2015.10.25-07.57.04:899][  0]LogStats: Stats thread started at 0.085291
[2015.10.25-07.57.04:899][  0]LogInit: Version: 4.9.2-2707645+++depot+UE4-Releases+4.9
[2015.10.25-07.57.04:899][  0]LogInit: API Version: 2672455
[2015.10.25-07.57.04:899][  0]LogInit: Compiled (64-bit): Sep 28 2015 10:25:44
[2015.10.25-07.57.04:899][  0]LogInit: Compiled with Visual C++: 18.00.21005.01
[2015.10.25-07.57.04:899][  0]LogInit: Build Configuration: Development
[2015.10.25-07.57.04:899][  0]LogInit: Branch Name: ++depot+UE4-Releases+4.9
[2015.10.25-07.57.04:899][  0]LogInit: Command line:  
[2015.10.25-07.57.04:899][  0]LogInit: Base directory: C:/Program Files/Epic Games/4.9/Engine/Binaries/Win64/
[2015.10.25-07.57.04:899][  0]LogInit: Rocket: 1
[2015.10.25-07.57.04:918][  0]LogInit: Using libcurl 7.41.0
[2015.10.25-07.57.04:918][  0]LogInit:  - built for x86_64-pc-win32
[2015.10.25-07.57.04:918][  0]LogInit:  - supports SSL with WinSSL
[2015.10.25-07.57.04:918][  0]LogInit:  - other features:
[2015.10.25-07.57.04:918][  0]LogInit:      CURL_VERSION_SSL
[2015.10.25-07.57.04:918][  0]LogInit:      CURL_VERSION_IPV6
[2015.10.25-07.57.04:918][  0]LogInit:      CURL_VERSION_ASYNCHDNS
[2015.10.25-07.57.04:918][  0]LogInit:      CURL_VERSION_LARGEFILE
[2015.10.25-07.57.04:918][  0]LogInit:      CURL_VERSION_IDN
[2015.10.25-07.57.04:918][  0]LogInit:  CurlRequestOptions (configurable via config and command line):
[2015.10.25-07.57.04:918][  0]LogInit:  - bVerifyPeer = true  - Libcurl will verify peer certificate
[2015.10.25-07.57.04:918][  0]LogInit:  - bUseHttpProxy = false  - Libcurl will NOT use HTTP proxy
[2015.10.25-07.57.04:918][  0]LogInit:  - bDontReuseConnections = false  - Libcurl will reuse connections
[2015.10.25-07.57.04:918][  0]LogInit:  - CertBundlePath = nullptr  - Libcurl will use whatever was configured at build time.
[2015.10.25-07.57.04:927][  0]LogInit: Presizing for 0 objects not considered by GC, pre-allocating 0 bytes.
[2015.10.25-07.57.04:934][  0]LogInit: Object subsystem initialized
[2015.10.25-07.57.04:935][  0]LogInit: Selected Device Profile: [Windows]
[2015.10.25-07.57.04:935][  0]LogInit: Applying CVar settings loaded from the selected device profile: [Windows]
[2015.10.25-07.57.04:945][  0]LogInit: Computer: NICKSCOMPUTER
[2015.10.25-07.57.04:945][  0]LogInit: User: ntanc000
[2015.10.25-07.57.04:945][  0]LogInit: CPU Page size=4096, Cores=4
[2015.10.25-07.57.04:945][  0]LogInit: High frequency timer resolution =2.537590 MHz
[2015.10.25-07.57.04:945][  0]LogMemory: Memory total: Physical=15.9GB (16GB approx)
[2015.10.25-07.57.04:945][  0]LogMemory: Platform Memory Stats for Windows
[2015.10.25-07.57.04:945][  0]LogMemory: Process Physical Memory: 52.97 MB used, 52.97 MB peak
[2015.10.25-07.57.04:945][  0]LogMemory: Process Virtual Memory: 55.04 MB used, 55.04 MB peak
[2015.10.25-07.57.04:945][  0]LogMemory: Physical Memory: 5941.97 MB used, 16269.45 MB total
[2015.10.25-07.57.04:945][  0]LogMemory: Virtual Memory: 360.20 MB used, 134217728.00 MB total
[2015.10.25-07.57.05:000][  0]LogTextLocalizationManager: No specific translations for ('en-US') exist, so ('en') translations will be used.
[2015.10.25-07.57.05:817][  0]LogD3D11RHI: Found D3D11 adapter 0: NVIDIA GeForce GTX 980M (Feature Level 11_0)
[2015.10.25-07.57.05:817][  0]LogD3D11RHI: Adapter has 3981MB of dedicated video memory, 0MB of dedicated system memory, and 8134MB of shared system memory, 2 output[s]
[2015.10.25-07.57.05:828][  0]LogD3D11RHI: Found D3D11 adapter 1: Intel(R) HD Graphics 4600 (Feature Level 11_0)
[2015.10.25-07.57.05:828][  0]LogD3D11RHI: Adapter has 32MB of dedicated video memory, 0MB of dedicated system memory, and 1760MB of shared system memory, 0 output[s]
[2015.10.25-07.57.05:829][  0]LogD3D11RHI: Found D3D11 adapter 2: Microsoft Basic Render Driver (Feature Level 11_0)
[2015.10.25-07.57.05:829][  0]LogD3D11RHI: Adapter has 0MB of dedicated video memory, 0MB of dedicated system memory, and 256MB of shared system memory, 0 output[s]
[2015.10.25-07.57.05:829][  0]LogD3D11RHI: Chosen D3D11 Adapter Id = 0
[2015.10.25-07.57.05:835][  0]LogD3D11RHI: !Direct3DDevice
[2015.10.25-07.57.05:835][  0]LogRHI: Texture pool is 1361 MB (70% of 1945 MB)
[2015.10.25-07.57.05:851][  0]LogD3D11RHI: Async texture creation enabled
[2015.10.25-07.57.05:868][  0]LogShaderCompilers: Guid format shader working directory is 14 characters bigger than the processId version (../../../../../../Users/ntanc_000/Desktop/DigitalHorrorGame/DigitalHorrorGame/GDDHorrorGame/Intermediate/Shaders/WorkingDirectory/10816/).
[2015.10.25-07.57.05:869][  0]LogShaderCompilers: Cleaned the shader compiler working directory '../../../../../../Users/ntanc_000/Desktop/DigitalHorrorGame/DigitalHorrorGame/GDDHorrorGame/Intermediate/Shaders/tmp/C659F94F45880DB0EC07E5AD911E0C52/'.
[2015.10.25-07.57.05:869][  0]LogShaderCompilers:Display: Using Local Shader Compiler.
[2015.10.25-07.57.06:971][  0]LogTemp:Display: Loaded TP AllDesktopTargetPlatform
[2015.10.25-07.57.06:978][  0]LogTemp:Display: Loaded TP WindowsClientTargetPlatform
[2015.10.25-07.57.06:984][  0]LogTemp:Display: Loaded TP WindowsNoEditorTargetPlatform
[2015.10.25-07.57.06:989][  0]LogTemp:Display: Loaded TP WindowsServerTargetPlatform
[2015.10.25-07.57.06:995][  0]LogTemp:Display: Loaded TP WindowsTargetPlatform
[2015.10.25-07.57.06:998][  0]LogTemp:Display: Loaded TP AndroidTargetPlatform
[2015.10.25-07.57.07:003][  0]LogTemp:Display: Loaded TP Android_ASTCTargetPlatform
[2015.10.25-07.57.07:006][  0]LogTemp:Display: Loaded TP Android_ATCTargetPlatform
[2015.10.25-07.57.07:011][  0]LogTemp:Display: Loaded TP Android_DXTTargetPlatform
[2015.10.25-07.57.07:016][  0]LogTemp:Display: Loaded TP Android_ETC1TargetPlatform
[2015.10.25-07.57.07:020][  0]LogTemp:Display: Loaded TP Android_ETC2TargetPlatform
[2015.10.25-07.57.07:024][  0]LogTemp:Display: Loaded TP Android_PVRTCTargetPlatform
[2015.10.25-07.57.07:026][  0]LogTemp:Display: Loaded TP HTML5TargetPlatform
[2015.10.25-07.57.07:045][  0]LogTemp:Display: Loaded TP IOSTargetPlatform
[2015.10.25-07.57.07:050][  0]LogTemp:Display: Loaded TP LinuxNoEditorTargetPlatform
[2015.10.25-07.57.07:054][  0]LogTemp:Display: Loaded TP LinuxServerTargetPlatform
[2015.10.25-07.57.07:059][  0]LogTemp:Display: Loaded TP LinuxTargetPlatform
[2015.10.25-07.57.07:059][  0]LogTargetPlatformManager:Display: Building Assets For Windows
[2015.10.25-07.57.07:170][  0]LogDerivedDataCache:Display: Max Cache Size: 512 MB
[2015.10.25-07.57.07:211][  0]LogDerivedDataCache: Loaded boot cache 0.04s 37MB C:/Users/ntanc_000/AppData/Local/UnrealEngine/4.9/DerivedDataCache/Boot.ddc.
[2015.10.25-07.57.07:211][  0]LogDerivedDataCache:Display: Loaded Boot cache: C:/Users/ntanc_000/AppData/Local/UnrealEngine/4.9/DerivedDataCache/Boot.ddc
[2015.10.25-07.57.07:211][  0]LogDerivedDataCache: FDerivedDataBackendGraph:  Pak pak cache file ../../../../../../Users/ntanc_000/Desktop/DigitalHorrorGame/DigitalHorrorGame/GDDHorrorGame/DerivedDataCache/DDC.ddp not found, will not use a pak cache.
[2015.10.25-07.57.07:211][  0]LogDerivedDataCache: Unable to find inner node Pak for hierarchical cache Hierarchy.
[2015.10.25-07.57.07:211][  0]LogDerivedDataCache: FDerivedDataBackendGraph:  CompressedPak pak cache file ../../../../../../Users/ntanc_000/Desktop/DigitalHorrorGame/DigitalHorrorGame/GDDHorrorGame/DerivedDataCache/Compressed.ddp not found, will not use a pak cache.
[2015.10.25-07.57.07:211][  0]LogDerivedDataCache: Unable to find inner node CompressedPak for hierarchical cache Hierarchy.
[2015.10.25-07.57.07:338][  0]LogDerivedDataCache:Display: Pak cache opened for reading ../../../Engine/DerivedDataCache/Compressed.ddp.
[2015.10.25-07.57.07:350][  0]LogDerivedDataCache: Using Local data cache path C:/Users/ntanc_000/AppData/Local/UnrealEngine/Common/DerivedDataCache: Writable
[2015.10.25-07.57.07:546][  0]LogInit: Selected Device Profile: [Windows]
[2015.10.25-07.57.07:548][  0]LogContentStreaming: Texture pool size is 0.000000MB
[2015.10.25-07.57.07:675][  0]LogMeshUtilities: No automatic mesh reduction module available
[2015.10.25-07.57.07:675][  0]LogMeshUtilities: No automatic mesh merging module available
[2015.10.25-07.57.07:920][  0]LogInit: WinSock: version 1.1 (2.2), MaxSocks=32767, MaxUdp=65467
[2015.10.25-07.57.08:752][  0]UdpMessaging: Initializing bridge on interface 0.0.0.0:0 to multicast group 230.0.0.1:6666.
[2015.10.25-07.57.08:859][  0]LogAssetRegistry: FAssetRegistry took 0.0110 seconds to start up
[2015.10.25-07.57.09:053][  0]SourceControl: Info Source control is disabled
[2015.10.25-07.57.09:053][  0]SourceControl: Info Source control is disabled
[2015.10.25-07.57.09:069][  0]SourceControl: Info Source control is disabled
[2015.10.25-07.57.09:086][  0]SourceControl: Info Source control is disabled
[2015.10.25-07.57.09:312][  0]LogLinker:Warning: Asset '../../../Engine/Plugins/Runtime/LeapMotionController/Content/LM_PassthroughMaterial.uasset' has been saved with empty engine version. The asset will be loaded but may be incompatible.
[2015.10.25-07.57.09:417][  0]LogObj: 28361 objects as part of root set at end of initial load.
[2015.10.25-07.57.09:417][  0]LogUObjectAllocator: 6038864 out of 0 bytes used by permanent object pool.
[2015.10.25-07.57.09:472][  0]LogEngine: Initializing Engine...
[2015.10.25-07.57.09:474][  0]LogHMD: Can't find Oculus library dev build: is proper Runtime installed? Version: 0.7.0.0
[2015.10.25-07.57.09:476][  0]LogHMD: SteamVR failed to initialize.  Err: 110
[2015.10.25-07.57.09:595][  0]LogAIModule: Creating AISystem for world NewWorld
[2015.10.25-07.57.09:603][  0]LogInit: XAudio2 using 'Speakers (Sound Blaster Recon3Di)' : 2 channels at 48 kHz using 32 bits per sample (channel mask 0x3)
[2015.10.25-07.57.09:621][  0]LogInit: FAudioDevice initialized.
[2015.10.25-07.57.09:640][  0]LogDerivedDataCache: Saved boot cache 0.02s 37MB C:/Users/ntanc_000/AppData/Local/UnrealEngine/4.9/DerivedDataCache/Boot.ddc.
[2015.10.25-07.57.09:642][  0]LogInit: Texture streaming: Enabled
[2015.10.25-07.57.09:649][  0]LogAnalytics: Creating configured Analytics provider AnalyticsET
[2015.10.25-07.57.09:649][  0]LogAnalytics: [UEEditor.Rocket.Release] APIServer = http://et2.epicgames.com/ET2/. AppVersion = 4.9.2-2707645+++depot+UE4-Releases+4.9
[2015.10.25-07.57.09:649][  0]LogAnalytics: [UEEditor.Rocket.Release] SetUserId 2c211ad74a9e5469c13dfaa1059b2d42|1bd0216fcaf5458183f89cc914276325|d020360b-9246-478a-84ac-08a9775e7849
[2015.10.25-07.57.09:649][  0]LogAnalytics: [UEEditor.Rocket.Release] AnalyticsET::StartSession
[2015.10.25-07.57.09:664][  0]LogWindowsTextInputMethodSystem:Display: IME system now deactivated.
[2015.10.25-07.57.09:665][  0]LogWindowsTextInputMethodSystem:Display: IME system now deactivated.
[2015.10.25-07.57.09:689][  0]LogInit: Transaction tracking system initialized
[2015.10.25-07.57.09:727][  0]BlueprintLog: New page: Editor Load
[2015.10.25-07.57.09:833][  0]LocalizationService: Info Localization service is disabled
[2015.10.25-07.57.09:939][  0]LogConsoleResponse:Display: 
[2015.10.25-07.57.10:071][  0]LogCook:Display: Done creating registry. It took  0.00s.
[2015.10.25-07.57.10:106][  0]LogFileCache: Scanning file cache for directory 'C:/Users/ntanc_000/Desktop/DigitalHorrorGame/DigitalHorrorGame/GDDHorrorGame/Content/' took 0.02s
[2015.10.25-07.57.10:152][  0]SourceControl: Info Source control is disabled
[2015.10.25-07.57.10:154][  0]LightingResults: New page: Lighting Build
[2015.10.25-07.57.10:157][  0]MapCheck: New page: Map Check
[2015.10.25-07.57.10:157][  0]LightingResults: New page: Lighting Build
[2015.10.25-07.57.10:171][  0]LogParticles: Destroying 0 GPU particle simulations for FXSystem 0x0000001A8DE42160
[2015.10.25-07.57.10:183][  0]LogLinker:Warning: Asset '../../../../../../Users/ntanc_000/Desktop/DigitalHorrorGame/DigitalHorrorGame/GDDHorrorGame/Content/Mannequin/Animations/ThirdPerson_Jump.uasset' has been saved with empty engine version. The asset will be loaded but may be incompatible.
[2015.10.25-07.57.10:185][  0]LogLinker:Warning: Asset '../../../../../../Users/ntanc_000/Desktop/DigitalHorrorGame/DigitalHorrorGame/GDDHorrorGame/Content/Mannequin/Animations/ThirdPersonJump_Loop.uasset' has been saved with empty engine version. The asset will be loaded but may be incompatible.
[2015.10.25-07.57.10:186][  0]LogLinker:Warning: Asset '../../../../../../Users/ntanc_000/Desktop/DigitalHorrorGame/DigitalHorrorGame/GDDHorrorGame/Content/Mannequin/Animations/ThirdPersonJump_Start.uasset' has been saved with empty engine version. The asset will be loaded but may be incompatible.
[2015.10.25-07.57.10:187][  0]LogLinker:Warning: Asset '../../../../../../Users/ntanc_000/Desktop/DigitalHorrorGame/DigitalHorrorGame/GDDHorrorGame/Content/Mannequin/Animations/ThirdPerson_IdleRun_2D.uasset' has been saved with empty engine version. The asset will be loaded but may be incompatible.
[2015.10.25-07.57.10:188][  0]LogLinker:Warning: Asset '../../../../../../Users/ntanc_000/Desktop/DigitalHorrorGame/DigitalHorrorGame/GDDHorrorGame/Content/Mannequin/Animations/ThirdPersonIdle.uasset' has been saved with empty engine version. The asset will be loaded but may be incompatible.
[2015.10.25-07.57.11:939][  0]LogLinker:Warning: Can't find file '/Game/ThirdPersonBP/Custom_Props/ceilinglamp/lmp028'
[2015.10.25-07.57.11:939][  0]LogLinker:Warning: Can't find file for asset '/Game/ThirdPersonBP/Custom_Props/ceilinglamp/lmp028' while loading ../../../../../../Users/ntanc_000/Desktop/DigitalHorrorGame/DigitalHorrorGame/GDDHorrorGame/Content/ThirdPersonBP/Maps/ThirdPersonExampleMap.umap.
[2015.10.25-07.57.11:939][  0]LoadErrors:Error: Error /Game/ThirdPersonBP/Maps/ThirdPersonExampleMap : Can't find file for asset. /Game/ThirdPersonBP/Custom_Props/ceilinglamp/lmp028
[2015.10.25-07.57.11:968][  0]LogLinker:Warning: Can't find file '/Game/ThirdPersonBP/Custom_Props/ceilinglamp/lmp028'
[2015.10.25-07.57.11:968][  0]LogLinker:Warning: Can't find file for asset '/Game/ThirdPersonBP/Custom_Props/ceilinglamp/lmp028' while loading ../../../../../../Users/ntanc_000/Desktop/DigitalHorrorGame/DigitalHorrorGame/GDDHorrorGame/Content/ThirdPersonBP/Maps/ThirdPersonExampleMap.umap.
[2015.10.25-07.57.11:968][  0]LoadErrors:Error: Error /Game/ThirdPersonBP/Maps/ThirdPersonExampleMap : Can't find file for asset. /Game/ThirdPersonBP/Custom_Props/ceilinglamp/lmp028
[2015.10.25-07.57.11:978][  0]LogLinker:Warning: Can't find file '/Game/ThirdPersonBP/Custom_Props/ceilinglamp/lmp028'
[2015.10.25-07.57.11:978][  0]LogLinker:Warning: Can't find file for asset '/Game/ThirdPersonBP/Custom_Props/ceilinglamp/lmp028' while loading NULL.
[2015.10.25-07.57.11:979][  0]LogLinker:Warning: Can't find file '/Game/ThirdPersonBP/Custom_Props/ceilinglamp/lmp028'
[2015.10.25-07.57.11:979][  0]LogLinker:Warning: Can't find file for asset '/Game/ThirdPersonBP/Custom_Props/ceilinglamp/lmp028' while loading NULL.
[2015.10.25-07.57.12:198][  0]LogLinker:Warning: Can't find file '/Game/ThirdPersonBP/Custom_Props/ceilinglamp/lmp028'
[2015.10.25-07.57.12:199][  0]LoadErrors: Info Failed to load /Game/ThirdPersonBP/Custom_Props/ceilinglamp/lmp028.lmp028 Referenced by StaticMeshComponent0
[2015.10.25-07.57.12:199][  0]LogLinker:Warning: Can't find file for asset '/Game/ThirdPersonBP/Custom_Props/ceilinglamp/lmp028' while loading NULL.
[2015.10.25-07.57.12:199][  0]LoadErrors: Info Failed to load /Game/ThirdPersonBP/Custom_Props/ceilinglamp/lmp028.lmp028 Referenced by StaticMeshComponent0
[2015.10.25-07.57.14:204][  0]LogAIModule: Creating AISystem for world ThirdPersonExampleMap
[2015.10.25-07.57.14:219][  0]LogPhysics:Warning: FConstraintInstance::GetRefFrame : Contained scale.
[2015.10.25-07.57.14:219][  0]LogPhysics:Warning: FConstraintInstance::GetRefFrame : Contained scale.
[2015.10.25-07.57.14:236][  0]LogEditorServer: Finished looking for orphan Actors (0.000 secs)
[2015.10.25-07.57.14:237][  0]Cmd: MAP CHECKDEP NOCLEARLOG
[2015.10.25-07.57.14:480][  0]MapCheck: Info Map check complete: 0 Error(s), 0 Warning(s), took 243.662ms to complete.
[2015.10.25-07.57.14:481][  0]LogFileHelpers: Loading map 'ThirdPersonExampleMap' took 4.329
[2015.10.25-07.57.14:699][  0]LogCollectionManager: Loaded 0 collections in 0.002608 seconds
[2015.10.25-07.57.14:747][  0]LogFileCache: Scanning file cache for directory 'C:/Users/ntanc_000/Desktop/DigitalHorrorGame/DigitalHorrorGame/GDDHorrorGame/Saved/Collections/' took 0.01s
[2015.10.25-07.57.14:748][  0]LogFileCache: Scanning file cache for directory 'C:/Users/ntanc_000/Desktop/DigitalHorrorGame/DigitalHorrorGame/GDDHorrorGame/Content/Developers/ntanc000/Collections/' took 0.01s
[2015.10.25-07.57.14:748][  0]LogFileCache: Scanning file cache for directory 'C:/Users/ntanc_000/Desktop/DigitalHorrorGame/DigitalHorrorGame/GDDHorrorGame/Content/Collections/' took 0.01s
[2015.10.25-07.57.14:748][  0]LogContentBrowser: Native class hierarchy populated in 0.0119 seconds. Added 1867 classes and 333 folders.
[2015.10.25-07.57.14:760][  0]LogCollectionManager: Rebuilt the GUID cache for 0 collections in 0.000003 seconds
[2015.10.25-07.57.14:767][  0]LogContentBrowser: Native class hierarchy updated for 'WidgetCarousel' in 0.0004 seconds. Added 0 classes and 0 folders.
[2015.10.25-07.57.14:841][  0]LogContentBrowser: Native class hierarchy updated for 'AddContentDialog' in 0.0004 seconds. Added 0 classes and 0 folders.
[2015.10.25-07.57.14:846][  0]LogContentBrowser: Native class hierarchy updated for 'SceneOutliner' in 0.0004 seconds. Added 1 classes and 2 folders.
[2015.10.25-07.57.14:932][  0]LogCrashTracker: Crashtracker disabled due to settings.
[2015.10.25-07.57.14:938][  0]LogUObjectGlobals:Warning: Failed to find object 'Class None.'
[2015.10.25-07.57.14:961][  0]LogLoad: Full Startup: 10.62 seconds (BP compile: 0.75 seconds)
[2015.10.25-07.57.15:057][  0]LogContentStreaming: Texture pool size now 1000 MB
[2015.10.25-07.57.15:212][  0]LogRenderer: Reallocating scene render targets to support 888x456 (Frame:2).
[2015.10.25-07.57.16:108][ 13]LogAssetRegistry: Asset discovery search completed in 7.2599 seconds
[2015.10.25-07.57.16:108][ 13]LogCollectionManager: Rebuilt the object cache for 0 collections in 0.000001 seconds (found 0 objects)
[2015.10.25-07.57.16:108][ 13]LogCollectionManager: Fixed up redirectors for 0 collections in 0.000033 seconds (updated 0 objects)
[2015.10.25-07.58.22:887][549]LogLinker:Warning: Asset '../../../Engine/Content/ArtTools/RenderToTexture/Macros/RenderToTextureMacros.uasset' has been saved with empty engine version. The asset will be loaded but may be incompatible.
[2015.10.25-07.58.23:380][549]LogContentBrowser: Native class hierarchy updated for 'BlueprintGraph' in 0.0007 seconds. Added 107 classes and 0 folders.
[2015.10.25-07.58.26:886][719]LogRenderer: Reallocating scene render targets to support 912x544 (Frame:6073).
[2015.10.25-07.58.35:771][ 77]LogRenderer: Reallocating scene render targets to support 1488x824 (Frame:6393).
[2015.10.25-07.58.58:116][303]LogEditorViewport: Clicking on Actor (context menu): BP_Television_C (BP_Television)
[2015.10.25-07.59.28:864][844]LogActorFactory: Actor Factory created SM_Lamp_Wall
[2015.10.25-07.59.30:822][932]LogActorFactory: Actor Factory created SM_Lamp_Wall
[2015.10.25-07.59.40:463][440]Cmd: DUPLICATE
[2015.10.25-07.59.40:463][440]Cmd: ACTOR DUPLICATE
[2015.10.25-08.00.06:572][794]LogActorFactory: Actor Factory created SM_Lamp_Wall
[2015.10.25-08.00.07:993][857]LogActorFactory: Actor Factory created SM_Lamp_Wall
[2015.10.25-08.00.23:307][587]Cmd: DUPLICATE
[2015.10.25-08.00.23:307][587]Cmd: ACTOR DUPLICATE
[2015.10.25-08.00.50:760][944]Cmd: DUPLICATE
[2015.10.25-08.00.50:761][944]Cmd: ACTOR DUPLICATE
[2015.10.25-08.00.53:604][ 84]Cmd: CAMERA ALIGN ACTIVEVIEWPORTONLY
[2015.10.25-08.01.16:237][198]LogEditorViewport: Clicking on Actor (LMB): StaticMeshActor (SM_Lamp_Wall3)
[2015.10.25-08.01.17:576][265]Cmd: DUPLICATE
[2015.10.25-08.01.17:576][265]Cmd: ACTOR DUPLICATE
[2015.10.25-08.01.34:740][ 74]Cmd: CAMERA ALIGN ACTIVEVIEWPORTONLY
[2015.10.25-08.02.06:751][693]LogActorComponent: UnregisterComponent: (/Engine/Transient.CharMoveComp) Not registered. Aborting.
[2015.10.25-08.02.15:192][ 77]LogSavePackage: Save=52.880882ms
[2015.10.25-08.02.15:192][ 77]LogSavePackage: Moving '../../../../../../Users/ntanc_000/Desktop/DigitalHorrorGame/DigitalHorrorGame/GDDHorrorGame/Saved/KitchenLights920ED6C44CC10D1547AF57918A0AE527.tmp' to '../../../../../../Users/ntanc_000/Desktop/DigitalHorrorGame/DigitalHorrorGame/GDDHorrorGame/Content/ThirdPersonBP/Blueprints/KitchenLights.uasset'
[2015.10.25-08.02.15:200][ 77]LogSavePackage: Total save time: 73.232081ms
[2015.10.25-08.02.15:200][ 77]LogSavePackage:Warning: Finished SavePackage ../../../../../../Users/ntanc_000/Desktop/DigitalHorrorGame/DigitalHorrorGame/GDDHorrorGame/Content/ThirdPersonBP/Blueprints/KitchenLights.uasset
[2015.10.25-08.02.42:087][344]LogBlueprintUserMessages: CustomizeDetails for Blueprint 'KitchenLights', cached variable property's owner is '/Game/ThirdPersonBP/Blueprints/KitchenLights.SKEL_KitchenLights_C'
[2015.10.25-08.02.44:397][469]LogBlueprintUserMessages: CustomizeDetails for Blueprint 'KitchenLights', cached variable property's owner is '/Game/ThirdPersonBP/Blueprints/KitchenLights.SKEL_KitchenLights_C'
[2015.10.25-08.02.46:490][583]LogBlueprintUserMessages: CustomizeDetails for Blueprint 'KitchenLights', cached variable property's owner is '/Game/ThirdPersonBP/Blueprints/KitchenLights.SKEL_KitchenLights_C'
[2015.10.25-08.02.47:821][655]LogBlueprintUserMessages: CustomizeDetails for Blueprint 'KitchenLights', cached variable property's owner is '/Game/ThirdPersonBP/Blueprints/KitchenLights.SKEL_KitchenLights_C'
[2015.10.25-08.02.53:765][985]LogBlueprintUserMessages: CustomizeDetails for Blueprint 'KitchenLights', cached variable property's owner is '/Game/ThirdPersonBP/Blueprints/KitchenLights.SKEL_KitchenLights_C'
[2015.10.25-08.02.57:928][220]LogBlueprintUserMessages: CustomizeDetails for Blueprint 'KitchenLights', cached variable property's owner is '/Game/ThirdPersonBP/Blueprints/KitchenLights.SKEL_KitchenLights_C'
[2015.10.25-08.03.34:765][146]LogSavePackage: Save=54.094631ms
[2015.10.25-08.03.34:765][146]LogSavePackage: Moving '../../../../../../Users/ntanc_000/Desktop/DigitalHorrorGame/DigitalHorrorGame/GDDHorrorGame/Saved/KitchenLights2F1FC253473D01E1B41E9F846E5CA521.tmp' to '../../../../../../Users/ntanc_000/Desktop/DigitalHorrorGame/DigitalHorrorGame/GDDHorrorGame/Content/ThirdPersonBP/Blueprints/KitchenLights.uasset'
[2015.10.25-08.03.34:773][146]LogSavePackage: Total save time: 80.891714ms
[2015.10.25-08.03.34:773][146]LogSavePackage:Warning: Finished SavePackage ../../../../../../Users/ntanc_000/Desktop/DigitalHorrorGame/DigitalHorrorGame/GDDHorrorGame/Content/ThirdPersonBP/Blueprints/KitchenLights.uasset
[2015.10.25-08.03.42:327][362]LogEditorViewport: Clicking on Actor (context menu): StaticMeshActor (environment_v2)
[2015.10.25-08.03.42:412][362]LogEditorViewport: Clicking on Component (context menu): StaticMeshComponent (StaticMeshComponent0)
[2015.10.25-08.03.54:044][867]LogActorComponent: UnregisterComponent: (/Engine/Transient.CharacterMovementComponent_0) Not registered. Aborting.
[2015.10.25-08.04.19:303][100]LogUObjectHash:Warning: Ambiguous search, could be K2Node_IfThenElse /Game/ThirdPersonBP/Blueprints/LightSwitch_Blueprint.LightSwitch_Blueprint:EventGraph.K2Node_IfThenElse_115 or K2Node_IfThenElse /Game/ThirdPersonBP/Maps/ThirdPersonExampleMap.ThirdPersonExampleMap:PersistentLevel.ThirdPersonExampleMap.ExecuteUbergraph_ThirdPersonExampleMap.K2Node_IfThenElse_115
[2015.10.25-08.04.19:303][100]LogUObjectHash:Warning: Ambiguous search, could be K2Node_IfThenElse /Game/ThirdPersonBP/Blueprints/LightSwitch_Blueprint.LightSwitch_Blueprint:EventGraph.K2Node_IfThenElse_115 or K2Node_IfThenElse /Game/ThirdPersonBP/Blueprints/KitchenLights.KitchenLights:EventGraph.K2Node_IfThenElse_115
[2015.10.25-08.04.19:303][100]LogProperty:Warning: ObjectProperty /Script/Engine.EdGraphPin:LinkedTo.LinkedTo: unresolved reference to 'EdGraphPin'K2Node_IfThenElse_115.EdGraphPin_21991''
[2015.10.25-08.04.19:303][100]LogUObjectHash:Warning: Ambiguous search, could be K2Node_VariableGet /Game/ThirdPersonBP/Blueprints/LightSwitch_Blueprint.LightSwitch_Blueprint:EventGraph.K2Node_VariableGet_538 or K2Node_VariableGet /Game/ThirdPersonBP/Blueprints/KitchenLights.KitchenLights:EventGraph.K2Node_VariableGet_538
[2015.10.25-08.04.19:303][100]LogProperty:Warning: ObjectProperty /Script/Engine.EdGraphPin:LinkedTo.LinkedTo: unresolved reference to 'EdGraphPin'K2Node_VariableGet_538.EdGraphPin_22003''
[2015.10.25-08.04.19:303][100]LogUObjectHash:Warning: Ambiguous search, could be K2Node_Timeline /Game/ThirdPersonBP/Blueprints/LightSwitch_Blueprint.LightSwitch_Blueprint:EventGraph.K2Node_Timeline_17 or K2Node_Timeline /Game/ThirdPersonBP/Blueprints/KitchenLights.KitchenLights:EventGraph.K2Node_Timeline_17
[2015.10.25-08.04.19:304][100]LogProperty:Warning: ObjectProperty /Script/Engine.EdGraphPin:LinkedTo.LinkedTo: unresolved reference to 'EdGraphPin'K2Node_Timeline_17.EdGraphPin_21865''
[2015.10.25-08.04.19:304][100]LogUObjectHash:Warning: Ambiguous search, could be K2Node_Timeline /Game/ThirdPersonBP/Blueprints/LightSwitch_Blueprint.LightSwitch_Blueprint:EventGraph.K2Node_Timeline_17 or K2Node_Timeline /Game/ThirdPersonBP/Blueprints/KitchenLights.KitchenLights:EventGraph.K2Node_Timeline_17
[2015.10.25-08.04.19:304][100]LogProperty:Warning: ObjectProperty /Script/Engine.EdGraphPin:LinkedTo.LinkedTo: unresolved reference to 'EdGraphPin'K2Node_Timeline_17.EdGraphPin_21868''
[2015.10.25-08.04.19:304][100]LogUObjectHash:Warning: Ambiguous search, could be K2Node_CallFunction /Game/ThirdPersonBP/Blueprints/LightSwitch_Blueprint.LightSwitch_Blueprint:EventGraph.K2Node_CallFunction_3668 or K2Node_CallFunction /Game/ThirdPersonBP/Blueprints/KitchenLights.KitchenLights:EventGraph.K2Node_CallFunction_3668
[2015.10.25-08.04.19:304][100]LogProperty:Warning: ObjectProperty /Script/Engine.EdGraphPin:LinkedTo.LinkedTo: unresolved reference to 'EdGraphPin'K2Node_CallFunction_3668.EdGraphPin_22316''
[2015.10.25-08.04.19:304][100]LogUObjectHash:Warning: Ambiguous search, could be K2Node_MacroInstance /Game/ThirdPersonBP/Blueprints/Outside_Door_Blueprint.Outside_Door_Blueprint:EventGraph.K2Node_MacroInstance_26 or K2Node_MacroInstance /Game/ThirdPersonBP/Blueprints/LightSwitch_Blueprint.LightSwitch_Blueprint:EventGraph.K2Node_MacroInstance_26
[2015.10.25-08.04.19:304][100]LogUObjectHash:Warning: Ambiguous search, could be K2Node_MacroInstance /Game/ThirdPersonBP/Blueprints/Outside_Door_Blueprint.Outside_Door_Blueprint:EventGraph.K2Node_MacroInstance_26 or K2Node_MacroInstance /Game/ThirdPersonBP/Blueprints/KitchenLights.KitchenLights:EventGraph.K2Node_MacroInstance_26
[2015.10.25-08.04.19:304][100]LogUObjectHash:Warning: Ambiguous search, could be K2Node_MacroInstance /Game/ThirdPersonBP/Blueprints/Outside_Door_Blueprint.Outside_Door_Blueprint:EventGraph.K2Node_MacroInstance_26 or K2Node_MacroInstance /Game/ThirdPersonBP/Blueprints/KitchenLights.KitchenLights:ExecuteUbergraph_KitchenLights.K2Node_MacroInstance_26
[2015.10.25-08.04.19:304][100]LogUObjectHash:Warning: Ambiguous search, could be K2Node_CallFunction /Game/ThirdPersonBP/Blueprints/Outside_Door_Blueprint.Outside_Door_Blueprint:EventGraph.K2Node_CallFunction_2458 or K2Node_CallFunction /Game/ThirdPersonBP/Blueprints/LightSwitch_Blueprint.LightSwitch_Blueprint:EventGraph.K2Node_CallFunction_2458
[2015.10.25-08.04.19:304][100]LogUObjectHash:Warning: Ambiguous search, could be K2Node_CallFunction /Game/ThirdPersonBP/Blueprints/Outside_Door_Blueprint.Outside_Door_Blueprint:EventGraph.K2Node_CallFunction_2458 or K2Node_CallFunction /Game/ThirdPersonBP/Blueprints/KitchenLights.KitchenLights:EventGraph.K2Node_CallFunction_2458
[2015.10.25-08.04.19:305][100]LogUObjectHash:Warning: Ambiguous search, could be K2Node_CallFunction /Game/ThirdPersonBP/Blueprints/Outside_Door_Blueprint.Outside_Door_Blueprint:EventGraph.K2Node_CallFunction_2458 or K2Node_CallFunction /Engine/Transient.PROTO_BP_Blueprint_0:UserConstructionScript.K2Node_CallFunction_2458
[2015.10.25-08.04.19:305][100]LogProperty:Warning: ObjectProperty /Script/Engine.EdGraphPin:LinkedTo.LinkedTo: unresolved reference to 'EdGraphPin'K2Node_CallFunction_2458.EdGraphPin_22291''
[2015.10.25-08.04.19:305][100]LogUObjectHash:Warning: Ambiguous search, could be K2Node_CallFunction /Game/ThirdPersonBP/Blueprints/LightSwitch_Blueprint.LightSwitch_Blueprint:EventGraph.K2Node_CallFunction_3668 or K2Node_CallFunction /Game/ThirdPersonBP/Blueprints/KitchenLights.KitchenLights:EventGraph.K2Node_CallFunction_3668
[2015.10.25-08.04.19:305][100]LogProperty:Warning: ObjectProperty /Script/Engine.EdGraphPin:LinkedTo.LinkedTo: unresolved reference to 'EdGraphPin'K2Node_CallFunction_3668.EdGraphPin_22319''
[2015.10.25-08.04.19:305][100]LogUObjectHash:Warning: Ambiguous search, could be K2Node_VariableSet /Game/ThirdPersonBP/Blueprints/LightSwitch_Blueprint.LightSwitch_Blueprint:EventGraph.K2Node_VariableSet_427 or K2Node_VariableSet /Game/ThirdPersonBP/Blueprints/KitchenLights.KitchenLights:EventGraph.K2Node_VariableSet_427
[2015.10.25-08.04.19:305][100]LogProperty:Warning: ObjectProperty /Script/Engine.EdGraphPin:LinkedTo.LinkedTo: unresolved reference to 'EdGraphPin'K2Node_VariableSet_427.EdGraphPin_22045''
[2015.10.25-08.04.19:305][100]LogUObjectHash:Warning: Ambiguous search, could be K2Node_VariableSet /Game/ThirdPersonBP/Blueprints/LightSwitch_Blueprint.LightSwitch_Blueprint:EventGraph.K2Node_VariableSet_426 or K2Node_VariableSet /Game/ThirdPersonBP/Blueprints/KitchenLights.KitchenLights:EventGraph.K2Node_VariableSet_426
[2015.10.25-08.04.19:305][100]LogProperty:Warning: ObjectProperty /Script/Engine.EdGraphPin:LinkedTo.LinkedTo: unresolved reference to 'EdGraphPin'K2Node_VariableSet_426.EdGraphPin_22060''
[2015.10.25-08.04.19:306][100]LogUObjectHash:Warning: Ambiguous search, could be K2Node_VariableGet /Game/ThirdPersonBP/Blueprints/LightSwitch_Blueprint.LightSwitch_Blueprint:EventGraph.K2Node_VariableGet_581 or K2Node_VariableGet /Game/ThirdPersonBP/Blueprints/KitchenLights.KitchenLights:EventGraph.K2Node_VariableGet_581
[2015.10.25-08.04.19:306][100]LogProperty:Warning: ObjectProperty /Script/Engine.EdGraphPin:LinkedTo.LinkedTo: unresolved reference to 'EdGraphPin'K2Node_VariableGet_581.EdGraphPin_22087''
[2015.10.25-08.04.36:670][  2]LogBlueprintUserMessages: CustomizeDetails for Blueprint 'KitchenLights', cached variable property's owner is '/Game/ThirdPersonBP/Blueprints/LightSwitch_Blueprint.SKEL_LightSwitch_Blueprint_C'
[2015.10.25-08.04.40:862][189]LogBlueprintUserMessages: CustomizeDetails for Blueprint 'KitchenLights', cached variable property's owner is '/Game/ThirdPersonBP/Blueprints/KitchenLights.SKEL_KitchenLights_C'
[2015.10.25-08.04.42:001][244]LogBlueprintUserMessages: CustomizeDetails for Blueprint 'KitchenLights', cached variable property's owner is '/Game/ThirdPersonBP/Blueprints/LightSwitch_Blueprint.SKEL_LightSwitch_Blueprint_C'
[2015.10.25-08.04.49:215][600]LogSavePackage: Save=68.138664ms
[2015.10.25-08.04.49:215][600]LogSavePackage: Moving '../../../../../../Users/ntanc_000/Desktop/DigitalHorrorGame/DigitalHorrorGame/GDDHorrorGame/Saved/KitchenLightsED6EF2E6400AF0D44B4825B6DF20D150.tmp' to '../../../../../../Users/ntanc_000/Desktop/DigitalHorrorGame/DigitalHorrorGame/GDDHorrorGame/Content/ThirdPersonBP/Blueprints/KitchenLights.uasset'
[2015.10.25-08.04.49:225][600]LogSavePackage: Total save time: 87.704081ms
[2015.10.25-08.04.49:225][600]LogSavePackage:Warning: Finished SavePackage ../../../../../../Users/ntanc_000/Desktop/DigitalHorrorGame/DigitalHorrorGame/GDDHorrorGame/Content/ThirdPersonBP/Blueprints/KitchenLights.uasset
[2015.10.25-08.05.11:858][778]LogEditorTransaction: Undo Create Pin Link
[2015.10.25-08.05.12:628][798]LogEditorTransaction: Undo Delete current selection
[2015.10.25-08.05.13:231][822]LogEditorTransaction: Undo Add Component Nodes
[2015.10.25-08.05.13:797][846]LogEditorTransaction: Undo Move Nodes
[2015.10.25-08.05.14:507][880]LogEditorTransaction: Undo Paste clipboard contents
[2015.10.25-08.05.19:614][152]LogUObjectHash:Warning: Ambiguous search, could be K2Node_CallFunction /Game/ThirdPersonBP/Blueprints/KitchenLights.KitchenLights:EventGraph.K2Node_CallFunction_3668 or K2Node_CallFunction /Game/ThirdPersonBP/Blueprints/KitchenLights.KitchenLights:EventGraph.K2Node_CallFunction_3668
[2015.10.25-08.05.19:614][152]LogUObjectHash:Warning: Ambiguous search, could be K2Node_VariableGet /Game/ThirdPersonBP/Blueprints/KitchenLights.KitchenLights:EventGraph.K2Node_VariableGet_581 or K2Node_VariableGet /Game/ThirdPersonBP/Blueprints/KitchenLights.KitchenLights:EventGraph.K2Node_VariableGet_581
[2015.10.25-08.05.19:615][152]LogUObjectHash:Warning: Ambiguous search, could be K2Node_Timeline /Game/ThirdPersonBP/Blueprints/KitchenLights.KitchenLights:EventGraph.K2Node_Timeline_17 or K2Node_Timeline /Game/ThirdPersonBP/Blueprints/KitchenLights.KitchenLights:EventGraph.K2Node_Timeline_17
[2015.10.25-08.05.19:615][152]LogUObjectHash:Warning: Ambiguous search, could be K2Node_CallFunction /Game/ThirdPersonBP/Blueprints/KitchenLights.KitchenLights:EventGraph.K2Node_CallFunction_2458 or K2Node_CallFunction /Game/ThirdPersonBP/Blueprints/KitchenLights.KitchenLights:EventGraph.K2Node_CallFunction_2458
[2015.10.25-08.05.24:240][390]LogBlueprintUserMessages: CustomizeDetails for Blueprint 'KitchenLights', cached variable property's owner is '/Game/ThirdPersonBP/Blueprints/LightSwitch_Blueprint.SKEL_LightSwitch_Blueprint_C'
[2015.10.25-08.05.27:668][554]LogBlueprintUserMessages: CustomizeDetails for Blueprint 'KitchenLights', cached variable property's owner is '/Game/ThirdPersonBP/Blueprints/KitchenLights.SKEL_KitchenLights_C'
[2015.10.25-08.05.32:980][808]LogBlueprintUserMessages: CustomizeDetails for Blueprint 'KitchenLights', cached variable property's owner is '/Game/ThirdPersonBP/Blueprints/KitchenLights.SKEL_KitchenLights_C'
[2015.10.25-08.05.51:957][666]LogSavePackage: Save=56.204117ms
[2015.10.25-08.05.51:957][666]LogSavePackage: Moving '../../../../../../Users/ntanc_000/Desktop/DigitalHorrorGame/DigitalHorrorGame/GDDHorrorGame/Saved/KitchenLightsDAACD63C4B6F791E910037B7D7FCBB8A.tmp' to '../../../../../../Users/ntanc_000/Desktop/DigitalHorrorGame/DigitalHorrorGame/GDDHorrorGame/Content/ThirdPersonBP/Blueprints/KitchenLights.uasset'
[2015.10.25-08.05.51:964][666]LogSavePackage: Total save time: 75.169351ms
[2015.10.25-08.05.51:964][666]LogSavePackage:Warning: Finished SavePackage ../../../../../../Users/ntanc_000/Desktop/DigitalHorrorGame/DigitalHorrorGame/GDDHorrorGame/Content/ThirdPersonBP/Blueprints/KitchenLights.uasset
[2015.10.25-08.05.52:310][682]BlueprintLog: New page: Compile KitchenLights
[2015.10.25-08.05.52:514][682]BlueprintEditorCompileResults: Info [0528.18] Compile of KitchenLights successful! [in 203 ms]
[2015.10.25-08.06.28:003][225]Cmd: CAMERA ALIGN ACTIVEVIEWPORTONLY
[2015.10.25-08.06.50:986][167]Cmd: CAMERA ALIGN ACTIVEVIEWPORTONLY
[2015.10.25-08.07.03:678][695]LogEditorViewport: Clicking on Actor (LMB): KitchenLights_C (KitchenLights)
[2015.10.25-08.07.04:717][741]Cmd: TRANSACTION UNDO
[2015.10.25-08.07.04:717][741]LogEditorTransaction: Undo Clicking on Actors
[2015.10.25-08.07.05:061][747]Cmd: TRANSACTION UNDO
[2015.10.25-08.07.05:061][747]LogEditorTransaction: Undo Marquee Select
[2015.10.25-08.07.52:874][722]LogEditorViewport: Clicking on Component (LMB): PointLightComponent (PointLight5)
[2015.10.25-08.08.37:029][696]Cmd: CAMERA ALIGN ACTIVEVIEWPORTONLY
[2015.10.25-08.09.14:261][293]Cmd: CAMERA ALIGN ACTIVEVIEWPORTONLY
[2015.10.25-08.10.02:487][364]Cmd: CAMERA ALIGN ACTIVEVIEWPORTONLY
[2015.10.25-08.10.22:119][218]Cmd: CAMERA ALIGN ACTIVEVIEWPORTONLY
[2015.10.25-08.11.01:686][915]Cmd: CAMERA ALIGN ACTIVEVIEWPORTONLY
[2015.10.25-08.11.19:430][674]Cmd: CAMERA ALIGN ACTIVEVIEWPORTONLY
[2015.10.25-08.11.56:457][287]LogCrashTracker: 


[2015.10.25-08.11.56:457][287]LogCrashTracker: 


[2015.10.25-08.11.56:457][287]LogWindows: === Critical error: ===
Fatal error!



[2015.10.25-08.11.56:577][287]LogExit: Executing StaticShutdownAfterError
[2015.10.25-08.11.56:592][287]LogPhysics:Warning: PHYSX: ..\..\PhysX\src\NpScene.cpp (2946) 8 : PxScene::unlockWrite() called without matching call to PxScene::lockWrite(), behaviour will be undefined.
[2015.10.25-08.11.56:592][287]LogPhysics:Warning: PHYSX: ..\..\PhysX\src\NpScene.cpp (2946) 8 : PxScene::unlockWrite() called without matching call to PxScene::lockWrite(), behaviour will be undefined.
[2015.10.25-08.11.56:592][287]LogPhysics:Warning: PHYSX: ..\..\PhysX\src\NpScene.cpp (2946) 8 : PxScene::unlockWrite() called without matching call to PxScene::lockWrite(), behaviour will be undefined.
[2015.10.25-08.11.56:592][287]LogPhysics:Warning: PHYSX: ..\..\PhysX\src\NpScene.cpp (2946) 8 : PxScene::unlockWrite() called without matching call to PxScene::lockWrite(), behaviour will be undefined.
[2015.10.25-08.11.56:592][287]LogWindows: FPlatformMisc::RequestExit(1)
[2015.10.25-08.11.56:592][287]Log file closed, 10/25/15 04:11:56
