[2015.12.23-02.16.33:746][  0]Log file open, 12/22/15 21:16:33
[2015.12.23-02.16.33:746][  0]LogInit:Display: Running engine for game: GDDHorrorGame
[2015.12.23-02.16.33:746][  0]LogInit:Display: RandInit(1908153072) SRandInit(1908153072).
[2015.12.23-02.16.33:746][  0]LogTaskGraph: Started task graph with 4 named threads and 7 total threads.
[2015.12.23-02.16.33:746][  0]LogStats: Stats thread started at 0.076573
[2015.12.23-02.16.33:746][  0]LogInit: Version: 4.9.2-2707645+++depot+UE4-Releases+4.9
[2015.12.23-02.16.33:746][  0]LogInit: API Version: 2672455
[2015.12.23-02.16.33:746][  0]LogInit: Compiled (64-bit): Sep 28 2015 10:25:44
[2015.12.23-02.16.33:746][  0]LogInit: Compiled with Visual C++: 18.00.21005.01
[2015.12.23-02.16.33:746][  0]LogInit: Build Configuration: Development
[2015.12.23-02.16.33:746][  0]LogInit: Branch Name: ++depot+UE4-Releases+4.9
[2015.12.23-02.16.33:746][  0]LogInit: Command line:  
[2015.12.23-02.16.33:746][  0]LogInit: Base directory: C:/Program Files/Epic Games/4.9/Engine/Binaries/Win64/
[2015.12.23-02.16.33:746][  0]LogInit: Rocket: 1
[2015.12.23-02.16.33:757][  0]LogInit: Using libcurl 7.41.0
[2015.12.23-02.16.33:757][  0]LogInit:  - built for x86_64-pc-win32
[2015.12.23-02.16.33:757][  0]LogInit:  - supports SSL with WinSSL
[2015.12.23-02.16.33:757][  0]LogInit:  - other features:
[2015.12.23-02.16.33:757][  0]LogInit:      CURL_VERSION_SSL
[2015.12.23-02.16.33:757][  0]LogInit:      CURL_VERSION_IPV6
[2015.12.23-02.16.33:757][  0]LogInit:      CURL_VERSION_ASYNCHDNS
[2015.12.23-02.16.33:757][  0]LogInit:      CURL_VERSION_LARGEFILE
[2015.12.23-02.16.33:757][  0]LogInit:      CURL_VERSION_IDN
[2015.12.23-02.16.33:757][  0]LogInit:  CurlRequestOptions (configurable via config and command line):
[2015.12.23-02.16.33:757][  0]LogInit:  - bVerifyPeer = true  - Libcurl will verify peer certificate
[2015.12.23-02.16.33:757][  0]LogInit:  - bUseHttpProxy = false  - Libcurl will NOT use HTTP proxy
[2015.12.23-02.16.33:757][  0]LogInit:  - bDontReuseConnections = false  - Libcurl will reuse connections
[2015.12.23-02.16.33:757][  0]LogInit:  - CertBundlePath = nullptr  - Libcurl will use whatever was configured at build time.
[2015.12.23-02.16.33:766][  0]LogInit: Presizing for 0 objects not considered by GC, pre-allocating 0 bytes.
[2015.12.23-02.16.33:772][  0]LogInit: Object subsystem initialized
[2015.12.23-02.16.33:773][  0]LogInit: Selected Device Profile: [Windows]
[2015.12.23-02.16.33:773][  0]LogInit: Applying CVar settings loaded from the selected device profile: [Windows]
[2015.12.23-02.16.33:780][  0]LogInit: Computer: NICKSCOMPUTER
[2015.12.23-02.16.33:780][  0]LogInit: User: ntanc000
[2015.12.23-02.16.33:780][  0]LogInit: CPU Page size=4096, Cores=4
[2015.12.23-02.16.33:780][  0]LogInit: High frequency timer resolution =2.537594 MHz
[2015.12.23-02.16.33:780][  0]LogMemory: Memory total: Physical=15.9GB (16GB approx)
[2015.12.23-02.16.33:780][  0]LogMemory: Platform Memory Stats for Windows
[2015.12.23-02.16.33:780][  0]LogMemory: Process Physical Memory: 54.62 MB used, 54.62 MB peak
[2015.12.23-02.16.33:780][  0]LogMemory: Process Virtual Memory: 55.32 MB used, 55.32 MB peak
[2015.12.23-02.16.33:780][  0]LogMemory: Physical Memory: 4215.51 MB used, 16269.45 MB total
[2015.12.23-02.16.33:780][  0]LogMemory: Virtual Memory: 368.27 MB used, 134217728.00 MB total
[2015.12.23-02.16.34:102][  0]LogTextLocalizationManager: No specific translations for ('en-US') exist, so ('en') translations will be used.
[2015.12.23-02.16.35:139][  0]LogD3D11RHI: Found D3D11 adapter 0: NVIDIA GeForce GTX 980M  (Feature Level 11_0)
[2015.12.23-02.16.35:139][  0]LogD3D11RHI: Adapter has 4012MB of dedicated video memory, 0MB of dedicated system memory, and 8134MB of shared system memory, 2 output[s]
[2015.12.23-02.16.35:147][  0]LogD3D11RHI: Found D3D11 adapter 1: Intel(R) HD Graphics 4600 (Feature Level 11_0)
[2015.12.23-02.16.35:147][  0]LogD3D11RHI: Adapter has 112MB of dedicated video memory, 0MB of dedicated system memory, and 8134MB of shared system memory, 0 output[s]
[2015.12.23-02.16.35:149][  0]LogD3D11RHI: Found D3D11 adapter 2: Microsoft Basic Render Driver (Feature Level 11_0)
[2015.12.23-02.16.35:149][  0]LogD3D11RHI: Adapter has 0MB of dedicated video memory, 0MB of dedicated system memory, and 8134MB of shared system memory, 0 output[s]
[2015.12.23-02.16.35:149][  0]LogD3D11RHI: Chosen D3D11 Adapter Id = 0
[2015.12.23-02.16.35:154][  0]LogD3D11RHI: !Direct3DDevice
[2015.12.23-02.16.35:154][  0]LogRHI: Texture pool is 1361 MB (70% of 1945 MB)
[2015.12.23-02.16.35:167][  0]LogD3D11RHI: Async texture creation enabled
[2015.12.23-02.16.35:186][  0]LogShaderCompilers: Guid format shader working directory is 15 characters bigger than the processId version (../../../../../../Users/ntanc_000/Desktop/DigitalHorrorGame/DigitalHorrorGame/GDDHorrorGame/Intermediate/Shaders/WorkingDirectory/8276/).
[2015.12.23-02.16.35:186][  0]LogShaderCompilers: Cleaned the shader compiler working directory '../../../../../../Users/ntanc_000/Desktop/DigitalHorrorGame/DigitalHorrorGame/GDDHorrorGame/Intermediate/Shaders/tmp/D671671C453A7BC9A413BE818F4A0A83/'.
[2015.12.23-02.16.35:186][  0]LogShaderCompilers:Display: Using Local Shader Compiler.
[2015.12.23-02.16.36:428][  0]LogTemp:Display: Loaded TP AllDesktopTargetPlatform
[2015.12.23-02.16.36:434][  0]LogTemp:Display: Loaded TP WindowsClientTargetPlatform
[2015.12.23-02.16.36:442][  0]LogTemp:Display: Loaded TP WindowsNoEditorTargetPlatform
[2015.12.23-02.16.36:449][  0]LogTemp:Display: Loaded TP WindowsServerTargetPlatform
[2015.12.23-02.16.36:456][  0]LogTemp:Display: Loaded TP WindowsTargetPlatform
[2015.12.23-02.16.36:460][  0]LogTemp:Display: Loaded TP AndroidTargetPlatform
[2015.12.23-02.16.36:464][  0]LogTemp:Display: Loaded TP Android_ASTCTargetPlatform
[2015.12.23-02.16.36:468][  0]LogTemp:Display: Loaded TP Android_ATCTargetPlatform
[2015.12.23-02.16.36:472][  0]LogTemp:Display: Loaded TP Android_DXTTargetPlatform
[2015.12.23-02.16.36:476][  0]LogTemp:Display: Loaded TP Android_ETC1TargetPlatform
[2015.12.23-02.16.36:481][  0]LogTemp:Display: Loaded TP Android_ETC2TargetPlatform
[2015.12.23-02.16.36:485][  0]LogTemp:Display: Loaded TP Android_PVRTCTargetPlatform
[2015.12.23-02.16.36:486][  0]LogTemp:Display: Loaded TP HTML5TargetPlatform
[2015.12.23-02.16.36:505][  0]LogTemp:Display: Loaded TP IOSTargetPlatform
[2015.12.23-02.16.36:508][  0]LogTemp:Display: Loaded TP LinuxNoEditorTargetPlatform
[2015.12.23-02.16.36:513][  0]LogTemp:Display: Loaded TP LinuxServerTargetPlatform
[2015.12.23-02.16.36:517][  0]LogTemp:Display: Loaded TP LinuxTargetPlatform
[2015.12.23-02.16.36:517][  0]LogTargetPlatformManager:Display: Building Assets For Windows
[2015.12.23-02.16.36:618][  0]LogDerivedDataCache:Display: Max Cache Size: 512 MB
[2015.12.23-02.16.36:664][  0]LogDerivedDataCache: Loaded boot cache 0.05s 57MB C:/Users/ntanc_000/AppData/Local/UnrealEngine/4.9/DerivedDataCache/Boot.ddc.
[2015.12.23-02.16.36:664][  0]LogDerivedDataCache:Display: Loaded Boot cache: C:/Users/ntanc_000/AppData/Local/UnrealEngine/4.9/DerivedDataCache/Boot.ddc
[2015.12.23-02.16.36:665][  0]LogDerivedDataCache: FDerivedDataBackendGraph:  Pak pak cache file ../../../../../../Users/ntanc_000/Desktop/DigitalHorrorGame/DigitalHorrorGame/GDDHorrorGame/DerivedDataCache/DDC.ddp not found, will not use a pak cache.
[2015.12.23-02.16.36:665][  0]LogDerivedDataCache: Unable to find inner node Pak for hierarchical cache Hierarchy.
[2015.12.23-02.16.36:665][  0]LogDerivedDataCache: FDerivedDataBackendGraph:  CompressedPak pak cache file ../../../../../../Users/ntanc_000/Desktop/DigitalHorrorGame/DigitalHorrorGame/GDDHorrorGame/DerivedDataCache/Compressed.ddp not found, will not use a pak cache.
[2015.12.23-02.16.36:665][  0]LogDerivedDataCache: Unable to find inner node CompressedPak for hierarchical cache Hierarchy.
[2015.12.23-02.16.36:803][  0]LogDerivedDataCache:Display: Pak cache opened for reading ../../../Engine/DerivedDataCache/Compressed.ddp.
[2015.12.23-02.16.36:815][  0]LogDerivedDataCache: Using Local data cache path C:/Users/ntanc_000/AppData/Local/UnrealEngine/Common/DerivedDataCache: Writable
[2015.12.23-02.16.36:979][  0]LogInit: Selected Device Profile: [Windows]
[2015.12.23-02.16.36:980][  0]LogContentStreaming: Texture pool size is 0.000000MB
[2015.12.23-02.16.37:091][  0]LogMeshUtilities: No automatic mesh reduction module available
[2015.12.23-02.16.37:091][  0]LogMeshUtilities: No automatic mesh merging module available
[2015.12.23-02.16.37:385][  0]LogInit: WinSock: version 1.1 (2.2), MaxSocks=32767, MaxUdp=65467
[2015.12.23-02.16.38:057][  0]UdpMessaging: Initializing bridge on interface 0.0.0.0:0 to multicast group 230.0.0.1:6666.
[2015.12.23-02.16.38:156][  0]LogAssetRegistry: FAssetRegistry took 0.0111 seconds to start up
[2015.12.23-02.16.38:325][  0]SourceControl: Info Source control is disabled
[2015.12.23-02.16.38:326][  0]SourceControl: Info Source control is disabled
[2015.12.23-02.16.38:336][  0]SourceControl: Info Source control is disabled
[2015.12.23-02.16.38:348][  0]SourceControl: Info Source control is disabled
[2015.12.23-02.16.38:524][  0]LogLinker:Warning: Asset '../../../Engine/Plugins/Runtime/LeapMotionController/Content/LM_PassthroughMaterial.uasset' has been saved with empty engine version. The asset will be loaded but may be incompatible.
[2015.12.23-02.16.38:614][  0]LogObj: 28361 objects as part of root set at end of initial load.
[2015.12.23-02.16.38:614][  0]LogUObjectAllocator: 6038872 out of 0 bytes used by permanent object pool.
[2015.12.23-02.16.38:669][  0]LogEngine: Initializing Engine...
[2015.12.23-02.16.38:671][  0]LogHMD: Can't find Oculus library dev build: is proper Runtime installed? Version: 0.7.0.0
[2015.12.23-02.16.38:672][  0]LogHMD: SteamVR failed to initialize.  Err: 110
[2015.12.23-02.16.38:772][  0]LogAIModule: Creating AISystem for world NewWorld
[2015.12.23-02.16.38:779][  0]LogInit: XAudio2 using 'Speakers (Sound Blaster Recon3Di)' : 2 channels at 48 kHz using 32 bits per sample (channel mask 0x3)
[2015.12.23-02.16.38:845][  0]LogInit: FAudioDevice initialized.
[2015.12.23-02.16.38:875][  0]LogDerivedDataCache: Saved boot cache 0.03s 37MB C:/Users/ntanc_000/AppData/Local/UnrealEngine/4.9/DerivedDataCache/Boot.ddc.
[2015.12.23-02.16.38:879][  0]LogInit: Texture streaming: Enabled
[2015.12.23-02.16.38:889][  0]LogAnalytics: Creating configured Analytics provider AnalyticsET
[2015.12.23-02.16.38:889][  0]LogAnalytics: [UEEditor.Rocket.Release] APIServer = http://et2.epicgames.com/ET2/. AppVersion = 4.9.2-2707645+++depot+UE4-Releases+4.9
[2015.12.23-02.16.38:889][  0]LogAnalytics: [UEEditor.Rocket.Release] SetUserId 2c211ad74a9e5469c13dfaa1059b2d42|1bd0216fcaf5458183f89cc914276325|d020360b-9246-478a-84ac-08a9775e7849
[2015.12.23-02.16.38:889][  0]LogAnalytics: [UEEditor.Rocket.Release] AnalyticsET::StartSession
[2015.12.23-02.16.38:905][  0]LogWindowsTextInputMethodSystem:Display: IME system now deactivated.
[2015.12.23-02.16.38:905][  0]LogWindowsTextInputMethodSystem:Display: IME system now deactivated.
[2015.12.23-02.16.38:948][  0]LogInit: Transaction tracking system initialized
[2015.12.23-02.16.38:996][  0]BlueprintLog: New page: Editor Load
[2015.12.23-02.16.39:139][  0]LocalizationService: Info Localization service is disabled
[2015.12.23-02.16.39:237][  0]LogConsoleResponse:Display: 
[2015.12.23-02.16.39:353][  0]LogCook:Display: Done creating registry. It took  0.00s.
[2015.12.23-02.16.39:416][  0]LogFileCache: Scanning file cache for directory 'C:/Users/ntanc_000/Desktop/DigitalHorrorGame/DigitalHorrorGame/GDDHorrorGame/Content/' took 0.02s
[2015.12.23-02.16.39:416][  0]SourceControl: Info Source control is disabled
[2015.12.23-02.16.39:431][  0]LightingResults: New page: Lighting Build
[2015.12.23-02.16.39:434][  0]MapCheck: New page: Map Check
[2015.12.23-02.16.39:434][  0]LightingResults: New page: Lighting Build
[2015.12.23-02.16.39:447][  0]LogParticles: Destroying 0 GPU particle simulations for FXSystem 0x00000211714BE160
[2015.12.23-02.16.39:466][  0]LogLinker:Warning: Asset '../../../../../../Users/ntanc_000/Desktop/DigitalHorrorGame/DigitalHorrorGame/GDDHorrorGame/Content/Mannequin/Animations/ThirdPerson_Jump.uasset' has been saved with empty engine version. The asset will be loaded but may be incompatible.
[2015.12.23-02.16.39:467][  0]LogLinker:Warning: Asset '../../../../../../Users/ntanc_000/Desktop/DigitalHorrorGame/DigitalHorrorGame/GDDHorrorGame/Content/Mannequin/Animations/ThirdPersonJump_Loop.uasset' has been saved with empty engine version. The asset will be loaded but may be incompatible.
[2015.12.23-02.16.39:468][  0]LogLinker:Warning: Asset '../../../../../../Users/ntanc_000/Desktop/DigitalHorrorGame/DigitalHorrorGame/GDDHorrorGame/Content/Mannequin/Animations/ThirdPersonJump_Start.uasset' has been saved with empty engine version. The asset will be loaded but may be incompatible.
[2015.12.23-02.16.39:469][  0]LogLinker:Warning: Asset '../../../../../../Users/ntanc_000/Desktop/DigitalHorrorGame/DigitalHorrorGame/GDDHorrorGame/Content/Mannequin/Animations/ThirdPerson_IdleRun_2D.uasset' has been saved with empty engine version. The asset will be loaded but may be incompatible.
[2015.12.23-02.16.39:469][  0]LogLinker:Warning: Asset '../../../../../../Users/ntanc_000/Desktop/DigitalHorrorGame/DigitalHorrorGame/GDDHorrorGame/Content/Mannequin/Animations/ThirdPersonIdle.uasset' has been saved with empty engine version. The asset will be loaded but may be incompatible.
[2015.12.23-02.16.45:912][  0]LogAIModule: Creating AISystem for world ThirdPersonExampleMap
[2015.12.23-02.16.45:929][  0]LogPhysics:Warning: FConstraintInstance::GetRefFrame : Contained scale.
[2015.12.23-02.16.45:929][  0]LogPhysics:Warning: FConstraintInstance::GetRefFrame : Contained scale.
[2015.12.23-02.16.45:957][  0]LogEditorServer: Finished looking for orphan Actors (0.000 secs)
[2015.12.23-02.16.45:958][  0]Cmd: MAP CHECKDEP NOCLEARLOG
[2015.12.23-02.16.46:103][  0]MapCheck: Info Map check complete: 0 Error(s), 0 Warning(s), took 144.682ms to complete.
[2015.12.23-02.16.46:103][  0]LogFileHelpers: Loading map 'ThirdPersonExampleMap' took 6.687
[2015.12.23-02.16.46:288][  0]LogCollectionManager: Loaded 0 collections in 0.002162 seconds
[2015.12.23-02.16.46:331][  0]LogFileCache: Scanning file cache for directory 'C:/Users/ntanc_000/Desktop/DigitalHorrorGame/DigitalHorrorGame/GDDHorrorGame/Saved/Collections/' took 0.01s
[2015.12.23-02.16.46:331][  0]LogFileCache: Scanning file cache for directory 'C:/Users/ntanc_000/Desktop/DigitalHorrorGame/DigitalHorrorGame/GDDHorrorGame/Content/Developers/ntanc000/Collections/' took 0.01s
[2015.12.23-02.16.46:331][  0]LogFileCache: Scanning file cache for directory 'C:/Users/ntanc_000/Desktop/DigitalHorrorGame/DigitalHorrorGame/GDDHorrorGame/Content/Collections/' took 0.01s
[2015.12.23-02.16.46:331][  0]LogContentBrowser: Native class hierarchy populated in 0.0086 seconds. Added 1867 classes and 333 folders.
[2015.12.23-02.16.46:343][  0]LogCollectionManager: Rebuilt the GUID cache for 0 collections in 0.000002 seconds
[2015.12.23-02.16.46:349][  0]LogContentBrowser: Native class hierarchy updated for 'WidgetCarousel' in 0.0003 seconds. Added 0 classes and 0 folders.
[2015.12.23-02.16.46:391][  0]LogContentBrowser: Native class hierarchy updated for 'AddContentDialog' in 0.0005 seconds. Added 0 classes and 0 folders.
[2015.12.23-02.16.46:404][  0]LogContentBrowser: Native class hierarchy updated for 'SceneOutliner' in 0.0003 seconds. Added 1 classes and 2 folders.
[2015.12.23-02.16.46:507][  0]LogCrashTracker: Crashtracker disabled due to settings.
[2015.12.23-02.16.46:512][  0]LogUObjectGlobals:Warning: Failed to find object 'Class None.'
[2015.12.23-02.16.46:535][  0]LogLoad: Full Startup: 13.46 seconds (BP compile: 1.36 seconds)
[2015.12.23-02.16.46:611][  0]LogContentStreaming: Texture pool size now 1000 MB
[2015.12.23-02.16.46:721][  0]LogRenderer: Reallocating scene render targets to support 912x480 (Frame:2).
[2015.12.23-02.16.47:364][ 11]LogAssetRegistry: Asset discovery search completed in 9.2184 seconds
[2015.12.23-02.16.47:364][ 11]LogCollectionManager: Rebuilt the object cache for 0 collections in 0.000001 seconds (found 0 objects)
[2015.12.23-02.16.47:364][ 11]LogCollectionManager: Fixed up redirectors for 0 collections in 0.000071 seconds (updated 0 objects)
[2015.12.23-02.16.59:391][710]LogBlueprintUserMessages: Early PlayInEditor Detection: Level '/Game/ThirdPersonBP/Maps/ThirdPersonExampleMap.ThirdPersonExampleMap:PersistentLevel' has LevelScriptBlueprint '/Game/ThirdPersonBP/Maps/ThirdPersonExampleMap.ThirdPersonExampleMap:PersistentLevel.ThirdPersonExampleMap' with GeneratedClass '/Game/ThirdPersonBP/Maps/ThirdPersonExampleMap.ThirdPersonExampleMap_C' with ClassGeneratedBy '/Game/ThirdPersonBP/Maps/ThirdPersonExampleMap.ThirdPersonExampleMap:PersistentLevel.ThirdPersonExampleMap'
[2015.12.23-02.16.59:391][710]LogPlayLevel: PlayLevel: No blueprints needed recompiling
[2015.12.23-02.16.59:391][710]PIE: New page: PIE session: ThirdPersonExampleMap (Dec 22, 2015, 4:16:59 PM)
[2015.12.23-02.16.59:391][710]LogPlayLevel: Creating play world package: /Game/ThirdPersonBP/Maps/UEDPIE_0_ThirdPersonExampleMap
[2015.12.23-02.16.59:534][710]LogPlayLevel: PIE: StaticDuplicateObject took: (0.143299s)
[2015.12.23-02.16.59:535][710]LogAIModule: Creating AISystem for world ThirdPersonExampleMap
[2015.12.23-02.16.59:535][710]LogPlayLevel: PIE: World Init took: (0.001008s)
[2015.12.23-02.16.59:536][710]LogPlayLevel: PIE: Created PIE world by copying editor world from /Game/ThirdPersonBP/Maps/ThirdPersonExampleMap.ThirdPersonExampleMap to /Game/ThirdPersonBP/Maps/UEDPIE_0_ThirdPersonExampleMap.ThirdPersonExampleMap (0.144813s)
[2015.12.23-02.16.59:644][710]LogInit: XAudio2 using 'Speakers (Sound Blaster Recon3Di)' : 2 channels at 48 kHz using 32 bits per sample (channel mask 0x3)
[2015.12.23-02.16.59:651][710]LogInit: FAudioDevice initialized.
[2015.12.23-02.16.59:746][710]LogWorld: Game class is 'NewGameMode_C'
[2015.12.23-02.16.59:758][710]LogPhysics:Warning: FConstraintInstance::GetRefFrame : Contained scale.
[2015.12.23-02.16.59:758][710]LogPhysics:Warning: FConstraintInstance::GetRefFrame : Contained scale.
[2015.12.23-02.16.59:762][710]LogWorld: Bringing World /Game/ThirdPersonBP/Maps/UEDPIE_0_ThirdPersonExampleMap.ThirdPersonExampleMap up for play (max tick rate 60) at 2015.12.22-21.16.59
[2015.12.23-02.16.59:762][710]LogActor:Warning: GameSession /Game/ThirdPersonBP/Maps/UEDPIE_0_ThirdPersonExampleMap.ThirdPersonExampleMap:PersistentLevel.GameSession_0 has natively added scene component(s), but none of them were set as the actor's RootComponent - picking one arbitrarily
[2015.12.23-02.16.59:762][710]LogActor:Warning: GameNetworkManager /Game/ThirdPersonBP/Maps/UEDPIE_0_ThirdPersonExampleMap.ThirdPersonExampleMap:PersistentLevel.GameNetworkManager_0 has natively added scene component(s), but none of them were set as the actor's RootComponent - picking one arbitrarily
[2015.12.23-02.16.59:768][710]LogWorld: Bringing up level for play took: 0.019991
[2015.12.23-02.16.59:777][710]PIE: Info Play in editor start time for /Game/ThirdPersonBP/Maps/UEDPIE_0_ThirdPersonExampleMap 0.619
[2015.12.23-02.16.59:777][710]LogBlueprintUserMessages: Late PlayInEditor Detection: Level '/Game/ThirdPersonBP/Maps/ThirdPersonExampleMap.ThirdPersonExampleMap:PersistentLevel' has LevelScriptBlueprint '/Game/ThirdPersonBP/Maps/ThirdPersonExampleMap.ThirdPersonExampleMap:PersistentLevel.ThirdPersonExampleMap' with GeneratedClass '/Game/ThirdPersonBP/Maps/ThirdPersonExampleMap.ThirdPersonExampleMap_C' with ClassGeneratedBy '/Game/ThirdPersonBP/Maps/ThirdPersonExampleMap.ThirdPersonExampleMap:PersistentLevel.ThirdPersonExampleMap'
[2015.12.23-02.17.00:712][763]LogScript:Warning: Accessed None 'Physics Handle'
	ThirdPersonCharacter_C /Game/ThirdPersonBP/Maps/UEDPIE_0_ThirdPersonExampleMap.ThirdPersonExampleMap:PersistentLevel.ThirdPersonCharacter_C_0
	Function /Game/ThirdPersonBP/Blueprints/ThirdPersonCharacter.ThirdPersonCharacter_C:ExecuteUbergraph_ThirdPersonCharacter:1350
[2015.12.23-02.17.00:713][763]PIE:Error: Error Accessed None 'Physics Handle' from node Set Target Location and Rotation in graph 'EventGraph' in blueprint ThirdPersonCharacter
[2015.12.23-02.17.00:721][764]LogScript:Warning: Accessed None 'Physics Handle'
	ThirdPersonCharacter_C /Game/ThirdPersonBP/Maps/UEDPIE_0_ThirdPersonExampleMap.ThirdPersonExampleMap:PersistentLevel.ThirdPersonCharacter_C_0
	Function /Game/ThirdPersonBP/Blueprints/ThirdPersonCharacter.ThirdPersonCharacter_C:ExecuteUbergraph_ThirdPersonCharacter:1350
[2015.12.23-02.17.00:722][764]PIE:Error: Error Accessed None 'Physics Handle' from node Set Target Location and Rotation in graph 'EventGraph' in blueprint ThirdPersonCharacter
[2015.12.23-02.17.00:738][765]LogScript:Warning: Accessed None 'Physics Handle'
	ThirdPersonCharacter_C /Game/ThirdPersonBP/Maps/UEDPIE_0_ThirdPersonExampleMap.ThirdPersonExampleMap:PersistentLevel.ThirdPersonCharacter_C_0
	Function /Game/ThirdPersonBP/Blueprints/ThirdPersonCharacter.ThirdPersonCharacter_C:ExecuteUbergraph_ThirdPersonCharacter:1350
[2015.12.23-02.17.00:738][765]PIE:Error: Error Accessed None 'Physics Handle' from node Set Target Location and Rotation in graph 'EventGraph' in blueprint ThirdPersonCharacter
[2015.12.23-02.17.00:754][766]LogScript:Warning: Accessed None 'Physics Handle'
	ThirdPersonCharacter_C /Game/ThirdPersonBP/Maps/UEDPIE_0_ThirdPersonExampleMap.ThirdPersonExampleMap:PersistentLevel.ThirdPersonCharacter_C_0
	Function /Game/ThirdPersonBP/Blueprints/ThirdPersonCharacter.ThirdPersonCharacter_C:ExecuteUbergraph_ThirdPersonCharacter:1350
[2015.12.23-02.17.00:755][766]PIE:Error: Error Accessed None 'Physics Handle' from node Set Target Location and Rotation in graph 'EventGraph' in blueprint ThirdPersonCharacter
[2015.12.23-02.17.00:772][767]LogScript:Warning: Accessed None 'Physics Handle'
	ThirdPersonCharacter_C /Game/ThirdPersonBP/Maps/UEDPIE_0_ThirdPersonExampleMap.ThirdPersonExampleMap:PersistentLevel.ThirdPersonCharacter_C_0
	Function /Game/ThirdPersonBP/Blueprints/ThirdPersonCharacter.ThirdPersonCharacter_C:ExecuteUbergraph_ThirdPersonCharacter:1139
[2015.12.23-02.17.00:772][767]PIE:Error: Error Accessed None 'Physics Handle' from node Release Component in graph 'EventGraph' in blueprint ThirdPersonCharacter
[2015.12.23-02.17.00:772][767]LogScript:Warning: Accessed None 'Physics Object'
	ThirdPersonCharacter_C /Game/ThirdPersonBP/Maps/UEDPIE_0_ThirdPersonExampleMap.ThirdPersonExampleMap:PersistentLevel.ThirdPersonCharacter_C_0
	Function /Game/ThirdPersonBP/Blueprints/ThirdPersonCharacter.ThirdPersonCharacter_C:ExecuteUbergraph_ThirdPersonCharacter:119F
[2015.12.23-02.17.00:772][767]PIE:Error: Error Accessed None 'Physics Object' from node Set Collision Response to Channel in graph 'EventGraph' in blueprint ThirdPersonCharacter
[2015.12.23-02.17.05:375][ 43]LogBlueprintUserMessages: Early EndPlayMap Detection: Level '/Game/ThirdPersonBP/Maps/ThirdPersonExampleMap.ThirdPersonExampleMap:PersistentLevel' has LevelScriptBlueprint '/Game/ThirdPersonBP/Maps/ThirdPersonExampleMap.ThirdPersonExampleMap:PersistentLevel.ThirdPersonExampleMap' with GeneratedClass '/Game/ThirdPersonBP/Maps/ThirdPersonExampleMap.ThirdPersonExampleMap_C' with ClassGeneratedBy '/Game/ThirdPersonBP/Maps/ThirdPersonExampleMap.ThirdPersonExampleMap:PersistentLevel.ThirdPersonExampleMap'
[2015.12.23-02.17.05:419][ 43]LogBlueprintUserMessages: Late EndPlayMap Detection: Level '/Game/ThirdPersonBP/Maps/ThirdPersonExampleMap.ThirdPersonExampleMap:PersistentLevel' has LevelScriptBlueprint '/Game/ThirdPersonBP/Maps/ThirdPersonExampleMap.ThirdPersonExampleMap:PersistentLevel.ThirdPersonExampleMap' with GeneratedClass '/Game/ThirdPersonBP/Maps/ThirdPersonExampleMap.ThirdPersonExampleMap_C' with ClassGeneratedBy '/Game/ThirdPersonBP/Maps/ThirdPersonExampleMap.ThirdPersonExampleMap:PersistentLevel.ThirdPersonExampleMap'
[2015.12.23-02.17.05:441][ 43]LogParticles: Destroying 0 GPU particle simulations for FXSystem 0x0000021134B81E40
[2015.12.23-02.17.13:987][520]LogWindowsTextInputMethodSystem:Display: IME system now deactivated.
[2015.12.23-02.17.13:987][520]LogWindowsTextInputMethodSystem:Display: IME system now deactivated.
[2015.12.23-02.17.14:331][521]Cmd: QUIT_EDITOR
[2015.12.23-02.17.15:140][521]LogExit: Preparing to exit.
[2015.12.23-02.17.16:196][521]LogExit: Editor shut down
[2015.12.23-02.17.16:196][521]LogExit: Transaction tracking system shut down
[2015.12.23-02.17.16:218][521]LogParticles: Destroying 0 GPU particle simulations for FXSystem 0x0000021129877B00
[2015.12.23-02.17.16:219][521]LogParticles: Destroying 0 GPU particle simulations for FXSystem 0x0000021134D47880
[2015.12.23-02.17.16:219][521]LogParticles: Destroying 0 GPU particle simulations for FXSystem 0x000002111D616480
[2015.12.23-02.17.16:219][521]LogParticles: Destroying 0 GPU particle simulations for FXSystem 0x00000211701D2840
[2015.12.23-02.17.16:219][521]LogParticles: Destroying 0 GPU particle simulations for FXSystem 0x00000211701D2980
[2015.12.23-02.17.16:396][521]LogExit: Object subsystem successfully closed.
[2015.12.23-02.17.16:421][521]LogD3D11RHI: Shutdown
[2015.12.23-02.17.16:421][521]LogD3D11RHI: CleanupD3DDevice
[2015.12.23-02.17.16:499][521]LogD3D11RHI: ~FD3D11DynamicRHI
[2015.12.23-02.17.16:518][521]LogModuleManager: Shutting down and abandoning module CrashTracker (197)
[2015.12.23-02.17.16:518][521]LogModuleManager: Shutting down and abandoning module SceneOutliner (196)
[2015.12.23-02.17.16:518][521]LogModuleManager: Shutting down and abandoning module SuperSearch (195)
[2015.12.23-02.17.16:518][521]LogModuleManager: Shutting down and abandoning module WidgetCarousel (194)
[2015.12.23-02.17.16:518][521]LogModuleManager: Shutting down and abandoning module AddContentDialog (193)
[2015.12.23-02.17.16:518][521]LogModuleManager: Shutting down and abandoning module EditorWidgets (192)
[2015.12.23-02.17.16:518][521]LogModuleManager: Shutting down and abandoning module CollectionManager (191)
[2015.12.23-02.17.16:518][521]LogModuleManager: Shutting down and abandoning module StatsViewer (190)
[2015.12.23-02.17.16:519][521]LogModuleManager: Shutting down and abandoning module FoliageEdit (189)
[2015.12.23-02.17.16:519][521]LogModuleManager: Shutting down and abandoning module LandscapeEditor (188)
[2015.12.23-02.17.16:519][521]LogModuleManager: Shutting down and abandoning module ActorPickerMode (187)
[2015.12.23-02.17.16:519][521]LogModuleManager: Shutting down and abandoning module GeometryMode (186)
[2015.12.23-02.17.16:519][521]LogModuleManager: Shutting down and abandoning module TextureAlignMode (185)
[2015.12.23-02.17.16:519][521]LogModuleManager: Shutting down and abandoning module BspMode (184)
[2015.12.23-02.17.16:519][521]LogModuleManager: Shutting down and abandoning module PlacementMode (183)
[2015.12.23-02.17.16:519][521]LogModuleManager: Shutting down and abandoning module AutomationWorker (182)
[2015.12.23-02.17.16:519][521]LogModuleManager: Shutting down and abandoning module CharacterAI (181)
[2015.12.23-02.17.16:519][521]LogModuleManager: Shutting down and abandoning module SmartSnapping (180)
[2015.12.23-02.17.16:519][521]LogModuleManager: Shutting down and abandoning module ViewportSnapping (179)
[2015.12.23-02.17.16:519][521]LogModuleManager: Shutting down and abandoning module LogVisualizer (178)
[2015.12.23-02.17.16:519][521]LogModuleManager: Shutting down and abandoning module GameProjectGeneration (177)
[2015.12.23-02.17.16:519][521]LogModuleManager: Shutting down and abandoning module IntroTutorials (176)
[2015.12.23-02.17.16:519][521]LogModuleManager: Shutting down and abandoning module EditorLiveStreaming (175)
[2015.12.23-02.17.16:519][521]LogModuleManager: Shutting down and abandoning module IOSPlatformEditor (174)
[2015.12.23-02.17.16:519][521]LogModuleManager: Shutting down and abandoning module HTML5PlatformEditor (173)
[2015.12.23-02.17.16:519][521]LogModuleManager: Shutting down and abandoning module AndroidDeviceDetection (172)
[2015.12.23-02.17.17:239][521]LogModuleManager: Shutting down and abandoning module AndroidPlatformEditor (171)
[2015.12.23-02.17.17:239][521]LogModuleManager: Shutting down and abandoning module IOSRuntimeSettings (170)
[2015.12.23-02.17.17:239][521]LogModuleManager: Shutting down and abandoning module AndroidRuntimeSettings (169)
[2015.12.23-02.17.17:239][521]LogModuleManager: Shutting down and abandoning module MergeActors (168)
[2015.12.23-02.17.17:239][521]LogModuleManager: Shutting down and abandoning module SizeMap (167)
[2015.12.23-02.17.17:239][521]LogModuleManager: Shutting down and abandoning module TreeMap (166)
[2015.12.23-02.17.17:239][521]LogModuleManager: Shutting down and abandoning module ReferenceViewer (165)
[2015.12.23-02.17.17:239][521]LogModuleManager: Shutting down and abandoning module LocalizationService (164)
[2015.12.23-02.17.17:239][521]LogModuleManager: Shutting down and abandoning module LocalizationDashboard (163)
[2015.12.23-02.17.17:240][521]LogModuleManager: Shutting down and abandoning module HardwareTargeting (162)
[2015.12.23-02.17.17:240][521]LogModuleManager: Shutting down and abandoning module DeviceProfileEditor (161)
[2015.12.23-02.17.17:240][521]LogModuleManager: Shutting down and abandoning module UndoHistory (160)
[2015.12.23-02.17.17:240][521]LogModuleManager: Shutting down and abandoning module GameplayTagsEditor (159)
[2015.12.23-02.17.17:240][521]LogModuleManager: Shutting down and abandoning module UserFeedback (158)
[2015.12.23-02.17.17:240][521]LogModuleManager: Shutting down and abandoning module XmlParser (157)
[2015.12.23-02.17.17:240][521]LogModuleManager: Shutting down and abandoning module Blutility (156)
[2015.12.23-02.17.17:240][521]LogModuleManager: Shutting down and abandoning module ProjectTargetPlatformEditor (155)
[2015.12.23-02.17.17:240][521]LogModuleManager: Shutting down and abandoning module ProjectSettingsViewer (154)
[2015.12.23-02.17.17:240][521]LogModuleManager: Shutting down and abandoning module InputBindingEditor (153)
[2015.12.23-02.17.17:240][521]LogModuleManager: Shutting down and abandoning module EditorSettingsViewer (152)
[2015.12.23-02.17.17:241][521]LogModuleManager: Shutting down and abandoning module SettingsEditor (151)
[2015.12.23-02.17.17:241][521]LogModuleManager: Shutting down and abandoning module ProjectLauncher (150)
[2015.12.23-02.17.17:241][521]LogModuleManager: Shutting down and abandoning module SessionFrontend (149)
[2015.12.23-02.17.17:241][521]LogModuleManager: Shutting down and abandoning module ProfilerClient (148)
[2015.12.23-02.17.17:241][521]LogModuleManager: Shutting down and abandoning module TargetDeviceServices (147)
[2015.12.23-02.17.17:241][521]LogModuleManager: Shutting down and abandoning module DeviceManager (146)
[2015.12.23-02.17.17:241][521]LogModuleManager: Shutting down and abandoning module AutomationController (145)
[2015.12.23-02.17.17:241][521]LogModuleManager: Shutting down and abandoning module AutomationWindow (144)
[2015.12.23-02.17.17:241][521]LogModuleManager: Shutting down and abandoning module Layers (143)
[2015.12.23-02.17.17:241][521]LogModuleManager: Shutting down and abandoning module ComponentVisualizers (142)
[2015.12.23-02.17.17:242][521]LogModuleManager: Shutting down and abandoning module DetailCustomizations (141)
[2015.12.23-02.17.17:242][521]LogModuleManager: Shutting down and abandoning module PackagesDialog (140)
[2015.12.23-02.17.17:242][521]LogModuleManager: Shutting down and abandoning module Persona (139)
[2015.12.23-02.17.17:242][521]LogModuleManager: Shutting down and abandoning module Kismet (138)
[2015.12.23-02.17.17:242][521]LogModuleManager: Shutting down and abandoning module GraphEditor (137)
[2015.12.23-02.17.17:242][521]LogModuleManager: Shutting down and abandoning module ClassViewer (136)
[2015.12.23-02.17.17:242][521]LogModuleManager: Shutting down and abandoning module Toolbox (135)
[2015.12.23-02.17.17:242][521]LogModuleManager: Shutting down and abandoning module ModuleUI (134)
[2015.12.23-02.17.17:242][521]LogModuleManager: Shutting down and abandoning module MovieSceneTools (133)
[2015.12.23-02.17.17:242][521]LogModuleManager: Shutting down and abandoning module OutputLog (132)
[2015.12.23-02.17.17:242][521]LogModuleManager: Shutting down and abandoning module GammaUI (131)
[2015.12.23-02.17.17:242][521]LogModuleManager: Shutting down and abandoning module Documentation (130)
[2015.12.23-02.17.17:242][521]LogModuleManager: Shutting down and abandoning module GameLiveStreaming (129)
[2015.12.23-02.17.17:243][521]LogModuleManager: Shutting down and abandoning module StreamingPauseRendering (128)
[2015.12.23-02.17.17:243][521]LogModuleManager: Shutting down and abandoning module AnalyticsET (127)
[2015.12.23-02.17.17:243][521]LogModuleManager: Shutting down and abandoning module Analytics (126)
[2015.12.23-02.17.17:243][521]LogModuleManager: Shutting down and abandoning module AITestSuite (125)
[2015.12.23-02.17.17:243][521]LogModuleManager: Shutting down and abandoning module GameplayDebugger (124)
[2015.12.23-02.17.17:243][521]LogModuleManager: Shutting down and abandoning module AIModule (123)
[2015.12.23-02.17.17:243][521]LogModuleManager: Shutting down and abandoning module ProfilerService (122)
[2015.12.23-02.17.17:465][521]LogModuleManager: Shutting down and abandoning module TaskGraph (121)
[2015.12.23-02.17.17:465][521]LogModuleManager: Shutting down and abandoning module SlateRemote (120)
[2015.12.23-02.17.17:465][521]LogModuleManager: Shutting down and abandoning module SteamVRController (119)
[2015.12.23-02.17.17:465][521]LogModuleManager: Shutting down and abandoning module SteamVR (118)
[2015.12.23-02.17.17:465][521]LogModuleManager: Shutting down and abandoning module ProceduralMeshComponent (117)
[2015.12.23-02.17.17:465][521]LogModuleManager: Shutting down and abandoning module OculusRift (116)
[2015.12.23-02.17.17:465][521]LogModuleManager: Shutting down and abandoning module OculusLibrary (115)
[2015.12.23-02.17.17:466][521]LogModuleManager: Shutting down and abandoning module LeapMotionController (114)
[2015.12.23-02.17.17:483][521]LogModuleManager: Shutting down and abandoning module CustomMeshComponent (113)
[2015.12.23-02.17.17:483][521]LogModuleManager: Shutting down and abandoning module CableComponent (112)
[2015.12.23-02.17.17:483][521]LogModuleManager: Shutting down and abandoning module ArchVisCharacter (111)
[2015.12.23-02.17.17:483][521]LogModuleManager: Shutting down and abandoning module MessagingDebugger (110)
[2015.12.23-02.17.17:483][521]LogModuleManager: Shutting down and abandoning module MediaPlayerEditor (109)
[2015.12.23-02.17.17:483][521]LogModuleManager: Shutting down and abandoning module HTML5Networking (108)
[2015.12.23-02.17.17:483][521]LogModuleManager: Shutting down and abandoning module SpeedTreeImporter (107)
[2015.12.23-02.17.17:483][521]LogModuleManager: Shutting down and abandoning module PluginBrowser (106)
[2015.12.23-02.17.17:484][521]LogModuleManager: Shutting down and abandoning module EpicSurvey (105)
[2015.12.23-02.17.17:484][521]LogModuleManager: Shutting down and abandoning module DesktopPlatform (104)
[2015.12.23-02.17.17:484][521]LogModuleManager: Shutting down and abandoning module VisualStudioSourceCodeAccess (103)
[2015.12.23-02.17.17:484][521]LogModuleManager: Shutting down and abandoning module UObjectPlugin (102)
[2015.12.23-02.17.17:484][521]LogModuleManager: Shutting down and abandoning module SubversionSourceControl (101)
[2015.12.23-02.17.17:484][521]LogModuleManager: Shutting down and abandoning module PerforceSourceControl (100)
[2015.12.23-02.17.17:484][521]LogModuleManager: Shutting down and abandoning module SourceControl (99)
[2015.12.23-02.17.17:484][521]LogModuleManager: Shutting down and abandoning module GitSourceControl (98)
[2015.12.23-02.17.17:484][521]LogModuleManager: Shutting down and abandoning module LightPropagationVolumeEditor (97)
[2015.12.23-02.17.17:484][521]LogModuleManager: Shutting down and abandoning module PaperTiledImporter (96)
[2015.12.23-02.17.17:484][521]LogModuleManager: Shutting down and abandoning module PaperSpriteSheetImporter (95)
[2015.12.23-02.17.17:484][521]LogModuleManager: Shutting down and abandoning module MeshPaint (94)
[2015.12.23-02.17.17:484][521]LogModuleManager: Shutting down and abandoning module SlateReflector (93)
[2015.12.23-02.17.17:484][521]LogModuleManager: Shutting down and abandoning module HotReload (92)
[2015.12.23-02.17.17:484][521]LogModuleManager: Shutting down and abandoning module MainFrame (91)
[2015.12.23-02.17.17:484][521]LogModuleManager: Shutting down and abandoning module LevelEditor (90)
[2015.12.23-02.17.17:485][521]LogModuleManager: Shutting down and abandoning module DirectoryWatcher (89)
[2015.12.23-02.17.17:485][521]LogModuleManager: Shutting down and abandoning module AssetRegistry (88)
[2015.12.23-02.17.17:572][521]LogModuleManager: Shutting down and abandoning module ContentBrowser (87)
[2015.12.23-02.17.17:573][521]LogModuleManager: Shutting down and abandoning module Paper2DEditor (86)
[2015.12.23-02.17.17:573][521]LogModuleManager: Shutting down and abandoning module UdpMessaging (85)
[2015.12.23-02.17.17:673][521]LogModuleManager: Shutting down and abandoning module LightPropagationVolumeRuntime (84)
[2015.12.23-02.17.17:673][521]LogModuleManager: Shutting down and abandoning module Paper2D (83)
[2015.12.23-02.17.17:673][521]LogModuleManager: Shutting down and abandoning module WindowsMoviePlayer (82)
[2015.12.23-02.17.17:678][521]LogModuleManager: Shutting down and abandoning module Media (81)
[2015.12.23-02.17.17:678][521]LogModuleManager: Shutting down and abandoning module WmfMedia (80)
[2015.12.23-02.17.17:678][521]LogModuleManager: Shutting down and abandoning module OnlineBlueprintSupport (79)
[2015.12.23-02.17.17:678][521]LogModuleManager: Shutting down and abandoning module GameplayTasksEditor (78)
[2015.12.23-02.17.17:678][521]LogModuleManager: Shutting down and abandoning module PropertyEditor (77)
[2015.12.23-02.17.17:678][521]LogModuleManager: Shutting down and abandoning module BehaviorTreeEditor (76)
[2015.12.23-02.17.17:678][521]LogModuleManager: Shutting down and abandoning module FunctionalTesting (75)
[2015.12.23-02.17.17:678][521]LogModuleManager: Shutting down and abandoning module CollisionAnalyzer (74)
[2015.12.23-02.17.17:678][521]LogModuleManager: Shutting down and abandoning module WorkspaceMenuStructure (73)
[2015.12.23-02.17.17:678][521]LogModuleManager: Shutting down and abandoning module MessageLog (72)
[2015.12.23-02.17.17:678][521]LogModuleManager: Shutting down and abandoning module Sequencer (71)
[2015.12.23-02.17.17:678][521]LogModuleManager: Shutting down and abandoning module AssetTools (70)
[2015.12.23-02.17.17:678][521]LogModuleManager: Shutting down and abandoning module UMGEditor (69)
[2015.12.23-02.17.17:678][521]LogModuleManager: Shutting down and abandoning module UMG (68)
[2015.12.23-02.17.17:678][521]LogModuleManager: Shutting down and abandoning module Slate (67)
[2015.12.23-02.17.17:678][521]LogModuleManager: Shutting down and abandoning module EditorStyle (66)
[2015.12.23-02.17.17:681][521]LogModuleManager: Shutting down and abandoning module SessionServices (65)
[2015.12.23-02.17.17:681][521]LogModuleManager: Shutting down and abandoning module SourceCodeAccess (64)
[2015.12.23-02.17.17:681][521]LogModuleManager: Shutting down and abandoning module HeadMountedDisplay (63)
[2015.12.23-02.17.17:681][521]LogModuleManager: Shutting down and abandoning module XAudio2 (62)
[2015.12.23-02.17.17:681][521]LogModuleManager: Shutting down and abandoning module Networking (60)
[2015.12.23-02.17.17:681][521]LogModuleManager: Shutting down and abandoning module Core (59)
[2015.12.23-02.17.17:681][521]LogModuleManager: Shutting down and abandoning module KismetCompiler (58)
[2015.12.23-02.17.17:681][521]LogModuleManager: Shutting down and abandoning module PhysXFormats (57)
[2015.12.23-02.17.17:681][521]LogModuleManager: Shutting down and abandoning module MeshUtilities (56)
[2015.12.23-02.17.17:681][521]LogModuleManager: Shutting down and abandoning module CookingStats (55)
[2015.12.23-02.17.17:683][521]LogModuleManager: Shutting down and abandoning module DerivedDataCache (54)
[2015.12.23-02.17.17:892][521]LogDerivedDataCache: Shutdown
[2015.12.23-02.17.17:892][521]LogModuleManager: Shutting down and abandoning module ShaderFormatOpenGL (53)
[2015.12.23-02.17.17:892][521]LogModuleManager: Shutting down and abandoning module ShaderFormatD3D (52)
[2015.12.23-02.17.17:892][521]LogModuleManager: Shutting down and abandoning module MetalShaderFormat (51)
[2015.12.23-02.17.17:892][521]LogModuleManager: Shutting down and abandoning module TextureFormatUncompressed (50)
[2015.12.23-02.17.17:892][521]LogModuleManager: Shutting down and abandoning module TextureFormatPVR (49)
[2015.12.23-02.17.17:892][521]LogModuleManager: Shutting down and abandoning module TextureFormatIntelISPCTexComp (48)
[2015.12.23-02.17.17:892][521]LogModuleManager: Shutting down and abandoning module TextureFormatDXT (47)
[2015.12.23-02.17.17:892][521]LogModuleManager: Shutting down and abandoning module ImageWrapper (46)
[2015.12.23-02.17.17:892][521]LogModuleManager: Shutting down and abandoning module TextureFormatASTC (45)
[2015.12.23-02.17.17:892][521]LogModuleManager: Shutting down and abandoning module TextureFormatAndroid (44)
[2015.12.23-02.17.17:892][521]LogModuleManager: Shutting down and abandoning module AudioFormatOpus (43)
[2015.12.23-02.17.17:892][521]LogModuleManager: Shutting down and abandoning module AudioFormatOgg (42)
[2015.12.23-02.17.17:892][521]LogModuleManager: Shutting down and abandoning module AudioFormatADPCM (41)
[2015.12.23-02.17.17:892][521]LogModuleManager: Shutting down and abandoning module LinuxTargetPlatform (40)
[2015.12.23-02.17.17:892][521]LogModuleManager: Shutting down and abandoning module LinuxServerTargetPlatform (39)
[2015.12.23-02.17.17:892][521]LogModuleManager: Shutting down and abandoning module LinuxNoEditorTargetPlatform (38)
[2015.12.23-02.17.17:892][521]LogModuleManager: Shutting down and abandoning module Messaging (37)
[2015.12.23-02.17.17:892][521]LogModuleManager: Shutting down and abandoning module IOSTargetPlatform (36)
[2015.12.23-02.17.17:892][521]LogModuleManager: Shutting down and abandoning module HTML5TargetPlatform (35)
[2015.12.23-02.17.17:892][521]LogModuleManager: Shutting down and abandoning module Android_PVRTCTargetPlatform (34)
[2015.12.23-02.17.17:893][521]LogModuleManager: Shutting down and abandoning module Android_ETC2TargetPlatform (33)
[2015.12.23-02.17.17:893][521]LogModuleManager: Shutting down and abandoning module Android_ETC1TargetPlatform (32)
[2015.12.23-02.17.17:893][521]LogModuleManager: Shutting down and abandoning module Android_DXTTargetPlatform (31)
[2015.12.23-02.17.17:893][521]LogModuleManager: Shutting down and abandoning module Android_ATCTargetPlatform (30)
[2015.12.23-02.17.17:893][521]LogModuleManager: Shutting down and abandoning module Android_ASTCTargetPlatform (29)
[2015.12.23-02.17.17:893][521]LogModuleManager: Shutting down and abandoning module AndroidTargetPlatform (28)
[2015.12.23-02.17.17:893][521]LogModuleManager: Shutting down and abandoning module WindowsTargetPlatform (27)
[2015.12.23-02.17.17:893][521]LogModuleManager: Shutting down and abandoning module WindowsServerTargetPlatform (26)
[2015.12.23-02.17.17:893][521]LogModuleManager: Shutting down and abandoning module WindowsNoEditorTargetPlatform (25)
[2015.12.23-02.17.17:893][521]LogModuleManager: Shutting down and abandoning module WindowsClientTargetPlatform (24)
[2015.12.23-02.17.17:893][521]LogModuleManager: Shutting down and abandoning module AllDesktopTargetPlatform (23)
[2015.12.23-02.17.17:893][521]LogModuleManager: Shutting down and abandoning module TargetPlatform (22)
[2015.12.23-02.17.17:893][521]LogModuleManager: Shutting down and abandoning module InputCore (21)
[2015.12.23-02.17.17:893][521]LogModuleManager: Shutting down and abandoning module Settings (20)
[2015.12.23-02.17.17:893][521]LogModuleManager: Shutting down and abandoning module OnlineSubsystem (18)
[2015.12.23-02.17.17:893][521]LogModuleManager: Shutting down and abandoning module HTTP (17)
[2015.12.23-02.17.19:897][521]LogModuleManager: Shutting down and abandoning module XMPP (16)
[2015.12.23-02.17.19:897][521]LogModuleManager: Shutting down and abandoning module ExampleDeviceProfileSelector (15)
[2015.12.23-02.17.19:897][521]LogModuleManager: Shutting down and abandoning module TextureCompressor (14)
[2015.12.23-02.17.19:897][521]LogModuleManager: Shutting down and abandoning module ShaderCore (13)
[2015.12.23-02.17.19:898][521]LogModuleManager: Shutting down and abandoning module Landscape (12)
[2015.12.23-02.17.19:898][521]LogModuleManager: Shutting down and abandoning module SlateRHIRenderer (11)
[2015.12.23-02.17.19:899][521]LogModuleManager: Shutting down and abandoning module OpenGLDrv (10)
[2015.12.23-02.17.19:899][521]LogModuleManager: Shutting down and abandoning module D3D11RHI (9)
[2015.12.23-02.17.19:899][521]LogModuleManager: Shutting down and abandoning module AnimGraphRuntime (8)
[2015.12.23-02.17.19:899][521]LogModuleManager: Shutting down and abandoning module Renderer (7)
[2015.12.23-02.17.19:899][521]LogModuleManager: Shutting down and abandoning module Engine (6)
[2015.12.23-02.17.19:899][521]LogModuleManager: Shutting down and abandoning module CoreUObject (5)
[2015.12.23-02.17.19:899][521]LogModuleManager: Shutting down and abandoning module NetworkFile (4)
[2015.12.23-02.17.19:899][521]LogModuleManager: Shutting down and abandoning module StreamingFile (3)
[2015.12.23-02.17.19:899][521]LogModuleManager: Shutting down and abandoning module SandboxFile (2)
[2015.12.23-02.17.19:899][521]LogModuleManager: Shutting down and abandoning module PakFile (1)
[2015.12.23-02.17.19:900][521]LogExit: Exiting.
[2015.12.23-02.17.19:902][521]Log file closed, 12/22/15 21:17:19
