[2015.10.28-05.50.24:963][  0]Log file open, 10/28/15 01:50:24
[2015.10.28-05.50.24:963][  0]LogInit:Display: Running engine for game: GDDHorrorGame
[2015.10.28-05.50.24:963][  0]LogInit:Display: RandInit(4803168) SRandInit(4803168).
[2015.10.28-05.50.24:963][  0]LogTaskGraph: Started task graph with 4 named threads and 7 total threads.
[2015.10.28-05.50.24:963][  0]LogStats: Stats thread started at 0.818901
[2015.10.28-05.50.24:963][  0]LogInit: Version: 4.9.2-2707645+++depot+UE4-Releases+4.9
[2015.10.28-05.50.24:963][  0]LogInit: API Version: 2672455
[2015.10.28-05.50.24:963][  0]LogInit: Compiled (64-bit): Sep 28 2015 10:25:44
[2015.10.28-05.50.24:963][  0]LogInit: Compiled with Visual C++: 18.00.21005.01
[2015.10.28-05.50.24:963][  0]LogInit: Build Configuration: Development
[2015.10.28-05.50.24:963][  0]LogInit: Branch Name: ++depot+UE4-Releases+4.9
[2015.10.28-05.50.24:963][  0]LogInit: Command line:  
[2015.10.28-05.50.24:963][  0]LogInit: Base directory: C:/Program Files/Epic Games/4.9/Engine/Binaries/Win64/
[2015.10.28-05.50.24:963][  0]LogInit: Rocket: 1
[2015.10.28-05.50.24:994][  0]LogInit: Using libcurl 7.41.0
[2015.10.28-05.50.24:994][  0]LogInit:  - built for x86_64-pc-win32
[2015.10.28-05.50.24:994][  0]LogInit:  - supports SSL with WinSSL
[2015.10.28-05.50.24:994][  0]LogInit:  - other features:
[2015.10.28-05.50.24:994][  0]LogInit:      CURL_VERSION_SSL
[2015.10.28-05.50.24:994][  0]LogInit:      CURL_VERSION_IPV6
[2015.10.28-05.50.24:994][  0]LogInit:      CURL_VERSION_ASYNCHDNS
[2015.10.28-05.50.24:994][  0]LogInit:      CURL_VERSION_LARGEFILE
[2015.10.28-05.50.24:994][  0]LogInit:      CURL_VERSION_IDN
[2015.10.28-05.50.24:994][  0]LogInit:  CurlRequestOptions (configurable via config and command line):
[2015.10.28-05.50.24:994][  0]LogInit:  - bVerifyPeer = true  - Libcurl will verify peer certificate
[2015.10.28-05.50.24:994][  0]LogInit:  - bUseHttpProxy = false  - Libcurl will NOT use HTTP proxy
[2015.10.28-05.50.24:994][  0]LogInit:  - bDontReuseConnections = false  - Libcurl will reuse connections
[2015.10.28-05.50.24:994][  0]LogInit:  - CertBundlePath = nullptr  - Libcurl will use whatever was configured at build time.
[2015.10.28-05.50.25:003][  0]LogInit: Presizing for 0 objects not considered by GC, pre-allocating 0 bytes.
[2015.10.28-05.50.25:011][  0]LogInit: Object subsystem initialized
[2015.10.28-05.50.25:013][  0]LogInit: Selected Device Profile: [Windows]
[2015.10.28-05.50.25:013][  0]LogInit: Applying CVar settings loaded from the selected device profile: [Windows]
[2015.10.28-05.50.26:177][  0]LogInit: Computer: DAKOTA-PC
[2015.10.28-05.50.26:177][  0]LogInit: User: Dakota
[2015.10.28-05.50.26:177][  0]LogInit: CPU Page size=4096, Cores=4
[2015.10.28-05.50.26:177][  0]LogInit: High frequency timer resolution =3.421376 MHz
[2015.10.28-05.50.26:177][  0]LogMemory: Memory total: Physical=16.0GB (16GB approx)
[2015.10.28-05.50.26:177][  0]LogMemory: Platform Memory Stats for Windows
[2015.10.28-05.50.26:177][  0]LogMemory: Process Physical Memory: 56.80 MB used, 56.80 MB peak
[2015.10.28-05.50.26:177][  0]LogMemory: Process Virtual Memory: 58.16 MB used, 58.16 MB peak
[2015.10.28-05.50.26:177][  0]LogMemory: Physical Memory: 5122.74 MB used, 16344.37 MB total
[2015.10.28-05.50.26:177][  0]LogMemory: Virtual Memory: 340.46 MB used, 8388608.00 MB total
[2015.10.28-05.50.26:260][  0]LogTextLocalizationManager: No specific translations for ('en-US') exist, so ('en') translations will be used.
[2015.10.28-05.50.28:061][  0]LogD3D11RHI: Found D3D11 adapter 0: NVIDIA GeForce GTX 680 (Feature Level 11_0)
[2015.10.28-05.50.28:061][  0]LogD3D11RHI: Adapter has 1990MB of dedicated video memory, 0MB of dedicated system memory, and 2048MB of shared system memory, 1 output[s]
[2015.10.28-05.50.28:061][  0]LogD3D11RHI: Chosen D3D11 Adapter Id = 0
[2015.10.28-05.50.28:069][  0]LogD3D11RHI: !Direct3DDevice
[2015.10.28-05.50.28:069][  0]LogRHI: Texture pool is 1361 MB (70% of 1945 MB)
[2015.10.28-05.50.28:081][  0]LogD3D11RHI: Async texture creation enabled
[2015.10.28-05.50.28:095][  0]LogShaderCompilers: Guid format shader working directory is 15 characters bigger than the processId version (F:/Year 3/Fall Semester/GDD II/Digital Game/DigitalHorrorGame/GDDHorrorGame/Intermediate/Shaders/WorkingDirectory/6664/).
[2015.10.28-05.50.28:097][  0]LogShaderCompilers: Cleaned the shader compiler working directory 'F:/Year 3/Fall Semester/GDD II/Digital Game/DigitalHorrorGame/GDDHorrorGame/Intermediate/Shaders/tmp/7B6437314E8871F982A163A735259BFA/'.
[2015.10.28-05.50.28:097][  0]LogShaderCompilers:Display: Using Local Shader Compiler.
[2015.10.28-05.50.30:797][  0]LogTemp:Display: Loaded TP AllDesktopTargetPlatform
[2015.10.28-05.50.30:808][  0]LogTemp:Display: Loaded TP WindowsClientTargetPlatform
[2015.10.28-05.50.30:818][  0]LogTemp:Display: Loaded TP WindowsNoEditorTargetPlatform
[2015.10.28-05.50.30:828][  0]LogTemp:Display: Loaded TP WindowsServerTargetPlatform
[2015.10.28-05.50.30:839][  0]LogTemp:Display: Loaded TP WindowsTargetPlatform
[2015.10.28-05.50.30:848][  0]LogTemp:Display: Loaded TP AndroidTargetPlatform
[2015.10.28-05.50.30:856][  0]LogTemp:Display: Loaded TP Android_ASTCTargetPlatform
[2015.10.28-05.50.30:864][  0]LogTemp:Display: Loaded TP Android_ATCTargetPlatform
[2015.10.28-05.50.30:874][  0]LogTemp:Display: Loaded TP Android_DXTTargetPlatform
[2015.10.28-05.50.30:883][  0]LogTemp:Display: Loaded TP Android_ETC1TargetPlatform
[2015.10.28-05.50.30:891][  0]LogTemp:Display: Loaded TP Android_ETC2TargetPlatform
[2015.10.28-05.50.30:901][  0]LogTemp:Display: Loaded TP Android_PVRTCTargetPlatform
[2015.10.28-05.50.30:904][  0]LogTemp:Display: Loaded TP HTML5TargetPlatform
[2015.10.28-05.50.30:926][  0]LogTemp:Display: Loaded TP IOSTargetPlatform
[2015.10.28-05.50.30:935][  0]LogTemp:Display: Loaded TP LinuxNoEditorTargetPlatform
[2015.10.28-05.50.30:945][  0]LogTemp:Display: Loaded TP LinuxServerTargetPlatform
[2015.10.28-05.50.30:954][  0]LogTemp:Display: Loaded TP LinuxTargetPlatform
[2015.10.28-05.50.30:954][  0]LogTargetPlatformManager:Display: Building Assets For Windows
[2015.10.28-05.50.31:774][  0]LogDerivedDataCache:Display: Max Cache Size: 512 MB
[2015.10.28-05.50.31:812][  0]LogDerivedDataCache: Loaded boot cache 0.04s 37MB C:/Users/Dakota/AppData/Local/UnrealEngine/4.9/DerivedDataCache/Boot.ddc.
[2015.10.28-05.50.31:812][  0]LogDerivedDataCache:Display: Loaded Boot cache: C:/Users/Dakota/AppData/Local/UnrealEngine/4.9/DerivedDataCache/Boot.ddc
[2015.10.28-05.50.31:813][  0]LogDerivedDataCache: FDerivedDataBackendGraph:  Pak pak cache file F:/Year 3/Fall Semester/GDD II/Digital Game/DigitalHorrorGame/GDDHorrorGame/DerivedDataCache/DDC.ddp not found, will not use a pak cache.
[2015.10.28-05.50.31:813][  0]LogDerivedDataCache: Unable to find inner node Pak for hierarchical cache Hierarchy.
[2015.10.28-05.50.31:813][  0]LogDerivedDataCache: FDerivedDataBackendGraph:  CompressedPak pak cache file F:/Year 3/Fall Semester/GDD II/Digital Game/DigitalHorrorGame/GDDHorrorGame/DerivedDataCache/Compressed.ddp not found, will not use a pak cache.
[2015.10.28-05.50.31:813][  0]LogDerivedDataCache: Unable to find inner node CompressedPak for hierarchical cache Hierarchy.
[2015.10.28-05.50.31:972][  0]LogDerivedDataCache:Display: Pak cache opened for reading ../../../Engine/DerivedDataCache/Compressed.ddp.
[2015.10.28-05.50.31:983][  0]LogDerivedDataCache: Using Local data cache path C:/Users/Dakota/AppData/Local/UnrealEngine/Common/DerivedDataCache: Writable
[2015.10.28-05.50.32:802][  0]LogInit: Selected Device Profile: [Windows]
[2015.10.28-05.50.32:802][  0]LogContentStreaming: Texture pool size is 0.000000MB
[2015.10.28-05.50.32:840][  0]LogMeshUtilities: No automatic mesh reduction module available
[2015.10.28-05.50.32:840][  0]LogMeshUtilities: No automatic mesh merging module available
[2015.10.28-05.50.33:216][  0]LogInit: WinSock: version 1.1 (2.2), MaxSocks=32767, MaxUdp=65467
[2015.10.28-05.50.34:723][  0]UdpMessaging: Initializing bridge on interface 0.0.0.0:0 to multicast group 230.0.0.1:6666.
[2015.10.28-05.50.34:827][  0]LogAssetRegistry: FAssetRegistry took 0.0097 seconds to start up
[2015.10.28-05.50.36:662][  0]SourceControl: Info Source control is disabled
[2015.10.28-05.50.36:663][  0]SourceControl: Info Source control is disabled
[2015.10.28-05.50.36:685][  0]SourceControl: Info Source control is disabled
[2015.10.28-05.50.36:706][  0]SourceControl: Info Source control is disabled
[2015.10.28-05.50.37:695][  0]LogLinker:Warning: Asset '../../../Engine/Plugins/Runtime/LeapMotionController/Content/LM_PassthroughMaterial.uasset' has been saved with empty engine version. The asset will be loaded but may be incompatible.
[2015.10.28-05.50.38:588][  0]LogObj: 28361 objects as part of root set at end of initial load.
[2015.10.28-05.50.38:588][  0]LogUObjectAllocator: 6038872 out of 0 bytes used by permanent object pool.
[2015.10.28-05.50.38:650][  0]LogEngine: Initializing Engine...
[2015.10.28-05.50.38:659][  0]LogHMD: Can't find Oculus library dev build: is proper Runtime installed? Version: 0.7.0.0
[2015.10.28-05.50.38:677][  0]LogHMD: SteamVR failed to initialize.  Err: 108
[2015.10.28-05.50.39:425][  0]LogAIModule: Creating AISystem for world NewWorld
[2015.10.28-05.50.39:453][  0]LogInit: XAudio2 using 'Speakers (Realtek High Definition Audio)' : 2 channels at 48 kHz using 32 bits per sample (channel mask 0x3)
[2015.10.28-05.50.39:474][  0]LogInit: FAudioDevice initialized.
[2015.10.28-05.50.39:492][  0]LogDerivedDataCache: Saved boot cache 0.02s 37MB C:/Users/Dakota/AppData/Local/UnrealEngine/4.9/DerivedDataCache/Boot.ddc.
[2015.10.28-05.50.39:495][  0]LogInit: Texture streaming: Enabled
[2015.10.28-05.50.39:506][  0]LogAnalytics: Creating configured Analytics provider AnalyticsET
[2015.10.28-05.50.39:506][  0]LogAnalytics: [UEEditor.Rocket.Release] APIServer = http://et2.epicgames.com/ET2/. AppVersion = 4.9.2-2707645+++depot+UE4-Releases+4.9
[2015.10.28-05.50.39:507][  0]LogAnalytics: [UEEditor.Rocket.Release] SetUserId 48493d424e48dbcbf0e59eb187b6b728|94ef35f5a50f483a91bb39f0bb183548|a8327c41-ff0b-4e56-953c-81f746c67fc9
[2015.10.28-05.50.39:507][  0]LogAnalytics: [UEEditor.Rocket.Release] AnalyticsET::StartSession
[2015.10.28-05.50.39:550][  0]LogInit: Transaction tracking system initialized
[2015.10.28-05.50.39:598][  0]BlueprintLog: New page: Editor Load
[2015.10.28-05.50.40:548][  0]LocalizationService: Info Localization service is disabled
[2015.10.28-05.50.40:695][  0]LogConsoleResponse:Display: 
[2015.10.28-05.50.41:467][  0]LogCook:Display: Done creating registry. It took  0.00s.
[2015.10.28-05.50.41:589][  0]LogFileCache: Scanning file cache for directory 'F:/Year 3/Fall Semester/GDD II/Digital Game/DigitalHorrorGame/GDDHorrorGame/Content/' took 0.73s
[2015.10.28-05.50.41:589][  0]SourceControl: Info Source control is disabled
[2015.10.28-05.50.41:589][  0]Cmd: MAP LOAD FILE="F:/Year 3/Fall Semester/GDD II/Digital Game/DigitalHorrorGame/GDDHorrorGame/Content/ThirdPersonBP/Maps/ThirdPersonExampleMap.umap" TEMPLATE=0 SHOWPROGRESS=1 FEATURELEVEL=3
[2015.10.28-05.50.41:592][  0]LightingResults: New page: Lighting Build
[2015.10.28-05.50.41:596][  0]MapCheck: New page: Map Check
[2015.10.28-05.50.41:596][  0]LightingResults: New page: Lighting Build
[2015.10.28-05.50.41:609][  0]LogParticles: Destroying 0 GPU particle simulations for FXSystem 0x00000000252B2160
[2015.10.28-05.50.41:639][  0]LogLinker:Warning: Asset 'F:/Year 3/Fall Semester/GDD II/Digital Game/DigitalHorrorGame/GDDHorrorGame/Content/Mannequin/Animations/ThirdPerson_Jump.uasset' has been saved with empty engine version. The asset will be loaded but may be incompatible.
[2015.10.28-05.50.41:645][  0]LogLinker:Warning: Asset 'F:/Year 3/Fall Semester/GDD II/Digital Game/DigitalHorrorGame/GDDHorrorGame/Content/Mannequin/Animations/ThirdPersonJump_Loop.uasset' has been saved with empty engine version. The asset will be loaded but may be incompatible.
[2015.10.28-05.50.41:650][  0]LogLinker:Warning: Asset 'F:/Year 3/Fall Semester/GDD II/Digital Game/DigitalHorrorGame/GDDHorrorGame/Content/Mannequin/Animations/ThirdPersonJump_Start.uasset' has been saved with empty engine version. The asset will be loaded but may be incompatible.
[2015.10.28-05.50.41:654][  0]LogLinker:Warning: Asset 'F:/Year 3/Fall Semester/GDD II/Digital Game/DigitalHorrorGame/GDDHorrorGame/Content/Mannequin/Animations/ThirdPerson_IdleRun_2D.uasset' has been saved with empty engine version. The asset will be loaded but may be incompatible.
[2015.10.28-05.50.41:656][  0]LogLinker:Warning: Asset 'F:/Year 3/Fall Semester/GDD II/Digital Game/DigitalHorrorGame/GDDHorrorGame/Content/Mannequin/Animations/ThirdPersonIdle.uasset' has been saved with empty engine version. The asset will be loaded but may be incompatible.
[2015.10.28-05.51.13:150][  0]LogAIModule: Creating AISystem for world ThirdPersonExampleMap
[2015.10.28-05.51.13:164][  0]LogPhysics:Warning: FConstraintInstance::GetRefFrame : Contained scale.
[2015.10.28-05.51.13:164][  0]LogPhysics:Warning: FConstraintInstance::GetRefFrame : Contained scale.
[2015.10.28-05.51.13:194][  0]LogEditorServer: Finished looking for orphan Actors (0.000 secs)
[2015.10.28-05.51.13:195][  0]Cmd: MAP CHECKDEP NOCLEARLOG
[2015.10.28-05.51.15:788][  0]MapCheck: Info Map check complete: 0 Error(s), 0 Warning(s), took 2,593.677ms to complete.
[2015.10.28-05.51.15:789][  0]LogFileHelpers: Loading map 'ThirdPersonExampleMap' took 34.199
[2015.10.28-05.51.15:900][  0]LogCollectionManager: Loaded 0 collections in 0.005850 seconds
[2015.10.28-05.51.15:964][  0]LogFileCache: Scanning file cache for directory 'F:/Year 3/Fall Semester/GDD II/Digital Game/DigitalHorrorGame/GDDHorrorGame/Saved/Collections/' took 0.01s
[2015.10.28-05.51.15:964][  0]LogFileCache: Scanning file cache for directory 'F:/Year 3/Fall Semester/GDD II/Digital Game/DigitalHorrorGame/GDDHorrorGame/Content/Developers/Dakota/Collections/' took 0.01s
[2015.10.28-05.51.15:964][  0]LogFileCache: Scanning file cache for directory 'F:/Year 3/Fall Semester/GDD II/Digital Game/DigitalHorrorGame/GDDHorrorGame/Content/Collections/' took 0.01s
[2015.10.28-05.51.15:964][  0]LogContentBrowser: Native class hierarchy populated in 0.0105 seconds. Added 1867 classes and 333 folders.
[2015.10.28-05.51.15:973][  0]LogCollectionManager: Rebuilt the GUID cache for 0 collections in 0.000002 seconds
[2015.10.28-05.51.15:982][  0]LogContentBrowser: Native class hierarchy updated for 'WidgetCarousel' in 0.0026 seconds. Added 0 classes and 0 folders.
[2015.10.28-05.51.16:082][  0]LogContentBrowser: Native class hierarchy updated for 'AddContentDialog' in 0.0031 seconds. Added 0 classes and 0 folders.
[2015.10.28-05.51.16:090][  0]LogContentBrowser: Native class hierarchy updated for 'SceneOutliner' in 0.0026 seconds. Added 1 classes and 2 folders.
[2015.10.28-05.51.16:121][  0]LogCrashTracker: Crashtracker disabled due to settings.
[2015.10.28-05.51.16:126][  0]LogUObjectGlobals:Warning: Failed to find object 'Class None.'
[2015.10.28-05.51.16:146][  0]LogLoad: Full Startup: 62.86 seconds (BP compile: 1.17 seconds)
[2015.10.28-05.51.17:306][  0]LogContentStreaming: Texture pool size now 1000 MB
[2015.10.28-05.51.17:414][  0]LogRenderer: Reallocating scene render targets to support 1200x564 (Frame:2).
[2015.10.28-05.51.21:553][ 11]LogAssetRegistry: Asset discovery search completed in 46.7350 seconds
[2015.10.28-05.51.21:553][ 11]LogCollectionManager: Rebuilt the object cache for 0 collections in 0.000001 seconds (found 0 objects)
[2015.10.28-05.51.21:553][ 11]LogCollectionManager: Fixed up redirectors for 0 collections in 0.000022 seconds (updated 0 objects)
[2015.10.28-05.51.34:941][769]LogBlueprintUserMessages: Early PlayInEditor Detection: Level '/Game/ThirdPersonBP/Maps/ThirdPersonExampleMap.ThirdPersonExampleMap:PersistentLevel' has LevelScriptBlueprint '/Game/ThirdPersonBP/Maps/ThirdPersonExampleMap.ThirdPersonExampleMap:PersistentLevel.ThirdPersonExampleMap' with GeneratedClass '/Game/ThirdPersonBP/Maps/ThirdPersonExampleMap.ThirdPersonExampleMap_C' with ClassGeneratedBy '/Game/ThirdPersonBP/Maps/ThirdPersonExampleMap.ThirdPersonExampleMap:PersistentLevel.ThirdPersonExampleMap'
[2015.10.28-05.51.34:941][769]LogPlayLevel: PlayLevel: No blueprints needed recompiling
[2015.10.28-05.51.34:941][769]PIE: New page: PIE session: ThirdPersonExampleMap (Oct 27, 2015, 9:51:34 PM)
[2015.10.28-05.51.34:941][769]LogPlayLevel: Creating play world package: /Game/ThirdPersonBP/Maps/UEDPIE_0_ThirdPersonExampleMap
[2015.10.28-05.51.35:098][769]LogPlayLevel: PIE: StaticDuplicateObject took: (0.156672s)
[2015.10.28-05.51.35:099][769]LogAIModule: Creating AISystem for world ThirdPersonExampleMap
[2015.10.28-05.51.35:099][769]LogPlayLevel: PIE: World Init took: (0.000931s)
[2015.10.28-05.51.35:100][769]LogPlayLevel: PIE: Created PIE world by copying editor world from /Game/ThirdPersonBP/Maps/ThirdPersonExampleMap.ThirdPersonExampleMap to /Game/ThirdPersonBP/Maps/UEDPIE_0_ThirdPersonExampleMap.ThirdPersonExampleMap (0.159046s)
[2015.10.28-05.51.35:202][769]LogInit: XAudio2 using 'Speakers (Realtek High Definition Audio)' : 2 channels at 48 kHz using 32 bits per sample (channel mask 0x3)
[2015.10.28-05.51.35:214][769]LogInit: FAudioDevice initialized.
[2015.10.28-05.51.35:950][769]LogWorld: Game class is 'NewGameMode_C'
[2015.10.28-05.51.36:782][769]LogPhysics:Warning: FConstraintInstance::GetRefFrame : Contained scale.
[2015.10.28-05.51.36:782][769]LogPhysics:Warning: FConstraintInstance::GetRefFrame : Contained scale.
[2015.10.28-05.51.36:821][769]LogWorld: Bringing World /Game/ThirdPersonBP/Maps/UEDPIE_0_ThirdPersonExampleMap.ThirdPersonExampleMap up for play (max tick rate 0) at 2015.10.28-01.51.36
[2015.10.28-05.51.36:821][769]LogActor:Warning: GameSession /Game/ThirdPersonBP/Maps/UEDPIE_0_ThirdPersonExampleMap.ThirdPersonExampleMap:PersistentLevel.GameSession_0 has natively added scene component(s), but none of them were set as the actor's RootComponent - picking one arbitrarily
[2015.10.28-05.51.36:822][769]LogActor:Warning: GameNetworkManager /Game/ThirdPersonBP/Maps/UEDPIE_0_ThirdPersonExampleMap.ThirdPersonExampleMap:PersistentLevel.GameNetworkManager_0 has natively added scene component(s), but none of them were set as the actor's RootComponent - picking one arbitrarily
[2015.10.28-05.51.36:825][769]LogWorld: Bringing up level for play took: 0.871994
[2015.10.28-05.51.36:834][769]PIE: Info Play in editor start time for /Game/ThirdPersonBP/Maps/UEDPIE_0_ThirdPersonExampleMap 2.849
[2015.10.28-05.51.36:834][769]LogBlueprintUserMessages: Late PlayInEditor Detection: Level '/Game/ThirdPersonBP/Maps/ThirdPersonExampleMap.ThirdPersonExampleMap:PersistentLevel' has LevelScriptBlueprint '/Game/ThirdPersonBP/Maps/ThirdPersonExampleMap.ThirdPersonExampleMap:PersistentLevel.ThirdPersonExampleMap' with GeneratedClass '/Game/ThirdPersonBP/Maps/ThirdPersonExampleMap.ThirdPersonExampleMap_C' with ClassGeneratedBy '/Game/ThirdPersonBP/Maps/ThirdPersonExampleMap.ThirdPersonExampleMap:PersistentLevel.ThirdPersonExampleMap'
[2015.10.28-05.51.37:737][788]LogScript:Warning: Accessed None 'Physics Handle'
	ThirdPersonCharacter_C /Game/ThirdPersonBP/Maps/UEDPIE_0_ThirdPersonExampleMap.ThirdPersonExampleMap:PersistentLevel.ThirdPersonCharacter_C_9
	Function /Game/ThirdPersonBP/Blueprints/ThirdPersonCharacter.ThirdPersonCharacter_C:ExecuteUbergraph_ThirdPersonCharacter:11D2
[2015.10.28-05.51.37:737][788]PIE:Error: Error Accessed None 'Physics Handle' from node Set Target Location and Rotation in graph 'EventGraph' in blueprint ThirdPersonCharacter
[2015.10.28-05.51.37:745][789]LogScript:Warning: Accessed None 'Physics Handle'
	ThirdPersonCharacter_C /Game/ThirdPersonBP/Maps/UEDPIE_0_ThirdPersonExampleMap.ThirdPersonExampleMap:PersistentLevel.ThirdPersonCharacter_C_9
	Function /Game/ThirdPersonBP/Blueprints/ThirdPersonCharacter.ThirdPersonCharacter_C:ExecuteUbergraph_ThirdPersonCharacter:11D2
[2015.10.28-05.51.37:745][789]PIE:Error: Error Accessed None 'Physics Handle' from node Set Target Location and Rotation in graph 'EventGraph' in blueprint ThirdPersonCharacter
[2015.10.28-05.51.37:753][790]LogScript:Warning: Accessed None 'Physics Handle'
	ThirdPersonCharacter_C /Game/ThirdPersonBP/Maps/UEDPIE_0_ThirdPersonExampleMap.ThirdPersonExampleMap:PersistentLevel.ThirdPersonCharacter_C_9
	Function /Game/ThirdPersonBP/Blueprints/ThirdPersonCharacter.ThirdPersonCharacter_C:ExecuteUbergraph_ThirdPersonCharacter:11D2
[2015.10.28-05.51.37:753][790]PIE:Error: Error Accessed None 'Physics Handle' from node Set Target Location and Rotation in graph 'EventGraph' in blueprint ThirdPersonCharacter
[2015.10.28-05.51.37:762][791]LogScript:Warning: Accessed None 'Physics Handle'
	ThirdPersonCharacter_C /Game/ThirdPersonBP/Maps/UEDPIE_0_ThirdPersonExampleMap.ThirdPersonExampleMap:PersistentLevel.ThirdPersonCharacter_C_9
	Function /Game/ThirdPersonBP/Blueprints/ThirdPersonCharacter.ThirdPersonCharacter_C:ExecuteUbergraph_ThirdPersonCharacter:11D2
[2015.10.28-05.51.37:762][791]PIE:Error: Error Accessed None 'Physics Handle' from node Set Target Location and Rotation in graph 'EventGraph' in blueprint ThirdPersonCharacter
[2015.10.28-05.51.37:770][792]LogScript:Warning: Accessed None 'Physics Handle'
	ThirdPersonCharacter_C /Game/ThirdPersonBP/Maps/UEDPIE_0_ThirdPersonExampleMap.ThirdPersonExampleMap:PersistentLevel.ThirdPersonCharacter_C_9
	Function /Game/ThirdPersonBP/Blueprints/ThirdPersonCharacter.ThirdPersonCharacter_C:ExecuteUbergraph_ThirdPersonCharacter:11D2
[2015.10.28-05.51.37:770][792]PIE:Error: Error Accessed None 'Physics Handle' from node Set Target Location and Rotation in graph 'EventGraph' in blueprint ThirdPersonCharacter
[2015.10.28-05.51.38:494][793]LogScript:Warning: Accessed None 'Physics Handle'
	ThirdPersonCharacter_C /Game/ThirdPersonBP/Maps/UEDPIE_0_ThirdPersonExampleMap.ThirdPersonExampleMap:PersistentLevel.ThirdPersonCharacter_C_9
	Function /Game/ThirdPersonBP/Blueprints/ThirdPersonCharacter.ThirdPersonCharacter_C:ExecuteUbergraph_ThirdPersonCharacter:0FB4
[2015.10.28-05.51.38:494][793]PIE:Error: Error Accessed None 'Physics Handle' from node Release Component in graph 'EventGraph' in blueprint ThirdPersonCharacter
[2015.10.28-05.51.38:494][793]LogScript:Warning: Accessed None 'Physics Object'
	ThirdPersonCharacter_C /Game/ThirdPersonBP/Maps/UEDPIE_0_ThirdPersonExampleMap.ThirdPersonExampleMap:PersistentLevel.ThirdPersonCharacter_C_9
	Function /Game/ThirdPersonBP/Blueprints/ThirdPersonCharacter.ThirdPersonCharacter_C:ExecuteUbergraph_ThirdPersonCharacter:101A
[2015.10.28-05.51.38:494][793]PIE:Error: Error Accessed None 'Physics Object' from node Set Collision Response to Channel in graph 'EventGraph' in blueprint ThirdPersonCharacter
[2015.10.28-05.51.40:047][979]LogScript:Warning: Accessed None 'Physics Handle'
	ThirdPersonCharacter_C /Game/ThirdPersonBP/Maps/UEDPIE_0_ThirdPersonExampleMap.ThirdPersonExampleMap:PersistentLevel.ThirdPersonCharacter_C_9
	Function /Game/ThirdPersonBP/Blueprints/ThirdPersonCharacter.ThirdPersonCharacter_C:ExecuteUbergraph_ThirdPersonCharacter:11D2
[2015.10.28-05.51.40:047][979]PIE:Error: Error Accessed None 'Physics Handle' from node Set Target Location and Rotation in graph 'EventGraph' in blueprint ThirdPersonCharacter
[2015.10.28-05.51.40:054][980]LogScript:Warning: Accessed None 'Physics Handle'
	ThirdPersonCharacter_C /Game/ThirdPersonBP/Maps/UEDPIE_0_ThirdPersonExampleMap.ThirdPersonExampleMap:PersistentLevel.ThirdPersonCharacter_C_9
	Function /Game/ThirdPersonBP/Blueprints/ThirdPersonCharacter.ThirdPersonCharacter_C:ExecuteUbergraph_ThirdPersonCharacter:11D2
[2015.10.28-05.51.40:054][980]PIE:Error: Error Accessed None 'Physics Handle' from node Set Target Location and Rotation in graph 'EventGraph' in blueprint ThirdPersonCharacter
[2015.10.28-05.51.40:062][981]LogScript:Warning: Accessed None 'Physics Handle'
	ThirdPersonCharacter_C /Game/ThirdPersonBP/Maps/UEDPIE_0_ThirdPersonExampleMap.ThirdPersonExampleMap:PersistentLevel.ThirdPersonCharacter_C_9
	Function /Game/ThirdPersonBP/Blueprints/ThirdPersonCharacter.ThirdPersonCharacter_C:ExecuteUbergraph_ThirdPersonCharacter:11D2
[2015.10.28-05.51.40:062][981]PIE:Error: Error Accessed None 'Physics Handle' from node Set Target Location and Rotation in graph 'EventGraph' in blueprint ThirdPersonCharacter
[2015.10.28-05.51.40:071][982]LogScript:Warning: Accessed None 'Physics Handle'
	ThirdPersonCharacter_C /Game/ThirdPersonBP/Maps/UEDPIE_0_ThirdPersonExampleMap.ThirdPersonExampleMap:PersistentLevel.ThirdPersonCharacter_C_9
	Function /Game/ThirdPersonBP/Blueprints/ThirdPersonCharacter.ThirdPersonCharacter_C:ExecuteUbergraph_ThirdPersonCharacter:11D2
[2015.10.28-05.51.40:071][982]PIE:Error: Error Accessed None 'Physics Handle' from node Set Target Location and Rotation in graph 'EventGraph' in blueprint ThirdPersonCharacter
[2015.10.28-05.51.40:079][983]LogScript:Warning: Accessed None 'Physics Handle'
	ThirdPersonCharacter_C /Game/ThirdPersonBP/Maps/UEDPIE_0_ThirdPersonExampleMap.ThirdPersonExampleMap:PersistentLevel.ThirdPersonCharacter_C_9
	Function /Game/ThirdPersonBP/Blueprints/ThirdPersonCharacter.ThirdPersonCharacter_C:ExecuteUbergraph_ThirdPersonCharacter:11D2
[2015.10.28-05.51.40:079][983]PIE:Error: Error Accessed None 'Physics Handle' from node Set Target Location and Rotation in graph 'EventGraph' in blueprint ThirdPersonCharacter
[2015.10.28-05.51.40:087][984]LogScript:Warning: Accessed None 'Physics Handle'
	ThirdPersonCharacter_C /Game/ThirdPersonBP/Maps/UEDPIE_0_ThirdPersonExampleMap.ThirdPersonExampleMap:PersistentLevel.ThirdPersonCharacter_C_9
	Function /Game/ThirdPersonBP/Blueprints/ThirdPersonCharacter.ThirdPersonCharacter_C:ExecuteUbergraph_ThirdPersonCharacter:11D2
[2015.10.28-05.51.40:087][984]PIE:Error: Error Accessed None 'Physics Handle' from node Set Target Location and Rotation in graph 'EventGraph' in blueprint ThirdPersonCharacter
[2015.10.28-05.51.40:095][985]LogScript:Warning: Accessed None 'Physics Handle'
	ThirdPersonCharacter_C /Game/ThirdPersonBP/Maps/UEDPIE_0_ThirdPersonExampleMap.ThirdPersonExampleMap:PersistentLevel.ThirdPersonCharacter_C_9
	Function /Game/ThirdPersonBP/Blueprints/ThirdPersonCharacter.ThirdPersonCharacter_C:ExecuteUbergraph_ThirdPersonCharacter:11D2
[2015.10.28-05.51.40:096][985]PIE:Error: Error Accessed None 'Physics Handle' from node Set Target Location and Rotation in graph 'EventGraph' in blueprint ThirdPersonCharacter
[2015.10.28-05.51.40:104][986]LogScript:Warning: Accessed None 'Physics Handle'
	ThirdPersonCharacter_C /Game/ThirdPersonBP/Maps/UEDPIE_0_ThirdPersonExampleMap.ThirdPersonExampleMap:PersistentLevel.ThirdPersonCharacter_C_9
	Function /Game/ThirdPersonBP/Blueprints/ThirdPersonCharacter.ThirdPersonCharacter_C:ExecuteUbergraph_ThirdPersonCharacter:11D2
[2015.10.28-05.51.40:105][986]PIE:Error: Error Accessed None 'Physics Handle' from node Set Target Location and Rotation in graph 'EventGraph' in blueprint ThirdPersonCharacter
[2015.10.28-05.51.40:112][987]LogScript:Warning: Accessed None 'Physics Handle'
	ThirdPersonCharacter_C /Game/ThirdPersonBP/Maps/UEDPIE_0_ThirdPersonExampleMap.ThirdPersonExampleMap:PersistentLevel.ThirdPersonCharacter_C_9
	Function /Game/ThirdPersonBP/Blueprints/ThirdPersonCharacter.ThirdPersonCharacter_C:ExecuteUbergraph_ThirdPersonCharacter:11D2
[2015.10.28-05.51.40:112][987]PIE:Error: Error Accessed None 'Physics Handle' from node Set Target Location and Rotation in graph 'EventGraph' in blueprint ThirdPersonCharacter
[2015.10.28-05.51.40:121][988]LogScript:Warning: Accessed None 'Physics Handle'
	ThirdPersonCharacter_C /Game/ThirdPersonBP/Maps/UEDPIE_0_ThirdPersonExampleMap.ThirdPersonExampleMap:PersistentLevel.ThirdPersonCharacter_C_9
	Function /Game/ThirdPersonBP/Blueprints/ThirdPersonCharacter.ThirdPersonCharacter_C:ExecuteUbergraph_ThirdPersonCharacter:11D2
[2015.10.28-05.51.40:121][988]PIE:Error: Error Accessed None 'Physics Handle' from node Set Target Location and Rotation in graph 'EventGraph' in blueprint ThirdPersonCharacter
[2015.10.28-05.51.40:129][989]PIE:Error: Error Accessed None 'Physics Handle' from node Set Target Location and Rotation in graph 'EventGraph' in blueprint ThirdPersonCharacter
[2015.10.28-05.51.40:138][990]PIE:Error: Error Accessed None 'Physics Handle' from node Release Component in graph 'EventGraph' in blueprint ThirdPersonCharacter
[2015.10.28-05.51.40:138][990]PIE:Error: Error Accessed None 'Physics Object' from node Set Collision Response to Channel in graph 'EventGraph' in blueprint ThirdPersonCharacter
[2015.10.28-05.51.45:931][527]LogBlueprintUserMessages: Early EndPlayMap Detection: Level '/Game/ThirdPersonBP/Maps/ThirdPersonExampleMap.ThirdPersonExampleMap:PersistentLevel' has LevelScriptBlueprint '/Game/ThirdPersonBP/Maps/ThirdPersonExampleMap.ThirdPersonExampleMap:PersistentLevel.ThirdPersonExampleMap' with GeneratedClass '/Game/ThirdPersonBP/Maps/ThirdPersonExampleMap.ThirdPersonExampleMap_C' with ClassGeneratedBy '/Game/ThirdPersonBP/Maps/ThirdPersonExampleMap.ThirdPersonExampleMap:PersistentLevel.ThirdPersonExampleMap'
[2015.10.28-05.51.45:972][527]LogBlueprintUserMessages: Late EndPlayMap Detection: Level '/Game/ThirdPersonBP/Maps/ThirdPersonExampleMap.ThirdPersonExampleMap:PersistentLevel' has LevelScriptBlueprint '/Game/ThirdPersonBP/Maps/ThirdPersonExampleMap.ThirdPersonExampleMap:PersistentLevel.ThirdPersonExampleMap' with GeneratedClass '/Game/ThirdPersonBP/Maps/ThirdPersonExampleMap.ThirdPersonExampleMap_C' with ClassGeneratedBy '/Game/ThirdPersonBP/Maps/ThirdPersonExampleMap.ThirdPersonExampleMap:PersistentLevel.ThirdPersonExampleMap'
[2015.10.28-05.51.45:992][527]LogParticles: Destroying 0 GPU particle simulations for FXSystem 0x0000000063B9BA60
[2015.10.28-05.52.07:817][642]LogLinker:Warning: Asset '../../../Engine/Content/ArtTools/RenderToTexture/Macros/RenderToTextureMacros.uasset' has been saved with empty engine version. The asset will be loaded but may be incompatible.
[2015.10.28-05.52.08:973][642]LogContentBrowser: Native class hierarchy updated for 'BlueprintGraph' in 0.0028 seconds. Added 107 classes and 0 folders.
[2015.10.28-05.52.23:769][636]LogEditorTransaction: Undo Move Node
[2015.10.28-05.52.24:180][636]LogActorComponent: UnregisterComponent: (/Engine/Transient.CharMoveComp) Not registered. Aborting.
[2015.10.28-06.00.15:698][137]LogAssetTools:Warning: Failed to import 'C:\Users\Dakota\Desktop\ThirdPersonCharacter backup\ThirdPersonCharacter - Copy.uasset'. Unknown extension 'uasset'.
[2015.10.28-06.03.53:016][214]LogBlueprintUserMessages: CustomizeDetails for Blueprint 'ThirdPersonCharacter', cached variable property's owner is '/Game/ThirdPersonBP/Blueprints/ThirdPersonCharacter.SKEL_ThirdPersonCharacter_C'
[2015.10.28-06.04.08:540][816]LogActorComponent: UnregisterComponent: (/Engine/Transient.CharacterMovementComponent_0) Not registered. Aborting.
[2015.10.28-06.04.08:691][816]LogBlueprintUserMessages: CustomizeDetails for Blueprint 'ThirdPersonCharacter', cached variable property's owner is '/Game/ThirdPersonBP/Blueprints/ThirdPersonCharacter.SKEL_ThirdPersonCharacter_C'
[2015.10.28-06.04.10:312][940]LogBlueprintUserMessages: CustomizeDetails for Blueprint 'ThirdPersonCharacter', cached variable property's owner is '/Game/ThirdPersonBP/Blueprints/ThirdPersonCharacter.SKEL_ThirdPersonCharacter_C'
[2015.10.28-06.04.20:638][ 15]LogActorComponent: UnregisterComponent: (/Engine/Transient.CharacterMovementComponent_1) Not registered. Aborting.
[2015.10.28-06.04.20:658][ 15]LogBlueprintUserMessages: PostEditorRefresh for Blueprint 'ThirdPersonCharacter', cached variable property's owner is '/Game/ThirdPersonBP/Blueprints/ThirdPersonCharacter.SKEL_ThirdPersonCharacter_C'
[2015.10.28-06.04.20:777][ 15]LogBlueprintUserMessages: CustomizeDetails for Blueprint 'ThirdPersonCharacter', cached variable property's owner is '/Game/ThirdPersonBP/Blueprints/ThirdPersonCharacter.SKEL_ThirdPersonCharacter_C'
[2015.10.28-06.04.22:644][196]LogBlueprintUserMessages: CustomizeDetails for Blueprint 'ThirdPersonCharacter', cached variable property's owner is '/Game/ThirdPersonBP/Blueprints/ThirdPersonCharacter.SKEL_ThirdPersonCharacter_C'
[2015.10.28-06.04.22:716][201]LogBlueprintUserMessages: CustomizeDetails for Blueprint 'ThirdPersonCharacter', cached variable property's owner is '/Game/ThirdPersonBP/Blueprints/ThirdPersonCharacter.SKEL_ThirdPersonCharacter_C'
[2015.10.28-06.04.46:450][568]LogBlueprintUserMessages: CustomizeDetails for Blueprint 'ThirdPersonCharacter', cached variable property's owner is '/Game/ThirdPersonBP/Blueprints/ThirdPersonCharacter.SKEL_ThirdPersonCharacter_C'
[2015.10.28-06.05.08:795][850]LogBlueprintUserMessages: CustomizeDetails for Blueprint 'ThirdPersonCharacter', cached variable property's owner is '/Game/ThirdPersonBP/Blueprints/ThirdPersonCharacter.SKEL_ThirdPersonCharacter_C'
[2015.10.28-06.05.20:058][985]LogBlueprintUserMessages: CustomizeDetails for Blueprint 'ThirdPersonCharacter', cached variable property's owner is '/Game/ThirdPersonBP/Blueprints/ThirdPersonCharacter.SKEL_ThirdPersonCharacter_C'
[2015.10.28-06.05.46:700][713]LogBlueprintUserMessages: CustomizeDetails for Blueprint 'ThirdPersonCharacter', cached variable property's owner is '/Game/ThirdPersonBP/Blueprints/ThirdPersonCharacter.SKEL_ThirdPersonCharacter_C'
[2015.10.28-06.05.54:510][464]LogBlueprintUserMessages: CustomizeDetails for Blueprint 'ThirdPersonCharacter', cached variable property's owner is '/Game/ThirdPersonBP/Blueprints/ThirdPersonCharacter.SKEL_ThirdPersonCharacter_C'
[2015.10.28-06.05.59:783][949]LogBlueprintUserMessages: CustomizeDetails for Blueprint 'ThirdPersonCharacter', cached variable property's owner is '/Game/ThirdPersonBP/Blueprints/ThirdPersonCharacter.SKEL_ThirdPersonCharacter_C'
[2015.10.28-06.06.13:645][159]LogProperty:Warning: ObjectProperty /Script/Engine.EdGraphPin:LinkedTo.LinkedTo: unresolved reference to 'EdGraphPin'K2Node_CallFunction_3857.EdGraphPin_54947''
[2015.10.28-06.06.13:645][159]LogProperty:Warning: ObjectProperty /Script/Engine.EdGraphPin:LinkedTo.LinkedTo: unresolved reference to 'EdGraphPin'K2Node_VariableSet_801.EdGraphPin_55023''
[2015.10.28-06.06.13:646][159]LogProperty:Warning: ObjectProperty /Script/Engine.EdGraphPin:LinkedTo.LinkedTo: unresolved reference to 'EdGraphPin'K2Node_CallFunction_3986.EdGraphPin_55996''
[2015.10.28-06.06.13:646][159]LogProperty:Warning: ObjectProperty /Script/Engine.EdGraphPin:LinkedTo.LinkedTo: unresolved reference to 'EdGraphPin'K2Node_CallFunction_3986.EdGraphPin_55998''
[2015.10.28-06.06.13:646][159]LogProperty:Warning: ObjectProperty /Script/Engine.EdGraphPin:LinkedTo.LinkedTo: unresolved reference to 'EdGraphPin'K2Node_CallFunction_3987.EdGraphPin_56008''
[2015.10.28-06.06.13:647][159]LogProperty:Warning: ObjectProperty /Script/Engine.EdGraphPin:LinkedTo.LinkedTo: unresolved reference to 'EdGraphPin'K2Node_CallFunction_3987.EdGraphPin_56006''
[2015.10.28-06.07.03:304][956]BlueprintLog: New page: Compile ThirdPersonCharacter
[2015.10.28-06.07.06:545][956]LogActorComponent: UnregisterComponent: (/Engine/Transient.CharacterMovementComponent_2) Not registered. Aborting.
[2015.10.28-06.07.06:626][956]BlueprintEditorCompileResults: Info [1013.33] Compile of ThirdPersonCharacter successful! [in 3,320 ms]
[2015.10.28-06.07.17:809][368]LogSavePackage: Save=1487.612915ms
[2015.10.28-06.07.17:810][368]LogSavePackage: Moving 'F:/Year 3/Fall Semester/GDD II/Digital Game/DigitalHorrorGame/GDDHorrorGame/Saved/ThirdPersonCharacterFE08A6C5489A3F802837978D4F70F838.tmp' to 'F:/Year 3/Fall Semester/GDD II/Digital Game/DigitalHorrorGame/GDDHorrorGame/Content/ThirdPersonBP/Blueprints/ThirdPersonCharacter.uasset'
[2015.10.28-06.07.17:870][368]LogSavePackage: Total save time: 2029.297862ms
[2015.10.28-06.07.17:870][368]LogSavePackage:Warning: Finished SavePackage F:/Year 3/Fall Semester/GDD II/Digital Game/DigitalHorrorGame/GDDHorrorGame/Content/ThirdPersonBP/Blueprints/ThirdPersonCharacter.uasset
[2015.10.28-06.07.21:534][608]LogBlueprintUserMessages: Early PlayInEditor Detection: Level '/Game/ThirdPersonBP/Maps/ThirdPersonExampleMap.ThirdPersonExampleMap:PersistentLevel' has LevelScriptBlueprint '/Game/ThirdPersonBP/Maps/ThirdPersonExampleMap.ThirdPersonExampleMap:PersistentLevel.ThirdPersonExampleMap' with GeneratedClass '/Game/ThirdPersonBP/Maps/ThirdPersonExampleMap.ThirdPersonExampleMap_C' with ClassGeneratedBy '/Game/ThirdPersonBP/Maps/ThirdPersonExampleMap.ThirdPersonExampleMap:PersistentLevel.ThirdPersonExampleMap'
[2015.10.28-06.07.21:534][608]LogPlayLevel: PlayLevel: No blueprints needed recompiling
[2015.10.28-06.07.21:535][608]PIE: New page: PIE session: ThirdPersonExampleMap (Oct 27, 2015, 10:07:21 PM)
[2015.10.28-06.07.21:535][608]LogPlayLevel: Creating play world package: /Game/ThirdPersonBP/Maps/UEDPIE_0_ThirdPersonExampleMap
[2015.10.28-06.07.21:697][608]LogPlayLevel: PIE: StaticDuplicateObject took: (0.162565s)
[2015.10.28-06.07.21:698][608]LogAIModule: Creating AISystem for world ThirdPersonExampleMap
[2015.10.28-06.07.21:699][608]LogPlayLevel: PIE: World Init took: (0.001363s)
[2015.10.28-06.07.21:699][608]LogPlayLevel: PIE: Created PIE world by copying editor world from /Game/ThirdPersonBP/Maps/ThirdPersonExampleMap.ThirdPersonExampleMap to /Game/ThirdPersonBP/Maps/UEDPIE_0_ThirdPersonExampleMap.ThirdPersonExampleMap (0.164326s)
[2015.10.28-06.07.21:699][608]LogActorComponent: UnregisterComponent: (/Engine/Transient.CharMoveComp) Not registered. Aborting.
[2015.10.28-06.07.21:751][608]LogInit: XAudio2 using 'Speakers (Realtek High Definition Audio)' : 2 channels at 48 kHz using 32 bits per sample (channel mask 0x3)
[2015.10.28-06.07.21:761][608]LogInit: FAudioDevice initialized.
[2015.10.28-06.07.22:489][608]LogWorld: Game class is 'NewGameMode_C'
[2015.10.28-06.07.22:624][608]LogPhysics:Warning: FConstraintInstance::GetRefFrame : Contained scale.
[2015.10.28-06.07.22:624][608]LogPhysics:Warning: FConstraintInstance::GetRefFrame : Contained scale.
[2015.10.28-06.07.22:665][608]LogWorld: Bringing World /Game/ThirdPersonBP/Maps/UEDPIE_0_ThirdPersonExampleMap.ThirdPersonExampleMap up for play (max tick rate 0) at 2015.10.28-02.07.22
[2015.10.28-06.07.22:665][608]LogActor:Warning: GameSession /Game/ThirdPersonBP/Maps/UEDPIE_0_ThirdPersonExampleMap.ThirdPersonExampleMap:PersistentLevel.GameSession_1 has natively added scene component(s), but none of them were set as the actor's RootComponent - picking one arbitrarily
[2015.10.28-06.07.22:667][608]LogActor:Warning: GameNetworkManager /Game/ThirdPersonBP/Maps/UEDPIE_0_ThirdPersonExampleMap.ThirdPersonExampleMap:PersistentLevel.GameNetworkManager_1 has natively added scene component(s), but none of them were set as the actor's RootComponent - picking one arbitrarily
[2015.10.28-06.07.22:670][608]LogWorld: Bringing up level for play took: 0.178234
[2015.10.28-06.07.22:677][608]PIE: Info Play in editor start time for /Game/ThirdPersonBP/Maps/UEDPIE_0_ThirdPersonExampleMap 0.679
[2015.10.28-06.07.22:677][608]LogBlueprintUserMessages: Late PlayInEditor Detection: Level '/Game/ThirdPersonBP/Maps/ThirdPersonExampleMap.ThirdPersonExampleMap:PersistentLevel' has LevelScriptBlueprint '/Game/ThirdPersonBP/Maps/ThirdPersonExampleMap.ThirdPersonExampleMap:PersistentLevel.ThirdPersonExampleMap' with GeneratedClass '/Game/ThirdPersonBP/Maps/ThirdPersonExampleMap.ThirdPersonExampleMap_C' with ClassGeneratedBy '/Game/ThirdPersonBP/Maps/ThirdPersonExampleMap.ThirdPersonExampleMap:PersistentLevel.ThirdPersonExampleMap'
[2015.10.28-06.07.23:205][663]LogScript:Warning: Accessed None 'Physics Handle'
	ThirdPersonCharacter_C /Game/ThirdPersonBP/Maps/UEDPIE_0_ThirdPersonExampleMap.ThirdPersonExampleMap:PersistentLevel.ThirdPersonCharacter_C_0
	Function /Game/ThirdPersonBP/Blueprints/ThirdPersonCharacter.ThirdPersonCharacter_C:ExecuteUbergraph_ThirdPersonCharacter:1340
[2015.10.28-06.07.23:205][663]PIE:Error: Error Accessed None 'Physics Handle' from node Set Target Location and Rotation in graph 'EventGraph' in blueprint ThirdPersonCharacter
[2015.10.28-06.07.23:213][664]LogScript:Warning: Accessed None 'Physics Handle'
	ThirdPersonCharacter_C /Game/ThirdPersonBP/Maps/UEDPIE_0_ThirdPersonExampleMap.ThirdPersonExampleMap:PersistentLevel.ThirdPersonCharacter_C_0
	Function /Game/ThirdPersonBP/Blueprints/ThirdPersonCharacter.ThirdPersonCharacter_C:ExecuteUbergraph_ThirdPersonCharacter:1340
[2015.10.28-06.07.23:214][664]PIE:Error: Error Accessed None 'Physics Handle' from node Set Target Location and Rotation in graph 'EventGraph' in blueprint ThirdPersonCharacter
[2015.10.28-06.07.23:222][665]LogScript:Warning: Accessed None 'Physics Handle'
	ThirdPersonCharacter_C /Game/ThirdPersonBP/Maps/UEDPIE_0_ThirdPersonExampleMap.ThirdPersonExampleMap:PersistentLevel.ThirdPersonCharacter_C_0
	Function /Game/ThirdPersonBP/Blueprints/ThirdPersonCharacter.ThirdPersonCharacter_C:ExecuteUbergraph_ThirdPersonCharacter:1340
[2015.10.28-06.07.23:222][665]PIE:Error: Error Accessed None 'Physics Handle' from node Set Target Location and Rotation in graph 'EventGraph' in blueprint ThirdPersonCharacter
[2015.10.28-06.07.23:231][666]LogScript:Warning: Accessed None 'Physics Handle'
	ThirdPersonCharacter_C /Game/ThirdPersonBP/Maps/UEDPIE_0_ThirdPersonExampleMap.ThirdPersonExampleMap:PersistentLevel.ThirdPersonCharacter_C_0
	Function /Game/ThirdPersonBP/Blueprints/ThirdPersonCharacter.ThirdPersonCharacter_C:ExecuteUbergraph_ThirdPersonCharacter:1340
[2015.10.28-06.07.23:231][666]PIE:Error: Error Accessed None 'Physics Handle' from node Set Target Location and Rotation in graph 'EventGraph' in blueprint ThirdPersonCharacter
[2015.10.28-06.07.23:241][667]LogScript:Warning: Accessed None 'Physics Handle'
	ThirdPersonCharacter_C /Game/ThirdPersonBP/Maps/UEDPIE_0_ThirdPersonExampleMap.ThirdPersonExampleMap:PersistentLevel.ThirdPersonCharacter_C_0
	Function /Game/ThirdPersonBP/Blueprints/ThirdPersonCharacter.ThirdPersonCharacter_C:ExecuteUbergraph_ThirdPersonCharacter:1340
[2015.10.28-06.07.23:241][667]PIE:Error: Error Accessed None 'Physics Handle' from node Set Target Location and Rotation in graph 'EventGraph' in blueprint ThirdPersonCharacter
[2015.10.28-06.07.23:251][668]LogScript:Warning: Accessed None 'Physics Handle'
	ThirdPersonCharacter_C /Game/ThirdPersonBP/Maps/UEDPIE_0_ThirdPersonExampleMap.ThirdPersonExampleMap:PersistentLevel.ThirdPersonCharacter_C_0
	Function /Game/ThirdPersonBP/Blueprints/ThirdPersonCharacter.ThirdPersonCharacter_C:ExecuteUbergraph_ThirdPersonCharacter:1340
[2015.10.28-06.07.23:251][668]PIE:Error: Error Accessed None 'Physics Handle' from node Set Target Location and Rotation in graph 'EventGraph' in blueprint ThirdPersonCharacter
[2015.10.28-06.07.23:262][669]LogScript:Warning: Accessed None 'Physics Handle'
	ThirdPersonCharacter_C /Game/ThirdPersonBP/Maps/UEDPIE_0_ThirdPersonExampleMap.ThirdPersonExampleMap:PersistentLevel.ThirdPersonCharacter_C_0
	Function /Game/ThirdPersonBP/Blueprints/ThirdPersonCharacter.ThirdPersonCharacter_C:ExecuteUbergraph_ThirdPersonCharacter:1340
[2015.10.28-06.07.23:262][669]PIE:Error: Error Accessed None 'Physics Handle' from node Set Target Location and Rotation in graph 'EventGraph' in blueprint ThirdPersonCharacter
[2015.10.28-06.07.23:270][670]LogScript:Warning: Accessed None 'Physics Handle'
	ThirdPersonCharacter_C /Game/ThirdPersonBP/Maps/UEDPIE_0_ThirdPersonExampleMap.ThirdPersonExampleMap:PersistentLevel.ThirdPersonCharacter_C_0
	Function /Game/ThirdPersonBP/Blueprints/ThirdPersonCharacter.ThirdPersonCharacter_C:ExecuteUbergraph_ThirdPersonCharacter:1340
[2015.10.28-06.07.23:270][670]PIE:Error: Error Accessed None 'Physics Handle' from node Set Target Location and Rotation in graph 'EventGraph' in blueprint ThirdPersonCharacter
[2015.10.28-06.07.23:279][671]LogScript:Warning: Accessed None 'Physics Handle'
	ThirdPersonCharacter_C /Game/ThirdPersonBP/Maps/UEDPIE_0_ThirdPersonExampleMap.ThirdPersonExampleMap:PersistentLevel.ThirdPersonCharacter_C_0
	Function /Game/ThirdPersonBP/Blueprints/ThirdPersonCharacter.ThirdPersonCharacter_C:ExecuteUbergraph_ThirdPersonCharacter:1340
[2015.10.28-06.07.23:279][671]PIE:Error: Error Accessed None 'Physics Handle' from node Set Target Location and Rotation in graph 'EventGraph' in blueprint ThirdPersonCharacter
[2015.10.28-06.07.23:289][672]LogScript:Warning: Accessed None 'Physics Handle'
	ThirdPersonCharacter_C /Game/ThirdPersonBP/Maps/UEDPIE_0_ThirdPersonExampleMap.ThirdPersonExampleMap:PersistentLevel.ThirdPersonCharacter_C_0
	Function /Game/ThirdPersonBP/Blueprints/ThirdPersonCharacter.ThirdPersonCharacter_C:ExecuteUbergraph_ThirdPersonCharacter:1122
[2015.10.28-06.07.23:290][672]PIE:Error: Error Accessed None 'Physics Handle' from node Release Component in graph 'EventGraph' in blueprint ThirdPersonCharacter
[2015.10.28-06.07.23:290][672]LogScript:Warning: Accessed None 'Physics Object'
	ThirdPersonCharacter_C /Game/ThirdPersonBP/Maps/UEDPIE_0_ThirdPersonExampleMap.ThirdPersonExampleMap:PersistentLevel.ThirdPersonCharacter_C_0
	Function /Game/ThirdPersonBP/Blueprints/ThirdPersonCharacter.ThirdPersonCharacter_C:ExecuteUbergraph_ThirdPersonCharacter:1188
[2015.10.28-06.07.23:290][672]PIE:Error: Error Accessed None 'Physics Object' from node Set Collision Response to Channel in graph 'EventGraph' in blueprint ThirdPersonCharacter
[2015.10.28-06.07.39:971][969]LogBlueprintUserMessages: Early EndPlayMap Detection: Level '/Game/ThirdPersonBP/Maps/ThirdPersonExampleMap.ThirdPersonExampleMap:PersistentLevel' has LevelScriptBlueprint '/Game/ThirdPersonBP/Maps/ThirdPersonExampleMap.ThirdPersonExampleMap:PersistentLevel.ThirdPersonExampleMap' with GeneratedClass '/Game/ThirdPersonBP/Maps/ThirdPersonExampleMap.ThirdPersonExampleMap_C' with ClassGeneratedBy '/Game/ThirdPersonBP/Maps/ThirdPersonExampleMap.ThirdPersonExampleMap:PersistentLevel.ThirdPersonExampleMap'
[2015.10.28-06.07.40:035][969]LogBlueprintUserMessages: Late EndPlayMap Detection: Level '/Game/ThirdPersonBP/Maps/ThirdPersonExampleMap.ThirdPersonExampleMap:PersistentLevel' has LevelScriptBlueprint '/Game/ThirdPersonBP/Maps/ThirdPersonExampleMap.ThirdPersonExampleMap:PersistentLevel.ThirdPersonExampleMap' with GeneratedClass '/Game/ThirdPersonBP/Maps/ThirdPersonExampleMap.ThirdPersonExampleMap_C' with ClassGeneratedBy '/Game/ThirdPersonBP/Maps/ThirdPersonExampleMap.ThirdPersonExampleMap:PersistentLevel.ThirdPersonExampleMap'
[2015.10.28-06.07.40:088][969]LogParticles: Destroying 0 GPU particle simulations for FXSystem 0x000000003BC5C0E0
[2015.10.28-06.08.22:614][155]LogSavePackage: Save=20227.708984ms
[2015.10.28-06.08.22:617][155]LogSavePackage: Moving 'F:/Year 3/Fall Semester/GDD II/Digital Game/DigitalHorrorGame/GDDHorrorGame/Saved/ThirdPersonExampleMap331BEE7347C80D2FCA563A8F28A420AA.tmp' to 'F:/Year 3/Fall Semester/GDD II/Digital Game/DigitalHorrorGame/GDDHorrorGame/Content/ThirdPersonBP/Maps/ThirdPersonExampleMap.umap'
[2015.10.28-06.08.22:670][155]LogSavePackage: Total save time: 21739.403971ms
[2015.10.28-06.08.22:670][155]LogSavePackage:Warning: Finished SavePackage F:/Year 3/Fall Semester/GDD II/Digital Game/DigitalHorrorGame/GDDHorrorGame/Content/ThirdPersonBP/Maps/ThirdPersonExampleMap.umap
[2015.10.28-06.08.40:634][718]LogParticles: Destroying 0 GPU particle simulations for FXSystem 0x000000001183D4E0
[2015.10.28-06.08.56:152][718]LogSavePackage: Save=15400.004883ms
[2015.10.28-06.08.56:154][718]LogSavePackage: Moving 'F:/Year 3/Fall Semester/GDD II/Digital Game/DigitalHorrorGame/GDDHorrorGame/Saved/ThirdPersonExampleMapC52862624064AE12973B1E84531D849F.tmp' to 'F:/Year 3/Fall Semester/GDD II/Digital Game/DigitalHorrorGame/GDDHorrorGame/Content/ThirdPersonBP/Maps/ThirdPersonExampleMap.umap'
[2015.10.28-06.08.56:184][718]LogSavePackage: Total save time: 15540.023662ms
[2015.10.28-06.08.56:184][718]LogSavePackage:Warning: Finished SavePackage F:/Year 3/Fall Semester/GDD II/Digital Game/DigitalHorrorGame/GDDHorrorGame/Content/ThirdPersonBP/Maps/ThirdPersonExampleMap.umap
[2015.10.28-06.08.59:534][925]Cmd: QUIT_EDITOR
[2015.10.28-06.09.00:514][925]LogExit: Preparing to exit.
[2015.10.28-06.09.01:455][925]LogExit: Editor shut down
[2015.10.28-06.09.01:455][925]LogExit: Transaction tracking system shut down
[2015.10.28-06.09.01:471][925]LogParticles: Destroying 0 GPU particle simulations for FXSystem 0x00000000591B51C0
[2015.10.28-06.09.01:473][925]LogParticles: Destroying 0 GPU particle simulations for FXSystem 0x0000000063C55BC0
[2015.10.28-06.09.01:473][925]LogParticles: Destroying 0 GPU particle simulations for FXSystem 0x0000000063E1E340
[2015.10.28-06.09.01:473][925]LogParticles: Destroying 0 GPU particle simulations for FXSystem 0x0000000063C56200
[2015.10.28-06.09.01:473][925]LogParticles: Destroying 0 GPU particle simulations for FXSystem 0x0000000072A06AC0
[2015.10.28-06.09.01:691][925]LogExit: Object subsystem successfully closed.
[2015.10.28-06.09.01:706][925]LogD3D11RHI: Shutdown
[2015.10.28-06.09.01:706][925]LogD3D11RHI: CleanupD3DDevice
[2015.10.28-06.09.01:778][925]LogD3D11RHI: ~FD3D11DynamicRHI
[2015.10.28-06.09.01:811][925]LogModuleManager: Shutting down and abandoning module BlueprintGraph (198)
[2015.10.28-06.09.01:811][925]LogModuleManager: Shutting down and abandoning module CrashTracker (197)
[2015.10.28-06.09.01:811][925]LogModuleManager: Shutting down and abandoning module SceneOutliner (196)
[2015.10.28-06.09.01:811][925]LogModuleManager: Shutting down and abandoning module SuperSearch (195)
[2015.10.28-06.09.01:811][925]LogModuleManager: Shutting down and abandoning module WidgetCarousel (194)
[2015.10.28-06.09.01:811][925]LogModuleManager: Shutting down and abandoning module AddContentDialog (193)
[2015.10.28-06.09.01:812][925]LogModuleManager: Shutting down and abandoning module EditorWidgets (192)
[2015.10.28-06.09.01:812][925]LogModuleManager: Shutting down and abandoning module CollectionManager (191)
[2015.10.28-06.09.01:812][925]LogModuleManager: Shutting down and abandoning module StatsViewer (190)
[2015.10.28-06.09.01:812][925]LogModuleManager: Shutting down and abandoning module FoliageEdit (189)
[2015.10.28-06.09.01:812][925]LogModuleManager: Shutting down and abandoning module LandscapeEditor (188)
[2015.10.28-06.09.01:812][925]LogModuleManager: Shutting down and abandoning module ActorPickerMode (187)
[2015.10.28-06.09.01:812][925]LogModuleManager: Shutting down and abandoning module GeometryMode (186)
[2015.10.28-06.09.01:812][925]LogModuleManager: Shutting down and abandoning module TextureAlignMode (185)
[2015.10.28-06.09.01:812][925]LogModuleManager: Shutting down and abandoning module BspMode (184)
[2015.10.28-06.09.01:812][925]LogModuleManager: Shutting down and abandoning module PlacementMode (183)
[2015.10.28-06.09.01:812][925]LogModuleManager: Shutting down and abandoning module AutomationWorker (182)
[2015.10.28-06.09.01:812][925]LogModuleManager: Shutting down and abandoning module CharacterAI (181)
[2015.10.28-06.09.01:812][925]LogModuleManager: Shutting down and abandoning module SmartSnapping (180)
[2015.10.28-06.09.01:812][925]LogModuleManager: Shutting down and abandoning module ViewportSnapping (179)
[2015.10.28-06.09.01:812][925]LogModuleManager: Shutting down and abandoning module LogVisualizer (178)
[2015.10.28-06.09.01:812][925]LogModuleManager: Shutting down and abandoning module GameProjectGeneration (177)
[2015.10.28-06.09.01:812][925]LogModuleManager: Shutting down and abandoning module IntroTutorials (176)
[2015.10.28-06.09.01:812][925]LogModuleManager: Shutting down and abandoning module EditorLiveStreaming (175)
[2015.10.28-06.09.01:812][925]LogModuleManager: Shutting down and abandoning module IOSPlatformEditor (174)
[2015.10.28-06.09.01:812][925]LogModuleManager: Shutting down and abandoning module HTML5PlatformEditor (173)
[2015.10.28-06.09.01:812][925]LogModuleManager: Shutting down and abandoning module AndroidDeviceDetection (172)
[2015.10.28-06.09.02:701][925]LogModuleManager: Shutting down and abandoning module AndroidPlatformEditor (171)
[2015.10.28-06.09.02:701][925]LogModuleManager: Shutting down and abandoning module IOSRuntimeSettings (170)
[2015.10.28-06.09.02:701][925]LogModuleManager: Shutting down and abandoning module AndroidRuntimeSettings (169)
[2015.10.28-06.09.02:701][925]LogModuleManager: Shutting down and abandoning module MergeActors (168)
[2015.10.28-06.09.02:701][925]LogModuleManager: Shutting down and abandoning module SizeMap (167)
[2015.10.28-06.09.02:701][925]LogModuleManager: Shutting down and abandoning module TreeMap (166)
[2015.10.28-06.09.02:701][925]LogModuleManager: Shutting down and abandoning module ReferenceViewer (165)
[2015.10.28-06.09.02:701][925]LogModuleManager: Shutting down and abandoning module LocalizationService (164)
[2015.10.28-06.09.02:701][925]LogModuleManager: Shutting down and abandoning module LocalizationDashboard (163)
[2015.10.28-06.09.02:701][925]LogModuleManager: Shutting down and abandoning module HardwareTargeting (162)
[2015.10.28-06.09.02:701][925]LogModuleManager: Shutting down and abandoning module DeviceProfileEditor (161)
[2015.10.28-06.09.02:701][925]LogModuleManager: Shutting down and abandoning module UndoHistory (160)
[2015.10.28-06.09.02:701][925]LogModuleManager: Shutting down and abandoning module GameplayTagsEditor (159)
[2015.10.28-06.09.02:701][925]LogModuleManager: Shutting down and abandoning module UserFeedback (158)
[2015.10.28-06.09.02:701][925]LogModuleManager: Shutting down and abandoning module XmlParser (157)
[2015.10.28-06.09.02:701][925]LogModuleManager: Shutting down and abandoning module Blutility (156)
[2015.10.28-06.09.02:701][925]LogModuleManager: Shutting down and abandoning module ProjectTargetPlatformEditor (155)
[2015.10.28-06.09.02:701][925]LogModuleManager: Shutting down and abandoning module ProjectSettingsViewer (154)
[2015.10.28-06.09.02:701][925]LogModuleManager: Shutting down and abandoning module InputBindingEditor (153)
[2015.10.28-06.09.02:701][925]LogModuleManager: Shutting down and abandoning module EditorSettingsViewer (152)
[2015.10.28-06.09.02:701][925]LogModuleManager: Shutting down and abandoning module SettingsEditor (151)
[2015.10.28-06.09.02:701][925]LogModuleManager: Shutting down and abandoning module ProjectLauncher (150)
[2015.10.28-06.09.02:701][925]LogModuleManager: Shutting down and abandoning module SessionFrontend (149)
[2015.10.28-06.09.02:701][925]LogModuleManager: Shutting down and abandoning module ProfilerClient (148)
[2015.10.28-06.09.02:701][925]LogModuleManager: Shutting down and abandoning module TargetDeviceServices (147)
[2015.10.28-06.09.02:701][925]LogModuleManager: Shutting down and abandoning module DeviceManager (146)
[2015.10.28-06.09.02:701][925]LogModuleManager: Shutting down and abandoning module AutomationController (145)
[2015.10.28-06.09.02:701][925]LogModuleManager: Shutting down and abandoning module AutomationWindow (144)
[2015.10.28-06.09.02:702][925]LogModuleManager: Shutting down and abandoning module Layers (143)
[2015.10.28-06.09.02:702][925]LogModuleManager: Shutting down and abandoning module ComponentVisualizers (142)
[2015.10.28-06.09.02:702][925]LogModuleManager: Shutting down and abandoning module DetailCustomizations (141)
[2015.10.28-06.09.02:702][925]LogModuleManager: Shutting down and abandoning module PackagesDialog (140)
[2015.10.28-06.09.02:702][925]LogModuleManager: Shutting down and abandoning module Persona (139)
[2015.10.28-06.09.02:702][925]LogModuleManager: Shutting down and abandoning module Kismet (138)
[2015.10.28-06.09.02:702][925]LogModuleManager: Shutting down and abandoning module GraphEditor (137)
[2015.10.28-06.09.02:702][925]LogModuleManager: Shutting down and abandoning module ClassViewer (136)
[2015.10.28-06.09.02:702][925]LogModuleManager: Shutting down and abandoning module Toolbox (135)
[2015.10.28-06.09.02:702][925]LogModuleManager: Shutting down and abandoning module ModuleUI (134)
[2015.10.28-06.09.02:702][925]LogModuleManager: Shutting down and abandoning module MovieSceneTools (133)
[2015.10.28-06.09.02:702][925]LogModuleManager: Shutting down and abandoning module OutputLog (132)
[2015.10.28-06.09.02:702][925]LogModuleManager: Shutting down and abandoning module GammaUI (131)
[2015.10.28-06.09.02:702][925]LogModuleManager: Shutting down and abandoning module Documentation (130)
[2015.10.28-06.09.02:702][925]LogModuleManager: Shutting down and abandoning module GameLiveStreaming (129)
[2015.10.28-06.09.02:702][925]LogModuleManager: Shutting down and abandoning module StreamingPauseRendering (128)
[2015.10.28-06.09.02:702][925]LogModuleManager: Shutting down and abandoning module AnalyticsET (127)
[2015.10.28-06.09.02:702][925]LogModuleManager: Shutting down and abandoning module Analytics (126)
[2015.10.28-06.09.02:702][925]LogModuleManager: Shutting down and abandoning module AITestSuite (125)
[2015.10.28-06.09.02:702][925]LogModuleManager: Shutting down and abandoning module GameplayDebugger (124)
[2015.10.28-06.09.02:702][925]LogModuleManager: Shutting down and abandoning module AIModule (123)
[2015.10.28-06.09.02:702][925]LogModuleManager: Shutting down and abandoning module ProfilerService (122)
[2015.10.28-06.09.02:704][925]LogModuleManager: Shutting down and abandoning module TaskGraph (121)
[2015.10.28-06.09.02:704][925]LogModuleManager: Shutting down and abandoning module SlateRemote (120)
[2015.10.28-06.09.02:704][925]LogModuleManager: Shutting down and abandoning module SteamVRController (119)
[2015.10.28-06.09.02:704][925]LogModuleManager: Shutting down and abandoning module SteamVR (118)
[2015.10.28-06.09.02:704][925]LogModuleManager: Shutting down and abandoning module ProceduralMeshComponent (117)
[2015.10.28-06.09.02:704][925]LogModuleManager: Shutting down and abandoning module OculusRift (116)
[2015.10.28-06.09.02:704][925]LogModuleManager: Shutting down and abandoning module OculusLibrary (115)
[2015.10.28-06.09.02:704][925]LogModuleManager: Shutting down and abandoning module LeapMotionController (114)
[2015.10.28-06.09.02:716][925]LogModuleManager: Shutting down and abandoning module CustomMeshComponent (113)
[2015.10.28-06.09.02:716][925]LogModuleManager: Shutting down and abandoning module CableComponent (112)
[2015.10.28-06.09.02:716][925]LogModuleManager: Shutting down and abandoning module ArchVisCharacter (111)
[2015.10.28-06.09.02:716][925]LogModuleManager: Shutting down and abandoning module MessagingDebugger (110)
[2015.10.28-06.09.02:716][925]LogModuleManager: Shutting down and abandoning module MediaPlayerEditor (109)
[2015.10.28-06.09.02:716][925]LogModuleManager: Shutting down and abandoning module HTML5Networking (108)
[2015.10.28-06.09.02:716][925]LogModuleManager: Shutting down and abandoning module SpeedTreeImporter (107)
[2015.10.28-06.09.02:716][925]LogModuleManager: Shutting down and abandoning module PluginBrowser (106)
[2015.10.28-06.09.02:716][925]LogModuleManager: Shutting down and abandoning module EpicSurvey (105)
[2015.10.28-06.09.02:716][925]LogModuleManager: Shutting down and abandoning module DesktopPlatform (104)
[2015.10.28-06.09.02:716][925]LogModuleManager: Shutting down and abandoning module VisualStudioSourceCodeAccess (103)
[2015.10.28-06.09.02:716][925]LogModuleManager: Shutting down and abandoning module UObjectPlugin (102)
[2015.10.28-06.09.02:716][925]LogModuleManager: Shutting down and abandoning module SubversionSourceControl (101)
[2015.10.28-06.09.02:716][925]LogModuleManager: Shutting down and abandoning module PerforceSourceControl (100)
[2015.10.28-06.09.02:716][925]LogModuleManager: Shutting down and abandoning module SourceControl (99)
[2015.10.28-06.09.02:716][925]LogModuleManager: Shutting down and abandoning module GitSourceControl (98)
[2015.10.28-06.09.02:716][925]LogModuleManager: Shutting down and abandoning module LightPropagationVolumeEditor (97)
[2015.10.28-06.09.02:716][925]LogModuleManager: Shutting down and abandoning module PaperTiledImporter (96)
[2015.10.28-06.09.02:716][925]LogModuleManager: Shutting down and abandoning module PaperSpriteSheetImporter (95)
[2015.10.28-06.09.02:716][925]LogModuleManager: Shutting down and abandoning module MeshPaint (94)
[2015.10.28-06.09.02:716][925]LogModuleManager: Shutting down and abandoning module SlateReflector (93)
[2015.10.28-06.09.02:716][925]LogModuleManager: Shutting down and abandoning module HotReload (92)
[2015.10.28-06.09.02:716][925]LogModuleManager: Shutting down and abandoning module MainFrame (91)
[2015.10.28-06.09.02:716][925]LogModuleManager: Shutting down and abandoning module LevelEditor (90)
[2015.10.28-06.09.02:717][925]LogModuleManager: Shutting down and abandoning module DirectoryWatcher (89)
[2015.10.28-06.09.02:717][925]LogModuleManager: Shutting down and abandoning module AssetRegistry (88)
[2015.10.28-06.09.19:599][925]LogModuleManager: Shutting down and abandoning module ContentBrowser (87)
[2015.10.28-06.09.19:599][925]LogModuleManager: Shutting down and abandoning module Paper2DEditor (86)
[2015.10.28-06.09.19:600][925]LogModuleManager: Shutting down and abandoning module UdpMessaging (85)
[2015.10.28-06.09.19:700][925]LogModuleManager: Shutting down and abandoning module LightPropagationVolumeRuntime (84)
[2015.10.28-06.09.19:700][925]LogModuleManager: Shutting down and abandoning module Paper2D (83)
[2015.10.28-06.09.19:700][925]LogModuleManager: Shutting down and abandoning module WindowsMoviePlayer (82)
[2015.10.28-06.09.19:705][925]LogModuleManager: Shutting down and abandoning module Media (81)
[2015.10.28-06.09.19:705][925]LogModuleManager: Shutting down and abandoning module WmfMedia (80)
[2015.10.28-06.09.19:705][925]LogModuleManager: Shutting down and abandoning module OnlineBlueprintSupport (79)
[2015.10.28-06.09.19:705][925]LogModuleManager: Shutting down and abandoning module GameplayTasksEditor (78)
[2015.10.28-06.09.19:705][925]LogModuleManager: Shutting down and abandoning module PropertyEditor (77)
[2015.10.28-06.09.19:705][925]LogModuleManager: Shutting down and abandoning module BehaviorTreeEditor (76)
[2015.10.28-06.09.19:706][925]LogModuleManager: Shutting down and abandoning module FunctionalTesting (75)
[2015.10.28-06.09.19:706][925]LogModuleManager: Shutting down and abandoning module CollisionAnalyzer (74)
[2015.10.28-06.09.19:706][925]LogModuleManager: Shutting down and abandoning module WorkspaceMenuStructure (73)
[2015.10.28-06.09.19:706][925]LogModuleManager: Shutting down and abandoning module MessageLog (72)
[2015.10.28-06.09.19:706][925]LogModuleManager: Shutting down and abandoning module Sequencer (71)
[2015.10.28-06.09.19:706][925]LogModuleManager: Shutting down and abandoning module AssetTools (70)
[2015.10.28-06.09.19:706][925]LogModuleManager: Shutting down and abandoning module UMGEditor (69)
[2015.10.28-06.09.19:706][925]LogModuleManager: Shutting down and abandoning module UMG (68)
[2015.10.28-06.09.19:706][925]LogModuleManager: Shutting down and abandoning module Slate (67)
[2015.10.28-06.09.19:706][925]LogModuleManager: Shutting down and abandoning module EditorStyle (66)
[2015.10.28-06.09.19:709][925]LogModuleManager: Shutting down and abandoning module SessionServices (65)
[2015.10.28-06.09.19:709][925]LogModuleManager: Shutting down and abandoning module SourceCodeAccess (64)
[2015.10.28-06.09.19:709][925]LogModuleManager: Shutting down and abandoning module HeadMountedDisplay (63)
[2015.10.28-06.09.19:709][925]LogModuleManager: Shutting down and abandoning module XAudio2 (62)
[2015.10.28-06.09.19:709][925]LogModuleManager: Shutting down and abandoning module Networking (60)
[2015.10.28-06.09.19:709][925]LogModuleManager: Shutting down and abandoning module Core (59)
[2015.10.28-06.09.19:709][925]LogModuleManager: Shutting down and abandoning module KismetCompiler (58)
[2015.10.28-06.09.19:709][925]LogModuleManager: Shutting down and abandoning module PhysXFormats (57)
[2015.10.28-06.09.19:709][925]LogModuleManager: Shutting down and abandoning module MeshUtilities (56)
[2015.10.28-06.09.19:709][925]LogModuleManager: Shutting down and abandoning module CookingStats (55)
[2015.10.28-06.09.19:711][925]LogModuleManager: Shutting down and abandoning module DerivedDataCache (54)
[2015.10.28-06.09.19:777][925]LogDerivedDataCache: Shutdown
[2015.10.28-06.09.19:777][925]LogModuleManager: Shutting down and abandoning module ShaderFormatOpenGL (53)
[2015.10.28-06.09.19:777][925]LogModuleManager: Shutting down and abandoning module ShaderFormatD3D (52)
[2015.10.28-06.09.19:777][925]LogModuleManager: Shutting down and abandoning module MetalShaderFormat (51)
[2015.10.28-06.09.19:777][925]LogModuleManager: Shutting down and abandoning module TextureFormatUncompressed (50)
[2015.10.28-06.09.19:777][925]LogModuleManager: Shutting down and abandoning module TextureFormatPVR (49)
[2015.10.28-06.09.19:777][925]LogModuleManager: Shutting down and abandoning module TextureFormatIntelISPCTexComp (48)
[2015.10.28-06.09.19:777][925]LogModuleManager: Shutting down and abandoning module TextureFormatDXT (47)
[2015.10.28-06.09.19:777][925]LogModuleManager: Shutting down and abandoning module ImageWrapper (46)
[2015.10.28-06.09.19:777][925]LogModuleManager: Shutting down and abandoning module TextureFormatASTC (45)
[2015.10.28-06.09.19:777][925]LogModuleManager: Shutting down and abandoning module TextureFormatAndroid (44)
[2015.10.28-06.09.19:777][925]LogModuleManager: Shutting down and abandoning module AudioFormatOpus (43)
[2015.10.28-06.09.19:777][925]LogModuleManager: Shutting down and abandoning module AudioFormatOgg (42)
[2015.10.28-06.09.19:777][925]LogModuleManager: Shutting down and abandoning module AudioFormatADPCM (41)
[2015.10.28-06.09.19:777][925]LogModuleManager: Shutting down and abandoning module LinuxTargetPlatform (40)
[2015.10.28-06.09.19:777][925]LogModuleManager: Shutting down and abandoning module LinuxServerTargetPlatform (39)
[2015.10.28-06.09.19:777][925]LogModuleManager: Shutting down and abandoning module LinuxNoEditorTargetPlatform (38)
[2015.10.28-06.09.19:777][925]LogModuleManager: Shutting down and abandoning module Messaging (37)
[2015.10.28-06.09.19:777][925]LogModuleManager: Shutting down and abandoning module IOSTargetPlatform (36)
[2015.10.28-06.09.19:777][925]LogModuleManager: Shutting down and abandoning module HTML5TargetPlatform (35)
[2015.10.28-06.09.19:777][925]LogModuleManager: Shutting down and abandoning module Android_PVRTCTargetPlatform (34)
[2015.10.28-06.09.19:777][925]LogModuleManager: Shutting down and abandoning module Android_ETC2TargetPlatform (33)
[2015.10.28-06.09.19:777][925]LogModuleManager: Shutting down and abandoning module Android_ETC1TargetPlatform (32)
[2015.10.28-06.09.19:777][925]LogModuleManager: Shutting down and abandoning module Android_DXTTargetPlatform (31)
[2015.10.28-06.09.19:777][925]LogModuleManager: Shutting down and abandoning module Android_ATCTargetPlatform (30)
[2015.10.28-06.09.19:777][925]LogModuleManager: Shutting down and abandoning module Android_ASTCTargetPlatform (29)
[2015.10.28-06.09.19:777][925]LogModuleManager: Shutting down and abandoning module AndroidTargetPlatform (28)
[2015.10.28-06.09.19:777][925]LogModuleManager: Shutting down and abandoning module WindowsTargetPlatform (27)
[2015.10.28-06.09.19:777][925]LogModuleManager: Shutting down and abandoning module WindowsServerTargetPlatform (26)
[2015.10.28-06.09.19:777][925]LogModuleManager: Shutting down and abandoning module WindowsNoEditorTargetPlatform (25)
[2015.10.28-06.09.19:777][925]LogModuleManager: Shutting down and abandoning module WindowsClientTargetPlatform (24)
[2015.10.28-06.09.19:777][925]LogModuleManager: Shutting down and abandoning module AllDesktopTargetPlatform (23)
[2015.10.28-06.09.19:777][925]LogModuleManager: Shutting down and abandoning module TargetPlatform (22)
[2015.10.28-06.09.19:777][925]LogModuleManager: Shutting down and abandoning module InputCore (21)
[2015.10.28-06.09.19:777][925]LogModuleManager: Shutting down and abandoning module Settings (20)
[2015.10.28-06.09.19:777][925]LogModuleManager: Shutting down and abandoning module OnlineSubsystem (18)
[2015.10.28-06.09.19:777][925]LogModuleManager: Shutting down and abandoning module HTTP (17)
[2015.10.28-06.09.20:777][925]LogModuleManager: Shutting down and abandoning module XMPP (16)
[2015.10.28-06.09.20:777][925]LogModuleManager: Shutting down and abandoning module ExampleDeviceProfileSelector (15)
[2015.10.28-06.09.20:777][925]LogModuleManager: Shutting down and abandoning module TextureCompressor (14)
[2015.10.28-06.09.20:777][925]LogModuleManager: Shutting down and abandoning module ShaderCore (13)
[2015.10.28-06.09.20:777][925]LogModuleManager: Shutting down and abandoning module Landscape (12)
[2015.10.28-06.09.20:777][925]LogModuleManager: Shutting down and abandoning module SlateRHIRenderer (11)
[2015.10.28-06.09.20:778][925]LogModuleManager: Shutting down and abandoning module OpenGLDrv (10)
[2015.10.28-06.09.20:778][925]LogModuleManager: Shutting down and abandoning module D3D11RHI (9)
[2015.10.28-06.09.20:778][925]LogModuleManager: Shutting down and abandoning module AnimGraphRuntime (8)
[2015.10.28-06.09.20:778][925]LogModuleManager: Shutting down and abandoning module Renderer (7)
[2015.10.28-06.09.20:779][925]LogModuleManager: Shutting down and abandoning module Engine (6)
[2015.10.28-06.09.20:779][925]LogModuleManager: Shutting down and abandoning module CoreUObject (5)
[2015.10.28-06.09.20:779][925]LogModuleManager: Shutting down and abandoning module NetworkFile (4)
[2015.10.28-06.09.20:779][925]LogModuleManager: Shutting down and abandoning module StreamingFile (3)
[2015.10.28-06.09.20:779][925]LogModuleManager: Shutting down and abandoning module SandboxFile (2)
[2015.10.28-06.09.20:779][925]LogModuleManager: Shutting down and abandoning module PakFile (1)
[2015.10.28-06.09.20:779][925]LogExit: Exiting.
[2015.10.28-06.09.32:388][925]Log file closed, 10/28/15 02:09:32
