[2015.12.23-18.23.51:906][  0]Log file open, 12/23/15 13:23:51
[2015.12.23-18.23.51:906][  0]LogInit:Display: Running engine for game: GDDHorrorGame
[2015.12.23-18.23.51:906][  0]LogInit:Display: RandInit(188226137) SRandInit(188226137).
[2015.12.23-18.23.51:906][  0]LogTaskGraph: Started task graph with 4 named threads and 7 total threads.
[2015.12.23-18.23.51:906][  0]LogStats: Stats thread started at 0.141104
[2015.12.23-18.23.51:906][  0]LogInit: Version: 4.9.2-2707645+++depot+UE4-Releases+4.9
[2015.12.23-18.23.51:906][  0]LogInit: API Version: 2672455
[2015.12.23-18.23.51:906][  0]LogInit: Compiled (64-bit): Sep 28 2015 10:25:44
[2015.12.23-18.23.51:906][  0]LogInit: Compiled with Visual C++: 18.00.21005.01
[2015.12.23-18.23.51:906][  0]LogInit: Build Configuration: Development
[2015.12.23-18.23.51:906][  0]LogInit: Branch Name: ++depot+UE4-Releases+4.9
[2015.12.23-18.23.51:906][  0]LogInit: Command line:  
[2015.12.23-18.23.51:906][  0]LogInit: Base directory: C:/Program Files/Epic Games/4.9/Engine/Binaries/Win64/
[2015.12.23-18.23.51:906][  0]LogInit: Rocket: 1
[2015.12.23-18.23.51:922][  0]LogInit: Using libcurl 7.41.0
[2015.12.23-18.23.51:922][  0]LogInit:  - built for x86_64-pc-win32
[2015.12.23-18.23.51:922][  0]LogInit:  - supports SSL with WinSSL
[2015.12.23-18.23.51:922][  0]LogInit:  - other features:
[2015.12.23-18.23.51:922][  0]LogInit:      CURL_VERSION_SSL
[2015.12.23-18.23.51:922][  0]LogInit:      CURL_VERSION_IPV6
[2015.12.23-18.23.51:922][  0]LogInit:      CURL_VERSION_ASYNCHDNS
[2015.12.23-18.23.51:922][  0]LogInit:      CURL_VERSION_LARGEFILE
[2015.12.23-18.23.51:922][  0]LogInit:      CURL_VERSION_IDN
[2015.12.23-18.23.51:922][  0]LogInit:  CurlRequestOptions (configurable via config and command line):
[2015.12.23-18.23.51:922][  0]LogInit:  - bVerifyPeer = true  - Libcurl will verify peer certificate
[2015.12.23-18.23.51:922][  0]LogInit:  - bUseHttpProxy = false  - Libcurl will NOT use HTTP proxy
[2015.12.23-18.23.51:922][  0]LogInit:  - bDontReuseConnections = false  - Libcurl will reuse connections
[2015.12.23-18.23.51:922][  0]LogInit:  - CertBundlePath = nullptr  - Libcurl will use whatever was configured at build time.
[2015.12.23-18.23.51:922][  0]LogInit: Presizing for 0 objects not considered by GC, pre-allocating 0 bytes.
[2015.12.23-18.23.51:937][  0]LogInit: Object subsystem initialized
[2015.12.23-18.23.51:937][  0]LogInit: Selected Device Profile: [Windows]
[2015.12.23-18.23.51:937][  0]LogInit: Applying CVar settings loaded from the selected device profile: [Windows]
[2015.12.23-18.23.51:961][  0]LogInit: Computer: NICKSCOMPUTER
[2015.12.23-18.23.51:961][  0]LogInit: User: ntanc000
[2015.12.23-18.23.51:961][  0]LogInit: CPU Page size=4096, Cores=4
[2015.12.23-18.23.51:961][  0]LogInit: High frequency timer resolution =2.537589 MHz
[2015.12.23-18.23.51:961][  0]LogMemory: Memory total: Physical=15.9GB (16GB approx)
[2015.12.23-18.23.51:961][  0]LogMemory: Platform Memory Stats for Windows
[2015.12.23-18.23.51:961][  0]LogMemory: Process Physical Memory: 55.09 MB used, 55.09 MB peak
[2015.12.23-18.23.51:961][  0]LogMemory: Process Virtual Memory: 55.21 MB used, 55.21 MB peak
[2015.12.23-18.23.51:961][  0]LogMemory: Physical Memory: 2431.71 MB used, 16269.45 MB total
[2015.12.23-18.23.51:961][  0]LogMemory: Virtual Memory: 368.75 MB used, 134217728.00 MB total
[2015.12.23-18.23.52:282][  0]LogTextLocalizationManager: No specific translations for ('en-US') exist, so ('en') translations will be used.
[2015.12.23-18.23.53:309][  0]LogD3D11RHI: Found D3D11 adapter 0: NVIDIA GeForce GTX 980M  (Feature Level 11_0)
[2015.12.23-18.23.53:309][  0]LogD3D11RHI: Adapter has 4012MB of dedicated video memory, 0MB of dedicated system memory, and 8134MB of shared system memory, 2 output[s]
[2015.12.23-18.23.53:317][  0]LogD3D11RHI: Found D3D11 adapter 1: Intel(R) HD Graphics 4600 (Feature Level 11_0)
[2015.12.23-18.23.53:317][  0]LogD3D11RHI: Adapter has 112MB of dedicated video memory, 0MB of dedicated system memory, and 8134MB of shared system memory, 0 output[s]
[2015.12.23-18.23.53:322][  0]LogD3D11RHI: Found D3D11 adapter 2: Microsoft Basic Render Driver (Feature Level 11_0)
[2015.12.23-18.23.53:322][  0]LogD3D11RHI: Adapter has 0MB of dedicated video memory, 0MB of dedicated system memory, and 8134MB of shared system memory, 0 output[s]
[2015.12.23-18.23.53:322][  0]LogD3D11RHI: Chosen D3D11 Adapter Id = 0
[2015.12.23-18.23.53:326][  0]LogD3D11RHI: !Direct3DDevice
[2015.12.23-18.23.53:326][  0]LogRHI: Texture pool is 1361 MB (70% of 1945 MB)
[2015.12.23-18.23.53:337][  0]LogD3D11RHI: Async texture creation enabled
[2015.12.23-18.23.53:348][  0]LogShaderCompilers: Guid format shader working directory is 15 characters bigger than the processId version (../../../../../../Users/ntanc_000/Desktop/DigitalHorrorGame/DigitalHorrorGame/GDDHorrorGame/Intermediate/Shaders/WorkingDirectory/7672/).
[2015.12.23-18.23.53:348][  0]LogShaderCompilers: Cleaned the shader compiler working directory '../../../../../../Users/ntanc_000/Desktop/DigitalHorrorGame/DigitalHorrorGame/GDDHorrorGame/Intermediate/Shaders/tmp/5A9C0288456358FAED305DB239D91ABE/'.
[2015.12.23-18.23.53:348][  0]LogShaderCompilers:Display: Using Local Shader Compiler.
[2015.12.23-18.23.54:340][  0]LogTemp:Display: Loaded TP AllDesktopTargetPlatform
[2015.12.23-18.23.54:346][  0]LogTemp:Display: Loaded TP WindowsClientTargetPlatform
[2015.12.23-18.23.54:351][  0]LogTemp:Display: Loaded TP WindowsNoEditorTargetPlatform
[2015.12.23-18.23.54:357][  0]LogTemp:Display: Loaded TP WindowsServerTargetPlatform
[2015.12.23-18.23.54:363][  0]LogTemp:Display: Loaded TP WindowsTargetPlatform
[2015.12.23-18.23.54:368][  0]LogTemp:Display: Loaded TP AndroidTargetPlatform
[2015.12.23-18.23.54:372][  0]LogTemp:Display: Loaded TP Android_ASTCTargetPlatform
[2015.12.23-18.23.54:375][  0]LogTemp:Display: Loaded TP Android_ATCTargetPlatform
[2015.12.23-18.23.54:379][  0]LogTemp:Display: Loaded TP Android_DXTTargetPlatform
[2015.12.23-18.23.54:384][  0]LogTemp:Display: Loaded TP Android_ETC1TargetPlatform
[2015.12.23-18.23.54:388][  0]LogTemp:Display: Loaded TP Android_ETC2TargetPlatform
[2015.12.23-18.23.54:392][  0]LogTemp:Display: Loaded TP Android_PVRTCTargetPlatform
[2015.12.23-18.23.54:393][  0]LogTemp:Display: Loaded TP HTML5TargetPlatform
[2015.12.23-18.23.54:413][  0]LogTemp:Display: Loaded TP IOSTargetPlatform
[2015.12.23-18.23.54:417][  0]LogTemp:Display: Loaded TP LinuxNoEditorTargetPlatform
[2015.12.23-18.23.54:421][  0]LogTemp:Display: Loaded TP LinuxServerTargetPlatform
[2015.12.23-18.23.54:425][  0]LogTemp:Display: Loaded TP LinuxTargetPlatform
[2015.12.23-18.23.54:425][  0]LogTargetPlatformManager:Display: Building Assets For Windows
[2015.12.23-18.23.54:523][  0]LogDerivedDataCache:Display: Max Cache Size: 512 MB
[2015.12.23-18.23.54:702][  0]LogDerivedDataCache: Loaded boot cache 0.18s 37MB C:/Users/ntanc_000/AppData/Local/UnrealEngine/4.9/DerivedDataCache/Boot.ddc.
[2015.12.23-18.23.54:702][  0]LogDerivedDataCache:Display: Loaded Boot cache: C:/Users/ntanc_000/AppData/Local/UnrealEngine/4.9/DerivedDataCache/Boot.ddc
[2015.12.23-18.23.54:718][  0]LogDerivedDataCache: FDerivedDataBackendGraph:  Pak pak cache file ../../../../../../Users/ntanc_000/Desktop/DigitalHorrorGame/DigitalHorrorGame/GDDHorrorGame/DerivedDataCache/DDC.ddp not found, will not use a pak cache.
[2015.12.23-18.23.54:718][  0]LogDerivedDataCache: Unable to find inner node Pak for hierarchical cache Hierarchy.
[2015.12.23-18.23.54:718][  0]LogDerivedDataCache: FDerivedDataBackendGraph:  CompressedPak pak cache file ../../../../../../Users/ntanc_000/Desktop/DigitalHorrorGame/DigitalHorrorGame/GDDHorrorGame/DerivedDataCache/Compressed.ddp not found, will not use a pak cache.
[2015.12.23-18.23.54:718][  0]LogDerivedDataCache: Unable to find inner node CompressedPak for hierarchical cache Hierarchy.
[2015.12.23-18.23.54:862][  0]LogDerivedDataCache:Display: Pak cache opened for reading ../../../Engine/DerivedDataCache/Compressed.ddp.
[2015.12.23-18.23.54:875][  0]LogDerivedDataCache: Using Local data cache path C:/Users/ntanc_000/AppData/Local/UnrealEngine/Common/DerivedDataCache: Writable
[2015.12.23-18.23.55:965][  0]LogInit: Selected Device Profile: [Windows]
[2015.12.23-18.23.55:979][  0]LogContentStreaming: Texture pool size is 0.000000MB
[2015.12.23-18.23.56:254][  0]LogMeshUtilities: No automatic mesh reduction module available
[2015.12.23-18.23.56:254][  0]LogMeshUtilities: No automatic mesh merging module available
[2015.12.23-18.23.56:859][  0]LogInit: WinSock: version 1.1 (2.2), MaxSocks=32767, MaxUdp=65467
[2015.12.23-18.23.59:294][  0]UdpMessaging: Initializing bridge on interface 0.0.0.0:0 to multicast group 230.0.0.1:6666.
[2015.12.23-18.23.59:494][  0]LogAssetRegistry: FAssetRegistry took 0.0132 seconds to start up
[2015.12.23-18.23.59:857][  0]SourceControl: Info Source control is disabled
[2015.12.23-18.23.59:857][  0]SourceControl: Info Source control is disabled
[2015.12.23-18.23.59:996][  0]SourceControl: Info Source control is disabled
[2015.12.23-18.24.00:068][  0]SourceControl: Info Source control is disabled
[2015.12.23-18.24.00:308][  0]LogLinker:Warning: Asset '../../../Engine/Plugins/Runtime/LeapMotionController/Content/LM_PassthroughMaterial.uasset' has been saved with empty engine version. The asset will be loaded but may be incompatible.
[2015.12.23-18.24.00:491][  0]LogObj: 28361 objects as part of root set at end of initial load.
[2015.12.23-18.24.00:491][  0]LogUObjectAllocator: 6038872 out of 0 bytes used by permanent object pool.
[2015.12.23-18.24.00:615][  0]LogEngine: Initializing Engine...
[2015.12.23-18.24.00:621][  0]LogHMD: Can't find Oculus library dev build: is proper Runtime installed? Version: 0.7.0.0
[2015.12.23-18.24.00:625][  0]LogHMD: SteamVR failed to initialize.  Err: 110
[2015.12.23-18.24.00:859][  0]LogAIModule: Creating AISystem for world NewWorld
[2015.12.23-18.24.00:879][  0]LogInit: XAudio2 using 'Speakers (Sound Blaster Recon3Di)' : 2 channels at 48 kHz using 32 bits per sample (channel mask 0x3)
[2015.12.23-18.24.01:065][  0]LogInit: FAudioDevice initialized.
[2015.12.23-18.24.01:085][  0]LogDerivedDataCache: Saved boot cache 0.02s 37MB C:/Users/ntanc_000/AppData/Local/UnrealEngine/4.9/DerivedDataCache/Boot.ddc.
[2015.12.23-18.24.01:088][  0]LogInit: Texture streaming: Enabled
[2015.12.23-18.24.01:097][  0]LogAnalytics: Creating configured Analytics provider AnalyticsET
[2015.12.23-18.24.01:098][  0]LogAnalytics: [UEEditor.Rocket.Release] APIServer = http://et2.epicgames.com/ET2/. AppVersion = 4.9.2-2707645+++depot+UE4-Releases+4.9
[2015.12.23-18.24.01:098][  0]LogAnalytics: [UEEditor.Rocket.Release] SetUserId 2c211ad74a9e5469c13dfaa1059b2d42|1bd0216fcaf5458183f89cc914276325|d020360b-9246-478a-84ac-08a9775e7849
[2015.12.23-18.24.01:098][  0]LogAnalytics: [UEEditor.Rocket.Release] AnalyticsET::StartSession
[2015.12.23-18.24.01:388][  0]LogInit: Transaction tracking system initialized
[2015.12.23-18.24.01:594][  0]BlueprintLog: New page: Editor Load
[2015.12.23-18.24.01:969][  0]LocalizationService: Info Localization service is disabled
[2015.12.23-18.24.02:193][  0]LogConsoleResponse:Display: 
[2015.12.23-18.24.02:392][  0]LogCook:Display: Done creating registry. It took  0.00s.
[2015.12.23-18.24.02:527][  0]LogFileCache: Scanning file cache for directory 'C:/Users/ntanc_000/Desktop/DigitalHorrorGame/DigitalHorrorGame/GDDHorrorGame/Content/' took 0.02s
[2015.12.23-18.24.02:576][  0]SourceControl: Info Source control is disabled
[2015.12.23-18.24.02:581][  0]LightingResults: New page: Lighting Build
[2015.12.23-18.24.02:590][  0]MapCheck: New page: Map Check
[2015.12.23-18.24.02:590][  0]LightingResults: New page: Lighting Build
[2015.12.23-18.24.02:614][  0]LogParticles: Destroying 0 GPU particle simulations for FXSystem 0x000001C7E1DBA160
[2015.12.23-18.24.02:716][  0]LogLinker:Warning: Asset '../../../../../../Users/ntanc_000/Desktop/DigitalHorrorGame/DigitalHorrorGame/GDDHorrorGame/Content/Mannequin/Animations/ThirdPerson_Jump.uasset' has been saved with empty engine version. The asset will be loaded but may be incompatible.
[2015.12.23-18.24.02:719][  0]LogLinker:Warning: Asset '../../../../../../Users/ntanc_000/Desktop/DigitalHorrorGame/DigitalHorrorGame/GDDHorrorGame/Content/Mannequin/Animations/ThirdPersonJump_Loop.uasset' has been saved with empty engine version. The asset will be loaded but may be incompatible.
[2015.12.23-18.24.02:721][  0]LogLinker:Warning: Asset '../../../../../../Users/ntanc_000/Desktop/DigitalHorrorGame/DigitalHorrorGame/GDDHorrorGame/Content/Mannequin/Animations/ThirdPersonJump_Start.uasset' has been saved with empty engine version. The asset will be loaded but may be incompatible.
[2015.12.23-18.24.02:724][  0]LogLinker:Warning: Asset '../../../../../../Users/ntanc_000/Desktop/DigitalHorrorGame/DigitalHorrorGame/GDDHorrorGame/Content/Mannequin/Animations/ThirdPerson_IdleRun_2D.uasset' has been saved with empty engine version. The asset will be loaded but may be incompatible.
[2015.12.23-18.24.02:726][  0]LogLinker:Warning: Asset '../../../../../../Users/ntanc_000/Desktop/DigitalHorrorGame/DigitalHorrorGame/GDDHorrorGame/Content/Mannequin/Animations/ThirdPersonIdle.uasset' has been saved with empty engine version. The asset will be loaded but may be incompatible.
[2015.12.23-18.24.10:147][  0]LogAIModule: Creating AISystem for world ThirdPersonExampleMap
[2015.12.23-18.24.10:177][  0]LogPhysics:Warning: FConstraintInstance::GetRefFrame : Contained scale.
[2015.12.23-18.24.10:177][  0]LogPhysics:Warning: FConstraintInstance::GetRefFrame : Contained scale.
[2015.12.23-18.24.10:212][  0]LogEditorServer: Finished looking for orphan Actors (0.000 secs)
[2015.12.23-18.24.10:214][  0]Cmd: MAP CHECKDEP NOCLEARLOG
[2015.12.23-18.24.10:361][  0]MapCheck: Info Map check complete: 0 Error(s), 0 Warning(s), took 146.174ms to complete.
[2015.12.23-18.24.10:361][  0]LogFileHelpers: Loading map 'ThirdPersonExampleMap' took 7.783
[2015.12.23-18.24.10:594][  0]LogCollectionManager: Loaded 0 collections in 0.003255 seconds
[2015.12.23-18.24.10:649][  0]LogFileCache: Scanning file cache for directory 'C:/Users/ntanc_000/Desktop/DigitalHorrorGame/DigitalHorrorGame/GDDHorrorGame/Saved/Collections/' took 0.01s
[2015.12.23-18.24.10:649][  0]LogFileCache: Scanning file cache for directory 'C:/Users/ntanc_000/Desktop/DigitalHorrorGame/DigitalHorrorGame/GDDHorrorGame/Content/Developers/ntanc000/Collections/' took 0.01s
[2015.12.23-18.24.10:649][  0]LogFileCache: Scanning file cache for directory 'C:/Users/ntanc_000/Desktop/DigitalHorrorGame/DigitalHorrorGame/GDDHorrorGame/Content/Collections/' took 0.01s
[2015.12.23-18.24.10:649][  0]LogContentBrowser: Native class hierarchy populated in 0.0095 seconds. Added 1867 classes and 333 folders.
[2015.12.23-18.24.10:676][  0]LogCollectionManager: Rebuilt the GUID cache for 0 collections in 0.000003 seconds
[2015.12.23-18.24.10:693][  0]LogContentBrowser: Native class hierarchy updated for 'WidgetCarousel' in 0.0004 seconds. Added 0 classes and 0 folders.
[2015.12.23-18.24.10:840][  0]LogContentBrowser: Native class hierarchy updated for 'AddContentDialog' in 0.0004 seconds. Added 0 classes and 0 folders.
[2015.12.23-18.24.10:863][  0]LogContentBrowser: Native class hierarchy updated for 'SceneOutliner' in 0.0005 seconds. Added 1 classes and 2 folders.
[2015.12.23-18.24.11:061][  0]LogCrashTracker: Crashtracker disabled due to settings.
[2015.12.23-18.24.11:073][  0]LogUObjectGlobals:Warning: Failed to find object 'Class None.'
[2015.12.23-18.24.11:100][  0]LogLoad: Full Startup: 19.83 seconds (BP compile: 0.95 seconds)
[2015.12.23-18.24.11:508][  0]LogContentStreaming: Texture pool size now 1000 MB
[2015.12.23-18.24.11:629][  0]LogRenderer: Reallocating scene render targets to support 912x480 (Frame:2).
[2015.12.23-18.24.18:448][ 21]LogAssetRegistry: Asset discovery search completed in 18.9662 seconds
[2015.12.23-18.24.18:448][ 21]LogCollectionManager: Rebuilt the object cache for 0 collections in 0.000002 seconds (found 0 objects)
[2015.12.23-18.24.18:448][ 21]LogCollectionManager: Fixed up redirectors for 0 collections in 0.000068 seconds (updated 0 objects)
[2015.12.23-18.25.41:933][531]LogEditorViewport: Clicking on Actor (LMB): BP_CrawlspacePhotos_C (BP_CrawlspacePhotos)
[2015.12.23-18.25.46:042][754]LogLinker:Warning: Asset '../../../Engine/Content/ArtTools/RenderToTexture/Macros/RenderToTextureMacros.uasset' has been saved with empty engine version. The asset will be loaded but may be incompatible.
[2015.12.23-18.25.46:550][754]LogContentBrowser: Native class hierarchy updated for 'BlueprintGraph' in 0.0007 seconds. Added 107 classes and 0 folders.
[2015.12.23-18.25.50:038][902]LogRenderer: Reallocating scene render targets to support 1528x984 (Frame:887).
[2015.12.23-18.25.58:893][345]LogSCSEditor:Warning: Calling UpdateTree() from Tick() more frequently than expected due to invalid tree node state. This might be a performance issue.
[2015.12.23-18.26.00:918][455]LogSavePackage: Save=41.307713ms
[2015.12.23-18.26.00:919][455]LogSavePackage: Moving '../../../../../../Users/ntanc_000/Desktop/DigitalHorrorGame/DigitalHorrorGame/GDDHorrorGame/Saved/BP_CrawlspacePhotos7AD8CF2844EF0F204C452F8029DDB3A2.tmp' to '../../../../../../Users/ntanc_000/Desktop/DigitalHorrorGame/DigitalHorrorGame/GDDHorrorGame/Content/ThirdPersonBP/Blueprints/ItemBlueprints/BP_CrawlspacePhotos.uasset'
[2015.12.23-18.26.00:922][455]LogSavePackage: Total save time: 59.030045ms
[2015.12.23-18.26.00:922][455]LogSavePackage:Warning: Finished SavePackage ../../../../../../Users/ntanc_000/Desktop/DigitalHorrorGame/DigitalHorrorGame/GDDHorrorGame/Content/ThirdPersonBP/Blueprints/ItemBlueprints/BP_CrawlspacePhotos.uasset
[2015.12.23-18.26.01:579][494]BlueprintLog: New page: Compile BP_CrawlspacePhotos
[2015.12.23-18.26.01:853][494]BlueprintEditorCompileResults: Info [0130.59] Compile of BP_CrawlspacePhotos successful! [in 273 ms]
[2015.12.23-18.26.19:092][404]LogParticles: Destroying 0 GPU particle simulations for FXSystem 0x000001C7EE7B3240
[2015.12.23-18.26.37:227][386]LogSavePackage: Save=1175.139526ms
[2015.12.23-18.26.37:227][386]LogSavePackage: Moving '../../../../../../Users/ntanc_000/Desktop/DigitalHorrorGame/DigitalHorrorGame/GDDHorrorGame/Saved/ThirdPersonExampleMapC2B4EB574B578D44FC7BCB98898C6C71.tmp' to '../../../../../../Users/ntanc_000/Desktop/DigitalHorrorGame/DigitalHorrorGame/GDDHorrorGame/Content/ThirdPersonBP/Maps/ThirdPersonExampleMap.umap'
[2015.12.23-18.26.37:231][386]LogSavePackage: Total save time: 1202.725895ms
[2015.12.23-18.26.37:231][386]LogSavePackage:Warning: Finished SavePackage ../../../../../../Users/ntanc_000/Desktop/DigitalHorrorGame/DigitalHorrorGame/GDDHorrorGame/Content/ThirdPersonBP/Maps/ThirdPersonExampleMap.umap
[2015.12.23-18.27.51:603][641]LogEditorViewport: Clicking on Actor (LMB): StaticMeshActor (Bed2)
[2015.12.23-18.27.56:388][922]LogEditorViewport: Clicking on Actor (context menu): StaticMeshActor (Bed2)
[2015.12.23-18.28.06:053][490]LogEditorViewport: Clicking on Actor (LMB): BP_Bed_C (BP_Bed)
[2015.12.23-18.28.29:105][694]LogMaterial: Missing cached shader map for material Material__203, compiling. 
[2015.12.23-18.28.29:133][694]LogStaticMesh: Building static mesh bed...
[2015.12.23-18.28.29:188][694]LogStaticMesh: Built static mesh [0.055228.2s] /Game/ThirdPersonBP/Custom_Props/bed.bed
[2015.12.23-18.29.59:907][152]LogSavePackage: Save=1117.729126ms
[2015.12.23-18.29.59:907][152]LogSavePackage: Moving '../../../../../../Users/ntanc_000/Desktop/DigitalHorrorGame/DigitalHorrorGame/GDDHorrorGame/Saved/ThirdPersonExampleMap986D25D5428F8A9375F1AFA13B1D002C.tmp' to '../../../../../../Users/ntanc_000/Desktop/DigitalHorrorGame/DigitalHorrorGame/GDDHorrorGame/Content/ThirdPersonBP/Maps/ThirdPersonExampleMap.umap'
[2015.12.23-18.29.59:911][152]LogSavePackage: Total save time: 1127.633750ms
[2015.12.23-18.29.59:912][152]LogSavePackage:Warning: Finished SavePackage ../../../../../../Users/ntanc_000/Desktop/DigitalHorrorGame/DigitalHorrorGame/GDDHorrorGame/Content/ThirdPersonBP/Maps/ThirdPersonExampleMap.umap
[2015.12.23-18.30.05:274][419]LogSavePackage: Save=25.969532ms
[2015.12.23-18.30.05:274][419]LogSavePackage: Moving '../../../../../../Users/ntanc_000/Desktop/DigitalHorrorGame/DigitalHorrorGame/GDDHorrorGame/Saved/BP_Bed133D125744CCFFAC68A3BFB97E11FE65.tmp' to '../../../../../../Users/ntanc_000/Desktop/DigitalHorrorGame/DigitalHorrorGame/GDDHorrorGame/Content/ThirdPersonBP/Blueprints/ItemBlueprints/BP_Bed.uasset'
[2015.12.23-18.30.05:277][419]LogSavePackage: Total save time: 33.097558ms
[2015.12.23-18.30.05:277][419]LogSavePackage:Warning: Finished SavePackage ../../../../../../Users/ntanc_000/Desktop/DigitalHorrorGame/DigitalHorrorGame/GDDHorrorGame/Content/ThirdPersonBP/Blueprints/ItemBlueprints/BP_Bed.uasset
[2015.12.23-18.30.06:908][492]BlueprintLog: New page: Compile BP_Bed
[2015.12.23-18.30.07:029][492]BlueprintEditorCompileResults: Info [0375.76] Compile of BP_Bed successful! [in 121 ms]
[2015.12.23-18.30.32:533][609]LogMaterial: Missing cached shader map for material Material_0, compiling. 
[2015.12.23-18.30.32:701][613]LogMaterial: Missing cached shader map for material Material_1, compiling. 
[2015.12.23-18.30.37:913][744]LogRenderer: Reallocating scene render targets to support 1912x1284 (Frame:17129).
[2015.12.23-18.30.52:272][473]LogSavePackage: Save=8.820183ms
[2015.12.23-18.30.52:272][473]LogSavePackage: Moving '../../../../../../Users/ntanc_000/Desktop/DigitalHorrorGame/DigitalHorrorGame/GDDHorrorGame/Saved/bed025E8C1E4EB7175FE69DF287F1039D87.tmp' to '../../../../../../Users/ntanc_000/Desktop/DigitalHorrorGame/DigitalHorrorGame/GDDHorrorGame/Content/ThirdPersonBP/Custom_Props/bed.uasset'
[2015.12.23-18.30.52:274][473]LogSavePackage: Total save time: 17.166294ms
[2015.12.23-18.30.52:274][473]LogSavePackage:Warning: Finished SavePackage ../../../../../../Users/ntanc_000/Desktop/DigitalHorrorGame/DigitalHorrorGame/GDDHorrorGame/Content/ThirdPersonBP/Custom_Props/bed.uasset
[2015.12.23-18.30.56:807][717]LogBlueprintUserMessages: Early PlayInEditor Detection: Level '/Game/ThirdPersonBP/Maps/ThirdPersonExampleMap.ThirdPersonExampleMap:PersistentLevel' has LevelScriptBlueprint '/Game/ThirdPersonBP/Maps/ThirdPersonExampleMap.ThirdPersonExampleMap:PersistentLevel.ThirdPersonExampleMap' with GeneratedClass '/Game/ThirdPersonBP/Maps/ThirdPersonExampleMap.ThirdPersonExampleMap_C' with ClassGeneratedBy '/Game/ThirdPersonBP/Maps/ThirdPersonExampleMap.ThirdPersonExampleMap:PersistentLevel.ThirdPersonExampleMap'
[2015.12.23-18.30.56:807][717]LogPlayLevel: PlayLevel: No blueprints needed recompiling
[2015.12.23-18.30.56:810][717]PIE: New page: PIE session: ThirdPersonExampleMap (Dec 23, 2015, 8:30:56 AM)
[2015.12.23-18.30.56:810][717]LogPlayLevel: Creating play world package: /Game/ThirdPersonBP/Maps/UEDPIE_0_ThirdPersonExampleMap
[2015.12.23-18.30.56:940][717]LogPlayLevel: PIE: StaticDuplicateObject took: (0.129844s)
[2015.12.23-18.30.56:941][717]LogAIModule: Creating AISystem for world ThirdPersonExampleMap
[2015.12.23-18.30.56:942][717]LogPlayLevel: PIE: World Init took: (0.000867s)
[2015.12.23-18.30.56:942][717]LogPlayLevel: PIE: Created PIE world by copying editor world from /Game/ThirdPersonBP/Maps/ThirdPersonExampleMap.ThirdPersonExampleMap to /Game/ThirdPersonBP/Maps/UEDPIE_0_ThirdPersonExampleMap.ThirdPersonExampleMap (0.131160s)
[2015.12.23-18.30.56:972][717]LogParticles: Destroying 0 GPU particle simulations for FXSystem 0x000001C7EE7B1D00
[2015.12.23-18.30.56:982][717]LogInit: XAudio2 using 'Speakers (Sound Blaster Recon3Di)' : 2 channels at 48 kHz using 32 bits per sample (channel mask 0x3)
[2015.12.23-18.30.56:989][717]LogInit: FAudioDevice initialized.
[2015.12.23-18.30.57:086][717]LogWorld: Game class is 'NewGameMode_C'
[2015.12.23-18.30.57:100][717]LogPhysics:Warning: FConstraintInstance::GetRefFrame : Contained scale.
[2015.12.23-18.30.57:100][717]LogPhysics:Warning: FConstraintInstance::GetRefFrame : Contained scale.
[2015.12.23-18.30.57:104][717]LogWorld: Bringing World /Game/ThirdPersonBP/Maps/UEDPIE_0_ThirdPersonExampleMap.ThirdPersonExampleMap up for play (max tick rate 60) at 2015.12.23-13.30.57
[2015.12.23-18.30.57:104][717]LogActor:Warning: GameSession /Game/ThirdPersonBP/Maps/UEDPIE_0_ThirdPersonExampleMap.ThirdPersonExampleMap:PersistentLevel.GameSession_0 has natively added scene component(s), but none of them were set as the actor's RootComponent - picking one arbitrarily
[2015.12.23-18.30.57:105][717]LogActor:Warning: GameNetworkManager /Game/ThirdPersonBP/Maps/UEDPIE_0_ThirdPersonExampleMap.ThirdPersonExampleMap:PersistentLevel.GameNetworkManager_0 has natively added scene component(s), but none of them were set as the actor's RootComponent - picking one arbitrarily
[2015.12.23-18.30.57:108][717]LogWorld: Bringing up level for play took: 0.018261
[2015.12.23-18.30.57:116][717]PIE: Info Play in editor start time for /Game/ThirdPersonBP/Maps/UEDPIE_0_ThirdPersonExampleMap -0.045
[2015.12.23-18.30.57:116][717]LogBlueprintUserMessages: Late PlayInEditor Detection: Level '/Game/ThirdPersonBP/Maps/ThirdPersonExampleMap.ThirdPersonExampleMap:PersistentLevel' has LevelScriptBlueprint '/Game/ThirdPersonBP/Maps/ThirdPersonExampleMap.ThirdPersonExampleMap:PersistentLevel.ThirdPersonExampleMap' with GeneratedClass '/Game/ThirdPersonBP/Maps/ThirdPersonExampleMap.ThirdPersonExampleMap_C' with ClassGeneratedBy '/Game/ThirdPersonBP/Maps/ThirdPersonExampleMap.ThirdPersonExampleMap:PersistentLevel.ThirdPersonExampleMap'
[2015.12.23-18.30.57:218][718]LogRenderTargetPool:Warning: r.RenderTargetPoolMin exceeded 406/400 MB (ok in editor, bad on fixed memory platform)
[2015.12.23-18.30.58:715][800]LogScript:Warning: Accessed None 'Physics Handle'
	ThirdPersonCharacter_C /Game/ThirdPersonBP/Maps/UEDPIE_0_ThirdPersonExampleMap.ThirdPersonExampleMap:PersistentLevel.ThirdPersonCharacter_C_0
	Function /Game/ThirdPersonBP/Blueprints/ThirdPersonCharacter.ThirdPersonCharacter_C:ExecuteUbergraph_ThirdPersonCharacter:1350
[2015.12.23-18.30.58:715][800]PIE:Error: Error Accessed None 'Physics Handle' from node Set Target Location and Rotation in graph 'EventGraph' in blueprint ThirdPersonCharacter
[2015.12.23-18.30.58:729][801]LogScript:Warning: Accessed None 'Physics Handle'
	ThirdPersonCharacter_C /Game/ThirdPersonBP/Maps/UEDPIE_0_ThirdPersonExampleMap.ThirdPersonExampleMap:PersistentLevel.ThirdPersonCharacter_C_0
	Function /Game/ThirdPersonBP/Blueprints/ThirdPersonCharacter.ThirdPersonCharacter_C:ExecuteUbergraph_ThirdPersonCharacter:1350
[2015.12.23-18.30.58:729][801]PIE:Error: Error Accessed None 'Physics Handle' from node Set Target Location and Rotation in graph 'EventGraph' in blueprint ThirdPersonCharacter
[2015.12.23-18.30.58:748][802]LogScript:Warning: Accessed None 'Physics Handle'
	ThirdPersonCharacter_C /Game/ThirdPersonBP/Maps/UEDPIE_0_ThirdPersonExampleMap.ThirdPersonExampleMap:PersistentLevel.ThirdPersonCharacter_C_0
	Function /Game/ThirdPersonBP/Blueprints/ThirdPersonCharacter.ThirdPersonCharacter_C:ExecuteUbergraph_ThirdPersonCharacter:1350
[2015.12.23-18.30.58:748][802]PIE:Error: Error Accessed None 'Physics Handle' from node Set Target Location and Rotation in graph 'EventGraph' in blueprint ThirdPersonCharacter
[2015.12.23-18.30.58:764][803]LogScript:Warning: Accessed None 'Physics Handle'
	ThirdPersonCharacter_C /Game/ThirdPersonBP/Maps/UEDPIE_0_ThirdPersonExampleMap.ThirdPersonExampleMap:PersistentLevel.ThirdPersonCharacter_C_0
	Function /Game/ThirdPersonBP/Blueprints/ThirdPersonCharacter.ThirdPersonCharacter_C:ExecuteUbergraph_ThirdPersonCharacter:1350
[2015.12.23-18.30.58:764][803]PIE:Error: Error Accessed None 'Physics Handle' from node Set Target Location and Rotation in graph 'EventGraph' in blueprint ThirdPersonCharacter
[2015.12.23-18.30.58:782][804]LogScript:Warning: Accessed None 'Physics Handle'
	ThirdPersonCharacter_C /Game/ThirdPersonBP/Maps/UEDPIE_0_ThirdPersonExampleMap.ThirdPersonExampleMap:PersistentLevel.ThirdPersonCharacter_C_0
	Function /Game/ThirdPersonBP/Blueprints/ThirdPersonCharacter.ThirdPersonCharacter_C:ExecuteUbergraph_ThirdPersonCharacter:1139
[2015.12.23-18.30.58:782][804]PIE:Error: Error Accessed None 'Physics Handle' from node Release Component in graph 'EventGraph' in blueprint ThirdPersonCharacter
[2015.12.23-18.30.58:782][804]LogScript:Warning: Accessed None 'Physics Object'
	ThirdPersonCharacter_C /Game/ThirdPersonBP/Maps/UEDPIE_0_ThirdPersonExampleMap.ThirdPersonExampleMap:PersistentLevel.ThirdPersonCharacter_C_0
	Function /Game/ThirdPersonBP/Blueprints/ThirdPersonCharacter.ThirdPersonCharacter_C:ExecuteUbergraph_ThirdPersonCharacter:119F
[2015.12.23-18.30.58:783][804]PIE:Error: Error Accessed None 'Physics Object' from node Set Collision Response to Channel in graph 'EventGraph' in blueprint ThirdPersonCharacter
[2015.12.23-18.31.11:490][549]LogScript:Warning: Accessed None 'Physics Handle'
	ThirdPersonCharacter_C /Game/ThirdPersonBP/Maps/UEDPIE_0_ThirdPersonExampleMap.ThirdPersonExampleMap:PersistentLevel.ThirdPersonCharacter_C_0
	Function /Game/ThirdPersonBP/Blueprints/ThirdPersonCharacter.ThirdPersonCharacter_C:ExecuteUbergraph_ThirdPersonCharacter:1350
[2015.12.23-18.31.11:490][549]PIE:Error: Error Accessed None 'Physics Handle' from node Set Target Location and Rotation in graph 'EventGraph' in blueprint ThirdPersonCharacter
[2015.12.23-18.31.11:501][550]LogScript:Warning: Accessed None 'Physics Handle'
	ThirdPersonCharacter_C /Game/ThirdPersonBP/Maps/UEDPIE_0_ThirdPersonExampleMap.ThirdPersonExampleMap:PersistentLevel.ThirdPersonCharacter_C_0
	Function /Game/ThirdPersonBP/Blueprints/ThirdPersonCharacter.ThirdPersonCharacter_C:ExecuteUbergraph_ThirdPersonCharacter:1350
[2015.12.23-18.31.11:501][550]PIE:Error: Error Accessed None 'Physics Handle' from node Set Target Location and Rotation in graph 'EventGraph' in blueprint ThirdPersonCharacter
[2015.12.23-18.31.11:520][551]LogScript:Warning: Accessed None 'Physics Handle'
	ThirdPersonCharacter_C /Game/ThirdPersonBP/Maps/UEDPIE_0_ThirdPersonExampleMap.ThirdPersonExampleMap:PersistentLevel.ThirdPersonCharacter_C_0
	Function /Game/ThirdPersonBP/Blueprints/ThirdPersonCharacter.ThirdPersonCharacter_C:ExecuteUbergraph_ThirdPersonCharacter:1350
[2015.12.23-18.31.11:521][551]PIE:Error: Error Accessed None 'Physics Handle' from node Set Target Location and Rotation in graph 'EventGraph' in blueprint ThirdPersonCharacter
[2015.12.23-18.31.11:535][552]LogScript:Warning: Accessed None 'Physics Handle'
	ThirdPersonCharacter_C /Game/ThirdPersonBP/Maps/UEDPIE_0_ThirdPersonExampleMap.ThirdPersonExampleMap:PersistentLevel.ThirdPersonCharacter_C_0
	Function /Game/ThirdPersonBP/Blueprints/ThirdPersonCharacter.ThirdPersonCharacter_C:ExecuteUbergraph_ThirdPersonCharacter:1350
[2015.12.23-18.31.11:535][552]PIE:Error: Error Accessed None 'Physics Handle' from node Set Target Location and Rotation in graph 'EventGraph' in blueprint ThirdPersonCharacter
[2015.12.23-18.31.11:553][553]LogScript:Warning: Accessed None 'Physics Handle'
	ThirdPersonCharacter_C /Game/ThirdPersonBP/Maps/UEDPIE_0_ThirdPersonExampleMap.ThirdPersonExampleMap:PersistentLevel.ThirdPersonCharacter_C_0
	Function /Game/ThirdPersonBP/Blueprints/ThirdPersonCharacter.ThirdPersonCharacter_C:ExecuteUbergraph_ThirdPersonCharacter:1350
[2015.12.23-18.31.11:554][553]PIE:Error: Error Accessed None 'Physics Handle' from node Set Target Location and Rotation in graph 'EventGraph' in blueprint ThirdPersonCharacter
[2015.12.23-18.31.11:568][554]LogScript:Warning: Accessed None 'Physics Handle'
	ThirdPersonCharacter_C /Game/ThirdPersonBP/Maps/UEDPIE_0_ThirdPersonExampleMap.ThirdPersonExampleMap:PersistentLevel.ThirdPersonCharacter_C_0
	Function /Game/ThirdPersonBP/Blueprints/ThirdPersonCharacter.ThirdPersonCharacter_C:ExecuteUbergraph_ThirdPersonCharacter:1139
[2015.12.23-18.31.11:569][554]PIE:Error: Error Accessed None 'Physics Handle' from node Release Component in graph 'EventGraph' in blueprint ThirdPersonCharacter
[2015.12.23-18.31.11:569][554]LogScript:Warning: Accessed None 'Physics Object'
	ThirdPersonCharacter_C /Game/ThirdPersonBP/Maps/UEDPIE_0_ThirdPersonExampleMap.ThirdPersonExampleMap:PersistentLevel.ThirdPersonCharacter_C_0
	Function /Game/ThirdPersonBP/Blueprints/ThirdPersonCharacter.ThirdPersonCharacter_C:ExecuteUbergraph_ThirdPersonCharacter:119F
[2015.12.23-18.31.11:569][554]PIE:Error: Error Accessed None 'Physics Object' from node Set Collision Response to Channel in graph 'EventGraph' in blueprint ThirdPersonCharacter
[2015.12.23-18.31.11:887][573]LogScript:Warning: Accessed None 'Physics Handle'
	ThirdPersonCharacter_C /Game/ThirdPersonBP/Maps/UEDPIE_0_ThirdPersonExampleMap.ThirdPersonExampleMap:PersistentLevel.ThirdPersonCharacter_C_0
	Function /Game/ThirdPersonBP/Blueprints/ThirdPersonCharacter.ThirdPersonCharacter_C:ExecuteUbergraph_ThirdPersonCharacter:1350
[2015.12.23-18.31.11:888][573]PIE:Error: Error Accessed None 'Physics Handle' from node Set Target Location and Rotation in graph 'EventGraph' in blueprint ThirdPersonCharacter
[2015.12.23-18.31.11:902][574]LogScript:Warning: Accessed None 'Physics Handle'
	ThirdPersonCharacter_C /Game/ThirdPersonBP/Maps/UEDPIE_0_ThirdPersonExampleMap.ThirdPersonExampleMap:PersistentLevel.ThirdPersonCharacter_C_0
	Function /Game/ThirdPersonBP/Blueprints/ThirdPersonCharacter.ThirdPersonCharacter_C:ExecuteUbergraph_ThirdPersonCharacter:1350
[2015.12.23-18.31.11:902][574]PIE:Error: Error Accessed None 'Physics Handle' from node Set Target Location and Rotation in graph 'EventGraph' in blueprint ThirdPersonCharacter
[2015.12.23-18.31.11:920][575]LogScript:Warning: Accessed None 'Physics Handle'
	ThirdPersonCharacter_C /Game/ThirdPersonBP/Maps/UEDPIE_0_ThirdPersonExampleMap.ThirdPersonExampleMap:PersistentLevel.ThirdPersonCharacter_C_0
	Function /Game/ThirdPersonBP/Blueprints/ThirdPersonCharacter.ThirdPersonCharacter_C:ExecuteUbergraph_ThirdPersonCharacter:1350
[2015.12.23-18.31.11:921][575]PIE:Error: Error Accessed None 'Physics Handle' from node Set Target Location and Rotation in graph 'EventGraph' in blueprint ThirdPersonCharacter
[2015.12.23-18.31.11:935][576]LogScript:Warning: Accessed None 'Physics Handle'
	ThirdPersonCharacter_C /Game/ThirdPersonBP/Maps/UEDPIE_0_ThirdPersonExampleMap.ThirdPersonExampleMap:PersistentLevel.ThirdPersonCharacter_C_0
	Function /Game/ThirdPersonBP/Blueprints/ThirdPersonCharacter.ThirdPersonCharacter_C:ExecuteUbergraph_ThirdPersonCharacter:1350
[2015.12.23-18.31.11:935][576]PIE:Error: Error Accessed None 'Physics Handle' from node Set Target Location and Rotation in graph 'EventGraph' in blueprint ThirdPersonCharacter
[2015.12.23-18.31.11:953][577]PIE:Error: Error Accessed None 'Physics Handle' from node Set Target Location and Rotation in graph 'EventGraph' in blueprint ThirdPersonCharacter
[2015.12.23-18.31.11:969][578]PIE:Error: Error Accessed None 'Physics Handle' from node Set Target Location and Rotation in graph 'EventGraph' in blueprint ThirdPersonCharacter
[2015.12.23-18.31.11:987][579]PIE:Error: Error Accessed None 'Physics Handle' from node Release Component in graph 'EventGraph' in blueprint ThirdPersonCharacter
[2015.12.23-18.31.11:988][579]PIE:Error: Error Accessed None 'Physics Object' from node Set Collision Response to Channel in graph 'EventGraph' in blueprint ThirdPersonCharacter
[2015.12.23-18.31.12:138][588]PIE:Error: Error Accessed None 'Physics Handle' from node Set Target Location and Rotation in graph 'EventGraph' in blueprint ThirdPersonCharacter
[2015.12.23-18.31.12:156][589]PIE:Error: Error Accessed None 'Physics Handle' from node Set Target Location and Rotation in graph 'EventGraph' in blueprint ThirdPersonCharacter
[2015.12.23-18.31.12:173][590]PIE:Error: Error Accessed None 'Physics Handle' from node Set Target Location and Rotation in graph 'EventGraph' in blueprint ThirdPersonCharacter
[2015.12.23-18.31.12:191][591]PIE:Error: Error Accessed None 'Physics Handle' from node Set Target Location and Rotation in graph 'EventGraph' in blueprint ThirdPersonCharacter
[2015.12.23-18.31.12:208][592]PIE:Error: Error Accessed None 'Physics Handle' from node Set Target Location and Rotation in graph 'EventGraph' in blueprint ThirdPersonCharacter
[2015.12.23-18.31.12:225][593]PIE:Error: Error Accessed None 'Physics Handle' from node Set Target Location and Rotation in graph 'EventGraph' in blueprint ThirdPersonCharacter
[2015.12.23-18.31.12:242][594]PIE:Error: Error Accessed None 'Physics Handle' from node Release Component in graph 'EventGraph' in blueprint ThirdPersonCharacter
[2015.12.23-18.31.12:242][594]PIE:Error: Error Accessed None 'Physics Object' from node Set Collision Response to Channel in graph 'EventGraph' in blueprint ThirdPersonCharacter
[2015.12.23-18.31.18:092][940]LogBlueprintUserMessages: [BP_BedWindow_C_1] Interacting with Window
[2015.12.23-18.31.22:106][177]LogBlueprintUserMessages: Early EndPlayMap Detection: Level '/Game/ThirdPersonBP/Maps/ThirdPersonExampleMap.ThirdPersonExampleMap:PersistentLevel' has LevelScriptBlueprint '/Game/ThirdPersonBP/Maps/ThirdPersonExampleMap.ThirdPersonExampleMap:PersistentLevel.ThirdPersonExampleMap' with GeneratedClass '/Game/ThirdPersonBP/Maps/ThirdPersonExampleMap.ThirdPersonExampleMap_C' with ClassGeneratedBy '/Game/ThirdPersonBP/Maps/ThirdPersonExampleMap.ThirdPersonExampleMap:PersistentLevel.ThirdPersonExampleMap'
[2015.12.23-18.31.22:169][177]LogBlueprintUserMessages: Late EndPlayMap Detection: Level '/Game/ThirdPersonBP/Maps/ThirdPersonExampleMap.ThirdPersonExampleMap:PersistentLevel' has LevelScriptBlueprint '/Game/ThirdPersonBP/Maps/ThirdPersonExampleMap.ThirdPersonExampleMap:PersistentLevel.ThirdPersonExampleMap' with GeneratedClass '/Game/ThirdPersonBP/Maps/ThirdPersonExampleMap.ThirdPersonExampleMap_C' with ClassGeneratedBy '/Game/ThirdPersonBP/Maps/ThirdPersonExampleMap.ThirdPersonExampleMap:PersistentLevel.ThirdPersonExampleMap'
[2015.12.23-18.31.22:204][177]LogParticles: Destroying 0 GPU particle simulations for FXSystem 0x000001C7AF7598A0
[2015.12.23-18.31.22:261][178]LogRenderTargetPool:Warning: r.RenderTargetPoolMin exceeded 426/400 MB (ok in editor, bad on fixed memory platform)
[2015.12.23-18.31.33:346][607]LogSavePackage: Save=1155.032959ms
[2015.12.23-18.31.33:346][607]LogSavePackage: Moving '../../../../../../Users/ntanc_000/Desktop/DigitalHorrorGame/DigitalHorrorGame/GDDHorrorGame/Saved/ThirdPersonExampleMap6992F387465BD7CFB56722B081F90EFF.tmp' to '../../../../../../Users/ntanc_000/Desktop/DigitalHorrorGame/DigitalHorrorGame/GDDHorrorGame/Content/ThirdPersonBP/Maps/ThirdPersonExampleMap.umap'
[2015.12.23-18.31.33:350][607]LogSavePackage: Total save time: 1163.132407ms
[2015.12.23-18.31.33:350][607]LogSavePackage:Warning: Finished SavePackage ../../../../../../Users/ntanc_000/Desktop/DigitalHorrorGame/DigitalHorrorGame/GDDHorrorGame/Content/ThirdPersonBP/Maps/ThirdPersonExampleMap.umap
[2015.12.23-18.31.33:395][607]LogFileHelpers: Saving map 'ThirdPersonExampleMap' took 1.387
[2015.12.23-18.31.33:642][607]LogWindowsTextInputMethodSystem:Display: IME system now deactivated.
[2015.12.23-18.31.33:642][607]LogWindowsTextInputMethodSystem:Display: IME system now deactivated.
[2015.12.23-18.31.34:022][608]Cmd: QUIT_EDITOR
[2015.12.23-18.31.35:271][608]LogExit: Preparing to exit.
[2015.12.23-18.31.35:634][608]LogExit: Editor shut down
[2015.12.23-18.31.35:635][608]LogExit: Transaction tracking system shut down
[2015.12.23-18.31.35:669][608]LogParticles: Destroying 0 GPU particle simulations for FXSystem 0x000001C79AFBA020
[2015.12.23-18.31.35:670][608]LogParticles: Destroying 0 GPU particle simulations for FXSystem 0x000001C7DA7BFD80
[2015.12.23-18.31.35:672][608]LogParticles: Destroying 0 GPU particle simulations for FXSystem 0x000001C7E117A5C0
[2015.12.23-18.31.35:672][608]LogParticles: Destroying 0 GPU particle simulations for FXSystem 0x000001C7AABB4D60
[2015.12.23-18.31.35:672][608]LogParticles: Destroying 0 GPU particle simulations for FXSystem 0x000001C7AE14E020
[2015.12.23-18.31.35:672][608]LogParticles: Destroying 0 GPU particle simulations for FXSystem 0x000001C7AE14E660
[2015.12.23-18.31.35:677][608]LogParticles: Destroying 0 GPU particle simulations for FXSystem 0x000001C7E7B723E0
[2015.12.23-18.31.35:677][608]LogParticles: Destroying 0 GPU particle simulations for FXSystem 0x000001C7A74D1A80
[2015.12.23-18.31.35:934][608]LogExit: Object subsystem successfully closed.
[2015.12.23-18.31.35:972][608]LogD3D11RHI: Shutdown
[2015.12.23-18.31.35:972][608]LogD3D11RHI: CleanupD3DDevice
[2015.12.23-18.31.36:084][608]LogD3D11RHI: ~FD3D11DynamicRHI
[2015.12.23-18.31.36:110][608]LogModuleManager: Shutting down and abandoning module StaticMeshEditor (199)
[2015.12.23-18.31.36:110][608]LogModuleManager: Shutting down and abandoning module BlueprintGraph (198)
[2015.12.23-18.31.36:110][608]LogModuleManager: Shutting down and abandoning module CrashTracker (197)
[2015.12.23-18.31.36:110][608]LogModuleManager: Shutting down and abandoning module SceneOutliner (196)
[2015.12.23-18.31.36:110][608]LogModuleManager: Shutting down and abandoning module SuperSearch (195)
[2015.12.23-18.31.36:110][608]LogModuleManager: Shutting down and abandoning module WidgetCarousel (194)
[2015.12.23-18.31.36:110][608]LogModuleManager: Shutting down and abandoning module AddContentDialog (193)
[2015.12.23-18.31.36:113][608]LogModuleManager: Shutting down and abandoning module EditorWidgets (192)
[2015.12.23-18.31.36:113][608]LogModuleManager: Shutting down and abandoning module CollectionManager (191)
[2015.12.23-18.31.36:113][608]LogModuleManager: Shutting down and abandoning module StatsViewer (190)
[2015.12.23-18.31.36:114][608]LogModuleManager: Shutting down and abandoning module FoliageEdit (189)
[2015.12.23-18.31.36:114][608]LogModuleManager: Shutting down and abandoning module LandscapeEditor (188)
[2015.12.23-18.31.36:114][608]LogModuleManager: Shutting down and abandoning module ActorPickerMode (187)
[2015.12.23-18.31.36:114][608]LogModuleManager: Shutting down and abandoning module GeometryMode (186)
[2015.12.23-18.31.36:114][608]LogModuleManager: Shutting down and abandoning module TextureAlignMode (185)
[2015.12.23-18.31.36:114][608]LogModuleManager: Shutting down and abandoning module BspMode (184)
[2015.12.23-18.31.36:114][608]LogModuleManager: Shutting down and abandoning module PlacementMode (183)
[2015.12.23-18.31.36:114][608]LogModuleManager: Shutting down and abandoning module AutomationWorker (182)
[2015.12.23-18.31.36:114][608]LogModuleManager: Shutting down and abandoning module CharacterAI (181)
[2015.12.23-18.31.36:114][608]LogModuleManager: Shutting down and abandoning module SmartSnapping (180)
[2015.12.23-18.31.36:114][608]LogModuleManager: Shutting down and abandoning module ViewportSnapping (179)
[2015.12.23-18.31.36:114][608]LogModuleManager: Shutting down and abandoning module LogVisualizer (178)
[2015.12.23-18.31.36:115][608]LogModuleManager: Shutting down and abandoning module GameProjectGeneration (177)
[2015.12.23-18.31.36:116][608]LogModuleManager: Shutting down and abandoning module IntroTutorials (176)
[2015.12.23-18.31.36:116][608]LogModuleManager: Shutting down and abandoning module EditorLiveStreaming (175)
[2015.12.23-18.31.36:116][608]LogModuleManager: Shutting down and abandoning module IOSPlatformEditor (174)
[2015.12.23-18.31.36:116][608]LogModuleManager: Shutting down and abandoning module HTML5PlatformEditor (173)
[2015.12.23-18.31.36:116][608]LogModuleManager: Shutting down and abandoning module AndroidDeviceDetection (172)
[2015.12.23-18.31.36:185][608]LogModuleManager: Shutting down and abandoning module AndroidPlatformEditor (171)
[2015.12.23-18.31.36:185][608]LogModuleManager: Shutting down and abandoning module IOSRuntimeSettings (170)
[2015.12.23-18.31.36:185][608]LogModuleManager: Shutting down and abandoning module AndroidRuntimeSettings (169)
[2015.12.23-18.31.36:185][608]LogModuleManager: Shutting down and abandoning module MergeActors (168)
[2015.12.23-18.31.36:186][608]LogModuleManager: Shutting down and abandoning module SizeMap (167)
[2015.12.23-18.31.36:186][608]LogModuleManager: Shutting down and abandoning module TreeMap (166)
[2015.12.23-18.31.36:186][608]LogModuleManager: Shutting down and abandoning module ReferenceViewer (165)
[2015.12.23-18.31.36:186][608]LogModuleManager: Shutting down and abandoning module LocalizationService (164)
[2015.12.23-18.31.36:186][608]LogModuleManager: Shutting down and abandoning module LocalizationDashboard (163)
[2015.12.23-18.31.36:187][608]LogModuleManager: Shutting down and abandoning module HardwareTargeting (162)
[2015.12.23-18.31.36:187][608]LogModuleManager: Shutting down and abandoning module DeviceProfileEditor (161)
[2015.12.23-18.31.36:187][608]LogModuleManager: Shutting down and abandoning module UndoHistory (160)
[2015.12.23-18.31.36:187][608]LogModuleManager: Shutting down and abandoning module GameplayTagsEditor (159)
[2015.12.23-18.31.36:187][608]LogModuleManager: Shutting down and abandoning module UserFeedback (158)
[2015.12.23-18.31.36:187][608]LogModuleManager: Shutting down and abandoning module XmlParser (157)
[2015.12.23-18.31.36:187][608]LogModuleManager: Shutting down and abandoning module Blutility (156)
[2015.12.23-18.31.36:187][608]LogModuleManager: Shutting down and abandoning module ProjectTargetPlatformEditor (155)
[2015.12.23-18.31.36:187][608]LogModuleManager: Shutting down and abandoning module ProjectSettingsViewer (154)
[2015.12.23-18.31.36:187][608]LogModuleManager: Shutting down and abandoning module InputBindingEditor (153)
[2015.12.23-18.31.36:188][608]LogModuleManager: Shutting down and abandoning module EditorSettingsViewer (152)
[2015.12.23-18.31.36:188][608]LogModuleManager: Shutting down and abandoning module SettingsEditor (151)
[2015.12.23-18.31.36:188][608]LogModuleManager: Shutting down and abandoning module ProjectLauncher (150)
[2015.12.23-18.31.36:188][608]LogModuleManager: Shutting down and abandoning module SessionFrontend (149)
[2015.12.23-18.31.36:188][608]LogModuleManager: Shutting down and abandoning module ProfilerClient (148)
[2015.12.23-18.31.36:188][608]LogModuleManager: Shutting down and abandoning module TargetDeviceServices (147)
[2015.12.23-18.31.36:188][608]LogModuleManager: Shutting down and abandoning module DeviceManager (146)
[2015.12.23-18.31.36:189][608]LogModuleManager: Shutting down and abandoning module AutomationController (145)
[2015.12.23-18.31.36:189][608]LogModuleManager: Shutting down and abandoning module AutomationWindow (144)
[2015.12.23-18.31.36:189][608]LogModuleManager: Shutting down and abandoning module Layers (143)
[2015.12.23-18.31.36:191][608]LogModuleManager: Shutting down and abandoning module ComponentVisualizers (142)
[2015.12.23-18.31.36:191][608]LogModuleManager: Shutting down and abandoning module DetailCustomizations (141)
[2015.12.23-18.31.36:191][608]LogModuleManager: Shutting down and abandoning module PackagesDialog (140)
[2015.12.23-18.31.36:191][608]LogModuleManager: Shutting down and abandoning module Persona (139)
[2015.12.23-18.31.36:191][608]LogModuleManager: Shutting down and abandoning module Kismet (138)
[2015.12.23-18.31.36:191][608]LogModuleManager: Shutting down and abandoning module GraphEditor (137)
[2015.12.23-18.31.36:192][608]LogModuleManager: Shutting down and abandoning module ClassViewer (136)
[2015.12.23-18.31.36:192][608]LogModuleManager: Shutting down and abandoning module Toolbox (135)
[2015.12.23-18.31.36:192][608]LogModuleManager: Shutting down and abandoning module ModuleUI (134)
[2015.12.23-18.31.36:192][608]LogModuleManager: Shutting down and abandoning module MovieSceneTools (133)
[2015.12.23-18.31.36:192][608]LogModuleManager: Shutting down and abandoning module OutputLog (132)
[2015.12.23-18.31.36:192][608]LogModuleManager: Shutting down and abandoning module GammaUI (131)
[2015.12.23-18.31.36:193][608]LogModuleManager: Shutting down and abandoning module Documentation (130)
[2015.12.23-18.31.36:193][608]LogModuleManager: Shutting down and abandoning module GameLiveStreaming (129)
[2015.12.23-18.31.36:193][608]LogModuleManager: Shutting down and abandoning module StreamingPauseRendering (128)
[2015.12.23-18.31.36:193][608]LogModuleManager: Shutting down and abandoning module AnalyticsET (127)
[2015.12.23-18.31.36:193][608]LogModuleManager: Shutting down and abandoning module Analytics (126)
[2015.12.23-18.31.36:193][608]LogModuleManager: Shutting down and abandoning module AITestSuite (125)
[2015.12.23-18.31.36:193][608]LogModuleManager: Shutting down and abandoning module GameplayDebugger (124)
[2015.12.23-18.31.36:193][608]LogModuleManager: Shutting down and abandoning module AIModule (123)
[2015.12.23-18.31.36:193][608]LogModuleManager: Shutting down and abandoning module ProfilerService (122)
[2015.12.23-18.31.36:237][608]LogModuleManager: Shutting down and abandoning module TaskGraph (121)
[2015.12.23-18.31.36:237][608]LogModuleManager: Shutting down and abandoning module SlateRemote (120)
[2015.12.23-18.31.36:237][608]LogModuleManager: Shutting down and abandoning module SteamVRController (119)
[2015.12.23-18.31.36:237][608]LogModuleManager: Shutting down and abandoning module SteamVR (118)
[2015.12.23-18.31.36:237][608]LogModuleManager: Shutting down and abandoning module ProceduralMeshComponent (117)
[2015.12.23-18.31.36:237][608]LogModuleManager: Shutting down and abandoning module OculusRift (116)
[2015.12.23-18.31.36:237][608]LogModuleManager: Shutting down and abandoning module OculusLibrary (115)
[2015.12.23-18.31.36:237][608]LogModuleManager: Shutting down and abandoning module LeapMotionController (114)
[2015.12.23-18.31.36:259][608]LogModuleManager: Shutting down and abandoning module CustomMeshComponent (113)
[2015.12.23-18.31.36:261][608]LogModuleManager: Shutting down and abandoning module CableComponent (112)
[2015.12.23-18.31.36:261][608]LogModuleManager: Shutting down and abandoning module ArchVisCharacter (111)
[2015.12.23-18.31.36:261][608]LogModuleManager: Shutting down and abandoning module MessagingDebugger (110)
[2015.12.23-18.31.36:261][608]LogModuleManager: Shutting down and abandoning module MediaPlayerEditor (109)
[2015.12.23-18.31.36:261][608]LogModuleManager: Shutting down and abandoning module HTML5Networking (108)
[2015.12.23-18.31.36:261][608]LogModuleManager: Shutting down and abandoning module SpeedTreeImporter (107)
[2015.12.23-18.31.36:261][608]LogModuleManager: Shutting down and abandoning module PluginBrowser (106)
[2015.12.23-18.31.36:261][608]LogModuleManager: Shutting down and abandoning module EpicSurvey (105)
[2015.12.23-18.31.36:261][608]LogModuleManager: Shutting down and abandoning module DesktopPlatform (104)
[2015.12.23-18.31.36:261][608]LogModuleManager: Shutting down and abandoning module VisualStudioSourceCodeAccess (103)
[2015.12.23-18.31.36:261][608]LogModuleManager: Shutting down and abandoning module UObjectPlugin (102)
[2015.12.23-18.31.36:261][608]LogModuleManager: Shutting down and abandoning module SubversionSourceControl (101)
[2015.12.23-18.31.36:261][608]LogModuleManager: Shutting down and abandoning module PerforceSourceControl (100)
[2015.12.23-18.31.36:261][608]LogModuleManager: Shutting down and abandoning module SourceControl (99)
[2015.12.23-18.31.36:261][608]LogModuleManager: Shutting down and abandoning module GitSourceControl (98)
[2015.12.23-18.31.36:261][608]LogModuleManager: Shutting down and abandoning module LightPropagationVolumeEditor (97)
[2015.12.23-18.31.36:262][608]LogModuleManager: Shutting down and abandoning module PaperTiledImporter (96)
[2015.12.23-18.31.36:262][608]LogModuleManager: Shutting down and abandoning module PaperSpriteSheetImporter (95)
[2015.12.23-18.31.36:262][608]LogModuleManager: Shutting down and abandoning module MeshPaint (94)
[2015.12.23-18.31.36:262][608]LogModuleManager: Shutting down and abandoning module SlateReflector (93)
[2015.12.23-18.31.36:262][608]LogModuleManager: Shutting down and abandoning module HotReload (92)
[2015.12.23-18.31.36:262][608]LogModuleManager: Shutting down and abandoning module MainFrame (91)
[2015.12.23-18.31.36:262][608]LogModuleManager: Shutting down and abandoning module LevelEditor (90)
[2015.12.23-18.31.36:263][608]LogModuleManager: Shutting down and abandoning module DirectoryWatcher (89)
[2015.12.23-18.31.36:265][608]LogModuleManager: Shutting down and abandoning module AssetRegistry (88)
[2015.12.23-18.31.36:426][608]LogModuleManager: Shutting down and abandoning module ContentBrowser (87)
[2015.12.23-18.31.36:427][608]LogModuleManager: Shutting down and abandoning module Paper2DEditor (86)
[2015.12.23-18.31.36:427][608]LogModuleManager: Shutting down and abandoning module UdpMessaging (85)
[2015.12.23-18.31.36:528][608]LogModuleManager: Shutting down and abandoning module LightPropagationVolumeRuntime (84)
[2015.12.23-18.31.36:528][608]LogModuleManager: Shutting down and abandoning module Paper2D (83)
[2015.12.23-18.31.36:528][608]LogModuleManager: Shutting down and abandoning module WindowsMoviePlayer (82)
[2015.12.23-18.31.36:537][608]LogModuleManager: Shutting down and abandoning module Media (81)
[2015.12.23-18.31.36:537][608]LogModuleManager: Shutting down and abandoning module WmfMedia (80)
[2015.12.23-18.31.36:537][608]LogModuleManager: Shutting down and abandoning module OnlineBlueprintSupport (79)
[2015.12.23-18.31.36:537][608]LogModuleManager: Shutting down and abandoning module GameplayTasksEditor (78)
[2015.12.23-18.31.36:537][608]LogModuleManager: Shutting down and abandoning module PropertyEditor (77)
[2015.12.23-18.31.36:537][608]LogModuleManager: Shutting down and abandoning module BehaviorTreeEditor (76)
[2015.12.23-18.31.36:538][608]LogModuleManager: Shutting down and abandoning module FunctionalTesting (75)
[2015.12.23-18.31.36:538][608]LogModuleManager: Shutting down and abandoning module CollisionAnalyzer (74)
[2015.12.23-18.31.36:538][608]LogModuleManager: Shutting down and abandoning module WorkspaceMenuStructure (73)
[2015.12.23-18.31.36:538][608]LogModuleManager: Shutting down and abandoning module MessageLog (72)
[2015.12.23-18.31.36:538][608]LogModuleManager: Shutting down and abandoning module Sequencer (71)
[2015.12.23-18.31.36:538][608]LogModuleManager: Shutting down and abandoning module AssetTools (70)
[2015.12.23-18.31.36:540][608]LogModuleManager: Shutting down and abandoning module UMGEditor (69)
[2015.12.23-18.31.36:540][608]LogModuleManager: Shutting down and abandoning module UMG (68)
[2015.12.23-18.31.36:540][608]LogModuleManager: Shutting down and abandoning module Slate (67)
[2015.12.23-18.31.36:540][608]LogModuleManager: Shutting down and abandoning module EditorStyle (66)
[2015.12.23-18.31.36:543][608]LogModuleManager: Shutting down and abandoning module SessionServices (65)
[2015.12.23-18.31.36:543][608]LogModuleManager: Shutting down and abandoning module SourceCodeAccess (64)
[2015.12.23-18.31.36:543][608]LogModuleManager: Shutting down and abandoning module HeadMountedDisplay (63)
[2015.12.23-18.31.36:543][608]LogModuleManager: Shutting down and abandoning module XAudio2 (62)
[2015.12.23-18.31.36:543][608]LogModuleManager: Shutting down and abandoning module Networking (60)
[2015.12.23-18.31.36:543][608]LogModuleManager: Shutting down and abandoning module Core (59)
[2015.12.23-18.31.36:543][608]LogModuleManager: Shutting down and abandoning module KismetCompiler (58)
[2015.12.23-18.31.36:543][608]LogModuleManager: Shutting down and abandoning module PhysXFormats (57)
[2015.12.23-18.31.36:543][608]LogModuleManager: Shutting down and abandoning module MeshUtilities (56)
[2015.12.23-18.31.36:543][608]LogModuleManager: Shutting down and abandoning module CookingStats (55)
[2015.12.23-18.31.36:545][608]LogModuleManager: Shutting down and abandoning module DerivedDataCache (54)
[2015.12.23-18.31.36:628][608]LogDerivedDataCache: Shutdown
[2015.12.23-18.31.36:628][608]LogModuleManager: Shutting down and abandoning module ShaderFormatOpenGL (53)
[2015.12.23-18.31.36:630][608]LogModuleManager: Shutting down and abandoning module ShaderFormatD3D (52)
[2015.12.23-18.31.36:630][608]LogModuleManager: Shutting down and abandoning module MetalShaderFormat (51)
[2015.12.23-18.31.36:630][608]LogModuleManager: Shutting down and abandoning module TextureFormatUncompressed (50)
[2015.12.23-18.31.36:630][608]LogModuleManager: Shutting down and abandoning module TextureFormatPVR (49)
[2015.12.23-18.31.36:630][608]LogModuleManager: Shutting down and abandoning module TextureFormatIntelISPCTexComp (48)
[2015.12.23-18.31.36:630][608]LogModuleManager: Shutting down and abandoning module TextureFormatDXT (47)
[2015.12.23-18.31.36:630][608]LogModuleManager: Shutting down and abandoning module ImageWrapper (46)
[2015.12.23-18.31.36:630][608]LogModuleManager: Shutting down and abandoning module TextureFormatASTC (45)
[2015.12.23-18.31.36:630][608]LogModuleManager: Shutting down and abandoning module TextureFormatAndroid (44)
[2015.12.23-18.31.36:630][608]LogModuleManager: Shutting down and abandoning module AudioFormatOpus (43)
[2015.12.23-18.31.36:631][608]LogModuleManager: Shutting down and abandoning module AudioFormatOgg (42)
[2015.12.23-18.31.36:631][608]LogModuleManager: Shutting down and abandoning module AudioFormatADPCM (41)
[2015.12.23-18.31.36:631][608]LogModuleManager: Shutting down and abandoning module LinuxTargetPlatform (40)
[2015.12.23-18.31.36:631][608]LogModuleManager: Shutting down and abandoning module LinuxServerTargetPlatform (39)
[2015.12.23-18.31.36:631][608]LogModuleManager: Shutting down and abandoning module LinuxNoEditorTargetPlatform (38)
[2015.12.23-18.31.36:631][608]LogModuleManager: Shutting down and abandoning module Messaging (37)
[2015.12.23-18.31.36:631][608]LogModuleManager: Shutting down and abandoning module IOSTargetPlatform (36)
[2015.12.23-18.31.36:631][608]LogModuleManager: Shutting down and abandoning module HTML5TargetPlatform (35)
[2015.12.23-18.31.36:631][608]LogModuleManager: Shutting down and abandoning module Android_PVRTCTargetPlatform (34)
[2015.12.23-18.31.36:631][608]LogModuleManager: Shutting down and abandoning module Android_ETC2TargetPlatform (33)
[2015.12.23-18.31.36:632][608]LogModuleManager: Shutting down and abandoning module Android_ETC1TargetPlatform (32)
[2015.12.23-18.31.36:633][608]LogModuleManager: Shutting down and abandoning module Android_DXTTargetPlatform (31)
[2015.12.23-18.31.36:633][608]LogModuleManager: Shutting down and abandoning module Android_ATCTargetPlatform (30)
[2015.12.23-18.31.36:634][608]LogModuleManager: Shutting down and abandoning module Android_ASTCTargetPlatform (29)
[2015.12.23-18.31.36:634][608]LogModuleManager: Shutting down and abandoning module AndroidTargetPlatform (28)
[2015.12.23-18.31.36:634][608]LogModuleManager: Shutting down and abandoning module WindowsTargetPlatform (27)
[2015.12.23-18.31.36:634][608]LogModuleManager: Shutting down and abandoning module WindowsServerTargetPlatform (26)
[2015.12.23-18.31.36:635][608]LogModuleManager: Shutting down and abandoning module WindowsNoEditorTargetPlatform (25)
[2015.12.23-18.31.36:636][608]LogModuleManager: Shutting down and abandoning module WindowsClientTargetPlatform (24)
[2015.12.23-18.31.36:636][608]LogModuleManager: Shutting down and abandoning module AllDesktopTargetPlatform (23)
[2015.12.23-18.31.36:636][608]LogModuleManager: Shutting down and abandoning module TargetPlatform (22)
[2015.12.23-18.31.36:636][608]LogModuleManager: Shutting down and abandoning module InputCore (21)
[2015.12.23-18.31.36:636][608]LogModuleManager: Shutting down and abandoning module Settings (20)
[2015.12.23-18.31.36:636][608]LogModuleManager: Shutting down and abandoning module OnlineSubsystem (18)
[2015.12.23-18.31.36:636][608]LogModuleManager: Shutting down and abandoning module HTTP (17)
[2015.12.23-18.31.38:640][608]LogModuleManager: Shutting down and abandoning module XMPP (16)
[2015.12.23-18.31.38:646][608]LogModuleManager: Shutting down and abandoning module ExampleDeviceProfileSelector (15)
[2015.12.23-18.31.38:646][608]LogModuleManager: Shutting down and abandoning module TextureCompressor (14)
[2015.12.23-18.31.38:647][608]LogModuleManager: Shutting down and abandoning module ShaderCore (13)
[2015.12.23-18.31.38:647][608]LogModuleManager: Shutting down and abandoning module Landscape (12)
[2015.12.23-18.31.38:647][608]LogModuleManager: Shutting down and abandoning module SlateRHIRenderer (11)
[2015.12.23-18.31.38:672][608]LogModuleManager: Shutting down and abandoning module OpenGLDrv (10)
[2015.12.23-18.31.38:673][608]LogModuleManager: Shutting down and abandoning module D3D11RHI (9)
[2015.12.23-18.31.38:673][608]LogModuleManager: Shutting down and abandoning module AnimGraphRuntime (8)
[2015.12.23-18.31.38:673][608]LogModuleManager: Shutting down and abandoning module Renderer (7)
[2015.12.23-18.31.38:673][608]LogModuleManager: Shutting down and abandoning module Engine (6)
[2015.12.23-18.31.38:673][608]LogModuleManager: Shutting down and abandoning module CoreUObject (5)
[2015.12.23-18.31.38:673][608]LogModuleManager: Shutting down and abandoning module NetworkFile (4)
[2015.12.23-18.31.38:674][608]LogModuleManager: Shutting down and abandoning module StreamingFile (3)
[2015.12.23-18.31.38:674][608]LogModuleManager: Shutting down and abandoning module SandboxFile (2)
[2015.12.23-18.31.38:674][608]LogModuleManager: Shutting down and abandoning module PakFile (1)
[2015.12.23-18.31.38:676][608]LogExit: Exiting.
[2015.12.23-18.31.38:727][608]Log file closed, 12/23/15 13:31:38
