[2015.10.22-12.57.26:016][  0]Log file open, 10/22/15 08:57:26
[2015.10.22-12.57.26:016][  0]LogInit:Display: Running engine for game: GDDHorrorGame
[2015.10.22-12.57.26:016][  0]LogInit:Display: RandInit(-1006446095) SRandInit(-1006446095).
[2015.10.22-12.57.26:016][  0]LogTaskGraph: Started task graph with 4 named threads and 7 total threads.
[2015.10.22-12.57.26:016][  0]LogStats: Stats thread started at 0.093975
[2015.10.22-12.57.26:016][  0]LogInit: Version: 4.9.2-2707645+++depot+UE4-Releases+4.9
[2015.10.22-12.57.26:016][  0]LogInit: API Version: 2672455
[2015.10.22-12.57.26:016][  0]LogInit: Compiled (64-bit): Sep 28 2015 10:25:44
[2015.10.22-12.57.26:016][  0]LogInit: Compiled with Visual C++: 18.00.21005.01
[2015.10.22-12.57.26:016][  0]LogInit: Build Configuration: Development
[2015.10.22-12.57.26:016][  0]LogInit: Branch Name: ++depot+UE4-Releases+4.9
[2015.10.22-12.57.26:016][  0]LogInit: Command line:  /Temp/Autosaves/Game/ThirdPersonBP/Maps/UEDPCThirdPersonExampleMap -game -PIEVIACONSOLE -ResX=1280 -ResY=720  -Multiprocess 
[2015.10.22-12.57.26:016][  0]LogInit: Base directory: C:/Program Files/Epic Games/4.9/Engine/Binaries/Win64/
[2015.10.22-12.57.26:016][  0]LogInit: Rocket: 1
[2015.10.22-12.57.26:036][  0]LogInit: Using libcurl 7.41.0
[2015.10.22-12.57.26:036][  0]LogInit:  - built for x86_64-pc-win32
[2015.10.22-12.57.26:036][  0]LogInit:  - supports SSL with WinSSL
[2015.10.22-12.57.26:036][  0]LogInit:  - other features:
[2015.10.22-12.57.26:036][  0]LogInit:      CURL_VERSION_SSL
[2015.10.22-12.57.26:036][  0]LogInit:      CURL_VERSION_IPV6
[2015.10.22-12.57.26:036][  0]LogInit:      CURL_VERSION_ASYNCHDNS
[2015.10.22-12.57.26:036][  0]LogInit:      CURL_VERSION_LARGEFILE
[2015.10.22-12.57.26:036][  0]LogInit:      CURL_VERSION_IDN
[2015.10.22-12.57.26:036][  0]LogInit:  CurlRequestOptions (configurable via config and command line):
[2015.10.22-12.57.26:036][  0]LogInit:  - bVerifyPeer = true  - Libcurl will verify peer certificate
[2015.10.22-12.57.26:036][  0]LogInit:  - bUseHttpProxy = false  - Libcurl will NOT use HTTP proxy
[2015.10.22-12.57.26:036][  0]LogInit:  - bDontReuseConnections = false  - Libcurl will reuse connections
[2015.10.22-12.57.26:036][  0]LogInit:  - CertBundlePath = nullptr  - Libcurl will use whatever was configured at build time.
[2015.10.22-12.57.26:047][  0]LogInit: Presizing for 0 objects not considered by GC, pre-allocating 0 bytes.
[2015.10.22-12.57.26:055][  0]LogInit: Object subsystem initialized
[2015.10.22-12.57.26:057][  0]LogInit: Selected Device Profile: [Windows]
[2015.10.22-12.57.26:057][  0]LogInit: Applying CVar settings loaded from the selected device profile: [Windows]
[2015.10.22-12.57.26:062][  0]LogInit: Computer: NICKSCOMPUTER
[2015.10.22-12.57.26:062][  0]LogInit: User: ntanc000
[2015.10.22-12.57.26:062][  0]LogInit: CPU Page size=4096, Cores=4
[2015.10.22-12.57.26:062][  0]LogInit: High frequency timer resolution =2.537593 MHz
[2015.10.22-12.57.26:062][  0]LogMemory: Memory total: Physical=15.9GB (16GB approx)
[2015.10.22-12.57.26:062][  0]LogMemory: Platform Memory Stats for Windows
[2015.10.22-12.57.26:062][  0]LogMemory: Process Physical Memory: 52.62 MB used, 52.62 MB peak
[2015.10.22-12.57.26:062][  0]LogMemory: Process Virtual Memory: 55.01 MB used, 55.01 MB peak
[2015.10.22-12.57.26:062][  0]LogMemory: Physical Memory: 6848.20 MB used, 16269.45 MB total
[2015.10.22-12.57.26:062][  0]LogMemory: Virtual Memory: 360.20 MB used, 134217728.00 MB total
[2015.10.22-12.57.26:125][  0]LogTextLocalizationManager: No specific translations for ('en-US') exist, so ('en') translations will be used.
[2015.10.22-12.57.26:953][  0]LogD3D11RHI: Found D3D11 adapter 0: NVIDIA GeForce GTX 980M (Feature Level 11_0)
[2015.10.22-12.57.26:953][  0]LogD3D11RHI: Adapter has 3981MB of dedicated video memory, 0MB of dedicated system memory, and 8134MB of shared system memory, 1 output[s]
[2015.10.22-12.57.26:963][  0]LogD3D11RHI: Found D3D11 adapter 1: Intel(R) HD Graphics 4600 (Feature Level 11_0)
[2015.10.22-12.57.26:963][  0]LogD3D11RHI: Adapter has 32MB of dedicated video memory, 0MB of dedicated system memory, and 1760MB of shared system memory, 0 output[s]
[2015.10.22-12.57.26:965][  0]LogD3D11RHI: Found D3D11 adapter 2: Microsoft Basic Render Driver (Feature Level 11_0)
[2015.10.22-12.57.26:965][  0]LogD3D11RHI: Adapter has 0MB of dedicated video memory, 0MB of dedicated system memory, and 256MB of shared system memory, 0 output[s]
[2015.10.22-12.57.26:965][  0]LogD3D11RHI: Chosen D3D11 Adapter Id = 0
[2015.10.22-12.57.26:970][  0]LogD3D11RHI: !Direct3DDevice
[2015.10.22-12.57.26:970][  0]LogRHI: Texture pool is 1361 MB (70% of 1945 MB)
[2015.10.22-12.57.26:986][  0]LogD3D11RHI: Async texture creation enabled
[2015.10.22-12.57.27:003][  0]LogShaderCompilers: Guid format shader working directory is 15 characters bigger than the processId version (../../../../../../Users/ntanc_000/Desktop/DigitalHorrorGame/DigitalHorrorGame/GDDHorrorGame/Intermediate/Shaders/WorkingDirectory/1888/).
[2015.10.22-12.57.27:003][  0]LogShaderCompilers: Cleaned the shader compiler working directory '../../../../../../Users/ntanc_000/Desktop/DigitalHorrorGame/DigitalHorrorGame/GDDHorrorGame/Intermediate/Shaders/tmp/08AB74DC4BA604CBF71F57BD8BF800E3/'.
[2015.10.22-12.57.27:003][  0]LogShaderCompilers:Display: Using Local Shader Compiler.
[2015.10.22-12.57.28:154][  0]LogTemp:Display: Loaded TP AllDesktopTargetPlatform
[2015.10.22-12.57.28:160][  0]LogTemp:Display: Loaded TP WindowsClientTargetPlatform
[2015.10.22-12.57.28:167][  0]LogTemp:Display: Loaded TP WindowsNoEditorTargetPlatform
[2015.10.22-12.57.28:173][  0]LogTemp:Display: Loaded TP WindowsServerTargetPlatform
[2015.10.22-12.57.28:179][  0]LogTemp:Display: Loaded TP WindowsTargetPlatform
[2015.10.22-12.57.28:183][  0]LogTemp:Display: Loaded TP AndroidTargetPlatform
[2015.10.22-12.57.28:187][  0]LogTemp:Display: Loaded TP Android_ASTCTargetPlatform
[2015.10.22-12.57.28:191][  0]LogTemp:Display: Loaded TP Android_ATCTargetPlatform
[2015.10.22-12.57.28:194][  0]LogTemp:Display: Loaded TP Android_DXTTargetPlatform
[2015.10.22-12.57.28:198][  0]LogTemp:Display: Loaded TP Android_ETC1TargetPlatform
[2015.10.22-12.57.28:202][  0]LogTemp:Display: Loaded TP Android_ETC2TargetPlatform
[2015.10.22-12.57.28:208][  0]LogTemp:Display: Loaded TP Android_PVRTCTargetPlatform
[2015.10.22-12.57.28:209][  0]LogTemp:Display: Loaded TP HTML5TargetPlatform
[2015.10.22-12.57.28:229][  0]LogTemp:Display: Loaded TP IOSTargetPlatform
[2015.10.22-12.57.28:233][  0]LogTemp:Display: Loaded TP LinuxNoEditorTargetPlatform
[2015.10.22-12.57.28:238][  0]LogTemp:Display: Loaded TP LinuxServerTargetPlatform
[2015.10.22-12.57.28:242][  0]LogTemp:Display: Loaded TP LinuxTargetPlatform
[2015.10.22-12.57.28:242][  0]LogTargetPlatformManager:Display: Building Assets For Windows
[2015.10.22-12.57.28:351][  0]LogDerivedDataCache:Display: Max Cache Size: 512 MB
[2015.10.22-12.57.28:386][  0]LogDerivedDataCache: Loaded boot cache 0.04s 37MB C:/Users/ntanc_000/AppData/Local/UnrealEngine/4.9/DerivedDataCache/Boot.ddc.
[2015.10.22-12.57.28:386][  0]LogDerivedDataCache:Display: Loaded Boot cache: C:/Users/ntanc_000/AppData/Local/UnrealEngine/4.9/DerivedDataCache/Boot.ddc
[2015.10.22-12.57.28:386][  0]LogDerivedDataCache: FDerivedDataBackendGraph:  Pak pak cache file ../../../../../../Users/ntanc_000/Desktop/DigitalHorrorGame/DigitalHorrorGame/GDDHorrorGame/DerivedDataCache/DDC.ddp not found, will not use a pak cache.
[2015.10.22-12.57.28:387][  0]LogDerivedDataCache: Unable to find inner node Pak for hierarchical cache Hierarchy.
[2015.10.22-12.57.28:387][  0]LogDerivedDataCache: FDerivedDataBackendGraph:  CompressedPak pak cache file ../../../../../../Users/ntanc_000/Desktop/DigitalHorrorGame/DigitalHorrorGame/GDDHorrorGame/DerivedDataCache/Compressed.ddp not found, will not use a pak cache.
[2015.10.22-12.57.28:387][  0]LogDerivedDataCache: Unable to find inner node CompressedPak for hierarchical cache Hierarchy.
[2015.10.22-12.57.28:527][  0]LogDerivedDataCache:Display: Pak cache opened for reading ../../../Engine/DerivedDataCache/Compressed.ddp.
[2015.10.22-12.57.28:539][  0]LogDerivedDataCache: Using Local data cache path C:/Users/ntanc_000/AppData/Local/UnrealEngine/Common/DerivedDataCache: Writable
[2015.10.22-12.57.28:725][  0]LogInit: Selected Device Profile: [Windows]
[2015.10.22-12.57.28:728][  0]LogContentStreaming: Texture pool size is 1000.000000MB
[2015.10.22-12.57.28:841][  0]LogMeshUtilities: No automatic mesh reduction module available
[2015.10.22-12.57.28:841][  0]LogMeshUtilities: No automatic mesh merging module available
[2015.10.22-12.57.29:067][  0]LogInit: WinSock: version 1.1 (2.2), MaxSocks=32767, MaxUdp=65467
[2015.10.22-12.57.29:319][  0]LogWindowsMoviePlayer: Unable to load movie: ../../../../../../Users/ntanc_000/Desktop/DigitalHorrorGame/DigitalHorrorGame/GDDHorrorGame/Content/Movies/Default_Startup.mp4
[2015.10.22-12.57.29:473][  0]SourceControl: Info Source control is disabled
[2015.10.22-12.57.29:473][  0]SourceControl: Info Source control is disabled
[2015.10.22-12.57.29:494][  0]SourceControl: Info Source control is disabled
[2015.10.22-12.57.29:682][  0]LogLinker:Warning: Asset '../../../Engine/Plugins/Runtime/LeapMotionController/Content/LM_PassthroughMaterial.uasset' has been saved with empty engine version. The asset will be loaded but may be incompatible.
[2015.10.22-12.57.29:817][  0]LogObj: 27669 objects as part of root set at end of initial load.
[2015.10.22-12.57.29:817][  0]LogUObjectAllocator: 5775696 out of 0 bytes used by permanent object pool.
[2015.10.22-12.57.29:887][  0]LogEngine: Initializing Engine...
[2015.10.22-12.57.29:889][  0]LogHMD: Can't find Oculus library dev build: is proper Runtime installed? Version: 0.7.0.0
[2015.10.22-12.57.29:891][  0]LogHMD: SteamVR failed to initialize.  Err: 110
[2015.10.22-12.57.30:007][  0]LogInit: XAudio2 using 'Speakers (Sound Blaster Recon3Di)' : 2 channels at 48 kHz using 32 bits per sample (channel mask 0x3)
[2015.10.22-12.57.30:019][  0]LogInit: FAudioDevice initialized.
[2015.10.22-12.57.30:022][  0]LogInit: Texture streaming: Enabled
[2015.10.22-12.57.30:188][  0]LogNet: Browse: /Temp/Autosaves/Game/ThirdPersonBP/Maps/UEDPCThirdPersonExampleMap?Name=Player
[2015.10.22-12.57.30:189][  0]LogLoad: LoadMap: /Temp/Autosaves/Game/ThirdPersonBP/Maps/UEDPCThirdPersonExampleMap?Name=Player
[2015.10.22-12.57.30:202][  0]LogParticles: Destroying 0 GPU particle simulations for FXSystem 0x0000008BE7CB2E80
[2015.10.22-12.57.30:214][  0]LogMemory: Platform Memory Stats for Windows
[2015.10.22-12.57.30:214][  0]LogMemory: Process Physical Memory: 354.43 MB used, 356.61 MB peak
[2015.10.22-12.57.30:214][  0]LogMemory: Process Virtual Memory: 419.27 MB used, 419.27 MB peak
[2015.10.22-12.57.30:214][  0]LogMemory: Physical Memory: 7112.13 MB used, 16269.45 MB total
[2015.10.22-12.57.30:214][  0]LogMemory: Virtual Memory: 949.64 MB used, 134217728.00 MB total
[2015.10.22-12.57.30:214][  0]LogMemory: 
[2015.10.22-12.57.30:214][  0]Allocator Stats for TBB: (not implemented)
[2015.10.22-12.57.30:245][  0]LogLinker:Warning: Asset '../../../../../../Users/ntanc_000/Desktop/DigitalHorrorGame/DigitalHorrorGame/GDDHorrorGame/Content/Mannequin/Animations/ThirdPerson_Jump.uasset' has been saved with empty engine version. The asset will be loaded but may be incompatible.
[2015.10.22-12.57.30:246][  0]LogLinker:Warning: Asset '../../../../../../Users/ntanc_000/Desktop/DigitalHorrorGame/DigitalHorrorGame/GDDHorrorGame/Content/Mannequin/Animations/ThirdPersonJump_Loop.uasset' has been saved with empty engine version. The asset will be loaded but may be incompatible.
[2015.10.22-12.57.30:247][  0]LogLinker:Warning: Asset '../../../../../../Users/ntanc_000/Desktop/DigitalHorrorGame/DigitalHorrorGame/GDDHorrorGame/Content/Mannequin/Animations/ThirdPersonJump_Start.uasset' has been saved with empty engine version. The asset will be loaded but may be incompatible.
[2015.10.22-12.57.30:248][  0]LogLinker:Warning: Asset '../../../../../../Users/ntanc_000/Desktop/DigitalHorrorGame/DigitalHorrorGame/GDDHorrorGame/Content/Mannequin/Animations/ThirdPerson_IdleRun_2D.uasset' has been saved with empty engine version. The asset will be loaded but may be incompatible.
[2015.10.22-12.57.30:317][  0]LogLinker:Warning: Asset '../../../../../../Users/ntanc_000/Desktop/DigitalHorrorGame/DigitalHorrorGame/GDDHorrorGame/Content/Mannequin/Animations/ThirdPersonIdle.uasset' has been saved with empty engine version. The asset will be loaded but may be incompatible.
[2015.10.22-12.57.30:428][  0]LogLinker:Warning: CreateImport: Failed to load Outer for resource 'Arrow': ThirdPersonCharacter_C /Game/ThirdPersonBP/Blueprints/ThirdPersonCharacter.Default__ThirdPersonCharacter_C
[2015.10.22-12.57.33:220][  0]LogAIModule: Creating AISystem for world ThirdPersonExampleMap
[2015.10.22-12.57.33:224][  0]LogWorld: Game class is 'ThirdPersonGameMode_C'
[2015.10.22-12.57.33:229][  0]LogPhysics:Warning: FConstraintInstance::GetRefFrame : Contained scale.
[2015.10.22-12.57.33:229][  0]LogPhysics:Warning: FConstraintInstance::GetRefFrame : Contained scale.
[2015.10.22-12.57.33:243][  0]LogWorld: Bringing World /Temp/Autosaves/Game/ThirdPersonBP/Maps/UEDPCThirdPersonExampleMap.ThirdPersonExampleMap up for play (max tick rate 0) at 2015.10.22-08.57.33
[2015.10.22-12.57.33:245][  0]LogWorld: Bringing up level for play took: 0.020421
[2015.10.22-12.57.33:248][  0]LogInit:Display: Game Engine Initialized.
[2015.10.22-12.57.33:500][  0]LogLoad: Full Startup: 7.92 seconds (BP compile: 0.32 seconds)
[2015.10.22-12.57.33:519][  0]LogWindowsTextInputMethodSystem:Display: IME system now deactivated.
[2015.10.22-12.57.33:520][  0]LogWindowsTextInputMethodSystem:Display: IME system now deactivated.
[2015.10.22-12.57.33:612][  0]LogRenderer: Reallocating scene render targets to support 128x128 (Frame:1).
[2015.10.22-12.57.33:679][  1]LogRenderer: Reallocating scene render targets to support 1280x720 (Frame:2).
[2015.10.22-12.57.54:718][303]LogBlueprintUserMessages: [BP_iPhone_C_0] Picked up phone.
[2015.10.22-12.57.54:814][309]LogScript:Warning: Accessed None 'Physics Handle'
	ThirdPersonCharacter_C /Temp/Autosaves/Game/ThirdPersonBP/Maps/UEDPCThirdPersonExampleMap.ThirdPersonExampleMap:PersistentLevel.ThirdPersonCharacter_C_13
	Function /Game/ThirdPersonBP/Blueprints/ThirdPersonCharacter.ThirdPersonCharacter_C:ExecuteUbergraph_ThirdPersonCharacter:0BFD
[2015.10.22-12.57.54:814][309]LogScript:Warning: Accessed None 'CallFunc_BreakHitResult_HitComponent'
	ThirdPersonCharacter_C /Temp/Autosaves/Game/ThirdPersonBP/Maps/UEDPCThirdPersonExampleMap.ThirdPersonExampleMap:PersistentLevel.ThirdPersonCharacter_C_13
	Function /Game/ThirdPersonBP/Blueprints/ThirdPersonCharacter.ThirdPersonCharacter_C:ExecuteUbergraph_ThirdPersonCharacter:0E10
[2015.10.22-12.58.32:045][616]LogBlueprintUserMessages: [FirstEvent_C_0] You have a new voicemail
[2015.10.22-12.58.32:045][616]LogBlueprintUserMessages: [FirstEvent_C_0] You have a new voicemail
[2015.10.22-12.58.32:045][616]LogScript:Warning: Cannot access 'DefaultSceneRoot'. It is pending kill. Property: 'DefaultSceneRoot'
	FirstEvent_C /Temp/Autosaves/Game/ThirdPersonBP/Maps/UEDPCThirdPersonExampleMap.ThirdPersonExampleMap:PersistentLevel.FirstEvent_C_0
	Function /Game/ThirdPersonBP/Blueprints/EventBlueprints/FirstEvent.FirstEvent_C:ExecuteUbergraph_FirstEvent:0078
[2015.10.22-12.58.34:145][745]LogScript:Warning: Accessed None 'Physics Handle'
	ThirdPersonCharacter_C /Temp/Autosaves/Game/ThirdPersonBP/Maps/UEDPCThirdPersonExampleMap.ThirdPersonExampleMap:PersistentLevel.ThirdPersonCharacter_C_13
	Function /Game/ThirdPersonBP/Blueprints/ThirdPersonCharacter.ThirdPersonCharacter_C:ExecuteUbergraph_ThirdPersonCharacter:0F69
[2015.10.22-12.58.34:160][746]LogScript:Warning: Accessed None 'Physics Handle'
	ThirdPersonCharacter_C /Temp/Autosaves/Game/ThirdPersonBP/Maps/UEDPCThirdPersonExampleMap.ThirdPersonExampleMap:PersistentLevel.ThirdPersonCharacter_C_13
	Function /Game/ThirdPersonBP/Blueprints/ThirdPersonCharacter.ThirdPersonCharacter_C:ExecuteUbergraph_ThirdPersonCharacter:0F69
[2015.10.22-12.58.34:177][747]LogScript:Warning: Accessed None 'Physics Handle'
	ThirdPersonCharacter_C /Temp/Autosaves/Game/ThirdPersonBP/Maps/UEDPCThirdPersonExampleMap.ThirdPersonExampleMap:PersistentLevel.ThirdPersonCharacter_C_13
	Function /Game/ThirdPersonBP/Blueprints/ThirdPersonCharacter.ThirdPersonCharacter_C:ExecuteUbergraph_ThirdPersonCharacter:0F69
[2015.10.22-12.58.34:193][748]LogScript:Warning: Accessed None 'Physics Handle'
	ThirdPersonCharacter_C /Temp/Autosaves/Game/ThirdPersonBP/Maps/UEDPCThirdPersonExampleMap.ThirdPersonExampleMap:PersistentLevel.ThirdPersonCharacter_C_13
	Function /Game/ThirdPersonBP/Blueprints/ThirdPersonCharacter.ThirdPersonCharacter_C:ExecuteUbergraph_ThirdPersonCharacter:0F69
[2015.10.22-12.58.34:208][749]LogScript:Warning: Accessed None 'Physics Handle'
	ThirdPersonCharacter_C /Temp/Autosaves/Game/ThirdPersonBP/Maps/UEDPCThirdPersonExampleMap.ThirdPersonExampleMap:PersistentLevel.ThirdPersonCharacter_C_13
	Function /Game/ThirdPersonBP/Blueprints/ThirdPersonCharacter.ThirdPersonCharacter_C:ExecuteUbergraph_ThirdPersonCharacter:0F69
[2015.10.22-12.58.34:224][750]LogScript:Warning: Accessed None 'Physics Handle'
	ThirdPersonCharacter_C /Temp/Autosaves/Game/ThirdPersonBP/Maps/UEDPCThirdPersonExampleMap.ThirdPersonExampleMap:PersistentLevel.ThirdPersonCharacter_C_13
	Function /Game/ThirdPersonBP/Blueprints/ThirdPersonCharacter.ThirdPersonCharacter_C:ExecuteUbergraph_ThirdPersonCharacter:0F69
[2015.10.22-12.58.34:241][751]LogScript:Warning: Accessed None 'Physics Handle'
	ThirdPersonCharacter_C /Temp/Autosaves/Game/ThirdPersonBP/Maps/UEDPCThirdPersonExampleMap.ThirdPersonExampleMap:PersistentLevel.ThirdPersonCharacter_C_13
	Function /Game/ThirdPersonBP/Blueprints/ThirdPersonCharacter.ThirdPersonCharacter_C:ExecuteUbergraph_ThirdPersonCharacter:0F69
[2015.10.22-12.58.34:257][752]LogScript:Warning: Accessed None 'Physics Handle'
	ThirdPersonCharacter_C /Temp/Autosaves/Game/ThirdPersonBP/Maps/UEDPCThirdPersonExampleMap.ThirdPersonExampleMap:PersistentLevel.ThirdPersonCharacter_C_13
	Function /Game/ThirdPersonBP/Blueprints/ThirdPersonCharacter.ThirdPersonCharacter_C:ExecuteUbergraph_ThirdPersonCharacter:0F69
[2015.10.22-12.58.34:273][753]LogScript:Warning: Accessed None 'Physics Handle'
	ThirdPersonCharacter_C /Temp/Autosaves/Game/ThirdPersonBP/Maps/UEDPCThirdPersonExampleMap.ThirdPersonExampleMap:PersistentLevel.ThirdPersonCharacter_C_13
	Function /Game/ThirdPersonBP/Blueprints/ThirdPersonCharacter.ThirdPersonCharacter_C:ExecuteUbergraph_ThirdPersonCharacter:0F69
[2015.10.22-12.58.34:289][754]LogScript:Warning: Accessed None 'Physics Handle'
	ThirdPersonCharacter_C /Temp/Autosaves/Game/ThirdPersonBP/Maps/UEDPCThirdPersonExampleMap.ThirdPersonExampleMap:PersistentLevel.ThirdPersonCharacter_C_13
	Function /Game/ThirdPersonBP/Blueprints/ThirdPersonCharacter.ThirdPersonCharacter_C:ExecuteUbergraph_ThirdPersonCharacter:0F69
[2015.10.22-12.58.34:305][755]LogScript:Warning: Accessed None 'Physics Handle'
	ThirdPersonCharacter_C /Temp/Autosaves/Game/ThirdPersonBP/Maps/UEDPCThirdPersonExampleMap.ThirdPersonExampleMap:PersistentLevel.ThirdPersonCharacter_C_13
	Function /Game/ThirdPersonBP/Blueprints/ThirdPersonCharacter.ThirdPersonCharacter_C:ExecuteUbergraph_ThirdPersonCharacter:0BFD
[2015.10.22-12.58.34:305][755]LogScript:Warning: Accessed None 'CallFunc_BreakHitResult_HitComponent'
	ThirdPersonCharacter_C /Temp/Autosaves/Game/ThirdPersonBP/Maps/UEDPCThirdPersonExampleMap.ThirdPersonExampleMap:PersistentLevel.ThirdPersonCharacter_C_13
	Function /Game/ThirdPersonBP/Blueprints/ThirdPersonCharacter.ThirdPersonCharacter_C:ExecuteUbergraph_ThirdPersonCharacter:0E10
[2015.10.22-12.58.45:987][479]LogScript:Warning: Accessed None 'Physics Handle'
	ThirdPersonCharacter_C /Temp/Autosaves/Game/ThirdPersonBP/Maps/UEDPCThirdPersonExampleMap.ThirdPersonExampleMap:PersistentLevel.ThirdPersonCharacter_C_13
	Function /Game/ThirdPersonBP/Blueprints/ThirdPersonCharacter.ThirdPersonCharacter_C:ExecuteUbergraph_ThirdPersonCharacter:0F69
[2015.10.22-12.58.46:003][480]LogScript:Warning: Accessed None 'Physics Handle'
	ThirdPersonCharacter_C /T