[2015.10.21-02.29.56:400][  0]Log file open, 10/20/15 22:29:56
[2015.10.21-02.29.56:400][  0]LogInit:Display: Running engine for game: GDDHorrorGame
[2015.10.21-02.29.56:400][  0]LogInit:Display: RandInit(-1649173195) SRandInit(-1649173195).
[2015.10.21-02.29.56:400][  0]LogTaskGraph: Started task graph with 4 named threads and 7 total threads.
[2015.10.21-02.29.56:400][  0]LogStats: Stats thread started at 0.086002
[2015.10.21-02.29.56:400][  0]LogInit: Version: 4.9.2-2707645+++depot+UE4-Releases+4.9
[2015.10.21-02.29.56:401][  0]LogInit: API Version: 2672455
[2015.10.21-02.29.56:401][  0]LogInit: Compiled (64-bit): Sep 28 2015 10:25:44
[2015.10.21-02.29.56:401][  0]LogInit: Compiled with Visual C++: 18.00.21005.01
[2015.10.21-02.29.56:401][  0]LogInit: Build Configuration: Development
[2015.10.21-02.29.56:401][  0]LogInit: Branch Name: ++depot+UE4-Releases+4.9
[2015.10.21-02.29.56:401][  0]LogInit: Command line: 
[2015.10.21-02.29.56:401][  0]LogInit: Base directory: C:/Program Files/Epic Games/4.9/Engine/Binaries/Win64/
[2015.10.21-02.29.56:401][  0]LogInit: Rocket: 1
[2015.10.21-02.29.56:465][  0]LogInit: Using libcurl 7.41.0
[2015.10.21-02.29.56:465][  0]LogInit:  - built for x86_64-pc-win32
[2015.10.21-02.29.56:465][  0]LogInit:  - supports SSL with WinSSL
[2015.10.21-02.29.56:465][  0]LogInit:  - other features:
[2015.10.21-02.29.56:465][  0]LogInit:      CURL_VERSION_SSL
[2015.10.21-02.29.56:465][  0]LogInit:      CURL_VERSION_IPV6
[2015.10.21-02.29.56:465][  0]LogInit:      CURL_VERSION_ASYNCHDNS
[2015.10.21-02.29.56:465][  0]LogInit:      CURL_VERSION_LARGEFILE
[2015.10.21-02.29.56:465][  0]LogInit:      CURL_VERSION_IDN
[2015.10.21-02.29.56:465][  0]LogInit:  CurlRequestOptions (configurable via config and command line):
[2015.10.21-02.29.56:465][  0]LogInit:  - bVerifyPeer = true  - Libcurl will verify peer certificate
[2015.10.21-02.29.56:465][  0]LogInit:  - bUseHttpProxy = false  - Libcurl will NOT use HTTP proxy
[2015.10.21-02.29.56:465][  0]LogInit:  - bDontReuseConnections = false  - Libcurl will reuse connections
[2015.10.21-02.29.56:465][  0]LogInit:  - CertBundlePath = nullptr  - Libcurl will use whatever was configured at build time.
[2015.10.21-02.29.56:474][  0]LogInit: Presizing for 0 objects not considered by GC, pre-allocating 0 bytes.
[2015.10.21-02.29.56:482][  0]LogInit: Object subsystem initialized
[2015.10.21-02.29.56:483][  0]LogInit: Selected Device Profile: [Windows]
[2015.10.21-02.29.56:483][  0]LogInit: Applying CVar settings loaded from the selected device profile: [Windows]
[2015.10.21-02.29.56:503][  0]LogInit: Computer: ASUS
[2015.10.21-02.29.56:503][  0]LogInit: User: N76VJ
[2015.10.21-02.29.56:503][  0]LogInit: CPU Page size=4096, Cores=4
[2015.10.21-02.29.56:503][  0]LogInit: High frequency timer resolution =2.338449 MHz
[2015.10.21-02.29.56:503][  0]LogMemory: Memory total: Physical=11.9GB (12GB approx)
[2015.10.21-02.29.56:503][  0]LogMemory: Platform Memory Stats for Windows
[2015.10.21-02.29.56:503][  0]LogMemory: Process Physical Memory: 55.28 MB used, 55.28 MB peak
[2015.10.21-02.29.56:503][  0]LogMemory: Process Virtual Memory: 55.46 MB used, 55.46 MB peak
[2015.10.21-02.29.56:503][  0]LogMemory: Physical Memory: 4847.46 MB used, 12173.58 MB total
[2015.10.21-02.29.56:503][  0]LogMemory: Virtual Memory: 365.59 MB used, 134217728.00 MB total
[2015.10.21-02.29.56:797][  0]LogTextLocalizationManager: No specific translations for ('en-US') exist, so ('en') translations will be used.
[2015.10.21-02.29.57:617][  0]LogD3D11RHI: Found D3D11 adapter 0: Intel(R) HD Graphics 4000 (Feature Level 11_0)
[2015.10.21-02.29.57:617][  0]LogD3D11RHI: Adapter has 32MB of dedicated video memory, 0MB of dedicated system memory, and 1760MB of shared system memory, 1 output[s]
[2015.10.21-02.29.57:635][  0]LogD3D11RHI: Found D3D11 adapter 1: NVIDIA GeForce GT 635M       (Feature Level 11_0)
[2015.10.21-02.29.57:635][  0]LogD3D11RHI: Adapter has 1996MB of dedicated video memory, 0MB of dedicated system memory, and 2047MB of shared system memory, 0 output[s]
[2015.10.21-02.29.57:639][  0]LogD3D11RHI: Found D3D11 adapter 2: Microsoft Basic Render Driver (Feature Level 11_0)
[2015.10.21-02.29.57:639][  0]LogD3D11RHI: Adapter has 0MB of dedicated video memory, 0MB of dedicated system memory, and 6086MB of shared system memory, 0 output[s]
[2015.10.21-02.29.57:639][  0]LogD3D11RHI: Chosen D3D11 Adapter Id = 0
[2015.10.21-02.29.57:648][  0]LogD3D11RHI: !Direct3DDevice
[2015.10.21-02.29.57:648][  0]LogRHI: Texture pool is 1361 MB (70% of 1945 MB)
[2015.10.21-02.29.57:663][  0]LogD3D11RHI: Async texture creation enabled
[2015.10.21-02.29.57:681][  0]LogShaderCompilers: Guid format shader working directory is 14 characters bigger than the processId version (../../../../../../Users/N76VJ/Documents/RIT/GDD II/DigitalHorrorGame/GDDHorrorGame/Intermediate/Shaders/WorkingDirectory/17624/).
[2015.10.21-02.29.57:682][  0]LogShaderCompilers: Cleaned the shader compiler working directory '../../../../../../Users/N76VJ/Documents/RIT/GDD II/DigitalHorrorGame/GDDHorrorGame/Intermediate/Shaders/tmp/F047D26147984A0CD72597B305C05856/'.
[2015.10.21-02.29.57:682][  0]LogShaderCompilers:Display: Using Local Shader Compiler.
[2015.10.21-02.30.08:127][  0]LogTemp:Display: Loaded TP AllDesktopTargetPlatform
[2015.10.21-02.30.08:137][  0]LogTemp:Display: Loaded TP WindowsClientTargetPlatform
[2015.10.21-02.30.08:149][  0]LogTemp:Display: Loaded TP WindowsNoEditorTargetPlatform
[2015.10.21-02.30.08:159][  0]LogTemp:Display: Loaded TP WindowsServerTargetPlatform
[2015.10.21-02.30.08:172][  0]LogTemp:Display: Loaded TP WindowsTargetPlatform
[2015.10.21-02.30.08:183][  0]LogTemp:Display: Loaded TP AndroidTargetPlatform
[2015.10.21-02.30.08:191][  0]LogTemp:Display: Loaded TP Android_ASTCTargetPlatform
[2015.10.21-02.30.08:199][  0]LogTemp:Display: Loaded TP Android_ATCTargetPlatform
[2015.10.21-02.30.08:207][  0]LogTemp:Display: Loaded TP Android_DXTTargetPlatform
[2015.10.21-02.30.08:214][  0]LogTemp:Display: Loaded TP Android_ETC1TargetPlatform
[2015.10.21-02.30.08:220][  0]LogTemp:Display: Loaded TP Android_ETC2TargetPlatform
[2015.10.21-02.30.08:226][  0]LogTemp:Display: Loaded TP Android_PVRTCTargetPlatform
[2015.10.21-02.30.08:228][  0]LogTemp:Display: Loaded TP HTML5TargetPlatform
[2015.10.21-02.30.08:251][  0]LogTemp:Display: Loaded TP IOSTargetPlatform
[2015.10.21-02.30.08:255][  0]LogTemp:Display: Loaded TP LinuxNoEditorTargetPlatform
[2015.10.21-02.30.08:259][  0]LogTemp:Display: Loaded TP LinuxServerTargetPlatform
[2015.10.21-02.30.08:266][  0]LogTemp:Display: Loaded TP LinuxTargetPlatform
[2015.10.21-02.30.08:266][  0]LogTargetPlatformManager:Display: Building Assets For Windows
[2015.10.21-02.30.08:504][  0]LogDerivedDataCache:Display: Max Cache Size: 512 MB
[2015.10.21-02.30.15:846][  0]LogDerivedDataCache: Loaded boot cache 7.34s 37MB C:/Users/N76VJ/AppData/Local/UnrealEngine/4.9/DerivedDataCache/Boot.ddc.
[2015.10.21-02.30.15:846][  0]LogDerivedDataCache:Display: Loaded Boot cache: C:/Users/N76VJ/AppData/Local/UnrealEngine/4.9/DerivedDataCache/Boot.ddc
[2015.10.21-02.30.15:846][  0]LogDerivedDataCache: FDerivedDataBackendGraph:  Pak pak cache file ../../../../../../Users/N76VJ/Documents/RIT/GDD II/DigitalHorrorGame/GDDHorrorGame/DerivedDataCache/DDC.ddp not found, will not use a pak cache.
[2015.10.21-02.30.15:846][  0]LogDerivedDataCache: Unable to find inner node Pak for hierarchical cache Hierarchy.
[2015.10.21-02.30.15:846][  0]LogDerivedDataCache: FDerivedDataBackendGraph:  CompressedPak pak cache file ../../../../../../Users/N76VJ/Documents/RIT/GDD II/DigitalHorrorGame/GDDHorrorGame/DerivedDataCache/Compressed.ddp not found, will not use a pak cache.
[2015.10.21-02.30.15:846][  0]LogDerivedDataCache: Unable to find inner node CompressedPak for hierarchical cache Hierarchy.
[2015.10.21-02.30.16:588][  0]LogDerivedDataCache:Display: Pak cache opened for reading ../../../Engine/DerivedDataCache/Compressed.ddp.
[2015.10.21-02.30.16:602][  0]LogDerivedDataCache: Using Local data cache path C:/Users/N76VJ/AppData/Local/UnrealEngine/Common/DerivedDataCache: Writable
[2015.10.21-02.30.25:611][  0]LogInit: Selected Device Profile: [Windows]
[2015.10.21-02.30.25:614][  0]LogContentStreaming: Texture pool size is 0.000000MB
[2015.10.21-02.30.25:852][  0]LogMeshUtilities: No automatic mesh reduction module available
[2015.10.21-02.30.25:852][  0]LogMeshUtilities: No automatic mesh merging module available
[2015.10.21-02.30.26:579][  0]LogInit: WinSock: version 1.1 (2.2), MaxSocks=32767, MaxUdp=65467
[2015.10.21-02.31.25:307][  0]UdpMessaging: Initializing bridge on interface 0.0.0.0:0 to multicast group 230.0.0.1:6666.
[2015.10.21-02.31.25:499][  0]LogAssetRegistry: FAssetRegistry took 0.0112 seconds to start up
[2015.10.21-02.31.25:796][  0]SourceControl: Info Source control is disabled
[2015.10.21-02.31.25:796][  0]SourceControl: Info Source control is disabled
[2015.10.21-02.31.25:810][  0]SourceControl: Info Source control is disabled
[2015.10.21-02.31.25:824][  0]SourceControl: Info Source control is disabled
[2015.10.21-02.31.26:269][  0]LogLinker:Warning: Asset '../../../Engine/Plugins/Runtime/LeapMotionController/Content/LM_PassthroughMaterial.uasset' has been saved with empty engine version. The asset will be loaded but may be incompatible.
[2015.10.21-02.31.26:372][  0]LogObj: 28361 objects as part of root set at end of initial load.
[2015.10.21-02.31.26:372][  0]LogUObjectAllocator: 6038864 out of 0 bytes used by permanent object pool.
[2015.10.21-02.31.26:499][  0]LogEngine: Initializing Engine...
[2015.10.21-02.31.26:502][  0]LogHMD: Can't find Oculus library dev build: is proper Runtime installed? Version: 0.7.0.0
[2015.10.21-02.31.26:574][  0]LogHMD: SteamVR failed to initialize.  Err: 108
[2015.10.21-02.31.26:749][  0]LogAIModule: Creating AISystem for world NewWorld
[2015.10.21-02.31.26:760][  0]LogInit: XAudio2 using 'Speakers (Realtek High Definition Audio)' : 2 channels at 48 kHz using 32 bits per sample (channel mask 0x3)
[2015.10.21-02.31.26:821][  0]LogInit: FAudioDevice initialized.
[2015.10.21-02.31.26:843][  0]LogDerivedDataCache: Saved boot cache 0.02s 37MB C:/Users/N76VJ/AppData/Local/UnrealEngine/4.9/DerivedDataCache/Boot.ddc.
[2015.10.21-02.31.26:847][  0]LogInit: Texture streaming: Enabled
[2015.10.21-02.31.26:855][  0]LogAnalytics: Creating configured Analytics provider AnalyticsET
[2015.10.21-02.31.26:855][  0]LogAnalytics: [UEEditor.Rocket.Release] APIServer = http://et2.epicgames.com/ET2/. AppVersion = 4.9.2-2707645+++depot+UE4-Releases+4.9
[2015.10.21-02.31.26:855][  0]LogAnalytics: [UEEditor.Rocket.Release] SetUserId 307c31384536427768eae98f6a462f38|065feb13441e497d8de9007e54a4f2b1|bba66cf8-b041-4635-944f-7982c7832495
[2015.10.21-02.31.26:855][  0]LogAnalytics: [UEEditor.Rocket.Release] AnalyticsET::StartSession
[2015.10.21-02.31.32:532][  0]LogInit: Transaction tracking system initialized
[2015.10.21-02.31.32:568][  0]BlueprintLog: New page: Editor Load
[2015.10.21-02.31.32:709][  0]LocalizationService: Info Localization service is disabled
[2015.10.21-02.31.33:731][  0]LogConsoleResponse:Display: 
[2015.10.21-02.31.38:610][  0]LogCook:Display: Done creating registry. It took  0.00s.
[2015.10.21-02.31.39:340][  0]LogFileCache: Scanning file cache for directory 'C:/Users/N76VJ/Documents/RIT/GDD II/DigitalHorrorGame/GDDHorrorGame/Content/' took 0.02s
[2015.10.21-02.31.39:349][  0]SourceControl: Info Source control is disabled
[2015.10.21-02.32.50:505][  0]LogWindowsTextInputMethodSystem:Display: IME system now deactivated.
[2015.10.21-02.32.50:515][  0]LogWindowsTextInputMethodSystem:Display: IME system now deactivated.
[2015.10.21-02.32.50:517][  0]Cmd: MAP LOAD FILE="../../../../../../Users/N76VJ/Documents/RIT/GDD II/DigitalHorrorGame/GDDHorrorGame/Content/ThirdPersonBP/Maps/ThirdPersonExampleMap.umap" TEMPLATE=0 SHOWPROGRESS=1 FEATURELEVEL=3
[2015.10.21-02.32.50:518][  0]LightingResults: New page: Lighting Build
[2015.10.21-02.32.50:524][  0]MapCheck: New page: Map Check
[2015.10.21-02.32.50:524][  0]LightingResults: New page: Lighting Build
[2015.10.21-02.32.50:540][  0]LogParticles: Destroying 0 GPU particle simulations for FXSystem 0x000000137BB1A160
[2015.10.21-02.32.50:562][  0]LogLinker:Warning: Asset '../../../../../../Users/N76VJ/Documents/RIT/GDD II/DigitalHorrorGame/GDDHorrorGame/Content/Mannequin/Animations/ThirdPerson_Jump.uasset' has been saved with empty engine version. The asset will be loaded but may be incompatible.
[2015.10.21-02.32.50:571][  0]LogLinker:Warning: Asset '../../../../../../Users/N76VJ/Documents/RIT/GDD II/DigitalHorrorGame/GDDHorrorGame/Content/Mannequin/Animations/ThirdPersonJump_Loop.uasset' has been saved with empty engine version. The asset will be loaded but may be incompatible.
[2015.10.21-02.32.50:574][  0]LogLinker:Warning: Asset '../../../../../../Users/N76VJ/Documents/RIT/GDD II/DigitalHorrorGame/GDDHorrorGame/Content/Mannequin/Animations/ThirdPersonJump_Start.uasset' has been saved with empty engine version. The asset will be loaded but may be incompatible.
[2015.10.21-02.32.50:578][  0]LogLinker:Warning: Asset '../../../../../../Users/N76VJ/Documents/RIT/GDD II/DigitalHorrorGame/GDDHorrorGame/Content/Mannequin/Animations/ThirdPerson_IdleRun_2D.uasset' has been saved with empty engine version. The asset will be loaded but may be incompatible.
[2015.10.21-02.32.50:579][  0]LogLinker:Warning: Asset '../../../../../../Users/N76VJ/Documents/RIT/GDD II/DigitalHorrorGame/GDDHorrorGame/Content/Mannequin/Animations/ThirdPersonIdle.uasset' has been saved with empty engine version. The asset will be loaded but may be incompatible.
[2015.10.21-02.32.59:489][  0]LogAIModule: Creating AISystem for world ThirdPersonExampleMap
[2015.10.21-02.32.59:512][  0]LogEditorServer: Finished looking for orphan Actors (0.000 secs)
[2015.10.21-02.32.59:513][  0]Cmd: MAP CHECKDEP NOCLEARLOG
[2015.10.21-02.32.59:684][  0]MapCheck: Info Map check complete: 0 Error(s), 0 Warning(s), took 170.489ms to complete.
[2015.10.21-02.32.59:684][  0]LogFileHelpers: Loading map 'ThirdPersonExampleMap' took 9.167
[2015.10.21-02.32.59:688][  0]LogWindowsTextInputMethodSystem:Display: IME system now deactivated.
[2015.10.21-02.32.59:959][  0]LogCollectionManager: Loaded 0 collections in 0.002426 seconds
[2015.10.21-02.33.00:001][  0]LogFileCache: Scanning file cache for directory 'C:/Users/N76VJ/Documents/RIT/GDD II/DigitalHorrorGame/GDDHorrorGame/Saved/Collections/' took 0.01s
[2015.10.21-02.33.00:001][  0]LogFileCache: Scanning file cache for directory 'C:/Users/N76VJ/Documents/RIT/GDD II/DigitalHorrorGame/GDDHorrorGame/Content/Developers/N76VJ/Collections/' took 0.01s
[2015.10.21-02.33.00:001][  0]LogFileCache: Scanning file cache for directory 'C:/Users/N76VJ/Documents/RIT/GDD II/DigitalHorrorGame/GDDHorrorGame/Content/Collections/' took 0.01s
[2015.10.21-02.33.00:001][  0]LogContentBrowser: Native class hierarchy populated in 0.0083 seconds. Added 1867 classes and 333 folders.
[2015.10.21-02.33.00:007][  0]LogCollectionManager: Rebuilt the GUID cache for 0 collections in 0.000004 seconds
[2015.10.21-02.33.00:015][  0]LogContentBrowser: Native class hierarchy updated for 'WidgetCarousel' in 0.0004 seconds. Added 0 classes and 0 folders.
[2015.10.21-02.33.01:692][  0]LogContentBrowser: Native class hierarchy updated for 'AddContentDialog' in 0.0004 seconds. Added 0 classes and 0 folders.
[2015.10.21-02.33.01:697][  0]LogContentBrowser: Native class hierarchy updated for 'SceneOutliner' in 0.0004 seconds. Added 1 classes and 2 folders.
[2015.10.21-02.33.01:810][  0]LogCrashTracker: Crashtracker disabled due to settings.
[2015.10.21-02.33.01:817][  0]LogUObjectGlobals:Warning: Failed to find object 'Class None.'
[2015.10.21-02.33.01:839][  0]LogStats:Warning: MetaData mismatch. Did you assign a stat to two groups? New //STATGROUP_Threads//SplashScreenThread///Thread_619c_0///####STATCAT_Advanced#### old //STATGROUP_Threads//SplashScreenThread///Thread_5ebc_0///####STATCAT_Advanced####
[2015.10.21-02.33.01:839][  0]LogLoad: Full Startup: 186.18 seconds (BP compile: 0.50 seconds)
[2015.10.21-02.33.02:579][  0]LogContentStreaming: Texture pool size now 200 MB
[2015.10.21-02.33.02:698][  0]LogRenderer: Reallocating scene render targets to support 604x300 (Frame:2).
[2015.10.21-02.33.04:811][  6]LogAssetRegistry: Asset discovery search completed in 99.3230 seconds
[2015.10.21-02.33.04:811][  6]LogCollectionManager: Rebuilt the object cache for 0 collections in 0.000001 seconds (found 0 objects)
[2015.10.21-02.33.04:811][  6]LogCollectionManager: Fixed up redirectors for 0 collections in 0.000028 seconds (updated 0 objects)
[2015.10.21-02.33.20:237][440]LogRenderer: Reallocating scene render targets to support 820x408 (Frame:411).
[2015.10.21-02.33.20:313][441]LogRenderer: Reallocating scene render targets to support 1184x588 (Frame:413).
[2015.10.21-02.33.20:410][442]LogRenderer: Reallocating scene render targets to support 1208x600 (Frame:416).
[2015.10.21-02.33.58:927][534]LogUProjectInfo: Found projects:
[2015.10.21-02.35.01:885][585]LogFactory: FactoryCreateBinary: StaticMesh with FbxFactory (0 0 C:\Users\N76VJ\Documents\RIT\GDD II\Assets\environment_v2.fbx)
[2015.10.21-02.35.01:899][585]LogFbx: ItemName: GlobalSettings, ItemCount : 1
[2015.10.21-02.35.01:899][585]LogFbx: ItemName: AnimationStack, ItemCount : 1
[2015.10.21-02.35.01:899][585]LogFbx: ItemName: AnimationLayer, ItemCount : 1
[2015.10.21-02.35.01:899][585]LogFbx: ItemName: Geometry, ItemCount : 1
[2015.10.21-02.35.01:899][585]LogFbx: ItemName: Material, ItemCount : 1
[2015.10.21-02.35.01:899][585]LogFbx: ItemName: Model, ItemCount : 3
[2015.10.21-02.35.01:899][585]LogFbx: ItemName: NodeAttribute, ItemCount : 2
[2015.10.21-02.35.01:904][585]LogFbx: Loading FBX Scene from C:\Users\N76VJ\Documents\RIT\GDD II\Assets\environment_v2.fbx
[2015.10.21-02.35.01:915][585]LogFbx: FBX Scene Loaded Succesfully
[2015.10.21-02.35.17:916][585]LogFbx: Loading FBX Scene from C:\Users\N76VJ\Documents\RIT\GDD II\Assets\environment_v2.fbx
[2015.10.21-02.35.17:928][585]LogFbx: FBX Scene Loaded Succesfully
[2015.10.21-02.35.17:931][585]LogFbx:Warning: Triangulating static mesh pCube1
[2015.10.21-02.35.18:550][585]LogStaticMesh: Building static mesh environment_v2...
[2015.10.21-02.35.18:678][585]LogStaticMesh: Built static mesh [0.128684.2s] /Game/Meshes/environment_v2.environment_v2
[2015.10.21-02.35.18:690][585]LogStaticMesh:Warning: environment_v2 has degenerate tangent bases which will result in incorrect shading. 
[2015.10.21-02.35.18:702][585]FBXImport:Warning: Warning Warning: No smoothing group information was found in this FBX scene.  Please make sure to enable the 'Export Smoothing Groups' option in the FBX Exporter plug-in before exporting the file.  Even for tools that don't support smoothing groups, the FBX Exporter will generate appropriate smoothing data at export-time so that correct vertex normals can be inferred while importing. 
[2015.10.21-02.35.18:702][585]FBXImport:Warning: Warning environment_v2 has degenerate tangent bases which will result in incorrect shading.  
[2015.10.21-02.35.23:613][870]LogActorFactory: Actor Factory created environment_v2
[2015.10.21-02.35.27:545][ 97]LogActorFactory: Actor Factory created environment_v2
[2015.10.21-02.35.27:702][102]LogEditorViewport: Clicking on Actor (LMB): StaticMeshActor (environment_v2)
[2015.10.21-02.35.32:323][354]LogEditorViewport: Clicking on Actor (LMB): StaticMeshActor (environment_v3)
[2015.10.21-02.35.33:163][404]Cmd: TRANSACTION UNDO
[2015.10.21-02.35.33:163][404]LogEditorTransaction: Undo Clicking on Actors
[2015.10.21-02.35.35:212][524]Cmd: TRANSACTION UNDO
[2015.10.21-02.35.35:212][524]LogEditorTransaction: Undo Move Actors
[2015.10.21-02.35.36:260][586]Cmd: TRANSACTION UNDO
[2015.10.21-02.35.36:260][586]LogEditorTransaction: Undo Move Actors
[2015.10.21-02.35.37:117][637]Cmd: TRANSACTION UNDO
[2015.10.21-02.35.37:117][637]LogEditorTransaction: Undo Move Actors
[2015.10.21-02.35.44:727][ 53]LogEditorViewport: Clicking on Actor (LMB): BP_Sky_Sphere_C (SkySphereBlueprint)
[2015.10.21-02.35.45:005][ 68]LogEditorViewport: Clicking on Component (LMB): StaticMeshComponent (Sky Sphere mesh)
[2015.10.21-02.35.48:621][275]LogEditorViewport: Clicking on Actor (LMB): StaticMeshActor (environment_v2)
[2015.10.21-02.36.23:498][292]Cmd: EDIT CUT
[2015.10.21-02.36.23:505][292]LogEditorActor: Deleted Actor: Brush
[2015.10.21-02.36.23:505][292]LogActorComponent: UnregisterComponent: (/Engine/Transient.CharMoveComp) Not registered. Aborting.
[2015.10.21-02.36.23:672][292]LogEditorActor: Deleted 1 Actors (0.168 secs)
[2015.10.21-02.36.50:184][783]LogEditorViewport: Clicking on Actor (LMB): StaticMeshActor (environment_v2)
[2015.10.21-02.36.58:805][278]LogEditorViewport: Clicking on Actor (LMB): StaticMeshActor (SM_TableRound)
[2015.10.21-02.37.00:681][387]Cmd: EDIT CUT
[2015.10.21-02.37.00:686][387]LogEditorActor: Deleted Actor: StaticMeshActor
[2015.10.21-02.37.00:702][387]LogEditorActor: Deleted 1 Actors (0.016 secs)
[2015.10.21-02.37.02:250][479]LogEditorViewport: Clicking on Actor (LMB): StaticMeshActor (chair)
[2015.10.21-02.37.02:898][515]Cmd: EDIT CUT
[2015.10.21-02.37.02:903][515]LogEditorActor: Deleted Actor: StaticMeshActor
[2015.10.21-02.37.02:916][515]LogEditorActor: Deleted 1 Actors (0.014 secs)
[2015.10.21-02.37.04:535][612]LogEditorViewport: Clicking on Actor (LMB): BlinkingLight_C (BlinkingLight)
[2015.10.21-02.37.04:613][614]LogEditorViewport: Clicking on Component (LMB): PointLightComponent (PointLight)
[2015.10.21-02.37.08:947][868]LogEditorViewport: Clicking on Actor (LMB): StaticMeshActor (SM_Chair)
[2015.10.21-02.37.09:478][896]Cmd: EDIT CUT
[2015.10.21-02.37.09:482][896]LogEditorActor: Deleted Actor: StaticMeshActor
[2015.10.21-02.37.09:496][896]LogEditorActor: Deleted 1 Actors (0.015 secs)
[2015.10.21-02.37.10:251][941]LogEditorViewport: Clicking on Actor (LMB): StaticMeshActor (environment_v2)
[2015.10.21-02.37.10:870][975]LogEditorViewport: Clicking on Actor (LMB): StaticMeshActor (SM_Chair2)
[2015.10.21-02.37.11:320][999]Cmd: EDIT CUT
[2015.10.21-02.37.11:324][999]LogEditorActor: Deleted Actor: StaticMeshActor
[2015.10.21-02.37.11:339][999]LogEditorActor: Deleted 1 Actors (0.016 secs)
[2015.10.21-02.37.12:654][ 78]LogEditorViewport: Clicking on Actor (LMB): StaticMeshActor (SM_MatPreviewMesh_02)
[2015.10.21-02.37.13:317][114]Cmd: EDIT CUT
[2015.10.21-02.37.13:323][114]LogEditorActor: Deleted Actor: StaticMeshActor
[2015.10.21-02.37.13:341][114]LogEditorActor: Deleted 1 Actors (0.020 secs)
[2015.10.21-02.37.14:545][186]LogEditorViewport: Clicking on Actor (LMB): StaticMeshActor (SM_Lamp_Ceiling)
[2015.10.21-02.37.15:497][240]Cmd: EDIT CUT
[2015.10.21-02.37.15:502][240]LogEditorActor: Deleted Actor: StaticMeshActor
[2015.10.21-02.37.15:515][240]LogEditorActor: Deleted 1 Actors (0.014 secs)
[2015.10.21-02.37.16:571][303]LogEditorViewport: Clicking on Actor (LMB): LightSwitch_Blueprint_C (LightSwitch_Blueprint)
[2015.10.21-02.37.17:229][339]Cmd: EDIT CUT
[2015.10.21-02.37.17:233][339]LogEditorActor: Deleted Actor: LightSwitch_Blueprint_C
[2015.10.21-02.37.17:248][339]LogEditorActor: Deleted 1 Actors (0.015 secs)
[2015.10.21-02.37.18:361][406]LogEditorViewport: Clicking on Actor (LMB): BlinkingLight_C (BlinkingLight)
[2015.10.21-02.37.18:392][406]LogEditorViewport: Clicking on Component (LMB): SceneComponent (DefaultSceneRoot)
[2015.10.21-02.37.25:439][808]LogEditorViewport: Clicking on Actor (LMB): StaticMeshActor (SM_Lamp_Wall2)
[2015.10.21-02.37.25:489][808]LogEditorViewport: Clicking on Component (LMB): StaticMeshComponent (StaticMeshComponent0)
[2015.10.21-02.37.30:706][118]LogEditorViewport: Clicking on Actor (LMB): StaticMeshActor (environment)
[2015.10.21-02.37.31:549][166]LogEditorViewport: Clicking on Actor (LMB): StaticMeshActor (SM_Lamp_Wall3)
[2015.10.21-02.37.32:378][213]Cmd: EDIT CUT
[2015.10.21-02.37.32:382][213]LogEditorActor: Deleted Actor: StaticMeshActor
[2015.10.21-02.37.32:397][213]LogEditorActor: Deleted 1 Actors (0.015 secs)
[2015.10.21-02.37.33:709][292]LogEditorViewport: Clicking on Actor (LMB): StaticMeshActor (SM_Lamp_Wall2)
[2015.10.21-02.37.34:217][320]Cmd: EDIT CUT
[2015.10.21-02.37.34:221][320]LogEditorActor: Deleted Actor: StaticMeshActor
[2015.10.21-02.37.34:235][320]LogEditorActor: Deleted 1 Actors (0.014 secs)
[2015.10.21-02.37.39:710][649]LogEditorViewport: Clicking on Actor (LMB): BlinkingLight_C (BlinkingLight)
[2015.10.21-02.37.40:700][707]Cmd: EDIT CUT
[2015.10.21-02.37.40:704][707]LogEditorActor: Deleted Actor: BlinkingLight_C
[2015.10.21-02.37.40:719][707]LogEditorActor: Deleted 1 Actors (0.015 secs)
[2015.10.21-02.37.42:297][802]LogEditorViewport: Clicking on Actor (LMB): StaticMeshActor (DiningTable)
[2015.10.21-02.37.42:678][822]Cmd: EDIT CUT
[2015.10.21-02.37.42:681][822]LogEditorActor: Deleted Actor: StaticMeshActor
[2015.10.21-02.37.42:694][822]LogEditorActor: Deleted 1 Actors (0.013 secs)
[2015.10.21-02.37.47:784][121]LogEditorViewport: Clicking on Actor (LMB): StaticMeshActor (environment)
[2015.10.21-02.37.48:821][180]LogEditorViewport: Clicking on Actor (LMB): StaticMeshActor (SM_Shelf)
[2015.10.21-02.37.50:098][254]LogEditorViewport: Clicking on Actor (LMB): StaticMeshActor (SM_Statue)
[2015.10.21-02.37.51:024][307]Cmd: EDIT CUT
[2015.10.21-02.37.51:028][307]LogEditorActor: Deleted Actor: StaticMeshActor
[2015.10.21-02.37.51:041][307]LogEditorActor: Deleted 1 Actors (0.014 secs)
[2015.10.21-02.37.52:055][368]LogEditorViewport: Clicking on Actor (LMB): StaticMeshActor (SM_Shelf)
[2015.10.21-02.37.52:514][393]Cmd: EDIT CUT
[2015.10.21-02.37.52:517][393]LogEditorActor: Deleted Actor: StaticMeshActor
[2015.10.21-02.37.52:533][393]LogEditorActor: Deleted 1 Actors (0.016 secs)
[2015.10.21-02.37.53:444][448]LogEditorViewport: Clicking on Actor (LMB): StaticMeshActor (environment_v2)
[2015.10.21-02.37.54:422][504]LogEditorViewport: Clicking on Actor (LMB): StaticMeshActor (environment_v2)
[2015.10.21-02.37.55:000][538]LogEditorViewport: Clicking on Actor (LMB): StaticMeshActor (environment_v2)
[2015.10.21-02.37.55:642][576]LogEditorViewport: Clicking on Actor (LMB): StaticMeshActor (environment_v2)
[2015.10.21-02.37.56:050][599]LogEditorViewport: Clicking on Actor (LMB): StaticMeshActor (environment_v2)
[2015.10.21-02.37.56:597][631]LogEditorViewport: Clicking on Actor (LMB): Outside_Door_Blueprint_C (Outside_Door_Blueprint)
[2015.10.21-02.37.57:644][692]Cmd: EDIT CUT
[2015.10.21-02.37.57:648][692]LogEditorActor: Deleted Actor: Outside_Door_Blueprint_C
[2015.10.21-02.37.57:661][692]LogEditorActor: Deleted 1 Actors (0.013 secs)
[2015.10.21-02.38.03:937][ 52]LogEditorViewport: Clicking on Actor (double click): BP_Sky_Sphere_C (SkySphereBlueprint)
[2015.10.21-02.38.05:116][118]LogEditorViewport: Clicking on Actor (LMB): StaticMeshActor (environment_v2)
[2015.10.21-02.38.06:292][185]LogEditorViewport: Clicking on Actor (LMB): StaticMeshActor (apartmentdoor)
[2015.10.21-02.38.07:224][238]Cmd: EDIT COPY
[2015.10.21-02.38.07:613][261]Cmd: EDIT CUT
[2015.10.21-02.38.07:617][261]LogEditorActor: Deleted Actor: StaticMeshActor
[2015.10.21-02.38.07:631][261]LogEditorActor: Deleted 1 Actors (0.014 secs)
[2015.10.21-02.38.09:882][393]LogEditorViewport: Clicking on Actor (LMB): StaticMeshActor (environment_v2)
[2015.10.21-02.38.13:945][625]LogEditorViewport: Clicking on Actor (LMB): StaticMeshActor (SM_Lamp_Ceiling3)
[2015.10.21-02.38.14:957][683]Cmd: EDIT CUT
[2015.10.21-02.38.14:961][683]LogEditorActor: Deleted Actor: StaticMeshActor
[2015.10.21-02.38.14:976][683]LogEditorActor: Deleted 1 Actors (0.015 secs)
[2015.10.21-02.38.16:117][752]LogEditorViewport: Clicking on Actor (LMB): StaticMeshActor (SM_Lamp_Ceiling2)
[2015.10.21-02.38.16:662][782]Cmd: EDIT CUT
[2015.10.21-02.38.16:666][782]LogEditorActor: Deleted Actor: StaticMeshActor
[2015.10.21-02.38.16:681][782]LogEditorActor: Deleted 1 Actors (0.016 secs)
[2015.10.21-02.38.17:607][838]LogEditorViewport: Clicking on Actor (LMB): StaticMeshActor (environment_v2)
[2015.10.21-02.38.18:922][914]LogEditorViewport: Clicking on Actor (LMB): PointLight (PointLight2)
[2015.10.21-02.38.19:576][949]Cmd: EDIT CUT
[2015.10.21-02.38.19:580][949]LogEditorActor: Deleted Actor: PointLight
[2015.10.21-02.38.19:595][949]LogEditorActor: Deleted 1 Actors (0.016 secs)
[2015.10.21-02.38.20:277][990]LogEditorViewport: Clicking on Actor (LMB): PointLight (PointLight4)
[2015.10.21-02.38.21:026][ 33]Cmd: EDIT CUT
[2015.10.21-02.38.21:029][ 33]LogEditorActor: Deleted Actor: PointLight
[2015.10.21-02.38.21:043][ 33]LogEditorActor: Deleted 1 Actors (0.014 secs)
[2015.10.21-02.38.22:034][ 93]LogEditorViewport: Clicking on Actor (LMB): SkyLight (SkyLight)
[2015.10.21-02.38.34:558][810]LogEditorViewport: Clicking on Actor (LMB): StaticMeshActor (bed)
[2015.10.21-02.38.34:607][810]LogEditorViewport: Clicking on Component (LMB): StaticMeshComponent (StaticMeshComponent0)
[2015.10.21-02.38.41:996][244]LogEditorViewport: Clicking on Actor (LMB): StaticMeshActor (environment_v2)
[2015.10.21-02.38.42:867][293]LogEditorViewport: Clicking on Actor (LMB): StaticMeshActor (bed)
[2015.10.21-02.38.44:800][397]LogEditorViewport: Clicking on Actor (LMB): StaticMeshActor (bed)
[2015.10.21-02.38.44:870][400]LogEditorViewport: Clicking on Component (LMB): StaticMeshComponent (StaticMeshComponent0)
[2015.10.21-02.38.45:997][463]LogEditorViewport: Clicking on Actor (LMB): StaticMeshActor (environment_v2)
[2015.10.21-02.38.46:046][463]LogEditorViewport: Clicking on Component (LMB): StaticMeshComponent (StaticMeshComponent0)
[2015.10.21-02.38.46:483][487]LogEditorViewport: Clicking on Component (LMB): StaticMeshComponent (StaticMeshComponent0)
[2015.10.21-02.38.47:244][532]LogEditorViewport: Clicking on Actor (LMB): StaticMeshActor (bed)
[2015.10.21-02.38.54:118][917]LogEditorViewport: Clicking on Actor (LMB): BP_Sky_Sphere_C (SkySphereBlueprint)
[2015.10.21-02.39.05:045][502]LogEditorViewport: Clicking on Actor (double click): StaticMeshActor (environment_v2)
[2015.10.21-02.39.05:145][505]LogEditorViewport: Clicking on Actor (LMB): StaticMeshActor (environment_v2)
[2015.10.21-02.39.10:228][778]LogEditorViewport: Clicking on Component (LMB): StaticMeshComponent (StaticMeshComponent0)
[2015.10.21-02.39.10:664][802]LogEditorViewport: Clicking on Component (LMB): StaticMeshComponent (StaticMeshComponent0)
[2015.10.21-02.39.11:255][837]LogEditorViewport: Clicking on Actor (LMB): StaticMeshActor (bed)
[2015.10.21-02.39.12:861][929]LogEditorViewport: Clicking on Actor (LMB): StaticMeshActor (bed)
[2015.10.21-02.39.12:909][931]LogEditorViewport: Clicking on Component (LMB): StaticMeshComponent (StaticMeshComponent0)
[2015.10.21-02.39.13:125][942]LogEditorViewport: Clicking on Component (LMB): StaticMeshComponent (StaticMeshComponent0)
[2015.10.21-02.39.13:496][964]LogEditorViewport: Clicking on Component (LMB): StaticMeshComponent (StaticMeshComponent0)
[2015.10.21-02.39.17:882][221]LogEditorViewport: Clicking on Component (LMB): StaticMeshComponent (StaticMeshComponent0)
[2015.10.21-02.39.19:768][332]LogEditorViewport: Clicking on Component (LMB): StaticMeshComponent (StaticMeshComponent0)
[2015.10.21-02.39.21:711][444]LogEditorViewport: Clicking on Actor (LMB): StaticMeshActor (environment_v2)
[2015.10.21-02.39.22:510][489]LogEditorViewport: Clicking on Actor (LMB): StaticMeshActor (bed)
[2015.10.21-02.39.25:089][639]LogEditorViewport: Clicking on Actor (LMB): StaticMeshActor (environment_v2)
[2015.10.21-02.39.25:128][639]LogEditorViewport: Clicking on Component (LMB): StaticMeshComponent (StaticMeshComponent0)
[2015.10.21-02.39.27:906][789]LogEditorViewport: Clicking on Component (LMB): StaticMeshComponent (StaticMeshComponent0)
[2015.10.21-02.39.28:894][848]LogEditorViewport: Clicking on Actor (LMB): ThirdPersonCharacter_C (Carrie)
[2015.10.21-02.39.31:673][996]LogEditorViewport: Clicking on Actor (LMB): StaticMeshActor (environment_v2)
[2015.10.21-02.39.32:868][ 63]LogEditorViewport: Clicking on Actor (LMB): ThirdPersonCharacter_C (Carrie)
[2015.10.21-02.39.37:120][293]LogEditorViewport: Clicking on Actor (LMB): StaticMeshActor (environment_v2)
[2015.10.21-02.39.38:280][358]LogEditorViewport: Clicking on Actor (LMB): ThirdPersonCharacter_C (Carrie)
[2015.10.21-02.39.41:101][517]LogEditorViewport: Clicking on Actor (LMB): MatineeActor (MatineeActor)
[2015.10.21-02.39.43:649][659]LogEditorViewport: Clicking on Actor (LMB): StaticMeshActor (environment_v2)
[2015.10.21-02.39.43:694][659]LogEditorViewport: Clicking on Component (LMB): StaticMeshComponent (StaticMeshComponent0)
[2015.10.21-02.39.44:908][730]LogEditorViewport: Clicking on Actor (LMB): MatineeActor (MatineeActor)
[2015.10.21-02.39.46:334][812]LogEditorViewport: Clicking on Actor (LMB): StaticMeshActor (environment_v2)
[2015.10.21-02.39.47:551][882]LogEditorViewport: Clicking on Actor (LMB): MatineeActor (MatineeActor)
[2015.10.21-02.39.48:797][953]LogEditorViewport: Clicking on Actor (LMB): StaticMeshActor (environment_v2)
[2015.10.21-02.39.48:944][959]LogEditorViewport: Clicking on Component (LMB): StaticMeshComponent (StaticMeshComponent0)
[2015.10.21-02.39.49:183][972]LogEditorViewport: Clicking on Component (LMB): StaticMeshComponent (StaticMeshComponent0)
[2015.10.21-02.39.51:113][ 80]LogEditorViewport: Clicking on Actor (LMB): BP_Sky_Sphere_C (SkySphereBlueprint)
[2015.10.21-02.39.52:430][156]LogEditorViewport: Clicking on Actor (LMB): MatineeActor (MatineeActor)
[2015.10.21-02.39.54:600][281]LogEditorViewport: Clicking on Actor (LMB): StaticMeshActor (environment_v2)
[2015.10.21-02.39.54:646][281]LogEditorViewport: Clicking on Component (LMB): StaticMeshComponent (StaticMeshComponent0)
[2015.10.21-02.39.54:807][289]LogEditorViewport: Clicking on Component (LMB): StaticMeshComponent (StaticMeshComponent0)
[2015.10.21-02.39.56:252][370]LogEditorViewport: Clicking on Actor (LMB): StaticMeshActor (environment)
[2015.10.21-02.39.57:251][427]LogEditorViewport: Clicking on Actor (LMB): BP_iPhone_C (iPhone)
[2015.10.21-02.39.57:278][427]LogEditorViewport: Clicking on Component (LMB): StaticMeshComponent (iPhone_6_obj)
[2015.10.21-02.39.59:061][528]LogEditorViewport: Clicking on Actor (LMB): StaticMeshActor (Nightstand)
[2015.10.21-02.39.59:102][528]LogEditorViewport: Clicking on Component (SHIFT LMB): StaticMeshComponent (StaticMeshComponent0)
[2015.10.21-02.40.01:298][652]LogEditorViewport: Clicking on Actor (LMB): StaticMeshActor (environment_v2)
[2015.10.21-02.40.01:337][652]LogEditorViewport: Clicking on Component (LMB): StaticMeshComponent (StaticMeshComponent0)
[2015.10.21-02.40.01:763][676]LogEditorViewport: Clicking on Component (LMB): StaticMeshComponent (StaticMeshComponent0)
[2015.10.21-02.40.02:553][723]Cmd: TRANSACTION UNDO
[2015.10.21-02.40.02:553][723]LogEditorTransaction: Undo Clicking on Components
[2015.10.21-02.40.03:011][749]Cmd: TRANSACTION UNDO
[2015.10.21-02.40.03:011][749]LogEditorTransaction: Undo Clicking on Components
[2015.10.21-02.40.03:543][778]Cmd: TRANSACTION UNDO
[2015.10.21-02.40.03:543][778]LogEditorTransaction: Undo Clicking on Actors
[2015.10.21-02.40.04:063][807]Cmd: TRANSACTION UNDO
[2015.10.21-02.40.04:063][807]LogEditorTransaction: Undo Move Components
[2015.10.21-02.40.08:126][ 44]LogEditorViewport: Clicking on Actor (LMB): BP_iPhone_C (iPhone)
[2015.10.21-02.40.12:567][303]LogEditorViewport: Clicking on Actor (LMB): StaticMeshActor (environment_v2)
[2015.10.21-02.40.12:614][303]LogEditorViewport: Clicking on Component (LMB): StaticMeshComponent (StaticMeshComponent0)
[2015.10.21-02.40.15:254][453]LogEditorViewport: Clicking on Component (LMB): StaticMeshComponent (StaticMeshComponent0)
[2015.10.21-02.40.15:878][490]Cmd: TRANSACTION UNDO
[2015.10.21-02.40.15:878][490]LogEditorTransaction: Undo Clicking on Components
[2015.10.21-02.40.17:165][565]Cmd: TRANSACTION UNDO
[2015.10.21-02.40.17:165][565]LogEditorTransaction: Undo Clicking on Components
[2015.10.21-02.40.17:621][590]Cmd: TRANSACTION UNDO
[2015.10.21-02.40.17:621][590]LogEditorTransaction: Undo Clicking on Actors
[2015.10.21-02.40.19:497][697]LogEditorViewport: Clicking on Actor (LMB): StaticMeshActor (environment_v2)
[2015.10.21-02.40.19:543][697]LogEditorViewport: Clicking on Component (LMB): StaticMeshComponent (StaticMeshComponent0)
[2015.10.21-02.40.21:504][806]Cmd: TRANSACTION UNDO
[2015.10.21-02.40.21:504][806]LogEditorTransaction: Undo Clicking on Components
[2015.10.21-02.40.21:891][826]Cmd: TRANSACTION UNDO
[2015.10.21-02.40.21:891][826]LogEditorTransaction: Undo Clicking on Actors
[2015.10.21-02.40.27:345][128]LogEditorViewport: Clicking on Actor (LMB): StaticMeshActor (environment_v2)
[2015.10.21-02.40.28:646][203]Cmd: TRANSACTION UNDO
[2015.10.21-02.40.28:646][203]LogEditorTransaction: Undo Clicking on Actors
[2015.10.21-02.40.32:273][406]LogEditorViewport: Clicking on Actor (LMB): BP_Sky_Sphere_C (SkySphereBlueprint)
[2015.10.21-02.40.33:419][473]Cmd: TRANSACTION UNDO
[2015.10.21-02.40.33:419][473]LogEditorTransaction: Undo Clicking on Actors
[2015.10.21-02.40.35:579][593]LogEditorViewport: Clicking on Actor (double click): StaticMeshActor (environment_v2)
[2015.10.21-02.40.35:962][614]LogEditorViewport: Clicking on Actor (LMB): StaticMeshActor (environment_v2)
[2015.10.21-02.40.36:655][655]Cmd: TRANSACTION UNDO
[2015.10.21-02.40.36:655][655]LogEditorTransaction: Undo Clicking on Actors
[2015.10.21-02.40.37:606][711]Cmd: TRANSACTION UNDO
[2015.10.21-02.40.37:606][711]LogEditorTransaction: Undo Clicking on Actors (double-click)
[2015.10.21-02.40.38:891][786]LogEditorViewport: Clicking on Actor (LMB): StaticMeshActor (environment_v2)
[2015.10.21-02.40.39:096][795]LogEditorViewport: Clicking on Actor (LMB): StaticMeshActor (environment_v2)
[2015.10.21-02.40.39:345][809]LogEditorViewport: Clicking on Component (LMB): StaticMeshComponent (StaticMeshComponent0)
[2015.10.21-02.40.39:874][839]Cmd: TRANSACTION UNDO
[2015.10.21-02.40.39:874][839]LogEditorTransaction: Undo Clicking on Components
[2015.10.21-02.40.40:245][859]Cmd: TRANSACTION UNDO
[2015.10.21-02.40.40:245][859]LogEditorTransaction: Undo Clicking on Actors
[2015.10.21-02.40.40:934][900]Cmd: TRANSACTION UNDO
[2015.10.21-02.40.40:934][900]LogEditorTransaction: Undo Clicking on Actors
[2015.10.21-02.40.42:839][ 12]LogEditorViewport: Clicking on Actor (LMB): StaticMeshActor (environment_v2)
[2015.10.21-02.40.42:886][ 12]LogEditorViewport: Clicking on Component (LMB): StaticMeshComponent (StaticMeshComponent0)
[2015.10.21-02.40.44:001][ 74]LogEditorViewport: Clicking on Actor (double click): StaticMeshActor (environment_v2)
[2015.10.21-02.40.47:783][281]Cmd: TRANSACTION UNDO
[2015.10.21-02.40.47:783][281]LogEditorTransaction: Undo Move Actors
[2015.10.21-02.40.52:744][539]LogEditorViewport: Clicking on Actor (LMB): BP_Sky_Sphere_C (SkySphereBlueprint)
[2015.10.21-02.40.59:703][920]LogEditorViewport: Clicking on Actor (LMB): StaticMeshActor (environment_v2)
[2015.10.21-02.41.00:332][954]LogEditorViewport: Clicking on Actor (LMB): StaticMeshActor (environment_v2)
[2015.10.21-02.41.00:977][992]LogEditorViewport: Clicking on Actor (LMB): StaticMeshActor (environment_v2)
[2015.10.21-02.41.01:032][994]LogEditorViewport: Clicking on Component (LMB): StaticMeshComponent (StaticMeshComponent0)
[2015.10.21-02.41.01:807][ 39]LogEditorViewport: Clicking on Actor (LMB): Outside_Door_Blueprint_C (Outside_Door_Blueprint2)
[2015.10.21-02.41.02:816][ 98]Cmd: EDIT CUT
[2015.10.21-02.41.02:822][ 98]LogEditorActor: Deleted Actor: Outside_Door_Blueprint_C
[2015.10.21-02.41.02:840][ 98]LogEditorActor: Deleted 1 Actors (0.019 secs)
[2015.10.21-02.41.07:038][344]LogEditorViewport: Clicking on Actor (LMB): PlayerStart (NetworkPlayerStart)
[2015.10.21-02.41.07:963][398]Cmd: EDIT CUT
[2015.10.21-02.41.07:967][398]LogEditorActor: Deleted Actor: PlayerStart
[2015.10.21-02.41.07:980][398]LogEditorActor: Deleted 1 Actors (0.013 secs)
[2015.10.21-02.41.12:952][688]LogEditorViewport: Clicking on Actor (LMB): StaticMeshActor (environment_v2)
[2015.10.21-02.41.13:502][718]LogEditorViewport: Clicking on Actor (LMB): StaticMeshActor (environment_v2)
[2015.10.21-02.41.14:078][750]LogEditorViewport: Clicking on Component (LMB): StaticMeshComponent (StaticMeshComponent0)
[2015.10.21-02.41.14:417][769]LogEditorViewport: Clicking on Component (LMB): StaticMeshComponent (StaticMeshComponent0)
[2015.10.21-02.41.14:478][772]LogEditorViewport: Clicking on Actor (double click): StaticMeshActor (environment_v2)
[2015.10.21-02.41.17:302][928]LogEditorViewport: Clicking on Actor (LMB): StaticMeshActor (environment)
[2015.10.21-02.41.18:847][ 16]LogEditorViewport: Clicking on Actor (LMB): BP_Sky_Sphere_C (SkySphereBlueprint)
[2015.10.21-02.41.18:869][ 16]LogEditorViewport: Clicking on Component (LMB): StaticMeshComponent (Sky Sphere mesh)
[2015.10.21-02.41.21:367][159]LogEditorViewport: Clicking on Actor (LMB): StaticMeshActor (environment_v2)
[2015.10.21-02.41.24:445][332]LogEditorViewport: Clicking on Actor (LMB): StaticMeshActor (TopCounter)
[2015.10.21-02.41.24:489][332]LogEditorViewport: Clicking on Component (LMB): StaticMeshComponent (StaticMeshComponent0)
[2015.10.21-02.41.28:095][542]LogEditorViewport: Clicking on Actor (LMB): StaticMeshActor (KitchenShelves)
[2015.10.21-02.41.28:136][542]LogEditorViewport: Clicking on Component (LMB): StaticMeshComponent (StaticMeshComponent0)
[2015.10.21-02.41.33:363][841]LogEditorViewport: Clicking on Actor (LMB): StaticMeshActor (TopCounter)
[2015.10.21-02.41.37:681][ 92]LogEditorViewport: Clicking on Actor (LMB): StaticMeshActor (Counter)
[2015.10.21-02.41.45:235][532]LogEditorViewport: Clicking on Actor (LMB): StaticMeshActor (environment_v2)
[2015.10.21-02.41.45:320][533]LogEditorViewport: Clicking on Component (LMB): StaticMeshComponent (StaticMeshComponent0)
[2015.10.21-02.41.47:328][648]LogEditorViewport: Clicking on Component (LMB): StaticMeshComponent (StaticMeshComponent0)
[2015.10.21-02.41.50:084][801]LogEditorViewport: Clicking on Component (LMB): StaticMeshComponent (StaticMeshComponent0)
[2015.10.21-02.41.51:574][890]LogEditorViewport: Clicking on Actor (LMB): StaticMeshActor (TopCounter)
[2015.10.21-02.41.57:809][254]LogEditorViewport: Clicking on Actor (LMB): StaticMeshActor (Counter)
[2015.10.21-02.41.59:732][367]LogEditorViewport: Clicking on Actor (LMB): StaticMeshActor (Handles)
[2015.10.21-02.42.08:144][852]LogEditorViewport: Clicking on Actor (LMB): StaticMeshActor (environment_v2)
[2015.10.21-02.42.08:211][853]LogEditorViewport: Clicking on Actor (LMB): StaticMeshActor (environment_v2)
[2015.10.21-02.42.08:231][853]LogEditorViewport: Clicking on Component (LMB): StaticMeshComponent (StaticMeshComponent0)
[2015.10.21-02.42.08:698][878]LogEditorViewport: Clicking on Actor (double click): StaticMeshActor (environment_v2)
[2015.10.21-02.42.10:048][956]LogEditorViewport: Clicking on Component (LMB): StaticMeshComponent (StaticMeshComponent0)
[2015.10.21-02.42.10:395][975]LogEditorViewport: Clicking on Actor (LMB): StaticMeshActor (Handles)
[2015.10.21-02.42.10:530][980]LogEditorViewport: Clicking on Actor (LMB): StaticMeshActor (environment_v2)
[2015.10.21-02.42.11:023][  6]LogEditorViewport: Clicking on Component (LMB): StaticMeshComponent (StaticMeshComponent0)
[2015.10.21-02.42.11:617][ 40]LogEditorViewport: Clicking on Component (LMB): StaticMeshComponent (StaticMeshComponent0)
[2015.10.21-02.42.12:970][120]LogEditorViewport: Clicking on Actor (double click): StaticMeshActor (environment_v2)
[2015.10.21-02.42.13:383][143]LogEditorViewport: Clicking on Actor (LMB): StaticMeshActor (environment_v2)
[2015.10.21-02.42.15:540][272]LogEditorViewport: Clicking on Actor (LMB): StaticMeshActor (environment_v2)
[2015.10.21-02.42.16:631][337]LogEditorViewport: Clicking on Actor (LMB): StaticMeshActor (environment_v2)
[2015.10.21-02.42.16:956][356]LogEditorViewport: Clicking on Component (LMB): StaticMeshComponent (StaticMeshComponent0)
[2015.10.21-02.42.17:594][393]LogEditorViewport: Clicking on Actor (LMB): StaticMeshActor (Handles)
[2015.10.21-02.42.21:761][629]LogEditorViewport: Clicking on Actor (LMB): StaticMeshActor (environment_v2)
[2015.10.21-02.42.23:487][723]LogEditorViewport: Clicking on Component (LMB): StaticMeshComponent (StaticMeshComponent0)
[2015.10.21-02.42.24:360][774]LogEditorViewport: Clicking on Actor (LMB): StaticMeshActor (Counter)
[2015.10.21-02.42.27:771][973]LogEditorViewport: Clicking on Actor (LMB): StaticMeshActor (Handles)
[2015.10.21-02.42.31:321][167]LogEditorViewport: Clicking on Actor (LMB): StaticMeshActor (environment)
[2015.10.21-02.42.41:707][738]LogEditorViewport: Clicking on Actor (LMB): StaticMeshActor (Handles)
[2015.10.21-02.42.41:746][738]LogEditorViewport: Clicking on Component (LMB): StaticMeshComponent (StaticMeshComponent0)
[2015.10.21-02.42.42:896][805]LogEditorViewport: Clicking on Actor (LMB): StaticMeshActor (Counter)
[2015.10.21-02.42.42:937][805]LogEditorViewport: Clicking on Component (SHIFT LMB): StaticMeshComponent (StaticMeshComponent0)
[2015.10.21-02.42.43:487][836]LogEditorViewport: Clicking on Actor (LMB): StaticMeshActor (TopCounter)
[2015.10.21-02.42.43:526][836]LogEditorViewport: Clicking on Component (SHIFT LMB): StaticMeshComponent (StaticMeshComponent0)
[2015.10.21-02.42.44:558][896]LogEditorViewport: Clicking on Component (LMB): StaticMeshComponent (StaticMeshComponent0)
[2015.10.21-02.42.44:597][897]LogEditorViewport: Clicking on Actor (double click): StaticMeshActor (TopCounter)
[2015.10.21-02.42.45:263][935]LogEditorViewport: Clicking on Actor (LMB): StaticMeshActor (Handles)
[2015.10.21-02.42.59:217][742]LogEditorViewport: Clicking on Actor (LMB): BP_Cupcake_C (BP_Cupcake)
[2015.10.21-02.43.01:406][866]Cmd: TRANSACTION UNDO
[2015.10.21-02.43.01:406][866]LogEditorTransaction: Undo Move Actors
[2015.10.21-02.43.04:313][ 27]Cmd: TRANSACTION UNDO
[2015.10.21-02.43.04:313][ 27]LogEditorTransaction: Undo Move Actors
[2015.10.21-02.43.06:896][182]Cmd: TRANSACTION REDO
[2015.10.21-02.43.06:896][182]LogEditorTransaction: Redo Move Actors
[2015.10.21-02.43.08:527][279]Cmd: TRANSACTION UNDO
[2015.10.21-02.43.08:527][279]LogEditorTransaction: Undo Move Actors
[2015.10.21-02.43.08:753][292]Cmd: TRANSACTION UNDO
[2015.10.21-02.43.08:753][292]LogEditorTransaction: Undo Clicking on Actors
[2015.10.21-02.43.13:223][541]LogEditorViewport: Clicking on Actor (LMB): BP_Sky_Sphere_C (SkySphereBlueprint)
[2015.10.21-02.43.14:379][609]Cmd: TRANSACTION UNDO
[2015.10.21-02.43.14:379][609]LogEditorTransaction: Undo Clicking on Actors
[2015.10.21-02.43.14:800][633]Cmd: TRANSACTION UNDO
[2015.10.21-02.43.14:800][633]LogEditorTransaction: Undo Move Actors
[2015.10.21-02.43.14:804][633]LogActorComponent: ~FComponentReregisterContext: (/Game/ThirdPersonBP/Maps/ThirdPersonExampleMap.ThirdPersonExampleMap:PersistentLevel.Counter_4.StaticMeshComponent0) Component already registered.
[2015.10.21-02.43.23:483][116]LogEditorViewport: Clicking on Actor (LMB): BP_Sky_Sphere_C (SkySphereBlueprint)
[2015.10.21-02.43.24:628][183]Cmd: TRANSACTION UNDO
[2015.10.21-02.43.24:628][183]LogEditorTransaction: Undo Move Actors
[2015.10.21-02.43.24:630][183]LogActorComponent: ~FComponentReregisterContext: (/Game/ThirdPersonBP/Maps/ThirdPersonExampleMap.ThirdPersonExampleMap:PersistentLevel.Coffe_Containers__22.StaticMeshComponent0) Component already registered.
[2015.10.21-02.43.26:336][279]LogEditorViewport: Clicking on Actor (LMB): BP_Sky_Sphere_C (SkySphereBlueprint)
[2015.10.21-02.43.26:399][281]LogEditorViewport: Clicking on Component (LMB): StaticMeshComponent (Sky Sphere mesh)
[2015.10.21-02.43.26:858][307]LogEditorViewport: Clicking on Component (LMB): StaticMeshComponent (Sky Sphere mesh)
[2015.10.21-02.43.27:730][359]Cmd: TRANSACTION UNDO
[2015.10.21-02.43.27:730][359]LogEditorTransaction: Undo Clicking on Components
[2015.10.21-02.43.28:526][405]Cmd: TRANSACTION UNDO
[2015.10.21-02.43.28:526][405]LogEditorTransaction: Undo Clicking on Components
[2015.10.21-02.43.29:040][435]Cmd: TRANSACTION UNDO
[2015.10.21-02.43.29:040][435]LogEditorTransaction: Undo Clicking on Actors
[2015.10.21-02.43.36:683][874]LogEditorViewport: Clicking on Actor (LMB): StaticMeshActor (environment)
[2015.10.21-02.43.38:122][957]LogEditorViewport: Clicking on Actor (LMB): StaticMeshActor (environment)
[2015.10.21-02.43.38:165][958]LogEditorViewport: Clicking on Component (LMB): StaticMeshComponent (StaticMeshComponent0)
[2015.10.21-02.43.44:262][317]LogEditorViewport: Clicking on Actor (double click): BP_Sky_Sphere_C (SkySphereBlueprint)
[2015.10.21-02.43.45:121][368]LogEditorViewport: Clicking on Actor (LMB): StaticMeshActor (environment)
[2015.10.21-02.43.46:122][425]Cmd: EDIT CUT
[2015.10.21-02.43.46:128][425]LogEditorActor: Deleted Actor: StaticMeshActor
[2015.10.21-02.43.46:149][425]LogEditorActor: Deleted 1 Actors (0.021 secs)
[2015.10.21-02.43.49:188][598]LogEditorViewport: Clicking on Actor (LMB): BP_Sky_Sphere_C (SkySphereBlueprint)
[2015.10.21-02.43.51:944][751]LogEditorViewport: Clicking on Actor (LMB): StaticMeshActor (environment_v2)
[2015.10.21-02.43.51:997][751]LogEditorViewport: Clicking on Component (LMB): StaticMeshComponent (StaticMeshComponent0)
[2015.10.21-02.43.53:104][812]LogEditorViewport: Clicking on Component (LMB): StaticMeshComponent (StaticMeshComponent0)
[2015.10.21-02.43.54:093][871]LogEditorViewport: Clicking on Actor (LMB): SkyLight (SkyLight)
[2015.10.21-02.43.55:391][942]LogEditorViewport: Clicking on Actor (LMB): StaticMeshActor (environment_v2)
[2015.10.21-02.43.55:476][943]LogEditorViewport: Clicking on Actor (LMB): StaticMeshActor (environment_v2)
[2015.10.21-02.44.45:236][421]LogSavePackage: Save=119.507843ms
[2015.10.21-02.44.45:236][421]LogSavePackage: Moving '../../../../../../Users/N76VJ/Documents/RIT/GDD II/DigitalHorrorGame/GDDHorrorGame/Saved/ThirdPersonExampleMap_Auto13D7D495C4EFE60D9C6B90EB7833BEEAE.tmp' to '../../../../../../Users/N76VJ/Documents/RIT/GDD II/DigitalHorrorGame/GDDHorrorGame/Saved/Autosaves/Game/ThirdPersonBP/Maps/ThirdPersonExampleMap_Auto1.umap'
[2015.10.21-02.44.45:239][421]LogSavePackage: Total save time: 140.961383ms
[2015.10.21-02.44.45:239][421]LogSavePackage:Warning: Finished SavePackage ../../../../../../Users/N76VJ/Documents/RIT/GDD II/DigitalHorrorGame/GDDHorrorGame/Saved/Autosaves/Game/ThirdPersonBP/Maps/ThirdPersonExampleMap_Auto1.umap
[2015.10.21-02.44.45:242][421]LogFileHelpers: Editor autosave (incl. sublevels) for '/Game/ThirdPersonBP/Maps/ThirdPersonExampleMap' took 0.167
[2015.10.21-02.44.45:242][421]LogFileHelpers: Editor autosave (incl. sublevels) for all levels took 0.167
[2015.10.21-02.44.45:249][421]OBJ SavePackage: Generating thumbnails for [1] asset(s) in package [/Game/Meshes/environment_v2] ([1] browsable assets)...
[2015.10.21-02.44.45:266][421]OBJ SavePackage:     Rendered thumbnail for [StaticMesh /Game/Meshes/environment_v2.environment_v2]
[2015.10.21-02.44.45:266][421]OBJ SavePackage: Finished generating thumbnails for package [/Game/Meshes/environment_v2]
[2015.10.21-02.44.45:283][421]LogSavePackage: Save=13.298558ms
[2015.10.21-02.44.45:283][421]LogSavePackage: Moving '../../../../../../Users/N76VJ/Documents/RIT/GDD II/DigitalHorrorGame/GDDHorrorGame/Saved/environment_v2_Auto10C4FC020426511AD4F017A8D453AF82D.tmp' to '../../../../../../Users/N76VJ/Documents/RIT/GDD II/DigitalHorrorGame/GDDHorrorGame/Saved/Autosaves/Game/Meshes/environment_v2_Auto1.uasset'
[2015.10.21-02.44.45:285][421]LogSavePackage: Total save time: 15.888736ms
[2015.10.21-02.44.45:285][421]LogSavePackage:Warning: Finished SavePackage ../../../../../../Users/N76VJ/Documents/RIT/GDD II/DigitalHorrorGame/GDDHorrorGame/Saved/Autosaves/Game/Meshes/environment_v2_Auto1.uasset
[2015.10.21-02.44.45:285][421]LogFileHelpers: Auto-saving content packages took 0.039
[2015.10.21-02.48.30:158][ 82]LogFactory: FactoryCreateBinary: StaticMesh with FbxFactory (0 0 C:\Users\N76VJ\Documents\RIT\GDD II\Assets\3d-model.fbx\stove.fbx)
[2015.10.21-02.48.30:169][ 82]LogFbx: Loading FBX Scene from C:\Users\N76VJ\Documents\RIT\GDD II\Assets\3d-model.fbx\stove.fbx
[2015.10.21-02.49.54:894][ 82]LogCrashTracker: 


[2015.10.21-02.49.54:894][ 82]LogCrashTracker: 


[2015.10.21-02.49.54:894][ 82]LogWindows: === Critical error: ===
Fatal error!



[2015.10.21-02.49.55:028][ 82]LogExit: Executing StaticShutdownAfterError
[2015.10.21-02.49.55:039][ 82]LogPhysics:Warning: PHYSX: ..\..\PhysX\src\NpScene.cpp (2946) 8 : PxScene::unlockWrite() called without matching call to PxScene::lockWrite(), behaviour will be undefined.
[2015.10.21-02.49.55:039][ 82]LogPhysics:Warning: PHYSX: ..\..\PhysX\src\NpScene.cpp (2946) 8 : PxScene::unlockWrite() called without matching call to PxScene::lockWrite(), behaviour will be undefined.
[2015.10.21-02.49.55:040][ 82]LogWindows: FPlatformMisc::RequestExit(1)
[2015.10.21-02.49.55:040][ 82]Log file closed, 10/20/15 22:49:55
