[2015.10.12-19.51.31:021][  0]Log file open, 10/12/15 15:51:31
[2015.10.12-19.51.31:021][  0]LogInit:Display: Running engine for game: GDDHorrorGame
[2015.10.12-19.51.31:021][  0]LogInit:Display: RandInit(497743218) SRandInit(497743218).
[2015.10.12-19.51.31:021][  0]LogTaskGraph: Started task graph with 4 named threads and 7 total threads.
[2015.10.12-19.51.31:021][  0]LogStats: Stats thread started at 0.082851
[2015.10.12-19.51.31:021][  0]LogInit: Version: 4.9.2-2707645+++depot+UE4-Releases+4.9
[2015.10.12-19.51.31:021][  0]LogInit: API Version: 2672455
[2015.10.12-19.51.31:021][  0]LogInit: Compiled (64-bit): Sep 28 2015 10:25:44
[2015.10.12-19.51.31:021][  0]LogInit: Compiled with Visual C++: 18.00.21005.01
[2015.10.12-19.51.31:021][  0]LogInit: Build Configuration: Development
[2015.10.12-19.51.31:021][  0]LogInit: Branch Name: ++depot+UE4-Releases+4.9
[2015.10.12-19.51.31:021][  0]LogInit: Command line:  
[2015.10.12-19.51.31:021][  0]LogInit: Base directory: C:/Program Files/Epic Games/4.9/Engine/Binaries/Win64/
[2015.10.12-19.51.31:021][  0]LogInit: Rocket: 1
[2015.10.12-19.51.31:055][  0]LogInit: Using libcurl 7.41.0
[2015.10.12-19.51.31:055][  0]LogInit:  - built for x86_64-pc-win32
[2015.10.12-19.51.31:055][  0]LogInit:  - supports SSL with WinSSL
[2015.10.12-19.51.31:055][  0]LogInit:  - other features:
[2015.10.12-19.51.31:055][  0]LogInit:      CURL_VERSION_SSL
[2015.10.12-19.51.31:055][  0]LogInit:      CURL_VERSION_IPV6
[2015.10.12-19.51.31:055][  0]LogInit:      CURL_VERSION_ASYNCHDNS
[2015.10.12-19.51.31:055][  0]LogInit:      CURL_VERSION_LARGEFILE
[2015.10.12-19.51.31:056][  0]LogInit:      CURL_VERSION_IDN
[2015.10.12-19.51.31:056][  0]LogInit:  CurlRequestOptions (configurable via config and command line):
[2015.10.12-19.51.31:056][  0]LogInit:  - bVerifyPeer = true  - Libcurl will verify peer certificate
[2015.10.12-19.51.31:056][  0]LogInit:  - bUseHttpProxy = false  - Libcurl will NOT use HTTP proxy
[2015.10.12-19.51.31:056][  0]LogInit:  - bDontReuseConnections = false  - Libcurl will reuse connections
[2015.10.12-19.51.31:056][  0]LogInit:  - CertBundlePath = nullptr  - Libcurl will use whatever was configured at build time.
[2015.10.12-19.51.31:084][  0]LogInit: Presizing for 0 objects not considered by GC, pre-allocating 0 bytes.
[2015.10.12-19.51.31:096][  0]LogInit: Object subsystem initialized
[2015.10.12-19.51.31:099][  0]LogInit: Selected Device Profile: [Windows]
[2015.10.12-19.51.31:099][  0]LogInit: Applying CVar settings loaded from the selected device profile: [Windows]
[2015.10.12-19.51.31:123][  0]LogInit: Computer: NICKSCOMPUTER
[2015.10.12-19.51.31:123][  0]LogInit: User: ntanc000
[2015.10.12-19.51.31:123][  0]LogInit: CPU Page size=4096, Cores=4
[2015.10.12-19.51.31:123][  0]LogInit: High frequency timer resolution =2.537601 MHz
[2015.10.12-19.51.31:123][  0]LogMemory: Memory total: Physical=15.9GB (16GB approx)
[2015.10.12-19.51.31:123][  0]LogMemory: Platform Memory Stats for Windows
[2015.10.12-19.51.31:123][  0]LogMemory: Process Physical Memory: 52.64 MB used, 52.64 MB peak
[2015.10.12-19.51.31:123][  0]LogMemory: Process Virtual Memory: 57.37 MB used, 57.37 MB peak
[2015.10.12-19.51.31:123][  0]LogMemory: Physical Memory: 3006.60 MB used, 16269.45 MB total
[2015.10.12-19.51.31:123][  0]LogMemory: Virtual Memory: 363.02 MB used, 134217728.00 MB total
[2015.10.12-19.51.31:516][  0]LogTextLocalizationManager: No specific translations for ('en-US') exist, so ('en') translations will be used.
[2015.10.12-19.51.32:528][  0]LogD3D11RHI: Found D3D11 adapter 0: NVIDIA GeForce GTX 980M (Feature Level 11_0)
[2015.10.12-19.51.32:528][  0]LogD3D11RHI: Adapter has 3981MB of dedicated video memory, 0MB of dedicated system memory, and 8134MB of shared system memory, 1 output[s]
[2015.10.12-19.51.32:538][  0]LogD3D11RHI: Found D3D11 adapter 1: Intel(R) HD Graphics 4600 (Feature Level 11_0)
[2015.10.12-19.51.32:538][  0]LogD3D11RHI: Adapter has 32MB of dedicated video memory, 0MB of dedicated system memory, and 1760MB of shared system memory, 0 output[s]
[2015.10.12-19.51.32:539][  0]LogD3D11RHI: Found D3D11 adapter 2: Microsoft Basic Render Driver (Feature Level 11_0)
[2015.10.12-19.51.32:539][  0]LogD3D11RHI: Adapter has 0MB of dedicated video memory, 0MB of dedicated system memory, and 256MB of shared system memory, 0 output[s]
[2015.10.12-19.51.32:539][  0]LogD3D11RHI: Chosen D3D11 Adapter Id = 0
[2015.10.12-19.51.32:544][  0]LogD3D11RHI: !Direct3DDevice
[2015.10.12-19.51.32:544][  0]LogRHI: Texture pool is 1361 MB (70% of 1945 MB)
[2015.10.12-19.51.32:570][  0]LogD3D11RHI: Async texture creation enabled
[2015.10.12-19.51.32:588][  0]LogShaderCompilers: Guid format shader working directory is 15 characters bigger than the processId version (../../../../../../Users/ntanc_000/Desktop/DigitalHorrorGame/GDDHorrorGame/Intermediate/Shaders/WorkingDirectory/5172/).
[2015.10.12-19.51.32:588][  0]LogShaderCompilers: Cleaned the shader compiler working directory '../../../../../../Users/ntanc_000/Desktop/DigitalHorrorGame/GDDHorrorGame/Intermediate/Shaders/tmp/FCB7F8144FDAC91CF479D9BE7BABA11D/'.
[2015.10.12-19.51.32:588][  0]LogShaderCompilers:Display: Using Local Shader Compiler.
[2015.10.12-19.51.33:718][  0]LogTemp:Display: Loaded TP AllDesktopTargetPlatform
[2015.10.12-19.51.33:724][  0]LogTemp:Display: Loaded TP WindowsClientTargetPlatform
[2015.10.12-19.51.33:729][  0]LogTemp:Display: Loaded TP WindowsNoEditorTargetPlatform
[2015.10.12-19.51.33:735][  0]LogTemp:Display: Loaded TP WindowsServerTargetPlatform
[2015.10.12-19.51.33:741][  0]LogTemp:Display: Loaded TP WindowsTargetPlatform
[2015.10.12-19.51.33:745][  0]LogTemp:Display: Loaded TP AndroidTargetPlatform
[2015.10.12-19.51.33:749][  0]LogTemp:Display: Loaded TP Android_ASTCTargetPlatform
[2015.10.12-19.51.33:753][  0]LogTemp:Display: Loaded TP Android_ATCTargetPlatform
[2015.10.12-19.51.33:757][  0]LogTemp:Display: Loaded TP Android_DXTTargetPlatform
[2015.10.12-19.51.33:761][  0]LogTemp:Display: Loaded TP Android_ETC1TargetPlatform
[2015.10.12-19.51.33:767][  0]LogTemp:Display: Loaded TP Android_ETC2TargetPlatform
[2015.10.12-19.51.33:771][  0]LogTemp:Display: Loaded TP Android_PVRTCTargetPlatform
[2015.10.12-19.51.33:773][  0]LogTemp:Display: Loaded TP HTML5TargetPlatform
[2015.10.12-19.51.33:792][  0]LogTemp:Display: Loaded TP IOSTargetPlatform
[2015.10.12-19.51.33:797][  0]LogTemp:Display: Loaded TP LinuxNoEditorTargetPlatform
[2015.10.12-19.51.33:801][  0]LogTemp:Display: Loaded TP LinuxServerTargetPlatform
[2015.10.12-19.51.33:807][  0]LogTemp:Display: Loaded TP LinuxTargetPlatform
[2015.10.12-19.51.33:807][  0]LogTargetPlatformManager:Display: Building Assets For Windows
[2015.10.12-19.51.33:916][  0]LogDerivedDataCache:Display: Max Cache Size: 512 MB
[2015.10.12-19.51.33:965][  0]LogDerivedDataCache: Loaded boot cache 0.05s 37MB C:/Users/ntanc_000/AppData/Local/UnrealEngine/4.9/DerivedDataCache/Boot.ddc.
[2015.10.12-19.51.33:965][  0]LogDerivedDataCache:Display: Loaded Boot cache: C:/Users/ntanc_000/AppData/Local/UnrealEngine/4.9/DerivedDataCache/Boot.ddc
[2015.10.12-19.51.33:965][  0]LogDerivedDataCache: FDerivedDataBackendGraph:  Pak pak cache file ../../../../../../Users/ntanc_000/Desktop/DigitalHorrorGame/GDDHorrorGame/DerivedDataCache/DDC.ddp not found, will not use a pak cache.
[2015.10.12-19.51.33:965][  0]LogDerivedDataCache: Unable to find inner node Pak for hierarchical cache Hierarchy.
[2015.10.12-19.51.33:965][  0]LogDerivedDataCache: FDerivedDataBackendGraph:  CompressedPak pak cache file ../../../../../../Users/ntanc_000/Desktop/DigitalHorrorGame/GDDHorrorGame/DerivedDataCache/Compressed.ddp not found, will not use a pak cache.
[2015.10.12-19.51.33:965][  0]LogDerivedDataCache: Unable to find inner node CompressedPak for hierarchical cache Hierarchy.
[2015.10.12-19.51.34:089][  0]LogDerivedDataCache:Display: Pak cache opened for reading ../../../Engine/DerivedDataCache/Compressed.ddp.
[2015.10.12-19.51.34:106][  0]LogDerivedDataCache: Using Local data cache path C:/Users/ntanc_000/AppData/Local/UnrealEngine/Common/DerivedDataCache: Writable
[2015.10.12-19.51.34:315][  0]LogInit: Selected Device Profile: [Windows]
[2015.10.12-19.51.34:319][  0]LogContentStreaming: Texture pool size is 0.000000MB
[2015.10.12-19.51.34:465][  0]LogMeshUtilities: No automatic mesh reduction module available
[2015.10.12-19.51.34:465][  0]LogMeshUtilities: No automatic mesh merging module available
[2015.10.12-19.51.34:762][  0]LogInit: WinSock: version 1.1 (2.2), MaxSocks=32767, MaxUdp=65467
[2015.10.12-19.51.35:620][  0]UdpMessaging: Initializing bridge on interface 0.0.0.0:0 to multicast group 230.0.0.1:6666.
[2015.10.12-19.51.35:775][  0]LogAssetRegistry: FAssetRegistry took 0.0106 seconds to start up
[2015.10.12-19.51.35:988][  0]SourceControl: Info Source control is disabled
[2015.10.12-19.51.35:988][  0]SourceControl: Info Source control is disabled
[2015.10.12-19.51.36:006][  0]SourceControl: Info Source control is disabled
[2015.10.12-19.51.36:024][  0]SourceControl: Info Source control is disabled
[2015.10.12-19.51.36:243][  0]LogLinker:Warning: Asset '../../../Engine/Plugins/Runtime/LeapMotionController/Content/LM_PassthroughMaterial.uasset' has been saved with empty engine version. The asset will be loaded but may be incompatible.
[2015.10.12-19.51.36:354][  0]LogObj: 28361 objects as part of root set at end of initial load.
[2015.10.12-19.51.36:354][  0]LogUObjectAllocator: 6038872 out of 0 bytes used by permanent object pool.
[2015.10.12-19.51.36:410][  0]LogEngine: Initializing Engine...
[2015.10.12-19.51.36:411][  0]LogHMD: Can't find Oculus library dev build: is proper Runtime installed? Version: 0.7.0.0
[2015.10.12-19.51.36:416][  0]LogHMD: SteamVR failed to initialize.  Err: 110
[2015.10.12-19.51.36:529][  0]LogAIModule: Creating AISystem for world NewWorld
[2015.10.12-19.51.36:535][  0]LogInit: XAudio2 using 'Speakers (Sound Blaster Recon3Di)' : 2 channels at 48 kHz using 32 bits per sample (channel mask 0x3)
[2015.10.12-19.51.36:858][  0]LogInit: FAudioDevice initialized.
[2015.10.12-19.51.36:911][  0]LogDerivedDataCache: Saved boot cache 0.05s 37MB C:/Users/ntanc_000/AppData/Local/UnrealEngine/4.9/DerivedDataCache/Boot.ddc.
[2015.10.12-19.51.36:921][  0]LogInit: Texture streaming: Enabled
[2015.10.12-19.51.36:935][  0]LogAnalytics: Creating configured Analytics provider AnalyticsET
[2015.10.12-19.51.36:935][  0]LogAnalytics: [UEEditor.Rocket.Release] APIServer = http://et2.epicgames.com/ET2/. AppVersion = 4.9.2-2707645+++depot+UE4-Releases+4.9
[2015.10.12-19.51.36:936][  0]LogAnalytics: [UEEditor.Rocket.Release] SetUserId 2c211ad74a9e5469c13dfaa1059b2d42|1bd0216fcaf5458183f89cc914276325|d020360b-9246-478a-84ac-08a9775e7849
[2015.10.12-19.51.36:936][  0]LogAnalytics: [UEEditor.Rocket.Release] AnalyticsET::StartSession
[2015.10.12-19.51.36:957][  0]LogWindowsTextInputMethodSystem:Display: IME system now deactivated.
[2015.10.12-19.51.36:957][  0]LogWindowsTextInputMethodSystem:Display: IME system now deactivated.
[2015.10.12-19.51.36:993][  0]LogInit: Transaction tracking system initialized
[2015.10.12-19.51.37:044][  0]BlueprintLog: New page: Editor Load
[2015.10.12-19.51.37:187][  0]LocalizationService: Info Localization service is disabled
[2015.10.12-19.51.37:309][  0]LogConsoleResponse:Display: 
[2015.10.12-19.51.37:443][  0]LogCook:Display: Done creating registry. It took  0.00s.
[2015.10.12-19.51.37:527][  0]LogFileCache: Scanning file cache for directory 'C:/Users/ntanc_000/Desktop/DigitalHorrorGame/GDDHorrorGame/Content/' took 0.02s
[2015.10.12-19.51.37:527][  0]SourceControl: Info Source control is disabled
[2015.10.12-19.51.37:527][  0]Cmd: MAP LOAD FILE="../../../../../../Users/ntanc_000/Desktop/DigitalHorrorGame/GDDHorrorGame/Content/ThirdPersonBP/Maps/ThirdPersonExampleMap.umap" TEMPLATE=0 SHOWPROGRESS=1 FEATURELEVEL=3
[2015.10.12-19.51.37:528][  0]LightingResults: New page: Lighting Build
[2015.10.12-19.51.37:531][  0]MapCheck: New page: Map Check
[2015.10.12-19.51.37:531][  0]LightingResults: New page: Lighting Build
[2015.10.12-19.51.37:545][  0]LogParticles: Destroying 0 GPU particle simulations for FXSystem 0x000000315E022160
[2015.10.12-19.51.37:551][  0]LogLinker:Warning: Asset '../../../../../../Users/ntanc_000/Desktop/DigitalHorrorGame/GDDHorrorGame/Content/Mannequin/Animations/ThirdPerson_AnimBP.uasset' has been saved with empty engine version. The asset will be loaded but may be incompatible.
[2015.10.12-19.51.37:553][  0]LogLinker:Warning: Asset '../../../../../../Users/ntanc_000/Desktop/DigitalHorrorGame/GDDHorrorGame/Content/Mannequin/Animations/ThirdPerson_Jump.uasset' has been saved with empty engine version. The asset will be loaded but may be incompatible.
[2015.10.12-19.51.37:555][  0]LogLinker:Warning: Asset '../../../../../../Users/ntanc_000/Desktop/DigitalHorrorGame/GDDHorrorGame/Content/Mannequin/Animations/ThirdPersonJump_Loop.uasset' has been saved with empty engine version. The asset will be loaded but may be incompatible.
[2015.10.12-19.51.37:556][  0]LogLinker:Warning: Asset '../../../../../../Users/ntanc_000/Desktop/DigitalHorrorGame/GDDHorrorGame/Content/Mannequin/Animations/ThirdPersonJump_Start.uasset' has been saved with empty engine version. The asset will be loaded but may be incompatible.
[2015.10.12-19.51.37:558][  0]LogLinker:Warning: Asset '../../../../../../Users/ntanc_000/Desktop/DigitalHorrorGame/GDDHorrorGame/Content/Mannequin/Animations/ThirdPerson_IdleRun_2D.uasset' has been saved with empty engine version. The asset will be loaded but may be incompatible.
[2015.10.12-19.51.37:558][  0]LogLinker:Warning: Asset '../../../../../../Users/ntanc_000/Desktop/DigitalHorrorGame/GDDHorrorGame/Content/Mannequin/Animations/ThirdPersonIdle.uasset' has been saved with empty engine version. The asset will be loaded but may be incompatible.
[2015.10.12-19.51.37:559][  0]LogLinker:Warning: Asset '../../../../../../Users/ntanc_000/Desktop/DigitalHorrorGame/GDDHorrorGame/Content/Mannequin/Animations/ThirdPersonRun.uasset' has been saved with empty engine version. The asset will be loaded but may be incompatible.
[2015.10.12-19.51.37:561][  0]LogLinker:Warning: Asset '../../../../../../Users/ntanc_000/Desktop/DigitalHorrorGame/GDDHorrorGame/Content/Mannequin/Animations/ThirdPersonWalk.uasset' has been saved with empty engine version. The asset will be loaded but may be incompatible.
[2015.10.12-19.51.38:853][  0]LogAIModule: Creating AISystem for world ThirdPersonExampleMap
[2015.10.12-19.51.38:862][  0]LogEditorServer: Finished looking for orphan Actors (0.000 secs)
[2015.10.12-19.51.38:863][  0]Cmd: MAP CHECKDEP NOCLEARLOG
[2015.10.12-19.51.38:986][  0]MapCheck: Info Map check complete: 0 Error(s), 0 Warning(s), took 122.918ms to complete.
[2015.10.12-19.51.38:986][  0]LogFileHelpers: Loading map 'ThirdPersonExampleMap' took 1.458
[2015.10.12-19.51.39:109][  0]LogCollectionManager: Loaded 0 collections in 0.002697 seconds
[2015.10.12-19.51.39:154][  0]LogFileCache: Scanning file cache for directory 'C:/Users/ntanc_000/Desktop/DigitalHorrorGame/GDDHorrorGame/Saved/Collections/' took 0.01s
[2015.10.12-19.51.39:154][  0]LogFileCache: Scanning file cache for directory 'C:/Users/ntanc_000/Desktop/DigitalHorrorGame/GDDHorrorGame/Content/Developers/ntanc000/Collections/' took 0.01s
[2015.10.12-19.51.39:154][  0]LogFileCache: Scanning file cache for directory 'C:/Users/ntanc_000/Desktop/DigitalHorrorGame/GDDHorrorGame/Content/Collections/' took 0.01s
[2015.10.12-19.51.39:154][  0]LogContentBrowser: Native class hierarchy populated in 0.0083 seconds. Added 1867 classes and 333 folders.
[2015.10.12-19.51.39:160][  0]LogCollectionManager: Rebuilt the GUID cache for 0 collections in 0.000003 seconds
[2015.10.12-19.51.39:167][  0]LogContentBrowser: Native class hierarchy updated for 'WidgetCarousel' in 0.0004 seconds. Added 0 classes and 0 folders.
[2015.10.12-19.51.39:243][  0]LogContentBrowser: Native class hierarchy updated for 'AddContentDialog' in 0.0004 seconds. Added 0 classes and 0 folders.
[2015.10.12-19.51.39:248][  0]LogContentBrowser: Native class hierarchy updated for 'SceneOutliner' in 0.0004 seconds. Added 1 classes and 2 folders.
[2015.10.12-19.51.39:273][  0]LogCrashTracker: Crashtracker disabled due to settings.
[2015.10.12-19.51.39:278][  0]LogUObjectGlobals:Warning: Failed to find object 'Class None.'
[2015.10.12-19.51.39:301][  0]LogLoad: Full Startup: 9.04 seconds (BP compile: 0.18 seconds)
[2015.10.12-19.51.39:319][  0]LoadErrors:Error: Error /Game/ThirdPersonBP/Maps/ThirdPersonExampleMap : Failed import for SphereComponent /Game/ThirdPersonBP/Blueprints/LightSwitch_Blueprint.LightSwitch_Blueprint_C:Prox_GEN_VARIABLE
[2015.10.12-19.51.39:407][  0]LogContentStreaming: Texture pool size now 1000 MB
[2015.10.12-19.51.39:605][  0]LogRenderer: Reallocating scene render targets to support 1004x432 (Frame:2).
[2015.10.12-19.51.41:051][  5]LogAssetRegistry: Asset discovery search completed in 5.2868 seconds
[2015.10.12-19.51.41:051][  5]LogCollectionManager: Rebuilt the object cache for 0 collections in 0.000001 seconds (found 0 objects)
[2015.10.12-19.51.41:051][  5]LogCollectionManager: Fixed up redirectors for 0 collections in 0.000032 seconds (updated 0 objects)
[2015.10.12-19.52.00:799][933]LogBlueprintUserMessages: Early PlayInEditor Detection: Level '/Game/ThirdPersonBP/Maps/ThirdPersonExampleMap.ThirdPersonExampleMap:PersistentLevel' has LevelScriptBlueprint '/Game/ThirdPersonBP/Maps/ThirdPersonExampleMap.ThirdPersonExampleMap:PersistentLevel.ThirdPersonExampleMap' with GeneratedClass '/Game/ThirdPersonBP/Maps/ThirdPersonExampleMap.ThirdPersonExampleMap_C' with ClassGeneratedBy '/Game/ThirdPersonBP/Maps/ThirdPersonExampleMap.ThirdPersonExampleMap:PersistentLevel.ThirdPersonExampleMap'
[2015.10.12-19.52.00:800][933]LogPlayLevel: PlayLevel: No blueprints needed recompiling
[2015.10.12-19.52.00:800][933]PIE: New page: PIE session: ThirdPersonExampleMap (Oct 12, 2015, 11:52:00 AM)
[2015.10.12-19.52.00:800][933]LogPlayLevel: Creating play world package: /Game/ThirdPersonBP/Maps/UEDPIE_0_ThirdPersonExampleMap
[2015.10.12-19.52.00:833][933]LogPlayLevel: PIE: StaticDuplicateObject took: (0.032852s)
[2015.10.12-19.52.00:834][933]LogAIModule: Creating AISystem for world ThirdPersonExampleMap
[2015.10.12-19.52.00:835][933]LogPlayLevel: PIE: World Init took: (0.001865s)
[2015.10.12-19.52.00:835][933]LogPlayLevel: PIE: Created PIE world by copying editor world from /Game/ThirdPersonBP/Maps/ThirdPersonExampleMap.ThirdPersonExampleMap to /Game/ThirdPersonBP/Maps/UEDPIE_0_ThirdPersonExampleMap.ThirdPersonExampleMap (0.034998s)
[2015.10.12-19.52.00:836][933]LogActorComponent: UnregisterComponent: (/Engine/Transient.CharMoveComp) Not registered. Aborting.
[2015.10.12-19.52.00:872][933]LogInit: XAudio2 using 'Speakers (Sound Blaster Recon3Di)' : 2 channels at 48 kHz using 32 bits per sample (channel mask 0x3)
[2015.10.12-19.52.00:881][933]LogInit: FAudioDevice initialized.
[2015.10.12-19.52.00:938][933]LogWorld: Game class is 'ThirdPersonGameMode_C'
[2015.10.12-19.52.00:952][933]LogWorld: Bringing World /Game/ThirdPersonBP/Maps/UEDPIE_0_ThirdPersonExampleMap.ThirdPersonExampleMap up for play (max tick rate 60) at 2015.10.12-15.52.00
[2015.10.12-19.52.00:952][933]LogActor:Warning: GameSession /Game/ThirdPersonBP/Maps/UEDPIE_0_ThirdPersonExampleMap.ThirdPersonExampleMap:PersistentLevel.GameSession_0 has natively added scene component(s), but none of them were set as the actor's RootComponent - picking one arbitrarily
[2015.10.12-19.52.00:952][933]LogActor:Warning: GameNetworkManager /Game/ThirdPersonBP/Maps/UEDPIE_0_ThirdPersonExampleMap.ThirdPersonExampleMap:PersistentLevel.GameNetworkManager_0 has natively added scene component(s), but none of them were set as the actor's RootComponent - picking one arbitrarily
[2015.10.12-19.52.00:953][933]LogWorld: Bringing up level for play took: 0.012907
[2015.10.12-19.52.00:955][933]PIE: Info Play in editor start time for /Game/ThirdPersonBP/Maps/UEDPIE_0_ThirdPersonExampleMap 0.515
[2015.10.12-19.52.00:955][933]LogBlueprintUserMessages: Late PlayInEditor Detection: Level '/Game/ThirdPersonBP/Maps/ThirdPersonExampleMap.ThirdPersonExampleMap:PersistentLevel' has LevelScriptBlueprint '/Game/ThirdPersonBP/Maps/ThirdPersonExampleMap.ThirdPersonExampleMap:PersistentLevel.ThirdPersonExampleMap' with GeneratedClass '/Game/ThirdPersonBP/Maps/ThirdPersonExampleMap.ThirdPersonExampleMap_C' with ClassGeneratedBy '/Game/ThirdPersonBP/Maps/ThirdPersonExampleMap.ThirdPersonExampleMap:PersistentLevel.ThirdPersonExampleMap'
[2015.10.12-19.52.14:392][737]LogBlueprintUserMessages: Early EndPlayMap Detection: Level '/Game/ThirdPersonBP/Maps/ThirdPersonExampleMap.ThirdPersonExampleMap:PersistentLevel' has LevelScriptBlueprint '/Game/ThirdPersonBP/Maps/ThirdPersonExampleMap.ThirdPersonExampleMap:PersistentLevel.ThirdPersonExampleMap' with GeneratedClass '/Game/ThirdPersonBP/Maps/ThirdPersonExampleMap.ThirdPersonExampleMap_C' with ClassGeneratedBy '/Game/ThirdPersonBP/Maps/ThirdPersonExampleMap.ThirdPersonExampleMap:PersistentLevel.ThirdPersonExampleMap'
[2015.10.12-19.52.14:427][737]LogBlueprintUserMessages: Late EndPlayMap Detection: Level '/Game/ThirdPersonBP/Maps/ThirdPersonExampleMap.ThirdPersonExampleMap:PersistentLevel' has LevelScriptBlueprint '/Game/ThirdPersonBP/Maps/ThirdPersonExampleMap.ThirdPersonExampleMap:PersistentLevel.ThirdPersonExampleMap' with GeneratedClass '/Game/ThirdPersonBP/Maps/ThirdPersonExampleMap.ThirdPersonExampleMap_C' with ClassGeneratedBy '/Game/ThirdPersonBP/Maps/ThirdPersonExampleMap.ThirdPersonExampleMap:PersistentLevel.ThirdPersonExampleMap'
[2015.10.12-19.52.14:461][737]LogParticles: Destroying 0 GPU particle simulations for FXSystem 0x0000003140F20EA0
[2015.10.12-19.52.16:845][873]LogEditorViewport: Clicking on Actor (LMB): LightSwitch_Blueprint_C (LightSwitch_Blueprint)
[2015.10.12-19.52.49:732][798]LogSavePackage: Save=78.683762ms
[2015.10.12-19.52.49:732][798]LogSavePackage: Moving '../../../../../../Users/ntanc_000/Desktop/DigitalHorrorGame/GDDHorrorGame/Saved/ThirdPersonExampleMap5B220DDC4F16A52EDDF40F86AF7D28CD.tmp' to '../../../../../../Users/ntanc_000/Desktop/DigitalHorrorGame/GDDHorrorGame/Content/ThirdPersonBP/Maps/ThirdPersonExampleMap.umap'
[2015.10.12-19.52.49:748][798]LogSavePackage: Total save time: 114.891585ms
[2015.10.12-19.52.49:748][798]LogSavePackage:Warning: Finished SavePackage ../../../../../../Users/ntanc_000/Desktop/DigitalHorrorGame/GDDHorrorGame/Content/ThirdPersonBP/Maps/ThirdPersonExampleMap.umap
[2015.10.12-19.52.50:405][827]LogBlueprintUserMessages: Early PlayInEditor Detection: Level '/Game/ThirdPersonBP/Maps/ThirdPersonExampleMap.ThirdPersonExampleMap:PersistentLevel' has LevelScriptBlueprint '/Game/ThirdPersonBP/Maps/ThirdPersonExampleMap.ThirdPersonExampleMap:PersistentLevel.ThirdPersonExampleMap' with GeneratedClass '/Game/ThirdPersonBP/Maps/ThirdPersonExampleMap.ThirdPersonExampleMap_C' with ClassGeneratedBy '/Game/ThirdPersonBP/Maps/ThirdPersonExampleMap.ThirdPersonExampleMap:PersistentLevel.ThirdPersonExampleMap'
[2015.10.12-19.52.50:405][827]LogPlayLevel: PlayLevel: No blueprints needed recompiling
[2015.10.12-19.52.50:405][827]PIE: New page: PIE session: ThirdPersonExampleMap (Oct 12, 2015, 11:52:50 AM)
[2015.10.12-19.52.50:405][827]LogPlayLevel: Creating play world package: /Game/ThirdPersonBP/Maps/UEDPIE_0_ThirdPersonExampleMap
[2015.10.12-19.52.50:428][827]LogPlayLevel: PIE: StaticDuplicateObject took: (0.022505s)
[2015.10.12-19.52.50:429][827]LogAIModule: Creating AISystem for world ThirdPersonExampleMap
[2015.10.12-19.52.50:429][827]LogPlayLevel: PIE: World Init took: (0.000995s)
[2015.10.12-19.52.50:429][827]LogPlayLevel: PIE: Created PIE world by copying editor world from /Game/ThirdPersonBP/Maps/ThirdPersonExampleMap.ThirdPersonExampleMap to /Game/ThirdPersonBP/Maps/UEDPIE_0_ThirdPersonExampleMap.ThirdPersonExampleMap (0.023766s)
[2015.10.12-19.52.50:454][827]LogInit: XAudio2 using 'Speakers (Sound Blaster Recon3Di)' : 2 channels at 48 kHz using 32 bits per sample (channel mask 0x3)
[2015.10.12-19.52.50:464][827]LogInit: FAudioDevice initialized.
[2015.10.12-19.52.50:502][827]LogWorld: Game class is 'ThirdPersonGameMode_C'
[2015.10.12-19.52.50:515][827]LogWorld: Bringing World /Game/ThirdPersonBP/Maps/UEDPIE_0_ThirdPersonExampleMap.ThirdPersonExampleMap up for play (max tick rate 60) at 2015.10.12-15.52.50
[2015.10.12-19.52.50:515][827]LogActor:Warning: GameSession /Game/ThirdPersonBP/Maps/UEDPIE_0_ThirdPersonExampleMap.ThirdPersonExampleMap:PersistentLevel.GameSession_1 has natively added scene component(s), but none of them were set as the actor's RootComponent - picking one arbitrarily
[2015.10.12-19.52.50:515][827]LogActor:Warning: GameNetworkManager /Game/ThirdPersonBP/Maps/UEDPIE_0_ThirdPersonExampleMap.ThirdPersonExampleMap:PersistentLevel.GameNetworkManager_1 has natively added scene component(s), but none of them were set as the actor's RootComponent - picking one arbitrarily
[2015.10.12-19.52.50:516][827]LogWorld: Bringing up level for play took: 0.012827
[2015.10.12-19.52.50:518][827]PIE: Info Play in editor start time for /Game/ThirdPersonBP/Maps/UEDPIE_0_ThirdPersonExampleMap 0.077
[2015.10.12-19.52.50:518][827]LogBlueprintUserMessages: Late PlayInEditor Detection: Level '/Game/ThirdPersonBP/Maps/ThirdPersonExampleMap.ThirdPersonExampleMap:PersistentLevel' has LevelScriptBlueprint '/Game/ThirdPersonBP/Maps/ThirdPersonExampleMap.ThirdPersonExampleMap:PersistentLevel.ThirdPersonExampleMap' with GeneratedClass '/Game/ThirdPersonBP/Maps/ThirdPersonExampleMap.ThirdPersonExampleMap_C' with ClassGeneratedBy '/Game/ThirdPersonBP/Maps/ThirdPersonExampleMap.ThirdPersonExampleMap:PersistentLevel.ThirdPersonExampleMap'
[2015.10.12-19.53.18:676][514]LogBlueprintUserMessages: Early EndPlayMap Detection: Level '/Game/ThirdPersonBP/Maps/ThirdPersonExampleMap.ThirdPersonExampleMap:PersistentLevel' has LevelScriptBlueprint '/Game/ThirdPersonBP/Maps/ThirdPersonExampleMap.ThirdPersonExampleMap:PersistentLevel.ThirdPersonExampleMap' with GeneratedClass '/Game/ThirdPersonBP/Maps/ThirdPersonExampleMap.ThirdPersonExampleMap_C' with ClassGeneratedBy '/Game/ThirdPersonBP/Maps/ThirdPersonExampleMap.ThirdPersonExampleMap:PersistentLevel.ThirdPersonExampleMap'
[2015.10.12-19.53.18:749][514]LogBlueprintUserMessages: Late EndPlayMap Detection: Level '/Game/ThirdPersonBP/Maps/ThirdPersonExampleMap.ThirdPersonExampleMap:PersistentLevel' has LevelScriptBlueprint '/Game/ThirdPersonBP/Maps/ThirdPersonExampleMap.ThirdPersonExampleMap:PersistentLevel.ThirdPersonExampleMap' with GeneratedClass '/Game/ThirdPersonBP/Maps/ThirdPersonExampleMap.ThirdPersonExampleMap_C' with ClassGeneratedBy '/Game/ThirdPersonBP/Maps/ThirdPersonExampleMap.ThirdPersonExampleMap:PersistentLevel.ThirdPersonExampleMap'
[2015.10.12-19.53.18:763][514]LogParticles: Destroying 0 GPU particle simulations for FXSystem 0x0000003152BEE520
[2015.10.12-19.53.22:972][757]LogEditorViewport: Clicking on Actor (LMB): ThirdPersonCharacter_C (ThirdPersonCharacter)
[2015.10.12-19.53.29:170][ 95]LogSavePackage: Save=79.071136ms
[2015.10.12-19.53.29:170][ 95]LogSavePackage: Moving '../../../../../../Users/ntanc_000/Desktop/DigitalHorrorGame/GDDHorrorGame/Saved/ThirdPersonExampleMapF02F2D4E4180AF9BCE1FDE9AE2067CBE.tmp' to '../../../../../../Users/ntanc_000/Desktop/DigitalHorrorGame/GDDHorrorGame/Content/ThirdPersonBP/Maps/ThirdPersonExampleMap.umap'
[2015.10.12-19.53.29:185][ 95]LogSavePackage: Total save time: 102.718670ms
[2015.10.12-19.53.29:185][ 95]LogSavePackage:Warning: Finished SavePackage ../../../../../../Users/ntanc_000/Desktop/DigitalHorrorGame/GDDHorrorGame/Content/ThirdPersonBP/Maps/ThirdPersonExampleMap.umap
[2015.10.12-19.53.29:865][118]LogBlueprintUserMessages: Early PlayInEditor Detection: Level '/Game/ThirdPersonBP/Maps/ThirdPersonExampleMap.ThirdPersonExampleMap:PersistentLevel' has LevelScriptBlueprint '/Game/ThirdPersonBP/Maps/ThirdPersonExampleMap.ThirdPersonExampleMap:PersistentLevel.ThirdPersonExampleMap' with GeneratedClass '/Game/ThirdPersonBP/Maps/ThirdPersonExampleMap.ThirdPersonExampleMap_C' with ClassGeneratedBy '/Game/ThirdPersonBP/Maps/ThirdPersonExampleMap.ThirdPersonExampleMap:PersistentLevel.ThirdPersonExampleMap'
[2015.10.12-19.53.29:865][118]LogPlayLevel: PlayLevel: No blueprints needed recompiling
[2015.10.12-19.53.29:865][118]PIE: New page: PIE session: ThirdPersonExampleMap (Oct 12, 2015, 11:53:29 AM)
[2015.10.12-19.53.29:865][118]LogPlayLevel: Creating play world package: /Game/ThirdPersonBP/Maps/UEDPIE_0_ThirdPersonExampleMap
[2015.10.12-19.53.29:899][118]LogPlayLevel: PIE: StaticDuplicateObject took: (0.033781s)
[2015.10.12-19.53.29:900][118]LogAIModule: Creating AISystem for world ThirdPersonExampleMap
[2015.10.12-19.53.29:900][118]LogPlayLevel: PIE: World Init took: (0.001494s)
[2015.10.12-19.53.29:901][118]LogPlayLevel: PIE: Created PIE world by copying editor world from /Game/ThirdPersonBP/Maps/ThirdPersonExampleMap.ThirdPersonExampleMap to /Game/ThirdPersonBP/Maps/UEDPIE_0_ThirdPersonExampleMap.ThirdPersonExampleMap (0.035612s)
[2015.10.12-19.53.29:965][118]LogInit: XAudio2 using 'Speakers (Sound Blaster Recon3Di)' : 2 channels at 48 kHz using 32 bits per sample (channel mask 0x3)
[2015.10.12-19.53.29:990][118]LogInit: FAudioDevice initialized.
[2015.10.12-19.53.30:048][118]LogWorld: Game class is 'ThirdPersonGameMode_C'
[2015.10.12-19.53.30:091][118]LogWorld: Bringing World /Game/ThirdPersonBP/Maps/UEDPIE_0_ThirdPersonExampleMap.ThirdPersonExampleMap up for play (max tick rate 60) at 2015.10.12-15.53.30
[2015.10.12-19.53.30:091][118]LogActor:Warning: GameSession /Game/ThirdPersonBP/Maps/UEDPIE_0_ThirdPersonExampleMap.ThirdPersonExampleMap:PersistentLevel.GameSession_2 has natively added scene component(s), but none of them were set as the actor's RootComponent - picking one arbitrarily
[2015.10.12-19.53.30:093][118]LogActor:Warning: GameNetworkManager /Game/ThirdPersonBP/Maps/UEDPIE_0_ThirdPersonExampleMap.ThirdPersonExampleMap:PersistentLevel.GameNetworkManager_2 has natively added scene component(s), but none of them were set as the actor's RootComponent - picking one arbitrarily
[2015.10.12-19.53.30:094][118]LogWorld: Bringing up level for play took: 0.042014
[2015.10.12-19.53.30:097][118]PIE: Info Play in editor start time for /Game/ThirdPersonBP/Maps/UEDPIE_0_ThirdPersonExampleMap -0.343
[2015.10.12-19.53.30:097][118]LogBlueprintUserMessages: Late PlayInEditor Detection: Level '/Game/ThirdPersonBP/Maps/ThirdPersonExampleMap.ThirdPersonExampleMap:PersistentLevel' has LevelScriptBlueprint '/Game/ThirdPersonBP/Maps/ThirdPersonExampleMap.ThirdPersonExampleMap:PersistentLevel.ThirdPersonExampleMap' with GeneratedClass '/Game/ThirdPersonBP/Maps/ThirdPersonExampleMap.ThirdPersonExampleMap_C' with ClassGeneratedBy '/Game/ThirdPersonBP/Maps/ThirdPersonExampleMap.ThirdPersonExampleMap:PersistentLevel.ThirdPersonExampleMap'
[2015.10.12-19.53.45:257][ 19]LogBlueprintUserMessages: Early EndPlayMap Detection: Level '/Game/ThirdPersonBP/Maps/ThirdPersonExampleMap.ThirdPersonExampleMap:PersistentLevel' has LevelScriptBlueprint '/Game/ThirdPersonBP/Maps/ThirdPersonExampleMap.ThirdPersonExampleMap:PersistentLevel.ThirdPersonExampleMap' with GeneratedClass '/Game/ThirdPersonBP/Maps/ThirdPersonExampleMap.ThirdPersonExampleMap_C' with ClassGeneratedBy '/Game/ThirdPersonBP/Maps/ThirdPersonExampleMap.ThirdPersonExampleMap:PersistentLevel.ThirdPersonExampleMap'
[2015.10.12-19.53.45:409][ 19]LogBlueprintUserMessages: Late EndPlayMap Detection: Level '/Game/ThirdPersonBP/Maps/ThirdPersonExampleMap.ThirdPersonExampleMap:PersistentLevel' has LevelScriptBlueprint '/Game/ThirdPersonBP/Maps/ThirdPersonExampleMap.ThirdPersonExampleMap:PersistentLevel.ThirdPersonExampleMap' with GeneratedClass '/Game/ThirdPersonBP/Maps/ThirdPersonExampleMap.ThirdPersonExampleMap_C' with ClassGeneratedBy '/Game/ThirdPersonBP/Maps/ThirdPersonExampleMap.ThirdPersonExampleMap:PersistentLevel.ThirdPersonExampleMap'
[2015.10.12-19.53.45:421][ 19]LogParticles: Destroying 0 GPU particle simulations for FXSystem 0x0000003152BEEF20
[2015.10.12-19.53.47:667][197]LogEditorViewport: Clicking on Actor (LMB): LightSwitch_Blueprint_C (LightSwitch_Blueprint)
[2015.10.12-19.54.06:219][992]LogSavePackage: Save=86.093124ms
[2015.10.12-19.54.06:219][992]LogSavePackage: Moving '../../../../../../Users/ntanc_000/Desktop/DigitalHorrorGame/GDDHorrorGame/Saved/ThirdPersonExampleMap38E0996549E7AF31777C1494EA4453C4.tmp' to '../../../../../../Users/ntanc_000/Desktop/DigitalHorrorGame/GDDHorrorGame/Content/ThirdPersonBP/Maps/ThirdPersonExampleMap.umap'
[2015.10.12-19.54.06:236][992]LogSavePackage: Total save time: 112.626061ms
[2015.10.12-19.54.06:236][992]LogSavePackage:Warning: Finished SavePackage ../../../../../../Users/ntanc_000/Desktop/DigitalHorrorGame/GDDHorrorGame/Content/ThirdPersonBP/Maps/ThirdPersonExampleMap.umap
[2015.10.12-19.54.06:385][992]LogFileHelpers: Saving map 'ThirdPersonExampleMap' took 0.467
[2015.10.12-19.54.06:839][ 27]LogBlueprintUserMessages: Early PlayInEditor Detection: Level '/Game/ThirdPersonBP/Maps/ThirdPersonExampleMap.ThirdPersonExampleMap:PersistentLevel' has LevelScriptBlueprint '/Game/ThirdPersonBP/Maps/ThirdPersonExampleMap.ThirdPersonExampleMap:PersistentLevel.ThirdPersonExampleMap' with GeneratedClass '/Game/ThirdPersonBP/Maps/ThirdPersonExampleMap.ThirdPersonExampleMap_C' with ClassGeneratedBy '/Game/ThirdPersonBP/Maps/ThirdPersonExampleMap.ThirdPersonExampleMap:PersistentLevel.ThirdPersonExampleMap'
[2015.10.12-19.54.06:839][ 27]LogPlayLevel: PlayLevel: No blueprints needed recompiling
[2015.10.12-19.54.06:839][ 27]PIE: New page: PIE session: ThirdPersonExampleMap (Oct 12, 2015, 11:54:06 AM)
[2015.10.12-19.54.06:839][ 27]LogPlayLevel: Creating play world package: /Game/ThirdPersonBP/Maps/UEDPIE_0_ThirdPersonExampleMap
[2015.10.12-19.54.06:863][ 27]LogPlayLevel: PIE: StaticDuplicateObject took: (0.023344s)
[2015.10.12-19.54.06:864][ 27]LogAIModule: Creating AISystem for world ThirdPersonExampleMap
[2015.10.12-19.54.06:864][ 27]LogPlayLevel: PIE: World Init took: (0.001064s)
[2015.10.12-19.54.06:864][ 27]LogPlayLevel: PIE: Created PIE world by copying editor world from /Game/ThirdPersonBP/Maps/ThirdPersonExampleMap.ThirdPersonExampleMap to /Game/ThirdPersonBP/Maps/UEDPIE_0_ThirdPersonExampleMap.ThirdPersonExampleMap (0.024724s)
[2015.10.12-19.54.06:890][ 27]LogInit: XAudio2 using 'Speakers (Sound Blaster Recon3Di)' : 2 channels at 48 kHz using 32 bits per sample (channel mask 0x3)
[2015.10.12-19.54.06:900][ 27]LogInit: FAudioDevice initialized.
[2015.10.12-19.54.06:937][ 27]LogWorld: Game class is 'ThirdPersonGameMode_C'
[2015.10.12-19.54.06:976][ 27]LogWorld: Bringing World /Game/ThirdPersonBP/Maps/UEDPIE_0_ThirdPersonExampleMap.ThirdPersonExampleMap up for play (max tick rate 0) at 2015.10.12-15.54.06
[2015.10.12-19.54.06:976][ 27]LogActor:Warning: GameSession /Game/ThirdPersonBP/Maps/UEDPIE_0_ThirdPersonExampleMap.ThirdPersonExampleMap:PersistentLevel.GameSession_3 has natively added scene component(s), but none of them were set as the actor's RootComponent - picking one arbitrarily
[2015.10.12-19.54.06:978][ 27]LogActor:Warning: GameNetworkManager /Game/ThirdPersonBP/Maps/UEDPIE_0_ThirdPersonExampleMap.ThirdPersonExampleMap:PersistentLevel.GameNetworkManager_3 has natively added scene component(s), but none of them were set as the actor's RootComponent - picking one arbitrarily
[2015.10.12-19.54.06:979][ 27]LogWorld: Bringing up level for play took: 0.038551
[2015.10.12-19.54.06:986][ 27]PIE: Info Play in editor start time for /Game/ThirdPersonBP/Maps/UEDPIE_0_ThirdPersonExampleMap 0.545
[2015.10.12-19.54.06:987][ 27]LogBlueprintUserMessages: Late PlayInEditor Detection: Level '/Game/ThirdPersonBP/Maps/ThirdPersonExampleMap.ThirdPersonExampleMap:PersistentLevel' has LevelScriptBlueprint '/Game/ThirdPersonBP/Maps/ThirdPersonExampleMap.ThirdPersonExampleMap:PersistentLevel.ThirdPersonExampleMap' with GeneratedClass '/Game/ThirdPersonBP/Maps/ThirdPersonExampleMap.ThirdPersonExampleMap_C' with ClassGeneratedBy '/Game/ThirdPersonBP/Maps/ThirdPersonExampleMap.ThirdPersonExampleMap:PersistentLevel.ThirdPersonExampleMap'
[2015.10.12-19.54.46:713][458]LogBlueprintUserMessages: Early EndPlayMap Detection: Level '/Game/ThirdPersonBP/Maps/ThirdPersonExampleMap.ThirdPersonExampleMap:PersistentLevel' has LevelScriptBlueprint '/Game/ThirdPersonBP/Maps/ThirdPersonExampleMap.ThirdPersonExampleMap:PersistentLevel.ThirdPersonExampleMap' with GeneratedClass '/Game/ThirdPersonBP/Maps/ThirdPersonExampleMap.ThirdPersonExampleMap_C' with ClassGeneratedBy '/Game/ThirdPersonBP/Maps/ThirdPersonExampleMap.ThirdPersonExampleMap:PersistentLevel.ThirdPersonExampleMap'
[2015.10.12-19.54.46:804][458]LogBlueprintUserMessages: Late EndPlayMap Detection: Level '/Game/ThirdPersonBP/Maps/ThirdPersonExampleMap.ThirdPersonExampleMap:PersistentLevel' has LevelScriptBlueprint '/Game/ThirdPersonBP/Maps/ThirdPersonExampleMap.ThirdPersonExampleMap:PersistentLevel.ThirdPersonExampleMap' with GeneratedClass '/Game/ThirdPersonBP/Maps/ThirdPersonExampleMap.ThirdPersonExampleMap_C' with ClassGeneratedBy '/Game/ThirdPersonBP/Maps/ThirdPersonExampleMap.ThirdPersonExampleMap:PersistentLevel.ThirdPersonExampleMap'
[2015.10.12-19.54.46:819][458]LogParticles: Destroying 0 GPU particle simulations for FXSystem 0x000000314CC2C4A0
[2015.10.12-19.54.51:793][882]Cmd: TRANSACTION UNDO
[2015.10.12-19.54.51:793][882]LogEditorTransaction: Undo Move Components
[2015.10.12-19.56.36:301][860]LogActorComponent: UnregisterComponent: (/Engine/Transient.CharMoveComp) Not registered. Aborting.
[2015.10.12-19.56.36:387][860]LogSavePackage: Save=64.906181ms
[2015.10.12-19.56.36:387][860]LogSavePackage: Moving '../../../../../../Users/ntanc_000/Desktop/DigitalHorrorGame/GDDHorrorGame/Saved/ThirdPersonExampleMap6780081042F78543970401B662A236F0.tmp' to '../../../../../../Users/ntanc_000/Desktop/DigitalHorrorGame/GDDHorrorGame/Content/ThirdPersonBP/Maps/ThirdPersonExampleMap.umap'
[2015.10.12-19.56.36:403][860]LogSavePackage: Total save time: 88.928875ms
[2015.10.12-19.56.36:403][860]LogSavePackage:Warning: Finished SavePackage ../../../../../../Users/ntanc_000/Desktop/DigitalHorrorGame/GDDHorrorGame/Content/ThirdPersonBP/Maps/ThirdPersonExampleMap.umap
[2015.10.12-19.56.37:759][918]LogWindowsTextInputMethodSystem:Display: IME system now deactivated.
[2015.10.12-19.56.37:759][918]LogWindowsTextInputMethodSystem:Display: IME system now deactivated.
[2015.10.12-19.56.38:092][919]Cmd: QUIT_EDITOR
[2015.10.12-19.56.38:997][919]LogExit: Preparing to exit.
[2015.10.12-19.56.39:869][919]LogExit: Editor shut down
[2015.10.12-19.56.39:869][919]LogExit: Transaction tracking system shut down
[2015.10.12-19.56.39:872][919]LogParticles: Destroying 0 GPU particle simulations for FXSystem 0x000000314DF8EE80
[2015.10.12-19.56.39:872][919]LogParticles: Destroying 0 GPU particle simulations for FXSystem 0x0000003179994860
[2015.10.12-19.56.39:872][919]LogParticles: Destroying 0 GPU particle simulations for FXSystem 0x000000317A5BA2A0
[2015.10.12-19.56.39:872][919]LogParticles: Destroying 0 GPU particle simulations for FXSystem 0x00000031765437E0
[2015.10.12-19.56.39:872][919]LogParticles: Destroying 0 GPU particle simulations for FXSystem 0x00000031765436A0
[2015.10.12-19.56.40:088][919]LogParticles: Destroying 0 GPU particle simulations for FXSystem 0x000000315100B560
[2015.10.12-19.56.40:088][919]LogExit: Object subsystem successfully closed.
[2015.10.12-19.56.40:107][919]LogD3D11RHI: Shutdown
[2015.10.12-19.56.40:107][919]LogD3D11RHI: CleanupD3DDevice
[2015.10.12-19.56.40:189][919]LogD3D11RHI: ~FD3D11DynamicRHI
[2015.10.12-19.56.40:231][919]LogModuleManager: Shutting down and abandoning module CrashTracker (197)
[2015.10.12-19.56.40:231][919]LogModuleManager: Shutting down and abandoning module SceneOutliner (196)
[2015.10.12-19.56.40:231][919]LogModuleManager: Shutting down and abandoning module SuperSearch (195)
[2015.10.12-19.56.40:231][919]LogModuleManager: Shutting down and abandoning module WidgetCarousel (194)
[2015.10.12-19.56.40:231][919]LogModuleManager: Shutting down and abandoning module AddContentDialog (193)
[2015.10.12-19.56.40:232][919]LogModuleManager: Shutting down and abandoning module EditorWidgets (192)
[2015.10.12-19.56.40:232][919]LogModuleManager: Shutting down and abandoning module CollectionManager (191)
[2015.10.12-19.56.40:232][919]LogModuleManager: Shutting down and abandoning module StatsViewer (190)
[2015.10.12-19.56.40:232][919]LogModuleManager: Shutting down and abandoning module FoliageEdit (189)
[2015.10.12-19.56.40:232][919]LogModuleManager: Shutting down and abandoning module LandscapeEditor (188)
[2015.10.12-19.56.40:232][919]LogModuleManager: Shutting down and abandoning module ActorPickerMode (187)
[2015.10.12-19.56.40:232][919]LogModuleManager: Shutting down and abandoning module GeometryMode (186)
[2015.10.12-19.56.40:232][919]LogModuleManager: Shutting down and abandoning module TextureAlignMode (185)
[2015.10.12-19.56.40:232][919]LogModuleManager: Shutting down and abandoning module BspMode (184)
[2015.10.12-19.56.40:232][919]LogModuleManager: Shutting down and abandoning module PlacementMode (183)
[2015.10.12-19.56.40:232][919]LogModuleManager: Shutting down and abandoning module AutomationWorker (182)
[2015.10.12-19.56.40:232][919]LogModuleManager: Shutting down and abandoning module CharacterAI (181)
[2015.10.12-19.56.40:232][919]LogModuleManager: Shutting down and abandoning module SmartSnapping (180)
[2015.10.12-19.56.40:232][919]LogModuleManager: Shutting down and abandoning module ViewportSnapping (179)
[2015.10.12-19.56.40:233][919]LogModuleManager: Shutting down and abandoning module LogVisualizer (178)
[2015.10.12-19.56.40:233][919]LogModuleManager: Shutting down and abandoning module GameProjectGeneration (177)
[2015.10.12-19.56.40:233][919]LogModuleManager: Shutting down and abandoning module IntroTutorials (176)
[2015.10.12-19.56.40:233][919]LogModuleManager: Shutting down and abandoning module EditorLiveStreaming (175)
[2015.10.12-19.56.40:233][919]LogModuleManager: Shutting down and abandoning module IOSPlatformEditor (174)
[2015.10.12-19.56.40:233][919]LogModuleManager: Shutting down and abandoning module HTML5PlatformEditor (173)
[2015.10.12-19.56.40:233][919]LogModuleManager: Shutting down and abandoning module AndroidDeviceDetection (172)
[2015.10.12-19.56.40:404][919]LogModuleManager: Shutting down and abandoning module AndroidPlatformEditor (171)
[2015.10.12-19.56.40:404][919]LogModuleManager: Shutting down and abandoning module IOSRuntimeSettings (170)
[2015.10.12-19.56.40:404][919]LogModuleManager: Shutting down and abandoning module AndroidRuntimeSettings (169)
[2015.10.12-19.56.40:404][919]LogModuleManager: Shutting down and abandoning module MergeActors (168)
[2015.10.12-19.56.40:404][919]LogModuleManager: Shutting down and abandoning module SizeMap (167)
[2015.10.12-19.56.40:404][919]LogModuleManager: Shutting down and abandoning module TreeMap (166)
[2015.10.12-19.56.40:404][919]LogModuleManager: Shutting down and abandoning module ReferenceViewer (165)
[2015.10.12-19.56.40:404][919]LogModuleManager: Shutting down and abandoning module LocalizationService (164)
[2015.10.12-19.56.40:404][919]LogModuleManager: Shutting down and abandoning module LocalizationDashboard (163)
[2015.10.12-19.56.40:404][919]LogModuleManager: Shutting down and abandoning module HardwareTargeting (162)
[2015.10.12-19.56.40:404][919]LogModuleManager: Shutting down and abandoning module DeviceProfileEditor (161)
[2015.10.12-19.56.40:404][919]LogModuleManager: Shutting down and abandoning module UndoHistory (160)
[2015.10.12-19.56.40:404][919]LogModuleManager: Shutting down and abandoning module GameplayTagsEditor (159)
[2015.10.12-19.56.40:404][919]LogModuleManager: Shutting down and abandoning module UserFeedback (158)
[2015.10.12-19.56.40:404][919]LogModuleManager: Shutting down and abandoning module XmlParser (157)
[2015.10.12-19.56.40:404][919]LogModuleManager: Shutting down and abandoning module Blutility (156)
[2015.10.12-19.56.40:404][919]LogModuleManager: Shutting down and abandoning module ProjectTargetPlatformEditor (155)
[2015.10.12-19.56.40:405][919]LogModuleManager: Shutting down and abandoning module ProjectSettingsViewer (154)
[2015.10.12-19.56.40:405][919]LogModuleManager: Shutting down and abandoning module InputBindingEditor (153)
[2015.10.12-19.56.40:405][919]LogModuleManager: Shutting down and abandoning module EditorSettingsViewer (152)
[2015.10.12-19.56.40:405][919]LogModuleManager: Shutting down and abandoning module SettingsEditor (151)
[2015.10.12-19.56.40:405][919]LogModuleManager: Shutting down and abandoning module ProjectLauncher (150)
[2015.10.12-19.56.40:405][919]LogModuleManager: Shutting down and abandoning module SessionFrontend (149)
[2015.10.12-19.56.40:405][919]LogModuleManager: Shutting down and abandoning module ProfilerClient (148)
[2015.10.12-19.56.40:405][919]LogModuleManager: Shutting down and abandoning module TargetDeviceServices (147)
[2015.10.12-19.56.40:405][919]LogModuleManager: Shutting down and abandoning module DeviceManager (146)
[2015.10.12-19.56.40:406][919]LogModuleManager: Shutting down and abandoning module AutomationController (145)
[2015.10.12-19.56.40:406][919]LogModuleManager: Shutting down and abandoning module AutomationWindow (144)
[2015.10.12-19.56.40:406][919]LogModuleManager: Shutting down and abandoning module Layers (143)
[2015.10.12-19.56.40:406][919]LogModuleManager: Shutting down and abandoning module ComponentVisualizers (142)
[2015.10.12-19.56.40:406][919]LogModuleManager: Shutting down and abandoning module DetailCustomizations (141)
[2015.10.12-19.56.40:406][919]LogModuleManager: Shutting down and abandoning module PackagesDialog (140)
[2015.10.12-19.56.40:406][919]LogModuleManager: Shutting down and abandoning module Persona (139)
[2015.10.12-19.56.40:406][919]LogModuleManager: Shutting down and abandoning module Kismet (138)
[2015.10.12-19.56.40:406][919]LogModuleManager: Shutting down and abandoning module GraphEditor (137)
[2015.10.12-19.56.40:406][919]LogModuleManager: Shutting down and abandoning module ClassViewer (136)
[2015.10.12-19.56.40:406][919]LogModuleManager: Shutting down and abandoning module Toolbox (135)
[2015.10.12-19.56.40:406][919]LogModuleManager: Shutting down and abandoning module ModuleUI (134)
[2015.10.12-19.56.40:406][919]LogModuleManager: Shutting down and abandoning module MovieSceneTools (133)
[2015.10.12-19.56.40:406][919]LogModuleManager: Shutting down and abandoning module OutputLog (132)
[2015.10.12-19.56.40:406][919]LogModuleManager: Shutting down and abandoning module GammaUI (131)
[2015.10.12-19.56.40:406][919]LogModuleManager: Shutting down and abandoning module Documentation (130)
[2015.10.12-19.56.40:407][919]LogModuleManager: Shutting down and abandoning module GameLiveStreaming (129)
[2015.10.12-19.56.40:407][919]LogModuleManager: Shutting down and abandoning module StreamingPauseRendering (128)
[2015.10.12-19.56.40:407][919]LogModuleManager: Shutting down and abandoning module AnalyticsET (127)
[2015.10.12-19.56.40:407][919]LogModuleManager: Shutting down and abandoning module Analytics (126)
[2015.10.12-19.56.40:407][919]LogModuleManager: Shutting down and abandoning module AITestSuite (125)
[2015.10.12-19.56.40:407][919]LogModuleManager: Shutting down and abandoning module GameplayDebugger (124)
[2015.10.12-19.56.40:407][919]LogModuleManager: Shutting down and abandoning module AIModule (123)
[2015.10.12-19.56.40:407][919]LogModuleManager: Shutting down and abandoning module ProfilerService (122)
[2015.10.12-19.56.40:550][919]LogModuleManager: Shutting down and abandoning module TaskGraph (121)
[2015.10.12-19.56.40:550][919]LogModuleManager: Shutting down and abandoning module SlateRemote (120)
[2015.10.12-19.56.40:550][919]LogModuleManager: Shutting down and abandoning module SteamVRController (119)
[2015.10.12-19.56.40:550][919]LogModuleManager: Shutting down and abandoning module SteamVR (118)
[2015.10.12-19.56.40:550][919]LogModuleManager: Shutting down and abandoning module ProceduralMeshComponent (117)
[2015.10.12-19.56.40:550][919]LogModuleManager: Shutting down and abandoning module OculusRift (116)
[2015.10.12-19.56.40:550][919]LogModuleManager: Shutting down and abandoning module OculusLibrary (115)
[2015.10.12-19.56.40:550][919]LogModuleManager: Shutting down and abandoning module LeapMotionController (114)
[2015.10.12-19.56.40:574][919]LogModuleManager: Shutting down and abandoning module CustomMeshComponent (113)
[2015.10.12-19.56.40:574][919]LogModuleManager: Shutting down and abandoning module CableComponent (112)
[2015.10.12-19.56.40:574][919]LogModuleManager: Shutting down and abandoning module ArchVisCharacter (111)
[2015.10.12-19.56.40:574][919]LogModuleManager: Shutting down and abandoning module MessagingDebugger (110)
[2015.10.12-19.56.40:574][919]LogModuleManager: Shutting down and abandoning module MediaPlayerEditor (109)
[2015.10.12-19.56.40:574][919]LogModuleManager: Shutting down and abandoning module HTML5Networking (108)
[2015.10.12-19.56.40:574][919]LogModuleManager: Shutting down and abandoning module SpeedTreeImporter (107)
[2015.10.12-19.56.40:574][919]LogModuleManager: Shutting down and abandoning module PluginBrowser (106)
[2015.10.12-19.56.40:575][919]LogModuleManager: Shutting down and abandoning module EpicSurvey (105)
[2015.10.12-19.56.40:575][919]LogModuleManager: Shutting down and abandoning module DesktopPlatform (104)
[2015.10.12-19.56.40:575][919]LogModuleManager: Shutting down and abandoning module VisualStudioSourceCodeAccess (103)
[2015.10.12-19.56.40:575][919]LogModuleManager: Shutting down and abandoning module UObjectPlugin (102)
[2015.10.12-19.56.40:575][919]LogModuleManager: Shutting down and abandoning module SubversionSourceControl (101)
[2015.10.12-19.56.40:575][919]LogModuleManager: Shutting down and abandoning module PerforceSourceControl (100)
[2015.10.12-19.56.40:575][919]LogModuleManager: Shutting down and abandoning module SourceControl (99)
[2015.10.12-19.56.40:575][919]LogModuleManager: Shutting down and abandoning module GitSourceControl (98)
[2015.10.12-19.56.40:575][919]LogModuleManager: Shutting down and abandoning module LightPropagationVolumeEditor (97)
[2015.10.12-19.56.40:575][919]LogModuleManager: Shutting down and abandoning module PaperTiledImporter (96)
[2015.10.12-19.56.40:575][919]LogModuleManager: Shutting down and abandoning module PaperSpriteSheetImporter (95)
[2015.10.12-19.56.40:575][919]LogModuleManager: Shutting down and abandoning module MeshPaint (94)
[2015.10.12-19.56.40:575][919]LogModuleManager: Shutting down and abandoning module SlateReflector (93)
[2015.10.12-19.56.40:575][919]LogModuleManager: Shutting down and abandoning module HotReload (92)
[2015.10.12-19.56.40:575][919]LogModuleManager: Shutting down and abandoning module MainFrame (91)
[2015.10.12-19.56.40:575][919]LogModuleManager: Shutting down and abandoning module LevelEditor (90)
[2015.10.12-19.56.40:577][919]LogModuleManager: Shutting down and abandoning module DirectoryWatcher (89)
[2015.10.12-19.56.40:578][919]LogModuleManager: Shutting down and abandoning module AssetRegistry (88)
[2015.10.12-19.56.40:741][919]LogModuleManager: Shutting down and abandoning module ContentBrowser (87)
[2015.10.12-19.56.40:742][919]LogModuleManager: Shutting down and abandoning module Paper2DEditor (86)
[2015.10.12-19.56.40:743][919]LogModuleManager: Shutting down and abandoning module UdpMessaging (85)
[2015.10.12-19.56.40:843][919]LogModuleManager: Shutting down and abandoning module LightPropagationVolumeRuntime (84)
[2015.10.12-19.56.40:843][919]LogModuleManager: Shutting down and abandoning module Paper2D (83)
[2015.10.12-19.56.40:843][919]LogModuleManager: Shutting down and abandoning module WindowsMoviePlayer (82)
[2015.10.12-19.56.40:849][919]LogModuleManager: Shutting down and abandoning module Media (81)
[2015.10.12-19.56.40:849][919]LogModuleManager: Shutting down and abandoning module WmfMedia (80)
[2015.10.12-19.56.40:849][919]LogModuleManager: Shutting down and abandoning module OnlineBlueprintSupport (79)
[2015.10.12-19.56.40:849][919]LogModuleManager: Shutting down and abandoning module GameplayTasksEditor (78)
[2015.10.12-19.56.40:849][919]LogModuleManager: Shutting down and abandoning module PropertyEditor (77)
[2015.10.12-19.56.40:849][919]LogModuleManager: Shutting down and abandoning module BehaviorTreeEditor (76)
[2015.10.12-19.56.40:849][919]LogModuleManager: Shutting down and abandoning module FunctionalTesting (75)
[2015.10.12-19.56.40:849][919]LogModuleManager: Shutting down and abandoning module CollisionAnalyzer (74)
[2015.10.12-19.56.40:849][919]LogModuleManager: Shutting down and abandoning module WorkspaceMenuStructure (73)
[2015.10.12-19.56.40:850][919]LogModuleManager: Shutting down and abandoning module MessageLog (72)
[2015.10.12-19.56.40:850][919]LogModuleManager: Shutting down and abandoning module Sequencer (71)
[2015.10.12-19.56.40:850][919]LogModuleManager: Shutting down and abandoning module AssetTools (70)
[2015.10.12-19.56.40:850][919]LogModuleManager: Shutting down and abandoning module UMGEditor (69)
[2015.10.12-19.56.40:850][919]LogModuleManager: Shutting down and abandoning module UMG (68)
[2015.10.12-19.56.40:850][919]LogModuleManager: Shutting down and abandoning module Slate (67)
[2015.10.12-19.56.40:850][919]LogModuleManager: Shutting down and abandoning module EditorStyle (66)
[2015.10.12-19.56.40:863][919]LogModuleManager: Shutting down and abandoning module SessionServices (65)
[2015.10.12-19.56.40:863][919]LogModuleManager: Shutting down and abandoning module SourceCodeAccess (64)
[2015.10.12-19.56.40:863][919]LogModuleManager: Shutting down and abandoning module HeadMountedDisplay (63)
[2015.10.12-19.56.40:863][919]LogModuleManager: Shutting down and abandoning module XAudio2 (62)
[2015.10.12-19.56.40:863][919]LogModuleManager: Shutting down and abandoning module Networking (60)
[2015.10.12-19.56.40:863][919]LogModuleManager: Shutting down and abandoning module Core (59)
[2015.10.12-19.56.40:863][919]LogModuleManager: Shutting down and abandoning module KismetCompiler (58)
[2015.10.12-19.56.40:863][919]LogModuleManager: Shutting down and abandoning module PhysXFormats (57)
[2015.10.12-19.56.40:864][919]LogModuleManager: Shutting down and abandoning module MeshUtilities (56)
[2015.10.12-19.56.40:864][919]LogModuleManager: Shutting down and abandoning module CookingStats (55)
[2015.10.12-19.56.40:866][919]LogModuleManager: Shutting down and abandoning module DerivedDataCache (54)
[2015.10.12-19.56.40:901][919]LogDerivedDataCache: Shutdown
[2015.10.12-19.56.40:901][919]LogModuleManager: Shutting down and abandoning module ShaderFormatOpenGL (53)
[2015.10.12-19.56.40:901][919]LogModuleManager: Shutting down and abandoning module ShaderFormatD3D (52)
[2015.10.12-19.56.40:901][919]LogModuleManager: Shutting down and abandoning module MetalShaderFormat (51)
[2015.10.12-19.56.40:901][919]LogModuleManager: Shutting down and abandoning module TextureFormatUncompressed (50)
[2015.10.12-19.56.40:901][919]LogModuleManager: Shutting down and abandoning module TextureFormatPVR (49)
[2015.10.12-19.56.40:901][919]LogModuleManager: Shutting down and abandoning module TextureFormatIntelISPCTexComp (48)
[2015.10.12-19.56.40:901][919]LogModuleManager: Shutting down and abandoning module TextureFormatDXT (47)
[2015.10.12-19.56.40:901][919]LogModuleManager: Shutting down and abandoning module ImageWrapper (46)
[2015.10.12-19.56.40:901][919]LogModuleManager: Shutting down and abandoning module TextureFormatASTC (45)
[2015.10.12-19.56.40:901][919]LogModuleManager: Shutting down and abandoning module TextureFormatAndroid (44)
[2015.10.12-19.56.40:901][919]LogModuleManager: Shutting down and abandoning module AudioFormatOpus (43)
[2015.10.12-19.56.40:901][919]LogModuleManager: Shutting down and abandoning module AudioFormatOgg (42)
[2015.10.12-19.56.40:901][919]LogModuleManager: Shutting down and abandoning module AudioFormatADPCM (41)
[2015.10.12-19.56.40:901][919]LogModuleManager: Shutting down and abandoning module LinuxTargetPlatform (40)
[2015.10.12-19.56.40:901][919]LogModuleManager: Shutting down and abandoning module LinuxServerTargetPlatform (39)
[2015.10.12-19.56.40:901][919]LogModuleManager: Shutting down and abandoning module LinuxNoEditorTargetPlatform (38)
[2015.10.12-19.56.40:902][919]LogModuleManager: Shutting down and abandoning module Messaging (37)
[2015.10.12-19.56.40:902][919]LogModuleManager: Shutting down and abandoning module IOSTargetPlatform (36)
[2015.10.12-19.56.40:902][919]LogModuleManager: Shutting down and abandoning module HTML5TargetPlatform (35)
[2015.10.12-19.56.40:902][919]LogModuleManager: Shutting down and abandoning module Android_PVRTCTargetPlatform (34)
[2015.10.12-19.56.40:902][919]LogModuleManager: Shutting down and abandoning module Android_ETC2TargetPlatform (33)
[2015.10.12-19.56.40:902][919]LogModuleManager: Shutting down and abandoning module Android_ETC1TargetPlatform (32)
[2015.10.12-19.56.40:902][919]LogModuleManager: Shutting down and abandoning module Android_DXTTargetPlatform (31)
[2015.10.12-19.56.40:902][919]LogModuleManager: Shutting down and abandoning module Android_ATCTargetPlatform (30)
[2015.10.12-19.56.40:902][919]LogModuleManager: Shutting down and abandoning module Android_ASTCTargetPlatform (29)
[2015.10.12-19.56.40:902][919]LogModuleManager: Shutting down and abandoning module AndroidTargetPlatform (28)
[2015.10.12-19.56.40:902][919]LogModuleManager: Shutting down and abandoning module WindowsTargetPlatform (27)
[2015.10.12-19.56.40:902][919]LogModuleManager: Shutting down and abandoning module WindowsServerTargetPlatform (26)
[2015.10.12-19.56.40:902][919]LogModuleManager: Shutting down and abandoning module WindowsNoEditorTargetPlatform (25)
[2015.10.12-19.56.40:902][919]LogModuleManager: Shutting down and abandoning module WindowsClientTargetPlatform (24)
[2015.10.12-19.56.40:902][919]LogModuleManager: Shutting down and abandoning module AllDesktopTargetPlatform (23)
[2015.10.12-19.56.40:902][919]LogModuleManager: Shutting down and abandoning module TargetPlatform (22)
[2015.10.12-19.56.40:902][919]LogModuleManager: Shutting down and abandoning module InputCore (21)
[2015.10.12-19.56.40:902][919]LogModuleManager: Shutting down and abandoning module Settings (20)
[2015.10.12-19.56.40:907][919]LogModuleManager: Shutting down and abandoning module OnlineSubsystem (18)
[2015.10.12-19.56.40:907][919]LogModuleManager: Shutting down and abandoning module HTTP (17)
[2015.10.12-19.56.43:923][919]LogModuleManager: Shutting down and abandoning module XMPP (16)
[2015.10.12-19.56.43:923][919]LogModuleManager: Shutting down and abandoning module ExampleDeviceProfileSelector (15)
[2015.10.12-19.56.43:923][919]LogModuleManager: Shutting down and abandoning module TextureCompressor (14)
[2015.10.12-19.56.43:923][919]LogModuleManager: Shutting down and abandoning module ShaderCore (13)
[2015.10.12-19.56.43:923][919]LogModuleManager: Shutting down and abandoning module Landscape (12)
[2015.10.12-19.56.43:923][919]LogModuleManager: Shutting down and abandoning module SlateRHIRenderer (11)
[2015.10.12-19.56.43:929][919]LogModuleManager: Shutting down and abandoning module OpenGLDrv (10)
[2015.10.12-19.56.43:930][919]LogModuleManager: Shutting down and abandoning module D3D11RHI (9)
[2015.10.12-19.56.43:930][919]LogModuleManager: Shutting down and abandoning module AnimGraphRuntime (8)
[2015.10.12-19.56.43:930][919]LogModuleManager: Shutting down and abandoning module Renderer (7)
[2015.10.12-19.56.43:930][919]LogModuleManager: Shutting down and abandoning module Engine (6)
[2015.10.12-19.56.43:930][919]LogModuleManager: Shutting down and abandoning module CoreUObject (5)
[2015.10.12-19.56.43:930][919]LogModuleManager: Shutting down and abandoning module NetworkFile (4)
[2015.10.12-19.56.43:930][919]LogModuleManager: Shutting down and abandoning module StreamingFile (3)
[2015.10.12-19.56.43:930][919]LogModuleManager: Shutting down and abandoning module SandboxFile (2)
[2015.10.12-19.56.43:930][919]LogModuleManager: Shutting down and abandoning module PakFile (1)
[2015.10.12-19.56.43:931][919]LogExit: Exiting.
[2015.10.12-19.56.43:993][919]Log file closed, 10/12/15 15:56:43
