[2015.10.09-00.32.39:211][  0]Log file open, 10/08/15 20:32:39
[2015.10.09-00.32.39:211][  0]LogInit:Display: Running engine for game: GDDHorrorGame
[2015.10.09-00.32.39:211][  0]LogInit:Display: RandInit(-1943437344) SRandInit(-1943437343).
[2015.10.09-00.32.39:211][  0]LogTaskGraph: Started task graph with 4 named threads and 7 total threads.
[2015.10.09-00.32.39:211][  0]LogStats: Stats thread started at 6.155049
[2015.10.09-00.32.39:211][  0]LogInit: Version: 4.9.2-2707645+++depot+UE4-Releases+4.9
[2015.10.09-00.32.39:211][  0]LogInit: API Version: 2672455
[2015.10.09-00.32.39:220][  0]LogInit: Compiled (64-bit): Sep 28 2015 10:25:44
[2015.10.09-00.32.39:220][  0]LogInit: Compiled with Visual C++: 18.00.21005.01
[2015.10.09-00.32.39:220][  0]LogInit: Build Configuration: Development
[2015.10.09-00.32.39:220][  0]LogInit: Branch Name: ++depot+UE4-Releases+4.9
[2015.10.09-00.32.39:220][  0]LogInit: Command line:  
[2015.10.09-00.32.39:220][  0]LogInit: Base directory: C:/Program Files/Epic Games/4.9/Engine/Binaries/Win64/
[2015.10.09-00.32.39:220][  0]LogInit: Rocket: 1
[2015.10.09-00.32.39:332][  0]LogInit: Using libcurl 7.41.0
[2015.10.09-00.32.39:332][  0]LogInit:  - built for x86_64-pc-win32
[2015.10.09-00.32.39:332][  0]LogInit:  - supports SSL with WinSSL
[2015.10.09-00.32.39:332][  0]LogInit:  - other features:
[2015.10.09-00.32.39:332][  0]LogInit:      CURL_VERSION_SSL
[2015.10.09-00.32.39:332][  0]LogInit:      CURL_VERSION_IPV6
[2015.10.09-00.32.39:332][  0]LogInit:      CURL_VERSION_ASYNCHDNS
[2015.10.09-00.32.39:332][  0]LogInit:      CURL_VERSION_LARGEFILE
[2015.10.09-00.32.39:332][  0]LogInit:      CURL_VERSION_IDN
[2015.10.09-00.32.39:333][  0]LogInit:  CurlRequestOptions (configurable via config and command line):
[2015.10.09-00.32.39:333][  0]LogInit:  - bVerifyPeer = true  - Libcurl will verify peer certificate
[2015.10.09-00.32.39:333][  0]LogInit:  - bUseHttpProxy = false  - Libcurl will NOT use HTTP proxy
[2015.10.09-00.32.39:333][  0]LogInit:  - bDontReuseConnections = false  - Libcurl will reuse connections
[2015.10.09-00.32.39:333][  0]LogInit:  - CertBundlePath = nullptr  - Libcurl will use whatever was configured at build time.
[2015.10.09-00.32.40:218][  0]LogInit: Presizing for 0 objects not considered by GC, pre-allocating 0 bytes.
[2015.10.09-00.32.40:558][  0]LogInit: Object subsystem initialized
[2015.10.09-00.32.40:821][  0]LogInit: Selected Device Profile: [Windows]
[2015.10.09-00.32.40:821][  0]LogInit: Applying CVar settings loaded from the selected device profile: [Windows]
[2015.10.09-00.32.41:212][  0]LogInit: Computer: DAKOTA-PC
[2015.10.09-00.32.41:212][  0]LogInit: User: Dakota
[2015.10.09-00.32.41:212][  0]LogInit: CPU Page size=4096, Cores=4
[2015.10.09-00.32.41:226][  0]LogInit: High frequency timer resolution =3.421386 MHz
[2015.10.09-00.32.41:228][  0]LogMemory: Memory total: Physical=16.0GB (16GB approx)
[2015.10.09-00.32.41:228][  0]LogMemory: Platform Memory Stats for Windows
[2015.10.09-00.32.41:228][  0]LogMemory: Process Physical Memory: 55.14 MB used, 55.14 MB peak
[2015.10.09-00.32.41:228][  0]LogMemory: Process Virtual Memory: 57.69 MB used, 57.69 MB peak
[2015.10.09-00.32.41:228][  0]LogMemory: Physical Memory: 4768.29 MB used, 16344.37 MB total
[2015.10.09-00.32.41:228][  0]LogMemory: Virtual Memory: 339.17 MB used, 8388608.00 MB total
[2015.10.09-00.32.44:005][  0]LogTextLocalizationManager: No specific translations for ('en-US') exist, so ('en') translations will be used.
[2015.10.09-00.32.49:158][  0]LogD3D11RHI: Found D3D11 adapter 0: NVIDIA GeForce GTX 680 (Feature Level 11_0)
[2015.10.09-00.32.49:158][  0]LogD3D11RHI: Adapter has 1990MB of dedicated video memory, 0MB of dedicated system memory, and 2048MB of shared system memory, 1 output[s]
[2015.10.09-00.32.49:158][  0]LogD3D11RHI: Chosen D3D11 Adapter Id = 0
[2015.10.09-00.32.49:163][  0]LogD3D11RHI: !Direct3DDevice
[2015.10.09-00.32.49:163][  0]LogRHI: Texture pool is 1361 MB (70% of 1945 MB)
[2015.10.09-00.32.49:175][  0]LogD3D11RHI: Async texture creation enabled
[2015.10.09-00.32.49:589][  0]LogShaderCompilers: Guid format shader working directory is 15 characters bigger than the processId version (F:/Year 3/Fall Semester/GDD II/Digital Game/DigitalHorrorGame/GDDHorrorGame/Intermediate/Shaders/WorkingDirectory/9548/).
[2015.10.09-00.32.50:009][  0]LogShaderCompilers: Cleaned the shader compiler working directory 'F:/Year 3/Fall Semester/GDD II/Digital Game/DigitalHorrorGame/GDDHorrorGame/Intermediate/Shaders/tmp/805AF69641AEB740D2E24ABAD5680C54/'.
[2015.10.09-00.32.50:009][  0]LogShaderCompilers:Display: Using Local Shader Compiler.
[2015.10.09-00.32.58:453][  0]LogTemp:Display: Loaded TP AllDesktopTargetPlatform
[2015.10.09-00.32.58:465][  0]LogTemp:Display: Loaded TP WindowsClientTargetPlatform
[2015.10.09-00.32.58:477][  0]LogTemp:Display: Loaded TP WindowsNoEditorTargetPlatform
[2015.10.09-00.32.58:487][  0]LogTemp:Display: Loaded TP WindowsServerTargetPlatform
[2015.10.09-00.32.58:498][  0]LogTemp:Display: Loaded TP WindowsTargetPlatform
[2015.10.09-00.32.58:508][  0]LogTemp:Display: Loaded TP AndroidTargetPlatform
[2015.10.09-00.32.58:517][  0]LogTemp:Display: Loaded TP Android_ASTCTargetPlatform
[2015.10.09-00.32.58:528][  0]LogTemp:Display: Loaded TP Android_ATCTargetPlatform
[2015.10.09-00.32.58:539][  0]LogTemp:Display: Loaded TP Android_DXTTargetPlatform
[2015.10.09-00.32.58:549][  0]LogTemp:Display: Loaded TP Android_ETC1TargetPlatform
[2015.10.09-00.32.58:558][  0]LogTemp:Display: Loaded TP Android_ETC2TargetPlatform
[2015.10.09-00.32.59:262][  0]LogTemp:Display: Loaded TP Android_PVRTCTargetPlatform
[2015.10.09-00.32.59:265][  0]LogTemp:Display: Loaded TP HTML5TargetPlatform
[2015.10.09-00.32.59:348][  0]LogTemp:Display: Loaded TP IOSTargetPlatform
[2015.10.09-00.32.59:357][  0]LogTemp:Display: Loaded TP LinuxNoEditorTargetPlatform
[2015.10.09-00.32.59:366][  0]LogTemp:Display: Loaded TP LinuxServerTargetPlatform
[2015.10.09-00.32.59:375][  0]LogTemp:Display: Loaded TP LinuxTargetPlatform
[2015.10.09-00.32.59:375][  0]LogTargetPlatformManager:Display: Building Assets For Windows
[2015.10.09-00.33.01:387][  0]LogDerivedDataCache:Display: Max Cache Size: 512 MB
[2015.10.09-00.33.02:118][  0]LogDerivedDataCache: Loaded boot cache 0.72s 41MB C:/Users/Dakota/AppData/Local/UnrealEngine/4.9/DerivedDataCache/Boot.ddc.
[2015.10.09-00.33.02:118][  0]LogDerivedDataCache:Display: Loaded Boot cache: C:/Users/Dakota/AppData/Local/UnrealEngine/4.9/DerivedDataCache/Boot.ddc
[2015.10.09-00.33.02:118][  0]LogDerivedDataCache: FDerivedDataBackendGraph:  Pak pak cache file F:/Year 3/Fall Semester/GDD II/Digital Game/DigitalHorrorGame/GDDHorrorGame/DerivedDataCache/DDC.ddp not found, will not use a pak cache.
[2015.10.09-00.33.02:118][  0]LogDerivedDataCache: Unable to find inner node Pak for hierarchical cache Hierarchy.
[2015.10.09-00.33.02:119][  0]LogDerivedDataCache: FDerivedDataBackendGraph:  CompressedPak pak cache file F:/Year 3/Fall Semester/GDD II/Digital Game/DigitalHorrorGame/GDDHorrorGame/DerivedDataCache/Compressed.ddp not found, will not use a pak cache.
[2015.10.09-00.33.02:119][  0]LogDerivedDataCache: Unable to find inner node CompressedPak for hierarchical cache Hierarchy.
[2015.10.09-00.33.02:371][  0]LogDerivedDataCache:Display: Pak cache opened for reading ../../../Engine/DerivedDataCache/Compressed.ddp.
[2015.10.09-00.33.02:383][  0]LogDerivedDataCache: Using Local data cache path C:/Users/Dakota/AppData/Local/UnrealEngine/Common/DerivedDataCache: Writable
[2015.10.09-00.33.13:491][  0]LogInit: Selected Device Profile: [Windows]
[2015.10.09-00.33.13:623][  0]LogContentStreaming: Texture pool size is 0.000000MB
[2015.10.09-00.33.16:011][  0]LogMeshUtilities: No automatic mesh reduction module available
[2015.10.09-00.33.16:011][  0]LogMeshUtilities: No automatic mesh merging module available
[2015.10.09-00.33.17:109][  0]LogMaterial: Missing cached shader map for material WorldGridMaterial, compiling. Is special engine material.
[2015.10.09-00.38.05:486][  0]LogFileManager:Warning: Error deleting file: F:/Year 3/Fall Semester/GDD II/Digital Game/DigitalHorrorGame/GDDHorrorGame/Intermediate/Shaders/tmp/805AF69641AEB740D2E24ABAD5680C54/3/WorkerOutputOnly.out (Error Code 0)
[2015.10.09-00.38.05:486][  0]LogFileManager:Warning: Error deleting file: F:/Year 3/Fall Semester/GDD II/Digital Game/DigitalHorrorGame/GDDHorrorGame/Intermediate/Shaders/tmp/805AF69641AEB740D2E24ABAD5680C54/3/WorkerOutputOnly.out (Error Code 0)
[2015.10.09-00.38.05:486][  0]LogFileManager:Warning: Error deleting file: F:/Year 3/Fall Semester/GDD II/Digital Game/DigitalHorrorGame/GDDHorrorGame/Intermediate/Shaders/tmp/805AF69641AEB740D2E24ABAD5680C54/3/WorkerOutputOnly.out (Error Code 0)
[2015.10.09-00.38.05:486][  0]LogMaterial: Missing cached shader map for material DefaultDeferredDecalMaterial, compiling. 
[2015.10.09-00.38.08:748][  0]LogMaterial: Missing cached shader map for material DefaultLightFunctionMaterial, compiling. 
[2015.10.09-00.38.10:846][  0]LogMaterial: Missing cached shader map for material DefaultPostProcessMaterial, compiling. 
[2015.10.09-00.38.14:468][  0]LogMaterial: Missing cached shader map for material SkySphereMaterial, compiling. 
[2015.10.09-00.38.14:632][  0]LogMaterial: Missing cached shader map for material FloorPlaneMaterial, compiling. 
[2015.10.09-00.38.14:979][  0]LogMaterial: Missing cached shader map for material LandscapeGizmo_Mat, compiling. 
[2015.10.09-00.38.15:029][  0]LogMaterial: Missing cached shader map for material LandscapeGizmoHeight_Mat, compiling. 
[2015.10.09-00.38.15:157][  0]LogMaterial: Missing cached shader map for material SplineEditorMeshMat, compiling. 
[2015.10.09-00.38.15:315][  0]LogMaterial: Missing cached shader map for material Widget3DPassThrough, compiling. 
[2015.10.09-00.38.15:347][  0]LogMaterial: Missing cached shader map for material Widget3DPassThrough, compiling. 
[2015.10.09-00.38.15:355][  0]LogMaterial: Missing cached shader map for material Widget3DPassThrough, compiling. 
[2015.10.09-00.38.15:370][  0]LogMaterial: Missing cached shader map for material Widget3DPassThrough, compiling. 
[2015.10.09-00.38.15:384][  0]LogMaterial: Missing cached shader map for material Widget3DPassThrough, compiling. 
[2015.10.09-00.38.15:401][  0]LogMaterial: Missing cached shader map for material Widget3DPassThrough, compiling. 
[2015.10.09-00.38.15:629][  0]LogMaterial: Missing cached shader map for material MatineeCam_mat, compiling. 
[2015.10.09-00.38.15:819][  0]LogMaterial: Missing cached shader map for material HelpActorMaterial, compiling. 
[2015.10.09-00.38.16:901][  0]LogMaterial: Missing cached shader map for material DefaultTextMaterialOpaque, compiling. 
[2015.10.09-00.38.17:563][  0]LogMaterial: Missing cached shader map for material DefaultMaterial, compiling. 
[2015.10.09-00.38.17:744][  0]LogInit: WinSock: version 1.1 (2.2), MaxSocks=32767, MaxUdp=65467
[2015.10.09-00.38.45:196][  0]LogMaterial: Missing cached shader map for material DefaultSpriteMaterial, compiling. 
[2015.10.09-00.38.45:203][  0]LogMaterial: Missing cached shader map for material DefaultSpriteMaterial, compiling. 
[2015.10.09-00.38.45:407][  0]UdpMessaging: Initializing bridge on interface 0.0.0.0:0 to multicast group 230.0.0.1:6666.
[2015.10.09-00.38.46:008][  0]LogAssetRegistry: FAssetRegistry took 0.0147 seconds to start up
[2015.10.09-00.38.49:102][  0]LogMaterial: Missing cached shader map for material BaseColor, compiling. 
[2015.10.09-00.38.49:121][  0]LogMaterial: Missing cached shader map for material CustomDepth, compiling. 
[2015.10.09-00.38.49:364][  0]LogMaterial: Missing cached shader map for material CustomStencil, compiling. 
[2015.10.09-00.38.49:371][  0]LogMaterial: Missing cached shader map for material DecalMask, compiling. 
[2015.10.09-00.38.49:376][  0]LogMaterial: Missing cached shader map for material FinalImage, compiling. 
[2015.10.09-00.38.49:415][  0]LogMaterial: Missing cached shader map for material LightingModel, compiling. 
[2015.10.09-00.38.49:421][  0]LogMaterial: Missing cached shader map for material MaterialAO, compiling. 
[2015.10.09-00.38.49:428][  0]LogMaterial: Missing cached shader map for material Metallic, compiling. 
[2015.10.09-00.38.49:441][  0]LogMaterial: Missing cached shader map for material Opacity, compiling. 
[2015.10.09-00.38.49:448][  0]LogMaterial: Missing cached shader map for material Roughness, compiling. 
[2015.10.09-00.38.49:458][  0]LogMaterial: Missing cached shader map for material SceneColor, compiling. 
[2015.10.09-00.38.49:464][  0]LogMaterial: Missing cached shader map for material SceneDepth, compiling. 
[2015.10.09-00.38.49:474][  0]LogMaterial: Missing cached shader map for material SeparateTranslucencyRGB, compiling. 
[2015.10.09-00.38.49:480][  0]LogMaterial: Missing cached shader map for material SeparateTranslucencyA, compiling. 
[2015.10.09-00.38.49:486][  0]LogMaterial: Missing cached shader map for material Specular, compiling. 
[2015.10.09-00.38.49:518][  0]LogMaterial: Missing cached shader map for material SubsurfaceColor, compiling. 
[2015.10.09-00.38.49:524][  0]LogMaterial: Missing cached shader map for material WorldNormal, compiling. 
[2015.10.09-00.38.49:624][  0]LogMaterial: Missing cached shader map for material AmbientOcclusion, compiling. 
[2015.10.09-00.38.49:709][  0]LogMaterial: Missing cached shader map for material CustomDepthWorldUnits, compiling. 
[2015.10.09-00.38.49:734][  0]LogMaterial: Missing cached shader map for material SceneDepthWorldUnits, compiling. 
[2015.10.09-00.38.51:628][  0]SourceControl: Info Source control is disabled
[2015.10.09-00.38.51:709][  0]SourceControl: Info Source control is disabled
[2015.10.09-00.38.52:013][  0]SourceControl: Info Source control is disabled
[2015.10.09-00.38.52:248][  0]SourceControl: Info Source control is disabled
[2015.10.09-00.38.58:906][  0]LogMaterial: Missing cached shader map for material LM_HandColor, compiling. 
[2015.10.09-00.38.58:913][  0]LogLinker:Warning: Asset '../../../Engine/Plugins/Runtime/LeapMotionController/Content/LM_PassthroughMaterial.uasset' has been saved with empty engine version. The asset will be loaded but may be incompatible.
[2015.10.09-00.38.58:972][  0]LogMaterial: Missing cached shader map for material LM_PassthroughMaterial, compiling. 
[2015.10.09-00.39.00:678][  0]LogObj: 28361 objects as part of root set at end of initial load.
[2015.10.09-00.39.00:678][  0]LogUObjectAllocator: 6038872 out of 0 bytes used by permanent object pool.
[2015.10.09-00.39.01:564][  0]LogMaterial: Missing cached shader map for material HighResScreenshot, compiling. 
[2015.10.09-00.39.01:572][  0]LogMaterial: Missing cached shader map for material HighResScreenshotMask, compiling. 
[2015.10.09-00.39.01:582][  0]LogMaterial: Missing cached shader map for material HighResScreenshotCaptureRegion, compiling. 
[2015.10.09-00.39.02:117][  0]LogEngine: Initializing Engine...
[2015.10.09-00.39.02:480][  0]LogHMD: Can't find Oculus library dev build: is proper Runtime installed? Version: 0.7.0.0
[2015.10.09-00.39.02:796][  0]LogHMD: SteamVR failed to initialize.  Err: 108
[2015.10.09-00.39.02:803][  0]LogMaterial: Missing cached shader map for material WireframeMaterial, compiling. Is special engine material.
[2015.10.09-00.39.02:859][  0]LogMaterial: Missing cached shader map for material LevelColorationLitMaterial, compiling. Is special engine material.
[2015.10.09-00.39.03:001][  0]LogMaterial: Missing cached shader map for material LevelColorationUnlitMaterial, compiling. Is special engine material.
[2015.10.09-00.39.03:053][  0]LogMaterial: Missing cached shader map for material MAT_LevelColorationLitLightmapUV, compiling. Is special engine material.
[2015.10.09-00.39.03:192][  0]LogMaterial: Missing cached shader map for material ShadedLevelColorationLitMaterial, compiling. Is special engine material.
[2015.10.09-00.39.03:331][  0]LogMaterial: Missing cached shader map for material ShadedLevelColorationUnlitMateri, compiling. Is special engine material.
[2015.10.09-00.39.03:377][  0]LogMaterial: Missing cached shader map for material VertexColorMaterial, compiling. 
[2015.10.09-00.39.03:392][  0]LogMaterial: Missing cached shader map for material VertexColorViewMode_ColorOnly, compiling. 
[2015.10.09-00.39.03:398][  0]LogMaterial: Missing cached shader map for material VertexColorViewMode_AlphaAsColor, compiling. 
[2015.10.09-00.39.03:407][  0]LogMaterial: Missing cached shader map for material VertexColorViewMode_RedOnly, compiling. 
[2015.10.09-00.39.03:413][  0]LogMaterial: Missing cached shader map for material VertexColorViewMode_GreenOnly, compiling. 
[2015.10.09-00.39.03:441][  0]LogMaterial: Missing cached shader map for material VertexColorViewMode_BlueOnly, compiling. 
[2015.10.09-00.39.03:447][  0]LogMaterial: Missing cached shader map for material RemoveSurfaceMaterial, compiling. 
[2015.10.09-00.39.03:452][  0]LogMaterial: Missing cached shader map for material DebugMeshMaterial, compiling. 
[2015.10.09-00.39.03:460][  0]LogMaterial: Missing cached shader map for material M_InvalidLightmapSettings, compiling. 
[2015.10.09-00.39.03:468][  0]LogMaterial: Missing cached shader map for material GizmoMaterial, compiling. 
[2015.10.09-00.39.03:475][  0]LogMaterial: Missing cached shader map for material GeomMaterial, compiling. 
[2015.10.09-00.39.03:481][  0]LogMaterial: Missing cached shader map for material EditorBrushMaterial, compiling. 
[2015.10.09-00.39.03:491][  0]LogMaterial: Missing cached shader map for material BoneWeightMaterial, compiling. 
[2015.10.09-00.39.03:514][  0]LogMaterial: Missing cached shader map for material PreviewShadowIndicatorMaterial, compiling. 
[2015.10.09-00.39.03:522][  0]LogMaterial: Missing cached shader map for material PhAT_JointLimitMaterial, compiling. 
[2015.10.09-00.39.06:253][  0]LogAIModule: Creating AISystem for world NewWorld
[2015.10.09-00.39.06:494][  0]LogInit: XAudio2 using 'Speakers (Realtek High Definition Audio)' : 2 channels at 48 kHz using 32 bits per sample (channel mask 0x3)
[2015.10.09-00.39.06:553][  0]LogInit: FAudioDevice initialized.
[2015.10.09-00.39.06:579][  0]LogDerivedDataCache: Saved boot cache 0.03s 44MB C:/Users/Dakota/AppData/Local/UnrealEngine/4.9/DerivedDataCache/Boot.ddc.
[2015.10.09-00.39.06:660][  0]LogInit: Texture streaming: Enabled
[2015.10.09-00.39.06:711][  0]LogAnalytics: Creating configured Analytics provider AnalyticsET
[2015.10.09-00.39.06:730][  0]LogAnalytics: [UEEditor.Rocket.Release] APIServer = http://et2.epicgames.com/ET2/. AppVersion = 4.9.2-2707645+++depot+UE4-Releases+4.9
[2015.10.09-00.39.06:730][  0]LogAnalytics: [UEEditor.Rocket.Release] SetUserId 48493d424e48dbcbf0e59eb187b6b728|94ef35f5a50f483a91bb39f0bb183548|a8327c41-ff0b-4e56-953c-81f746c67fc9
[2015.10.09-00.39.06:730][  0]LogAnalytics: [UEEditor.Rocket.Release] AnalyticsET::StartSession
[2015.10.09-00.39.07:167][  0]LogInit: Transaction tracking system initialized
[2015.10.09-00.39.39:271][  0]BlueprintLog: New page: Editor Load
[2015.10.09-00.39.59:525][  0]LocalizationService: Info Localization service is disabled
[2015.10.09-00.40.02:881][  0]LogConsoleResponse:Display: 
[2015.10.09-00.40.03:441][  0]LogMaterial: Missing cached shader map for material Cross_Mat, compiling. 
[2015.10.09-00.40.03:451][  0]LogMaterial: Missing cached shader map for material PhAT_BoneSelectedMaterial, compiling. 
[2015.10.09-00.40.03:462][  0]LogMaterial: Missing cached shader map for material PhAT_ElemSelectedMaterial, compiling. 
[2015.10.09-00.40.03:473][  0]LogMaterial: Missing cached shader map for material PhAT_NoCollisionMaterial, compiling. 
[2015.10.09-00.40.03:480][  0]LogMaterial: Missing cached shader map for material PhAT_UnselectedMaterial, compiling. 
[2015.10.09-00.40.03:537][  0]LogMaterial: Missing cached shader map for material Tick_Mat, compiling. 
[2015.10.09-00.40.03:599][  0]LogMaterial: Missing cached shader map for material WidgetGridVertexColorMaterial_Ma, compiling. 
[2015.10.09-00.40.03:609][  0]LogMaterial: Missing cached shader map for material WidgetMaterial, compiling. 
[2015.10.09-00.40.03:618][  0]LogMaterial: Missing cached shader map for material WidgetMaterial_Current, compiling. 
[2015.10.09-00.40.03:626][  0]LogMaterial: Missing cached shader map for material WidgetMaterial_X, compiling. 
[2015.10.09-00.40.03:636][  0]LogMaterial: Missing cached shader map for material WidgetMaterial_Y, compiling. 
[2015.10.09-00.40.03:646][  0]LogMaterial: Missing cached shader map for material WidgetMaterial_Z, compiling. 
[2015.10.09-00.40.03:655][  0]LogMaterial: Missing cached shader map for material WidgetVertexColorMaterial, compiling. 
[2015.10.09-00.40.03:767][  0]LogMaterial: Missing cached shader map for material LevelGridMaterial, compiling. 
[2015.10.09-00.40.04:088][  0]LogMaterial: Missing cached shader map for material BlinkingCaret, compiling. 
[2015.10.09-00.40.04:360][  0]LogMaterial: Missing cached shader map for material M_StreamingPause, compiling. 
[2015.10.09-00.40.06:570][  0]LogCook:Display: Done creating registry. It took  0.00s.
[2015.10.09-00.40.11:776][  0]LogFileCache: Scanning file cache for directory 'F:/Year 3/Fall Semester/GDD II/Digital Game/DigitalHorrorGame/GDDHorrorGame/Content/' took 2.20s
[2015.10.09-00.40.14:957][  0]SourceControl: Info Source control is disabled
[2015.10.09-00.40.14:993][  0]Cmd: MAP LOAD FILE="F:/Year 3/Fall Semester/GDD II/Digital Game/DigitalHorrorGame/GDDHorrorGame/Content/ThirdPersonBP/Maps/ThirdPersonExampleMap.umap" TEMPLATE=0 SHOWPROGRESS=1 FEATURELEVEL=3
[2015.10.09-00.40.16:304][  0]LightingResults: New page: Lighting Build
[2015.10.09-00.40.16:436][  0]MapCheck: New page: Map Check
[2015.10.09-00.40.16:436][  0]LightingResults: New page: Lighting Build
[2015.10.09-00.40.16:727][  0]LogParticles: Destroying 0 GPU particle simulations for FXSystem 0x00000000380E09A0
[2015.10.09-00.40.17:224][  0]LogLinker:Warning: Asset 'F:/Year 3/Fall Semester/GDD II/Digital Game/DigitalHorrorGame/GDDHorrorGame/Content/Mannequin/Animations/ThirdPerson_AnimBP.uasset' has been saved with empty engine version. The asset will be loaded but may be incompatible.
[2015.10.09-00.40.17:230][  0]LogLinker:Warning: Asset 'F:/Year 3/Fall Semester/GDD II/Digital Game/DigitalHorrorGame/GDDHorrorGame/Content/Mannequin/Animations/ThirdPerson_Jump.uasset' has been saved with empty engine version. The asset will be loaded but may be incompatible.
[2015.10.09-00.40.17:273][  0]LogLinker:Warning: Asset 'F:/Year 3/Fall Semester/GDD II/Digital Game/DigitalHorrorGame/GDDHorrorGame/Content/Mannequin/Animations/ThirdPersonJump_Loop.uasset' has been saved with empty engine version. The asset will be loaded but may be incompatible.
[2015.10.09-00.40.17:287][  0]LogLinker:Warning: Asset 'F:/Year 3/Fall Semester/GDD II/Digital Game/DigitalHorrorGame/GDDHorrorGame/Content/Mannequin/Animations/ThirdPersonJump_Start.uasset' has been saved with empty engine version. The asset will be loaded but may be incompatible.
[2015.10.09-00.40.17:294][  0]LogLinker:Warning: Asset 'F:/Year 3/Fall Semester/GDD II/Digital Game/DigitalHorrorGame/GDDHorrorGame/Content/Mannequin/Animations/ThirdPerson_IdleRun_2D.uasset' has been saved with empty engine version. The asset will be loaded but may be incompatible.
[2015.10.09-00.40.17:299][  0]LogLinker:Warning: Asset 'F:/Year 3/Fall Semester/GDD II/Digital Game/DigitalHorrorGame/GDDHorrorGame/Content/Mannequin/Animations/ThirdPersonIdle.uasset' has been saved with empty engine version. The asset will be loaded but may be incompatible.
[2015.10.09-00.40.17:307][  0]LogLinker:Warning: Asset 'F:/Year 3/Fall Semester/GDD II/Digital Game/DigitalHorrorGame/GDDHorrorGame/Content/Mannequin/Animations/ThirdPersonRun.uasset' has been saved with empty engine version. The asset will be loaded but may be incompatible.
[2015.10.09-00.40.17:396][  0]LogLinker:Warning: Asset 'F:/Year 3/Fall Semester/GDD II/Digital Game/DigitalHorrorGame/GDDHorrorGame/Content/Mannequin/Animations/ThirdPersonWalk.uasset' has been saved with empty engine version. The asset will be loaded but may be incompatible.
[2015.10.09-00.40.22:560][  0]LogMaterial: Missing cached shader map for material White, compiling. 
[2015.10.09-00.40.22:868][  0]LogMaterial: Missing cached shader map for material M_UE4Man_Body, compiling. 
[2015.10.09-00.40.23:092][  0]LogMaterial: Missing cached shader map for material M_UE4Man_Body, compiling. 
[2015.10.09-00.40.23:340][  0]LogMaterial: Missing cached shader map for material M_Sky_Panning_Clouds2, compiling. 
[2015.10.09-00.40.23:417][  0]LogTexture:Display: Building textures: HQ_Lightmap0_1 (AutoDXT)
[2015.10.09-00.40.23:784][  0]LogTexture:Display: Building textures: HQ_Lightmap0_2 (AutoDXT)
[2015.10.09-00.40.23:884][  0]LogTexture:Display: Building textures: HQ_Lightmap0_3 (AutoDXT)
[2015.10.09-00.40.23:893][  0]LogTexture:Display: Building textures: HQ_Lightmap0_4 (AutoDXT)
[2015.10.09-00.40.23:901][  0]LogTexture:Display: Building textures: HQ_Lightmap0_5 (AutoDXT)
[2015.10.09-00.40.23:906][  0]LogTexture:Display: Building textures: HQ_Lightmap1_6 (AutoDXT)
[2015.10.09-00.40.23:921][  0]LogTexture:Display: Building textures: LQ_Lightmap_1_1 (DXT1)
[2015.10.09-00.40.24:068][  0]LogTexture:Display: Building textures: LQ_Lightmap_1_2 (DXT1)
[2015.10.09-00.40.24:115][  0]LogTexture:Display: Building textures: LQ_Lightmap_1_3 (DXT1)
[2015.10.09-00.40.24:119][  0]LogTexture:Display: Building textures: LQ_Lightmap_1_4 (DXT1)
[2015.10.09-00.40.24:123][  0]LogTexture:Display: Building textures: LQ_Lightmap_1_5 (DXT1)
[2015.10.09-00.40.24:130][  0]LogTexture:Display: Building textures: LQ_Lightmap_1_6 (DXT1)
[2015.10.09-00.40.24:146][  0]LogTexture:Display: Building textures: SkyOcclusion1_1 (AutoDXT)
[2015.10.09-00.40.24:363][  0]LogTexture:Display: Building textures: SkyOcclusion1_2 (AutoDXT)
[2015.10.09-00.40.24:407][  0]LogTexture:Display: Building textures: SkyOcclusion1_3 (AutoDXT)
[2015.10.09-00.40.24:412][  0]LogTexture:Display: Building textures: SkyOcclusion1_4 (AutoDXT)
[2015.10.09-00.40.24:418][  0]LogTexture:Display: Building textures: SkyOcclusion1_5 (AutoDXT)
[2015.10.09-00.40.24:423][  0]LogTexture:Display: Building textures: SkyOcclusion1_6 (AutoDXT)
[2015.10.09-00.40.24:429][  0]LogTexture:Display: Building textures: ShadowMapTexture2D_11 (G8)
[2015.10.09-00.40.24:460][  0]LogTexture:Display: Building textures: ShadowMapTexture2D_12 (G8)
[2015.10.09-00.40.24:467][  0]LogTexture:Display: Building textures: ShadowMapTexture2D_13 (G8)
[2015.10.09-00.40.24:468][  0]LogTexture:Display: Building textures: ShadowMapTexture2D_14 (G8)
[2015.10.09-00.40.24:470][  0]LogTexture:Display: Building textures: ShadowMapTexture2D_15 (G8)
[2015.10.09-00.40.24:471][  0]LogTexture:Display: Building textures: ShadowMapTexture2D_16 (G8)
[2015.10.09-00.40.24:528][  0]LogStaticMesh: Building static mesh LE_Poliform_Sideboard_Pandora...
[2015.10.09-00.43.29:807][  0]LogStaticMesh: Built static mesh [185.275467.2s] /Game/ThirdPersonBP/Custom_Props/LE_Poliform_Sideboard_Pandora.LE_Poliform_Sideboard_Pandora
[2015.10.09-00.43.32:219][  0]LogMaterial: Missing cached shader map for material M_Door, compiling. 
[2015.10.09-00.43.32:261][  0]LogMaterial: Missing cached shader map for material strunk, compiling. 
[2015.10.09-00.43.32:268][  0]LogMaterial: Missing cached shader map for material Painting, compiling. 
[2015.10.09-00.43.32:275][  0]LogMaterial: Missing cached shader map for material Orange, compiling. 
[2015.10.09-00.43.32:282][  0]LogMaterial: Missing cached shader map for material LE_Vase_Habitat_Scratch_001, compiling. 
[2015.10.09-00.43.32:289][  0]LogMaterial: Missing cached shader map for material Head, compiling. 
[2015.10.09-00.43.32:296][  0]LogMaterial: Missing cached shader map for material Candle_Light_Holder_White, compiling. 
[2015.10.09-00.43.32:303][  0]LogMaterial: Missing cached shader map for material Candle_Light_Holder_Black, compiling. 
[2015.10.09-00.43.32:310][  0]LogMaterial: Missing cached shader map for material Brown, compiling. 
[2015.10.09-00.43.32:317][  0]LogMaterial: Missing cached shader map for material Bronze_, compiling. 
[2015.10.09-00.43.32:329][  0]LogMaterial: Missing cached shader map for material M_Glass, compiling. 
[2015.10.09-00.43.33:356][  0]LogMaterial: Missing cached shader map for material Bowl, compiling. 
[2015.10.09-00.43.33:383][  0]LogMaterial: Missing cached shader map for material RampMaterial, compiling. 
[2015.10.09-00.43.33:413][  0]LogMaterial: Missing cached shader map for material CubeMaterial, compiling. 
[2015.10.09-00.43.33:438][  0]LogMaterial: Missing cached shader map for material fruit, compiling. 
[2015.10.09-00.43.33:519][  0]LogMaterial: Missing cached shader map for material M_Tech_Hex_Tile_Pulse, compiling. 
[2015.10.09-00.43.33:529][  0]LogMaterial: Missing cached shader map for material AntiAliasedTextMaterialTranslucent, compiling. 
[2015.10.09-00.43.33:547][  0]LogAIModule: Creating AISystem for world ThirdPersonExampleMap
[2015.10.09-00.43.34:697][  0]LogEditorServer: Finished looking for orphan Actors (0.000 secs)
[2015.10.09-00.43.34:768][  0]Cmd: MAP CHECKDEP NOCLEARLOG
[2015.10.09-00.43.37:539][  0]MapCheck: Info Map check complete: 0 Error(s), 0 Warning(s), took 2,771.483ms to complete.
[2015.10.09-00.43.37:540][  0]LogFileHelpers: Loading map 'ThirdPersonExampleMap' took 202.559
[2015.10.09-00.43.39:351][  0]LogCollectionManager: Loaded 0 collections in 0.006953 seconds
[2015.10.09-00.43.41:346][  0]LogFileCache: Scanning file cache for directory 'F:/Year 3/Fall Semester/GDD II/Digital Game/DigitalHorrorGame/GDDHorrorGame/Saved/Collections/' took 0.07s
[2015.10.09-00.43.41:346][  0]LogFileCache: Scanning file cache for directory 'F:/Year 3/Fall Semester/GDD II/Digital Game/DigitalHorrorGame/GDDHorrorGame/Content/Developers/Dakota/Collections/' took 0.01s
[2015.10.09-00.43.41:346][  0]LogFileCache: Scanning file cache for directory 'F:/Year 3/Fall Semester/GDD II/Digital Game/DigitalHorrorGame/GDDHorrorGame/Content/Collections/' took 0.06s
[2015.10.09-00.43.41:346][  0]LogContentBrowser: Native class hierarchy populated in 1.7551 seconds. Added 1867 classes and 333 folders.
[2015.10.09-00.43.41:524][  0]LogCollectionManager: Rebuilt the GUID cache for 0 collections in 0.000002 seconds
[2015.10.09-00.43.47:891][  0]LogContentBrowser: Native class hierarchy updated for 'WidgetCarousel' in 0.0132 seconds. Added 0 classes and 0 folders.
[2015.10.09-00.43.52:623][  0]LogContentBrowser: Native class hierarchy updated for 'AddContentDialog' in 1.2745 seconds. Added 0 classes and 0 folders.
[2015.10.09-00.43.52:813][  0]LogContentBrowser: Native class hierarchy updated for 'SceneOutliner' in 0.0885 seconds. Added 1 classes and 2 folders.
[2015.10.09-00.43.53:736][  0]LogCrashTracker: Crashtracker disabled due to settings.
[2015.10.09-00.43.53:894][  0]LogUObjectGlobals:Warning: Failed to find object 'Class None.'
[2015.10.09-00.43.53:972][  0]LogLoad: Full Startup: 687.90 seconds (BP compile: 1.01 seconds)
[2015.10.09-00.43.54:794][  0]LogContentStreaming: Texture pool size now 1000 MB
[2015.10.09-00.43.55:091][  0]LogMaterial: Missing cached shader map for material LevelGridMaterial2, compiling. 
[2015.10.09-00.43.55:400][  0]LogRenderer: Reallocating scene render targets to support 1200x592 (Frame:2).
[2015.10.09-00.44.02:548][  6]LogAssetRegistry: Asset discovery search completed in 316.5465 seconds
[2015.10.09-00.44.02:548][  6]LogCollectionManager: Rebuilt the object cache for 0 collections in 0.000001 seconds (found 0 objects)
[2015.10.09-00.44.02:548][  6]LogCollectionManager: Fixed up redirectors for 0 collections in 0.000023 seconds (updated 0 objects)
[2015.10.09-00.44.58:284][796]LogBlueprintUserMessages: Early PlayInEditor Detection: Level '/Game/ThirdPersonBP/Maps/ThirdPersonExampleMap.ThirdPersonExampleMap:PersistentLevel' has LevelScriptBlueprint '/Game/ThirdPersonBP/Maps/ThirdPersonExampleMap.ThirdPersonExampleMap:PersistentLevel.ThirdPersonExampleMap' with GeneratedClass '/Game/ThirdPersonBP/Maps/ThirdPersonExampleMap.ThirdPersonExampleMap_C' with ClassGeneratedBy '/Game/ThirdPersonBP/Maps/ThirdPersonExampleMap.ThirdPersonExampleMap:PersistentLevel.ThirdPersonExampleMap'
[2015.10.09-00.44.58:284][796]LogPlayLevel: PlayLevel: No blueprints needed recompiling
[2015.10.09-00.44.58:297][796]PIE: New page: PIE session: ThirdPersonExampleMap (Oct 8, 2015, 4:44:58 PM)
[2015.10.09-00.44.58:298][796]LogPlayLevel: Creating play world package: /Game/ThirdPersonBP/Maps/UEDPIE_0_ThirdPersonExampleMap
[2015.10.09-00.44.59:099][796]LogPlayLevel: PIE: StaticDuplicateObject took: (0.801830s)
[2015.10.09-00.44.59:101][796]LogAIModule: Creating AISystem for world ThirdPersonExampleMap
[2015.10.09-00.44.59:101][796]LogPlayLevel: PIE: World Init took: (0.001309s)
[2015.10.09-00.44.59:101][796]LogPlayLevel: PIE: Created PIE world by copying editor world from /Game/ThirdPersonBP/Maps/ThirdPersonExampleMap.ThirdPersonExampleMap to /Game/ThirdPersonBP/Maps/UEDPIE_0_ThirdPersonExampleMap.ThirdPersonExampleMap (0.803381s)
[2015.10.09-00.44.59:196][796]LogInit: XAudio2 using 'Speakers (Realtek High Definition Audio)' : 2 channels at 48 kHz using 32 bits per sample (channel mask 0x3)
[2015.10.09-00.44.59:208][796]LogInit: FAudioDevice initialized.
[2015.10.09-00.44.59:392][796]LogWorld: Game class is 'ThirdPersonGameMode_C'
[2015.10.09-00.44.59:599][796]LogWorld: Bringing World /Game/ThirdPersonBP/Maps/UEDPIE_0_ThirdPersonExampleMap.ThirdPersonExampleMap up for play (max tick rate 0) at 2015.10.08-20.44.59
[2015.10.09-00.44.59:599][796]LogActor:Warning: GameSession /Game/ThirdPersonBP/Maps/UEDPIE_0_ThirdPersonExampleMap.ThirdPersonExampleMap:PersistentLevel.GameSession_0 has natively added scene component(s), but none of them were set as the actor's RootComponent - picking one arbitrarily
[2015.10.09-00.44.59:602][796]LogActor:Warning: GameNetworkManager /Game/ThirdPersonBP/Maps/UEDPIE_0_ThirdPersonExampleMap.ThirdPersonExampleMap:PersistentLevel.GameNetworkManager_0 has natively added scene component(s), but none of them were set as the actor's RootComponent - picking one arbitrarily
[2015.10.09-00.44.59:626][796]LogWorld: Bringing up level for play took: 0.119120
[2015.10.09-00.44.59:722][796]PIE: Info Play in editor start time for /Game/ThirdPersonBP/Maps/UEDPIE_0_ThirdPersonExampleMap 1.521
[2015.10.09-00.44.59:723][796]LogBlueprintUserMessages: Late PlayInEditor Detection: Level '/Game/ThirdPersonBP/Maps/ThirdPersonExampleMap.ThirdPersonExampleMap:PersistentLevel' has LevelScriptBlueprint '/Game/ThirdPersonBP/Maps/ThirdPersonExampleMap.ThirdPersonExampleMap:PersistentLevel.ThirdPersonExampleMap' with GeneratedClass '/Game/ThirdPersonBP/Maps/ThirdPersonExampleMap.ThirdPersonExampleMap_C' with ClassGeneratedBy '/Game/ThirdPersonBP/Maps/ThirdPersonExampleMap.ThirdPersonExampleMap:PersistentLevel.ThirdPersonExampleMap'
[2015.10.09-00.45.42:734][751]LogBlueprintUserMessages: Early EndPlayMap Detection: Level '/Game/ThirdPersonBP/Maps/ThirdPersonExampleMap.ThirdPersonExampleMap:PersistentLevel' has LevelScriptBlueprint '/Game/ThirdPersonBP/Maps/ThirdPersonExampleMap.ThirdPersonExampleMap:PersistentLevel.ThirdPersonExampleMap' with GeneratedClass '/Game/ThirdPersonBP/Maps/ThirdPersonExampleMap.ThirdPersonExampleMap_C' with ClassGeneratedBy '/Game/ThirdPersonBP/Maps/ThirdPersonExampleMap.ThirdPersonExampleMap:PersistentLevel.ThirdPersonExampleMap'
[2015.10.09-00.45.42:823][751]LogBlueprintUserMessages: Late EndPlayMap Detection: Level '/Game/ThirdPersonBP/Maps/ThirdPersonExampleMap.ThirdPersonExampleMap:PersistentLevel' has LevelScriptBlueprint '/Game/ThirdPersonBP/Maps/ThirdPersonExampleMap.ThirdPersonExampleMap:PersistentLevel.ThirdPersonExampleMap' with GeneratedClass '/Game/ThirdPersonBP/Maps/ThirdPersonExampleMap.ThirdPersonExampleMap_C' with ClassGeneratedBy '/Game/ThirdPersonBP/Maps/ThirdPersonExampleMap.ThirdPersonExampleMap:PersistentLevel.ThirdPersonExampleMap'
[2015.10.09-00.45.42:856][751]LogParticles: Destroying 0 GPU particle simulations for FXSystem 0x000000004EC31440
[2015.10.09-00.45.52:703][895]LogEditorViewport: Clicking on Actor (LMB): StaticMeshActor (CubeMesh)
[2015.10.09-00.47.51:145][674]LogEditorViewport: Clicking on Actor (LMB): StaticMeshActor (CubeMesh)
[2015.10.09-00.47.53:605][925]Cmd: DUPLICATE
[2015.10.09-00.47.53:605][925]Cmd: ACTOR DUPLICATE
[2015.10.09-00.48.04:501][486]LogSavePackage: Save=2977.336182ms
[2015.10.09-00.48.04:503][486]LogSavePackage: Moving 'F:/Year 3/Fall Semester/GDD II/Digital Game/DigitalHorrorGame/GDDHorrorGame/Saved/ThirdPersonExampleMap6775C4414A795A1598FD979DF5377576.tmp' to 'F:/Year 3/Fall Semester/GDD II/Digital Game/DigitalHorrorGame/GDDHorrorGame/Content/ThirdPersonBP/Maps/ThirdPersonExampleMap.umap'
[2015.10.09-00.48.04:562][486]LogSavePackage: Total save time: 5624.851156ms
[2015.10.09-00.48.04:562][486]LogSavePackage:Warning: Finished SavePackage F:/Year 3/Fall Semester/GDD II/Digital Game/DigitalHorrorGame/GDDHorrorGame/Content/ThirdPersonBP/Maps/ThirdPersonExampleMap.umap
[2015.10.09-00.49.05:817][188]SourceControl: Info On branch Development
[2015.10.09-00.49.05:817][188]SourceControl: Info Changes not staged for commit:
[2015.10.09-00.49.05:817][188]SourceControl: Info   (use "git add <file>..." to update what will be committed)
[2015.10.09-00.49.05:817][188]SourceControl: Info   (use "git checkout -- <file>..." to discard changes in working directory)
[2015.10.09-00.49.05:817][188]SourceControl: Info 	modified:   GDDHorrorGame/Content/ThirdPersonBP/Maps/ThirdPersonExampleMap.umap
[2015.10.09-00.49.05:817][188]SourceControl: Info 	modified:   GDDHorrorGame/Intermediate/CachedAssetRegistry.bin
[2015.10.09-00.49.05:817][188]SourceControl: Info 	modified:   GDDHorrorGame/Intermediate/Config/CoalescedSourceConfigs/Engine.ini
[2015.10.09-00.49.05:817][188]SourceControl: Info 	modified:   GDDHorrorGame/Intermediate/Config/CoalescedSourceConfigs/Game.ini
[2015.10.09-00.49.05:817][188]SourceControl: Info 	modified:   GDDHorrorGame/Saved/Autosaves/PackageRestoreData.json
[2015.10.09-00.49.05:817][188]SourceControl: Info 	modified:   GDDHorrorGame/Saved/Config/Windows/Editor.ini
[2015.10.09-00.49.05:817][188]SourceControl: Info 	modified:   GDDHorrorGame/Saved/Config/Windows/EditorPerProjectUserSettings.ini
[2015.10.09-00.49.05:817][188]SourceControl: Info 	modified:   GDDHorrorGame/Saved/Config/Windows/Engine.ini
[2015.10.09-00.49.05:817][188]SourceControl: Info 	modified:   GDDHorrorGame/Saved/Config/WorldState/3393405467.json
[2015.10.09-00.49.05:817][188]SourceControl: Info 	modified:   GDDHorrorGame/Saved/Logs/GDDHorrorGame.log
[2015.10.09-00.49.05:817][188]SourceControl: Info Untracked files:
[2015.10.09-00.49.05:817][188]SourceControl: Info   (use "git add <file>..." to include in what will be committed)
[2015.10.09-00.49.05:817][188]SourceControl: Info 	GDDHorrorGame/Saved/Backup/ThirdPersonExampleMap_2015-10-08-20-47-58.umap
[2015.10.09-00.49.05:817][188]SourceControl: Info 	GDDHorrorGame/Saved/Logs/GDDHorrorGame-backup-2015.10.08-20.32.39.log
[2015.10.09-00.49.05:817][188]SourceControl: Info no changes added to commit (use "git add" and/or "git commit -a")
[2015.10.09-00.49.36:421][354]SourceControl: Info On branch Development
[2015.10.09-00.49.36:421][354]SourceControl: Info Changes not staged for commit:
[2015.10.09-00.49.36:421][354]SourceControl: Info   (use "git add <file>..." to update what will be committed)
[2015.10.09-00.49.36:421][354]SourceControl: Info   (use "git checkout -- <file>..." to discard changes in working directory)
[2015.10.09-00.49.36:421][354]SourceControl: Info 	modified:   GDDHorrorGame/Content/ThirdPersonBP/Maps/ThirdPersonExampleMap.umap
[2015.10.09-00.49.36:421][354]SourceControl: Info 	modified:   GDDHorrorGame/Intermediate/CachedAssetRegistry.bin
[2015.10.09-00.49.36:422][354]SourceControl: Info 	modified:   GDDHorrorGame/Intermediate/Config/CoalescedSourceConfigs/Engine.ini
[2015.10.09-00.49.36:422][354]SourceControl: Info 	modified:   GDDHorrorGame/Intermediate/Config/CoalescedSourceConfigs/Game.ini
[2015.10.09-00.49.36:422][354]SourceControl: Info 	modified:   GDDHorrorGame/Saved/Autosaves/PackageRestoreData.json
[2015.10.09-00.49.36:422][354]SourceControl: Info 	modified:   GDDHorrorGame/Saved/Config/Windows/Editor.ini
[2015.10.09-00.49.36:422][354]SourceControl: Info 	modified:   GDDHorrorGame/Saved/Config/Windows/EditorPerProjectUserSettings.ini
[2015.10.09-00.49.36:422][354]SourceControl: Info 	modified:   GDDHorrorGame/Saved/Config/Windows/Engine.ini
[2015.10.09-00.49.36:422][354]SourceControl: Info 	modified:   GDDHorrorGame/Saved/Config/WorldState/3393405467.json
[2015.10.09-00.49.36:422][354]SourceControl: Info 	modified:   GDDHorrorGame/Saved/Logs/GDDHorrorGame.log
[2015.10.09-00.49.36:422][354]SourceControl: Info Untracked files:
[2015.10.09-00.49.36:422][354]SourceControl: Info   (use "git add <file>..." to include in what will be committed)
[2015.10.09-00.49.36:422][354]SourceControl: Info 	GDDHorrorGame/Saved/Backup/ThirdPersonExampleMap_2015-10-08-20-47-58.umap
[2015.10.09-00.49.36:422][354]SourceControl: Info 	GDDHorrorGame/Saved/Logs/GDDHorrorGame-backup-2015.10.08-20.32.39.log
[2015.10.09-00.49.36:422][354]SourceControl: Info no changes added to commit (use "git add" and/or "git commit -a")
[2015.10.09-00.51.06:101][231]SourceControl: Info fatal: C:/Program Files/Epic Games/4.9/Engine/Content/ArtTools/RenderToTexture/Blueprints/PhysMesh.uasset: 'C:/Program Files/Epic Games/4.9/Engine/Content/ArtTools/RenderToTexture/Blueprints/PhysMesh.uasset' is outside repository
[2015.10.09-00.51.06:101][231]SourceControl: Info fatal: C:/Program Files/Epic Games/4.9/Engine/Content/ArtTools/RenderToTexture/Enums/EFloatTypes.uasset: 'C:/Program Files/Epic Games/4.9/Engine/Content/ArtTools/RenderToTexture/Enums/EFloatTypes.uasset' is outside repository
[2015.10.09-00.51.06:101][231]SourceControl: Info fatal: C:/Program Files/Epic Games/4.9/Engine/Content/ArtTools/RenderToTexture/Macros/RenderToTextureMacros.uasset: 'C:/Program Files/Epic Games/4.9/Engine/Content/ArtTools/RenderToTexture/Macros/RenderToTextureMacros.uasset' is outside repository
[2015.10.09-00.51.06:101][231]SourceControl: Info fatal: C:/Program Files/Epic Games/4.9/Engine/Content/ArtTools/RenderToTexture/MaterialFunctions/BoundingSphereBased_0-1_UVW.uasset: 'C:/Program Files/Epic Games/4.9/Engine/Content/ArtTools/RenderToTexture/MaterialFunctions/BoundingSphereBased_0-1_UVW.uasset' is outside repository
[2015.10.09-00.51.06:101][231]SourceControl: Info fatal: C:/Program Files/Epic Games/4.9/Engine/Content/ArtTools/RenderToTexture/Materials/MPC_R2T.uasset: 'C:/Program Files/Epic Games/4.9/Engine/Content/ArtTools/RenderToTexture/Materials/MPC_R2T.uasset' is outside repository
[2015.10.09-00.51.06:101][231]SourceControl: Info fatal: C:/Program Files/Epic Games/4.9/Engine/Content/ArtTools/RenderToTexture/Materials/Debug/M_2sidedLit.uasset: 'C:/Program Files/Epic Games/4.9/Engine/Content/ArtTools/RenderToTexture/Materials/Debug/M_2sidedLit.uasset' is outside repository
[2015.10.09-00.51.06:101][231]SourceControl: Info fatal: C:/Program Files/Epic Games/4.9/Engine/Content/ArtTools/RenderToTexture/Materials/Flipbooks/M_FlipBookCounter_01.uasset: 'C:/Program Files/Epic Games/4.9/Engine/Content/ArtTools/RenderToTexture/Materials/Flipbooks/M_FlipBookCounter_01.uasset' is outside repository
[2015.10.09-00.51.06:102][231]SourceControl: Info fatal: C:/Program Files/Epic Games/4.9/Engine/Content/ArtTools/RenderToTexture/Materials/Imposters/M_ImposterTest_01.uasset: 'C:/Program Files/Epic Games/4.9/Engine/Content/ArtTools/RenderToTexture/Materials/Imposters/M_ImposterTest_01.uasset' is outside repository
[2015.10.09-00.51.06:102][231]SourceControl: Info fatal: C:/Program Files/Epic Games/4.9/Engine/Content/ArtTools/RenderToTexture/Meshes/ShadowTestMesh.uasset: 'C:/Program Files/Epic Games/4.9/Engine/Content/ArtTools/RenderToTexture/Meshes/ShadowTestMesh.uasset' is outside repository
[2015.10.09-00.51.06:102][231]SourceControl: Info fatal: C:/Program Files/Epic Games/4.9/Engine/Content/ArtTools/RenderToTexture/Textures/127grey.uasset: 'C:/Program Files/Epic Games/4.9/Engine/Content/ArtTools/RenderToTexture/Textures/127grey.uasset' is outside repository
[2015.10.09-00.51.06:102][231]SourceControl: Info fatal: C:/Program Files/Epic Games/4.9/Engine/Content/ArtTools/RenderToTexture/Textures/FlipbookMotionVectors/Position1.uasset: 'C:/Program Files/Epic Games/4.9/Engine/Content/ArtTools/RenderToTexture/Textures/FlipbookMotionVectors/Position1.uasset' is outside repository
[2015.10.09-00.51.06:102][231]SourceControl: Info fatal: C:/Program Files/Epic Games/4.9/Engine/Content/BasicShapes/BasicShapeMaterial.uasset: 'C:/Program Files/Epic Games/4.9/Engine/Content/BasicShapes/BasicShapeMaterial.uasset' is outside repository
[2015.10.09-00.51.06:102][231]SourceControl: Info fatal: C:/Program Files/Epic Games/4.9/Engine/Content/BufferVisualization/AmbientOcclusion.uasset: 'C:/Program Files/Epic Games/4.9/Engine/Content/BufferVisualization/AmbientOcclusion.uasset' is outside repository
[2015.10.09-00.51.06:102][231]SourceControl: Info fatal: C:/Program Files/Epic Games/4.9/Engine/Content/Editor/Slate/Icons/AssetIcons/Cone_16x.uasset: 'C:/Program Files/Epic Games/4.9/Engine/Content/Editor/Slate/Icons/AssetIcons/Cone_16x.uasset' is outside repository
[2015.10.09-00.51.06:102][231]SourceControl: Info fatal: C:/Program Files/Epic Games/4.9/Engine/Content/EditorBlueprintResources/ActorMacros.uasset: 'C:/Program Files/Epic Games/4.9/Engine/Content/EditorBlueprintResources/ActorMacros.uasset' is outside repository
[2015.10.09-00.51.06:102][231]SourceControl: Info fatal: C:/Program Files/Epic Games/4.9/Engine/Content/EditorKismetResources/StandardMacros.uasset: 'C:/Program Files/Epic Games/4.9/Engine/Content/EditorKismetResources/StandardMacros.uasset' is outside repository
[2015.10.09-00.51.06:102][231]SourceControl: Info fatal: C:/Program Files/Epic Games/4.9/Engine/Content/EditorLandscapeResources/AlphaBrushMaterial.uasset: 'C:/Program Files/Epic Games/4.9/Engine/Content/EditorLandscapeResources/AlphaBrushMaterial.uasset' is outside repository
[2015.10.09-00.51.06:102][231]SourceControl: Info fatal: C:/Program Files/Epic Games/4.9/Engine/Content/EditorMaterials/Anchor.uasset: 'C:/Program Files/Epic Games/4.9/Engine/Content/EditorMaterials/Anchor.uasset' is outside repository
[2015.10.09-00.51.06:102][231]SourceControl: Info fatal: C:/Program Files/Epic Games/4.9/Engine/Content/EditorMaterials/TreeArrow_ExpandedRealtimePreview.uasset: 'C:/Program Files/Epic Games/4.9/Engine/Content/EditorMaterials/TreeArrow_ExpandedRealtimePreview.uasset' is outside repository
[2015.10.09-00.51.06:102][231]SourceControl: Info fatal: C:/Program Files/Epic Games/4.9/Engine/Content/EditorMaterials/Cascade/CASC_BackgroundCube_MAT.uasset: 'C:/Program Files/Epic Games/4.9/Engine/Content/EditorMaterials/Cascade/CASC_BackgroundCube_MAT.uasset' is outside repository
[2015.10.09-00.51.06:102][231]SourceControl: Info fatal: C:/Program Files/Epic Games/4.9/Engine/Content/EditorMaterials/Matinee/MAT_EnableTrack_Mat.uasset: 'C:/Program Files/Epic Games/4.9/Engine/Content/EditorMaterials/Matinee/MAT_EnableTrack_Mat.uasset' is outside repository
[2015.10.09-00.51.06:102][231]SourceControl: Info fatal: C:/Program Files/Epic Games/4.9/Engine/Content/EditorMaterials/MatineeGroups/MAT_ColorTrack.uasset: 'C:/Program Files/Epic Games/4.9/Engine/Content/EditorMaterials/MatineeGroups/MAT_ColorTrack.uasset' is outside repository
[2015.10.09-00.51.06:102][231]SourceControl: Info fatal: C:/Program Files/Epic Games/4.9/Engine/Content/EditorMaterials/ParticleSystems/PSysThumbnail_NoImage.uasset: 'C:/Program Files/Epic Games/4.9/Engine/Content/EditorMaterials/ParticleSystems/PSysThumbnail_NoImage.uasset' is outside repository
[2015.10.09-00.51.06:102][231]SourceControl: Info fatal: C:/Program Files/Epic Games/4.9/Engine/Content/EditorMaterials/Thumbnails/FloorPlaneMaterial.uasset: 'C:/Program Files/Epic Games/4.9/Engine/Content/EditorMaterials/Thumbnails/FloorPlaneMaterial.uasset' is outside repository
[2015.10.09-00.51.06:102][231]SourceControl: Info fatal: C:/Program Files/Epic Games/4.9/Engine/Content/EditorMaterials/Utilities/ImageReflectionPreview.uasset: 'C:/Program Files/Epic Games/4.9/Engine/Content/EditorMaterials/Utilities/ImageReflectionPreview.uasset' is outside repository
[2015.10.09-00.51.06:102][231]SourceControl: Info fatal: C:/Program Files/Epic Games/4.9/Engine/Content/EditorMeshes/AnimTreeEd_PreviewFloor.uasset: 'C:/Program Files/Epic Games/4.9/Engine/Content/EditorMeshes/AnimTreeEd_PreviewFloor.uasset' is outside repository
[2015.10.09-00.51.06:102][231]SourceControl: Info fatal: C:/Program Files/Epic Games/4.9/Engine/Content/EditorMeshes/Cascade/BackgroundCube.uasset: 'C:/Program Files/Epic Games/4.9/Engine/Content/EditorMeshes/Cascade/BackgroundCube.uasset' is outside repository
[2015.10.09-00.51.06:102][231]SourceControl: Info fatal: C:/Program Files/Epic Games/4.9/Engine/Content/EditorMeshes/ColorCalibrator/M_ChromeBall.uasset: 'C:/Program Files/Epic Games/4.9/Engine/Content/EditorMeshes/ColorCalibrator/M_ChromeBall.uasset' is outside repository
[2015.10.09-00.51.06:102][231]SourceControl: Info fatal: C:/Program Files/Epic Games/4.9/Engine/Content/EditorMeshes/SkeletalMesh/DefaultSkeletalMesh.uasset: 'C:/Program Files/Epic Games/4.9/Engine/Content/EditorMeshes/SkeletalMesh/DefaultSkeletalMesh.uasset' is outside repository
[2015.10.09-00.51.06:102][231]SourceControl: Info fatal: C:/Program Files/Epic Games/4.9/Engine/Content/EditorResources/Ai_Spawnpoint.uasset: 'C:/Program Files/Epic Games/4.9/Engine/Content/EditorResources/Ai_Spawnpoint.uasset' is outside repository
[2015.10.09-00.51.06:102][231]SourceControl: Info fatal: C:/Program Files/Epic Games/4.9/Engine/Content/EditorResources/S_Trigger.uasset: 'C:/Program Files/Epic Games/4.9/Engine/Content/EditorResources/S_Trigger.uasset' is outside repository
[2015.10.09-00.51.06:102][231]SourceControl: Info fatal: C:/Program Files/Epic Games/4.9/Engine/Content/EditorResources/AI/S_NavLink.uasset: 'C:/Program Files/Epic Games/4.9/Engine/Content/EditorResources/AI/S_NavLink.uasset' is outside repository
[2015.10.09-00.51.06:103][231]SourceControl: Info fatal: C:/Program Files/Epic Games/4.9/Engine/Content/EditorResources/AudioIcons/S_Ambient_Sound_Moveable.uasset: 'C:/Program Files/Epic Games/4.9/Engine/Content/EditorResources/AudioIcons/S_Ambient_Sound_Moveable.uasset' is outside repository
[2015.10.09-00.51.06:103][231]SourceControl: Info fatal: C:/Program Files/Epic Games/4.9/Engine/Content/EditorResources/Crowd/T_Crowd_Spline.uasset: 'C:/Program Files/Epic Games/4.9/Engine/Content/EditorResources/Crowd/T_Crowd_Spline.uasset' is outside repository
[2015.10.09-00.51.06:103][231]SourceControl: Info fatal: C:/Program Files/Epic Games/4.9/Engine/Content/EditorResources/LightIcons/Light_Point_Stationary_Statics.uasset: 'C:/Program Files/Epic Games/4.9/Engine/Content/EditorResources/LightIcons/Light_Point_Stationary_Statics.uasset' is outside repository
[2015.10.09-00.51.06:103][231]SourceControl: Info fatal: C:/Program Files/Epic Games/4.9/Engine/Content/EditorResources/Spline/T_Loft_Spline.uasset: 'C:/Program Files/Epic Games/4.9/Engine/Content/EditorResources/Spline/T_Loft_Spline.uasset' is outside repository
[2015.10.09-00.51.06:103][231]SourceControl: Info fatal: C:/Program Files/Epic Games/4.9/Engine/Content/EditorShapes/Materials/MI_ShapeInstance.uasset: 'C:/Program Files/Epic Games/4.9/Engine/Content/EditorShapes/Materials/MI_ShapeInstance.uasset' is outside repository
[2015.10.09-00.51.06:103][231]SourceControl: Info fatal: C:/Program Files/Epic Games/4.9/Engine/Content/EditorShapes/Textures/T_ShapeDiffuse.uasset: 'C:/Program Files/Epic Games/4.9/Engine/Content/EditorShapes/Textures/T_ShapeDiffuse.uasset' is outside repository
[2015.10.09-00.51.06:103][231]SourceControl: Info fatal: C:/Program Files/Epic Games/4.9/Engine/Content/EditorShellMaterials/MI_BaseFlat.uasset: 'C:/Program Files/Epic Games/4.9/Engine/Content/EditorShellMaterials/MI_BaseFlat.uasset' is outside repository
[2015.10.09-00.51.06:103][231]SourceControl: Info fatal: C:/Program Files/Epic Games/4.9/Engine/Content/EditorShellMaterials/ManualUVs/MI_BaseGrid_MUV.uasset: 'C:/Program Files/Epic Games/4.9/Engine/Content/EditorShellMaterials/ManualUVs/MI_BaseGrid_MUV.uasset' is outside repository
[2015.10.09-00.51.06:103][231]SourceControl: Info fatal: C:/Program Files/Epic Games/4.9/Engine/Content/EditorShellMaterials/SketchUp/MI_BaseGrid_WUV_SketchUp.uasset: 'C:/Program Files/Epic Games/4.9/Engine/Content/EditorShellMaterials/SketchUp/MI_BaseGrid_WUV_SketchUp.uasset' is outside repository
[2015.10.09-00.51.06:103][231]SourceControl: Info fatal: C:/Program Files/Epic Games/4.9/Engine/Content/EditorShellMaterials/WorldUVs/MI_BaseGrid_WUV.uasset: 'C:/Program Files/Epic Games/4.9/Engine/Content/EditorShellMaterials/WorldUVs/MI_BaseGrid_WUV.uasset' is outside repository
[2015.10.09-00.51.06:103][231]SourceControl: Info fatal: C:/Program Files/Epic Games/4.9/Engine/Content/EditorSounds/GamePreview/EjectFromPlayer.uasset: 'C:/Program Files/Epic Games/4.9/Engine/Content/EditorSounds/GamePreview/EjectFromPlayer.uasset' is outside repository
[2015.10.09-00.51.06:103][231]SourceControl: Info fatal: C:/Program Files/Epic Games/4.9/Engine/Content/EditorSounds/Notifications/CompileFailed.uasset: 'C:/Program Files/Epic Games/4.9/Engine/Content/EditorSounds/Notifications/CompileFailed.uasset' is outside repository
[2015.10.09-00.51.06:103][231]SourceControl: Info fatal: C:/Program Files/Epic Games/4.9/Engine/Content/EngineAnimNotifies/AnimNotify_PlayParticleEffect.uasset: 'C:/Program Files/Epic Games/4.9/Engine/Content/EngineAnimNotifies/AnimNotify_PlayParticleEffect.uasset' is outside repository
[2015.10.09-00.51.06:103][231]SourceControl: Info fatal: C:/Program Files/Epic Games/4.9/Engine/Content/EngineDamageTypes/DmgTypeBP_Environmental.uasset: 'C:/Program Files/Epic Games/4.9/Engine/Content/EngineDamageTypes/DmgTypeBP_Environmental.uasset' is outside repository
[2015.10.09-00.51.06:103][231]SourceControl: Info fatal: C:/Program Files/Epic Games/4.9/Engine/Content/EngineDebugMaterials/BlackUnlitMaterial.uasset: 'C:/Program Files/Epic Games/4.9/Engine/Content/EngineDebugMaterials/BlackUnlitMaterial.uasset' is outside repository
[2015.10.09-00.51.06:103][231]SourceControl: Info fatal: C:/Program Files/Epic Games/4.9/Engine/Content/EngineDebugMaterials/LightingModels/M_TextureDefinedSpecularReflecti.uasset: 'C:/Program Files/Epic Games/4.9/Engine/Content/EngineDebugMaterials/LightingModels/M_TextureDefinedSpecularReflecti.uasset' is outside repository
[2015.10.09-00.51.06:103][231]SourceControl: Info fatal: C:/Program Files/Epic Games/4.9/Engine/Content/EngineFonts/Roboto.uasset: 'C:/Program Files/Epic Games/4.9/Engine/Content/EngineFonts/Roboto.uasset' is outside repository
[2015.10.09-00.51.06:103][231]SourceControl: Info fatal: C:/Program Files/Epic Games/4.9/Engine/Content/EngineLightProfiles/180Degree_IES.uasset: 'C:/Program Files/Epic Games/4.9/Engine/Content/EngineLightProfiles/180Degree_IES.uasset' is outside repository
[2015.10.09-00.51.06:103][231]SourceControl: Info fatal: C:/Program Files/Epic Games/4.9/Engine/Content/EngineMaterials/AntiAliasedTextMaterialTranslucent.uasset: 'C:/Program Files/Epic Games/4.9/Engine/Content/EngineMaterials/AntiAliasedTextMaterialTranslucent.uasset' is outside repository
[2015.10.09-00.51.06:103][231]SourceControl: Info fatal: C:/Program Files/Epic Games/4.9/Engine/Content/EngineMaterials/RandomMirrorDisc.uasset: 'C:/Program Files/Epic Games/4.9/Engine/Content/EngineMaterials/RandomMirrorDisc.uasset' is outside repository
[2015.10.09-00.51.06:103][231]SourceControl: Info fatal: C:/Program Files/Epic Games/4.9/Engine/Content/EngineMeshes/BackgroundCube.uasset: 'C:/Program Files/Epic Games/4.9/Engine/Content/EngineMeshes/BackgroundCube.uasset' is outside repository
[2015.10.09-00.51.06:103][231]SourceControl: Info fatal: C:/Program Files/Epic Games/4.9/Engine/Content/EngineProduction/ReferenceNormalMap.uasset: 'C:/Program Files/Epic Games/4.9/Engine/Content/EngineProduction/ReferenceNormalMap.uasset' is outside repository
[2015.10.09-00.51.06:103][231]SourceControl: Info fatal: C:/Program Files/Epic Games/4.9/Engine/Content/EngineResources/AICON-Green.uasset: 'C:/Program Files/Epic Games/4.9/Engine/Content/EngineResources/AICON-Green.uasset' is outside repository
[2015.10.09-00.51.06:103][231]SourceControl: Info fatal: C:/Program Files/Epic Games/4.9/Engine/Content/EngineResources/Cursors/Arrow.uasset: 'C:/Program Files/Epic Games/4.9/Engine/Content/EngineResources/Cursors/Arrow.uasset' is outside repository
[2015.10.09-00.51.06:103][231]SourceControl: Info fatal: C:/Program Files/Epic Games/4.9/Engine/Content/EngineSky/BP_Sky_Shere.uasset: 'C:/Program Files/Epic Games/4.9/Engine/Content/EngineSky/BP_Sky_Shere.uasset' is outside repository
[2015.10.09-00.51.06:103][231]SourceControl: Info fatal: C:/Program Files/Epic Games/4.9/Engine/Content/EngineSounds/Duck_Normal_Attack_MixMod.uasset: 'C:/Program Files/Epic Games/4.9/Engine/Content/EngineSounds/Duck_Normal_Attack_MixMod.uasset' is outside repository
[2015.10.09-00.51.06:103][231]SourceControl: Info fatal: C:/Program Files/Epic Games/4.9/Engine/Content/EngineSounds/ReverbSettings/Alley.uasset: 'C:/Program Files/Epic Games/4.9/Engine/Content/EngineSounds/ReverbSettings/Alley.uasset' is outside repository
[2015.10.09-00.51.06:103][231]SourceControl: Info fatal: C:/Program Files/Epic Games/4.9/Engine/Content/EngineTireTypes/DefaultTireType.uasset: 'C:/Program Files/Epic Games/4.9/Engine/Content/EngineTireTypes/DefaultTireType.uasset' is outside repository
[2015.10.09-00.51.06:104][231]SourceControl: Info fatal: C:/Program Files/Epic Games/4.9/Engine/Content/EngineVolumetrics/FalloffSphere/Materials/M_EV_FalloffSphere_Master_01.uasset: 'C:/Program Files/Epic Games/4.9/Engine/Content/EngineVolumetrics/FalloffSphere/Materials/M_EV_FalloffSphere_Master_01.uasset' is outside repository
[2015.10.09-00.51.06:104][231]SourceControl: Info fatal: C:/Program Files/Epic Games/4.9/Engine/Content/EngineVolumetrics/FalloffSphere/Mesh/S_EV_FalloffSphere_Mesh_01.uasset: 'C:/Program Files/Epic Games/4.9/Engine/Content/EngineVolumetrics/FalloffSphere/Mesh/S_EV_FalloffSphere_Mesh_01.uasset' is outside repository
[2015.10.09-00.51.06:104][231]SourceControl: Info fatal: C:/Program Files/Epic Games/4.9/Engine/Content/EngineVolumetrics/FogEnvironment/Materials/M_EV_FogEnvironment_Master_01.uasset: 'C:/Program Files/Epic Games/4.9/Engine/Content/EngineVolumetrics/FogEnvironment/Materials/M_EV_FogEnvironment_Master_01.uasset' is outside repository
[2015.10.09-00.51.06:104][231]SourceControl: Info fatal: C:/Program Files/Epic Games/4.9/Engine/Content/EngineVolumetrics/FogEnvironment/Mesh/S_EV_FogEnvironment_01_Mesh.uasset: 'C:/Program Files/Epic Games/4.9/Engine/Content/EngineVolumetrics/FogEnvironment/Mesh/S_EV_FogEnvironment_01_Mesh.uasset' is outside repository
[2015.10.09-00.51.06:104][231]SourceControl: Info fatal: C:/Program Files/Epic Games/4.9/Engine/Content/EngineVolumetrics/Fogsheet/T_EV_Fogsheet_FlareColors_01.uasset: 'C:/Program Files/Epic Games/4.9/Engine/Content/EngineVolumetrics/Fogsheet/T_EV_Fogsheet_FlareColors_01.uasset' is outside repository
[2015.10.09-00.51.06:104][231]SourceControl: Info fatal: C:/Program Files/Epic Games/4.9/Engine/Content/EngineVolumetrics/Fogsheet/Materials/M_EV_FogSheet_1sided_Master_01.uasset: 'C:/Program Files/Epic Games/4.9/Engine/Content/EngineVolumetrics/Fogsheet/Materials/M_EV_FogSheet_1sided_Master_01.uasset' is outside repository
[2015.10.09-00.51.06:104][231]SourceControl: Info fatal: C:/Program Files/Epic Games/4.9/Engine/Content/EngineVolumetrics/Fogsheet/Mesh/MI_Fogsheet_HideClose.uasset: 'C:/Program Files/Epic Games/4.9/Engine/Content/EngineVolumetrics/Fogsheet/Mesh/MI_Fogsheet_HideClose.uasset' is outside repository
[2015.10.09-00.51.06:104][231]SourceControl: Info fatal: C:/Program Files/Epic Games/4.9/Engine/Content/EngineVolumetrics/LightBeam/Materials/M_EV_Lightbeam_Master_01.uasset: 'C:/Program Files/Epic Games/4.9/Engine/Content/EngineVolumetrics/LightBeam/Materials/M_EV_Lightbeam_Master_01.uasset' is outside repository
[2015.10.09-00.51.06:104][231]SourceControl: Info fatal: C:/Program Files/Epic Games/4.9/Engine/Content/EngineVolumetrics/LightBeam/Mesh/S_EV_SimpleLightBeam_01.uasset: 'C:/Program Files/Epic Games/4.9/Engine/Content/EngineVolumetrics/LightBeam/Mesh/S_EV_SimpleLightBeam_01.uasset' is outside repository
[2015.10.09-00.51.06:104][231]SourceControl: Info fatal: C:/Program Files/Epic Games/4.9/Engine/Content/Engine_MI_Shaders/MI_Shader_BaseTileEx.uasset: 'C:/Program Files/Epic Games/4.9/Engine/Content/Engine_MI_Shaders/MI_Shader_BaseTileEx.uasset' is outside repository
[2015.10.09-00.51.06:104][231]SourceControl: Info fatal: C:/Program Files/Epic Games/4.9/Engine/Content/Engine_MI_Shaders/Instances/M_ES_Phong_Opaque_INST_01.uasset: 'C:/Program Files/Epic Games/4.9/Engine/Content/Engine_MI_Shaders/Instances/M_ES_Phong_Opaque_INST_01.uasset' is outside repository
[2015.10.09-00.51.06:104][231]SourceControl: Info fatal: C:/Program Files/Epic Games/4.9/Engine/Content/Engine_MI_Shaders/Textures/Bokeh.uasset: 'C:/Program Files/Epic Games/4.9/Engine/Content/Engine_MI_Shaders/Textures/Bokeh.uasset' is outside repository
[2015.10.09-00.51.06:104][231]SourceControl: Info fatal: C:/Program Files/Epic Games/4.9/Engine/Content/FunctionalTesting/Blueprints/AITesting_MoveGoal.uasset: 'C:/Program Files/Epic Games/4.9/Engine/Content/FunctionalTesting/Blueprints/AITesting_MoveGoal.uasset' is outside repository
[2015.10.09-00.51.06:104][231]SourceControl: Info fatal: C:/Program Files/Epic Games/4.9/Engine/Content/Functions/DistanceFields/Combiners/DistanceField_Intersection.uasset: 'C:/Program Files/Epic Games/4.9/Engine/Content/Functions/DistanceFields/Combiners/DistanceField_Intersection.uasset' is outside repository
[2015.10.09-00.51.06:104][231]SourceControl: Info fatal: C:/Program Files/Epic Games/4.9/Engine/Content/Functions/DistanceFields/Shapes/DistanceField_Capsule.uasset: 'C:/Program Files/Epic Games/4.9/Engine/Content/Functions/DistanceFields/Shapes/DistanceField_Capsule.uasset' is outside repository
[2015.10.09-00.51.06:104][231]SourceControl: Info fatal: C:/Program Files/Epic Games/4.9/Engine/Content/Functions/Engine_MaterialFunctions01/AlphaBlend/World_Aligned_Blend.uasset: 'C:/Program Files/Epic Games/4.9/Engine/Content/Functions/Engine_MaterialFunctions01/AlphaBlend/World_Aligned_Blend.uasset' is outside repository
[2015.10.09-00.51.06:104][231]SourceControl: Info fatal: C:/Program Files/Epic Games/4.9/Engine/Content/Functions/Engine_MaterialFunctions01/Coordinates/DrawLine-2D.uasset: 'C:/Program Files/Epic Games/4.9/Engine/Content/Functions/Engine_MaterialFunctions01/Coordinates/DrawLine-2D.uasset' is outside repository
[2015.10.09-00.51.06:104][231]SourceControl: Info fatal: C:/Program Files/Epic Games/4.9/Engine/Content/Functions/Engine_MaterialFunctions01/Debug/FunctionGraphSetup.uasset: 'C:/Program Files/Epic Games/4.9/Engine/Content/Functions/Engine_MaterialFunctions01/Debug/FunctionGraphSetup.uasset' is outside repository
[2015.10.09-00.51.06:104][231]SourceControl: Info fatal: C:/Program Files/Epic Games/4.9/Engine/Content/Functions/Engine_MaterialFunctions01/Density/ExponentialDensity.uasset: 'C:/Program Files/Epic Games/4.9/Engine/Content/Functions/Engine_MaterialFunctions01/Density/ExponentialDensity.uasset' is outside repository
[2015.10.09-00.51.06:104][231]SourceControl: Info fatal: C:/Program Files/Epic Games/4.9/Engine/Content/Functions/Engine_MaterialFunctions01/Gradient/BellCurve.uasset: 'C:/Program Files/Epic Games/4.9/Engine/Content/Functions/Engine_MaterialFunctions01/Gradient/BellCurve.uasset' is outside repository
[2015.10.09-00.51.06:104][231]SourceControl: Info fatal: C:/Program Files/Epic Games/4.9/Engine/Content/Functions/Engine_MaterialFunctions01/ImageAdjustment/3ColorBlend.uasset: 'C:/Program Files/Epic Games/4.9/Engine/Content/Functions/Engine_MaterialFunctions01/ImageAdjustment/3ColorBlend.uasset' is outside repository
[2015.10.09-00.51.06:104][231]SourceControl: Info fatal: C:/Program Files/Epic Games/4.9/Engine/Content/Functions/Engine_MaterialFunctions01/Lighting/PixelDepthOffset_Foliage.uasset: 'C:/Program Files/Epic Games/4.9/Engine/Content/Functions/Engine_MaterialFunctions01/Lighting/PixelDepthOffset_Foliage.uasset' is outside repository
[2015.10.09-00.51.06:104][231]SourceControl: Info fatal: C:/Program Files/Epic Games/4.9/Engine/Content/Functions/Engine_MaterialFunctions01/Opacity/AlphaOffset.uasset: 'C:/Program Files/Epic Games/4.9/Engine/Content/Functions/Engine_MaterialFunctions01/Opacity/AlphaOffset.uasset' is outside repository
[2015.10.09-00.51.06:104][231]SourceControl: Info fatal: C:/Program Files/Epic Games/4.9/Engine/Content/Functions/Engine_MaterialFunctions01/Reflections/ReflectionVectorSoft.uasset: 'C:/Program Files/Epic Games/4.9/Engine/Content/Functions/Engine_MaterialFunctions01/Reflections/ReflectionVectorSoft.uasset' is outside repository
[2015.10.09-00.51.06:104][231]SourceControl: Info fatal: C:/Program Files/Epic Games/4.9/Engine/Content/Functions/Engine_MaterialFunctions01/Shading/CalcLightsourceAngle.uasset: 'C:/Program Files/Epic Games/4.9/Engine/Content/Functions/Engine_MaterialFunctions01/Shading/CalcLightsourceAngle.uasset' is outside repository
[2015.10.09-00.51.06:104][231]SourceControl: Info fatal: C:/Program Files/Epic Games/4.9/Engine/Content/Functions/Engine_MaterialFunctions01/SpeedTree/SpeedTreeColorVariation.uasset: 'C:/Program Files/Epic Games/4.9/Engine/Content/Functions/Engine_MaterialFunctions01/SpeedTree/SpeedTreeColorVariation.uasset' is outside repository
[2015.10.09-00.51.06:104][231]SourceControl: Info fatal: C:/Program Files/Epic Games/4.9/Engine/Content/Functions/Engine_MaterialFunctions01/Texturing/BakedDisplacement.uasset: 'C:/Program Files/Epic Games/4.9/Engine/Content/Functions/Engine_MaterialFunctions01/Texturing/BakedDisplacement.uasset' is outside repository
[2015.10.09-00.51.06:104][231]SourceControl: Info fatal: C:/Program Files/Epic Games/4.9/Engine/Content/Functions/Engine_MaterialFunctions01/Vectors/MF_RotateVector_90.uasset: 'C:/Program Files/Epic Games/4.9/Engine/Content/Functions/Engine_MaterialFunctions01/Vectors/MF_RotateVector_90.uasset' is outside repository
[2015.10.09-00.51.06:104][231]SourceControl: Info fatal: C:/Program Files/Epic Games/4.9/Engine/Content/Functions/Engine_MaterialFunctions01/WorldPositionOffset/ConstantScalebyDistance.uasset: 'C:/Program Files/Epic Games/4.9/Engine/Content/Functions/Engine_MaterialFunctions01/WorldPositionOffset/ConstantScalebyDistance.uasset' is outside repository
[2015.10.09-00.51.06:104][231]SourceControl: Info fatal: C:/Program Files/Epic Games/4.9/Engine/Content/Functions/Engine_MaterialFunctions02/3PointLevels.uasset: 'C:/Program Files/Epic Games/4.9/Engine/Content/Functions/Engine_MaterialFunctions02/3PointLevels.uasset' is outside repository
[2015.10.09-00.51.06:104][231]SourceControl: Info fatal: C:/Program Files/Epic Games/4.9/Engine/Content/Functions/Engine_MaterialFunctions02/ExampleContent/3dParticleOpacityInstance.uasset: 'C:/Program Files/Epic Games/4.9/Engine/Content/Functions/Engine_MaterialFunctions02/ExampleContent/3dParticleOpacityInstance.uasset' is outside repository
[2015.10.09-00.51.06:104][231]SourceControl: Info fatal: C:/Program Files/Epic Games/4.9/Engine/Content/Functions/Engine_MaterialFunctions02/ExampleContent/MacroUVs/MacroUVs.uasset: 'C:/Program Files/Epic Games/4.9/Engine/Content/Functions/Engine_MaterialFunctions02/ExampleContent/MacroUVs/MacroUVs.uasset' is outside repository
[2015.10.09-00.51.06:104][231]SourceControl: Info fatal: C:/Program Files/Epic Games/4.9/Engine/Content/Functions/Engine_MaterialFunctions02/ExampleContent/TextureBasedWPO/DemoBox.uasset: 'C:/Program Files/Epic Games/4.9/Engine/Content/Functions/Engine_MaterialFunctions02/ExampleContent/TextureBasedWPO/DemoBox.uasset' is outside repository
[2015.10.09-00.51.06:104][231]SourceControl: Info fatal: C:/Program Files/Epic Games/4.9/Engine/Content/Functions/Engine_MaterialFunctions02/ExampleContent/Textures/DebugNumberPeriod.uasset: 'C:/Program Files/Epic Games/4.9/Engine/Content/Functions/Engine_MaterialFunctions02/ExampleContent/Textures/DebugNumberPeriod.uasset' is outside repository
[2015.10.09-00.51.06:104][231]SourceControl: Info fatal: C:/Program Files/Epic Games/4.9/Engine/Content/Functions/Engine_MaterialFunctions02/Gradients/GradientMap_Multi.uasset: 'C:/Program Files/Epic Games/4.9/Engine/Content/Functions/Engine_MaterialFunctions02/Gradients/GradientMap_Multi.uasset' is outside repository
[2015.10.09-00.51.06:104][231]SourceControl: Info fatal: C:/Program Files/Epic Games/4.9/Engine/Content/Functions/Engine_MaterialFunctions02/Math/AddComponents.uasset: 'C:/Program Files/Epic Games/4.9/Engine/Content/Functions/Engine_MaterialFunctions02/Math/AddComponents.uasset' is outside repository
[2015.10.09-00.51.06:104][231]SourceControl: Info fatal: C:/Program Files/Epic Games/4.9/Engine/Content/Functions/Engine_MaterialFunctions02/MAXScripts/MeshSequenceFlipbook_Script.uasset: 'C:/Program Files/Epic Games/4.9/Engine/Content/Functions/Engine_MaterialFunctions02/MAXScripts/MeshSequenceFlipbook_Script.uasset' is outside repository
[2015.10.09-00.51.06:105][231]SourceControl: Info fatal: C:/Program Files/Epic Games/4.9/Engine/Content/Functions/Engine_MaterialFunctions02/Normals/RotateNormalWhileMasking.uasset: 'C:/Program Files/Epic Games/4.9/Engine/Content/Functions/Engine_MaterialFunctions02/Normals/RotateNormalWhileMasking.uasset' is outside repository
[2015.10.09-00.51.06:105][231]SourceControl: Info fatal: C:/Program Files/Epic Games/4.9/Engine/Content/Functions/Engine_MaterialFunctions02/NotInUse/WorldAlignedNormals_HighQuality_optimizationAttempt.uasset: 'C:/Program Files/Epic Games/4.9/Engine/Content/Functions/Engine_MaterialFunctions02/NotInUse/WorldAlignedNormals_HighQuality_optimizationAttempt.uasset' is outside repository
[2015.10.09-00.51.06:105][231]SourceControl: Info fatal: C:/Program Files/Epic Games/4.9/Engine/Content/Functions/Engine_MaterialFunctions02/PivotPainter/PivotPainter_HierarchyData.uasset: 'C:/Program Files/Epic Games/4.9/Engine/Content/Functions/Engine_MaterialFunctions02/PivotPainter/PivotPainter_HierarchyData.uasset' is outside repository
[2015.10.09-00.51.06:105][231]SourceControl: Info fatal: C:/Program Files/Epic Games/4.9/Engine/Content/Functions/Engine_MaterialFunctions02/Texturing/3dParticleOpacity.uasset: 'C:/Program Files/Epic Games/4.9/Engine/Content/Functions/Engine_MaterialFunctions02/Texturing/3dParticleOpacity.uasset' is outside repository
[2015.10.09-00.51.06:105][231]SourceControl: Info fatal: C:/Program Files/Epic Games/4.9/Engine/Content/Functions/Engine_MaterialFunctions02/Utility/Append4.uasset: 'C:/Program Files/Epic Games/4.9/Engine/Content/Functions/Engine_MaterialFunctions02/Utility/Append4.uasset' is outside repository
[2015.10.09-00.51.06:105][231]SourceControl: Info fatal: C:/Program Files/Epic Games/4.9/Engine/Content/Functions/Engine_MaterialFunctions02/UVs/BoundingBoxBased_0-1_UVW.uasset: 'C:/Program Files/Epic Games/4.9/Engine/Content/Functions/Engine_MaterialFunctions02/UVs/BoundingBoxBased_0-1_UVW.uasset' is outside repository
[2015.10.09-00.51.06:105][231]SourceControl: Info fatal: C:/Program Files/Epic Games/4.9/Engine/Content/Functions/Engine_MaterialFunctions02/WorldPositionOffset/AdjustNormalsToCompensateForRotateAboutAxisOffset.uasset: 'C:/Program Files/Epic Games/4.9/Engine/Content/Functions/Engine_MaterialFunctions02/WorldPositionOffset/AdjustNormalsToCompensateForRotateAboutAxisOffset.uasset' is outside repository
[2015.10.09-00.51.06:105][231]SourceControl: Info fatal: C:/Program Files/Epic Games/4.9/Engine/Content/Functions/Engine_MaterialFunctions03/Blends/Blend_ColorBurn.uasset: 'C:/Program Files/Epic Games/4.9/Engine/Content/Functions/Engine_MaterialFunctions03/Blends/Blend_ColorBurn.uasset' is outside repository
[2015.10.09-00.51.06:105][231]SourceControl: Info fatal: C:/Program Files/Epic Games/4.9/Engine/Content/Functions/Engine_MaterialFunctions03/ComplexMotion/Motion_4WayChaos.uasset: 'C:/Program Files/Epic Games/4.9/Engine/Content/Functions/Engine_MaterialFunctions03/ComplexMotion/Motion_4WayChaos.uasset' is outside repository
[2015.10.09-00.51.06:105][231]SourceControl: Info fatal: C:/Program Files/Epic Games/4.9/Engine/Content/Functions/Engine_MaterialFunctions03/Particles/Distance_Blend.uasset: 'C:/Program Files/Epic Games/4.9/Engine/Content/Functions/Engine_MaterialFunctions03/Particles/Distance_Blend.uasset' is outside repository
[2015.10.09-00.51.06:105][231]SourceControl: Info fatal: C:/Program Files/Epic Games/4.9/Engine/Content/Functions/Engine_MaterialFunctions03/Procedurals/ComputeFilterWidth.uasset: 'C:/Program Files/Epic Games/4.9/Engine/Content/Functions/Engine_MaterialFunctions03/Procedurals/ComputeFilterWidth.uasset' is outside repository
[2015.10.09-00.51.06:105][231]SourceControl: Info fatal: C:/Program Files/Epic Games/4.9/Engine/Content/Functions/Engine_MaterialFunctions03/Texturing/CameraWorldBlend.uasset: 'C:/Program Files/Epic Games/4.9/Engine/Content/Functions/Engine_MaterialFunctions03/Texturing/CameraWorldBlend.uasset' is outside repository
[2015.10.09-00.51.06:105][231]SourceControl: Info fatal: C:/Program Files/Epic Games/4.9/Engine/Content/Functions/GetPostProcessFunctions/GetAmbientCubemapIntensity.uasset: 'C:/Program Files/Epic Games/4.9/Engine/Content/Functions/GetPostProcessFunctions/GetAmbientCubemapIntensity.uasset' is outside repository
[2015.10.09-00.51.06:105][231]SourceControl: Info fatal: C:/Program Files/Epic Games/4.9/Engine/Content/Functions/MaterialLayerFunctions/MatLayerBlend_AddWorldPositionOffset.uasset: 'C:/Program Files/Epic Games/4.9/Engine/Content/Functions/MaterialLayerFunctions/MatLayerBlend_AddWorldPositionOffset.uasset' is outside repository
[2015.10.09-00.51.06:105][231]SourceControl: Info fatal: C:/Program Files/Epic Games/4.9/Engine/Content/Maps/Entry.umap: 'C:/Program Files/Epic Games/4.9/Engine/Content/Maps/Entry.umap' is outside repository
[2015.10.09-00.51.06:105][231]SourceControl: Info fatal: C:/Program Files/Epic Games/4.9/Engine/Content/Maps/Templates/Template_Default.umap: 'C:/Program Files/Epic Games/4.9/Engine/Content/Maps/Templates/Template_Default.umap' is outside repository
[2015.10.09-00.51.06:105][231]SourceControl: Info fatal: C:/Program Files/Epic Games/4.9/Engine/Content/Maps/Templates/Thumbnails/Default.uasset: 'C:/Program Files/Epic Games/4.9/Engine/Content/Maps/Templates/Thumbnails/Default.uasset' is outside repository
[2015.10.09-00.51.06:105][231]SourceControl: Info fatal: C:/Program Files/Epic Games/4.9/Engine/Content/MapTemplates/Bokeh_5Sides.uasset: 'C:/Program Files/Epic Games/4.9/Engine/Content/MapTemplates/Bokeh_5Sides.uasset' is outside repository
[2015.10.09-00.51.06:105][231]SourceControl: Info fatal: C:/Program Files/Epic Games/4.9/Engine/Content/MapTemplates/lut/LUT_Afternoon.uasset: 'C:/Program Files/Epic Games/4.9/Engine/Content/MapTemplates/lut/LUT_Afternoon.uasset' is outside repository
[2015.10.09-00.51.06:105][231]SourceControl: Info fatal: C:/Program Files/Epic Games/4.9/Engine/Content/MapTemplates/Materials/BasicAsset01.uasset: 'C:/Program Files/Epic Games/4.9/Engine/Content/MapTemplates/Materials/BasicAsset01.uasset' is outside repository
[2015.10.09-00.51.06:105][231]SourceControl: Info fatal: C:/Program Files/Epic Games/4.9/Engine/Content/MapTemplates/Sky/DaylightAmbientCubemap.uasset: 'C:/Program Files/Epic Games/4.9/Engine/Content/MapTemplates/Sky/DaylightAmbientCubemap.uasset' is outside repository
[2015.10.09-00.51.06:105][231]SourceControl: Info fatal: C:/Program Files/Epic Games/4.9/Engine/Content/MaterialTemplates/Gradients/Gradient_Linear.uasset: 'C:/Program Files/Epic Games/4.9/Engine/Content/MaterialTemplates/Gradients/Gradient_Linear.uasset' is outside repository
[2015.10.09-00.51.06:105][231]SourceControl: Info fatal: C:/Program Files/Epic Games/4.9/Engine/Content/MaterialTemplates/PerfTricks/MultiChannelMask.uasset: 'C:/Program Files/Epic Games/4.9/Engine/Content/MaterialTemplates/PerfTricks/MultiChannelMask.uasset' is outside repository
[2015.10.09-00.51.06:105][231]SourceControl: Info fatal: C:/Program Files/Epic Games/4.9/Engine/Content/MaterialTemplates/Textures/T_multiMask.uasset: 'C:/Program Files/Epic Games/4.9/Engine/Content/MaterialTemplates/Textures/T_multiMask.uasset' is outside repository
[2015.10.09-00.51.06:105][231]SourceControl: Info fatal: C:/Program Files/Epic Games/4.9/Engine/Content/MaterialTemplates/VertexAnimation/AdvancedFlag.uasset: 'C:/Program Files/Epic Games/4.9/Engine/Content/MaterialTemplates/VertexAnimation/AdvancedFlag.uasset' is outside repository
[2015.10.09-00.51.06:105][231]SourceControl: Info fatal: C:/Program Files/Epic Games/4.9/Engine/Content/MobileResources/T_MobileControls_texture.uasset: 'C:/Program Files/Epic Games/4.9/Engine/Content/MobileResources/T_MobileControls_texture.uasset' is outside repository
[2015.10.09-00.51.06:105][231]SourceControl: Info fatal: C:/Program Files/Epic Games/4.9/Engine/Content/MobileResources/HUD/AnalogHat.uasset: 'C:/Program Files/Epic Games/4.9/Engine/Content/MobileResources/HUD/AnalogHat.uasset' is outside repository
[2015.10.09-00.51.06:105][231]SourceControl: Info fatal: C:/Program Files/Epic Games/4.9/Engine/Content/TemplateResources/MI_Template_BaseBlue.uasset: 'C:/Program Files/Epic Games/4.9/Engine/Content/TemplateResources/MI_Template_BaseBlue.uasset' is outside repository
[2015.10.09-00.51.06:105][231]SourceControl: Info fatal: C:/Program Files/Epic Games/4.9/Engine/Content/Tutorial/ContentIntroCurve.uasset: 'C:/Program Files/Epic Games/4.9/Engine/Content/Tutorial/ContentIntroCurve.uasset' is outside repository
[2015.10.09-00.51.06:105][231]SourceControl: Info fatal: C:/Program Files/Epic Games/4.9/Engine/Content/Tutorial/Audio/Audience.uasset: 'C:/Program Files/Epic Games/4.9/Engine/Content/Tutorial/Audio/Audience.uasset' is outside repository
[2015.10.09-00.51.06:105][231]SourceControl: Info fatal: C:/Program Files/Epic Games/4.9/Engine/Content/Tutorial/Basics/ContentBrowserOverview.uasset: 'C:/Program Files/Epic Games/4.9/Engine/Content/Tutorial/Basics/ContentBrowserOverview.uasset' is outside repository
[2015.10.09-00.51.06:105][231]SourceControl: Info fatal: C:/Program Files/Epic Games/4.9/Engine/Content/Tutorial/Basics/TutorialAssets/CameraActor_64x.uasset: 'C:/Program Files/Epic Games/4.9/Engine/Content/Tutorial/Basics/TutorialAssets/CameraActor_64x.uasset' is outside repository
[2015.10.09-00.51.06:105][231]SourceControl: Info fatal: C:/Program Files/Epic Games/4.9/Engine/Content/Tutorial/BlueprintTutorials/BlueprintEditorTutorial.uasset: 'C:/Program Files/Epic Games/4.9/Engine/Content/Tutorial/BlueprintTutorials/BlueprintEditorTutorial.uasset' is outside repository
[2015.10.09-00.51.06:105][231]SourceControl: Info fatal: C:/Program Files/Epic Games/4.9/Engine/Content/Tutorial/BlueprintTutorials/TutorialAssets/BlueprintFunctionLibrary_64x.uasset: 'C:/Program Files/Epic Games/4.9/Engine/Content/Tutorial/BlueprintTutorials/TutorialAssets/BlueprintFunctionLibrary_64x.uasset' is outside repository
[2015.10.09-00.51.06:105][231]SourceControl: Info fatal: C:/Program Files/Epic Games/4.9/Engine/Content/Tutorial/Code/AddingCode.uasset: 'C:/Program Files/Epic Games/4.9/Engine/Content/Tutorial/Code/AddingCode.uasset' is outside repository
[2015.10.09-00.51.06:105][231]SourceControl: Info fatal: C:/Program Files/Epic Games/4.9/Engine/Content/Tutorial/Foliage/FoliageWalkThrough.uasset: 'C:/Program Files/Epic Games/4.9/Engine/Content/Tutorial/Foliage/FoliageWalkThrough.uasset' is outside repository
[2015.10.09-00.51.06:105][231]SourceControl: Info fatal: C:/Program Files/Epic Games/4.9/Engine/Content/Tutorial/Foliage/TutorialAssets/Foliage.uasset: 'C:/Program Files/Epic Games/4.9/Engine/Content/Tutorial/Foliage/TutorialAssets/Foliage.uasset' is outside repository
[2015.10.09-00.51.06:105][231]SourceControl: Info fatal: C:/Program Files/Epic Games/4.9/Engine/Content/Tutorial/Installation/InstallingVisualStudioTutorial.uasset: 'C:/Program Files/Epic Games/4.9/Engine/Content/Tutorial/Installation/InstallingVisualStudioTutorial.uasset' is outside repository
[2015.10.09-00.51.06:105][231]SourceControl: Info fatal: C:/Program Files/Epic Games/4.9/Engine/Content/Tutorial/InWorldBlueprintEditing/IWBE_Tutorial.uasset: 'C:/Program Files/Epic Games/4.9/Engine/Content/Tutorial/InWorldBlueprintEditing/IWBE_Tutorial.uasset' is outside repository
[2015.10.09-00.51.06:105][231]SourceControl: Info fatal: C:/Program Files/Epic Games/4.9/Engine/Content/Tutorial/InWorldBlueprintEditing/TutorialAssets/IWBE_Blutility.uasset: 'C:/Program Files/Epic Games/4.9/Engine/Content/Tutorial/InWorldBlueprintEditing/TutorialAssets/IWBE_Blutility.uasset' is outside repository
[2015.10.09-00.51.06:105][231]SourceControl: Info fatal: C:/Program Files/Epic Games/4.9/Engine/Content/Tutorial/Landscape/LandscapeWalkThrough.uasset: 'C:/Program Files/Epic Games/4.9/Engine/Content/Tutorial/Landscape/LandscapeWalkThrough.uasset' is outside repository