[2015.10.29-05.33.37:942][  0]Log file open, 10/29/15 01:33:37
[2015.10.29-05.33.37:942][  0]LogInit:Display: Running engine for game: GDDHorrorGame
[2015.10.29-05.33.37:942][  0]LogInit:Display: RandInit(1289065472) SRandInit(1289065472).
[2015.10.29-05.33.37:942][  0]LogTaskGraph: Started task graph with 4 named threads and 7 total threads.
[2015.10.29-05.33.37:942][  0]LogStats: Stats thread started at 0.087922
[2015.10.29-05.33.37:942][  0]LogInit: Version: 4.9.2-2707645+++depot+UE4-Releases+4.9
[2015.10.29-05.33.37:942][  0]LogInit: API Version: 2672455
[2015.10.29-05.33.37:942][  0]LogInit: Compiled (64-bit): Sep 28 2015 10:25:44
[2015.10.29-05.33.37:942][  0]LogInit: Compiled with Visual C++: 18.00.21005.01
[2015.10.29-05.33.37:942][  0]LogInit: Build Configuration: Development
[2015.10.29-05.33.37:942][  0]LogInit: Branch Name: ++depot+UE4-Releases+4.9
[2015.10.29-05.33.37:942][  0]LogInit: Command line:  
[2015.10.29-05.33.37:942][  0]LogInit: Base directory: C:/Program Files/Epic Games/4.9/Engine/Binaries/Win64/
[2015.10.29-05.33.37:942][  0]LogInit: Rocket: 1
[2015.10.29-05.33.37:956][  0]LogInit: Using libcurl 7.41.0
[2015.10.29-05.33.37:956][  0]LogInit:  - built for x86_64-pc-win32
[2015.10.29-05.33.37:956][  0]LogInit:  - supports SSL with WinSSL
[2015.10.29-05.33.37:956][  0]LogInit:  - other features:
[2015.10.29-05.33.37:956][  0]LogInit:      CURL_VERSION_SSL
[2015.10.29-05.33.37:956][  0]LogInit:      CURL_VERSION_IPV6
[2015.10.29-05.33.37:956][  0]LogInit:      CURL_VERSION_ASYNCHDNS
[2015.10.29-05.33.37:956][  0]LogInit:      CURL_VERSION_LARGEFILE
[2015.10.29-05.33.37:956][  0]LogInit:      CURL_VERSION_IDN
[2015.10.29-05.33.37:956][  0]LogInit:  CurlRequestOptions (configurable via config and command line):
[2015.10.29-05.33.37:956][  0]LogInit:  - bVerifyPeer = true  - Libcurl will verify peer certificate
[2015.10.29-05.33.37:956][  0]LogInit:  - bUseHttpProxy = false  - Libcurl will NOT use HTTP proxy
[2015.10.29-05.33.37:956][  0]LogInit:  - bDontReuseConnections = false  - Libcurl will reuse connections
[2015.10.29-05.33.37:956][  0]LogInit:  - CertBundlePath = nullptr  - Libcurl will use whatever was configured at build time.
[2015.10.29-05.33.37:965][  0]LogInit: Presizing for 0 objects not considered by GC, pre-allocating 0 bytes.
[2015.10.29-05.33.37:973][  0]LogInit: Object subsystem initialized
[2015.10.29-05.33.37:975][  0]LogInit: Selected Device Profile: [Windows]
[2015.10.29-05.33.37:975][  0]LogInit: Applying CVar settings loaded from the selected device profile: [Windows]
[2015.10.29-05.33.37:987][  0]LogInit: Computer: ASUS
[2015.10.29-05.33.37:987][  0]LogInit: User: N76VJ
[2015.10.29-05.33.37:987][  0]LogInit: CPU Page size=4096, Cores=4
[2015.10.29-05.33.37:987][  0]LogInit: High frequency timer resolution =2.338451 MHz
[2015.10.29-05.33.37:987][  0]LogMemory: Memory total: Physical=11.9GB (12GB approx)
[2015.10.29-05.33.37:987][  0]LogMemory: Platform Memory Stats for Windows
[2015.10.29-05.33.37:987][  0]LogMemory: Process Physical Memory: 55.47 MB used, 55.47 MB peak
[2015.10.29-05.33.37:987][  0]LogMemory: Process Virtual Memory: 55.49 MB used, 55.49 MB peak
[2015.10.29-05.33.37:987][  0]LogMemory: Physical Memory: 5222.69 MB used, 12173.58 MB total
[2015.10.29-05.33.37:987][  0]LogMemory: Virtual Memory: 365.59 MB used, 134217728.00 MB total
[2015.10.29-05.33.38:048][  0]LogTextLocalizationManager: No specific translations for ('en-US') exist, so ('en') translations will be used.
[2015.10.29-05.33.38:700][  0]LogD3D11RHI: Found D3D11 adapter 0: Intel(R) HD Graphics 4000 (Feature Level 11_0)
[2015.10.29-05.33.38:700][  0]LogD3D11RHI: Adapter has 32MB of dedicated video memory, 0MB of dedicated system memory, and 1760MB of shared system memory, 1 output[s]
[2015.10.29-05.33.38:719][  0]LogD3D11RHI: Found D3D11 adapter 1: NVIDIA GeForce GT 635M       (Feature Level 11_0)
[2015.10.29-05.33.38:719][  0]LogD3D11RHI: Adapter has 1996MB of dedicated video memory, 0MB of dedicated system memory, and 2047MB of shared system memory, 0 output[s]
[2015.10.29-05.33.38:723][  0]LogD3D11RHI: Found D3D11 adapter 2: Microsoft Basic Render Driver (Feature Level 11_0)
[2015.10.29-05.33.38:723][  0]LogD3D11RHI: Adapter has 0MB of dedicated video memory, 0MB of dedicated system memory, and 6086MB of shared system memory, 0 output[s]
[2015.10.29-05.33.38:723][  0]LogD3D11RHI: Chosen D3D11 Adapter Id = 0
[2015.10.29-05.33.38:733][  0]LogD3D11RHI: !Direct3DDevice
[2015.10.29-05.33.38:733][  0]LogRHI: Texture pool is 1361 MB (70% of 1945 MB)
[2015.10.29-05.33.38:749][  0]LogD3D11RHI: Async texture creation enabled
[2015.10.29-05.33.38:765][  0]LogShaderCompilers: Guid format shader working directory is 14 characters bigger than the processId version (../../../../../../Users/N76VJ/Documents/RIT/GDD II/DigitalHorrorGame/GDDHorrorGame/Intermediate/Shaders/WorkingDirectory/25352/).
[2015.10.29-05.33.38:766][  0]LogShaderCompilers: Cleaned the shader compiler working directory '../../../../../../Users/N76VJ/Documents/RIT/GDD II/DigitalHorrorGame/GDDHorrorGame/Intermediate/Shaders/tmp/37DD68B649A376C15165A8B47A3271E3/'.
[2015.10.29-05.33.38:766][  0]LogShaderCompilers:Display: Using Local Shader Compiler.
[2015.10.29-05.33.39:981][  0]LogTemp:Display: Loaded TP AllDesktopTargetPlatform
[2015.10.29-05.33.39:989][  0]LogTemp:Display: Loaded TP WindowsClientTargetPlatform
[2015.10.29-05.33.39:997][  0]LogTemp:Display: Loaded TP WindowsNoEditorTargetPlatform
[2015.10.29-05.33.40:004][  0]LogTemp:Display: Loaded TP WindowsServerTargetPlatform
[2015.10.29-05.33.40:011][  0]LogTemp:Display: Loaded TP WindowsTargetPlatform
[2015.10.29-05.33.40:015][  0]LogTemp:Display: Loaded TP AndroidTargetPlatform
[2015.10.29-05.33.40:019][  0]LogTemp:Display: Loaded TP Android_ASTCTargetPlatform
[2015.10.29-05.33.40:024][  0]LogTemp:Display: Loaded TP Android_ATCTargetPlatform
[2015.10.29-05.33.40:028][  0]LogTemp:Display: Loaded TP Android_DXTTargetPlatform
[2015.10.29-05.33.40:032][  0]LogTemp:Display: Loaded TP Android_ETC1TargetPlatform
[2015.10.29-05.33.40:037][  0]LogTemp:Display: Loaded TP Android_ETC2TargetPlatform
[2015.10.29-05.33.40:042][  0]LogTemp:Display: Loaded TP Android_PVRTCTargetPlatform
[2015.10.29-05.33.40:044][  0]LogTemp:Display: Loaded TP HTML5TargetPlatform
[2015.10.29-05.33.40:064][  0]LogTemp:Display: Loaded TP IOSTargetPlatform
[2015.10.29-05.33.40:068][  0]LogTemp:Display: Loaded TP LinuxNoEditorTargetPlatform
[2015.10.29-05.33.40:072][  0]LogTemp:Display: Loaded TP LinuxServerTargetPlatform
[2015.10.29-05.33.40:077][  0]LogTemp:Display: Loaded TP LinuxTargetPlatform
[2015.10.29-05.33.40:077][  0]LogTargetPlatformManager:Display: Building Assets For Windows
[2015.10.29-05.33.40:193][  0]LogDerivedDataCache:Display: Max Cache Size: 512 MB
[2015.10.29-05.33.40:234][  0]LogDerivedDataCache: Loaded boot cache 0.04s 37MB C:/Users/N76VJ/AppData/Local/UnrealEngine/4.9/DerivedDataCache/Boot.ddc.
[2015.10.29-05.33.40:234][  0]LogDerivedDataCache:Display: Loaded Boot cache: C:/Users/N76VJ/AppData/Local/UnrealEngine/4.9/DerivedDataCache/Boot.ddc
[2015.10.29-05.33.40:234][  0]LogDerivedDataCache: FDerivedDataBackendGraph:  Pak pak cache file ../../../../../../Users/N76VJ/Documents/RIT/GDD II/DigitalHorrorGame/GDDHorrorGame/DerivedDataCache/DDC.ddp not found, will not use a pak cache.
[2015.10.29-05.33.40:234][  0]LogDerivedDataCache: Unable to find inner node Pak for hierarchical cache Hierarchy.
[2015.10.29-05.33.40:234][  0]LogDerivedDataCache: FDerivedDataBackendGraph:  CompressedPak pak cache file ../../../../../../Users/N76VJ/Documents/RIT/GDD II/DigitalHorrorGame/GDDHorrorGame/DerivedDataCache/Compressed.ddp not found, will not use a pak cache.
[2015.10.29-05.33.40:234][  0]LogDerivedDataCache: Unable to find inner node CompressedPak for hierarchical cache Hierarchy.
[2015.10.29-05.33.40:399][  0]LogDerivedDataCache:Display: Pak cache opened for reading ../../../Engine/DerivedDataCache/Compressed.ddp.
[2015.10.29-05.33.40:415][  0]LogDerivedDataCache: Using Local data cache path C:/Users/N76VJ/AppData/Local/UnrealEngine/Common/DerivedDataCache: Writable
[2015.10.29-05.33.40:680][  0]LogInit: Selected Device Profile: [Windows]
[2015.10.29-05.33.40:682][  0]LogContentStreaming: Texture pool size is 0.000000MB
[2015.10.29-05.33.40:829][  0]LogMeshUtilities: No automatic mesh reduction module available
[2015.10.29-05.33.40:829][  0]LogMeshUtilities: No automatic mesh merging module available
[2015.10.29-05.33.41:105][  0]LogInit: WinSock: version 1.1 (2.2), MaxSocks=32767, MaxUdp=65467
[2015.10.29-05.34.10:128][  0]UdpMessaging: Initializing bridge on interface 0.0.0.0:0 to multicast group 230.0.0.1:6666.
[2015.10.29-05.34.10:297][  0]LogAssetRegistry: FAssetRegistry took 0.0109 seconds to start up
[2015.10.29-05.34.10:508][  0]SourceControl: Info Source control is disabled
[2015.10.29-05.34.10:508][  0]SourceControl: Info Source control is disabled
[2015.10.29-05.34.10:523][  0]SourceControl: Info Source control is disabled
[2015.10.29-05.34.10:538][  0]SourceControl: Info Source control is disabled
[2015.10.29-05.34.11:051][  0]LogLinker:Warning: Asset '../../../Engine/Plugins/Runtime/LeapMotionController/Content/LM_PassthroughMaterial.uasset' has been saved with empty engine version. The asset will be loaded but may be incompatible.
[2015.10.29-05.34.11:153][  0]LogObj: 28361 objects as part of root set at end of initial load.
[2015.10.29-05.34.11:153][  0]LogUObjectAllocator: 6038872 out of 0 bytes used by permanent object pool.
[2015.10.29-05.34.11:217][  0]LogEngine: Initializing Engine...
[2015.10.29-05.34.11:220][  0]LogHMD: Can't find Oculus library dev build: is proper Runtime installed? Version: 0.7.0.0
[2015.10.29-05.34.11:227][  0]LogHMD: SteamVR failed to initialize.  Err: 108
[2015.10.29-05.34.11:355][  0]LogAIModule: Creating AISystem for world NewWorld
[2015.10.29-05.34.11:364][  0]LogInit: XAudio2 using 'Speakers (Realtek High Definition Audio)' : 2 channels at 48 kHz using 32 bits per sample (channel mask 0x3)
[2015.10.29-05.34.11:389][  0]LogInit: FAudioDevice initialized.
[2015.10.29-05.34.11:408][  0]LogDerivedDataCache: Saved boot cache 0.02s 37MB C:/Users/N76VJ/AppData/Local/UnrealEngine/4.9/DerivedDataCache/Boot.ddc.
[2015.10.29-05.34.11:413][  0]LogInit: Texture streaming: Enabled
[2015.10.29-05.34.11:420][  0]LogAnalytics: Creating configured Analytics provider AnalyticsET
[2015.10.29-05.34.11:420][  0]LogAnalytics: [UEEditor.Rocket.Release] APIServer = http://et2.epicgames.com/ET2/. AppVersion = 4.9.2-2707645+++depot+UE4-Releases+4.9
[2015.10.29-05.34.11:420][  0]LogAnalytics: [UEEditor.Rocket.Release] SetUserId 307c31384536427768eae98f6a462f38|065feb13441e497d8de9007e54a4f2b1|bba66cf8-b041-4635-944f-7982c7832495
[2015.10.29-05.34.11:420][  0]LogAnalytics: [UEEditor.Rocket.Release] AnalyticsET::StartSession
[2015.10.29-05.34.11:487][  0]LogInit: Transaction tracking system initialized
[2015.10.29-05.34.11:522][  0]BlueprintLog: New page: Editor Load
[2015.10.29-05.34.11:646][  0]LocalizationService: Info Localization service is disabled
[2015.10.29-05.34.13:750][  0]LogConsoleResponse:Display: 
[2015.10.29-05.34.14:919][  0]LogCook:Display: Done creating registry. It took  0.00s.
[2015.10.29-05.34.15:192][  0]LogFileCache: Scanning file cache for directory 'C:/Users/N76VJ/Documents/RIT/GDD II/DigitalHorrorGame/GDDHorrorGame/Content/' took 0.02s
[2015.10.29-05.34.15:192][  0]SourceControl: Info Source control is disabled
[2015.10.29-05.34.51:357][  0]LogWindowsTextInputMethodSystem:Display: IME system now deactivated.
[2015.10.29-05.34.51:364][  0]LogWindowsTextInputMethodSystem:Display: IME system now deactivated.
[2015.10.29-05.34.51:365][  0]Cmd: MAP LOAD FILE="../../../../../../Users/N76VJ/Documents/RIT/GDD II/DigitalHorrorGame/GDDHorrorGame/Content/ThirdPersonBP/Maps/ThirdPersonExampleMap.umap" TEMPLATE=0 SHOWPROGRESS=1 FEATURELEVEL=3
[2015.10.29-05.34.51:366][  0]LightingResults: New page: Lighting Build
[2015.10.29-05.34.51:373][  0]MapCheck: New page: Map Check
[2015.10.29-05.34.51:373][  0]LightingResults: New page: Lighting Build
[2015.10.29-05.34.51:389][  0]LogParticles: Destroying 0 GPU particle simulations for FXSystem 0x0000000B7302A160
[2015.10.29-05.34.51:412][  0]LogLinker:Warning: Asset '../../../../../../Users/N76VJ/Documents/RIT/GDD II/DigitalHorrorGame/GDDHorrorGame/Content/Mannequin/Animations/ThirdPerson_Jump.uasset' has been saved with empty engine version. The asset will be loaded but may be incompatible.
[2015.10.29-05.34.51:415][  0]LogLinker:Warning: Asset '../../../../../../Users/N76VJ/Documents/RIT/GDD II/DigitalHorrorGame/GDDHorrorGame/Content/Mannequin/Animations/ThirdPersonJump_Loop.uasset' has been saved with empty engine version. The asset will be loaded but may be incompatible.
[2015.10.29-05.34.51:417][  0]LogLinker:Warning: Asset '../../../../../../Users/N76VJ/Documents/RIT/GDD II/DigitalHorrorGame/GDDHorrorGame/Content/Mannequin/Animations/ThirdPersonJump_Start.uasset' has been saved with empty engine version. The asset will be loaded but may be incompatible.
[2015.10.29-05.34.51:418][  0]LogLinker:Warning: Asset '../../../../../../Users/N76VJ/Documents/RIT/GDD II/DigitalHorrorGame/GDDHorrorGame/Content/Mannequin/Animations/ThirdPerson_IdleRun_2D.uasset' has been saved with empty engine version. The asset will be loaded but may be incompatible.
[2015.10.29-05.34.51:419][  0]LogLinker:Warning: Asset '../../../../../../Users/N76VJ/Documents/RIT/GDD II/DigitalHorrorGame/GDDHorrorGame/Content/Mannequin/Animations/ThirdPersonIdle.uasset' has been saved with empty engine version. The asset will be loaded but may be incompatible.
[2015.10.29-05.34.56:810][  0]LogAIModule: Creating AISystem for world ThirdPersonExampleMap
[2015.10.29-05.34.56:828][  0]LogPhysics:Warning: FConstraintInstance::GetRefFrame : Contained scale.
[2015.10.29-05.34.56:828][  0]LogPhysics:Warning: FConstraintInstance::GetRefFrame : Contained scale.
[2015.10.29-05.34.56:859][  0]LogEditorServer: Finished looking for orphan Actors (0.000 secs)
[2015.10.29-05.34.56:859][  0]Cmd: MAP CHECKDEP NOCLEARLOG
[2015.10.29-05.34.57:196][  0]MapCheck: Info Map check complete: 0 Error(s), 0 Warning(s), took 336.963ms to complete.
[2015.10.29-05.34.57:197][  0]LogFileHelpers: Loading map 'ThirdPersonExampleMap' took 5.831
[2015.10.29-05.34.57:204][  0]LogWindowsTextInputMethodSystem:Display: IME system now deactivated.
[2015.10.29-05.34.57:276][  0]LogCollectionManager: Loaded 0 collections in 0.002435 seconds
[2015.10.29-05.34.57:318][  0]LogFileCache: Scanning file cache for directory 'C:/Users/N76VJ/Documents/RIT/GDD II/DigitalHorrorGame/GDDHorrorGame/Saved/Collections/' took 0.01s
[2015.10.29-05.34.57:318][  0]LogFileCache: Scanning file cache for directory 'C:/Users/N76VJ/Documents/RIT/GDD II/DigitalHorrorGame/GDDHorrorGame/Content/Developers/N76VJ/Collections/' took 0.01s
[2015.10.29-05.34.57:318][  0]LogFileCache: Scanning file cache for directory 'C:/Users/N76VJ/Documents/RIT/GDD II/DigitalHorrorGame/GDDHorrorGame/Content/Collections/' took 0.01s
[2015.10.29-05.34.57:318][  0]LogContentBrowser: Native class hierarchy populated in 0.0084 seconds. Added 1867 classes and 333 folders.
[2015.10.29-05.34.57:323][  0]LogCollectionManager: Rebuilt the GUID cache for 0 collections in 0.000003 seconds
[2015.10.29-05.34.57:330][  0]LogContentBrowser: Native class hierarchy updated for 'WidgetCarousel' in 0.0004 seconds. Added 0 classes and 0 folders.
[2015.10.29-05.34.57:404][  0]LogContentBrowser: Native class hierarchy updated for 'AddContentDialog' in 0.0004 seconds. Added 0 classes and 0 folders.
[2015.10.29-05.34.57:409][  0]LogContentBrowser: Native class hierarchy updated for 'SceneOutliner' in 0.0004 seconds. Added 1 classes and 2 folders.
[2015.10.29-05.34.57:438][  0]LogCrashTracker: Crashtracker disabled due to settings.
[2015.10.29-05.34.57:445][  0]LogUObjectGlobals:Warning: Failed to find object 'Class None.'
[2015.10.29-05.34.57:467][  0]LogStats:Warning: MetaData mismatch. Did you assign a stat to two groups? New //STATGROUP_Threads//SplashScreenThread///Thread_764c_0///####STATCAT_Advanced#### old //STATGROUP_Threads//SplashScreenThread///Thread_9ed4_0///####STATCAT_Advanced#