[2015.12.23-18.31.42:083][  0]Log file open, 12/23/15 13:31:42
[2015.12.23-18.31.42:083][  0]LogInit:Display: Running engine for game: GDDHorrorGame
[2015.12.23-18.31.42:083][  0]LogInit:Display: RandInit(1381483685) SRandInit(1381483685).
[2015.12.23-18.31.42:083][  0]LogTaskGraph: Started task graph with 4 named threads and 7 total threads.
[2015.12.23-18.31.42:083][  0]LogStats: Stats thread started at 0.101372
[2015.12.23-18.31.42:083][  0]LogInit: Version: 4.9.2-2707645+++depot+UE4-Releases+4.9
[2015.12.23-18.31.42:083][  0]LogInit: API Version: 2672455
[2015.12.23-18.31.42:083][  0]LogInit: Compiled (64-bit): Sep 28 2015 10:25:44
[2015.12.23-18.31.42:083][  0]LogInit: Compiled with Visual C++: 18.00.21005.01
[2015.12.23-18.31.42:083][  0]LogInit: Build Configuration: Development
[2015.12.23-18.31.42:083][  0]LogInit: Branch Name: ++depot+UE4-Releases+4.9
[2015.12.23-18.31.42:083][  0]LogInit: Command line:  
[2015.12.23-18.31.42:083][  0]LogInit: Base directory: C:/Program Files/Epic Games/4.9/Engine/Binaries/Win64/
[2015.12.23-18.31.42:083][  0]LogInit: Rocket: 1
[2015.12.23-18.31.42:099][  0]LogInit: Using libcurl 7.41.0
[2015.12.23-18.31.42:099][  0]LogInit:  - built for x86_64-pc-win32
[2015.12.23-18.31.42:099][  0]LogInit:  - supports SSL with WinSSL
[2015.12.23-18.31.42:099][  0]LogInit:  - other features:
[2015.12.23-18.31.42:099][  0]LogInit:      CURL_VERSION_SSL
[2015.12.23-18.31.42:099][  0]LogInit:      CURL_VERSION_IPV6
[2015.12.23-18.31.42:099][  0]LogInit:      CURL_VERSION_ASYNCHDNS
[2015.12.23-18.31.42:099][  0]LogInit:      CURL_VERSION_LARGEFILE
[2015.12.23-18.31.42:099][  0]LogInit:      CURL_VERSION_IDN
[2015.12.23-18.31.42:099][  0]LogInit:  CurlRequestOptions (configurable via config and command line):
[2015.12.23-18.31.42:099][  0]LogInit:  - bVerifyPeer = true  - Libcurl will verify peer certificate
[2015.12.23-18.31.42:099][  0]LogInit:  - bUseHttpProxy = false  - Libcurl will NOT use HTTP proxy
[2015.12.23-18.31.42:099][  0]LogInit:  - bDontReuseConnections = false  - Libcurl will reuse connections
[2015.12.23-18.31.42:099][  0]LogInit:  - CertBundlePath = nullptr  - Libcurl will use whatever was configured at build time.
[2015.12.23-18.31.42:099][  0]LogInit: Presizing for 0 objects not considered by GC, pre-allocating 0 bytes.
[2015.12.23-18.31.42:114][  0]LogInit: Object subsystem initialized
[2015.12.23-18.31.42:114][  0]LogInit: Selected Device Profile: [Windows]
[2015.12.23-18.31.42:114][  0]LogInit: Applying CVar settings loaded from the selected device profile: [Windows]
[2015.12.23-18.31.42:127][  0]LogInit: Computer: NICKSCOMPUTER
[2015.12.23-18.31.42:127][  0]LogInit: User: ntanc000
[2015.12.23-18.31.42:127][  0]LogInit: CPU Page size=4096, Cores=4
[2015.12.23-18.31.42:127][  0]LogInit: High frequency timer resolution =2.537589 MHz
[2015.12.23-18.31.42:127][  0]LogMemory: Memory total: Physical=15.9GB (16GB approx)
[2015.12.23-18.31.42:127][  0]LogMemory: Platform Memory Stats for Windows
[2015.12.23-18.31.42:127][  0]LogMemory: Process Physical Memory: 54.57 MB used, 54.57 MB peak
[2015.12.23-18.31.42:127][  0]LogMemory: Process Virtual Memory: 55.22 MB used, 55.22 MB peak
[2015.12.23-18.31.42:127][  0]LogMemory: Physical Memory: 3529.65 MB used, 16269.45 MB total
[2015.12.23-18.31.42:127][  0]LogMemory: Virtual Memory: 368.27 MB used, 134217728.00 MB total
[2015.12.23-18.31.42:466][  0]LogTextLocalizationManager: No specific translations for ('en-US') exist, so ('en') translations will be used.
[2015.12.23-18.31.43:455][  0]LogD3D11RHI: Found D3D11 adapter 0: NVIDIA GeForce GTX 980M  (Feature Level 11_0)
[2015.12.23-18.31.43:455][  0]LogD3D11RHI: Adapter has 4012MB of dedicated video memory, 0MB of dedicated system memory, and 8134MB of shared system memory, 2 output[s]
[2015.12.23-18.31.43:463][  0]LogD3D11RHI: Found D3D11 adapter 1: Intel(R) HD Graphics 4600 (Feature Level 11_0)
[2015.12.23-18.31.43:463][  0]LogD3D11RHI: Adapter has 112MB of dedicated video memory, 0MB of dedicated system memory, and 8134MB of shared system memory, 0 output[s]
[2015.12.23-18.31.43:465][  0]LogD3D11RHI: Found D3D11 adapter 2: Microsoft Basic Render Driver (Feature Level 11_0)
[2015.12.23-18.31.43:465][  0]LogD3D11RHI: Adapter has 0MB of dedicated video memory, 0MB of dedicated system memory, and 8134MB of shared system memory, 0 output[s]
[2015.12.23-18.31.43:465][  0]LogD3D11RHI: Chosen D3D11 Adapter Id = 0
[2015.12.23-18.31.43:469][  0]LogD3D11RHI: !Direct3DDevice
[2015.12.23-18.31.43:469][  0]LogRHI: Texture pool is 1361 MB (70% of 1945 MB)
[2015.12.23-18.31.43:481][  0]LogD3D11RHI: Async texture creation enabled
[2015.12.23-18.31.43:497][  0]LogShaderCompilers: Guid format shader working directory is 14 characters bigger than the processId version (../../../../../../Users/ntanc_000/Desktop/DigitalHorrorGame/DigitalHorrorGame/GDDHorrorGame/Intermediate/Shaders/WorkingDirectory/16488/).
[2015.12.23-18.31.43:497][  0]LogShaderCompilers: Cleaned the shader compiler working directory '../../../../../../Users/ntanc_000/Desktop/DigitalHorrorGame/DigitalHorrorGame/GDDHorrorGame/Intermediate/Shaders/tmp/26966F6748B11832A0D753BAB74B6D8A/'.
[2015.12.23-18.31.43:497][  0]LogShaderCompilers:Display: Using Local Shader Compiler.
[2015.12.23-18.31.44:424][  0]LogTemp:Display: Loaded TP AllDesktopTargetPlatform
[2015.12.23-18.31.44:430][  0]LogTemp:Display: Loaded TP WindowsClientTargetPlatform
[2015.12.23-18.31.44:437][  0]LogTemp:Display: Loaded TP WindowsNoEditorTargetPlatform
[2015.12.23-18.31.44:442][  0]LogTemp:Display: Loaded TP WindowsServerTargetPlatform
[2015.12.23-18.31.44:448][  0]LogTemp:Display: Loaded TP WindowsTargetPlatform
[2015.12.23-18.31.44:453][  0]LogTemp:Display: Loaded TP AndroidTargetPlatform
[2015.12.23-18.31.44:457][  0]LogTemp:Display: Loaded TP Android_ASTCTargetPlatform
[2015.12.23-18.31.44:461][  0]LogTemp:Display: Loaded TP Android_ATCTargetPlatform
[2015.12.23-18.31.44:464][  0]LogTemp:Display: Loaded TP Android_DXTTargetPlatform
[2015.12.23-18.31.44:468][  0]LogTemp:Display: Loaded TP Android_ETC1TargetPlatform
[2015.12.23-18.31.44:472][  0]LogTemp:Display: Loaded TP Android_ETC2TargetPlatform
[2015.12.23-18.31.44:477][  0]LogTemp:Display: Loaded TP Android_PVRTCTargetPlatform
[2015.12.23-18.31.44:478][  0]LogTemp:Display: Loaded TP HTML5TargetPlatform
[2015.12.23-18.31.44:496][  0]LogTemp:Display: Loaded TP IOSTargetPlatform
[2015.12.23-18.31.44:500][  0]LogTemp:Display: Loaded TP LinuxNoEditorTargetPlatform
[2015.12.23-18.31.44:503][  0]LogTemp:Display: Loaded TP LinuxServerTargetPlatform
[2015.12.23-18.31.44:508][  0]LogTemp:Display: Loaded TP LinuxTargetPlatform
[2015.12.23-18.31.44:508][  0]LogTargetPlatformManager:Display: Building Assets For Windows
[2015.12.23-18.31.44:597][  0]LogDerivedDataCache:Display: Max Cache Size: 512 MB
[2015.12.23-18.31.44:633][  0]LogDerivedDataCache: Loaded boot cache 0.04s 37MB C:/Users/ntanc_000/AppData/Local/UnrealEngine/4.9/DerivedDataCache/Boot.ddc.
[2015.12.23-18.31.44:633][  0]LogDerivedDataCache:Display: Loaded Boot cache: C:/Users/ntanc_000/AppData/Local/UnrealEngine/4.9/DerivedDataCache/Boot.ddc
[2015.12.23-18.31.44:633][  0]LogDerivedDataCache: FDerivedDataBackendGraph:  Pak pak cache file ../../../../../../Users/ntanc_000/Desktop/DigitalHorrorGame/DigitalHorrorGame/GDDHorrorGame/DerivedDataCache/DDC.ddp not found, will not use a pak cache.
[2015.12.23-18.31.44:633][  0]LogDerivedDataCache: Unable to find inner node Pak for hierarchical cache Hierarchy.
[2015.12.23-18.31.44:633][  0]LogDerivedDataCache: FDerivedDataBackendGraph:  CompressedPak pak cache file ../../../../../../Users/ntanc_000/Desktop/DigitalHorrorGame/DigitalHorrorGame/GDDHorrorGame/DerivedDataCache/Compressed.ddp not found, will not use a pak cache.
[2015.12.23-18.31.44:633][  0]LogDerivedDataCache: Unable to find inner node CompressedPak for hierarchical cache Hierarchy.
[2015.12.23-18.31.44:760][  0]LogDerivedDataCache:Display: Pak cache opened for reading ../../../Engine/DerivedDataCache/Compressed.ddp.
[2015.12.23-18.31.44:771][  0]LogDerivedDataCache: Using Local data cache path C:/Users/ntanc_000/AppData/Local/UnrealEngine/Common/DerivedDataCache: Writable
[2015.12.23-18.31.44:930][  0]LogInit: Selected Device Profile: [Windows]
[2015.12.23-18.31.44:932][  0]LogContentStreaming: Texture pool size is 0.000000MB
[2015.12.23-18.31.45:041][  0]LogMeshUtilities: No automatic mesh reduction module available
[2015.12.23-18.31.45:041][  0]LogMeshUtilities: No automatic mesh merging module available
[2015.12.23-18.31.45:255][  0]LogInit: WinSock: version 1.1 (2.2), MaxSocks=32767, MaxUdp=65467
[2015.12.23-18.31.45:871][  0]UdpMessaging: Initializing bridge on interface 0.0.0.0:0 to multicast group 230.0.0.1:6666.
[2015.12.23-18.31.46:017][  0]LogAssetRegistry: FAssetRegistry took 0.0110 seconds to start up
[2015.12.23-18.31.46:172][  0]SourceControl: Info Source control is disabled
[2015.12.23-18.31.46:172][  0]SourceControl: Info Source control is disabled
[2015.12.23-18.31.46:183][  0]SourceControl: Info Source control is disabled
[2015.12.23-18.31.46:193][  0]SourceControl: Info Source control is disabled
[2015.12.23-18.31.46:347][  0]LogLinker:Warning: Asset '../../../Engine/Plugins/Runtime/LeapMotionController/Content/LM_PassthroughMaterial.uasset' has been saved with empty engine version. The asset will be loaded but may be incompatible.
[2015.12.23-18.31.46:424][  0]LogObj: 28361 objects as part of root set at end of initial load.
[2015.12.23-18.31.46:424][  0]LogUObjectAllocator: 6038872 out of 0 bytes used by permanent object pool.
[2015.12.23-18.31.46:477][  0]LogEngine: Initializing Engine...
[2015.12.23-18.31.46:479][  0]LogHMD: Can't find Oculus library dev build: is proper Runtime installed? Version: 0.7.0.0
[2015.12.23-18.31.46:479][  0]LogHMD: SteamVR failed to initialize.  Err: 110
[2015.12.23-18.31.46:575][  0]LogAIModule: Creating AISystem for world NewWorld
[2015.12.23-18.31.46:582][  0]LogInit: XAudio2 using 'Speakers (Sound Blaster Recon3Di)' : 2 channels at 48 kHz using 32 bits per sample (channel mask 0x3)
[2015.12.23-18.31.46:599][  0]LogInit: FAudioDevice initialized.
[2015.12.23-18.31.46:617][  0]LogDerivedDataCache: Saved boot cache 0.02s 37MB C:/Users/ntanc_000/AppData/Local/UnrealEngine/4.9/DerivedDataCache/Boot.ddc.
[2015.12.23-18.31.46:620][  0]LogInit: Texture streaming: Enabled
[2015.12.23-18.31.46:626][  0]LogAnalytics: Creating configured Analytics provider AnalyticsET
[2015.12.23-18.31.46:626][  0]LogAnalytics: [UEEditor.Rocket.Release] APIServer = http://et2.epicgames.com/ET2/. AppVersion = 4.9.2-2707645+++depot+UE4-Releases+4.9
[2015.12.23-18.31.46:626][  0]LogAnalytics: [UEEditor.Rocket.Release] SetUserId 2c211ad74a9e5469c13dfaa1059b2d42|1bd0216fcaf5458183f89cc914276325|d020360b-9246-478a-84ac-08a9775e7849
[2015.12.23-18.31.46:627][  0]LogAnalytics: [UEEditor.Rocket.Release] AnalyticsET::StartSession
[2015.12.23-18.31.46:662][  0]LogInit: Transaction tracking system initialized
[2015.12.23-18.31.46:696][  0]BlueprintLog: New page: Editor Load
[2015.12.23-18.31.46:789][  0]LocalizationService: Info Localization service is disabled
[2015.12.23-18.31.46:865][  0]LogConsoleResponse:Display: 
[2015.12.23-18.31.46:959][  0]LogCook:Display: Done creating registry. It took  0.00s.
[2015.12.23-18.31.47:016][  0]LogFileCache: Scanning file cache for directory 'C:/Users/ntanc_000/Desktop/DigitalHorrorGame/DigitalHorrorGame/GDDHorrorGame/Content/' took 0.02s
[2015.12.23-18.31.47:016][  0]SourceControl: Info Source control is disabled
[2015.12.23-18.31.47:017][  0]LightingResults: New page: Lighting Build
[2015.12.23-18.31.47:020][  0]MapCheck: New page: Map Check
[2015.12.23-18.31.47:020][  0]LightingResults: New page: Lighting Build
[2015.12.23-18.31.47:028][  0]LogParticles: Destroying 0 GPU particle simulations for FXSystem 0x000001C55001E160
[2015.12.23-18.31.47:044][  0]LogLinker:Warning: Asset '../../../../../../Users/ntanc_000/Desktop/DigitalHorrorGame/DigitalHorrorGame/GDDHorrorGame/Content/Mannequin/Animations/ThirdPerson_Jump.uasset' has been saved with empty engine version. The asset will be loaded but may be incompatible.
[2015.12.23-18.31.47:046][  0]LogLinker:Warning: Asset '../../../../../../Users/ntanc_000/Desktop/DigitalHorrorGame/DigitalHorrorGame/GDDHorrorGame/Content/Mannequin/Animations/ThirdPersonJump_Loop.uasset' has been saved with empty engine version. The asset will be loaded but may be incompatible.
[2015.12.23-18.31.47:047][  0]LogLinker:Warning: Asset '../../../../../../Users/ntanc_000/Desktop/DigitalHorrorGame/DigitalHorrorGame/GDDHorrorGame/Content/Mannequin/Animations/ThirdPersonJump_Start.uasset' has been saved with empty engine version. The asset will be loaded but may be incompatible.
[2015.12.23-18.31.47:048][  0]LogLinker:Warning: Asset '../../../../../../Users/ntanc_000/Desktop/DigitalHorrorGame/DigitalHorrorGame/GDDHorrorGame/Content/Mannequin/Animations/ThirdPerson_IdleRun_2D.uasset' has been saved with empty engine version. The asset will be loaded but may be incompatible.
[2015.12.23-18.31.47:048][  0]LogLinker:Warning: Asset '../../../../../../Users/ntanc_000/Desktop/DigitalHorrorGame/DigitalHorrorGame/GDDHorrorGame/Content/Mannequin/Animations/ThirdPersonIdle.uasset' has been saved with empty engine version. The asset will be loaded but may be incompatible.
[2015.12.23-18.31.51:268][  0]LogAIModule: Creating AISystem for world ThirdPersonExampleMap
[2015.12.23-18.31.51:283][  0]LogPhysics:Warning: FConstraintInstance::GetRefFrame : Contained scale.
[2015.12.23-18.31.51:283][  0]LogPhysics:Warning: FConstraintInstance::GetRefFrame : Contained scale.
[2015.12.23-18.31.51:307][  0]LogEditorServer: Finished looking for orphan Actors (0.000 secs)
[2015.12.23-18.31.51:307][  0]Cmd: MAP CHECKDEP NOCLEARLOG
[2015.12.23-18.31.51:437][  0]MapCheck: Info Map check complete: 0 Error(s), 0 Warning(s), took 128.779ms to complete.
[2015.12.23-18.31.51:437][  0]LogFileHelpers: Loading map 'ThirdPersonExampleMap' took 4.420
[2015.12.23-18.31.51:587][  0]LogCollectionManager: Loaded 0 collections in 0.002500 seconds
[2015.12.23-18.31.51:628][  0]LogFileCache: Scanning file cache for directory 'C:/Users/ntanc_000/Desktop/DigitalHorrorGame/DigitalHorrorGame/GDDHorrorGame/Saved/Collections/' took 0.01s
[2015.12.23-18.31.51:628][  0]LogFileCache: Scanning file cache for directory 'C:/Users/ntanc_000/Desktop/DigitalHorrorGame/DigitalHorrorGame/GDDHorrorGame/Content/Developers/ntanc000/Collections/' took 0.01s
[2015.12.23-18.31.51:628][  0]LogFileCache: Scanning file cache for directory 'C:/Users/ntanc_000/Desktop/DigitalHorrorGame/DigitalHorrorGame/GDDHorrorGame/Content/Collections/' took 0.01s
[2015.12.23-18.31.51:628][  0]LogContentBrowser: Native class hierarchy populated in 0.0070 seconds. Added 1867 classes and 333 folders.
[2015.12.23-18.31.51:638][  0]LogCollectionManager: Rebuilt the GUID cache for 0 collections in 0.000002 seconds
[2015.12.23-18.31.51:644][  0]LogContentBrowser: Native class hierarchy updated for 'WidgetCarousel' in 0.0003 seconds. Added 0 classes and 0 folders.
[2015.12.23-18.31.51:680][  0]LogContentBrowser: Native class hierarchy updated for 'AddContentDialog' in 0.0003 seconds. Added 0 classes and 0 folders.
[2015.12.23-18.31.51:693][  0]LogContentBrowser: Native class hierarchy updated for 'SceneOutliner' in 0.0004 seconds. Added 1 classes and 2 folders.
[2015.12.23-18.31.51:768][  0]LogCrashTracker: Crashtracker disabled due to settings.
[2015.12.23-18.31.51:773][  0]LogUObjectGlobals:Warning: Failed to find object 'Class None.'
[2015.12.23-18.31.51:794][  0]LogLoad: Full Startup: 10.26 seconds (BP compile: 0.81 seconds)
[2015.12.23-18.31.52:212][  0]LogContentStreaming: Texture pool size now 1000 MB
[2015.12.23-18.31.52:346][  0]LogRenderer: Reallocating scene render targets to support 912x480 (Frame:2).
[2015.12.23-18.31.59:476][ 22]LogAssetRegistry: Asset discovery search completed in 13.4697 seconds
[2015.12.23-18.31.59:476][ 22]LogCollectionManager: Rebuilt the object cache for 0 collections in 0.000001 seconds (found 0 objects)
[2015.12.23-18.31.59:476][ 22]LogCollectionManager: Fixed up redirectors for 0 collections in 0.000063 seconds (updated 0 objects)
[2015.12.23-18.32.20:360][863]LogTexture:Display: Building textures: bed-2 (AutoDXT)
[2015.12.23-18.32.23:358][ 18]LogEditorViewport: Clicking on Actor (LMB): BP_Bed_C (BP_Bed)
[2015.12.23-18.32.36:831][776]LogMaterial: Missing cached shader map for material bed-2_Mat, compiling. 
[2015.12.23-18.32.43:964][177]Cmd: TRANSACTION UNDO
[2015.12.23-18.32.43:964][177]LogEditorTransaction: Undo Replace component used material
[2015.12.23-18.41.53:371][956]LogSavePackage: Save=1180.006348ms
[2015.12.23-18.41.53:371][956]LogSavePackage: Moving '../../../../../../Users/ntanc_000/Desktop/DigitalHorrorGame/DigitalHorrorGame/GDDHorrorGame/Saved/ThirdPersonExampleMap_Auto11DEA76014D4B9BAB1EB3DE941F4601E3.tmp' to '../../../../../../Users/ntanc_000/Desktop/DigitalHorrorGame/DigitalHorrorGame/GDDHorrorGame/Saved/Autosaves/Game/ThirdPersonBP/Maps/ThirdPersonExampleMap_Auto1.umap'
[2015.12.23-18.41.53:376][956]LogSavePackage: Total save time: 1197.820056ms
[2015.12.23-18.41.53:376][956]LogSavePackage:Warning: Finished SavePackage ../../../../../../Users/ntanc_000/Desktop/DigitalHorrorGame/DigitalHorrorGame/GDDHorrorGame/Saved/Autosaves/Game/ThirdPersonBP/Maps/ThirdPersonExampleMap_Auto1.umap
[2015.12.23-18.41.53:383][956]LogFileHelpers: Editor autosave (incl. sublevels) for '/Game/ThirdPersonBP/Maps/ThirdPersonExampleMap' took 1.235
[2015.12.23-18.41.53:383][956]LogFileHelpers: Editor autosave (incl. sublevels) for all levels took 1.235
[2015.12.23-18.44.13:842][626]LogRenderer: Reallocating scene render targets to support 1912x1284 (Frame:9125).
[2015.12.23-18.44.33:639][930]LogObjectTools:Warning: ForceReplaceReferences replaced references for a transient object 'StaticMeshComponent_13' or package '/Engine/Transient'.
[2015.12.23-18.44.33:641][930]LogPhysics:Warning: FConstraintInstance::GetRefFrame : Contained scale.
[2015.12.23-18.44.33:641][930]LogPhysics:Warning: FConstraintInstance::GetRefFrame : Contained scale.
[2015.12.23-18.44.33:740][930]LogParticles: Destroying 0 GPU particle simulations for FXSystem 0x000001C55AFEA340
[2015.12.23-18.44.40:767][332]LogEditorViewport: Clicking on Actor (LMB): StaticMeshActor (Bed2)
[2015.12.23-18.45.12:850][171]LogSavePackage: Save=1226.680176ms
[2015.12.23-18.45.12:851][171]LogSavePackage: Moving '../../../../../../Users/ntanc_000/Desktop/DigitalHorrorGame/DigitalHorrorGame/GDDHorrorGame/Saved/ThirdPersonExampleMapD9FEF3B54DD050A0450D0E96F05E7A56.tmp' to '../../../../../../Users/ntanc_000/Desktop/DigitalHorrorGame/DigitalHorrorGame/GDDHorrorGame/Content/ThirdPersonBP/Maps/ThirdPersonExampleMap.umap'
[2015.12.23-18.45.12:855][171]LogSavePackage: Total save time: 1234.578572ms
[2015.12.23-18.45.12:855][171]LogSavePackage:Warning: Finished SavePackage ../../../../../../Users/ntanc_000/Desktop/DigitalHorrorGame/DigitalHorrorGame/GDDHorrorGame/Content/ThirdPersonBP/Maps/ThirdPersonExampleMap.umap
[2015.12.23-18.46.02:807][847]LogWindowsTextInputMethodSystem:Display: IME system now deactivated.
[2015.12.23-18.46.02:808][847]LogWindowsTextInputMethodSystem:Display: IME system now deactivated.
[2015.12.23-18.46.03:090][848]Cmd: QUIT_EDITOR
[2015.12.23-18.46.03:398][848]LogExit: Preparing to exit.
[2015.12.23-18.46.04:154][848]LogExit: Editor shut down
[2015.12.23-18.46.04:155][848]LogExit: Transaction tracking system shut down
[2015.12.23-18.46.04:169][848]LogParticles: Destroying 0 GPU particle simulations for FXSystem 0x000001C57EF24360
[2015.12.23-18.46.04:170][848]LogParticles: Destroying 0 GPU particle simulations for FXSystem 0x000001C54F7C9800
[2015.12.23-18.46.04:170][848]LogParticles: Destroying 0 GPU particle simulations for FXSystem 0x000001C50D790540
[2015.12.23-18.46.04:170][848]LogParticles: Destroying 0 GPU particle simulations for FXSystem 0x000001C51139CF40
[2015.12.23-18.46.04:170][848]LogParticles: Destroying 0 GPU particle simulations for FXSystem 0x000001C51139D080
[2015.12.23-18.46.04:373][848]LogExit: Object subsystem successfully closed.
[2015.12.23-18.46.04:401][848]LogD3D11RHI: Shutdown
[2015.12.23-18.46.04:401][848]LogD3D11RHI: CleanupD3DDevice
[2015.12.23-18.46.04:505][848]LogD3D11RHI: ~FD3D11DynamicRHI
[2015.12.23-18.46.04:522][848]LogModuleManager: Shutting down and abandoning module StaticMeshEditor (198)
[2015.12.23-18.46.04:522][848]LogModuleManager: Shutting down and abandoning module CrashTracker (197)
[2015.12.23-18.46.04:522][848]LogModuleManager: Shutting down and abandoning module SceneOutliner (196)
[2015.12.23-18.46.04:523][848]LogModuleManager: Shutting down and abandoning module SuperSearch (195)
[2015.12.23-18.46.04:523][848]LogModuleManager: Shutting down and abandoning module WidgetCarousel (194)
[2015.12.23-18.46.04:523][848]LogModuleManager: Shutting down and abandoning module AddContentDialog (193)
[2015.12.23-18.46.04:524][848]LogModuleManager: Shutting down and abandoning module EditorWidgets (192)
[2015.12.23-18.46.04:524][848]LogModuleManager: Shutting down and abandoning module CollectionManager (191)
[2015.12.23-18.46.04:524][848]LogModuleManager: Shutting down and abandoning module StatsViewer (190)
[2015.12.23-18.46.04:524][848]LogModuleManager: Shutting down and abandoning module FoliageEdit (189)
[2015.12.23-18.46.04:524][848]LogModuleManager: Shutting down and abandoning module LandscapeEditor (188)
[2015.12.23-18.46.04:524][848]LogModuleManager: Shutting down and abandoning module ActorPickerMode (187)
[2015.12.23-18.46.04:524][848]LogModuleManager: Shutting down and abandoning module GeometryMode (186)
[2015.12.23-18.46.04:524][848]LogModuleManager: Shutting down and abandoning module TextureAlignMode (185)
[2015.12.23-18.46.04:524][848]LogModuleManager: Shutting down and abandoning module BspMode (184)
[2015.12.23-18.46.04:524][848]LogModuleManager: Shutting down and abandoning module PlacementMode (183)
[2015.12.23-18.46.04:524][848]LogModuleManager: Shutting down and abandoning module AutomationWorker (182)
[2015.12.23-18.46.04:524][848]LogModuleManager: Shutting down and abandoning module CharacterAI (181)
[2015.12.23-18.46.04:524][848]LogModuleManager: Shutting down and abandoning module SmartSnapping (180)
[2015.12.23-18.46.04:524][848]LogModuleManager: Shutting down and abandoning module ViewportSnapping (179)
[2015.12.23-18.46.04:524][848]LogModuleManager: Shutting down and abandoning module LogVisualizer (178)
[2015.12.23-18.46.04:524][848]LogModuleManager: Shutting down and abandoning module GameProjectGeneration (177)
[2015.12.23-18.46.04:524][848]LogModuleManager: Shutting down and abandoning module IntroTutorials (176)
[2015.12.23-18.46.04:524][848]LogModuleManager: Shutting down and abandoning module EditorLiveStreaming (175)
[2015.12.23-18.46.04:524][848]LogModuleManager: Shutting down and abandoning module IOSPlatformEditor (174)
[2015.12.23-18.46.04:524][848]LogModuleManager: Shutting down and abandoning module HTML5PlatformEditor (173)
[2015.12.23-18.46.04:524][848]LogModuleManager: Shutting down and abandoning module AndroidDeviceDetection (172)
[2015.12.23-18.46.05:101][848]LogModuleManager: Shutting down and abandoning module AndroidPlatformEditor (171)
[2015.12.23-18.46.05:101][848]LogModuleManager: Shutting down and abandoning module IOSRuntimeSettings (170)
[2015.12.23-18.46.05:101][848]LogModuleManager: Shutting down and abandoning module AndroidRuntimeSettings (169)
[2015.12.23-18.46.05:101][848]LogModuleManager: Shutting down and abandoning module MergeActors (168)
[2015.12.23-18.46.05:101][848]LogModuleManager: Shutting down and abandoning module SizeMap (167)
[2015.12.23-18.46.05:101][848]LogModuleManager: Shutting down and abandoning module TreeMap (166)
[2015.12.23-18.46.05:101][848]LogModuleManager: Shutting down and abandoning module ReferenceViewer (165)
[2015.12.23-18.46.05:101][848]LogModuleManager: Shutting down and abandoning module LocalizationService (164)
[2015.12.23-18.46.05:101][848]LogModuleManager: Shutting down and abandoning module LocalizationDashboard (163)
[2015.12.23-18.46.05:101][848]LogModuleManager: Shutting down and abandoning module HardwareTargeting (162)
[2015.12.23-18.46.05:101][848]LogModuleManager: Shutting down and abandoning module DeviceProfileEditor (161)
[2015.12.23-18.46.05:101][848]LogModuleManager: Shutting down and abandoning module UndoHistory (160)
[2015.12.23-18.46.05:101][848]LogModuleManager: Shutting down and abandoning module GameplayTagsEditor (159)
[2015.12.23-18.46.05:101][848]LogModuleManager: Shutting down and abandoning module UserFeedback (158)
[2015.12.23-18.46.05:101][848]LogModuleManager: Shutting down and abandoning module XmlParser (157)
[2015.12.23-18.46.05:101][848]LogModuleManager: Shutting down and abandoning module Blutility (156)
[2015.12.23-18.46.05:101][848]LogModuleManager: Shutting down and abandoning module ProjectTargetPlatformEditor (155)
[2015.12.23-18.46.05:101][848]LogModuleManager: Shutting down and abandoning module ProjectSettingsViewer (154)
[2015.12.23-18.46.05:101][848]LogModuleManager: Shutting down and abandoning module InputBindingEditor (153)
[2015.12.23-18.46.05:102][848]LogModuleManager: Shutting down and abandoning module EditorSettingsViewer (152)
[2015.12.23-18.46.05:102][848]LogModuleManager: Shutting down and abandoning module SettingsEditor (151)
[2015.12.23-18.46.05:102][848]LogModuleManager: Shutting down and abandoning module ProjectLauncher (150)
[2015.12.23-18.46.05:102][848]LogModuleManager: Shutting down and abandoning module SessionFrontend (149)
[2015.12.23-18.46.05:102][848]LogModuleManager: Shutting down and abandoning module ProfilerClient (148)
[2015.12.23-18.46.05:102][848]LogModuleManager: Shutting down and abandoning module TargetDeviceServices (147)
[2015.12.23-18.46.05:102][848]LogModuleManager: Shutting down and abandoning module DeviceManager (146)
[2015.12.23-18.46.05:102][848]LogModuleManager: Shutting down and abandoning module AutomationController (145)
[2015.12.23-18.46.05:102][848]LogModuleManager: Shutting down and abandoning module AutomationWindow (144)
[2015.12.23-18.46.05:102][848]LogModuleManager: Shutting down and abandoning module Layers (143)
[2015.12.23-18.46.05:102][848]LogModuleManager: Shutting down and abandoning module ComponentVisualizers (142)
[2015.12.23-18.46.05:102][848]LogModuleManager: Shutting down and abandoning module DetailCustomizations (141)
[2015.12.23-18.46.05:102][848]LogModuleManager: Shutting down and abandoning module PackagesDialog (140)
[2015.12.23-18.46.05:102][848]LogModuleManager: Shutting down and abandoning module Persona (139)
[2015.12.23-18.46.05:102][848]LogModuleManager: Shutting down and abandoning module Kismet (138)
[2015.12.23-18.46.05:102][848]LogModuleManager: Shutting down and abandoning module GraphEditor (137)
[2015.12.23-18.46.05:102][848]LogModuleManager: Shutting down and abandoning module ClassViewer (136)
[2015.12.23-18.46.05:102][848]LogModuleManager: Shutting down and abandoning module Toolbox (135)
[2015.12.23-18.46.05:102][848]LogModuleManager: Shutting down and abandoning module ModuleUI (134)
[2015.12.23-18.46.05:102][848]LogModuleManager: Shutting down and abandoning module MovieSceneTools (133)
[2015.12.23-18.46.05:102][848]LogModuleManager: Shutting down and abandoning module OutputLog (132)
[2015.12.23-18.46.05:102][848]LogModuleManager: Shutting down and abandoning module GammaUI (131)
[2015.12.23-18.46.05:102][848]LogModuleManager: Shutting down and abandoning module Documentation (130)
[2015.12.23-18.46.05:102][848]LogModuleManager: Shutting down and abandoning module GameLiveStreaming (129)
[2015.12.23-18.46.05:102][848]LogModuleManager: Shutting down and abandoning module StreamingPauseRendering (128)
[2015.12.23-18.46.05:102][848]LogModuleManager: Shutting down and abandoning module AnalyticsET (127)
[2015.12.23-18.46.05:102][848]LogModuleManager: Shutting down and abandoning module Analytics (126)
[2015.12.23-18.46.05:102][848]LogModuleManager: Shutting down and abandoning module AITestSuite (125)
[2015.12.23-18.46.05:102][848]LogModuleManager: Shutting down and abandoning module GameplayDebugger (124)
[2015.12.23-18.46.05:102][848]LogModuleManager: Shutting down and abandoning module AIModule (123)
[2015.12.23-18.46.05:102][848]LogModuleManager: Shutting down and abandoning module ProfilerService (122)
[2015.12.23-18.46.05:318][848]LogModuleManager: Shutting down and abandoning module TaskGraph (121)
[2015.12.23-18.46.05:318][848]LogModuleManager: Shutting down and abandoning module SlateRemote (120)
[2015.12.23-18.46.05:318][848]LogModuleManager: Shutting down and abandoning module SteamVRController (119)
[2015.12.23-18.46.05:318][848]LogModuleManager: Shutting down and abandoning module SteamVR (118)
[2015.12.23-18.46.05:318][848]LogModuleManager: Shutting down and abandoning module ProceduralMeshComponent (117)
[2015.12.23-18.46.05:318][848]LogModuleManager: Shutting down and abandoning module OculusRift (116)
[2015.12.23-18.46.05:318][848]LogModuleManager: Shutting down and abandoning module OculusLibrary (115)
[2015.12.23-18.46.05:318][848]LogModuleManager: Shutting down and abandoning module LeapMotionController (114)
[2015.12.23-18.46.05:332][848]LogModuleManager: Shutting down and abandoning module CustomMeshComponent (113)
[2015.12.23-18.46.05:332][848]LogModuleManager: Shutting down and abandoning module CableComponent (112)
[2015.12.23-18.46.05:332][848]LogModuleManager: Shutting down and abandoning module ArchVisCharacter (111)
[2015.12.23-18.46.05:332][848]LogModuleManager: Shutting down and abandoning module MessagingDebugger (110)
[2015.12.23-18.46.05:332][848]LogModuleManager: Shutting down and abandoning module MediaPlayerEditor (109)
[2015.12.23-18.46.05:332][848]LogModuleManager: Shutting down and abandoning module HTML5Networking (108)
[2015.12.23-18.46.05:332][848]LogModuleManager: Shutting down and abandoning module SpeedTreeImporter (107)
[2015.12.23-18.46.05:332][848]LogModuleManager: Shutting down and abandoning module PluginBrowser (106)
[2015.12.23-18.46.05:332][848]LogModuleManager: Shutting down and abandoning module EpicSurvey (105)
[2015.12.23-18.46.05:332][848]LogModuleManager: Shutting down and abandoning module DesktopPlatform (104)
[2015.12.23-18.46.05:332][848]LogModuleManager: Shutting down and abandoning module VisualStudioSourceCodeAccess (103)
[2015.12.23-18.46.05:332][848]LogModuleManager: Shutting down and abandoning module UObjectPlugin (102)
[2015.12.23-18.46.05:332][848]LogModuleManager: Shutting down and abandoning module SubversionSourceControl (101)
[2015.12.23-18.46.05:332][848]LogModuleManager: Shutting down and abandoning module PerforceSourceControl (100)
[2015.12.23-18.46.05:332][848]LogModuleManager: Shutting down and abandoning module SourceControl (99)
[2015.12.23-18.46.05:332][848]LogModuleManager: Shutting down and abandoning module GitSourceControl (98)
[2015.12.23-18.46.05:332][848]LogModuleManager: Shutting down and abandoning module LightPropagationVolumeEditor (97)
[2015.12.23-18.46.05:332][848]LogModuleManager: Shutting down and abandoning module PaperTiledImporter (96)
[2015.12.23-18.46.05:332][848]LogModuleManager: Shutting down and abandoning module PaperSpriteSheetImporter (95)
[2015.12.23-18.46.05:332][848]LogModuleManager: Shutting down and abandoning module MeshPaint (94)
[2015.12.23-18.46.05:332][848]LogModuleManager: Shutting down and abandoning module SlateReflector (93)
[2015.12.23-18.46.05:332][848]LogModuleManager: Shutting down and abandoning module HotReload (92)
[2015.12.23-18.46.05:332][848]LogModuleManager: Shutting down and abandoning module MainFrame (91)
[2015.12.23-18.46.05:332][848]LogModuleManager: Shutting down and abandoning module LevelEditor (90)
[2015.12.23-18.46.05:333][848]LogModuleManager: Shutting down and abandoning module DirectoryWatcher (89)
[2015.12.23-18.46.05:334][848]LogModuleManager: Shutting down and abandoning module AssetRegistry (88)
[2015.12.23-18.46.05:383][848]LogModuleManager: Shutting down and abandoning module ContentBrowser (87)
[2015.12.23-18.46.05:383][848]LogModuleManager: Shutting down and abandoning module Paper2DEditor (86)
[2015.12.23-18.46.05:383][848]LogModuleManager: Shutting down and abandoning module UdpMessaging (85)
[2015.12.23-18.46.05:484][848]LogModuleManager: Shutting down and abandoning module LightPropagationVolumeRuntime (84)
[2015.12.23-18.46.05:484][848]LogModuleManager: Shutting down and abandoning module Paper2D (83)
[2015.12.23-18.46.05:484][848]LogModuleManager: Shutting down and abandoning module WindowsMoviePlayer (82)
[2015.12.23-18.46.05:490][848]LogModuleManager: Shutting down and abandoning module Media (81)
[2015.12.23-18.46.05:490][848]LogModuleManager: Shutting down and abandoning module WmfMedia (80)
[2015.12.23-18.46.05:490][848]LogModuleManager: Shutting down and abandoning module OnlineBlueprintSupport (79)
[2015.12.23-18.46.05:490][848]LogModuleManager: Shutting down and abandoning module GameplayTasksEditor (78)
[2015.12.23-18.46.05:490][848]LogModuleManager: Shutting down and abandoning module PropertyEditor (77)
[2015.12.23-18.46.05:490][848]LogModuleManager: Shutting down and abandoning module BehaviorTreeEditor (76)
[2015.12.23-18.46.05:490][848]LogModuleManager: Shutting down and abandoning module FunctionalTesting (75)
[2015.12.23-18.46.05:490][848]LogModuleManager: Shutting down and abandoning module CollisionAnalyzer (74)
[2015.12.23-18.46.05:490][848]LogModuleManager: Shutting down and abandoning module WorkspaceMenuStructure (73)
[2015.12.23-18.46.05:490][848]LogModuleManager: Shutting down and abandoning module MessageLog (72)
[2015.12.23-18.46.05:490][848]LogModuleManager: Shutting down and abandoning module Sequencer (71)
[2015.12.23-18.46.05:490][848]LogModuleManager: Shutting down and abandoning module AssetTools (70)
[2015.12.23-18.46.05:490][848]LogModuleManager: Shutting down and abandoning module UMGEditor (69)
[2015.12.23-18.46.05:490][848]LogModuleManager: Shutting down and abandoning module UMG (68)
[2015.12.23-18.46.05:491][848]LogModuleManager: Shutting down and abandoning module Slate (67)
[2015.12.23-18.46.05:491][848]LogModuleManager: Shutting down and abandoning module EditorStyle (66)
[2015.12.23-18.46.05:492][848]LogModuleManager: Shutting down and abandoning module SessionServices (65)
[2015.12.23-18.46.05:492][848]LogModuleManager: Shutting down and abandoning module SourceCodeAccess (64)
[2015.12.23-18.46.05:492][848]LogModuleManager: Shutting down and abandoning module HeadMountedDisplay (63)
[2015.12.23-18.46.05:492][848]LogModuleManager: Shutting down and abandoning module XAudio2 (62)
[2015.12.23-18.46.05:492][848]LogModuleManager: Shutting down and abandoning module Networking (60)
[2015.12.23-18.46.05:492][848]LogModuleManager: Shutting down and abandoning module Core (59)
[2015.12.23-18.46.05:492][848]LogModuleManager: Shutting down and abandoning module KismetCompiler (58)
[2015.12.23-18.46.05:492][848]LogModuleManager: Shutting down and abandoning module PhysXFormats (57)
[2015.12.23-18.46.05:492][848]LogModuleManager: Shutting down and abandoning module MeshUtilities (56)
[2015.12.23-18.46.05:492][848]LogModuleManager: Shutting down and abandoning module CookingStats (55)
[2015.12.23-18.46.05:495][848]LogModuleManager: Shutting down and abandoning module DerivedDataCache (54)
[2015.12.23-18.46.05:592][848]LogDerivedDataCache: Shutdown
[2015.12.23-18.46.05:592][848]LogModuleManager: Shutting down and abandoning module ShaderFormatOpenGL (53)
[2015.12.23-18.46.05:592][848]LogModuleManager: Shutting down and abandoning module ShaderFormatD3D (52)
[2015.12.23-18.46.05:592][848]LogModuleManager: Shutting down and abandoning module MetalShaderFormat (51)
[2015.12.23-18.46.05:592][848]LogModuleManager: Shutting down and abandoning module TextureFormatUncompressed (50)
[2015.12.23-18.46.05:592][848]LogModuleManager: Shutting down and abandoning module TextureFormatPVR (49)
[2015.12.23-18.46.05:592][848]LogModuleManager: Shutting down and abandoning module TextureFormatIntelISPCTexComp (48)
[2015.12.23-18.46.05:592][848]LogModuleManager: Shutting down and abandoning module TextureFormatDXT (47)
[2015.12.23-18.46.05:592][848]LogModuleManager: Shutting down and abandoning module ImageWrapper (46)
[2015.12.23-18.46.05:592][848]LogModuleManager: Shutting down and abandoning module TextureFormatASTC (45)
[2015.12.23-18.46.05:592][848]LogModuleManager: Shutting down and abandoning module TextureFormatAndroid (44)
[2015.12.23-18.46.05:592][848]LogModuleManager: Shutting down and abandoning module AudioFormatOpus (43)
[2015.12.23-18.46.05:592][848]LogModuleManager: Shutting down and abandoning module AudioFormatOgg (42)
[2015.12.23-18.46.05:592][848]LogModuleManager: Shutting down and abandoning module AudioFormatADPCM (41)
[2015.12.23-18.46.05:592][848]LogModuleManager: Shutting down and abandoning module LinuxTargetPlatform (40)
[2015.12.23-18.46.05:592][848]LogModuleManager: Shutting down and abandoning module LinuxServerTargetPlatform (39)
[2015.12.23-18.46.05:592][848]LogModuleManager: Shutting down and abandoning module LinuxNoEditorTargetPlatform (38)
[2015.12.23-18.46.05:592][848]LogModuleManager: Shutting down and abandoning module Messaging (37)
[2015.12.23-18.46.05:592][848]LogModuleManager: Shutting down and abandoning module IOSTargetPlatform (36)
[2015.12.23-18.46.05:592][848]LogModuleManager: Shutting down and abandoning module HTML5TargetPlatform (35)
[2015.12.23-18.46.05:592][848]LogModuleManager: Shutting down and abandoning module Android_PVRTCTargetPlatform (34)
[2015.12.23-18.46.05:592][848]LogModuleManager: Shutting down and abandoning module Android_ETC2TargetPlatform (33)
[2015.12.23-18.46.05:592][848]LogModuleManager: Shutting down and abandoning module Android_ETC1TargetPlatform (32)
[2015.12.23-18.46.05:592][848]LogModuleManager: Shutting down and abandoning module Android_DXTTargetPlatform (31)
[2015.12.23-18.46.05:592][848]LogModuleManager: Shutting down and abandoning module Android_ATCTargetPlatform (30)
[2015.12.23-18.46.05:592][848]LogModuleManager: Shutting down and abandoning module Android_ASTCTargetPlatform (29)
[2015.12.23-18.46.05:592][848]LogModuleManager: Shutting down and abandoning module AndroidTargetPlatform (28)
[2015.12.23-18.46.05:592][848]LogModuleManager: Shutting down and abandoning module WindowsTargetPlatform (27)
[2015.12.23-18.46.05:592][848]LogModuleManager: Shutting down and abandoning module WindowsServerTargetPlatform (26)
[2015.12.23-18.46.05:592][848]LogModuleManager: Shutting down and abandoning module WindowsNoEditorTargetPlatform (25)
[2015.12.23-18.46.05:592][848]LogModuleManager: Shutting down and abandoning module WindowsClientTargetPlatform (24)
[2015.12.23-18.46.05:592][848]LogModuleManager: Shutting down and abandoning module AllDesktopTargetPlatform (23)
[2015.12.23-18.46.05:592][848]LogModuleManager: Shutting down and abandoning module TargetPlatform (22)
[2015.12.23-18.46.05:592][848]LogModuleManager: Shutting down and abandoning module InputCore (21)
[2015.12.23-18.46.05:592][848]LogModuleManager: Shutting down and abandoning module Settings (20)
[2015.12.23-18.46.05:592][848]LogModuleManager: Shutting down and abandoning module OnlineSubsystem (18)
[2015.12.23-18.46.05:592][848]LogModuleManager: Shutting down and abandoning module HTTP (17)
[2015.12.23-18.46.07:594][848]LogModuleManager: Shutting down and abandoning module XMPP (16)
[2015.12.23-18.46.07:594][848]LogModuleManager: Shutting down and abandoning module ExampleDeviceProfileSelector (15)
[2015.12.23-18.46.07:594][848]LogModuleManager: Shutting down and abandoning module TextureCompressor (14)
[2015.12.23-18.46.07:594][848]LogModuleManager: Shutting down and abandoning module ShaderCore (13)
[2015.12.23-18.46.07:594][848]LogModuleManager: Shutting down and abandoning module Landscape (12)
[2015.12.23-18.46.07:594][848]LogModuleManager: Shutting down and abandoning module SlateRHIRenderer (11)
[2015.12.23-18.46.07:596][848]LogModuleManager: Shutting down and abandoning module OpenGLDrv (10)
[2015.12.23-18.46.07:596][848]LogModuleManager: Shutting down and abandoning module D3D11RHI (9)
[2015.12.23-18.46.07:596][848]LogModuleManager: Shutting down and abandoning module AnimGraphRuntime (8)
[2015.12.23-18.46.07:596][848]LogModuleManager: Shutting down and abandoning module Renderer (7)
[2015.12.23-18.46.07:596][848]LogModuleManager: Shutting down and abandoning module Engine (6)
[2015.12.23-18.46.07:596][848]LogModuleManager: Shutting down and abandoning module CoreUObject (5)
[2015.12.23-18.46.07:596][848]LogModuleManager: Shutting down and abandoning module NetworkFile (4)
[2015.12.23-18.46.07:596][848]LogModuleManager: Shutting down and abandoning module StreamingFile (3)
[2015.12.23-18.46.07:596][848]LogModuleManager: Shutting down and abandoning module SandboxFile (2)
[2015.12.23-18.46.07:596][848]LogModuleManager: Shutting down and abandoning module PakFile (1)
[2015.12.23-18.46.07:597][848]LogExit: Exiting.
[2015.12.23-18.46.07:598][848]Log file closed, 12/23/15 13:46:07
